Sample 0:4
Sample 1:-16
Sample 2:4
Sample 3:-4
Sample 4:4
Sample 5:-4
Sample 6:-16
Sample 7:-4
Sample 8:-16
Sample 9:-4
Sample 10:-4
Sample 11:-4
Sample 12:-4
Sample 13:-4
Sample 14:-16
Sample 15:4
Sample 16:-4
Sample 17:4
Sample 18:-4
Sample 19:-4
Sample 20:-4
Sample 21:-4
Sample 22:-16
Sample 23:-4
Sample 24:-4
Sample 25:-4
Sample 26:-4
Sample 27:-16
Sample 28:-4
Sample 29:-4
Sample 30:-16
Sample 31:4
Sample 32:-4
Sample 33:-4
Sample 34:4
Sample 35:-4
Sample 36:-16
Sample 37:-4
Sample 38:-4
Sample 39:4
Sample 40:-16
Sample 41:4
Sample 42:4
Sample 43:-4
Sample 44:-4
Sample 45:-4
Sample 46:-4
Sample 47:-4
Sample 48:-4
Sample 49:-4
Sample 50:-4
Sample 51:-4
Sample 52:-4
Sample 53:-4
Sample 54:-4
Sample 55:-4
Sample 56:-4
Sample 57:-16
Sample 58:-4
Sample 59:4
Sample 60:-4
Sample 61:-4
Sample 62:-4
Sample 63:-4
Sample 64:-4
Sample 65:-4
Sample 66:-16
Sample 67:-4
Sample 68:-4
Sample 69:-4
Sample 70:-4
Sample 71:4
Sample 72:-16
Sample 73:-4
Sample 74:-4
Sample 75:4
Sample 76:4
Sample 77:-4
Sample 78:-4
Sample 79:-4
Sample 80:4
Sample 81:4
Sample 82:-4
Sample 83:4
Sample 84:-4
Sample 85:4
Sample 86:4
Sample 87:-4
Sample 88:-16
Sample 89:-4
Sample 90:-4
Sample 91:-16
Sample 92:-4
Sample 93:-4
Sample 94:-4
Sample 95:-4
Sample 96:-4
Sample 97:-4
Sample 98:-4
Sample 99:-4
Best Ham: -16
Sucess Probability: 0
Ham Average: -4.16
