Sample 0:-777
Sample 1:-735
Sample 2:-735
Sample 3:-735
Sample 4:-735
Sample 5:-777
Sample 6:-689
Sample 7:-735
Sample 8:-777
Sample 9:-735
Sample 10:-689
Sample 11:-777
Sample 12:-735
Sample 13:-735
Sample 14:-735
Sample 15:-777
Sample 16:-735
Sample 17:-735
Sample 18:-735
Sample 19:-735
Sample 20:-735
Sample 21:-735
Sample 22:-735
Sample 23:-735
Sample 24:-689
Sample 25:-735
Sample 26:-735
Sample 27:-689
Sample 28:-735
Sample 29:-735
Sample 30:-735
Sample 31:-735
Sample 32:-735
Sample 33:-777
Sample 34:-735
Sample 35:-735
Sample 36:-777
Sample 37:-735
Sample 38:53
Sample 39:-735
Sample 40:-777
Sample 41:-777
Sample 42:-735
Sample 43:-777
Sample 44:-735
Sample 45:-735
Sample 46:-777
Sample 47:-689
Sample 48:-735
Sample 49:-735
Sample 50:-735
Sample 51:-735
Sample 52:-795
Sample 53:-777
Sample 54:-735
Sample 55:-689
Sample 56:-735
Sample 57:-735
Sample 58:-735
Sample 59:-735
Sample 60:-689
Sample 61:-795
Sample 62:-689
Sample 63:-795
Sample 64:-689
Sample 65:-735
Sample 66:-689
Sample 67:-735
Sample 68:-735
Sample 69:-735
Sample 70:-689
Sample 71:-735
Sample 72:-795
Sample 73:-689
Sample 74:-735
Sample 75:-795
Sample 76:-735
Sample 77:-795
Sample 78:-795
Sample 79:-735
Sample 80:-689
Sample 81:-735
Sample 82:-689
Sample 83:-689
Sample 84:-689
Sample 85:-735
Sample 86:-795
Sample 87:-795
Sample 88:-689
Sample 89:-689
Sample 90:-735
Sample 91:-689
Sample 92:-795
Sample 93:-689
Sample 94:-795
Sample 95:-735
Sample 96:-735
Sample 97:-735
Sample 98:-689
Sample 99:-735
Best Ham: -795
Sucess Probability: 99
Ham Average: -729.1
