Sample 0:-567
Sample 1:-621
Sample 2:-567
Sample 3:-587
Sample 4:-567
Sample 5:-601
Sample 6:-587
Sample 7:-567
Sample 8:-587
Sample 9:-601
Sample 10:-601
Sample 11:-587
Sample 12:-601
Sample 13:-587
Sample 14:-621
Sample 15:-621
Sample 16:-567
Sample 17:-793
Sample 18:-845
Sample 19:-793
Sample 20:-793
Sample 21:-845
Sample 22:-807
Sample 23:-793
Sample 24:-845
Sample 25:-793
Sample 26:-845
Sample 27:-793
Sample 28:-807
Sample 29:-845
Sample 30:-807
Sample 31:-845
Sample 32:-793
Sample 33:-845
Sample 34:-845
Sample 35:-793
Sample 36:-845
Sample 37:-845
Sample 38:-793
Sample 39:-845
Sample 40:-807
Sample 41:-845
Sample 42:-793
Sample 43:-845
Sample 44:-845
Sample 45:-793
Sample 46:-807
Sample 47:-807
Sample 48:-807
Sample 49:-807
Sample 50:-767
Sample 51:-767
Sample 52:-767
Sample 53:-767
Sample 54:-767
Sample 55:-767
Sample 56:-767
Sample 57:-767
Sample 58:-767
Sample 59:-767
Sample 60:-767
Sample 61:-767
Sample 62:-767
Sample 63:-767
Sample 64:-767
Sample 65:-767
Sample 66:-767
Sample 67:-767
Sample 68:-767
Sample 69:-767
Sample 70:-767
Sample 71:-767
Sample 72:-767
Sample 73:-767
Sample 74:-767
Sample 75:-767
Sample 76:-767
Sample 77:-767
Sample 78:-767
Sample 79:-767
Sample 80:-767
Sample 81:-767
Sample 82:-767
Sample 83:-767
Sample 84:47
Sample 85:-767
Sample 86:-767
Sample 87:-767
Sample 88:-767
Sample 89:-767
Sample 90:-767
Sample 91:-767
Sample 92:-767
Sample 93:-767
Sample 94:-767
Sample 95:-767
Sample 96:-767
Sample 97:-767
Sample 98:-767
Sample 99:-767
Best Ham: -845
Sucess Probability: 99
Ham Average: -745.82
