Sample 0:-10
Sample 1:-128
Sample 2:-168
Sample 3:-146
Sample 4:-144
Sample 5:-60
Sample 6:-106
Sample 7:-140
Sample 8:-158
Sample 9:-182
Sample 10:-152
Sample 11:-110
Sample 12:-62
Sample 13:-116
Sample 14:-166
Sample 15:-142
Sample 16:-150
Sample 17:-142
Sample 18:-102
Sample 19:-172
Sample 20:-32
Sample 21:-68
Sample 22:-152
Sample 23:-114
Sample 24:-88
Sample 25:-186
Sample 26:-106
Sample 27:-116
Sample 28:-36
Sample 29:-90
Sample 30:-144
Sample 31:-116
Sample 32:-134
Sample 33:-106
Sample 34:-162
Sample 35:-58
Sample 36:-116
Sample 37:-116
Sample 38:-154
Sample 39:-136
Sample 40:-78
Sample 41:-24
Sample 42:-60
Sample 43:-154
Sample 44:-150
Sample 45:-140
Sample 46:-22
Sample 47:-90
Sample 48:-82
Sample 49:-150
Sample 50:-116
Sample 51:-98
Sample 52:-126
Sample 53:-166
Sample 54:-24
Sample 55:74
Sample 56:-158
Sample 57:-102
Sample 58:-90
Sample 59:2
Sample 60:-144
Sample 61:-180
Sample 62:-142
Sample 63:-104
Sample 64:-176
Sample 65:-36
Sample 66:-96
Sample 67:-106
Sample 68:-132
Sample 69:-98
Sample 70:-20
Sample 71:-118
Sample 72:-114
Sample 73:-84
Sample 74:-36
Sample 75:-152
Sample 76:-126
Sample 77:-92
Sample 78:-24
Sample 79:-138
Sample 80:-28
Sample 81:-154
Sample 82:-154
Sample 83:-90
Sample 84:46
Sample 85:-150
Sample 86:-52
Sample 87:-176
Sample 88:-140
Sample 89:-152
Sample 90:-156
Sample 91:-146
Sample 92:-38
Sample 93:-128
Sample 94:-126
Sample 95:-90
Sample 96:-96
Sample 97:-88
Sample 98:-106
Sample 99:-152
Best Ham: -186
Sucess Probability: 26
Ham Average: -108.34
