Sample 0:-605
Sample 1:-531
Sample 2:-443
Sample 3:-495
Sample 4:-747
Sample 5:-781
Sample 6:-635
Sample 7:-627
Sample 8:-727
Sample 9:-611
Sample 10:-747
Sample 11:-755
Sample 12:-747
Sample 13:-555
Sample 14:-275
Sample 15:-791
Sample 16:-605
Sample 17:-611
Sample 18:-381
Sample 19:-269
Sample 20:-591
Sample 21:-495
Sample 22:-689
Sample 23:-681
Sample 24:-755
Sample 25:-727
Sample 26:-605
Sample 27:-611
Sample 28:-611
Sample 29:-781
Sample 30:-611
Sample 31:-361
Sample 32:-495
Sample 33:-781
Sample 34:-791
Sample 35:-781
Sample 36:-781
Sample 37:-771
Sample 38:-781
Sample 39:-495
Sample 40:-727
Sample 41:-755
Sample 42:139
Sample 43:-689
Sample 44:-611
Sample 45:-791
Sample 46:-363
Sample 47:-633
Sample 48:-755
Sample 49:-495
Sample 50:-669
Sample 51:-611
Sample 52:-483
Sample 53:-635
Sample 54:-747
Sample 55:-517
Sample 56:-635
Sample 57:-611
Sample 58:-611
Sample 59:-495
Sample 60:-611
Sample 61:-755
Sample 62:-781
Sample 63:-791
Sample 64:-881
Sample 65:-611
Sample 66:-791
Sample 67:-531
Sample 68:-269
Sample 69:-701
Sample 70:-611
Sample 71:-249
Sample 72:-611
Sample 73:-611
Sample 74:-323
Sample 75:-313
Sample 76:-511
Sample 77:-669
Sample 78:-635
Sample 79:-771
Sample 80:-627
Sample 81:-591
Sample 82:-395
Sample 83:-311
Sample 84:-605
Sample 85:-881
Sample 86:-611
Sample 87:-747
Sample 88:-781
Sample 89:-555
Sample 90:-365
Sample 91:-249
Sample 92:-381
Sample 93:-701
Sample 94:-517
Sample 95:-755
Sample 96:-781
Sample 97:-633
Sample 98:-483
Sample 99:-747
Best Ham: -881
Sucess Probability: 99
Ham Average: -605.68
