Sample 0:-117
Sample 1:-133
Sample 2:-55
Sample 3:-183
Sample 4:-133
Sample 5:31
Sample 6:-133
Sample 7:-183
Sample 8:-183
Sample 9:-183
Sample 10:-51
Sample 11:-97
Sample 12:-75
Sample 13:-133
Sample 14:-133
Sample 15:-133
Sample 16:-133
Sample 17:-31
Sample 18:-183
Sample 19:-133
Sample 20:-133
Sample 21:-187
Sample 22:-183
Sample 23:-181
Sample 24:-183
Sample 25:-133
Sample 26:-183
Sample 27:-133
Sample 28:-133
Sample 29:-133
Sample 30:-133
Sample 31:-117
Sample 32:-133
Sample 33:-181
Sample 34:-187
Sample 35:-21
Sample 36:-181
Sample 37:-133
Sample 38:39
Sample 39:-133
Sample 40:-133
Sample 41:-133
Sample 42:19
Sample 43:-133
Sample 44:-133
Sample 45:-183
Sample 46:-183
Sample 47:-187
Sample 48:-183
Sample 49:-183
Sample 50:-181
Sample 51:-133
Sample 52:-133
Sample 53:-187
Sample 54:-133
Sample 55:-181
Sample 56:-133
Sample 57:-31
Sample 58:-23
Sample 59:-183
Sample 60:-183
Sample 61:-87
Sample 62:-133
Sample 63:-133
Sample 64:31
Sample 65:-133
Sample 66:-21
Sample 67:17
Sample 68:-133
Sample 69:19
Sample 70:-133
Sample 71:5
Sample 72:-183
Sample 73:-133
Sample 74:-133
Sample 75:-183
Sample 76:-181
Sample 77:-133
Sample 78:-133
Sample 79:-133
Sample 80:-133
Sample 81:-183
Sample 82:31
Sample 83:-183
Sample 84:-183
Sample 85:-183
Sample 86:-183
Sample 87:-133
Sample 88:-133
Sample 89:-133
Sample 90:-55
Sample 91:-133
Sample 92:-183
Sample 93:-183
Sample 94:-183
Sample 95:-181
Sample 96:-97
Sample 97:-97
Sample 98:-183
Sample 99:-133
Best Ham: -187
Sucess Probability: 36
Ham Average: -128.26
