[[1 0 0 ... 0 0 7]
 [1 0 0 ... 0 7 0]
 [1 0 0 ... 7 0 0]
 ...
 [1 0 7 ... 0 0 0]
 [1 7 0 ... 0 0 0]
 [7 1 1 ... 1 1 1]]
0
test

{(1, 23): -1, (1, 21): -11, (1, 20): -5, (1, 15): -14, (1, 14): 6, (1, 13): -14, (1, 12): 3, (1, 10): -4, (1, 9): 10, (1, 8): 6, (1, 5): 12, (1, 4): 6, (1, 3): 3, (2, 23): 7, (2, 22): 6, (2, 20): -7, (2, 18): -4, (2, 16): -8, (2, 7): -11, (2, 5): -10, (2, 4): -11, (3, 23): -2, (3, 21): -7, (3, 17): -4, (3, 15): -13, (3, 14): 5, (3, 13): -10, (3, 11): -11, (3, 7): -3, (3, 4): 8, (4, 23): -6, (4, 22): -8, (4, 21): -12, (4, 20): -9, (4, 18): -6, (4, 16): -9, (4, 15): -13, (4, 13): 5, (4, 12): -7, (4, 9): 1, (4, 8): -3, (4, 6): 14, (4, 5): 2, (5, 23): -11, (5, 18): 4, (5, 16): -13, (5, 15): 9, (5, 14): 2, (5, 11): 9, (5, 8): -14, (5, 6): -7, (6, 23): -13, (6, 21): 5, (6, 17): 7, (6, 16): 4, (6, 15): 12, (6, 14): 9, (6, 13): -5, (6, 12): 10, (6, 11): -9, (6, 9): 9, (6, 8): -8, (6, 7): -6, (7, 23): -13, (7, 22): 14, (7, 21): 2, (7, 19): -7, (7, 18): -12, (7, 17): -13, (7, 16): 13, (7, 14): 4, (7, 13): -10, (7, 9): 3, (8, 23): -10, (8, 20): -9, (8, 18): -2, (8, 17): -5, (8, 14): 9, (8, 12): 10, (8, 10): -9, (9, 23): -6, (9, 22): 2, (9, 17): -7, (9, 11): 6, (9, 10): -5, (10, 21): -2, (10, 19): -12, (10, 18): 13, (10, 17): -3, (10, 14): -8, (10, 12): -10, (11, 20): 7, (11, 19): 1, (11, 16): -1, (11, 15): 14, (11, 13): 13, (12, 22): -3, (12, 21): 4, (12, 19): -12, (12, 18): 1, (12, 15): -14, (12, 13): -3, (13, 23): -5, (13, 22): -5, (13, 21): 12, (13, 19): 3, (13, 15): 6, (13, 14): -7, (14, 23): 12, (14, 22): -12, (14, 21): 5, (14, 15): -1, (15, 23): 9, (15, 21): 13, (15, 20): 1, (15, 19): 13, (15, 16): 9, (16, 22): -3, (16, 21): -7, (16, 20): -11, (16, 18): 8, (17, 21): -12, (17, 20): -10, (17, 19): 1, (18, 20): 5, (18, 19): 14, (19, 20): 12}
test1

{}
   1 23 21 20 15 14 13 12 10  9  8  5  4  3  2 22 18 16 ... 19 energy num_oc.
0 -1 +1 +1 +1 -1 -1 -1 -1 -1 +1 +1 +1 +1 +1 +1 -1 +1 +1 ... -1 -447.0      24
1 +1 -1 -1 -1 +1 +1 +1 +1 +1 -1 -1 -1 -1 -1 -1 +1 -1 -1 ... +1 -447.0      10
2 -1 -1 -1 -1 +1 +1 -1 +1 +1 +1 -1 -1 +1 -1 -1 +1 -1 -1 ... +1 -427.0       1
3 -1 +1 -1 -1 -1 -1 +1 -1 -1 -1 +1 +1 -1 +1 -1 -1 +1 -1 ... -1 -421.0      19
4 +1 -1 +1 +1 +1 +1 -1 +1 +1 +1 -1 -1 +1 -1 +1 +1 -1 +1 ... +1 -421.0      18
['SPIN', 5 rows, 72 samples, 23 variables]
energies=[-447.0, -447.0, -427.0, -421.0, -421.0]
