Sample 0:-16
Sample 1:-12
Sample 2:-38
Sample 3:6
Sample 4:-30
Sample 5:-52
Sample 6:6
Sample 7:-34
Sample 8:-52
Sample 9:-34
Sample 10:-34
Sample 11:6
Sample 12:-12
Sample 13:-16
Sample 14:-16
Sample 15:-34
Sample 16:-34
Sample 17:-30
Sample 18:-52
Sample 19:-30
Sample 20:-16
Sample 21:-34
Sample 22:-12
Sample 23:-16
Sample 24:-16
Sample 25:-16
Sample 26:6
Sample 27:-34
Sample 28:-30
Sample 29:6
Sample 30:-12
Sample 31:24
Sample 32:-12
Sample 33:6
Sample 34:-16
Sample 35:-38
Sample 36:-30
Sample 37:2
Sample 38:-34
Sample 39:-34
Sample 40:-34
Sample 41:6
Sample 42:-38
Sample 43:-16
Sample 44:-34
Sample 45:-16
Sample 46:-34
Sample 47:-34
Sample 48:-38
Sample 49:-52
Sample 50:-16
Sample 51:-38
Sample 52:-16
Sample 53:-38
Sample 54:-52
Sample 55:-34
Sample 56:-12
Sample 57:6
Sample 58:-16
Sample 59:-30
Sample 60:-52
Sample 61:-16
Sample 62:-38
Sample 63:-34
Sample 64:6
Sample 65:-34
Sample 66:-16
Sample 67:-12
Sample 68:-52
Sample 69:24
Sample 70:-52
Sample 71:-34
Sample 72:-52
Sample 73:-12
Sample 74:6
Sample 75:-16
Sample 76:-12
Sample 77:-12
Sample 78:-38
Sample 79:-52
Sample 80:-52
Sample 81:-34
Sample 82:-52
Sample 83:-52
Sample 84:-16
Sample 85:6
Sample 86:-16
Sample 87:-12
Sample 88:-16
Sample 89:-12
Sample 90:-16
Sample 91:2
Sample 92:6
Sample 93:-52
Sample 94:-16
Sample 95:-52
Sample 96:-16
Sample 97:-16
Sample 98:-12
Sample 99:-30
Best Ham: -52
Sucess Probability: 0
Ham Average: -23.06
