Sample 0:-919
Sample 1:-919
Sample 2:-919
Sample 3:-919
Sample 4:-919
Sample 5:-919
Sample 6:-919
Sample 7:-919
Sample 8:-919
Sample 9:-919
Sample 10:-919
Sample 11:-919
Sample 12:-919
Sample 13:-919
Sample 14:-919
Sample 15:-919
Sample 16:-919
Sample 17:-919
Sample 18:-919
Sample 19:-919
Sample 20:-919
Sample 21:179
Sample 22:-919
Sample 23:-919
Sample 24:-919
Sample 25:-919
Sample 26:-919
Sample 27:-919
Sample 28:-919
Sample 29:-919
Sample 30:-919
Sample 31:-919
Sample 32:-919
Sample 33:-919
Sample 34:-919
Sample 35:-919
Sample 36:-919
Sample 37:-919
Sample 38:-919
Sample 39:-919
Sample 40:-919
Sample 41:-919
Sample 42:-919
Sample 43:-919
Sample 44:-919
Sample 45:-919
Sample 46:-919
Sample 47:-919
Sample 48:-919
Sample 49:-919
Sample 50:-919
Sample 51:-919
Sample 52:-919
Sample 53:-919
Sample 54:-919
Sample 55:-919
Sample 56:-919
Sample 57:-919
Sample 58:-919
Sample 59:-919
Sample 60:-919
Sample 61:-919
Sample 62:-919
Sample 63:-919
Sample 64:-919
Sample 65:-919
Sample 66:-919
Sample 67:-919
Sample 68:-919
Sample 69:-919
Sample 70:-919
Sample 71:-919
Sample 72:-919
Sample 73:-919
Sample 74:-919
Sample 75:-919
Sample 76:-919
Sample 77:-919
Sample 78:-919
Sample 79:-919
Sample 80:-919
Sample 81:-919
Sample 82:-919
Sample 83:-919
Sample 84:-919
Sample 85:-919
Sample 86:-919
Sample 87:-919
Sample 88:-919
Sample 89:-919
Sample 90:-919
Sample 91:-919
Sample 92:-919
Sample 93:-919
Sample 94:-919
Sample 95:-919
Sample 96:-919
Sample 97:-919
Sample 98:-919
Sample 99:-919
Best Ham: -919
Sucess Probability: 99
Ham Average: -908.02
