Sample 0:-254
Sample 1:-316
Sample 2:-368
Sample 3:-470
Sample 4:-428
Sample 5:-318
Sample 6:-314
Sample 7:-364
Sample 8:-180
Sample 9:-84
Sample 10:-370
Sample 11:-286
Sample 12:-176
Sample 13:-356
Sample 14:-250
Sample 15:-312
Sample 16:-266
Sample 17:-320
Sample 18:-294
Sample 19:-302
Sample 20:-486
Sample 21:-294
Sample 22:-462
Sample 23:-402
Sample 24:-260
Sample 25:-236
Sample 26:-298
Sample 27:-424
Sample 28:-386
Sample 29:-396
Sample 30:-236
Sample 31:-202
Sample 32:-172
Sample 33:-156
Sample 34:-288
Sample 35:-296
Sample 36:-308
Sample 37:-168
Sample 38:-290
Sample 39:-432
Sample 40:-248
Sample 41:-338
Sample 42:-216
Sample 43:-318
Sample 44:-210
Sample 45:-496
Sample 46:-284
Sample 47:-314
Sample 48:-394
Sample 49:-280
Sample 50:-524
Sample 51:-314
Sample 52:-300
Sample 53:-496
Sample 54:-340
Sample 55:-284
Sample 56:-294
Sample 57:-260
Sample 58:-344
Sample 59:-290
Sample 60:-348
Sample 61:-312
Sample 62:-406
Sample 63:-358
Sample 64:-260
Sample 65:42
Sample 66:-354
Sample 67:-470
Sample 68:-134
Sample 69:-426
Sample 70:-178
Sample 71:-332
Sample 72:-304
Sample 73:-348
Sample 74:-442
Sample 75:-286
Sample 76:-210
Sample 77:-370
Sample 78:-400
Sample 79:-466
Sample 80:-314
Sample 81:-494
Sample 82:-246
Sample 83:-378
Sample 84:-328
Sample 85:-282
Sample 86:-406
Sample 87:-286
Sample 88:-408
Sample 89:-270
Sample 90:-508
Sample 91:-408
Sample 92:-342
Sample 93:-258
Sample 94:-356
Sample 95:-456
Sample 96:-354
Sample 97:-418
Sample 98:-362
Sample 99:-378
Best Ham: -524
Sucess Probability: 97
Ham Average: -323.78
