Sample 0:-313
Sample 1:-109
Sample 2:-45
Sample 3:-313
Sample 4:-313
Sample 5:-313
Sample 6:-69
Sample 7:-225
Sample 8:-225
Sample 9:-313
Sample 10:-313
Sample 11:-45
Sample 12:-125
Sample 13:-313
Sample 14:-125
Sample 15:-225
Sample 16:21
Sample 17:-313
Sample 18:-109
Sample 19:-313
Sample 20:-313
Sample 21:-225
Sample 22:-225
Sample 23:-313
Sample 24:-313
Sample 25:-313
Sample 26:-23
Sample 27:-155
Sample 28:-225
Sample 29:-43
Sample 30:-155
Sample 31:-313
Sample 32:-45
Sample 33:-225
Sample 34:-313
Sample 35:-313
Sample 36:-225
Sample 37:-313
Sample 38:-313
Sample 39:-225
Sample 40:-313
Sample 41:-257
Sample 42:-225
Sample 43:-197
Sample 44:-257
Sample 45:-313
Sample 46:-313
Sample 47:-313
Sample 48:-125
Sample 49:-313
Sample 50:-225
Sample 51:-225
Sample 52:-313
Sample 53:-61
Sample 54:-313
Sample 55:-225
Sample 56:-313
Sample 57:-45
Sample 58:-313
Sample 59:-313
Sample 60:-45
Sample 61:-313
Sample 62:-225
Sample 63:-225
Sample 64:-225
Sample 65:-313
Sample 66:-313
Sample 67:-313
Sample 68:-225
Sample 69:-313
Sample 70:-313
Sample 71:-225
Sample 72:-125
Sample 73:-125
Sample 74:-313
Sample 75:-197
Sample 76:-313
Sample 77:-313
Sample 78:-313
Sample 79:-313
Sample 80:-313
Sample 81:-313
Sample 82:-225
Sample 83:-313
Sample 84:-153
Sample 85:-197
Sample 86:-313
Sample 87:-225
Sample 88:-313
Sample 89:-1
Sample 90:-43
Sample 91:-225
Sample 92:-225
Sample 93:-313
Sample 94:-225
Sample 95:-313
Sample 96:-313
Sample 97:-313
Sample 98:-313
Sample 99:-313
Best Ham: -313
Sucess Probability: 81
Ham Average: -236.8
