Sample 0:-351
Sample 1:-349
Sample 2:-355
Sample 3:-351
Sample 4:-353
Sample 5:-351
Sample 6:-351
Sample 7:-353
Sample 8:-355
Sample 9:-349
Sample 10:-355
Sample 11:-353
Sample 12:-355
Sample 13:-355
Sample 14:-353
Sample 15:-351
Sample 16:-225
Sample 17:-353
Sample 18:-355
Sample 19:-351
Sample 20:-349
Sample 21:-351
Sample 22:-363
Sample 23:-351
Sample 24:-351
Sample 25:-351
Sample 26:-349
Sample 27:-351
Sample 28:-349
Sample 29:-355
Sample 30:-351
Sample 31:-355
Sample 32:-355
Sample 33:-349
Sample 34:-245
Sample 35:-355
Sample 36:-351
Sample 37:-355
Sample 38:-349
Sample 39:-353
Sample 40:-355
Sample 41:-355
Sample 42:-353
Sample 43:-351
Sample 44:-351
Sample 45:-351
Sample 46:-355
Sample 47:-355
Sample 48:-355
Sample 49:-351
Sample 50:-351
Sample 51:-349
Sample 52:-349
Sample 53:-349
Sample 54:-345
Sample 55:-353
Sample 56:-349
Sample 57:-353
Sample 58:-353
Sample 59:-349
Sample 60:-351
Sample 61:-349
Sample 62:-349
Sample 63:-353
Sample 64:-353
Sample 65:-117
Sample 66:-351
Sample 67:-357
Sample 68:-173
Sample 69:-351
Sample 70:-355
Sample 71:-355
Sample 72:23
Sample 73:-351
Sample 74:-355
Sample 75:-351
Sample 76:-353
Sample 77:-351
Sample 78:-343
Sample 79:-353
Sample 80:-355
Sample 81:-355
Sample 82:-215
Sample 83:-355
Sample 84:-355
Sample 85:81
Sample 86:-355
Sample 87:-353
Sample 88:-351
Sample 89:-349
Sample 90:-249
Sample 91:-353
Sample 92:-353
Sample 93:-349
Sample 94:-355
Sample 95:-351
Sample 96:-355
Sample 97:-343
Sample 98:-355
Sample 99:-349
Best Ham: -363
Sucess Probability: 97
Ham Average: -335.16
