Sample 0:-114
Sample 1:-114
Sample 2:-84
Sample 3:-114
Sample 4:-114
Sample 5:-114
Sample 6:-84
Sample 7:-78
Sample 8:-88
Sample 9:-108
Sample 10:-86
Sample 11:-88
Sample 12:-86
Sample 13:-104
Sample 14:-114
Sample 15:-114
Sample 16:-104
Sample 17:-114
Sample 18:-114
Sample 19:-78
Sample 20:-114
Sample 21:-86
Sample 22:-114
Sample 23:-114
Sample 24:-74
Sample 25:-88
Sample 26:-86
Sample 27:-78
Sample 28:-88
Sample 29:-88
Sample 30:-114
Sample 31:-88
Sample 32:-78
Sample 33:-86
Sample 34:-88
Sample 35:-86
Sample 36:-74
Sample 37:-88
Sample 38:-48
Sample 39:-62
Sample 40:-114
Sample 41:-56
Sample 42:-88
Sample 43:-114
Sample 44:-74
Sample 45:-114
Sample 46:-114
Sample 47:-114
Sample 48:-88
Sample 49:-104
Sample 50:-80
Sample 51:-74
Sample 52:62
Sample 53:-28
Sample 54:-88
Sample 55:-88
Sample 56:-88
Sample 57:-112
Sample 58:-74
Sample 59:-74
Sample 60:-114
Sample 61:-56
Sample 62:-104
Sample 63:-48
Sample 64:-114
Sample 65:-88
Sample 66:-88
Sample 67:-30
Sample 68:-88
Sample 69:-88
Sample 70:-114
Sample 71:-114
Sample 72:12
Sample 73:-108
Sample 74:62
Sample 75:-114
Sample 76:-108
Sample 77:-114
Sample 78:-114
Sample 79:-88
Sample 80:32
Sample 81:-88
Sample 82:-84
Sample 83:-114
Sample 84:-88
Sample 85:-84
Sample 86:-86
Sample 87:-78
Sample 88:-108
Sample 89:-114
Sample 90:-48
Sample 91:-86
Sample 92:-30
Sample 93:-108
Sample 94:-114
Sample 95:-56
Sample 96:-108
Sample 97:-78
Sample 98:-78
Sample 99:-114
Best Ham: -114
Sucess Probability: 0
Ham Average: -86.3
