Sample 0:-1567
Sample 1:-1567
Sample 2:-1567
Sample 3:-1567
Sample 4:-1567
Sample 5:-1567
Sample 6:-1567
Sample 7:-1567
Sample 8:-1567
Sample 9:-1567
Sample 10:-1567
Sample 11:-1567
Sample 12:-1567
Sample 13:-1487
Sample 14:-1567
Sample 15:-1567
Sample 16:-1567
Sample 17:-1567
Sample 18:-1567
Sample 19:-1567
Sample 20:-1567
Sample 21:-1567
Sample 22:-1567
Sample 23:-1567
Sample 24:-1567
Sample 25:-1567
Sample 26:-1567
Sample 27:-1567
Sample 28:-1567
Sample 29:-1567
Sample 30:-1567
Sample 31:-1567
Sample 32:-1567
Sample 33:-1567
Sample 34:-1567
Sample 35:-1567
Sample 36:-1567
Sample 37:-1567
Sample 38:-1567
Sample 39:-1303
Sample 40:-1303
Sample 41:-1303
Sample 42:-1589
Sample 43:-1531
Sample 44:-1589
Sample 45:-1589
Sample 46:-1531
Sample 47:-1589
Sample 48:43
Sample 49:-1531
Sample 50:-1589
Sample 51:-1589
Sample 52:-1531
Sample 53:-1589
Sample 54:-1531
Sample 55:-1531
Sample 56:-1531
Sample 57:-1531
Sample 58:-1531
Sample 59:-1589
Sample 60:-1531
Sample 61:-1531
Sample 62:-1531
Sample 63:-1531
Sample 64:-1531
Sample 65:-1589
Sample 66:-1531
Sample 67:-1531
Sample 68:-1589
Sample 69:-1531
Sample 70:-1531
Sample 71:-1589
Sample 72:-1589
Sample 73:-1589
Sample 74:-1531
Sample 75:-1531
Sample 76:-1531
Sample 77:-1531
Sample 78:-1531
Sample 79:-1531
Sample 80:-1531
Sample 81:-1531
Sample 82:-1531
Sample 83:-1531
Sample 84:-1589
Sample 85:-1531
Sample 86:-1531
Sample 87:-1531
Sample 88:-1531
Sample 89:-1589
Sample 90:-1531
Sample 91:-1531
Sample 92:-1531
Sample 93:-1531
Sample 94:-1531
Sample 95:-1531
Sample 96:-1531
Sample 97:-1589
Sample 98:-1531
Sample 99:-1531
Best Ham: -1589
Sucess Probability: 99
Ham Average: -1530.94
