Sample 0:-1084
Sample 1:-1084
Sample 2:-1084
Sample 3:-1084
Sample 4:-1050
Sample 5:-1050
Sample 6:-1084
Sample 7:-1050
Sample 8:-1050
Sample 9:-1084
Sample 10:-1084
Sample 11:-1084
Sample 12:-1084
Sample 13:-1084
Sample 14:-1084
Sample 15:-1084
Sample 16:-1050
Sample 17:-1050
Sample 18:-1084
Sample 19:-1084
Sample 20:-1084
Sample 21:-1050
Sample 22:-1084
Sample 23:-1084
Sample 24:-1084
Sample 25:-1050
Sample 26:-1050
Sample 27:-1050
Sample 28:-1084
Sample 29:-1084
Sample 30:-1084
Sample 31:-1050
Sample 32:-1050
Sample 33:-1050
Sample 34:-1050
Sample 35:-1084
Sample 36:-1084
Sample 37:-1050
Sample 38:-1050
Sample 39:-1084
Sample 40:-1084
Sample 41:-1050
Sample 42:-1050
Sample 43:-1050
Sample 44:-1050
Sample 45:-1084
Sample 46:-1050
Sample 47:-1050
Sample 48:-1050
Sample 49:-1050
Sample 50:-1084
Sample 51:-1050
Sample 52:-1084
Sample 53:-1050
Sample 54:-1084
Sample 55:-1084
Sample 56:-1084
Sample 57:-1050
Sample 58:-1084
Sample 59:-1050
Sample 60:-1050
Sample 61:-1084
Sample 62:-1050
Sample 63:-1084
Sample 64:-1050
Sample 65:-1050
Sample 66:-1084
Sample 67:-1084
Sample 68:-1084
Sample 69:-1084
Sample 70:-1050
Sample 71:-1084
Sample 72:-1050
Sample 73:-1084
Sample 74:-1050
Sample 75:-1050
Sample 76:-1084
Sample 77:-1050
Sample 78:-1050
Sample 79:-1084
Sample 80:-1084
Sample 81:-1050
Sample 82:-1050
Sample 83:-1084
Sample 84:-1084
Sample 85:-1084
Sample 86:-1050
Sample 87:-1084
Sample 88:-1050
Sample 89:-1050
Sample 90:-1050
Sample 91:-1050
Sample 92:-1084
Sample 93:-1084
Sample 94:-1084
Sample 95:-1050
Sample 96:-1050
Sample 97:-1084
Sample 98:374
Sample 99:-1084
Best Ham: -1084
Sucess Probability: 99
Ham Average: -1053.44
