Sample 0:-237
Sample 1:-155
Sample 2:-229
Sample 3:-251
Sample 4:-155
Sample 5:-171
Sample 6:-235
Sample 7:-185
Sample 8:-117
Sample 9:-93
Sample 10:-181
Sample 11:-209
Sample 12:-189
Sample 13:-253
Sample 14:-185
Sample 15:77
Sample 16:-269
Sample 17:-227
Sample 18:-201
Sample 19:-285
Sample 20:-155
Sample 21:-231
Sample 22:-193
Sample 23:-133
Sample 24:-225
Sample 25:-125
Sample 26:-165
Sample 27:-185
Sample 28:-279
Sample 29:-227
Sample 30:-181
Sample 31:55
Sample 32:-85
Sample 33:-185
Sample 34:-125
Sample 35:-93
Sample 36:-171
Sample 37:-39
Sample 38:-269
Sample 39:-193
Sample 40:-255
Sample 41:-77
Sample 42:-205
Sample 43:-149
Sample 44:-207
Sample 45:-241
Sample 46:5
Sample 47:-263
Sample 48:-133
Sample 49:-147
Sample 50:-175
Sample 51:-151
Sample 52:-201
Sample 53:-113
Sample 54:-173
Sample 55:-181
Sample 56:-181
Sample 57:-189
Sample 58:-205
Sample 59:-69
Sample 60:-7
Sample 61:-201
Sample 62:-213
Sample 63:-267
Sample 64:-167
Sample 65:-141
Sample 66:-209
Sample 67:-165
Sample 68:-139
Sample 69:-159
Sample 70:-33
Sample 71:-287
Sample 72:-223
Sample 73:-157
Sample 74:-245
Sample 75:-139
Sample 76:-151
Sample 77:-173
Sample 78:-217
Sample 79:-267
Sample 80:41
Sample 81:-117
Sample 82:-247
Sample 83:-211
Sample 84:-163
Sample 85:-229
Sample 86:-185
Sample 87:-209
Sample 88:-113
Sample 89:-161
Sample 90:-211
Sample 91:-199
Sample 92:-137
Sample 93:-231
Sample 94:-243
Sample 95:-181
Sample 96:-259
Sample 97:-185
Sample 98:-221
Sample 99:-255
Best Ham: -287
Sucess Probability: 75
Ham Average: -175.4
