Sample 0:-167
Sample 1:-167
Sample 2:-203
Sample 3:-189
Sample 4:-127
Sample 5:-169
Sample 6:-151
Sample 7:-125
Sample 8:-203
Sample 9:-241
Sample 10:-169
Sample 11:-169
Sample 12:-139
Sample 13:-163
Sample 14:-169
Sample 15:-97
Sample 16:-153
Sample 17:-163
Sample 18:-211
Sample 19:-203
Sample 20:-157
Sample 21:-203
Sample 22:-71
Sample 23:-169
Sample 24:-107
Sample 25:-151
Sample 26:-203
Sample 27:-167
Sample 28:-241
Sample 29:-123
Sample 30:-169
Sample 31:-169
Sample 32:-189
Sample 33:-87
Sample 34:-153
Sample 35:-157
Sample 36:-205
Sample 37:-203
Sample 38:-145
Sample 39:-137
Sample 40:-169
Sample 41:-125
Sample 42:-181
Sample 43:-151
Sample 44:-203
Sample 45:-203
Sample 46:81
Sample 47:-169
Sample 48:-169
Sample 49:-203
Sample 50:-203
Sample 51:-203
Sample 52:-167
Sample 53:-137
Sample 54:-169
Sample 55:-77
Sample 56:-169
Sample 57:-131
Sample 58:-203
Sample 59:-167
Sample 60:-217
Sample 61:-169
Sample 62:-203
Sample 63:-203
Sample 64:-23
Sample 65:-175
Sample 66:-105
Sample 67:-153
Sample 68:-151
Sample 69:-231
Sample 70:-169
Sample 71:-203
Sample 72:-167
Sample 73:-205
Sample 74:-203
Sample 75:-141
Sample 76:-203
Sample 77:-203
Sample 78:-163
Sample 79:-139
Sample 80:-169
Sample 81:-169
Sample 82:-131
Sample 83:-169
Sample 84:-175
Sample 85:-183
Sample 86:-203
Sample 87:-167
Sample 88:-167
Sample 89:-97
Sample 90:-241
Sample 91:-153
Sample 92:-107
Sample 93:-17
Sample 94:-123
Sample 95:-189
Sample 96:-167
Sample 97:-203
Sample 98:-127
Sample 99:-167
Best Ham: -241
Sucess Probability: 75
Ham Average: -162.52
