Sample 0:-190
Sample 1:-190
Sample 2:-190
Sample 3:-190
Sample 4:-190
Sample 5:-190
Sample 6:-190
Sample 7:-192
Sample 8:-190
Sample 9:-88
Sample 10:-206
Sample 11:-190
Sample 12:-178
Sample 13:-130
Sample 14:-178
Sample 15:-192
Sample 16:-128
Sample 17:-160
Sample 18:-166
Sample 19:-46
Sample 20:-216
Sample 21:-86
Sample 22:-138
Sample 23:-192
Sample 24:-172
Sample 25:-192
Sample 26:-190
Sample 27:-160
Sample 28:-190
Sample 29:-178
Sample 30:-190
Sample 31:-166
Sample 32:-216
Sample 33:-166
Sample 34:-192
Sample 35:-190
Sample 36:-186
Sample 37:-110
Sample 38:-186
Sample 39:-160
Sample 40:-126
Sample 41:-190
Sample 42:-190
Sample 43:-190
Sample 44:-190
Sample 45:-190
Sample 46:-190
Sample 47:-216
Sample 48:-178
Sample 49:-190
Sample 50:-146
Sample 51:-168
Sample 52:-216
Sample 53:-146
Sample 54:-46
Sample 55:-216
Sample 56:-206
Sample 57:-166
Sample 58:-178
Sample 59:-208
Sample 60:-216
Sample 61:-166
Sample 62:-174
Sample 63:-192
Sample 64:-216
Sample 65:-178
Sample 66:-216
Sample 67:-178
Sample 68:-216
Sample 69:-182
Sample 70:-146
Sample 71:-146
Sample 72:-216
Sample 73:-216
Sample 74:-190
Sample 75:-172
Sample 76:-190
Sample 77:-216
Sample 78:-130
Sample 79:-216
Sample 80:-216
Sample 81:-172
Sample 82:-160
Sample 83:-108
Sample 84:-190
Sample 85:-192
Sample 86:-216
Sample 87:-216
Sample 88:-216
Sample 89:-158
Sample 90:-166
Sample 91:-216
Sample 92:-166
Sample 93:-186
Sample 94:-72
Sample 95:-190
Sample 96:-160
Sample 97:18
Sample 98:-192
Sample 99:-190
Best Ham: -216
Sucess Probability: 83
Ham Average: -175.32
