Sample 0:5
Sample 1:-5
Sample 2:5
Sample 3:-5
Sample 4:5
Sample 5:-5
Sample 6:-5
Sample 7:-5
Sample 8:-5
Sample 9:-5
Sample 10:-5
Sample 11:-5
Sample 12:5
Sample 13:-5
Sample 14:-5
Sample 15:-5
Sample 16:-5
Sample 17:-5
Sample 18:-5
Sample 19:-5
Sample 20:-5
Sample 21:5
Sample 22:5
Sample 23:-5
Sample 24:5
Sample 25:5
Sample 26:5
Sample 27:-5
Sample 28:5
Sample 29:-5
Sample 30:-5
Sample 31:-5
Sample 32:5
Sample 33:-5
Sample 34:-5
Sample 35:5
Sample 36:5
Sample 37:-5
Sample 38:-5
Sample 39:-5
Sample 40:-5
Sample 41:5
Sample 42:-5
Sample 43:-5
Sample 44:5
Sample 45:-5
Sample 46:-5
Sample 47:-5
Sample 48:5
Sample 49:5
Sample 50:5
Sample 51:-5
Sample 52:-5
Sample 53:-5
Sample 54:5
Sample 55:-5
Sample 56:-5
Sample 57:5
Sample 58:-5
Sample 59:5
Sample 60:-5
Sample 61:5
Sample 62:5
Sample 63:5
Sample 64:5
Sample 65:-5
Sample 66:-5
Sample 67:-5
Sample 68:5
Sample 69:5
Sample 70:-5
Sample 71:-5
Sample 72:5
Sample 73:-5
Sample 74:-5
Sample 75:-5
Sample 76:-5
Sample 77:-5
Sample 78:5
Sample 79:5
Sample 80:-5
Sample 81:5
Sample 82:-5
Sample 83:-5
Sample 84:-5
Sample 85:-5
Sample 86:5
Sample 87:-5
Sample 88:-5
Sample 89:-5
Sample 90:-5
Sample 91:-5
Sample 92:5
Sample 93:-5
Sample 94:-5
Sample 95:-5
Sample 96:-5
Sample 97:-5
Sample 98:-5
Sample 99:5
Best Ham: -5
Sucess Probability: 0
Ham Average: -1.6
