Sample 0:-1234
Sample 1:-1234
Sample 2:-1234
Sample 3:-1234
Sample 4:-1234
Sample 5:-1234
Sample 6:-1234
Sample 7:-1234
Sample 8:-1234
Sample 9:-1234
Sample 10:-1234
Sample 11:-1234
Sample 12:-1234
Sample 13:4
Sample 14:-1234
Sample 15:-1234
Sample 16:-1234
Sample 17:-1234
Sample 18:-1234
Sample 19:-1234
Sample 20:-1234
Sample 21:-1234
Sample 22:-1234
Sample 23:-1234
Sample 24:-1234
Sample 25:-1234
Sample 26:-1234
Sample 27:-1234
Sample 28:-1234
Sample 29:-1234
Sample 30:-1234
Sample 31:-1234
Sample 32:-1234
Sample 33:-1234
Sample 34:-1234
Sample 35:-1234
Sample 36:-1234
Sample 37:-1234
Sample 38:-1234
Sample 39:-1234
Sample 40:-1234
Sample 41:-1234
Sample 42:-1234
Sample 43:-1234
Sample 44:-1234
Sample 45:-1234
Sample 46:-1234
Sample 47:-1234
Sample 48:-1234
Sample 49:-1234
Sample 50:-1234
Sample 51:-1234
Sample 52:-1234
Sample 53:-1234
Sample 54:-1234
Sample 55:-1234
Sample 56:-1234
Sample 57:-1234
Sample 58:-1234
Sample 59:-1234
Sample 60:-1234
Sample 61:-1234
Sample 62:-1234
Sample 63:-1234
Sample 64:-1234
Sample 65:-1234
Sample 66:-1234
Sample 67:-1234
Sample 68:-1234
Sample 69:-1234
Sample 70:-1234
Sample 71:-1234
Sample 72:-1234
Sample 73:-1234
Sample 74:-1234
Sample 75:-1234
Sample 76:-1234
Sample 77:-1234
Sample 78:-1234
Sample 79:-1234
Sample 80:-1234
Sample 81:-1234
Sample 82:-1234
Sample 83:-1234
Sample 84:-1234
Sample 85:-1234
Sample 86:-1234
Sample 87:-1234
Sample 88:-1234
Sample 89:-1234
Sample 90:-1234
Sample 91:-1234
Sample 92:-1234
Sample 93:-1234
Sample 94:-1234
Sample 95:-1234
Sample 96:-1234
Sample 97:-1234
Sample 98:-1234
Sample 99:-1234
Best Ham: -1234
Sucess Probability: 99
Ham Average: -1221.62
