[[1 0 0 ... 0 0 7]
 [1 0 0 ... 0 7 0]
 [1 0 0 ... 7 0 0]
 ...
 [1 0 7 ... 0 0 0]
 [1 7 0 ... 0 0 0]
 [7 1 1 ... 1 1 1]]
0
test

{(1, 17): 11, (1, 15): 14, (1, 13): -11, (1, 12): 3, (1, 11): -1, (1, 6): -1, (1, 5): 8, (1, 3): 2, (2, 19): -13, (2, 18): 12, (2, 14): 8, (2, 13): -6, (2, 12): 10, (2, 10): -14, (2, 8): 1, (2, 7): -14, (2, 6): 10, (2, 5): -10, (2, 4): -6, (3, 20): -3, (3, 19): -8, (3, 18): -7, (3, 17): 12, (3, 16): 3, (3, 15): 14, (3, 14): 13, (3, 12): 9, (3, 10): -6, (3, 9): 2, (3, 8): 7, (3, 7): 14, (3, 4): 10, (4, 20): 13, (4, 18): 7, (4, 17): 6, (4, 15): -4, (4, 13): 6, (4, 10): -3, (4, 8): 14, (4, 6): -1, (4, 5): 3, (5, 20): -7, (5, 19): 8, (5, 18): -2, (5, 17): 2, (5, 15): -6, (5, 14): 12, (5, 13): 9, (5, 12): -1, (5, 11): 11, (5, 9): -2, (5, 8): -11, (5, 7): -7, (6, 20): 6, (6, 19): 13, (6, 18): -10, (6, 14): 12, (6, 12): -5, (6, 11): -14, (6, 9): -7, (6, 7): -11, (7, 18): -12, (7, 17): -3, (7, 16): -4, (7, 15): -1, (7, 11): -6, (7, 10): -14, (8, 20): 4, (8, 19): 13, (8, 18): 13, (8, 17): -4, (8, 16): -2, (8, 15): -4, (8, 14): -7, (8, 12): 9, (8, 11): -14, (8, 10): -1, (9, 20): 13, (9, 19): 6, (9, 16): 9, (9, 15): 8, (9, 14): -11, (9, 13): -7, (9, 12): -9, (9, 11): 2, (9, 10): -3, (10, 19): 10, (10, 18): -5, (10, 16): -4, (10, 14): -13, (10, 13): -13, (10, 12): -10, (11, 19): 9, (11, 15): 12, (11, 13): -4, (12, 19): -9, (12, 16): -10, (12, 13): 7, (13, 20): -8, (13, 19): 7, (13, 17): -13, (13, 14): 8, (14, 20): -2, (14, 19): -2, (14, 16): -12, (14, 15): 6, (15, 20): -10, (15, 19): -12, (15, 18): -5, (15, 17): -13, (17, 19): -4, (18, 20): -13, (18, 19): -4, (19, 20): 12}
test1

{}
   1 17 15 13 12 11  6  5  3  2 19 18 14 10  8  7  4 20 16  9 energy num_oc.
0 +1 -1 -1 -1 -1 -1 -1 -1 +1 +1 +1 -1 -1 -1 -1 -1 +1 -1 -1 -1 -358.0      21
1 -1 +1 +1 +1 +1 +1 +1 +1 -1 -1 -1 +1 +1 +1 +1 +1 -1 +1 +1 +1 -358.0      19
2 -1 +1 +1 -1 +1 -1 -1 +1 -1 +1 +1 +1 +1 +1 -1 +1 +1 +1 +1 -1 -346.0       2
3 +1 +1 -1 +1 +1 +1 +1 -1 -1 -1 -1 -1 +1 +1 +1 +1 +1 -1 +1 +1 -344.0       9
4 +1 -1 -1 +1 -1 +1 +1 +1 +1 +1 -1 +1 -1 +1 +1 +1 -1 +1 -1 +1 -342.0       2
5 -1 +1 +1 -1 +1 -1 -1 -1 -1 -1 +1 -1 +1 -1 -1 -1 +1 -1 +1 -1 -342.0       2
['SPIN', 6 rows, 55 samples, 20 variables]
energies=[-358.0, -358.0, -346.0, -344.0, -342.0, -342.0]
