Sample 0:-520
Sample 1:-298
Sample 2:-362
Sample 3:-456
Sample 4:-560
Sample 5:-500
Sample 6:-434
Sample 7:-342
Sample 8:-312
Sample 9:-396
Sample 10:-374
Sample 11:-548
Sample 12:-360
Sample 13:-376
Sample 14:-316
Sample 15:-378
Sample 16:-384
Sample 17:-354
Sample 18:-252
Sample 19:-262
Sample 20:-614
Sample 21:-536
Sample 22:-58
Sample 23:-512
Sample 24:-274
Sample 25:-318
Sample 26:-326
Sample 27:-192
Sample 28:-368
Sample 29:-388
Sample 30:-286
Sample 31:-318
Sample 32:-332
Sample 33:-236
Sample 34:-296
Sample 35:-314
Sample 36:-492
Sample 37:-316
Sample 38:-268
Sample 39:-318
Sample 40:-192
Sample 41:-528
Sample 42:-528
Sample 43:-320
Sample 44:-330
Sample 45:-438
Sample 46:-360
Sample 47:-340
Sample 48:-430
Sample 49:-224
Sample 50:-408
Sample 51:-92
Sample 52:-202
Sample 53:-196
Sample 54:-330
Sample 55:-390
Sample 56:-594
Sample 57:-424
Sample 58:-358
Sample 59:-476
Sample 60:-330
Sample 61:-468
Sample 62:-392
Sample 63:-350
Sample 64:-408
Sample 65:-344
Sample 66:-18
Sample 67:-488
Sample 68:-274
Sample 69:-406
Sample 70:-416
Sample 71:-388
Sample 72:-474
Sample 73:-436
Sample 74:-348
Sample 75:-348
Sample 76:-328
Sample 77:-320
Sample 78:-364
Sample 79:-352
Sample 80:-478
Sample 81:-376
Sample 82:-398
Sample 83:-480
Sample 84:-606
Sample 85:-356
Sample 86:-502
Sample 87:-124
Sample 88:-384
Sample 89:-142
Sample 90:-484
Sample 91:-142
Sample 92:2
Sample 93:-326
Sample 94:-468
Sample 95:-424
Sample 96:-426
Sample 97:-316
Sample 98:-462
Sample 99:-424
Best Ham: -614
Sucess Probability: 93
Ham Average: -362.74
