[[1 0 0 ... 0 0 7]
 [1 0 0 ... 0 7 0]
 [1 0 0 ... 7 0 0]
 ...
 [1 5 7 ... 0 0 0]
 [1 7 4 ... 0 0 0]
 [7 1 1 ... 1 1 1]]
4
test

{(1, 24): 5, (1, 23): 4, (1, 22): 7, (1, 20): -4, (1, 18): -4, (1, 15): -12, (1, 13): 12, (1, 12): 8, (1, 11): 14, (1, 10): 13, (1, 8): 13, (1, 7): -11, (1, 6): 13, (1, 5): -9, (1, 4): 4, (1, 2): -9, (2, 24): -12, (2, 23): -6, (2, 22): -8, (2, 20): 11, (2, 18): -7, (2, 17): -5, (2, 16): 4, (2, 15): -12, (2, 14): 6, (2, 13): 3, (2, 12): -9, (2, 10): 6, (2, 9): -13, (2, 6): 5, (2, 5): -1, (2, 4): -8, (2, 3): -13, (3, 24): -13, (3, 23): 3, (3, 22): -10, (3, 20): -5, (3, 19): -11, (3, 18): 5, (3, 17): -13, (3, 16): -1, (3, 15): 14, (3, 14): -4, (3, 13): 3, (3, 12): 9, (3, 11): -4, (3, 10): -5, (3, 8): -3, (3, 6): 9, (3, 5): -10, (3, 4): 7, (4, 24): -3, (4, 23): -3, (4, 22): 6, (4, 21): -4, (4, 20): -4, (4, 19): 4, (4, 18): -8, (4, 17): -3, (4, 16): -7, (4, 15): 10, (4, 14): -3, (4, 13): -8, (4, 12): -13, (4, 10): -1, (4, 9): 14, (4, 8): 10, (4, 7): -11, (4, 6): -6, (4, 5): -13, (5, 24): 4, (5, 23): -14, (5, 22): 4, (5, 19): 13, (5, 18): 12, (5, 17): -3, (5, 16): -3, (5, 15): 14, (5, 14): 14, (5, 13): 12, (5, 12): 11, (5, 10): -5, (5, 9): -5, (5, 6): 4, (6, 24): -9, (6, 23): 9, (6, 22): 5, (6, 21): -11, (6, 20): 13, (6, 19): -2, (6, 18): -4, (6, 17): 8, (6, 16): 13, (6, 15): 13, (6, 14): 9, (6, 13): 13, (6, 12): -9, (6, 9): 1, (6, 7): 12, (7, 24): 10, (7, 23): 13, (7, 22): -3, (7, 21): -4, (7, 20): 8, (7, 19): 14, (7, 17): 1, (7, 16): -1, (7, 15): -13, (7, 13): 13, (7, 10): -1, (7, 9): -10, (7, 8): -4, (8, 24): -12, (8, 23): -3, (8, 22): 7, (8, 21): -9, (8, 20): -11, (8, 19): -7, (8, 16): -13, (8, 15): 12, (8, 14): -3, (8, 13): -3, (8, 12): 2, (8, 11): 5, (8, 10): -3, (8, 9): 12, (9, 24): -3, (9, 23): -5, (9, 21): -4, (9, 20): 3, (9, 19): -12, (9, 18): 8, (9, 17): 3, (9, 16): 2, (9, 15): 5, (9, 14): 14, (9, 13): 9, (9, 12): 11, (9, 11): 11, (9, 10): 14, (10, 23): -10, (10, 22): -5, (10, 21): -4, (10, 16): 7, (10, 15): 10, (10, 14): 5, (10, 12): 8, (10, 11): 3, (11, 23): -6, (11, 22): -12, (11, 21): 3, (11, 20): -14, (11, 19): -11, (11, 18): 11, (11, 17): -3, (11, 15): 10, (11, 14): -14, (11, 12): -7, (12, 24): 9, (12, 22): -7, (12, 21): -4, (12, 20): -10, (12, 19): 9, (12, 17): 1, (12, 16): -13, (12, 15): 13, (12, 14): 10, (12, 13): -10, (13, 22): 14, (13, 20): 6, (13, 19): -4, (13, 18): 3, (13, 16): -6, (13, 15): 6, (13, 14): -13, (14, 24): 5, (14, 23): 14, (14, 22): 1, (14, 21): -3, (14, 20): -11, (14, 19): 9, (14, 18): -6, (14, 16): -5, (15, 24): 12, (15, 23): 11, (15, 22): 4, (15, 21): 7, (15, 19): 14, (15, 18): 1, (15, 17): -10, (15, 16): -14, (16, 24): 4, (16, 22): 11, (16, 21): 13, (16, 18): 3, (16, 17): 13, (17, 24): -11, (17, 23): -2, (17, 22): -6, (17, 21): -6, (17, 20): -2, (17, 18): -13, (18, 24): -14, (18, 23): 11, (18, 22): 1, (18, 21): 2, (18, 20): 6, (19, 24): -1, (19, 23): 8, (19, 22): 14, (19, 21): -8, (19, 20): -11, (20, 24): 10, (20, 23): -6, (20, 21): 4, (21, 24): -14, (21, 23): 1, (21, 22): 2, (22, 24): 1, (22, 23): 14, (23, 24): -9}
test1

{}
   1 24 23 22 20 18 15 13 12 11 10  8  7  6  5  4  2 17 ... 21 energy num_oc.
0 -1 +1 -1 +1 +1 +1 -1 +1 +1 +1 +1 +1 -1 +1 -1 +1 -1 +1 ... +1 -626.0      18
1 +1 -1 +1 -1 -1 -1 +1 -1 -1 -1 -1 -1 +1 -1 +1 -1 +1 -1 ... -1 -626.0       5
2 +1 +1 -1 +1 -1 +1 +1 -1 -1 -1 -1 -1 +1 -1 +1 -1 +1 +1 ... -1 -618.0      11
3 -1 +1 +1 +1 -1 -1 -1 -1 -1 +1 +1 +1 -1 +1 +1 -1 +1 +1 ... +1 -618.0      12
4 +1 -1 -1 -1 +1 +1 +1 +1 +1 -1 -1 -1 +1 -1 -1 +1 -1 -1 ... -1 -618.0      11
5 -1 -1 +1 -1 +1 -1 -1 +1 +1 +1 +1 +1 -1 +1 -1 +1 -1 -1 ... +1 -618.0      19
['SPIN', 6 rows, 76 samples, 24 variables]
energies=[-626.0, -626.0, -618.0, -618.0, -618.0, -618.0]
