Sample 0:-78
Sample 1:-98
Sample 2:-98
Sample 3:-98
Sample 4:-98
Sample 5:-98
Sample 6:-78
Sample 7:-78
Sample 8:-98
Sample 9:-98
Sample 10:-78
Sample 11:-78
Sample 12:-78
Sample 13:-98
Sample 14:-78
Sample 15:-78
Sample 16:-98
Sample 17:-98
Sample 18:-78
Sample 19:-78
Sample 20:-98
Sample 21:-98
Sample 22:-78
Sample 23:28
Sample 24:-98
Sample 25:-98
Sample 26:-78
Sample 27:-98
Sample 28:-78
Sample 29:-78
Sample 30:-98
Sample 31:-98
Sample 32:-78
Sample 33:-98
Sample 34:-98
Sample 35:-98
Sample 36:-98
Sample 37:28
Sample 38:-98
Sample 39:-98
Sample 40:-98
Sample 41:-98
Sample 42:-78
Sample 43:-98
Sample 44:-78
Sample 45:-98
Sample 46:-78
Sample 47:-98
Sample 48:-78
Sample 49:-98
Sample 50:-98
Sample 51:-78
Sample 52:-98
Sample 53:-78
Sample 54:-78
Sample 55:-78
Sample 56:-78
Sample 57:-98
Sample 58:-78
Sample 59:-98
Sample 60:-78
Sample 61:-78
Sample 62:-78
Sample 63:-78
Sample 64:-78
Sample 65:-78
Sample 66:-98
Sample 67:-78
Sample 68:-78
Sample 69:-78
Sample 70:-98
Sample 71:-78
Sample 72:-98
Sample 73:-98
Sample 74:-98
Sample 75:-78
Sample 76:-78
Sample 77:-98
Sample 78:-78
Sample 79:-98
Sample 80:-78
Sample 81:-78
Sample 82:-78
Sample 83:-78
Sample 84:-78
Sample 85:-78
Sample 86:-98
Sample 87:-98
Sample 88:-78
Sample 89:-78
Sample 90:-98
Sample 91:-78
Sample 92:-78
Sample 93:-78
Sample 94:-78
Sample 95:-98
Sample 96:-78
Sample 97:-78
Sample 98:-98
Sample 99:-98
Best Ham: -98
Sucess Probability: 0
Ham Average: -85.08
