Sample 0:-54
Sample 1:-92
Sample 2:-76
Sample 3:14
Sample 4:-86
Sample 5:22
Sample 6:-30
Sample 7:-32
Sample 8:-100
Sample 9:-92
Sample 10:-76
Sample 11:-86
Sample 12:-86
Sample 13:-86
Sample 14:-86
Sample 15:-36
Sample 16:-34
Sample 17:-92
Sample 18:-96
Sample 19:-92
Sample 20:2
Sample 21:-20
Sample 22:6
Sample 23:-30
Sample 24:-86
Sample 25:-86
Sample 26:-96
Sample 27:-72
Sample 28:-96
Sample 29:-18
Sample 30:-42
Sample 31:-18
Sample 32:-40
Sample 33:-96
Sample 34:-26
Sample 35:-66
Sample 36:-62
Sample 37:-34
Sample 38:-34
Sample 39:-96
Sample 40:-86
Sample 41:-100
Sample 42:-40
Sample 43:-50
Sample 44:-30
Sample 45:-66
Sample 46:-58
Sample 47:-32
Sample 48:-100
Sample 49:-62
Sample 50:-18
Sample 51:-66
Sample 52:-96
Sample 53:-80
Sample 54:-96
Sample 55:2
Sample 56:-96
Sample 57:-58
Sample 58:-42
Sample 59:-30
Sample 60:-92
Sample 61:-48
Sample 62:-86
Sample 63:-20
Sample 64:-78
Sample 65:-86
Sample 66:-74
Sample 67:-92
Sample 68:-80
Sample 69:-48
Sample 70:-72
Sample 71:-96
Sample 72:-46
Sample 73:-86
Sample 74:10
Sample 75:-32
Sample 76:-62
Sample 77:-6
Sample 78:-18
Sample 79:-86
Sample 80:-62
Sample 81:-6
Sample 82:34
Sample 83:-66
Sample 84:-76
Sample 85:-20
Sample 86:-48
Sample 87:-40
Sample 88:2
Sample 89:-30
Sample 90:-72
Sample 91:-86
Sample 92:-68
Sample 93:-26
Sample 94:-18
Sample 95:-86
Sample 96:-52
Sample 97:-60
Sample 98:-96
Sample 99:-62
Best Ham: -100
Sucess Probability: 0
Ham Average: -56.46
