Sample 0:-555
Sample 1:-285
Sample 2:-557
Sample 3:-393
Sample 4:-353
Sample 5:-295
Sample 6:-327
Sample 7:-57
Sample 8:-495
Sample 9:-341
Sample 10:-631
Sample 11:-357
Sample 12:-197
Sample 13:17
Sample 14:-345
Sample 15:-441
Sample 16:-493
Sample 17:-283
Sample 18:-305
Sample 19:-215
Sample 20:-391
Sample 21:-305
Sample 22:-477
Sample 23:-451
Sample 24:-457
Sample 25:-467
Sample 26:-255
Sample 27:-391
Sample 28:-369
Sample 29:-465
Sample 30:-251
Sample 31:-257
Sample 32:-483
Sample 33:-527
Sample 34:-407
Sample 35:-605
Sample 36:-313
Sample 37:-183
Sample 38:-391
Sample 39:-31
Sample 40:-513
Sample 41:-439
Sample 42:-303
Sample 43:-311
Sample 44:-343
Sample 45:-389
Sample 46:-437
Sample 47:-317
Sample 48:-413
Sample 49:-403
Sample 50:-273
Sample 51:-511
Sample 52:-417
Sample 53:-303
Sample 54:-403
Sample 55:-483
Sample 56:-361
Sample 57:-565
Sample 58:-391
Sample 59:-295
Sample 60:-581
Sample 61:-463
Sample 62:-181
Sample 63:-417
Sample 64:-529
Sample 65:-419
Sample 66:-499
Sample 67:-103
Sample 68:-313
Sample 69:-241
Sample 70:-373
Sample 71:-579
Sample 72:-595
Sample 73:-475
Sample 74:-353
Sample 75:-495
Sample 76:-369
Sample 77:-439
Sample 78:-483
Sample 79:-577
Sample 80:-473
Sample 81:-239
Sample 82:-457
Sample 83:-473
Sample 84:-369
Sample 85:-513
Sample 86:-431
Sample 87:-381
Sample 88:-295
Sample 89:-403
Sample 90:-323
Sample 91:-379
Sample 92:-511
Sample 93:-411
Sample 94:-421
Sample 95:-347
Sample 96:-427
Sample 97:-209
Sample 98:-381
Sample 99:-455
Best Ham: -631
Sucess Probability: 96
Ham Average: -386.36
