[[1 0 0 ... 0 0 7]
 [1 0 0 ... 0 7 0]
 [1 0 0 ... 7 0 0]
 ...
 [1 0 7 ... 0 0 0]
 [1 7 0 ... 0 0 0]
 [7 1 1 ... 1 1 1]]
0
test

{(1, 27): -11, (1, 25): -2, (1, 24): 6, (1, 21): 2, (1, 19): -14, (1, 18): 8, (1, 16): 8, (1, 15): -2, (1, 14): 5, (1, 9): -8, (1, 8): 4, (1, 7): 14, (1, 6): 6, (1, 4): -6, (2, 28): -13, (2, 27): 2, (2, 23): -7, (2, 22): -6, (2, 21): 1, (2, 20): -4, (2, 17): -12, (2, 15): -14, (2, 11): 5, (2, 10): -3, (2, 8): -11, (2, 7): 3, (2, 5): 8, (3, 27): -2, (3, 26): -14, (3, 25): 13, (3, 24): 10, (3, 22): 10, (3, 20): -10, (3, 17): 13, (3, 16): -11, (3, 13): -10, (3, 11): -5, (3, 7): 10, (4, 28): -3, (4, 27): -2, (4, 21): -11, (4, 20): -9, (4, 18): 3, (4, 17): 9, (4, 12): 9, (4, 11): -12, (4, 9): 5, (4, 8): 14, (4, 6): 3, (4, 5): 11, (5, 28): 8, (5, 26): 14, (5, 24): -7, (5, 23): -1, (5, 21): 4, (5, 19): -12, (5, 17): 1, (5, 16): 10, (5, 14): -3, (5, 13): 12, (5, 11): -5, (5, 10): 9, (5, 9): -7, (5, 8): 3, (5, 6): -7, (6, 28): 4, (6, 25): -1, (6, 22): -5, (6, 21): -6, (6, 18): 12, (6, 17): -5, (6, 16): 10, (6, 15): 12, (6, 12): -14, (6, 10): -8, (6, 8): 3, (6, 7): -13, (7, 27): 9, (7, 22): -9, (7, 21): 13, (7, 20): 10, (7, 18): -9, (7, 16): -7, (7, 15): 12, (7, 11): -9, (7, 10): 2, (7, 9): -10, (8, 27): 3, (8, 26): -1, (8, 22): -12, (8, 18): -10, (8, 17): 1, (8, 15): -2, (8, 13): 11, (8, 12): 7, (8, 10): 9, (8, 9): -14, (9, 27): -7, (9, 23): 12, (9, 22): 7, (9, 21): 4, (9, 19): -5, (9, 17): 2, (9, 16): 5, (9, 14): 10, (9, 13): -3, (10, 26): 5, (10, 25): 12, (10, 23): -4, (10, 19): 3, (10, 15): -13, (10, 13): 3, (10, 11): -6, (11, 26): -5, (11, 25): -14, (11, 24): -5, (11, 23): 1, (11, 20): 7, (11, 19): 6, (11, 17): 5, (11, 15): 8, (12, 23): -2, (12, 21): 7, (12, 19): 13, (12, 17): 10, (12, 16): 13, (12, 15): 4, (12, 14): 12, (12, 13): -10, (13, 27): 14, (13, 23): 9, (13, 21): 11, (13, 20): 9, (13, 17): -6, (13, 16): 14, (13, 14): -13, (14, 26): 12, (14, 25): -6, (14, 24): 7, (14, 23): 2, (14, 21): -13, (14, 20): -7, (14, 19): 2, (14, 18): -11, (14, 17): -3, (14, 15): -1, (15, 24): -12, (15, 23): -10, (15, 21): -1, (15, 18): 4, (15, 17): -10, (16, 26): -2, (16, 25): 3, (16, 22): 6, (16, 20): -8, (16, 19): 13, (16, 18): 13, (17, 27): 13, (17, 26): -9, (17, 21): 10, (17, 19): 5, (17, 18): 7, (18, 22): 12, (18, 21): -8, (19, 27): 4, (19, 26): -14, (19, 25): -3, (19, 23): -10, (19, 21): -14, (20, 28): -10, (20, 27): 7, (20, 22): -8, (21, 28): 7, (21, 23): -1, (21, 22): -12, (22, 27): 2, (22, 26): -2, (22, 25): 6, (22, 24): 6, (23, 28): 5, (23, 24): 9, (24, 28): -10, (24, 27): -14, (24, 26): 9, (24, 25): 7, (25, 28): 9, (25, 27): -3, (25, 26): 13, (26, 28): 6}
test1

{}
   1 27 25 24 21 19 18 16 15 14  9  8  7  6  4  2 28 23 ... 12 energy num_oc.
0 -1 +1 +1 +1 -1 -1 +1 -1 -1 -1 +1 +1 +1 +1 -1 -1 -1 -1 ... +1 -602.0      21
1 +1 -1 -1 -1 +1 +1 -1 +1 +1 +1 -1 -1 -1 -1 +1 +1 +1 +1 ... -1 -602.0      17
2 +1 -1 -1 -1 +1 +1 -1 +1 +1 -1 -1 +1 -1 -1 +1 +1 +1 +1 ... -1 -592.0       2
3 -1 +1 +1 +1 -1 -1 +1 -1 -1 +1 +1 -1 +1 +1 -1 -1 -1 -1 ... +1 -592.0       4
4 -1 -1 +1 +1 -1 -1 +1 -1 -1 +1 +1 +1 +1 +1 -1 -1 -1 -1 ... +1 -582.0      10
['SPIN', 5 rows, 54 samples, 28 variables]
energies=[-602.0, -602.0, -592.0, -592.0, -582.0]
