Sample 0:-376
Sample 1:-326
Sample 2:-326
Sample 3:-326
Sample 4:-326
Sample 5:-326
Sample 6:-326
Sample 7:-326
Sample 8:-326
Sample 9:-326
Sample 10:-326
Sample 11:-326
Sample 12:-326
Sample 13:-326
Sample 14:-326
Sample 15:-326
Sample 16:-326
Sample 17:-326
Sample 18:-326
Sample 19:-326
Sample 20:-326
Sample 21:-326
Sample 22:-326
Sample 23:-326
Sample 24:-326
Sample 25:-326
Sample 26:-326
Sample 27:-326
Sample 28:-326
Sample 29:-326
Sample 30:-326
Sample 31:-326
Sample 32:-326
Sample 33:-326
Sample 34:-326
Sample 35:-326
Sample 36:-326
Sample 37:-326
Sample 38:-326
Sample 39:-326
Sample 40:-326
Sample 41:-326
Sample 42:-326
Sample 43:-326
Sample 44:-326
Sample 45:-326
Sample 46:-326
Sample 47:-326
Sample 48:-326
Sample 49:-326
Sample 50:-326
Sample 51:-326
Sample 52:-326
Sample 53:-326
Sample 54:-326
Sample 55:-326
Sample 56:-326
Sample 57:-326
Sample 58:-326
Sample 59:-326
Sample 60:-326
Sample 61:-326
Sample 62:-326
Sample 63:-326
Sample 64:-326
Sample 65:-326
Sample 66:-326
Sample 67:-326
Sample 68:-326
Sample 69:-326
Sample 70:-326
Sample 71:34
Sample 72:-326
Sample 73:-326
Sample 74:-326
Sample 75:-326
Sample 76:-326
Sample 77:-326
Sample 78:-326
Sample 79:-326
Sample 80:-326
Sample 81:-326
Sample 82:-326
Sample 83:-326
Sample 84:-326
Sample 85:-326
Sample 86:-326
Sample 87:-326
Sample 88:-326
Sample 89:-326
Sample 90:-326
Sample 91:-326
Sample 92:-326
Sample 93:-326
Sample 94:-326
Sample 95:-326
Sample 96:-326
Sample 97:-326
Sample 98:-326
Sample 99:-326
Best Ham: -376
Sucess Probability: 99
Ham Average: -322.9
