Sample 0:-196
Sample 1:-292
Sample 2:-332
Sample 3:-324
Sample 4:-154
Sample 5:-202
Sample 6:-296
Sample 7:-2
Sample 8:-236
Sample 9:-134
Sample 10:-334
Sample 11:-210
Sample 12:-354
Sample 13:-286
Sample 14:-194
Sample 15:-344
Sample 16:-294
Sample 17:-214
Sample 18:-384
Sample 19:-262
Sample 20:-298
Sample 21:-226
Sample 22:-318
Sample 23:-386
Sample 24:-394
Sample 25:-246
Sample 26:-224
Sample 27:-270
Sample 28:-360
Sample 29:-282
Sample 30:-454
Sample 31:-328
Sample 32:-204
Sample 33:-390
Sample 34:-314
Sample 35:-278
Sample 36:-394
Sample 37:-300
Sample 38:-280
Sample 39:-216
Sample 40:-344
Sample 41:-284
Sample 42:-338
Sample 43:-380
Sample 44:-310
Sample 45:-290
Sample 46:-312
Sample 47:48
Sample 48:-8
Sample 49:-316
Sample 50:-270
Sample 51:-132
Sample 52:-234
Sample 53:-312
Sample 54:-282
Sample 55:-310
Sample 56:-318
Sample 57:-380
Sample 58:-256
Sample 59:-230
Sample 60:-280
Sample 61:-394
Sample 62:-68
Sample 63:-284
Sample 64:-354
Sample 65:-374
Sample 66:-216
Sample 67:-350
Sample 68:-176
Sample 69:-408
Sample 70:-394
Sample 71:-294
Sample 72:-182
Sample 73:-284
Sample 74:-262
Sample 75:-278
Sample 76:-298
Sample 77:-286
Sample 78:-266
Sample 79:-242
Sample 80:-174
Sample 81:-348
Sample 82:-274
Sample 83:-282
Sample 84:-230
Sample 85:-256
Sample 86:-154
Sample 87:-298
Sample 88:-284
Sample 89:-354
Sample 90:-156
Sample 91:-338
Sample 92:-340
Sample 93:-86
Sample 94:-218
Sample 95:-282
Sample 96:-282
Sample 97:-384
Sample 98:-354
Sample 99:-202
Best Ham: -454
Sucess Probability: 93
Ham Average: -274.5
