Sample 0:-1216
Sample 1:-1860
Sample 2:-1860
Sample 3:-1860
Sample 4:-1860
Sample 5:-1860
Sample 6:-1860
Sample 7:-1860
Sample 8:-1860
Sample 9:-1860
Sample 10:-2036
Sample 11:-2036
Sample 12:-2036
Sample 13:-2036
Sample 14:-2036
Sample 15:-2036
Sample 16:-2036
Sample 17:-2036
Sample 18:-2036
Sample 19:-1376
Sample 20:-1412
Sample 21:-1318
Sample 22:-1412
Sample 23:-1412
Sample 24:-1390
Sample 25:-1390
Sample 26:-1390
Sample 27:-1390
Sample 28:-1390
Sample 29:-1390
Sample 30:-1390
Sample 31:-1390
Sample 32:-1390
Sample 33:-1390
Sample 34:-1390
Sample 35:-1390
Sample 36:-1390
Sample 37:-1390
Sample 38:-1390
Sample 39:-1390
Sample 40:-1390
Sample 41:-1390
Sample 42:-1390
Sample 43:-1390
Sample 44:-1390
Sample 45:-1390
Sample 46:-1390
Sample 47:-1390
Sample 48:-1390
Sample 49:-1390
Sample 50:-1390
Sample 51:-1390
Sample 52:-1390
Sample 53:-1390
Sample 54:-1390
Sample 55:-1390
Sample 56:-1390
Sample 57:-1940
Sample 58:-1940
Sample 59:-1940
Sample 60:-1940
Sample 61:-1940
Sample 62:-1940
Sample 63:-1300
Sample 64:-1630
Sample 65:-1194
Sample 66:-1194
Sample 67:-1194
Sample 68:-1194
Sample 69:-1194
Sample 70:-1194
Sample 71:-1194
Sample 72:-1208
Sample 73:-1194
Sample 74:-1630
Sample 75:-1040
Sample 76:-1194
Sample 77:-1194
Sample 78:-1194
Sample 79:-1018
Sample 80:-1194
Sample 81:-1018
Sample 82:-1194
Sample 83:-1194
Sample 84:-1194
Sample 85:-1194
Sample 86:-1194
Sample 87:-1194
Sample 88:-1194
Sample 89:-1194
Sample 90:-1208
Sample 91:-1630
Sample 92:-1194
Sample 93:-1194
Sample 94:-1630
Sample 95:480
Sample 96:-1194
Sample 97:-1194
Sample 98:-1630
Sample 99:-1842
Best Ham: -2036
Sucess Probability: 99
Ham Average: -1456.8
