[[ 1  0  0 ...  0  0  7]
 [ 1  0  0 ...  0  7  0]
 [ 1  0  0 ...  7  0  0]
 ...
 [ 1  0  7 ...  0  0  0]
 [ 1  7 -1 ...  0  0  0]
 [ 7  1  1 ...  1  1  1]]
-1
test

{(1, 22): 12, (1, 19): 6, (1, 17): 6, (1, 16): 9, (1, 14): -12, (1, 12): -5, (1, 11): 14, (1, 9): 8, (1, 8): -9, (1, 7): -6, (1, 2): 1, (2, 20): 8, (2, 19): 2, (2, 17): -11, (2, 16): -4, (2, 15): -4, (2, 13): -12, (2, 12): -10, (2, 11): -9, (2, 8): 11, (2, 6): 11, (2, 3): 10, (3, 22): -9, (3, 20): 8, (3, 17): -6, (3, 15): 3, (3, 13): 5, (3, 9): 12, (3, 7): 4, (3, 4): 5, (4, 22): -12, (4, 16): 2, (4, 15): -4, (4, 12): -3, (4, 11): 9, (4, 10): -3, (4, 9): -12, (4, 8): -11, (5, 21): -13, (5, 18): 4, (5, 16): 13, (5, 15): 1, (5, 14): 5, (5, 11): 9, (5, 10): -12, (5, 9): 1, (5, 7): -9, (5, 6): 7, (6, 22): -6, (6, 21): 4, (6, 20): -10, (6, 19): -9, (6, 12): 14, (6, 11): 9, (6, 10): -1, (6, 7): 14, (7, 21): 11, (7, 20): -10, (7, 18): 4, (7, 17): 8, (7, 16): -11, (7, 14): -1, (7, 11): 6, (7, 9): 2, (7, 8): 1, (8, 21): -7, (8, 20): -1, (8, 19): 11, (8, 13): -4, (8, 10): 10, (8, 9): -9, (9, 18): -3, (9, 13): -4, (10, 22): 8, (10, 21): -14, (10, 20): -2, (10, 19): -4, (10, 17): 11, (10, 16): 9, (10, 15): -9, (10, 11): -10, (11, 22): -13, (11, 20): -3, (11, 19): 4, (11, 18): 2, (11, 17): -10, (11, 16): -12, (11, 14): 2, (11, 13): -13, (12, 20): 5, (12, 19): -2, (12, 18): -3, (12, 14): 1, (13, 21): -9, (13, 19): -7, (13, 18): -6, (13, 16): -10, (13, 15): -1, (13, 14): -13, (14, 20): -4, (14, 17): -5, (15, 21): -8, (15, 18): 1, (15, 17): 9, (15, 16): -13, (16, 21): -7, (16, 19): 2, (17, 21): 14, (17, 19): 1, (18, 21): -6, (18, 20): -6, (18, 19): -7, (19, 21): -4, (19, 20): 8, (20, 22): 3}
test1

{}
   1 22 19 17 16 14 12 11  9  8  7  2 20 15 13  6  3  4 ... 18 energy num_oc.
0 +1 -1 +1 -1 -1 +1 -1 -1 +1 +1 +1 -1 +1 +1 +1 +1 -1 +1 ... +1 -359.0      16
1 -1 +1 +1 -1 +1 -1 +1 +1 +1 -1 +1 +1 -1 +1 +1 -1 -1 +1 ... +1 -359.0       7
2 -1 +1 -1 +1 +1 -1 +1 +1 -1 -1 -1 +1 -1 -1 -1 -1 +1 -1 ... -1 -359.0       5
3 +1 -1 -1 +1 -1 +1 -1 -1 -1 +1 -1 -1 +1 -1 -1 +1 +1 -1 ... -1 -359.0      18
4 +1 -1 -1 -1 -1 -1 -1 -1 +1 +1 +1 -1 +1 +1 -1 +1 -1 +1 ... -1 -355.0       1
5 -1 +1 +1 +1 +1 +1 +1 +1 -1 -1 -1 +1 -1 -1 +1 -1 +1 -1 ... +1 -355.0       2
6 -1 +1 +1 +1 +1 +1 -1 +1 -1 -1 -1 +1 -1 -1 +1 +1 +1 -1 ... +1 -351.0       2
7 +1 -1 -1 -1 +1 +1 +1 -1 +1 +1 +1 +1 +1 +1 +1 -1 -1 +1 ... +1 -351.0       4
['SPIN', 8 rows, 55 samples, 22 variables]
energies=[-359.0, -359.0, -359.0, -359.0, -355.0, -355.0, -351.0, -351.0]
