Sample 0:-716
Sample 1:-542
Sample 2:-464
Sample 3:-542
Sample 4:-464
Sample 5:-542
Sample 6:-542
Sample 7:-542
Sample 8:-542
Sample 9:-542
Sample 10:-464
Sample 11:-464
Sample 12:-542
Sample 13:-464
Sample 14:-542
Sample 15:-464
Sample 16:-464
Sample 17:-542
Sample 18:-542
Sample 19:-542
Sample 20:-464
Sample 21:-542
Sample 22:-542
Sample 23:-464
Sample 24:-464
Sample 25:-542
Sample 26:-542
Sample 27:-542
Sample 28:-542
Sample 29:-542
Sample 30:-542
Sample 31:-464
Sample 32:-542
Sample 33:-542
Sample 34:-542
Sample 35:-542
Sample 36:-464
Sample 37:-464
Sample 38:-464
Sample 39:-542
Sample 40:-542
Sample 41:-542
Sample 42:-464
Sample 43:-464
Sample 44:-542
Sample 45:22
Sample 46:-542
Sample 47:-464
Sample 48:-542
Sample 49:-464
Sample 50:-542
Sample 51:-464
Sample 52:-542
Sample 53:-542
Sample 54:-464
Sample 55:-542
Sample 56:-542
Sample 57:-464
Sample 58:-464
Sample 59:-464
Sample 60:-464
Sample 61:-542
Sample 62:-542
Sample 63:-464
Sample 64:-542
Sample 65:-542
Sample 66:-464
Sample 67:-464
Sample 68:-464
Sample 69:-542
Sample 70:-542
Sample 71:-542
Sample 72:-542
Sample 73:-542
Sample 74:-542
Sample 75:-464
Sample 76:-464
Sample 77:-464
Sample 78:-464
Sample 79:-542
Sample 80:-542
Sample 81:-464
Sample 82:-464
Sample 83:-464
Sample 84:-464
Sample 85:-464
Sample 86:-464
Sample 87:-464
Sample 88:-464
Sample 89:-542
Sample 90:-464
Sample 91:-542
Sample 92:-464
Sample 93:-542
Sample 94:-464
Sample 95:-464
Sample 96:-464
Sample 97:-542
Sample 98:-542
Sample 99:-464
Best Ham: -716
Sucess Probability: 99
Ham Average: -502.22
