Sample 0:-138
Sample 1:-8
Sample 2:-152
Sample 3:-122
Sample 4:-136
Sample 5:-112
Sample 6:-152
Sample 7:-152
Sample 8:-152
Sample 9:-152
Sample 10:-122
Sample 11:-152
Sample 12:-122
Sample 13:-152
Sample 14:-152
Sample 15:-138
Sample 16:-122
Sample 17:-54
Sample 18:-152
Sample 19:-152
Sample 20:-152
Sample 21:-152
Sample 22:-8
Sample 23:-138
Sample 24:-152
Sample 25:-20
Sample 26:-138
Sample 27:-138
Sample 28:-152
Sample 29:-4
Sample 30:-54
Sample 31:-152
Sample 32:-86
Sample 33:-138
Sample 34:14
Sample 35:-122
Sample 36:-20
Sample 37:-132
Sample 38:-152
Sample 39:-86
Sample 40:-30
Sample 41:-152
Sample 42:-152
Sample 43:-32
Sample 44:-64
Sample 45:-30
Sample 46:-6
Sample 47:28
Sample 48:-152
Sample 49:-122
Sample 50:-152
Sample 51:-84
Sample 52:-122
Sample 53:-152
Sample 54:-6
Sample 55:-122
Sample 56:-138
Sample 57:-138
Sample 58:-152
Sample 59:-152
Sample 60:-152
Sample 61:-64
Sample 62:-152
Sample 63:-152
Sample 64:-152
Sample 65:-54
Sample 66:-132
Sample 67:-122
Sample 68:-122
Sample 69:-152
Sample 70:-122
Sample 71:-152
Sample 72:-152
Sample 73:-122
Sample 74:-152
Sample 75:-4
Sample 76:-122
Sample 77:-132
Sample 78:-118
Sample 79:-64
Sample 80:14
Sample 81:-122
Sample 82:-152
Sample 83:-152
Sample 84:-152
Sample 85:-118
Sample 86:-138
Sample 87:-138
Sample 88:-54
Sample 89:-96
Sample 90:-138
Sample 91:-96
Sample 92:-122
Sample 93:-8
Sample 94:-152
Sample 95:-122
Sample 96:-152
Sample 97:-152
Sample 98:-152
Sample 99:-152
Best Ham: -152
Sucess Probability: 39
Ham Average: -112.54
