Sample 0:-103
Sample 1:-103
Sample 2:-103
Sample 3:-103
Sample 4:-103
Sample 5:-103
Sample 6:-103
Sample 7:-103
Sample 8:-103
Sample 9:-103
Sample 10:-103
Sample 11:-103
Sample 12:-103
Sample 13:-103
Sample 14:-103
Sample 15:-103
Sample 16:-103
Sample 17:-103
Sample 18:-103
Sample 19:-103
Sample 20:-103
Sample 21:-103
Sample 22:-103
Sample 23:-103
Sample 24:-103
Sample 25:-103
Sample 26:-103
Sample 27:-103
Sample 28:-103
Sample 29:-103
Sample 30:-103
Sample 31:-103
Sample 32:-103
Sample 33:-103
Sample 34:-103
Sample 35:-103
Sample 36:-103
Sample 37:-103
Sample 38:-103
Sample 39:-103
Sample 40:-103
Sample 41:-103
Sample 42:-103
Sample 43:-103
Sample 44:-103
Sample 45:-103
Sample 46:-103
Sample 47:-103
Sample 48:-103
Sample 49:-103
Sample 50:-103
Sample 51:-103
Sample 52:-103
Sample 53:-103
Sample 54:-103
Sample 55:-103
Sample 56:-103
Sample 57:-103
Sample 58:-103
Sample 59:-103
Sample 60:-103
Sample 61:-103
Sample 62:-103
Sample 63:-103
Sample 64:-103
Sample 65:-103
Sample 66:-103
Sample 67:-103
Sample 68:-103
Sample 69:-103
Sample 70:-103
Sample 71:-103
Sample 72:-103
Sample 73:-103
Sample 74:3
Sample 75:-103
Sample 76:-103
Sample 77:-103
Sample 78:-103
Sample 79:-103
Sample 80:-103
Sample 81:-103
Sample 82:-103
Sample 83:-103
Sample 84:-103
Sample 85:-103
Sample 86:-103
Sample 87:-103
Sample 88:-103
Sample 89:-103
Sample 90:-103
Sample 91:-103
Sample 92:-103
Sample 93:-103
Sample 94:-103
Sample 95:-103
Sample 96:-103
Sample 97:-103
Sample 98:-103
Sample 99:-103
Best Ham: -103
Sucess Probability: 0
Ham Average: -101.94
