Sample 0:-134
Sample 1:-98
Sample 2:-124
Sample 3:-98
Sample 4:-98
Sample 5:36
Sample 6:-108
Sample 7:-134
Sample 8:-124
Sample 9:-98
Sample 10:-108
Sample 11:-134
Sample 12:-98
Sample 13:-98
Sample 14:-108
Sample 15:-124
Sample 16:-108
Sample 17:-108
Sample 18:-10
Sample 19:-108
Sample 20:-108
Sample 21:-98
Sample 22:-124
Sample 23:-134
Sample 24:-134
Sample 25:-124
Sample 26:-124
Sample 27:-108
Sample 28:-134
Sample 29:-68
Sample 30:-62
Sample 31:-10
Sample 32:-98
Sample 33:-98
Sample 34:-124
Sample 35:-108
Sample 36:-134
Sample 37:-98
Sample 38:-124
Sample 39:-124
Sample 40:-124
Sample 41:-108
Sample 42:-134
Sample 43:-108
Sample 44:-134
Sample 45:-68
Sample 46:-98
Sample 47:-134
Sample 48:-124
Sample 49:-108
Sample 50:-94
Sample 51:-134
Sample 52:-98
Sample 53:72
Sample 54:-134
Sample 55:-134
Sample 56:-108
Sample 57:-134
Sample 58:-134
Sample 59:-108
Sample 60:-108
Sample 61:-134
Sample 62:-98
Sample 63:-98
Sample 64:-134
Sample 65:-108
Sample 66:-98
Sample 67:-134
Sample 68:-108
Sample 69:-108
Sample 70:-98
Sample 71:-108
Sample 72:-134
Sample 73:-68
Sample 74:-108
Sample 75:-124
Sample 76:36
Sample 77:-108
Sample 78:-98
Sample 79:-134
Sample 80:-134
Sample 81:-98
Sample 82:-98
Sample 83:-10
Sample 84:-124
Sample 85:-124
Sample 86:-108
Sample 87:-108
Sample 88:-134
Sample 89:72
Sample 90:-108
Sample 91:-98
Sample 92:72
Sample 93:-108
Sample 94:-98
Sample 95:-124
Sample 96:-108
Sample 97:-134
Sample 98:-10
Sample 99:-108
Best Ham: -134
Sucess Probability: 0
Ham Average: -100.28
