[[ 1  0  0 ...  0  0  7]
 [ 1  0  0 ...  0  7  0]
 [ 1  0  0 ...  7  0  0]
 ...
 [ 1 -6  7 ...  0  0  0]
 [ 1  7 -7 ...  0  0  0]
 [ 7  1  1 ...  1  1  1]]
-7
test

{(1, 16): -5, (1, 14): -10, (1, 13): 13, (1, 11): 6, (1, 10): 4, (1, 9): -4, (1, 8): -9, (1, 7): 2, (1, 6): -12, (1, 5): -8, (1, 4): 11, (1, 3): -6, (1, 2): 13, (2, 16): 4, (2, 15): 1, (2, 14): -5, (2, 13): 12, (2, 12): -12, (2, 11): -4, (2, 10): 2, (2, 9): 1, (2, 8): 4, (2, 7): 7, (2, 5): -13, (2, 3): -6, (3, 16): 7, (3, 15): 3, (3, 14): 8, (3, 12): 3, (3, 11): -4, (3, 10): -5, (3, 9): -8, (3, 8): -1, (3, 7): -13, (3, 6): 5, (3, 5): -5, (3, 4): -11, (4, 16): -6, (4, 15): -5, (4, 14): -5, (4, 13): -4, (4, 12): -3, (4, 11): -2, (4, 10): 8, (4, 9): 5, (4, 8): 13, (4, 7): -10, (4, 6): -5, (4, 5): -5, (5, 16): 12, (5, 15): -13, (5, 14): 14, (5, 13): -2, (5, 12): -3, (5, 11): -6, (5, 10): -10, (5, 9): -14, (5, 8): -5, (5, 7): 6, (5, 6): -13, (6, 16): -5, (6, 15): 7, (6, 14): -14, (6, 13): 2, (6, 12): -4, (6, 11): 12, (6, 10): -6, (6, 9): -9, (6, 8): 1, (6, 7): -10, (7, 13): 6, (7, 12): -12, (7, 11): 13, (7, 10): 10, (7, 9): -4, (7, 8): -4, (8, 16): 6, (8, 15): -10, (8, 14): -5, (8, 13): -13, (8, 12): -3, (8, 11): -2, (8, 10): 1, (8, 9): 10, (9, 16): 5, (9, 15): -3, (9, 12): 1, (9, 11): -3, (9, 10): 7, (10, 16): -3, (10, 15): 3, (10, 13): -9, (10, 12): 3, (10, 11): -8, (11, 16): 5, (11, 14): 8, (11, 13): -7, (11, 12): 6, (12, 16): 9, (12, 15): -11, (12, 14): 5, (12, 13): -12, (13, 16): -5, (13, 15): -3, (13, 14): 3, (14, 16): -12, (14, 15): -3, (15, 16): -4}
test1

{}
   1 16 14 13 11 10  9  8  7  6  5  4  3  2 15 12 energy num_oc.
0 -1 -1 -1 +1 +1 +1 -1 +1 -1 -1 +1 -1 -1 +1 +1 +1 -291.0      19
1 +1 +1 +1 -1 -1 -1 +1 -1 +1 +1 -1 +1 +1 -1 -1 -1 -291.0      23
2 +1 +1 +1 -1 -1 -1 -1 -1 +1 +1 -1 +1 -1 -1 -1 -1 -289.0       7
3 -1 -1 -1 +1 +1 +1 +1 +1 -1 -1 +1 -1 +1 +1 +1 +1 -289.0       3
4 -1 -1 -1 +1 +1 -1 +1 +1 +1 -1 +1 +1 +1 +1 +1 +1 -267.0       2
['SPIN', 5 rows, 54 samples, 16 variables]
energies=[-291.0, -291.0, -289.0, -289.0, -267.0]
