Sample 0:-17
Sample 1:-47
Sample 2:-17
Sample 3:-49
Sample 4:-19
Sample 5:11
Sample 6:-7
Sample 7:-29
Sample 8:-29
Sample 9:-17
Sample 10:-17
Sample 11:-17
Sample 12:5
Sample 13:-17
Sample 14:-19
Sample 15:-17
Sample 16:-33
Sample 17:-29
Sample 18:-37
Sample 19:-41
Sample 20:-19
Sample 21:-29
Sample 22:-33
Sample 23:-51
Sample 24:-29
Sample 25:-29
Sample 26:-35
Sample 27:-19
Sample 28:-39
Sample 29:-17
Sample 30:-17
Sample 31:-17
Sample 32:-51
Sample 33:-17
Sample 34:-37
Sample 35:-35
Sample 36:-19
Sample 37:-19
Sample 38:-17
Sample 39:-29
Sample 40:-39
Sample 41:-17
Sample 42:-17
Sample 43:-31
Sample 44:-51
Sample 45:-41
Sample 46:-31
Sample 47:-19
Sample 48:-39
Sample 49:-17
Sample 50:-51
Sample 51:-51
Sample 52:-35
Sample 53:-35
Sample 54:-15
Sample 55:-17
Sample 56:-17
Sample 57:-23
Sample 58:-29
Sample 59:-41
Sample 60:21
Sample 61:-17
Sample 62:-19
Sample 63:-17
Sample 64:-51
Sample 65:-9
Sample 66:-31
Sample 67:-49
Sample 68:-19
Sample 69:-17
Sample 70:-29
Sample 71:-13
Sample 72:-49
Sample 73:-33
Sample 74:3
Sample 75:-33
Sample 76:-17
Sample 77:-35
Sample 78:-51
Sample 79:-19
Sample 80:21
Sample 81:-19
Sample 82:-31
Sample 83:-35
Sample 84:-41
Sample 85:-25
Sample 86:-37
Sample 87:-47
Sample 88:-19
Sample 89:-47
Sample 90:-21
Sample 91:-17
Sample 92:-35
Sample 93:-17
Sample 94:-17
Sample 95:-53
Sample 96:-31
Sample 97:-9
Sample 98:-17
Sample 99:-21
Best Ham: -53
Sucess Probability: 0
Ham Average: -26.18
