Sample 0:-92
Sample 1:-98
Sample 2:-146
Sample 3:-122
Sample 4:-122
Sample 5:-104
Sample 6:-66
Sample 7:-146
Sample 8:-86
Sample 9:-92
Sample 10:-122
Sample 11:-116
Sample 12:-80
Sample 13:-64
Sample 14:-118
Sample 15:-112
Sample 16:-112
Sample 17:-146
Sample 18:-94
Sample 19:-94
Sample 20:-118
Sample 21:-118
Sample 22:-122
Sample 23:-70
Sample 24:-106
Sample 25:-148
Sample 26:-108
Sample 27:-146
Sample 28:-70
Sample 29:-98
Sample 30:-122
Sample 31:-86
Sample 32:-92
Sample 33:-112
Sample 34:-62
Sample 35:-146
Sample 36:-46
Sample 37:-90
Sample 38:-112
Sample 39:-114
Sample 40:-112
Sample 41:-112
Sample 42:-106
Sample 43:-112
Sample 44:-114
Sample 45:-122
Sample 46:-58
Sample 47:-54
Sample 48:-126
Sample 49:-92
Sample 50:-114
Sample 51:-112
Sample 52:-146
Sample 53:-70
Sample 54:-94
Sample 55:-68
Sample 56:-70
Sample 57:-110
Sample 58:-92
Sample 59:-66
Sample 60:-146
Sample 61:-142
Sample 62:-112
Sample 63:-126
Sample 64:-112
Sample 65:-126
Sample 66:18
Sample 67:-124
Sample 68:-122
Sample 69:-48
Sample 70:-122
Sample 71:-146
Sample 72:-96
Sample 73:-84
Sample 74:-138
Sample 75:-70
Sample 76:-58
Sample 77:-112
Sample 78:-126
Sample 79:-122
Sample 80:-94
Sample 81:-122
Sample 82:-122
Sample 83:-122
Sample 84:-122
Sample 85:-126
Sample 86:-112
Sample 87:-78
Sample 88:-36
Sample 89:-98
Sample 90:-118
Sample 91:-30
Sample 92:-106
Sample 93:-94
Sample 94:-112
Sample 95:-78
Sample 96:-88
Sample 97:-122
Sample 98:-124
Sample 99:-124
Best Ham: -148
Sucess Probability: 0
Ham Average: -103.1
