[[1 0 0 ... 0 0 7]
 [1 0 0 ... 0 7 0]
 [1 0 0 ... 7 0 0]
 ...
 [1 4 7 ... 0 0 0]
 [1 7 4 ... 0 0 0]
 [7 1 1 ... 1 1 1]]
4
test

{(1, 13): -5, (1, 12): -3, (1, 10): 8, (1, 9): 12, (1, 7): 7, (1, 5): 8, (1, 4): -1, (1, 2): -8, (2, 11): 3, (2, 10): 5, (2, 8): -6, (2, 6): -11, (3, 10): 12, (3, 7): 6, (3, 6): -13, (3, 5): 3, (4, 14): -9, (4, 11): 13, (4, 7): 2, (4, 5): -12, (5, 14): 3, (5, 13): -8, (5, 11): 11, (5, 9): -12, (5, 8): 7, (5, 7): 10, (6, 14): -8, (6, 10): -10, (6, 8): 6, (7, 12): -9, (7, 11): 8, (7, 9): 10, (8, 14): -3, (8, 13): 6, (9, 14): -11, (9, 12): -2, (9, 11): -7, (9, 10): -2, (10, 14): 5, (10, 13): 2, (10, 12): 2, (11, 12): 4, (12, 14): 8, (12, 13): 1, (13, 14): -4}
test1

{}
   1 13 12 10  9  7  5  4  2 11  8  6  3 14 energy num_oc.
0 +1 +1 -1 -1 +1 -1 +1 +1 +1 -1 -1 +1 +1 +1 -160.0      18
1 -1 -1 +1 +1 -1 +1 -1 -1 -1 +1 +1 -1 -1 -1 -160.0      24
2 -1 +1 -1 +1 +1 -1 +1 +1 -1 -1 -1 +1 +1 +1 -154.0       1
3 +1 -1 +1 -1 -1 +1 -1 -1 +1 +1 +1 -1 -1 -1 -154.0       2
4 -1 +1 -1 +1 +1 -1 +1 -1 -1 +1 -1 -1 -1 -1 -134.0       9
['SPIN', 5 rows, 54 samples, 14 variables]
energies=[-160.0, -160.0, -154.0, -154.0, -134.0]
