Sample 0:-110
Sample 1:-120
Sample 2:-198
Sample 3:104
Sample 4:-194
Sample 5:-118
Sample 6:-118
Sample 7:-4
Sample 8:-114
Sample 9:-196
Sample 10:-170
Sample 11:-198
Sample 12:-54
Sample 13:-210
Sample 14:12
Sample 15:-170
Sample 16:-206
Sample 17:-60
Sample 18:-196
Sample 19:-202
Sample 20:-202
Sample 21:-202
Sample 22:-196
Sample 23:-144
Sample 24:-156
Sample 25:82
Sample 26:-164
Sample 27:-110
Sample 28:-118
Sample 29:-164
Sample 30:-154
Sample 31:-166
Sample 32:-26
Sample 33:-136
Sample 34:-166
Sample 35:-202
Sample 36:-136
Sample 37:-206
Sample 38:-216
Sample 39:-208
Sample 40:-166
Sample 41:-178
Sample 42:-118
Sample 43:-170
Sample 44:-80
Sample 45:-206
Sample 46:-202
Sample 47:-170
Sample 48:-204
Sample 49:-160
Sample 50:-96
Sample 51:-170
Sample 52:-46
Sample 53:-154
Sample 54:-196
Sample 55:-196
Sample 56:-110
Sample 57:-196
Sample 58:-150
Sample 59:-196
Sample 60:-118
Sample 61:-196
Sample 62:-88
Sample 63:-168
Sample 64:-20
Sample 65:18
Sample 66:-20
Sample 67:-144
Sample 68:-166
Sample 69:2
Sample 70:-158
Sample 71:-170
Sample 72:-188
Sample 73:-118
Sample 74:-164
Sample 75:-196
Sample 76:-204
Sample 77:-116
Sample 78:-172
Sample 79:-202
Sample 80:-158
Sample 81:-178
Sample 82:-204
Sample 83:-140
Sample 84:-96
Sample 85:-208
Sample 86:-158
Sample 87:-114
Sample 88:-214
Sample 89:-158
Sample 90:-196
Sample 91:-178
Sample 92:-172
Sample 93:-156
Sample 94:-196
Sample 95:-202
Sample 96:-164
Sample 97:-72
Sample 98:-202
Sample 99:-166
Best Ham: -216
Sucess Probability: 65
Ham Average: -145.96
