Sample 0:-307
Sample 1:-209
Sample 2:-117
Sample 3:-437
Sample 4:-289
Sample 5:-149
Sample 6:-369
Sample 7:-161
Sample 8:-397
Sample 9:-189
Sample 10:-275
Sample 11:-79
Sample 12:-361
Sample 13:-217
Sample 14:-139
Sample 15:-175
Sample 16:-275
Sample 17:-287
Sample 18:-437
Sample 19:-155
Sample 20:29
Sample 21:-405
Sample 22:-187
Sample 23:-259
Sample 24:-363
Sample 25:-241
Sample 26:-107
Sample 27:-405
Sample 28:-411
Sample 29:-303
Sample 30:-459
Sample 31:-339
Sample 32:-215
Sample 33:-235
Sample 34:-213
Sample 35:-235
Sample 36:-227
Sample 37:-381
Sample 38:-349
Sample 39:-211
Sample 40:-195
Sample 41:-353
Sample 42:-339
Sample 43:-359
Sample 44:-315
Sample 45:-311
Sample 46:-283
Sample 47:-313
Sample 48:-223
Sample 49:-281
Sample 50:-227
Sample 51:-363
Sample 52:-283
Sample 53:-357
Sample 54:-249
Sample 55:-293
Sample 56:-271
Sample 57:-327
Sample 58:-265
Sample 59:-389
Sample 60:-349
Sample 61:-243
Sample 62:-211
Sample 63:-437
Sample 64:-287
Sample 65:-381
Sample 66:-227
Sample 67:-195
Sample 68:-199
Sample 69:-223
Sample 70:-309
Sample 71:-207
Sample 72:-437
Sample 73:-319
Sample 74:-309
Sample 75:-451
Sample 76:-399
Sample 77:-335
Sample 78:-65
Sample 79:-427
Sample 80:-217
Sample 81:-315
Sample 82:-145
Sample 83:-27
Sample 84:-25
Sample 85:-291
Sample 86:-349
Sample 87:-47
Sample 88:-247
Sample 89:-305
Sample 90:-323
Sample 91:-365
Sample 92:-241
Sample 93:-365
Sample 94:-239
Sample 95:-247
Sample 96:-415
Sample 97:-213
Sample 98:-411
Sample 99:-349
Best Ham: -459
Sucess Probability: 90
Ham Average: -276.82
