Sample 0:-116
Sample 1:-106
Sample 2:-114
Sample 3:-106
Sample 4:-106
Sample 5:-106
Sample 6:-106
Sample 7:-72
Sample 8:-116
Sample 9:-106
Sample 10:-106
Sample 11:-116
Sample 12:-106
Sample 13:-106
Sample 14:-106
Sample 15:-116
Sample 16:-106
Sample 17:-106
Sample 18:-90
Sample 19:-106
Sample 20:-116
Sample 21:-90
Sample 22:-106
Sample 23:-106
Sample 24:-114
Sample 25:-106
Sample 26:-106
Sample 27:-106
Sample 28:-106
Sample 29:-106
Sample 30:-130
Sample 31:-62
Sample 32:-106
Sample 33:-4
Sample 34:-130
Sample 35:-62
Sample 36:-106
Sample 37:-116
Sample 38:-106
Sample 39:-106
Sample 40:-62
Sample 41:-90
Sample 42:-62
Sample 43:-106
Sample 44:-106
Sample 45:-106
Sample 46:-130
Sample 47:-62
Sample 48:-116
Sample 49:-106
Sample 50:-90
Sample 51:-116
Sample 52:-106
Sample 53:-130
Sample 54:-116
Sample 55:-130
Sample 56:-106
Sample 57:-104
Sample 58:-104
Sample 59:-116
Sample 60:-116
Sample 61:-96
Sample 62:-116
Sample 63:-106
Sample 64:-62
Sample 65:-116
Sample 66:-106
Sample 67:-62
Sample 68:-130
Sample 69:-62
Sample 70:-106
Sample 71:-106
Sample 72:-4
Sample 73:-130
Sample 74:-114
Sample 75:-90
Sample 76:-106
Sample 77:-130
Sample 78:-106
Sample 79:-90
Sample 80:-130
Sample 81:-106
Sample 82:-106
Sample 83:-116
Sample 84:-130
Sample 85:18
Sample 86:-106
Sample 87:-4
Sample 88:-130
Sample 89:-106
Sample 90:-106
Sample 91:-106
Sample 92:-130
Sample 93:-90
Sample 94:-106
Sample 95:-106
Sample 96:-114
Sample 97:-106
Sample 98:-106
Sample 99:-106
Best Ham: -130
Sucess Probability: 0
Ham Average: -101.18
