[[1 0 0 ... 0 0 7]
 [1 0 0 ... 0 7 0]
 [1 0 0 ... 7 0 0]
 ...
 [1 0 7 ... 0 0 0]
 [1 7 0 ... 0 0 0]
 [7 1 1 ... 1 1 1]]
0
test

{(1, 51): -5, (1, 49): 4, (1, 47): 8, (1, 46): 7, (1, 43): -9, (1, 41): -14, (1, 38): -8, (1, 31): 1, (1, 28): 9, (1, 27): -2, (1, 26): -6, (1, 24): -9, (1, 18): -2, (1, 15): -4, (1, 14): 6, (1, 11): -5, (1, 5): 7, (1, 3): -2, (2, 52): 10, (2, 51): 7, (2, 50): -7, (2, 47): 1, (2, 41): 10, (2, 40): -2, (2, 39): 9, (2, 35): 10, (2, 32): -7, (2, 31): -13, (2, 30): 9, (2, 27): 14, (2, 22): 2, (2, 21): 11, (2, 18): 11, (2, 15): 8, (2, 11): 4, (2, 8): -10, (2, 6): 2, (2, 3): 4, (3, 52): 2, (3, 50): 1, (3, 49): 12, (3, 42): 2, (3, 40): -12, (3, 37): 2, (3, 36): -7, (3, 35): 6, (3, 34): -10, (3, 29): -1, (3, 21): -13, (3, 19): 4, (3, 16): -8, (3, 10): 11, (4, 42): -11, (4, 35): -6, (4, 34): -11, (4, 32): 1, (4, 27): 6, (4, 24): 10, (4, 20): -14, (4, 18): 3, (4, 14): 14, (4, 13): 8, (4, 7): -3, (5, 52): -9, (5, 47): 14, (5, 44): 2, (5, 41): -1, (5, 38): -11, (5, 29): -6, (5, 25): -1, (5, 15): 14, (5, 13): -7, (5, 10): -6, (6, 41): -12, (6, 40): -12, (6, 39): 14, (6, 24): -5, (6, 17): -8, (6, 15): -11, (6, 10): -2, (7, 51): -5, (7, 50): 12, (7, 47): 13, (7, 43): 10, (7, 42): -12, (7, 35): 3, (7, 26): -1, (7, 25): -12, (7, 23): 13, (7, 19): -8, (7, 18): -4, (7, 17): 9, (7, 15): -1, (7, 14): -14, (7, 11): 12, (7, 9): 1, (8, 50): -13, (8, 48): -12, (8, 45): 12, (8, 44): -8, (8, 40): 4, (8, 37): 1, (8, 36): -12, (8, 33): 11, (8, 27): -7, (8, 25): -13, (8, 24): -11, (8, 21): 11, (8, 18): -12, (8, 17): -14, (8, 16): -8, (8, 13): -3, (8, 9): 9, (9, 52): -3, (9, 48): 5, (9, 47): -6, (9, 43): 8, (9, 40): 10, (9, 39): 10, (9, 33): -12, (9, 31): 3, (9, 28): 12, (9, 25): 11, (9, 22): -6, (9, 21): 9, (9, 12): -9, (9, 10): 3, (10, 52): 3, (10, 48): -7, (10, 47): 8, (10, 43): -6, (10, 41): -14, (10, 28): 5, (10, 25): -7, (10, 22): 1, (10, 20): 2, (10, 19): -1, (10, 17): -4, (11, 48): 4, (11, 45): -4, (11, 43): -4, (11, 42): -5, (11, 33): 13, (11, 32): -7, (11, 30): 4, (11, 25): -8, (11, 18): 11, (11, 17): 12, (11, 14): -13, (12, 50): -10, (12, 49): 12, (12, 46): 5, (12, 40): 4, (12, 38): 11, (12, 34): -7, (12, 29): -4, (12, 21): 13, (12, 18): -2, (13, 48): 1, (13, 44): -11, (13, 36): -12, (13, 35): 5, (13, 32): -11, (13, 26): 13, (13, 20): 7, (13, 18): -3, (13, 17): 4, (13, 16): -1, (13, 15): 3, (14, 51): -12, (14, 49): -7, (14, 47): 2, (14, 46): -12, (14, 44): 14, (14, 43): -8, (14, 37): -14, (14, 36): -2, (14, 33): -2, (14, 29): 14, (14, 23): 14, (14, 22): -3, (14, 21): -8, (14, 18): -1, (15, 52): 4, (15, 48): 5, (15, 44): 4, (15, 43): 6, (15, 41): 8, (15, 40): 13, (15, 32): 6, (15, 27): -12, (15, 16): -7, (16, 51): 4, (16, 50): 13, (16, 49): -14, (16, 48): 10, (16, 47): -13, (16, 46): -1, (16, 45): -9, (16, 43): -2, (16, 40): 12, (16, 39): 6, (16, 38): -4, (16, 35): -6, (16, 31): 1, (16, 20): 12, (16, 19): -13, (17, 51): -7, (17, 50): 1, (17, 46): -13, (17, 44): 2, (17, 43): -11, (17, 40): 8, (17, 36): 12, (17, 35): 5, (17, 33): 1, (17, 32): 11, (17, 29): -14, (17, 23): -2, (17, 21): 2, (17, 18): 3, (18, 49): 10, (18, 42): 13, (18, 40): 10, (18, 39): -6, (18, 37): 7, (18, 36): -6, (18, 31): 7, (18, 27): 3, (18, 23): -14, (19, 52): 5, (19, 50): 11, (19, 49): 2, (19, 48): -11, (19, 46): 1, (19, 45): 5, (19, 42): -6, (19, 38): 12, (19, 36): -12, (19, 33): -14, (19, 30): -2, (19, 28): -8, (19, 27): 2, (19, 26): 9, (19, 22): 8, (20, 49): -12, (20, 48): -11, (20, 47): -10, (20, 44): 9, (20, 42): -9, (20, 41): 14, (20, 38): 6, (20, 37): 2, (20, 34): 11, (20, 24): 7, (21, 52): 1, (21, 51): -9, (21, 49): -6, (21, 47): -10, (21, 46): -7, (21, 41): 6, (21, 37): 14, (21, 33): 13, (21, 32): -4, (21, 30): -2, (21, 23): 11, (22, 46): -5, (22, 43): -12, (22, 37): 4, (22, 34): 9, (22, 32): 13, (22, 30): 5, (22, 29): -11, (22, 28): 13, (22, 27): -7, (22, 25): -14, (22, 24): -13, (23, 52): -14, (23, 50): -14, (23, 49): -6, (23, 37): 6, (23, 33): -8, (23, 29): 4, (23, 27): 7, (23, 25): -2, (24, 52): 11, (24, 48): -11, (24, 45): 1, (24, 42): 12, (24, 39): -3, (24, 38): -11, (24, 35): -6, (24, 34): -13, (24, 33): 11, (24, 31): 1, (24, 30): -13, (25, 48): -7, (25, 47): 13, (25, 42): 13, (25, 35): 13, (25, 32): 6, (25, 30): 8, (26, 52): 13, (26, 51): 2, (26, 50): 11, (26, 46): -7, (26, 43): 7, (26, 34): -3, (26, 30): -11, (26, 27): -1, (27, 50): -5, (27, 49): 9, (27, 48): -14, (27, 47): 14, (27, 45): 11, (27, 41): 9, (27, 33): 3, (27, 28): -5, (28, 52): 11, (28, 50): 14, (28, 49): 1, (28, 44): -5, (28, 39): 8, (28, 36): 4, (28, 33): 12, (28, 31): 11, (28, 30): 8, (28, 29): -9, (29, 49): -3, (29, 41): 6, (29, 40): -6, (29, 38): -5, (29, 37): 14, (29, 30): -2, (30, 52): 10, (30, 47): -3, (30, 43): -13, (30, 37): 8, (31, 52): -7, (31, 51): 1, (31, 47): -14, (31, 46): -13, (31, 44): 1, (31, 42): -11, (31, 37): 2, (31, 32): -2, (32, 51): -10, (32, 49): -3, (32, 45): -13, (32, 43): -4, (32, 38): 8, (33, 48): -6, (33, 46): 2, (33, 44): -8, (33, 38): -13, (33, 37): -2, (33, 36): 9, (33, 35): -3, (33, 34): -8, (34, 51): 8, (34, 50): -11, (34, 49): -4, (34, 48): -11, (34, 45): -11, (34, 44): -13, (34, 43): 9, (35, 52): -9, (35, 50): -3, (35, 49): -1, (35, 44): -6, (35, 41): -1, (35, 38): -8, (36, 46): -11, (36, 43): -6, (36, 37): -8, (37, 52): -10, (37, 50): 2, (37, 46): 1, (37, 40): -4, (37, 39): 2, (37, 38): 7, (38, 50): -13, (38, 44): -10, (39, 44): 6, (40, 41): -4, (41, 52): 1, (41, 50): -11, (41, 48): 8, (42, 50): -2, (42, 48): -4, (43, 49): 1, (43, 45): -12, (45, 51): -1, (48, 52): 8, (48, 51): 2, (49, 52): 9, (49, 51): 2, (50, 51): 2}
test1

{}
   1 51 49 47 46 43 41 38 31 28 27 26 24 18 15 14 11  5 ... 12  energy num_oc.
0 +1 -1 -1 -1 -1 +1 +1 +1 -1 -1 +1 -1 +1 +1 -1 -1 -1 +1 ... +1 -1302.0      27
1 -1 +1 +1 +1 +1 -1 -1 -1 +1 +1 -1 +1 -1 -1 +1 +1 +1 -1 ... -1 -1302.0      20
2 +1 -1 -1 -1 -1 -1 +1 +1 -1 -1 +1 -1 +1 +1 +1 -1 -1 +1 ... +1 -1290.0       2
3 +1 -1 -1 -1 -1 +1 +1 +1 -1 -1 +1 -1 +1 +1 -1 -1 -1 +1 ... +1 -1288.0       1
4 +1 -1 -1 -1 -1 +1 +1 +1 -1 -1 +1 +1 +1 +1 -1 -1 -1 +1 ... +1 -1262.0       2
5 -1 -1 +1 +1 -1 -1 -1 -1 +1 -1 -1 -1 -1 -1 +1 -1 +1 -1 ... +1 -1218.0       3
['SPIN', 6 rows, 55 samples, 52 variables]
energies=[-1302.0, -1302.0, -1290.0, -1288.0, -1262.0, -1218.0]
