Sample 0:-28
Sample 1:-6
Sample 2:-28
Sample 3:-28
Sample 4:-28
Sample 5:-28
Sample 6:-28
Sample 7:-28
Sample 8:-28
Sample 9:-6
Sample 10:-28
Sample 11:-28
Sample 12:-6
Sample 13:-6
Sample 14:-28
Sample 15:-28
Sample 16:-28
Sample 17:-28
Sample 18:-28
Sample 19:-28
Sample 20:-6
Sample 21:-6
Sample 22:-28
Sample 23:-28
Sample 24:-28
Sample 25:-6
Sample 26:-28
Sample 27:-6
Sample 28:-28
Sample 29:-28
Sample 30:-28
Sample 31:-28
Sample 32:-28
Sample 33:-6
Sample 34:-28
Sample 35:-6
Sample 36:-6
Sample 37:-28
Sample 38:-6
Sample 39:-28
Sample 40:-28
Sample 41:-28
Sample 42:-28
Sample 43:-28
Sample 44:-6
Sample 45:-6
Sample 46:-28
Sample 47:-6
Sample 48:-28
Sample 49:10
Sample 50:-28
Sample 51:-28
Sample 52:-6
Sample 53:10
Sample 54:-6
Sample 55:-28
Sample 56:-6
Sample 57:-28
Sample 58:-28
Sample 59:-28
Sample 60:-6
Sample 61:-28
Sample 62:-28
Sample 63:-28
Sample 64:-28
Sample 65:-28
Sample 66:-6
Sample 67:-6
Sample 68:-6
Sample 69:-28
Sample 70:10
Sample 71:-6
Sample 72:-28
Sample 73:-28
Sample 74:10
Sample 75:-6
Sample 76:-28
Sample 77:-28
Sample 78:-28
Sample 79:-28
Sample 80:-28
Sample 81:-6
Sample 82:-6
Sample 83:10
Sample 84:10
Sample 85:10
Sample 86:-28
Sample 87:-28
Sample 88:-6
Sample 89:-6
Sample 90:-6
Sample 91:-28
Sample 92:10
Sample 93:-6
Sample 94:-28
Sample 95:-28
Sample 96:-28
Sample 97:10
Sample 98:-6
Sample 99:-6
Best Ham: -28
Sucess Probability: 0
Ham Average: -17.54
