Sample 0:-384
Sample 1:-310
Sample 2:-462
Sample 3:-366
Sample 4:-344
Sample 5:-328
Sample 6:-408
Sample 7:-274
Sample 8:-376
Sample 9:-146
Sample 10:-408
Sample 11:-372
Sample 12:-284
Sample 13:-324
Sample 14:-328
Sample 15:-254
Sample 16:-316
Sample 17:-356
Sample 18:-234
Sample 19:-340
Sample 20:-268
Sample 21:-348
Sample 22:-2
Sample 23:-372
Sample 24:-184
Sample 25:-290
Sample 26:-316
Sample 27:-404
Sample 28:-88
Sample 29:-286
Sample 30:-236
Sample 31:-350
Sample 32:-404
Sample 33:-388
Sample 34:-296
Sample 35:-206
Sample 36:-332
Sample 37:-352
Sample 38:-386
Sample 39:-304
Sample 40:-396
Sample 41:-442
Sample 42:-396
Sample 43:-336
Sample 44:-250
Sample 45:-384
Sample 46:-396
Sample 47:-286
Sample 48:-284
Sample 49:-302
Sample 50:-274
Sample 51:-392
Sample 52:-376
Sample 53:-212
Sample 54:-328
Sample 55:-292
Sample 56:-308
Sample 57:-464
Sample 58:-296
Sample 59:56
Sample 60:-364
Sample 61:-482
Sample 62:-354
Sample 63:-242
Sample 64:-140
Sample 65:-408
Sample 66:-368
Sample 67:-442
Sample 68:-336
Sample 69:-266
Sample 70:-156
Sample 71:-416
Sample 72:-446
Sample 73:-244
Sample 74:-264
Sample 75:-272
Sample 76:-276
Sample 77:-386
Sample 78:-300
Sample 79:-276
Sample 80:-344
Sample 81:-304
Sample 82:-384
Sample 83:-244
Sample 84:-384
Sample 85:-244
Sample 86:-272
Sample 87:-396
Sample 88:-222
Sample 89:-216
Sample 90:-396
Sample 91:-378
Sample 92:-396
Sample 93:-150
Sample 94:-252
Sample 95:-250
Sample 96:-260
Sample 97:-324
Sample 98:-146
Sample 99:-238
Best Ham: -482
Sucess Probability: 94
Ham Average: -310.22
