[[1 0 0 ... 0 0 7]
 [1 0 0 ... 0 7 0]
 [1 0 0 ... 7 0 0]
 ...
 [1 0 7 ... 0 0 0]
 [1 7 0 ... 0 0 0]
 [7 1 1 ... 1 1 1]]
0
test

{(1, 45): -8, (1, 44): -2, (1, 40): 3, (1, 32): 4, (1, 29): -4, (1, 24): 3, (1, 23): -8, (1, 19): 10, (1, 15): 5, (1, 13): -8, (1, 9): 10, (2, 45): 6, (2, 41): -9, (2, 38): -4, (2, 33): 10, (2, 32): 3, (2, 30): 9, (2, 27): 7, (2, 23): -12, (2, 22): 12, (2, 20): 10, (2, 19): -13, (2, 17): -12, (2, 11): 13, (2, 9): -2, (2, 7): -6, (2, 5): -4, (3, 47): 13, (3, 45): 10, (3, 44): 7, (3, 38): 9, (3, 36): -4, (3, 32): -5, (3, 29): -9, (3, 28): -13, (3, 26): -12, (3, 19): 5, (3, 18): -3, (3, 17): 6, (3, 16): -13, (3, 15): -4, (3, 13): 8, (3, 8): -10, (3, 5): 6, (3, 4): 14, (4, 46): -7, (4, 45): 6, (4, 44): -13, (4, 42): -5, (4, 38): 3, (4, 34): -10, (4, 31): -2, (4, 25): 3, (4, 22): 13, (4, 15): 11, (4, 10): 8, (4, 6): 13, (5, 46): 9, (5, 45): 1, (5, 44): 1, (5, 43): 8, (5, 39): -3, (5, 32): -13, (5, 28): -5, (5, 26): 1, (5, 25): -13, (5, 23): -9, (5, 20): -11, (5, 18): -3, (5, 14): -10, (5, 9): -6, (5, 6): -5, (6, 45): -3, (6, 44): -11, (6, 38): 13, (6, 25): 7, (6, 20): 2, (6, 18): 10, (6, 14): -10, (6, 11): -2, (6, 10): 8, (6, 7): -13, (7, 48): 2, (7, 47): 13, (7, 46): -2, (7, 38): -1, (7, 37): 12, (7, 31): 11, (7, 26): -13, (7, 25): 2, (7, 24): 3, (7, 23): 14, (7, 20): 2, (7, 16): 1, (7, 15): -8, (7, 12): 1, (7, 10): 14, (7, 9): -10, (8, 46): -11, (8, 42): -11, (8, 40): 5, (8, 39): -8, (8, 34): 3, (8, 30): -9, (8, 27): -6, (8, 26): -14, (8, 25): -2, (8, 18): -5, (8, 12): 11, (8, 11): -4, (9, 48): 5, (9, 47): 6, (9, 41): -14, (9, 38): -10, (9, 34): 2, (9, 33): 5, (9, 30): -1, (9, 26): -10, (9, 16): -8, (9, 14): -7, (9, 13): -5, (9, 11): -2, (10, 42): 4, (10, 37): 5, (10, 36): 7, (10, 32): 7, (10, 28): 14, (10, 25): -7, (10, 23): -10, (10, 21): -7, (10, 16): -3, (10, 11): -3, (11, 47): -4, (11, 43): 10, (11, 41): -14, (11, 36): 8, (11, 34): -13, (11, 33): 13, (11, 32): 10, (11, 31): 7, (11, 24): -2, (11, 21): -13, (11, 17): 5, (11, 15): 9, (12, 46): -10, (12, 42): -10, (12, 39): 13, (12, 28): 14, (12, 22): 4, (12, 20): 5, (12, 18): 4, (12, 15): 5, (13, 48): -13, (13, 43): 11, (13, 39): -7, (13, 36): -14, (13, 35): 1, (13, 32): 14, (13, 24): -8, (13, 23): 8, (13, 15): 14, (14, 45): -4, (14, 44): 8, (14, 42): 13, (14, 41): -10, (14, 40): 8, (14, 34): 10, (14, 32): 11, (14, 26): -5, (14, 20): 6, (14, 19): -3, (14, 16): 10, (15, 44): 7, (15, 42): 1, (15, 38): -13, (15, 37): -2, (15, 34): -7, (15, 31): 3, (15, 30): 2, (15, 24): 6, (16, 46): -10, (16, 40): -10, (16, 37): -6, (16, 35): 9, (16, 33): 2, (16, 30): 2, (16, 21): -14, (16, 17): 10, (17, 47): -8, (17, 43): -12, (17, 36): 10, (17, 33): -3, (17, 27): 13, (17, 26): -13, (17, 22): -7, (17, 19): 13, (18, 47): -5, (18, 44): 7, (18, 43): 4, (18, 42): -13, (18, 35): -12, (18, 34): 10, (18, 31): 11, (18, 30): 11, (18, 25): -6, (18, 24): -10, (19, 42): 10, (19, 41): 5, (19, 39): 3, (19, 33): 6, (19, 24): -6, (19, 23): -9, (20, 44): 13, (20, 43): -2, (20, 31): 7, (20, 27): 4, (20, 24): 8, (20, 23): 10, (21, 46): 11, (21, 45): 2, (21, 44): 9, (21, 41): -6, (21, 40): 4, (21, 34): -5, (21, 33): -11, (21, 28): -6, (22, 43): -8, (22, 37): -10, (22, 33): -8, (22, 28): -4, (22, 24): -6, (22, 23): -10, (23, 47): 1, (23, 36): 4, (23, 33): -10, (23, 32): -13, (23, 29): 7, (23, 25): -12, (24, 48): 10, (24, 45): -11, (24, 44): 12, (24, 36): 11, (24, 34): 4, (24, 33): 9, (24, 32): 14, (24, 29): 7, (24, 26): -6, (25, 47): 3, (25, 44): -8, (25, 41): -11, (25, 38): -6, (25, 37): 6, (25, 30): -12, (26, 47): -13, (26, 39): 6, (26, 37): 6, (26, 33): 3, (26, 32): -6, (26, 30): 5, (26, 29): 12, (27, 42): 1, (27, 41): -3, (27, 40): 7, (27, 38): 10, (27, 35): -13, (27, 34): -4, (27, 33): -4, (28, 47): 9, (28, 45): 1, (28, 43): -1, (28, 41): 11, (28, 40): 1, (28, 38): -12, (28, 36): 11, (28, 31): 9, (28, 29): 14, (29, 46): -4, (29, 45): 11, (29, 44): -3, (29, 42): 6, (29, 38): -4, (29, 37): -13, (29, 36): 7, (29, 33): -9, (30, 46): 6, (30, 45): 2, (30, 39): -11, (30, 34): -8, (30, 33): -4, (30, 32): 13, (31, 44): 11, (31, 42): -3, (31, 41): 1, (31, 39): -14, (31, 38): -9, (31, 35): -11, (31, 32): -14, (32, 48): -5, (32, 45): 13, (32, 42): 12, (32, 41): -3, (32, 38): 4, (32, 36): 10, (32, 35): 4, (33, 48): -12, (33, 47): -7, (33, 46): -8, (33, 43): -13, (33, 40): 9, (33, 36): 6, (33, 34): -10, (34, 48): -2, (34, 44): -8, (34, 41): -9, (34, 37): -1, (35, 46): 13, (35, 41): 4, (36, 48): -4, (36, 46): -3, (36, 39): 6, (37, 47): -12, (37, 38): -1, (38, 48): 14, (39, 48): -3, (39, 47): 8, (39, 45): 11, (39, 44): -13, (40, 48): 14, (40, 45): -13, (40, 44): 8, (40, 42): 9, (41, 48): -12, (41, 47): 8, (41, 46): 14, (41, 45): -5, (42, 43): 6, (45, 48): 10, (46, 48): 6}
test1

{}
   1 45 44 40 32 29 24 23 19 15 13  9  2 41 38 33 30 27 ... 35  energy num_oc.
0 +1 -1 +1 -1 -1 +1 -1 -1 -1 -1 +1 -1 -1 -1 -1 +1 +1 +1 ... +1 -1059.0       9
1 -1 +1 -1 +1 +1 -1 +1 +1 +1 +1 -1 +1 +1 +1 +1 -1 -1 -1 ... -1 -1059.0      29
2 +1 -1 +1 -1 +1 +1 -1 +1 -1 -1 -1 -1 -1 +1 -1 +1 +1 +1 ... +1 -1057.0      10
3 -1 +1 -1 +1 -1 -1 +1 -1 +1 +1 +1 +1 +1 -1 +1 -1 -1 -1 ... -1 -1057.0       5
4 +1 -1 +1 -1 -1 +1 -1 -1 -1 -1 +1 -1 -1 -1 -1 +1 +1 +1 ... -1 -1051.0       1
['SPIN', 5 rows, 54 samples, 48 variables]
energies=[-1059.0, -1059.0, -1057.0, -1057.0, -1051.0]
