Sample 0:-11
Sample 1:-69
Sample 2:-69
Sample 3:-89
Sample 4:-89
Sample 5:-69
Sample 6:-89
Sample 7:-89
Sample 8:-89
Sample 9:-89
Sample 10:-71
Sample 11:-89
Sample 12:-89
Sample 13:-71
Sample 14:-89
Sample 15:-27
Sample 16:-59
Sample 17:-89
Sample 18:-89
Sample 19:-71
Sample 20:-89
Sample 21:-69
Sample 22:-35
Sample 23:-89
Sample 24:-11
Sample 25:-89
Sample 26:-89
Sample 27:-1
Sample 28:-31
Sample 29:-89
Sample 30:-89
Sample 31:-89
Sample 32:-71
Sample 33:-27
Sample 34:-89
Sample 35:-89
Sample 36:-71
Sample 37:-45
Sample 38:-31
Sample 39:-89
Sample 40:-11
Sample 41:-29
Sample 42:-89
Sample 43:-89
Sample 44:-89
Sample 45:-89
Sample 46:-89
Sample 47:-89
Sample 48:-89
Sample 49:-89
Sample 50:-27
Sample 51:-89
Sample 52:-89
Sample 53:1
Sample 54:-31
Sample 55:-89
Sample 56:-89
Sample 57:-1
Sample 58:-79
Sample 59:-27
Sample 60:-89
Sample 61:-45
Sample 62:-89
Sample 63:-31
Sample 64:-89
Sample 65:-17
Sample 66:-43
Sample 67:-27
Sample 68:-27
Sample 69:-89
Sample 70:-89
Sample 71:-89
Sample 72:-89
Sample 73:-89
Sample 74:-89
Sample 75:-89
Sample 76:-89
Sample 77:-89
Sample 78:-31
Sample 79:-27
Sample 80:-71
Sample 81:-89
Sample 82:-89
Sample 83:-89
Sample 84:-89
Sample 85:-89
Sample 86:-89
Sample 87:-89
Sample 88:-89
Sample 89:-89
Sample 90:-89
Sample 91:-31
Sample 92:-79
Sample 93:-11
Sample 94:-89
Sample 95:-71
Sample 96:-89
Sample 97:-69
Sample 98:-89
Sample 99:-71
Best Ham: -89
Sucess Probability: 0
Ham Average: -69.26
