Sample 0:-353
Sample 1:-401
Sample 2:-529
Sample 3:-577
Sample 4:-323
Sample 5:-619
Sample 6:-639
Sample 7:-327
Sample 8:-577
Sample 9:-423
Sample 10:-289
Sample 11:-399
Sample 12:-527
Sample 13:-521
Sample 14:-523
Sample 15:-499
Sample 16:-451
Sample 17:-551
Sample 18:-391
Sample 19:-445
Sample 20:-379
Sample 21:-487
Sample 22:-673
Sample 23:-765
Sample 24:-609
Sample 25:-715
Sample 26:-701
Sample 27:-739
Sample 28:-117
Sample 29:-547
Sample 30:-547
Sample 31:-335
Sample 32:-323
Sample 33:-527
Sample 34:-603
Sample 35:-665
Sample 36:-535
Sample 37:-165
Sample 38:-663
Sample 39:-547
Sample 40:-453
Sample 41:-401
Sample 42:-817
Sample 43:-485
Sample 44:-447
Sample 45:-381
Sample 46:-577
Sample 47:-299
Sample 48:-433
Sample 49:-547
Sample 50:-745
Sample 51:-351
Sample 52:-765
Sample 53:-687
Sample 54:-547
Sample 55:-765
Sample 56:-293
Sample 57:-745
Sample 58:-481
Sample 59:-415
Sample 60:-359
Sample 61:-603
Sample 62:-423
Sample 63:-577
Sample 64:-221
Sample 65:-765
Sample 66:-547
Sample 67:-689
Sample 68:-547
Sample 69:-483
Sample 70:-429
Sample 71:-737
Sample 72:-477
Sample 73:-457
Sample 74:-637
Sample 75:-577
Sample 76:-261
Sample 77:-317
Sample 78:-577
Sample 79:-577
Sample 80:-195
Sample 81:-547
Sample 82:-483
Sample 83:-353
Sample 84:33
Sample 85:-239
Sample 86:-265
Sample 87:-577
Sample 88:-497
Sample 89:-365
Sample 90:-577
Sample 91:-507
Sample 92:-547
Sample 93:-353
Sample 94:-219
Sample 95:-379
Sample 96:-365
Sample 97:-547
Sample 98:-577
Sample 99:-765
Best Ham: -817
Sucess Probability: 98
Ham Average: -492.24
