Sample 0:-7
Sample 1:-7
Sample 2:-15
Sample 3:-15
Sample 4:-7
Sample 5:-7
Sample 6:-15
Sample 7:-15
Sample 8:-15
Sample 9:-15
Sample 10:-15
Sample 11:-15
Sample 12:-7
Sample 13:-15
Sample 14:-7
Sample 15:-15
Sample 16:-7
Sample 17:-15
Sample 18:-7
Sample 19:-7
Sample 20:-15
Sample 21:-15
Sample 22:-15
Sample 23:-7
Sample 24:-15
Sample 25:-15
Sample 26:-15
Sample 27:-7
Sample 28:-7
Sample 29:-7
Sample 30:-7
Sample 31:-15
Sample 32:-15
Sample 33:-15
Sample 34:-15
Sample 35:7
Sample 36:-15
Sample 37:-15
Sample 38:-7
Sample 39:-15
Sample 40:-15
Sample 41:-15
Sample 42:-15
Sample 43:-7
Sample 44:-7
Sample 45:-15
Sample 46:-15
Sample 47:-15
Sample 48:-7
Sample 49:-15
Sample 50:-15
Sample 51:-15
Sample 52:-15
Sample 53:-15
Sample 54:-15
Sample 55:-15
Sample 56:-7
Sample 57:-15
Sample 58:-15
Sample 59:-7
Sample 60:-7
Sample 61:-15
Sample 62:-7
Sample 63:-7
Sample 64:7
Sample 65:-15
Sample 66:-15
Sample 67:-15
Sample 68:-7
Sample 69:-15
Sample 70:-15
Sample 71:-15
Sample 72:-7
Sample 73:-15
Sample 74:-15
Sample 75:-15
Sample 76:-15
Sample 77:-15
Sample 78:-7
Sample 79:-7
Sample 80:-7
Sample 81:-7
Sample 82:-15
Sample 83:-15
Sample 84:-15
Sample 85:-7
Sample 86:-15
Sample 87:-7
Sample 88:-15
Sample 89:-15
Sample 90:-15
Sample 91:7
Sample 92:-15
Sample 93:-15
Sample 94:-15
Sample 95:-7
Sample 96:-15
Sample 97:-15
Sample 98:-15
Sample 99:-7
Best Ham: -15
Sucess Probability: 0
Ham Average: -11.7
