[[1 0 0 ... 0 0 7]
 [1 0 0 ... 0 7 0]
 [1 0 0 ... 7 0 0]
 ...
 [1 0 7 ... 0 0 0]
 [1 7 0 ... 0 0 0]
 [7 1 1 ... 1 1 1]]
0
test

{(1, 10): 14, (1, 7): 8, (1, 5): -8, (2, 12): -7, (2, 11): -6, (2, 9): 4, (2, 5): -2, (2, 3): 10, (3, 13): 13, (3, 8): -9, (3, 7): -9, (3, 5): 2, (4, 12): -4, (4, 8): -4, (5, 13): 13, (6, 12): 14, (6, 10): -6, (6, 9): 5, (7, 11): 7, (8, 13): -2, (8, 12): -9, (9, 13): 14, (11, 12): 14}
test1

{}
   1 10  7  5  2 12 11  9  3 13  8  4  6 energy num_oc.
0 +1 -1 +1 +1 -1 +1 -1 +1 +1 -1 +1 +1 -1 -142.0      24
1 -1 +1 -1 -1 +1 -1 +1 -1 -1 +1 -1 -1 +1 -142.0      20
2 +1 -1 -1 -1 +1 -1 +1 -1 -1 +1 -1 -1 +1 -130.0       5
3 -1 +1 +1 +1 -1 +1 -1 +1 +1 -1 +1 +1 -1 -130.0       3
4 -1 +1 +1 -1 -1 +1 -1 -1 +1 +1 +1 +1 -1 -114.0       1
5 -1 +1 +1 +1 -1 -1 +1 +1 +1 -1 -1 -1 +1 -106.0       2
6 +1 -1 -1 -1 +1 +1 -1 -1 -1 +1 +1 +1 -1 -106.0       1
['SPIN', 7 rows, 56 samples, 13 variables]
energies=[-142.0, -142.0, -130.0, -130.0, -114.0, -106.0, -106.0]
