Sample 0:-144
Sample 1:-150
Sample 2:-180
Sample 3:-92
Sample 4:-108
Sample 5:-106
Sample 6:-172
Sample 7:-140
Sample 8:24
Sample 9:-170
Sample 10:-138
Sample 11:-160
Sample 12:-102
Sample 13:-152
Sample 14:-170
Sample 15:-124
Sample 16:-156
Sample 17:-152
Sample 18:-130
Sample 19:-140
Sample 20:-172
Sample 21:-146
Sample 22:-170
Sample 23:-50
Sample 24:-170
Sample 25:-132
Sample 26:-142
Sample 27:-84
Sample 28:-152
Sample 29:-160
Sample 30:-144
Sample 31:-86
Sample 32:-170
Sample 33:-108
Sample 34:-168
Sample 35:-170
Sample 36:-130
Sample 37:-88
Sample 38:-164
Sample 39:-140
Sample 40:-124
Sample 41:-118
Sample 42:-138
Sample 43:-132
Sample 44:-122
Sample 45:-124
Sample 46:-152
Sample 47:-112
Sample 48:-144
Sample 49:-170
Sample 50:-144
Sample 51:-150
Sample 52:-168
Sample 53:-168
Sample 54:-154
Sample 55:-90
Sample 56:-160
Sample 57:-134
Sample 58:-152
Sample 59:-168
Sample 60:-130
Sample 61:-130
Sample 62:-152
Sample 63:-108
Sample 64:-132
Sample 65:-142
Sample 66:-154
Sample 67:-136
Sample 68:-130
Sample 69:-118
Sample 70:-170
Sample 71:-116
Sample 72:-162
Sample 73:-146
Sample 74:-144
Sample 75:-156
Sample 76:-124
Sample 77:-164
Sample 78:-164
Sample 79:-160
Sample 80:-118
Sample 81:-134
Sample 82:-124
Sample 83:-132
Sample 84:-122
Sample 85:-108
Sample 86:-162
Sample 87:-114
Sample 88:-124
Sample 89:-144
Sample 90:-170
Sample 91:-130
Sample 92:-168
Sample 93:-104
Sample 94:-168
Sample 95:-142
Sample 96:-112
Sample 97:-138
Sample 98:-168
Sample 99:-134
Best Ham: -180
Sucess Probability: 40
Ham Average: -137.86
