[[1 0 0 ... 0 0 7]
 [1 0 0 ... 0 7 0]
 [1 0 0 ... 7 0 0]
 ...
 [1 0 7 ... 0 0 0]
 [1 7 0 ... 0 0 0]
 [7 1 1 ... 1 1 1]]
0
test

{(1, 13): 14, (1, 6): -2, (1, 4): -6, (1, 3): 13, (2, 13): 4, (2, 9): -1, (2, 6): -10, (3, 10): 3, (3, 8): 2, (3, 7): -14, (3, 6): -5, (4, 15): 5, (4, 14): -5, (4, 10): -10, (4, 9): -5, (4, 8): 13, (5, 13): -1, (6, 9): 5, (6, 7): -5, (7, 13): -13, (7, 11): -11, (7, 10): 3, (7, 9): 7, (8, 11): -14, (8, 10): 5, (9, 13): -8, (9, 12): -9, (9, 10): 4, (10, 14): -6, (10, 13): -4, (10, 12): 7, (10, 11): 2, (12, 14): -10, (13, 16): -12, (14, 16): -8, (14, 15): 14}
test1

{}
   1 13  6  4  3  2  9 10  8  7 15 14  5 11 12 16 energy num_oc.
0 +1 -1 -1 +1 -1 -1 +1 +1 -1 -1 -1 +1 -1 -1 +1 -1 -180.0      27
1 -1 +1 +1 -1 +1 +1 -1 -1 +1 +1 +1 -1 +1 +1 -1 +1 -180.0      14
2 -1 -1 +1 -1 +1 +1 -1 -1 +1 +1 +1 -1 -1 +1 -1 -1 -174.0       2
3 -1 +1 +1 -1 +1 +1 +1 -1 +1 +1 -1 +1 +1 +1 +1 +1 -170.0      12
4 +1 -1 -1 +1 -1 -1 -1 +1 -1 -1 +1 -1 -1 -1 -1 -1 -170.0      15
['SPIN', 5 rows, 70 samples, 16 variables]
energies=[-180.0, -180.0, -174.0, -170.0, -170.0]
