Sample 0:-347
Sample 1:-347
Sample 2:-271
Sample 3:-345
Sample 4:-331
Sample 5:-293
Sample 6:-307
Sample 7:-329
Sample 8:-401
Sample 9:-357
Sample 10:-551
Sample 11:-293
Sample 12:-423
Sample 13:-293
Sample 14:-211
Sample 15:-389
Sample 16:-415
Sample 17:-331
Sample 18:-315
Sample 19:-361
Sample 20:-469
Sample 21:-331
Sample 22:-315
Sample 23:-391
Sample 24:-293
Sample 25:-429
Sample 26:-293
Sample 27:-335
Sample 28:-463
Sample 29:-411
Sample 30:-349
Sample 31:-293
Sample 32:-359
Sample 33:-345
Sample 34:-425
Sample 35:-275
Sample 36:-331
Sample 37:-293
Sample 38:-339
Sample 39:-417
Sample 40:-379
Sample 41:-293
Sample 42:-277
Sample 43:-313
Sample 44:-327
Sample 45:-371
Sample 46:-371
Sample 47:-397
Sample 48:-143
Sample 49:-313
Sample 50:-331
Sample 51:-417
Sample 52:-425
Sample 53:-293
Sample 54:-249
Sample 55:-293
Sample 56:-377
Sample 57:-415
Sample 58:-331
Sample 59:-491
Sample 60:-331
Sample 61:-345
Sample 62:-331
Sample 63:-377
Sample 64:-357
Sample 65:-297
Sample 66:21
Sample 67:-417
Sample 68:-431
Sample 69:-337
Sample 70:-379
Sample 71:-425
Sample 72:-349
Sample 73:-371
Sample 74:-429
Sample 75:-377
Sample 76:-255
Sample 77:-331
Sample 78:-339
Sample 79:-425
Sample 80:-277
Sample 81:-293
Sample 82:-417
Sample 83:-303
Sample 84:-333
Sample 85:-279
Sample 86:-347
Sample 87:-279
Sample 88:-157
Sample 89:-417
Sample 90:-249
Sample 91:-385
Sample 92:-331
Sample 93:-453
Sample 94:-327
Sample 95:-275
Sample 96:-355
Sample 97:-27
Sample 98:-341
Sample 99:-551
Best Ham: -551
Sucess Probability: 97
Ham Average: -341.5
