Sample 0:-17
Sample 1:-75
Sample 2:-17
Sample 3:-75
Sample 4:-17
Sample 5:-75
Sample 6:-75
Sample 7:-75
Sample 8:-17
Sample 9:-17
Sample 10:-17
Sample 11:-75
Sample 12:-75
Sample 13:9
Sample 14:-75
Sample 15:-75
Sample 16:-75
Sample 17:-17
Sample 18:-75
Sample 19:-17
Sample 20:-75
Sample 21:-75
Sample 22:-17
Sample 23:-17
Sample 24:-75
Sample 25:-17
Sample 26:-17
Sample 27:-75
Sample 28:-75
Sample 29:-17
Sample 30:-75
Sample 31:-75
Sample 32:-17
Sample 33:-17
Sample 34:-75
Sample 35:-17
Sample 36:-75
Sample 37:-17
Sample 38:-75
Sample 39:-75
Sample 40:-75
Sample 41:-75
Sample 42:-17
Sample 43:-75
Sample 44:-75
Sample 45:-59
Sample 46:-17
Sample 47:-17
Sample 48:-75
Sample 49:-17
Sample 50:-75
Sample 51:-75
Sample 52:-75
Sample 53:-75
Sample 54:-75
Sample 55:-61
Sample 56:-15
Sample 57:-75
Sample 58:-75
Sample 59:-17
Sample 60:-75
Sample 61:-17
Sample 62:-17
Sample 63:-75
Sample 64:-17
Sample 65:-75
Sample 66:-75
Sample 67:-17
Sample 68:-17
Sample 69:-17
Sample 70:-75
Sample 71:-17
Sample 72:-75
Sample 73:-75
Sample 74:-75
Sample 75:-43
Sample 76:-75
Sample 77:-75
Sample 78:-75
Sample 79:-17
Sample 80:-75
Sample 81:-75
Sample 82:-75
Sample 83:-75
Sample 84:-15
Sample 85:-17
Sample 86:-75
Sample 87:-17
Sample 88:-17
Sample 89:-75
Sample 90:-75
Sample 91:-17
Sample 92:-17
Sample 93:-75
Sample 94:-17
Sample 95:-17
Sample 96:-17
Sample 97:-75
Sample 98:-17
Sample 99:-75
Best Ham: -75
Sucess Probability: 0
Ham Average: -49.72
