[[1 0 0 ... 0 0 7]
 [1 0 0 ... 0 7 0]
 [1 0 0 ... 7 0 0]
 ...
 [1 0 7 ... 0 0 0]
 [1 7 0 ... 0 0 0]
 [7 1 1 ... 1 1 1]]
0
test

{(1, 33): 4, (1, 31): 11, (1, 29): -4, (1, 27): -14, (1, 19): -5, (1, 16): 10, (1, 15): -6, (1, 14): 12, (1, 11): 14, (1, 8): -12, (1, 7): 7, (1, 4): 1, (1, 3): -12, (2, 33): -2, (2, 32): 14, (2, 29): 6, (2, 28): -2, (2, 26): 6, (2, 20): 13, (2, 19): 8, (2, 17): 2, (2, 13): -9, (2, 10): 12, (2, 8): 10, (2, 7): 10, (2, 6): -10, (2, 4): -1, (2, 3): -13, (3, 32): 14, (3, 30): -2, (3, 29): 13, (3, 27): -4, (3, 20): 5, (3, 18): -2, (3, 16): -10, (3, 15): 1, (3, 14): -1, (3, 13): 14, (3, 12): 7, (3, 11): -12, (3, 9): -9, (3, 7): 9, (3, 5): -12, (4, 31): -1, (4, 25): 8, (4, 21): 14, (4, 19): -10, (4, 18): 6, (4, 17): -10, (4, 13): -8, (4, 9): 5, (4, 7): 11, (5, 33): -8, (5, 32): -12, (5, 30): -14, (5, 29): -7, (5, 19): -3, (5, 18): 5, (5, 15): -5, (5, 14): 1, (5, 11): -12, (5, 9): 9, (5, 7): -2, (5, 6): 9, (6, 33): -1, (6, 30): -3, (6, 29): -5, (6, 27): -1, (6, 26): -6, (6, 24): 12, (6, 23): 13, (6, 18): -2, (6, 17): 1, (6, 16): 14, (6, 15): 4, (6, 13): -8, (6, 11): -4, (6, 10): -12, (6, 8): 1, (7, 33): -6, (7, 29): -10, (7, 27): -8, (7, 26): 3, (7, 25): 5, (7, 23): -12, (7, 19): 14, (7, 18): -4, (7, 17): -4, (7, 16): -1, (7, 13): -8, (7, 10): 8, (7, 8): 7, (8, 33): 8, (8, 31): -14, (8, 30): 14, (8, 29): 7, (8, 28): -10, (8, 26): 6, (8, 25): -2, (8, 20): -13, (8, 19): -12, (8, 18): 1, (8, 17): 11, (8, 14): -6, (8, 13): 8, (8, 12): 8, (8, 11): -5, (8, 10): 4, (8, 9): 4, (9, 32): -11, (9, 30): -12, (9, 29): -12, (9, 28): 8, (9, 26): 5, (9, 22): -7, (9, 19): 1, (9, 17): 2, (9, 15): 8, (9, 14): -14, (9, 12): -6, (10, 33): -13, (10, 30): 7, (10, 28): -1, (10, 27): -5, (10, 26): 9, (10, 23): -4, (10, 21): 11, (10, 19): -6, (10, 16): -12, (10, 13): -7, (10, 12): -2, (10, 11): 13, (11, 32): 11, (11, 31): 9, (11, 29): 5, (11, 28): 14, (11, 26): -14, (11, 21): 3, (11, 19): 8, (11, 18): 1, (11, 17): 6, (11, 16): -2, (11, 15): 14, (11, 12): 10, (12, 33): -2, (12, 32): 5, (12, 27): 8, (12, 25): 9, (12, 23): 8, (12, 22): -10, (12, 21): -2, (12, 20): -11, (12, 17): -5, (12, 16): -7, (12, 15): -2, (13, 33): 3, (13, 31): 8, (13, 28): 5, (13, 26): 13, (13, 24): 10, (13, 23): 1, (13, 22): -8, (13, 21): 6, (13, 19): 8, (13, 17): 10, (13, 15): 13, (13, 14): -9, (14, 32): 11, (14, 30): 9, (14, 29): -14, (14, 28): -13, (14, 27): -12, (14, 26): 12, (14, 25): -2, (14, 24): -12, (14, 23): 12, (14, 17): 7, (14, 15): -3, (15, 30): -7, (15, 28): 8, (15, 27): 5, (15, 24): -10, (15, 23): -12, (15, 21): -6, (15, 19): -7, (15, 18): 8, (15, 17): 5, (16, 33): 1, (16, 31): 7, (16, 29): 1, (16, 28): -12, (16, 24): -5, (16, 22): 5, (16, 21): -6, (16, 20): 6, (16, 17): -7, (17, 33): -10, (17, 32): 12, (17, 30): -6, (17, 28): 13, (17, 27): -12, (17, 26): 8, (17, 24): 2, (17, 23): 11, (17, 22): -9, (17, 21): 1, (18, 33): -4, (18, 32): -3, (18, 31): -9, (18, 28): 7, (18, 25): 5, (18, 24): 7, (18, 22): 5, (18, 21): -10, (18, 20): -10, (18, 19): -5, (19, 33): 11, (19, 32): 2, (19, 31): -12, (19, 27): -9, (19, 25): -2, (19, 22): -10, (19, 21): 10, (20, 33): 13, (20, 29): 9, (20, 26): 4, (20, 25): -14, (20, 21): 3, (21, 32): -3, (21, 30): -14, (21, 27): -2, (21, 26): 8, (21, 23): -8, (22, 33): -6, (22, 32): -7, (22, 30): 6, (22, 29): -13, (22, 28): 6, (22, 26): -8, (22, 23): 2, (23, 30): 8, (23, 27): -8, (23, 26): -12, (23, 24): 9, (24, 30): -8, (24, 28): -9, (24, 27): -13, (24, 26): 2, (25, 29): 8, (25, 27): -6, (25, 26): 9, (26, 31): -10, (26, 30): -2, (26, 29): -14, (27, 32): 7, (27, 31): -14, (27, 30): -14, (27, 29): 11, (28, 32): 11, (28, 31): 1, (28, 29): 4, (30, 32): -6, (31, 33): 12, (31, 32): -3}
test1

{}
   1 33 31 29 27 19 16 15 14 11  8  7  4  3  2 32 28 26 ... 22 energy num_oc.
0 -1 +1 -1 +1 -1 -1 -1 -1 -1 +1 -1 +1 -1 -1 +1 +1 -1 +1 ... +1 -774.0      34
1 +1 -1 +1 -1 +1 +1 +1 +1 +1 -1 +1 -1 +1 +1 -1 -1 +1 -1 ... -1 -774.0      11
2 +1 -1 +1 -1 +1 +1 +1 +1 +1 -1 +1 -1 +1 +1 -1 -1 +1 -1 ... -1 -766.0       1
3 -1 +1 -1 +1 -1 -1 -1 -1 -1 +1 -1 +1 -1 -1 +1 +1 -1 +1 ... +1 -766.0       6
4 -1 +1 -1 +1 -1 -1 -1 -1 -1 +1 -1 +1 +1 -1 +1 +1 -1 +1 ... +1 -762.0       1
5 +1 -1 +1 -1 +1 +1 -1 +1 -1 +1 +1 -1 -1 +1 -1 +1 -1 +1 ... -1 -760.0       2
['SPIN', 6 rows, 55 samples, 33 variables]
energies=[-774.0, -774.0, -766.0, -766.0, -762.0, -760.0]
