Sample 0:-715
Sample 1:-907
Sample 2:-485
Sample 3:-645
Sample 4:-715
Sample 5:-733
Sample 6:-631
Sample 7:-871
Sample 8:-691
Sample 9:-865
Sample 10:-899
Sample 11:-845
Sample 12:-1011
Sample 13:-531
Sample 14:-879
Sample 15:-867
Sample 16:-759
Sample 17:-729
Sample 18:-329
Sample 19:-225
Sample 20:-595
Sample 21:-691
Sample 22:-933
Sample 23:-795
Sample 24:-883
Sample 25:-603
Sample 26:-709
Sample 27:-641
Sample 28:-689
Sample 29:87
Sample 30:-427
Sample 31:-875
Sample 32:-655
Sample 33:-523
Sample 34:-975
Sample 35:-655
Sample 36:-779
Sample 37:-351
Sample 38:-901
Sample 39:-791
Sample 40:-639
Sample 41:-693
Sample 42:87
Sample 43:-605
Sample 44:-443
Sample 45:-1031
Sample 46:-805
Sample 47:-769
Sample 48:-685
Sample 49:-725
Sample 50:-913
Sample 51:-567
Sample 52:-929
Sample 53:-335
Sample 54:-597
Sample 55:-939
Sample 56:-733
Sample 57:-943
Sample 58:-685
Sample 59:-321
Sample 60:-973
Sample 61:-655
Sample 62:-531
Sample 63:-867
Sample 64:-747
Sample 65:-507
Sample 66:-717
Sample 67:-589
Sample 68:-975
Sample 69:-905
Sample 70:-933
Sample 71:-997
Sample 72:-731
Sample 73:-987
Sample 74:-163
Sample 75:-897
Sample 76:-87
Sample 77:-725
Sample 78:-651
Sample 79:-515
Sample 80:-721
Sample 81:-951
Sample 82:-649
Sample 83:-897
Sample 84:-809
Sample 85:-425
Sample 86:-935
Sample 87:-821
Sample 88:-733
Sample 89:-787
Sample 90:-687
Sample 91:-835
Sample 92:-719
Sample 93:-595
Sample 94:87
Sample 95:-877
Sample 96:-935
Sample 97:-807
Sample 98:-803
Sample 99:-609
Best Ham: -1031
Sucess Probability: 96
Ham Average: -696.46
