Sample 0:-72
Sample 1:-64
Sample 2:-64
Sample 3:-38
Sample 4:-46
Sample 5:-58
Sample 6:-56
Sample 7:-16
Sample 8:-10
Sample 9:-64
Sample 10:-72
Sample 11:-56
Sample 12:0
Sample 13:-8
Sample 14:-64
Sample 15:-62
Sample 16:-68
Sample 17:-62
Sample 18:-68
Sample 19:-72
Sample 20:-6
Sample 21:-6
Sample 22:-72
Sample 23:-62
Sample 24:-46
Sample 25:-68
Sample 26:-72
Sample 27:-38
Sample 28:-68
Sample 29:-48
Sample 30:-62
Sample 31:-58
Sample 32:-72
Sample 33:-64
Sample 34:-8
Sample 35:-84
Sample 36:-80
Sample 37:-50
Sample 38:-78
Sample 39:-28
Sample 40:-10
Sample 41:-56
Sample 42:-52
Sample 43:-46
Sample 44:-50
Sample 45:-56
Sample 46:-68
Sample 47:-72
Sample 48:-56
Sample 49:-28
Sample 50:-26
Sample 51:88
Sample 52:-54
Sample 53:-64
Sample 54:-56
Sample 55:-72
Sample 56:-78
Sample 57:-56
Sample 58:-30
Sample 59:-68
Sample 60:-50
Sample 61:-56
Sample 62:-56
Sample 63:-72
Sample 64:-52
Sample 65:-78
Sample 66:-16
Sample 67:-62
Sample 68:-28
Sample 69:-56
Sample 70:-64
Sample 71:-58
Sample 72:-58
Sample 73:-66
Sample 74:-56
Sample 75:-64
Sample 76:-70
Sample 77:-28
Sample 78:-70
Sample 79:-50
Sample 80:20
Sample 81:-26
Sample 82:-48
Sample 83:-52
Sample 84:-6
Sample 85:-50
Sample 86:-46
Sample 87:-66
Sample 88:-26
Sample 89:-50
Sample 90:-64
Sample 91:-84
Sample 92:-56
Sample 93:-50
Sample 94:-64
Sample 95:-84
Sample 96:-52
Sample 97:-6
Sample 98:-78
Sample 99:-46
Best Ham: -84
Sucess Probability: 0
Ham Average: -50.44
