Sample 0:-133
Sample 1:-117
Sample 2:-117
Sample 3:-117
Sample 4:-133
Sample 5:-133
Sample 6:-117
Sample 7:-133
Sample 8:-133
Sample 9:-133
Sample 10:-133
Sample 11:-117
Sample 12:-133
Sample 13:-133
Sample 14:-133
Sample 15:-133
Sample 16:-117
Sample 17:-133
Sample 18:-117
Sample 19:-117
Sample 20:-133
Sample 21:-133
Sample 22:-117
Sample 23:-117
Sample 24:-117
Sample 25:-133
Sample 26:-133
Sample 27:-133
Sample 28:-133
Sample 29:-133
Sample 30:-117
Sample 31:-117
Sample 32:-133
Sample 33:-117
Sample 34:-117
Sample 35:-117
Sample 36:-117
Sample 37:-117
Sample 38:-117
Sample 39:-117
Sample 40:-133
Sample 41:-133
Sample 42:-117
Sample 43:-117
Sample 44:-117
Sample 45:-117
Sample 46:-133
Sample 47:-117
Sample 48:-117
Sample 49:-117
Sample 50:-117
Sample 51:-133
Sample 52:-117
Sample 53:-117
Sample 54:-133
Sample 55:-133
Sample 56:-117
Sample 57:-117
Sample 58:-117
Sample 59:-117
Sample 60:-133
Sample 61:-117
Sample 62:-117
Sample 63:-117
Sample 64:-133
Sample 65:-117
Sample 66:-117
Sample 67:-117
Sample 68:-117
Sample 69:-117
Sample 70:-117
Sample 71:-117
Sample 72:-133
Sample 73:-117
Sample 74:-117
Sample 75:-117
Sample 76:-117
Sample 77:-117
Sample 78:-117
Sample 79:-133
Sample 80:-117
Sample 81:-133
Sample 82:-117
Sample 83:-133
Sample 84:-117
Sample 85:-117
Sample 86:-117
Sample 87:-133
Sample 88:-133
Sample 89:-133
Sample 90:-117
Sample 91:-117
Sample 92:-117
Sample 93:-117
Sample 94:-133
Sample 95:-133
Sample 96:37
Sample 97:-133
Sample 98:-117
Sample 99:-117
Best Ham: -133
Sucess Probability: 0
Ham Average: -121.54
