Sample 0:-261
Sample 1:-261
Sample 2:-241
Sample 3:-235
Sample 4:-213
Sample 5:-241
Sample 6:-261
Sample 7:-235
Sample 8:-241
Sample 9:-241
Sample 10:-235
Sample 11:-241
Sample 12:-241
Sample 13:-241
Sample 14:-261
Sample 15:-267
Sample 16:-267
Sample 17:-229
Sample 18:-233
Sample 19:-227
Sample 20:-267
Sample 21:-241
Sample 22:-241
Sample 23:-227
Sample 24:-241
Sample 25:-241
Sample 26:-235
Sample 27:-241
Sample 28:-241
Sample 29:-235
Sample 30:-235
Sample 31:-235
Sample 32:-267
Sample 33:-241
Sample 34:-235
Sample 35:-235
Sample 36:-235
Sample 37:-261
Sample 38:-267
Sample 39:-235
Sample 40:-235
Sample 41:-261
Sample 42:-227
Sample 43:-241
Sample 44:-241
Sample 45:-235
Sample 46:-241
Sample 47:-261
Sample 48:-233
Sample 49:-235
Sample 50:-233
Sample 51:-261
Sample 52:-241
Sample 53:-235
Sample 54:-241
Sample 55:-227
Sample 56:-261
Sample 57:-261
Sample 58:-233
Sample 59:-241
Sample 60:-235
Sample 61:-261
Sample 62:-235
Sample 63:-235
Sample 64:-235
Sample 65:-235
Sample 66:-241
Sample 67:-261
Sample 68:-261
Sample 69:-235
Sample 70:-235
Sample 71:-241
Sample 72:-235
Sample 73:-267
Sample 74:-267
Sample 75:-267
Sample 76:-235
Sample 77:-261
Sample 78:-241
Sample 79:-233
Sample 80:-241
Sample 81:-241
Sample 82:-241
Sample 83:-241
Sample 84:-239
Sample 85:-261
Sample 86:-235
Sample 87:-227
Sample 88:-235
Sample 89:-227
Sample 90:-233
Sample 91:-241
Sample 92:-241
Sample 93:-233
Sample 94:-235
Sample 95:21
Sample 96:-267
Sample 97:-235
Sample 98:-241
Sample 99:-241
Best Ham: -267
Sucess Probability: 99
Ham Average: -240.22
