Sample 0:-684
Sample 1:-684
Sample 2:-684
Sample 3:-684
Sample 4:-684
Sample 5:-684
Sample 6:-684
Sample 7:-684
Sample 8:-684
Sample 9:-684
Sample 10:-684
Sample 11:-684
Sample 12:-684
Sample 13:-684
Sample 14:-684
Sample 15:-684
Sample 16:-684
Sample 17:-684
Sample 18:-684
Sample 19:-684
Sample 20:-684
Sample 21:-684
Sample 22:-684
Sample 23:-684
Sample 24:-684
Sample 25:-684
Sample 26:-684
Sample 27:-684
Sample 28:-684
Sample 29:-684
Sample 30:-684
Sample 31:-684
Sample 32:-684
Sample 33:-684
Sample 34:-684
Sample 35:-684
Sample 36:-684
Sample 37:-684
Sample 38:-684
Sample 39:-684
Sample 40:-684
Sample 41:-684
Sample 42:-684
Sample 43:-684
Sample 44:-684
Sample 45:-684
Sample 46:-684
Sample 47:-684
Sample 48:-684
Sample 49:-684
Sample 50:-684
Sample 51:-684
Sample 52:-684
Sample 53:-684
Sample 54:-684
Sample 55:-684
Sample 56:-684
Sample 57:-684
Sample 58:-684
Sample 59:-684
Sample 60:-684
Sample 61:-684
Sample 62:-684
Sample 63:-684
Sample 64:-684
Sample 65:-684
Sample 66:-684
Sample 67:-684
Sample 68:-684
Sample 69:-684
Sample 70:-684
Sample 71:-684
Sample 72:-684
Sample 73:-684
Sample 74:-684
Sample 75:-684
Sample 76:-684
Sample 77:-684
Sample 78:-684
Sample 79:-684
Sample 80:-684
Sample 81:-684
Sample 82:-684
Sample 83:-684
Sample 84:-684
Sample 85:-684
Sample 86:-684
Sample 87:-684
Sample 88:-684
Sample 89:-684
Sample 90:-684
Sample 91:-684
Sample 92:-684
Sample 93:-684
Sample 94:-684
Sample 95:-684
Sample 96:-684
Sample 97:14
Sample 98:-684
Sample 99:-684
Best Ham: -684
Sucess Probability: 99
Ham Average: -677.02
