Sample 0:-442
Sample 1:-442
Sample 2:-442
Sample 3:-442
Sample 4:-442
Sample 5:-442
Sample 6:-442
Sample 7:-442
Sample 8:-442
Sample 9:-442
Sample 10:-442
Sample 11:-442
Sample 12:-442
Sample 13:-442
Sample 14:-442
Sample 15:-442
Sample 16:-442
Sample 17:-442
Sample 18:-442
Sample 19:-442
Sample 20:-442
Sample 21:-442
Sample 22:-442
Sample 23:-442
Sample 24:-442
Sample 25:-442
Sample 26:-442
Sample 27:-442
Sample 28:-442
Sample 29:-406
Sample 30:-406
Sample 31:-406
Sample 32:-406
Sample 33:-406
Sample 34:50
Sample 35:-406
Sample 36:-390
Sample 37:-406
Sample 38:-406
Sample 39:-406
Sample 40:-406
Sample 41:-406
Sample 42:-406
Sample 43:-406
Sample 44:-406
Sample 45:-406
Sample 46:-406
Sample 47:-406
Sample 48:-406
Sample 49:-406
Sample 50:-406
Sample 51:-406
Sample 52:-406
Sample 53:-406
Sample 54:-406
Sample 55:-406
Sample 56:-406
Sample 57:-406
Sample 58:-406
Sample 59:-406
Sample 60:-406
Sample 61:-406
Sample 62:-406
Sample 63:-406
Sample 64:-406
Sample 65:-406
Sample 66:-406
Sample 67:-406
Sample 68:-406
Sample 69:-390
Sample 70:-390
Sample 71:-406
Sample 72:-406
Sample 73:-406
Sample 74:-406
Sample 75:-406
Sample 76:-406
Sample 77:-406
Sample 78:-406
Sample 79:-406
Sample 80:-204
Sample 81:-406
Sample 82:-406
Sample 83:-406
Sample 84:-406
Sample 85:-406
Sample 86:-406
Sample 87:-406
Sample 88:-406
Sample 89:-406
Sample 90:-406
Sample 91:-406
Sample 92:-406
Sample 93:-406
Sample 94:-390
Sample 95:-406
Sample 96:-406
Sample 97:-270
Sample 98:-406
Sample 99:-390
Best Ham: -442
Sucess Probability: 99
Ham Average: -407.7
