Sample 0:-377
Sample 1:-377
Sample 2:-377
Sample 3:-377
Sample 4:-377
Sample 5:-377
Sample 6:-377
Sample 7:-377
Sample 8:-377
Sample 9:-377
Sample 10:-377
Sample 11:-377
Sample 12:-377
Sample 13:-377
Sample 14:-377
Sample 15:-377
Sample 16:-377
Sample 17:-377
Sample 18:-377
Sample 19:-377
Sample 20:-377
Sample 21:-377
Sample 22:-377
Sample 23:-377
Sample 24:-377
Sample 25:-377
Sample 26:-377
Sample 27:-377
Sample 28:-377
Sample 29:-377
Sample 30:-377
Sample 31:-377
Sample 32:-377
Sample 33:-377
Sample 34:-377
Sample 35:-377
Sample 36:-377
Sample 37:-377
Sample 38:-377
Sample 39:-377
Sample 40:-377
Sample 41:-377
Sample 42:-377
Sample 43:-377
Sample 44:-377
Sample 45:-377
Sample 46:-377
Sample 47:-377
Sample 48:-377
Sample 49:-377
Sample 50:-377
Sample 51:-377
Sample 52:-377
Sample 53:-377
Sample 54:-377
Sample 55:-377
Sample 56:-377
Sample 57:-377
Sample 58:-377
Sample 59:-377
Sample 60:-377
Sample 61:-377
Sample 62:-377
Sample 63:-377
Sample 64:-377
Sample 65:-377
Sample 66:-377
Sample 67:-377
Sample 68:-377
Sample 69:-377
Sample 70:-377
Sample 71:-377
Sample 72:-377
Sample 73:-377
Sample 74:-377
Sample 75:-377
Sample 76:-377
Sample 77:-377
Sample 78:-377
Sample 79:-377
Sample 80:-377
Sample 81:-377
Sample 82:-377
Sample 83:-377
Sample 84:-377
Sample 85:-377
Sample 86:-377
Sample 87:-377
Sample 88:-377
Sample 89:-377
Sample 90:-377
Sample 91:-377
Sample 92:75
Sample 93:-377
Sample 94:-377
Sample 95:-377
Sample 96:-377
Sample 97:-377
Sample 98:-377
Sample 99:-377
Best Ham: -377
Sucess Probability: 99
Ham Average: -372.48
