Sample 0:-69
Sample 1:-79
Sample 2:-65
Sample 3:-129
Sample 4:-69
Sample 5:-103
Sample 6:-63
Sample 7:-63
Sample 8:-65
Sample 9:-63
Sample 10:-63
Sample 11:3
Sample 12:-103
Sample 13:-69
Sample 14:-85
Sample 15:-65
Sample 16:-63
Sample 17:-3
Sample 18:-65
Sample 19:-17
Sample 20:-67
Sample 21:-63
Sample 22:-63
Sample 23:-65
Sample 24:-69
Sample 25:-103
Sample 26:27
Sample 27:-63
Sample 28:-63
Sample 29:-63
Sample 30:-65
Sample 31:-81
Sample 32:-63
Sample 33:-3
Sample 34:3
Sample 35:-65
Sample 36:-63
Sample 37:3
Sample 38:-105
Sample 39:-121
Sample 40:-65
Sample 41:-63
Sample 42:-39
Sample 43:-63
Sample 44:-103
Sample 45:-63
Sample 46:-63
Sample 47:-63
Sample 48:-63
Sample 49:-63
Sample 50:-105
Sample 51:-63
Sample 52:-65
Sample 53:-9
Sample 54:-65
Sample 55:-65
Sample 56:-15
Sample 57:-105
Sample 58:-109
Sample 59:-65
Sample 60:-63
Sample 61:-63
Sample 62:-63
Sample 63:-79
Sample 64:-65
Sample 65:-65
Sample 66:-65
Sample 67:-19
Sample 68:-63
Sample 69:-103
Sample 70:-81
Sample 71:27
Sample 72:27
Sample 73:25
Sample 74:-69
Sample 75:-63
Sample 76:-79
Sample 77:-119
Sample 78:-105
Sample 79:-21
Sample 80:25
Sample 81:-63
Sample 82:-65
Sample 83:-103
Sample 84:-63
Sample 85:-63
Sample 86:-121
Sample 87:-63
Sample 88:9
Sample 89:-63
Sample 90:-5
Sample 91:-117
Sample 92:-15
Sample 93:-79
Sample 94:3
Sample 95:-69
Sample 96:-63
Sample 97:-79
Sample 98:-79
Sample 99:-67
Best Ham: -129
Sucess Probability: 0
Ham Average: -60.1
