Sample 0:-1536
Sample 1:-1698
Sample 2:-1264
Sample 3:-1162
Sample 4:-1162
Sample 5:-1162
Sample 6:-1162
Sample 7:-1162
Sample 8:-1162
Sample 9:-1162
Sample 10:-1162
Sample 11:-1162
Sample 12:-1162
Sample 13:-1162
Sample 14:-1162
Sample 15:-1162
Sample 16:-1162
Sample 17:-1162
Sample 18:-1162
Sample 19:-1162
Sample 20:-1162
Sample 21:-1162
Sample 22:-1162
Sample 23:-1162
Sample 24:-1162
Sample 25:-1162
Sample 26:-1162
Sample 27:-1162
Sample 28:-1162
Sample 29:-1162
Sample 30:-1050
Sample 31:-1162
Sample 32:-1162
Sample 33:-1162
Sample 34:-1264
Sample 35:-1264
Sample 36:-1162
Sample 37:-1162
Sample 38:-1162
Sample 39:-1162
Sample 40:-1162
Sample 41:-1162
Sample 42:-1162
Sample 43:-1264
Sample 44:-1162
Sample 45:-1162
Sample 46:-1162
Sample 47:-1162
Sample 48:-1162
Sample 49:-1264
Sample 50:242
Sample 51:-1264
Sample 52:-1410
Sample 53:-1162
Sample 54:-1162
Sample 55:-1264
Sample 56:-1162
Sample 57:-1162
Sample 58:-1162
Sample 59:-1264
Sample 60:-1162
Sample 61:-1410
Sample 62:-1410
Sample 63:-1162
Sample 64:-1264
Sample 65:242
Sample 66:-1162
Sample 67:-1264
Sample 68:-1162
Sample 69:-1162
Sample 70:-1264
Sample 71:-1264
Sample 72:-1162
Sample 73:-1264
Sample 74:-1264
Sample 75:-1162
Sample 76:-1162
Sample 77:-1162
Sample 78:-1162
Sample 79:-1162
Sample 80:-1162
Sample 81:-1162
Sample 82:-1162
Sample 83:-1264
Sample 84:-1162
Sample 85:-1162
Sample 86:-1162
Sample 87:-1162
Sample 88:-1162
Sample 89:-1162
Sample 90:-1162
Sample 91:-1162
Sample 92:-1162
Sample 93:-1162
Sample 94:242
Sample 95:-1162
Sample 96:-1162
Sample 97:-1162
Sample 98:-1162
Sample 99:-1162
Best Ham: -1698
Sucess Probability: 97
Ham Average: -1150.6
