Sample 0:-360
Sample 1:-448
Sample 2:-416
Sample 3:-230
Sample 4:-342
Sample 5:-396
Sample 6:-84
Sample 7:108
Sample 8:-406
Sample 9:-236
Sample 10:-416
Sample 11:-402
Sample 12:-456
Sample 13:-414
Sample 14:-428
Sample 15:-446
Sample 16:-358
Sample 17:-450
Sample 18:42
Sample 19:-360
Sample 20:-464
Sample 21:-332
Sample 22:-478
Sample 23:-288
Sample 24:-328
Sample 25:-300
Sample 26:76
Sample 27:-496
Sample 28:-496
Sample 29:-406
Sample 30:-250
Sample 31:-402
Sample 32:-454
Sample 33:-312
Sample 34:-134
Sample 35:-318
Sample 36:-496
Sample 37:-396
Sample 38:-318
Sample 39:-428
Sample 40:-322
Sample 41:-428
Sample 42:-132
Sample 43:-478
Sample 44:-478
Sample 45:-440
Sample 46:-360
Sample 47:-460
Sample 48:-360
Sample 49:-396
Sample 50:-482
Sample 51:-370
Sample 52:-482
Sample 53:-366
Sample 54:-166
Sample 55:-420
Sample 56:-346
Sample 57:-504
Sample 58:-454
Sample 59:-312
Sample 60:-184
Sample 61:-394
Sample 62:-346
Sample 63:-478
Sample 64:-372
Sample 65:-466
Sample 66:-442
Sample 67:-158
Sample 68:-452
Sample 69:-406
Sample 70:-280
Sample 71:-106
Sample 72:-372
Sample 73:-474
Sample 74:-464
Sample 75:-222
Sample 76:-504
Sample 77:-262
Sample 78:-188
Sample 79:-346
Sample 80:-416
Sample 81:-182
Sample 82:-468
Sample 83:-26
Sample 84:-252
Sample 85:200
Sample 86:-346
Sample 87:-214
Sample 88:-372
Sample 89:-74
Sample 90:-446
Sample 91:-450
Sample 92:-496
Sample 93:-288
Sample 94:-112
Sample 95:-496
Sample 96:-334
Sample 97:-496
Sample 98:-394
Sample 99:-348
Best Ham: -504
Sucess Probability: 89
Ham Average: -342.0
