[[ 1  0  0 ...  0  0  7]
 [ 1  0  0 ...  0  7  0]
 [ 1  0  0 ...  7  0  0]
 ...
 [ 1 -1  7 ...  0  0  0]
 [ 1  7 -2 ...  0  0  0]
 [ 7  1  1 ...  1  1  1]]
-2
test

{(1, 28): -8, (1, 27): -4, (1, 26): -9, (1, 25): -4, (1, 24): 8, (1, 23): 9, (1, 22): 11, (1, 21): 9, (1, 20): -12, (1, 19): 11, (1, 18): 4, (1, 17): -9, (1, 16): -8, (1, 15): 1, (1, 14): -1, (1, 13): 3, (1, 12): -4, (1, 11): -1, (1, 10): 9, (1, 9): -5, (1, 8): -10, (1, 7): 2, (1, 6): 2, (1, 4): -12, (1, 3): -8, (1, 2): 3, (2, 29): -13, (2, 28): -6, (2, 27): 5, (2, 26): -13, (2, 24): 14, (2, 23): -5, (2, 22): -8, (2, 21): 5, (2, 20): -7, (2, 19): -4, (2, 18): 2, (2, 16): 14, (2, 15): 8, (2, 14): -6, (2, 13): 4, (2, 12): 5, (2, 10): 13, (2, 9): 6, (2, 8): 3, (2, 6): -12, (2, 4): -5, (2, 3): 5, (3, 29): -4, (3, 28): 11, (3, 27): -13, (3, 26): -9, (3, 25): -12, (3, 24): -11, (3, 22): 14, (3, 21): -2, (3, 20): -6, (3, 19): 10, (3, 17): -2, (3, 16): -3, (3, 15): -7, (3, 14): -4, (3, 13): -6, (3, 12): -9, (3, 11): -11, (3, 10): -14, (3, 9): 7, (3, 8): -12, (3, 6): -14, (3, 5): -4, (3, 4): -12, (4, 29): 6, (4, 27): -14, (4, 26): -9, (4, 25): -6, (4, 23): 2, (4, 22): 1, (4, 21): -11, (4, 20): -9, (4, 19): 10, (4, 18): 2, (4, 17): 11, (4, 16): -12, (4, 15): 3, (4, 14): -12, (4, 13): -9, (4, 12): 3, (4, 10): 7, (4, 9): 10, (4, 8): -2, (4, 7): -11, (4, 6): -6, (4, 5): -4, (5, 29): 14, (5, 28): 11, (5, 27): -8, (5, 26): 6, (5, 24): -8, (5, 23): -6, (5, 22): -1, (5, 21): 4, (5, 20): 12, (5, 19): 9, (5, 18): 7, (5, 17): 14, (5, 16): -9, (5, 15): -6, (5, 12): -8, (5, 11): 13, (5, 10): -12, (5, 9): -10, (5, 8): -8, (5, 7): -3, (5, 6): 6, (6, 29): 3, (6, 28): -5, (6, 27): -7, (6, 26): -10, (6, 25): -10, (6, 24): 2, (6, 23): -6, (6, 21): -2, (6, 20): 1, (6, 19): -6, (6, 18): -7, (6, 17): 3, (6, 16): -12, (6, 15): 12, (6, 13): -13, (6, 12): 7, (6, 11): -7, (6, 10): 9, (6, 9): 11, (6, 8): 10, (6, 7): 6, (7, 29): -1, (7, 28): 4, (7, 27): -3, (7, 26): -6, (7, 25): 13, (7, 24): 7, (7, 23): -7, (7, 22): -2, (7, 21): 1, (7, 20): -11, (7, 19): 13, (7, 18): -10, (7, 17): 10, (7, 16): -13, (7, 15): -13, (7, 14): 9, (7, 13): 14, (7, 12): 5, (7, 11): -12, (7, 10): -3, (7, 9): 10, (7, 8): -3, (8, 29): -1, (8, 28): -3, (8, 27): 8, (8, 26): -13, (8, 25): 3, (8, 24): -14, (8, 23): -4, (8, 22): 10, (8, 21): 4, (8, 20): -2, (8, 19): 11, (8, 18): 14, (8, 17): 2, (8, 16): 1, (8, 15): -8, (8, 14): -9, (8, 13): 10, (8, 12): -2, (8, 11): -11, (8, 10): 4, (8, 9): 11, (9, 29): -5, (9, 28): 10, (9, 26): -13, (9, 25): 13, (9, 24): 1, (9, 23): 8, (9, 22): -6, (9, 21): -11, (9, 20): -11, (9, 19): -9, (9, 18): 11, (9, 17): -9, (9, 16): 10, (9, 15): -8, (9, 13): 1, (9, 12): 7, (9, 11): 11, (9, 10): 10, (10, 29): -1, (10, 28): -14, (10, 27): -1, (10, 26): 3, (10, 25): 9, (10, 24): -2, (10, 23): 10, (10, 22): -3, (10, 21): -13, (10, 20): -8, (10, 19): -12, (10, 18): 12, (10, 17): 12, (10, 16): -14, (10, 15): 13, (10, 13): -5, (10, 12): 6, (10, 11): -8, (11, 29): 6, (11, 27): -13, (11, 26): -5, (11, 25): 13, (11, 24): -1, (11, 23): 14, (11, 22): 7, (11, 21): 10, (11, 18): 12, (11, 17): 8, (11, 16): 7, (11, 15): 3, (11, 14): -14, (11, 13): 13, (11, 12): -10, (12, 29): 4, (12, 28): -9, (12, 27): 10, (12, 26): -14, (12, 25): -5, (12, 24): -8, (12, 23): -11, (12, 22): 13, (12, 21): 13, (12, 20): -6, (12, 19): -6, (12, 18): 10, (12, 17): -11, (12, 16): -8, (12, 15): 1, (12, 14): 12, (12, 13): -5, (13, 29): -6, (13, 28): -8, (13, 27): 12, (13, 26): 5, (13, 25): 6, (13, 24): -12, (13, 23): -2, (13, 22): -13, (13, 21): -12, (13, 20): -13, (13, 19): -12, (13, 17): -6, (13, 16): -9, (13, 15): -2, (13, 14): 3, (14, 29): -12, (14, 28): -12, (14, 27): -11, (14, 26): -10, (14, 25): -7, (14, 24): 6, (14, 23): 1, (14, 21): -4, (14, 19): 9, (14, 18): -10, (14, 17): 5, (14, 16): 5, (14, 15): -6, (15, 28): -1, (15, 26): -2, (15, 25): 12, (15, 24): 14, (15, 23): 3, (15, 22): 8, (15, 21): 12, (15, 20): -11, (15, 19): 4, (15, 18): 2, (15, 17): -12, (15, 16): 3, (16, 28): -1, (16, 27): 8, (16, 26): 9, (16, 25): 7, (16, 24): -13, (16, 23): 8, (16, 22): 7, (16, 21): -11, (16, 20): -6, (16, 19): 13, (16, 18): -4, (16, 17): 4, (17, 29): 4, (17, 28): 10, (17, 27): -13, (17, 26): -10, (17, 25): -12, (17, 23): 6, (17, 22): 13, (17, 21): 14, (17, 20): -2, (17, 19): -8, (17, 18): 6, (18, 27): 9, (18, 26): -11, (18, 25): -7, (18, 24): -4, (18, 23): 7, (18, 22): 7, (18, 21): 3, (18, 20): -12, (18, 19): 9, (19, 29): 2, (19, 28): -11, (19, 27): -11, (19, 26): -10, (19, 25): -14, (19, 23): 14, (19, 22): 3, (19, 21): 14, (19, 20): 3, (20, 29): 14, (20, 28): 6, (20, 27): 12, (20, 26): 3, (20, 25): 8, (20, 24): 13, (20, 23): -11, (20, 22): -10, (20, 21): 9, (21, 29): -7, (21, 28): -11, (21, 27): -9, (21, 25): 7, (21, 24): -3, (21, 23): -11, (21, 22): 8, (22, 29): -11, (22, 28): -11, (22, 27): -8, (22, 25): -12, (22, 24): -10, (22, 23): 12, (23, 28): 7, (23, 27): 14, (23, 26): -3, (24, 29): 10, (24, 28): -14, (24, 27): -1, (24, 25): -4, (25, 29): -12, (25, 28): 8, (25, 27): -9, (25, 26): 10, (26, 29): 10, (26, 28): 7, (26, 27): 11, (27, 29): -13, (27, 28): 3}
test1

{}
   1 28 27 26 25 24 23 22 21 20 19 18 17 16 15 14 13 12 ...  5 energy num_oc.
0 -1 +1 +1 -1 +1 +1 -1 +1 +1 -1 +1 +1 -1 +1 -1 +1 +1 -1 ... -1 -889.0      22
1 +1 -1 -1 +1 -1 -1 +1 -1 -1 +1 -1 -1 +1 -1 +1 -1 -1 +1 ... +1 -889.0      18
2 -1 +1 +1 -1 +1 +1 -1 +1 +1 -1 +1 +1 -1 +1 -1 +1 +1 -1 ... -1 -885.0       4
3 -1 +1 +1 -1 +1 +1 -1 +1 +1 -1 +1 -1 +1 -1 -1 -1 +1 -1 ... -1 -883.0       9
4 +1 +1 -1 +1 -1 +1 +1 -1 +1 +1 -1 +1 -1 +1 +1 +1 +1 +1 ... +1 -879.0       1
['SPIN', 5 rows, 54 samples, 29 variables]
energies=[-889.0, -889.0, -885.0, -883.0, -879.0]
