[[1 0 0 ... 0 0 7]
 [1 0 0 ... 0 7 0]
 [1 0 0 ... 7 0 0]
 ...
 [1 7 7 ... 0 0 0]
 [1 7 6 ... 0 0 0]
 [7 1 1 ... 1 1 1]]
6
test

{(1, 24): -8, (1, 20): 1, (1, 9): 6, (1, 6): 3, (1, 2): -13, (2, 25): -1, (2, 24): -9, (2, 22): 9, (2, 19): 3, (2, 18): 4, (2, 16): -1, (2, 13): 8, (2, 12): 5, (2, 10): -10, (2, 9): -3, (2, 7): 7, (3, 23): 8, (3, 21): -8, (3, 20): 5, (3, 17): 14, (3, 15): -6, (3, 13): 11, (3, 11): -10, (3, 9): 3, (3, 7): 5, (3, 5): -14, (4, 24): 13, (4, 23): -1, (4, 22): -8, (4, 19): 5, (4, 18): -8, (4, 17): -7, (4, 14): -14, (4, 10): 1, (4, 9): 3, (4, 8): -8, (4, 7): -9, (5, 25): 12, (5, 24): -14, (5, 22): -5, (5, 19): 9, (5, 17): 6, (5, 15): -1, (5, 11): -2, (5, 10): 11, (5, 7): 9, (6, 16): 7, (6, 14): 14, (6, 13): -11, (6, 12): 7, (7, 16): 2, (7, 15): -2, (7, 11): 11, (7, 8): -12, (8, 23): 4, (8, 22): 1, (8, 19): 10, (8, 17): 2, (8, 16): 8, (8, 15): -11, (8, 12): 1, (9, 22): 9, (9, 21): 4, (9, 17): 5, (9, 15): 3, (9, 14): -11, (9, 11): -1, (10, 24): 2, (10, 21): -14, (10, 20): -6, (10, 19): -4, (10, 18): 12, (10, 15): -10, (10, 12): -5, (10, 11): -1, (11, 23): 9, (11, 19): -8, (11, 13): -2, (11, 12): -11, (12, 25): -6, (12, 20): -5, (12, 17): 6, (12, 13): -3, (13, 25): 7, (13, 23): 11, (13, 22): -10, (13, 20): 14, (13, 19): -4, (13, 17): -2, (13, 15): 11, (14, 23): 11, (14, 22): 10, (14, 19): 11, (14, 18): -7, (14, 15): -10, (15, 21): -10, (15, 17): 9, (16, 25): 3, (16, 22): 13, (16, 18): 9, (17, 22): -9, (17, 18): -7, (18, 25): -4, (18, 24): -7, (18, 23): -6, (18, 21): -9, (18, 20): -5, (20, 25): -13, (20, 23): -3, (20, 22): -3, (20, 21): 6, (21, 25): 5, (21, 24): 9, (21, 23): -2, (21, 22): 13, (22, 25): -3, (22, 24): 6, (23, 25): 12, (23, 24): 11, (24, 25): -3}
test1

{}
   1 24 20  9  6  2 25 22 19 18 16 13 12 10  7  3 23 21 ...  8 energy num_oc.
0 -1 -1 -1 -1 +1 -1 -1 +1 +1 +1 -1 +1 -1 -1 +1 -1 +1 -1 ... +1 -449.0      15
1 -1 -1 -1 -1 +1 -1 -1 +1 -1 +1 -1 +1 -1 -1 +1 -1 +1 -1 ... +1 -449.0       6
2 +1 +1 +1 +1 -1 +1 +1 -1 -1 -1 +1 -1 +1 +1 -1 +1 -1 +1 ... -1 -449.0       6
3 +1 +1 +1 +1 -1 +1 +1 -1 +1 -1 +1 -1 +1 +1 -1 +1 -1 +1 ... -1 -449.0      16
4 -1 -1 +1 -1 +1 -1 +1 +1 -1 +1 -1 +1 -1 -1 +1 -1 +1 -1 ... +1 -441.0       9
['SPIN', 5 rows, 52 samples, 25 variables]
energies=[-449.0, -449.0, -449.0, -449.0, -441.0]
