Sample 0:-491
Sample 1:-1069
Sample 2:-1069
Sample 3:-1069
Sample 4:-1069
Sample 5:-1069
Sample 6:-1069
Sample 7:-1069
Sample 8:-1069
Sample 9:-805
Sample 10:-805
Sample 11:-805
Sample 12:-805
Sample 13:-805
Sample 14:-805
Sample 15:-805
Sample 16:-805
Sample 17:-805
Sample 18:-805
Sample 19:-923
Sample 20:-805
Sample 21:-805
Sample 22:-805
Sample 23:-805
Sample 24:-805
Sample 25:-805
Sample 26:-805
Sample 27:-923
Sample 28:-923
Sample 29:-805
Sample 30:-805
Sample 31:-805
Sample 32:-805
Sample 33:-805
Sample 34:-805
Sample 35:-805
Sample 36:-805
Sample 37:-805
Sample 38:-805
Sample 39:-805
Sample 40:-923
Sample 41:-923
Sample 42:-923
Sample 43:-923
Sample 44:-805
Sample 45:-923
Sample 46:-805
Sample 47:-805
Sample 48:-923
Sample 49:-923
Sample 50:-805
Sample 51:-805
Sample 52:-923
Sample 53:-805
Sample 54:-923
Sample 55:-805
Sample 56:-805
Sample 57:-923
Sample 58:-805
Sample 59:-805
Sample 60:-805
Sample 61:-805
Sample 62:-805
Sample 63:-805
Sample 64:-805
Sample 65:-805
Sample 66:-805
Sample 67:-923
Sample 68:-805
Sample 69:-805
Sample 70:-923
Sample 71:-805
Sample 72:-805
Sample 73:-805
Sample 74:-805
Sample 75:-805
Sample 76:-805
Sample 77:-805
Sample 78:-805
Sample 79:-805
Sample 80:-805
Sample 81:-805
Sample 82:-805
Sample 83:-805
Sample 84:-805
Sample 85:-805
Sample 86:-805
Sample 87:-805
Sample 88:-805
Sample 89:-805
Sample 90:-805
Sample 91:-805
Sample 92:-805
Sample 93:-805
Sample 94:-805
Sample 95:-923
Sample 96:235
Sample 97:-805
Sample 98:-805
Sample 99:-805
Best Ham: -1069
Sucess Probability: 99
Ham Average: -831.46
