[[1 0 0 ... 0 0 7]
 [1 0 0 ... 0 7 0]
 [1 0 0 ... 7 0 0]
 ...
 [1 6 7 ... 0 0 0]
 [1 7 6 ... 0 0 0]
 [7 1 1 ... 1 1 1]]
6
test

{(1, 20): -13, (1, 19): -6, (1, 18): 2, (1, 17): 9, (1, 15): -6, (1, 13): -7, (1, 12): -6, (1, 9): -14, (1, 7): -6, (1, 6): -14, (1, 5): 11, (1, 2): -12, (2, 20): -7, (2, 17): -6, (2, 16): -6, (2, 13): 1, (2, 12): 12, (2, 11): -8, (2, 8): 9, (2, 7): 3, (2, 4): -3, (2, 3): -13, (3, 15): 2, (3, 14): 5, (3, 13): -2, (3, 12): 6, (3, 11): 6, (3, 10): -8, (3, 9): 12, (3, 6): 6, (3, 5): 11, (4, 20): -9, (4, 19): 6, (4, 16): -13, (4, 15): 14, (4, 14): -5, (4, 11): -12, (4, 8): -11, (4, 7): -5, (4, 6): -10, (4, 5): 7, (5, 20): 8, (5, 19): -10, (5, 18): 9, (5, 17): 13, (5, 15): 6, (5, 14): -3, (5, 13): 7, (5, 11): -3, (5, 8): 3, (5, 7): -11, (5, 6): -14, (6, 19): 7, (6, 18): 12, (6, 16): -6, (6, 14): 3, (6, 12): 11, (6, 7): -2, (7, 20): 11, (7, 19): 8, (7, 18): -12, (7, 17): -12, (7, 16): -7, (7, 14): -5, (7, 12): 12, (7, 11): 10, (7, 10): 2, (7, 9): 2, (7, 8): -9, (8, 20): 8, (8, 19): 3, (8, 18): -2, (8, 17): -4, (8, 16): 12, (8, 15): 10, (8, 14): 14, (8, 12): 11, (8, 11): -14, (9, 16): -7, (9, 15): -2, (9, 14): 9, (9, 13): 6, (9, 12): -12, (9, 10): -8, (10, 19): 11, (10, 17): 5, (10, 16): 1, (10, 14): 2, (10, 12): -1, (11, 20): 5, (11, 19): -8, (11, 18): 9, (11, 17): -14, (11, 13): 2, (11, 12): -5, (12, 20): -11, (12, 19): 3, (12, 18): -13, (12, 16): -1, (13, 20): -6, (13, 18): 7, (13, 15): -6, (14, 20): -8, (14, 18): -12, (14, 16): 2, (15, 20): 11, (15, 19): 13, (15, 17): -11, (15, 16): 6, (16, 19): 7, (16, 18): -8, (17, 20): 1, (17, 19): -2, (18, 20): 11}
test1

{}
   1 20 19 18 17 15 13 12  9  7  6  5  2 16 11  8  4  3 14 10 energy num_oc.
0 -1 -1 +1 -1 +1 -1 -1 -1 -1 +1 +1 +1 -1 -1 +1 +1 +1 -1 -1 -1 -320.0      15
1 +1 +1 -1 +1 -1 +1 +1 +1 +1 -1 -1 -1 +1 +1 -1 -1 -1 +1 +1 +1 -320.0      16
2 +1 +1 +1 -1 -1 -1 -1 +1 +1 -1 +1 +1 +1 +1 +1 -1 +1 -1 +1 -1 -314.0      10
3 -1 -1 -1 +1 -1 +1 -1 +1 +1 +1 -1 +1 -1 +1 -1 -1 -1 -1 +1 +1 -302.0       4
4 +1 +1 +1 -1 +1 -1 +1 -1 -1 -1 +1 -1 +1 -1 +1 +1 +1 +1 -1 -1 -302.0       9
['SPIN', 5 rows, 54 samples, 20 variables]
energies=[-320.0, -320.0, -314.0, -302.0, -302.0]
