[[1 0 0 ... 0 0 7]
 [1 0 0 ... 0 7 0]
 [1 0 0 ... 7 0 0]
 ...
 [1 0 7 ... 0 0 0]
 [1 7 0 ... 0 0 0]
 [7 1 1 ... 1 1 1]]
0
test

{(1, 32): -1, (1, 28): 14, (1, 26): 4, (1, 22): 3, (1, 21): 12, (1, 19): -4, (1, 18): 4, (2, 41): 2, (2, 30): 8, (2, 25): -7, (2, 24): -14, (2, 23): -8, (2, 22): -11, (2, 21): -12, (2, 7): 11, (2, 6): -2, (3, 42): 3, (3, 41): 9, (3, 37): 12, (3, 32): 11, (3, 26): -6, (3, 25): -2, (3, 18): 4, (3, 17): 1, (3, 15): 11, (3, 8): 11, (3, 7): 13, (3, 5): 5, (3, 4): -1, (4, 43): -1, (4, 34): -8, (4, 29): -10, (4, 28): 11, (4, 25): 10, (4, 23): 4, (4, 19): 3, (4, 16): 4, (4, 15): -6, (4, 12): -13, (4, 9): 13, (4, 7): 2, (5, 40): -1, (5, 38): -14, (5, 37): -8, (5, 36): -5, (5, 35): 2, (5, 32): -13, (5, 27): -8, (5, 26): 13, (5, 23): -11, (5, 22): 13, (5, 18): 10, (5, 16): -5, (5, 15): -4, (5, 14): 14, (6, 43): -9, (6, 37): -6, (6, 35): -1, (6, 30): 6, (6, 29): 5, (6, 27): 1, (6, 22): -13, (6, 21): -1, (6, 16): 9, (6, 11): 9, (6, 10): 8, (6, 8): 4, (6, 7): 3, (7, 43): -11, (7, 42): -10, (7, 40): 4, (7, 37): -2, (7, 36): -12, (7, 34): -14, (7, 33): -4, (7, 29): 11, (7, 27): 8, (7, 26): -10, (7, 21): 13, (7, 19): 14, (7, 13): -11, (7, 12): -6, (7, 11): -6, (8, 39): 13, (8, 37): 11, (8, 34): 12, (8, 32): -10, (8, 24): 5, (8, 23): -13, (8, 17): -13, (9, 41): 10, (9, 39): 4, (9, 38): 7, (9, 35): 13, (9, 31): 4, (9, 29): -14, (9, 27): 5, (9, 25): 4, (9, 24): -2, (9, 20): -3, (9, 19): 2, (9, 12): 9, (9, 10): 5, (10, 37): 10, (10, 33): -2, (10, 32): -3, (10, 29): 5, (10, 28): -3, (10, 26): 11, (10, 22): 13, (10, 21): -6, (10, 16): 13, (10, 14): 8, (10, 13): -8, (10, 12): 14, (11, 43): 12, (11, 42): 10, (11, 39): -8, (11, 34): -1, (11, 31): -3, (11, 27): 4, (11, 26): 7, (11, 23): 7, (11, 17): -12, (11, 16): -3, (11, 15): 6, (12, 42): 13, (12, 40): -6, (12, 33): 2, (12, 32): 10, (12, 28): 13, (12, 27): -11, (12, 25): 14, (13, 39): -8, (13, 37): -2, (13, 34): -9, (13, 24): -4, (13, 23): -10, (14, 35): 11, (14, 33): 11, (14, 32): 1, (14, 29): 10, (14, 26): 4, (14, 23): -11, (14, 16): 3, (15, 42): -13, (15, 33): 5, (15, 30): 11, (15, 29): -2, (15, 26): 4, (15, 23): -4, (15, 19): 14, (15, 16): -2, (16, 43): -13, (16, 31): 11, (16, 29): 1, (16, 27): -12, (16, 20): -6, (16, 18): -11, (17, 43): -2, (17, 41): -6, (17, 40): -14, (17, 39): -12, (17, 38): 11, (17, 37): 2, (17, 34): 2, (17, 30): -14, (18, 40): -1, (18, 38): 9, (18, 36): 2, (18, 35): 14, (18, 33): -10, (18, 30): 9, (18, 27): 13, (18, 22): 12, (18, 19): 9, (19, 35): 6, (19, 34): 3, (19, 31): -4, (19, 29): 6, (19, 24): -14, (20, 41): -4, (20, 40): -7, (20, 39): 12, (20, 38): 3, (20, 34): 10, (20, 33): -11, (20, 32): -5, (20, 30): 12, (20, 21): -4, (21, 41): -11, (21, 40): -4, (21, 35): 11, (21, 30): -8, (21, 28): -6, (21, 24): 1, (22, 39): -5, (22, 38): 5, (22, 37): -7, (22, 34): 11, (22, 33): 6, (22, 28): 6, (22, 24): -6, (23, 39): 7, (23, 36): -11, (23, 35): -5, (23, 31): -5, (23, 25): 12, (24, 41): -3, (24, 37): 10, (24, 35): 10, (24, 33): -3, (24, 31): -5, (24, 26): 3, (24, 25): -8, (25, 41): 13, (25, 39): 9, (25, 32): -13, (25, 31): -1, (25, 28): 1, (26, 42): 13, (26, 41): -2, (26, 39): -6, (26, 32): 13, (26, 31): 2, (26, 30): -13, (27, 36): 12, (27, 34): 14, (27, 32): 5, (27, 30): 8, (28, 37): -2, (28, 36): 5, (28, 35): 7, (29, 42): -8, (29, 38): -14, (29, 35): -6, (29, 34): -8, (29, 32): -10, (29, 31): 10, (29, 30): 8, (30, 42): 7, (30, 41): -1, (30, 40): -2, (30, 38): 10, (30, 36): -9, (30, 34): -1, (30, 33): 6, (30, 32): 7, (31, 43): -8, (31, 35): 10, (32, 40): -6, (32, 38): -4, (32, 34): -6, (32, 33): 1, (33, 43): 11, (33, 40): -9, (33, 35): 7, (33, 34): 6, (34, 43): 9, (34, 41): -1, (34, 38): -10, (35, 41): 14, (35, 39): -14, (35, 37): 13, (36, 43): -5, (36, 41): -9, (36, 39): 10, (37, 40): -13, (39, 43): 2, (39, 41): 7, (40, 42): 13}
test1

{}
   1 32 28 26 22 21 19 18  2 41 30 25 24 23  7  6  3 42 ... 20 energy num_oc.
0 +1 -1 -1 +1 +1 -1 +1 -1 -1 -1 +1 -1 -1 -1 -1 +1 +1 -1 ... -1 -953.0      20
1 -1 +1 +1 -1 -1 +1 -1 +1 +1 +1 -1 +1 +1 +1 +1 -1 -1 +1 ... +1 -953.0      14
2 +1 +1 -1 -1 -1 -1 -1 +1 -1 -1 -1 +1 -1 +1 +1 -1 -1 +1 ... +1 -941.0      10
3 -1 +1 +1 -1 -1 -1 -1 +1 -1 -1 -1 +1 -1 +1 +1 -1 -1 +1 ... +1 -941.0       9
4 -1 -1 +1 +1 +1 +1 +1 -1 +1 +1 +1 -1 +1 -1 -1 +1 +1 -1 ... -1 -941.0       1
['SPIN', 5 rows, 54 samples, 43 variables]
energies=[-953.0, -953.0, -941.0, -941.0, -941.0]
