Sample 0:-6
Sample 1:-36
Sample 2:-36
Sample 3:-18
Sample 4:4
Sample 5:-6
Sample 6:-18
Sample 7:-4
Sample 8:-6
Sample 9:-36
Sample 10:-36
Sample 11:-18
Sample 12:-4
Sample 13:4
Sample 14:-14
Sample 15:-36
Sample 16:-6
Sample 17:-36
Sample 18:-24
Sample 19:-18
Sample 20:-18
Sample 21:-6
Sample 22:-6
Sample 23:-6
Sample 24:-6
Sample 25:4
Sample 26:-4
Sample 27:-6
Sample 28:-14
Sample 29:-4
Sample 30:-14
Sample 31:-6
Sample 32:-36
Sample 33:-4
Sample 34:-36
Sample 35:-6
Sample 36:-24
Sample 37:-36
Sample 38:4
Sample 39:4
Sample 40:-6
Sample 41:-6
Sample 42:-6
Sample 43:-14
Sample 44:-18
Sample 45:-24
Sample 46:-14
Sample 47:4
Sample 48:-14
Sample 49:-6
Sample 50:-6
Sample 51:-14
Sample 52:-24
Sample 53:-6
Sample 54:-6
Sample 55:-36
Sample 56:-6
Sample 57:-4
Sample 58:-4
Sample 59:-4
Sample 60:4
Sample 61:-6
Sample 62:-6
Sample 63:-36
Sample 64:-14
Sample 65:-36
Sample 66:-36
Sample 67:-14
Sample 68:-6
Sample 69:-36
Sample 70:-36
Sample 71:-36
Sample 72:-6
Sample 73:-14
Sample 74:4
Sample 75:-6
Sample 76:-6
Sample 77:-36
Sample 78:-36
Sample 79:-36
Sample 80:-14
Sample 81:-36
Sample 82:-18
Sample 83:4
Sample 84:-18
Sample 85:-14
Sample 86:-6
Sample 87:-6
Sample 88:-6
Sample 89:-14
Sample 90:-6
Sample 91:-6
Sample 92:-36
Sample 93:-6
Sample 94:-4
Sample 95:-18
Sample 96:4
Sample 97:-4
Sample 98:-6
Sample 99:-36
Best Ham: -36
Sucess Probability: 0
Ham Average: -14.24
