[[1 0 0 ... 0 0 7]
 [1 0 0 ... 0 7 0]
 [1 0 0 ... 7 0 0]
 ...
 [1 5 7 ... 0 0 0]
 [1 7 5 ... 0 0 0]
 [7 1 1 ... 1 1 1]]
5
test

{(1, 36): 4, (1, 35): 10, (1, 34): -1, (1, 32): -4, (1, 30): 8, (1, 27): 1, (1, 25): 10, (1, 20): 6, (1, 19): 2, (1, 15): -5, (1, 12): 2, (1, 8): 10, (1, 2): -10, (2, 34): -5, (2, 32): 8, (2, 30): 2, (2, 28): -11, (2, 25): -3, (2, 24): -5, (2, 23): 10, (2, 21): 8, (2, 18): -14, (2, 17): -8, (2, 16): -5, (2, 15): -2, (2, 13): 14, (2, 9): -4, (2, 8): 9, (2, 7): 11, (3, 35): 14, (3, 33): 1, (3, 30): -2, (3, 27): -9, (3, 24): 1, (3, 20): 2, (3, 18): 1, (3, 17): 2, (3, 14): 11, (3, 13): 3, (3, 12): -6, (3, 10): 8, (3, 8): 4, (3, 4): 7, (4, 32): -7, (4, 31): -14, (4, 30): -1, (4, 29): -12, (4, 24): -3, (4, 23): 9, (4, 22): 7, (4, 19): -7, (4, 18): -4, (4, 12): -13, (4, 10): -12, (4, 8): -2, (4, 5): -10, (5, 33): 11, (5, 32): -2, (5, 27): -12, (5, 21): -10, (5, 17): 2, (5, 13): 13, (5, 8): -12, (5, 7): -11, (5, 6): -5, (6, 36): 6, (6, 21): 7, (6, 18): 13, (6, 15): 3, (6, 14): -12, (6, 11): 9, (6, 10): 8, (6, 9): 3, (6, 8): -7, (7, 33): -5, (7, 31): -2, (7, 29): -9, (7, 28): 7, (7, 23): 11, (7, 21): -11, (7, 20): -6, (7, 16): 12, (7, 15): -14, (7, 14): -2, (7, 9): 13, (8, 35): 12, (8, 33): -7, (8, 32): -14, (8, 30): -10, (8, 28): -12, (8, 25): -9, (8, 24): -6, (8, 23): 14, (8, 20): 10, (8, 17): 10, (8, 11): 2, (8, 10): 7, (9, 36): -2, (9, 35): -2, (9, 34): -14, (9, 32): -8, (9, 31): -10, (9, 23): -2, (9, 20): -10, (9, 19): 5, (9, 15): 2, (9, 13): -4, (9, 10): -3, (10, 36): 11, (10, 35): -1, (10, 34): -13, (10, 33): 7, (10, 28): -9, (10, 27): -12, (10, 20): 5, (11, 35): -11, (11, 33): 7, (11, 32): 10, (11, 30): 8, (11, 28): 8, (11, 27): 2, (11, 26): -8, (11, 22): 5, (11, 21): 3, (11, 19): -8, (11, 16): -13, (11, 15): -8, (11, 13): 13, (12, 35): 4, (12, 34): 14, (12, 33): 4, (12, 31): -1, (12, 29): 9, (12, 26): -4, (12, 24): 9, (12, 23): -5, (12, 22): 13, (12, 18): 10, (12, 14): -1, (13, 36): 5, (13, 33): 8, (13, 30): -8, (13, 27): -13, (13, 26): -10, (13, 22): -7, (13, 19): -10, (13, 17): 4, (13, 16): 14, (13, 15): 4, (13, 14): -10, (14, 36): -8, (14, 35): 10, (14, 33): 8, (14, 30): -13, (14, 29): -11, (14, 28): 5, (14, 25): 1, (14, 23): 10, (14, 18): -2, (14, 17): -4, (15, 35): 2, (15, 31): -6, (15, 29): -10, (15, 27): -2, (15, 23): 4, (15, 22): -1, (16, 36): 6, (16, 35): -11, (16, 34): 6, (16, 31): 8, (16, 24): -12, (16, 23): 3, (16, 21): 2, (17, 36): -6, (17, 32): 1, (17, 31): 6, (17, 29): 4, (17, 28): 9, (17, 26): 7, (17, 23): 2, (17, 22): -7, (17, 20): -9, (17, 18): 6, (18, 36): 4, (18, 35): 9, (18, 34): -13, (18, 30): -12, (18, 29): -9, (18, 25): 7, (18, 24): 11, (18, 23): 6, (18, 22): -1, (18, 20): 7, (18, 19): 9, (19, 33): -9, (19, 32): 14, (19, 31): 9, (19, 28): -2, (19, 27): -3, (19, 24): -6, (19, 21): -12, (19, 20): -8, (20, 30): -12, (20, 24): -14, (21, 36): -10, (21, 35): -6, (21, 34): 2, (21, 32): -6, (21, 31): 10, (21, 28): 1, (21, 27): 1, (21, 22): 9, (22, 34): 12, (22, 33): -12, (22, 31): -4, (22, 27): -2, (22, 25): 9, (22, 24): 8, (23, 31): -13, (23, 29): -9, (23, 25): -13, (24, 32): -9, (24, 31): -9, (24, 28): -7, (24, 27): 2, (24, 25): 12, (25, 36): -5, (25, 35): -1, (25, 34): 9, (25, 33): -10, (25, 30): -11, (25, 29): -10, (25, 28): 13, (25, 27): -5, (25, 26): 1, (26, 33): 13, (26, 28): 6, (26, 27): 10, (27, 35): 2, (27, 34): 14, (27, 33): -3, (27, 30): 10, (28, 35): 5, (29, 34): -2, (29, 32): 7, (29, 31): 2, (30, 36): -8, (30, 35): -8, (30, 34): -5, (32, 36): -5, (33, 36): 5, (33, 35): 1}
test1

{}
   1 36 35 34 32 30 27 25 20 19 15 12  8  2 28 24 23 21 ... 26 energy num_oc.
0 +1 -1 +1 +1 -1 -1 -1 -1 -1 -1 +1 -1 -1 +1 +1 +1 +1 -1 ... +1 -734.0      12
1 -1 +1 -1 -1 +1 +1 +1 +1 +1 +1 -1 +1 +1 -1 -1 -1 -1 +1 ... -1 -734.0      25
2 -1 +1 -1 -1 +1 +1 +1 +1 +1 +1 +1 +1 +1 -1 -1 -1 -1 +1 ... -1 -716.0       1
3 +1 -1 -1 +1 -1 -1 +1 -1 -1 -1 -1 -1 -1 +1 +1 -1 +1 -1 ... -1 -710.0      12
4 -1 +1 +1 -1 +1 +1 -1 +1 +1 +1 +1 +1 +1 -1 -1 +1 -1 +1 ... +1 -710.0       2
5 -1 +1 -1 -1 +1 +1 +1 +1 +1 +1 +1 +1 +1 -1 -1 +1 +1 +1 ... +1 -706.0       1
6 +1 -1 +1 +1 -1 -1 -1 -1 -1 -1 -1 -1 -1 +1 +1 -1 -1 -1 ... -1 -706.0       3
['SPIN', 7 rows, 56 samples, 36 variables]
energies=[-734.0, -734.0, -716.0, -710.0, -710.0, -706.0, -706.0]
