Sample 0:-897
Sample 1:-897
Sample 2:-897
Sample 3:-897
Sample 4:-897
Sample 5:-897
Sample 6:-897
Sample 7:-897
Sample 8:-897
Sample 9:-897
Sample 10:-897
Sample 11:-897
Sample 12:-897
Sample 13:23
Sample 14:-897
Sample 15:-897
Sample 16:-897
Sample 17:-897
Sample 18:-897
Sample 19:-897
Sample 20:-897
Sample 21:-897
Sample 22:-897
Sample 23:-897
Sample 24:-897
Sample 25:-897
Sample 26:-897
Sample 27:-897
Sample 28:-897
Sample 29:-897
Sample 30:-897
Sample 31:-897
Sample 32:-897
Sample 33:-897
Sample 34:-897
Sample 35:-897
Sample 36:-897
Sample 37:-897
Sample 38:-897
Sample 39:-897
Sample 40:-897
Sample 41:-897
Sample 42:-897
Sample 43:-897
Sample 44:-897
Sample 45:-897
Sample 46:-897
Sample 47:-897
Sample 48:-897
Sample 49:-897
Sample 50:-897
Sample 51:-897
Sample 52:-897
Sample 53:-897
Sample 54:-897
Sample 55:-897
Sample 56:-897
Sample 57:-897
Sample 58:-897
Sample 59:-897
Sample 60:-897
Sample 61:-897
Sample 62:-897
Sample 63:-897
Sample 64:-897
Sample 65:-897
Sample 66:-897
Sample 67:-897
Sample 68:-897
Sample 69:-897
Sample 70:-897
Sample 71:-897
Sample 72:-897
Sample 73:-897
Sample 74:-897
Sample 75:-897
Sample 76:-897
Sample 77:-897
Sample 78:-897
Sample 79:-897
Sample 80:-897
Sample 81:-897
Sample 82:-897
Sample 83:-897
Sample 84:-897
Sample 85:-897
Sample 86:-897
Sample 87:-897
Sample 88:-897
Sample 89:-897
Sample 90:-897
Sample 91:-897
Sample 92:-897
Sample 93:-897
Sample 94:-897
Sample 95:-897
Sample 96:-897
Sample 97:-897
Sample 98:-897
Sample 99:-897
Best Ham: -897
Sucess Probability: 99
Ham Average: -887.8
