Sample 0:-227
Sample 1:-327
Sample 2:-435
Sample 3:-387
Sample 4:-201
Sample 5:-479
Sample 6:-389
Sample 7:-381
Sample 8:-465
Sample 9:-381
Sample 10:-249
Sample 11:-307
Sample 12:-299
Sample 13:-365
Sample 14:-529
Sample 15:-393
Sample 16:-373
Sample 17:-375
Sample 18:-399
Sample 19:-473
Sample 20:-397
Sample 21:-179
Sample 22:-327
Sample 23:-253
Sample 24:-389
Sample 25:-427
Sample 26:-457
Sample 27:-233
Sample 28:-317
Sample 29:-415
Sample 30:-391
Sample 31:-411
Sample 32:-313
Sample 33:-353
Sample 34:-315
Sample 35:-477
Sample 36:-371
Sample 37:-409
Sample 38:-415
Sample 39:-375
Sample 40:-281
Sample 41:-513
Sample 42:-303
Sample 43:-205
Sample 44:-293
Sample 45:-437
Sample 46:-431
Sample 47:-371
Sample 48:-347
Sample 49:-395
Sample 50:-393
Sample 51:-273
Sample 52:-499
Sample 53:-437
Sample 54:-493
Sample 55:-433
Sample 56:-247
Sample 57:-397
Sample 58:-343
Sample 59:-283
Sample 60:-409
Sample 61:-487
Sample 62:-275
Sample 63:-117
Sample 64:-375
Sample 65:-323
Sample 66:-273
Sample 67:-421
Sample 68:-281
Sample 69:-471
Sample 70:-487
Sample 71:1
Sample 72:-393
Sample 73:-451
Sample 74:-251
Sample 75:-293
Sample 76:-325
Sample 77:-309
Sample 78:-443
Sample 79:-325
Sample 80:-331
Sample 81:-379
Sample 82:-265
Sample 83:-351
Sample 84:-383
Sample 85:-315
Sample 86:-197
Sample 87:-433
Sample 88:-341
Sample 89:-489
Sample 90:-345
Sample 91:-461
Sample 92:-387
Sample 93:-379
Sample 94:-383
Sample 95:-381
Sample 96:-399
Sample 97:-363
Sample 98:-333
Sample 99:-391
Best Ham: -529
Sucess Probability: 98
Ham Average: -360.46
