Sample 0:-30
Sample 1:-14
Sample 2:-62
Sample 3:-72
Sample 4:-94
Sample 5:-14
Sample 6:-64
Sample 7:-104
Sample 8:-72
Sample 9:-72
Sample 10:-28
Sample 11:-72
Sample 12:-72
Sample 13:-72
Sample 14:-88
Sample 15:-122
Sample 16:-72
Sample 17:-14
Sample 18:-72
Sample 19:-80
Sample 20:-94
Sample 21:-88
Sample 22:-104
Sample 23:-122
Sample 24:-78
Sample 25:-122
Sample 26:-72
Sample 27:-72
Sample 28:-78
Sample 29:-72
Sample 30:-78
Sample 31:-72
Sample 32:-104
Sample 33:-94
Sample 34:-94
Sample 35:-104
Sample 36:-72
Sample 37:-94
Sample 38:-104
Sample 39:-44
Sample 40:-72
Sample 41:-122
Sample 42:-88
Sample 43:-94
Sample 44:-60
Sample 45:-80
Sample 46:-86
Sample 47:-94
Sample 48:-72
Sample 49:-122
Sample 50:-104
Sample 51:-80
Sample 52:-122
Sample 53:-72
Sample 54:-94
Sample 55:-72
Sample 56:-80
Sample 57:-72
Sample 58:6
Sample 59:-72
Sample 60:-78
Sample 61:-62
Sample 62:-64
Sample 63:-64
Sample 64:-78
Sample 65:-86
Sample 66:-72
Sample 67:-64
Sample 68:-60
Sample 69:-72
Sample 70:-122
Sample 71:-78
Sample 72:-78
Sample 73:-88
Sample 74:-72
Sample 75:-72
Sample 76:-44
Sample 77:-64
Sample 78:-122
Sample 79:-14
Sample 80:-64
Sample 81:-122
Sample 82:-94
Sample 83:-72
Sample 84:-78
Sample 85:-28
Sample 86:-122
Sample 87:-78
Sample 88:-64
Sample 89:-86
Sample 90:-44
Sample 91:-122
Sample 92:-78
Sample 93:-72
Sample 94:-80
Sample 95:-62
Sample 96:-92
Sample 97:-72
Sample 98:-86
Sample 99:-62
Best Ham: -122
Sucess Probability: 0
Ham Average: -77.36
