[[1 0 0 ... 0 0 7]
 [1 0 0 ... 0 7 0]
 [1 0 0 ... 7 0 0]
 ...
 [1 0 7 ... 0 0 0]
 [1 7 0 ... 0 0 0]
 [7 1 1 ... 1 1 1]]
0
test

{(1, 36): -11, (1, 34): -7, (1, 31): 9, (1, 30): -14, (1, 27): -11, (1, 18): 7, (1, 17): -5, (1, 16): 12, (1, 14): 1, (1, 12): 2, (1, 8): -8, (1, 7): 4, (2, 28): 14, (2, 26): -9, (2, 22): -9, (2, 21): 10, (2, 16): 8, (2, 12): 5, (2, 8): 2, (3, 35): -5, (3, 32): 11, (3, 21): 6, (3, 17): -5, (3, 13): 14, (3, 6): -13, (4, 36): 11, (4, 34): 10, (4, 33): 2, (4, 31): -13, (4, 30): -8, (4, 29): -14, (4, 27): -4, (4, 26): -8, (4, 25): 13, (4, 24): -13, (4, 23): 10, (4, 21): -2, (4, 20): -6, (4, 17): 6, (4, 10): 8, (4, 6): -3, (5, 25): -7, (5, 24): -12, (5, 23): -11, (5, 22): -9, (5, 20): -14, (5, 13): 2, (5, 11): 13, (6, 31): -9, (6, 27): 2, (6, 26): 5, (6, 25): 12, (6, 24): -9, (6, 17): 4, (6, 16): -5, (6, 12): 13, (6, 10): 8, (6, 9): -3, (6, 8): 12, (7, 33): 7, (7, 32): 3, (7, 29): 5, (7, 26): 11, (7, 25): -1, (7, 24): 2, (7, 22): -2, (7, 18): 11, (7, 14): -3, (7, 12): 14, (7, 8): -6, (8, 36): 12, (8, 33): -3, (8, 30): -14, (8, 27): -1, (8, 26): -1, (8, 24): -7, (8, 23): -4, (8, 22): -7, (8, 19): 5, (8, 18): 11, (8, 17): -2, (8, 13): -14, (8, 9): 14, (9, 35): -11, (9, 34): -6, (9, 29): -1, (9, 23): -2, (9, 20): -1, (9, 17): -7, (9, 15): -12, (9, 10): 10, (10, 28): 10, (10, 27): 7, (10, 23): 4, (10, 22): -10, (10, 14): 4, (11, 30): -5, (11, 27): -2, (11, 26): 2, (11, 25): 5, (11, 24): -12, (11, 23): -2, (11, 21): -1, (11, 18): -7, (11, 17): -1, (11, 16): 9, (11, 15): -10, (11, 13): -11, (12, 36): -8, (12, 35): -9, (12, 34): 5, (12, 33): -13, (12, 30): 9, (12, 20): 2, (12, 19): -10, (12, 18): 14, (12, 17): 3, (12, 15): -14, (12, 14): -11, (12, 13): 3, (13, 23): -14, (13, 17): 2, (13, 14): -11, (14, 32): 1, (14, 25): -12, (14, 20): -11, (14, 18): -12, (15, 29): 3, (15, 28): -3, (15, 26): 4, (15, 24): 9, (15, 22): -8, (15, 16): 5, (16, 36): -1, (16, 34): -11, (16, 25): 7, (16, 24): -6, (16, 19): 2, (16, 18): 6, (16, 17): 1, (17, 35): 1, (17, 32): 4, (17, 31): -12, (17, 28): 13, (17, 25): -11, (17, 24): 10, (17, 23): 3, (17, 19): -11, (18, 34): 5, (18, 31): 5, (19, 31): 8, (19, 27): -2, (19, 21): 13, (20, 32): -8, (20, 29): 9, (20, 27): 2, (20, 25): -6, (20, 23): 13, (21, 35): -14, (21, 32): -7, (21, 25): -14, (22, 35): -12, (22, 29): -2, (22, 25): 4, (23, 33): 10, (23, 32): 12, (23, 29): 12, (23, 28): -5, (23, 26): -11, (24, 35): -11, (24, 25): -14, (25, 36): 14, (25, 33): 7, (26, 31): 10, (26, 30): 6, (26, 29): -12, (26, 27): 5, (28, 33): 11, (28, 32): 12, (29, 34): 10, (29, 32): -4, (30, 32): 3, (31, 32): -2, (32, 35): 14, (32, 34): -6, (32, 33): 10, (33, 35): 5, (34, 36): -12, (35, 36): 8}
test1

{}
   1 36 34 31 30 27 18 17 16 14 12  8  7  2 28 26 22 21 ... 15 energy num_oc.
0 +1 -1 -1 -1 +1 +1 +1 -1 -1 +1 -1 +1 -1 -1 +1 +1 -1 +1 ... -1 -606.0      23
1 -1 +1 +1 +1 -1 -1 -1 +1 +1 -1 +1 -1 +1 +1 -1 -1 +1 -1 ... +1 -606.0      25
2 -1 +1 +1 -1 -1 -1 -1 -1 +1 -1 +1 -1 -1 +1 -1 +1 -1 -1 ... -1 -604.0       2
3 +1 -1 -1 -1 +1 +1 +1 -1 -1 +1 +1 +1 -1 +1 -1 +1 +1 +1 ... +1 -604.0       2
4 -1 +1 +1 +1 -1 -1 -1 +1 +1 -1 -1 -1 +1 -1 +1 -1 -1 -1 ... -1 -604.0       2
5 -1 +1 +1 +1 -1 -1 -1 +1 +1 -1 +1 -1 +1 -1 +1 -1 -1 -1 ... +1 -602.0       1
6 -1 +1 +1 +1 -1 -1 -1 +1 +1 -1 +1 -1 -1 -1 -1 -1 -1 -1 ... +1 -598.0       1
['SPIN', 7 rows, 56 samples, 36 variables]
energies=[-606.0, -606.0, -604.0, -604.0, -604.0, -602.0, -598.0]
