Sample 0:-134
Sample 1:-92
Sample 2:-224
Sample 3:-284
Sample 4:-154
Sample 5:-172
Sample 6:-128
Sample 7:-104
Sample 8:-276
Sample 9:-148
Sample 10:-314
Sample 11:-220
Sample 12:-214
Sample 13:-142
Sample 14:-206
Sample 15:-238
Sample 16:-286
Sample 17:-106
Sample 18:-116
Sample 19:-106
Sample 20:-312
Sample 21:-242
Sample 22:-128
Sample 23:-10
Sample 24:-16
Sample 25:-170
Sample 26:-180
Sample 27:-284
Sample 28:-218
Sample 29:-148
Sample 30:-104
Sample 31:-264
Sample 32:-288
Sample 33:-310
Sample 34:-280
Sample 35:-318
Sample 36:-246
Sample 37:-286
Sample 38:-230
Sample 39:-144
Sample 40:-264
Sample 41:-36
Sample 42:-368
Sample 43:-160
Sample 44:-384
Sample 45:20
Sample 46:-342
Sample 47:-84
Sample 48:-208
Sample 49:-276
Sample 50:-336
Sample 51:-332
Sample 52:-284
Sample 53:-296
Sample 54:126
Sample 55:-286
Sample 56:-212
Sample 57:22
Sample 58:-278
Sample 59:-22
Sample 60:-242
Sample 61:-178
Sample 62:-302
Sample 63:-132
Sample 64:-302
Sample 65:-10
Sample 66:-152
Sample 67:-204
Sample 68:-384
Sample 69:-252
Sample 70:-202
Sample 71:-82
Sample 72:-302
Sample 73:-230
Sample 74:-148
Sample 75:-114
Sample 76:-162
Sample 77:-180
Sample 78:-136
Sample 79:26
Sample 80:-206
Sample 81:-222
Sample 82:-66
Sample 83:-238
Sample 84:-142
Sample 85:-216
Sample 86:-180
Sample 87:-186
Sample 88:-328
Sample 89:-56
Sample 90:-256
Sample 91:-306
Sample 92:-334
Sample 93:-188
Sample 94:-192
Sample 95:-216
Sample 96:-148
Sample 97:-230
Sample 98:-280
Sample 99:-188
Best Ham: -384
Sucess Probability: 68
Ham Average: -197.08
