Sample 0:-24
Sample 1:-100
Sample 2:-106
Sample 3:-86
Sample 4:-76
Sample 5:-86
Sample 6:-126
Sample 7:-76
Sample 8:-90
Sample 9:-124
Sample 10:-124
Sample 11:-52
Sample 12:-86
Sample 13:-86
Sample 14:-48
Sample 15:-48
Sample 16:-86
Sample 17:-32
Sample 18:-52
Sample 19:-126
Sample 20:-88
Sample 21:-62
Sample 22:-62
Sample 23:-106
Sample 24:-72
Sample 25:-86
Sample 26:-86
Sample 27:-104
Sample 28:-86
Sample 29:-86
Sample 30:-116
Sample 31:-88
Sample 32:24
Sample 33:-114
Sample 34:-86
Sample 35:-114
Sample 36:-86
Sample 37:-86
Sample 38:-76
Sample 39:-72
Sample 40:-52
Sample 41:-114
Sample 42:-84
Sample 43:-86
Sample 44:-86
Sample 45:-124
Sample 46:-86
Sample 47:-86
Sample 48:-124
Sample 49:-126
Sample 50:-124
Sample 51:-12
Sample 52:-52
Sample 53:-126
Sample 54:-86
Sample 55:-86
Sample 56:-72
Sample 57:-124
Sample 58:-86
Sample 59:-90
Sample 60:-124
Sample 61:-86
Sample 62:-72
Sample 63:-38
Sample 64:-86
Sample 65:-86
Sample 66:-62
Sample 67:-86
Sample 68:-106
Sample 69:-126
Sample 70:-72
Sample 71:-60
Sample 72:-86
Sample 73:-106
Sample 74:68
Sample 75:-86
Sample 76:-114
Sample 77:-104
Sample 78:-126
Sample 79:-86
Sample 80:-90
Sample 81:-86
Sample 82:-72
Sample 83:-86
Sample 84:-114
Sample 85:-86
Sample 86:-86
Sample 87:-88
Sample 88:-86
Sample 89:-86
Sample 90:-116
Sample 91:-124
Sample 92:-86
Sample 93:-126
Sample 94:-86
Sample 95:-126
Sample 96:-124
Sample 97:-86
Sample 98:-86
Sample 99:-100
Best Ham: -126
Sucess Probability: 0
Ham Average: -86.96
