Sample 0:-928
Sample 1:-1330
Sample 2:-716
Sample 3:-1406
Sample 4:-324
Sample 5:-1278
Sample 6:-1150
Sample 7:-1190
Sample 8:-246
Sample 9:-1242
Sample 10:-1348
Sample 11:-1116
Sample 12:-1478
Sample 13:-1240
Sample 14:-1350
Sample 15:-1194
Sample 16:-960
Sample 17:-1206
Sample 18:-1548
Sample 19:-946
Sample 20:-1402
Sample 21:-1430
Sample 22:-1348
Sample 23:-1416
Sample 24:-650
Sample 25:-782
Sample 26:-1290
Sample 27:152
Sample 28:-1478
Sample 29:-1444
Sample 30:-1422
Sample 31:-870
Sample 32:-592
Sample 33:-1414
Sample 34:-1126
Sample 35:-1056
Sample 36:-1176
Sample 37:-836
Sample 38:-916
Sample 39:-810
Sample 40:-916
Sample 41:-806
Sample 42:-916
Sample 43:-806
Sample 44:-806
Sample 45:-806
Sample 46:-806
Sample 47:-806
Sample 48:-806
Sample 49:-1224
Sample 50:-1144
Sample 51:-896
Sample 52:-1348
Sample 53:-1624
Sample 54:-1624
Sample 55:-1624
Sample 56:-1486
Sample 57:-1624
Sample 58:-1624
Sample 59:-1624
Sample 60:152
Sample 61:-1624
Sample 62:-1624
Sample 63:-1624
Sample 64:-1624
Sample 65:-1486
Sample 66:-1624
Sample 67:-1624
Sample 68:-1624
Sample 69:-1624
Sample 70:-1486
Sample 71:-1624
Sample 72:-1624
Sample 73:-1624
Sample 74:-1624
Sample 75:-1624
Sample 76:-1486
Sample 77:-1624
Sample 78:-1624
Sample 79:-1624
Sample 80:-1624
Sample 81:-1624
Sample 82:-1624
Sample 83:-1624
Sample 84:-1486
Sample 85:-1486
Sample 86:-1624
Sample 87:-1624
Sample 88:-1624
Sample 89:-1624
Sample 90:-1624
Sample 91:-1624
Sample 92:-1624
Sample 93:-1624
Sample 94:-1624
Sample 95:-1624
Sample 96:-1624
Sample 97:-1624
Sample 98:-1624
Sample 99:-1624
Best Ham: -1624
Sucess Probability: 98
Ham Average: -1293.12
