Sample 0:2
Sample 1:2
Sample 2:-16
Sample 3:2
Sample 4:-16
Sample 5:-16
Sample 6:-16
Sample 7:-2
Sample 8:-16
Sample 9:-2
Sample 10:2
Sample 11:-16
Sample 12:-2
Sample 13:-16
Sample 14:-2
Sample 15:-16
Sample 16:-16
Sample 17:-16
Sample 18:-2
Sample 19:-2
Sample 20:2
Sample 21:-16
Sample 22:-2
Sample 23:-16
Sample 24:-16
Sample 25:-16
Sample 26:-2
Sample 27:2
Sample 28:-16
Sample 29:2
Sample 30:-16
Sample 31:-2
Sample 32:-16
Sample 33:-2
Sample 34:-16
Sample 35:-16
Sample 36:2
Sample 37:-2
Sample 38:-16
Sample 39:2
Sample 40:2
Sample 41:-2
Sample 42:-16
Sample 43:-2
Sample 44:-2
Sample 45:2
Sample 46:2
Sample 47:-16
Sample 48:2
Sample 49:2
Sample 50:-16
Sample 51:-16
Sample 52:2
Sample 53:-16
Sample 54:-16
Sample 55:-16
Sample 56:-16
Sample 57:2
Sample 58:-16
Sample 59:-2
Sample 60:2
Sample 61:-16
Sample 62:-2
Sample 63:-16
Sample 64:-16
Sample 65:-16
Sample 66:2
Sample 67:-16
Sample 68:-2
Sample 69:-16
Sample 70:-2
Sample 71:-2
Sample 72:-16
Sample 73:-16
Sample 74:2
Sample 75:-2
Sample 76:-16
Sample 77:-16
Sample 78:-2
Sample 79:-2
Sample 80:-16
Sample 81:2
Sample 82:2
Sample 83:-16
Sample 84:-16
Sample 85:-16
Sample 86:2
Sample 87:-16
Sample 88:2
Sample 89:2
Sample 90:-2
Sample 91:-16
Sample 92:-2
Sample 93:2
Sample 94:-16
Sample 95:-16
Sample 96:2
Sample 97:-16
Sample 98:-16
Sample 99:-16
Best Ham: -16
Sucess Probability: 0
Ham Average: -7.96
