Sample 0:-84
Sample 1:-52
Sample 2:-52
Sample 3:-70
Sample 4:-70
Sample 5:-52
Sample 6:-52
Sample 7:-52
Sample 8:-84
Sample 9:-52
Sample 10:-52
Sample 11:-84
Sample 12:14
Sample 13:-70
Sample 14:-84
Sample 15:-70
Sample 16:-70
Sample 17:-70
Sample 18:-52
Sample 19:-52
Sample 20:-70
Sample 21:-52
Sample 22:-70
Sample 23:-70
Sample 24:-84
Sample 25:-52
Sample 26:-70
Sample 27:-70
Sample 28:-52
Sample 29:-70
Sample 30:-70
Sample 31:-70
Sample 32:-52
Sample 33:-52
Sample 34:-84
Sample 35:-70
Sample 36:-84
Sample 37:-52
Sample 38:-84
Sample 39:-70
Sample 40:-52
Sample 41:-52
Sample 42:-52
Sample 43:-70
Sample 44:-84
Sample 45:-84
Sample 46:-52
Sample 47:-70
Sample 48:-70
Sample 49:-84
Sample 50:-70
Sample 51:-52
Sample 52:-70
Sample 53:-70
Sample 54:-84
Sample 55:-52
Sample 56:-84
Sample 57:-52
Sample 58:-70
Sample 59:-52
Sample 60:-84
Sample 61:-52
Sample 62:-52
Sample 63:-84
Sample 64:-70
Sample 65:-70
Sample 66:-52
Sample 67:-70
Sample 68:-70
Sample 69:-70
Sample 70:-52
Sample 71:-52
Sample 72:-70
Sample 73:-52
Sample 74:-70
Sample 75:-70
Sample 76:-52
Sample 77:-84
Sample 78:-52
Sample 79:-52
Sample 80:-52
Sample 81:-84
Sample 82:-52
Sample 83:-84
Sample 84:-70
Sample 85:-52
Sample 86:-52
Sample 87:14
Sample 88:-70
Sample 89:-84
Sample 90:-52
Sample 91:-70
Sample 92:-70
Sample 93:-70
Sample 94:-52
Sample 95:-70
Sample 96:-52
Sample 97:-84
Sample 98:-52
Sample 99:-70
Best Ham: -84
Sucess Probability: 0
Ham Average: -63.92
