Sample 0:-27
Sample 1:-27
Sample 2:-27
Sample 3:-27
Sample 4:-27
Sample 5:-13
Sample 6:-13
Sample 7:-27
Sample 8:-13
Sample 9:-13
Sample 10:-27
Sample 11:-13
Sample 12:-13
Sample 13:-13
Sample 14:-27
Sample 15:-27
Sample 16:-13
Sample 17:-27
Sample 18:-13
Sample 19:-27
Sample 20:-27
Sample 21:-13
Sample 22:-27
Sample 23:-13
Sample 24:-27
Sample 25:-13
Sample 26:-27
Sample 27:-13
Sample 28:-13
Sample 29:-27
Sample 30:-13
Sample 31:-13
Sample 32:-13
Sample 33:-13
Sample 34:-27
Sample 35:-13
Sample 36:-27
Sample 37:-27
Sample 38:-13
Sample 39:-27
Sample 40:-13
Sample 41:-27
Sample 42:-27
Sample 43:-27
Sample 44:-27
Sample 45:-13
Sample 46:-27
Sample 47:-13
Sample 48:-13
Sample 49:-13
Sample 50:-27
Sample 51:-13
Sample 52:-27
Sample 53:-27
Sample 54:-13
Sample 55:-13
Sample 56:-13
Sample 57:-27
Sample 58:-27
Sample 59:-13
Sample 60:-13
Sample 61:-27
Sample 62:-13
Sample 63:-27
Sample 64:-27
Sample 65:-13
Sample 66:-27
Sample 67:-27
Sample 68:-13
Sample 69:-27
Sample 70:-27
Sample 71:-27
Sample 72:21
Sample 73:-13
Sample 74:-27
Sample 75:-27
Sample 76:-27
Sample 77:-13
Sample 78:-13
Sample 79:-13
Sample 80:-13
Sample 81:-27
Sample 82:-27
Sample 83:-13
Sample 84:-27
Sample 85:-27
Sample 86:-27
Sample 87:-13
Sample 88:-27
Sample 89:-27
Sample 90:-27
Sample 91:-13
Sample 92:-27
Sample 93:-13
Sample 94:-27
Sample 95:-27
Sample 96:-13
Sample 97:-13
Sample 98:-27
Sample 99:-27
Best Ham: -27
Sucess Probability: 0
Ham Average: -20.22
