[[ 1  0  0 ...  0  0  7]
 [ 1  0  0 ...  0  7  0]
 [ 1  0  0 ...  7  0  0]
 ...
 [ 1 -4  7 ...  0  0  0]
 [ 1  7 -5 ...  0  0  0]
 [ 7  1  1 ...  1  1  1]]
-5
test

{(1, 9): -6, (1, 7): 6, (1, 5): -9, (1, 2): 9, (2, 9): -3, (2, 7): -12, (2, 6): 8, (2, 5): 10, (2, 4): -14, (2, 3): 1, (3, 9): 8, (3, 5): -10, (3, 4): -14, (4, 9): 8, (4, 8): 10, (4, 7): 11, (4, 5): -9, (5, 9): -7, (5, 8): 10, (5, 6): 3, (6, 8): 10, (7, 9): 8}
test1

{}
   1  9  7  5  2  6  4  3  8 energy num_oc.
0 +1 +1 -1 +1 -1 +1 +1 +1 -1 -114.0      19
1 -1 -1 +1 -1 +1 -1 -1 -1 +1 -114.0      19
2 -1 -1 +1 -1 +1 -1 +1 +1 +1  -92.0       2
3 +1 +1 -1 +1 -1 +1 -1 -1 -1  -92.0       2
4 +1 +1 -1 -1 -1 +1 -1 -1 +1  -84.0      12
['SPIN', 5 rows, 54 samples, 9 variables]
energies=[-114.0, -114.0, -92.0, -92.0, -84.0]
