[[ 1  0  0 ...  0  0  7]
 [ 1  0  0 ...  0  7  0]
 [ 1  0  0 ...  7  0  0]
 ...
 [ 1 -5  7 ...  0  0  0]
 [ 1  7 -6 ...  0  0  0]
 [ 7  1  1 ...  1  1  1]]
-6
test

{(1, 30): 4, (1, 28): 2, (1, 27): 5, (1, 26): 12, (1, 25): 2, (1, 24): 8, (1, 22): -13, (1, 21): -9, (1, 20): 7, (1, 18): -7, (1, 17): 5, (1, 16): 9, (1, 15): -4, (1, 14): 4, (1, 13): 12, (1, 12): 7, (1, 11): 2, (1, 10): -13, (1, 9): -10, (1, 8): 14, (1, 7): -6, (1, 6): -14, (1, 5): 8, (1, 4): -13, (1, 3): -10, (1, 2): 11, (2, 30): -1, (2, 29): 2, (2, 28): -13, (2, 27): 7, (2, 26): 4, (2, 25): 2, (2, 23): 10, (2, 22): 6, (2, 21): 6, (2, 19): -13, (2, 18): 10, (2, 17): 2, (2, 16): -11, (2, 15): 5, (2, 14): -2, (2, 13): 6, (2, 11): -6, (2, 10): -1, (2, 9): -11, (2, 8): -14, (2, 7): 1, (2, 6): 6, (2, 5): 10, (2, 4): 14, (2, 3): 10, (3, 30): -8, (3, 29): 11, (3, 28): 5, (3, 27): -8, (3, 26): -3, (3, 25): 12, (3, 24): -11, (3, 23): 5, (3, 22): 12, (3, 21): -13, (3, 20): 10, (3, 19): 9, (3, 18): 10, (3, 16): 2, (3, 15): -3, (3, 13): 4, (3, 11): -2, (3, 10): -4, (3, 9): 8, (3, 8): 9, (3, 7): 4, (3, 6): -3, (3, 5): -8, (3, 4): -4, (4, 30): 14, (4, 27): -1, (4, 26): 7, (4, 25): 9, (4, 24): 14, (4, 23): 14, (4, 22): -11, (4, 21): -7, (4, 20): -12, (4, 19): -12, (4, 18): 10, (4, 16): -12, (4, 15): 9, (4, 14): 13, (4, 13): -8, (4, 12): 14, (4, 11): -14, (4, 10): -5, (4, 8): 14, (4, 7): -12, (4, 6): -7, (4, 5): 1, (5, 30): 5, (5, 29): -7, (5, 28): 3, (5, 27): 14, (5, 26): -9, (5, 25): -11, (5, 23): -12, (5, 19): 12, (5, 18): 2, (5, 17): 10, (5, 16): -14, (5, 15): -3, (5, 14): 7, (5, 13): 5, (5, 12): -6, (5, 11): 7, (5, 10): 14, (5, 9): -12, (5, 7): -6, (5, 6): -8, (6, 30): -14, (6, 29): -7, (6, 28): -1, (6, 27): 4, (6, 26): 5, (6, 25): -10, (6, 24): -5, (6, 23): -1, (6, 22): 4, (6, 21): 3, (6, 20): -14, (6, 19): 9, (6, 18): -5, (6, 17): -6, (6, 15): 12, (6, 14): 5, (6, 13): 13, (6, 12): -11, (6, 11): -3, (6, 10): -2, (6, 9): -11, (6, 8): 7, (6, 7): -8, (7, 30): -8, (7, 29): -11, (7, 28): -9, (7, 26): 4, (7, 25): -3, (7, 24): 4, (7, 23): -3, (7, 22): 2, (7, 21): 1, (7, 20): -11, (7, 19): -1, (7, 18): 7, (7, 17): 1, (7, 16): 6, (7, 14): 12, (7, 13): 2, (7, 12): -5, (7, 10): -8, (7, 9): 13, (7, 8): -14, (8, 30): -2, (8, 29): 11, (8, 27): 10, (8, 26): 9, (8, 25): -5, (8, 24): 9, (8, 23): 5, (8, 21): 5, (8, 20): 10, (8, 19): 3, (8, 18): -13, (8, 17): 11, (8, 16): -14, (8, 15): 8, (8, 14): -14, (8, 13): 11, (8, 12): 8, (8, 11): -8, (9, 30): -2, (9, 29): -8, (9, 28): 6, (9, 27): -12, (9, 26): 2, (9, 25): -12, (9, 24): -2, (9, 23): -9, (9, 22): 2, (9, 21): -5, (9, 20): 1, (9, 19): 4, (9, 18): -13, (9, 17): 1, (9, 16): 14, (9, 15): 14, (9, 14): -7, (9, 13): -10, (9, 12): -4, (9, 11): 3, (9, 10): -7, (10, 30): -4, (10, 29): 6, (10, 28): -8, (10, 27): 14, (10, 26): -5, (10, 25): 14, (10, 24): 14, (10, 23): -7, (10, 22): -11, (10, 21): 3, (10, 19): -9, (10, 18): -12, (10, 17): 1, (10, 15): -4, (10, 14): 3, (10, 13): 11, (10, 12): 6, (10, 11): 1, (11, 30): 8, (11, 29): 12, (11, 28): -8, (11, 27): 6, (11, 26): 12, (11, 24): 8, (11, 23): 5, (11, 22): 1, (11, 21): -13, (11, 20): 9, (11, 19): 6, (11, 18): -7, (11, 17): -8, (11, 16): 3, (11, 15): -12, (11, 14): 14, (11, 13): -10, (12, 30): -1, (12, 29): -1, (12, 27): -14, (12, 26): -4, (12, 25): 1, (12, 24): 13, (12, 23): 12, (12, 22): -13, (12, 21): -2, (12, 20): 14, (12, 19): 4, (12, 18): 12, (12, 17): -3, (12, 16): 7, (12, 15): 14, (12, 14): 4, (12, 13): -1, (13, 30): 9, (13, 29): 12, (13, 28): 14, (13, 27): 13, (13, 26): 10, (13, 25): -14, (13, 24): -4, (13, 23): -1, (13, 21): 14, (13, 20): 5, (13, 19): 8, (13, 18): -6, (13, 17): 8, (13, 16): -14, (13, 15): -13, (13, 14): 13, (14, 30): -9, (14, 26): -10, (14, 25): 3, (14, 24): -10, (14, 23): -10, (14, 22): -11, (14, 21): -5, (14, 20): -13, (14, 19): -10, (14, 18): -12, (14, 17): 12, (14, 16): 4, (15, 30): 10, (15, 29): -6, (15, 27): -12, (15, 26): 14, (15, 25): 13, (15, 24): -3, (15, 23): -10, (15, 22): 1, (15, 21): 10, (15, 20): -13, (15, 19): -13, (15, 18): 11, (15, 17): -1, (15, 16): 10, (16, 30): 10, (16, 29): -14, (16, 28): -12, (16, 27): -6, (16, 26): -13, (16, 25): -12, (16, 24): 1, (16, 23): 13, (16, 22): -5, (16, 21): -13, (16, 20): -2, (16, 19): 13, (16, 18): -14, (16, 17): 9, (17, 30): 14, (17, 29): 11, (17, 28): 13, (17, 26): -12, (17, 25): -13, (17, 24): -7, (17, 23): -12, (17, 22): -13, (17, 21): 14, (17, 20): -4, (17, 19): 9, (17, 18): 14, (18, 30): -10, (18, 29): 5, (18, 28): 12, (18, 27): 10, (18, 26): -2, (18, 25): 9, (18, 23): 8, (18, 22): -3, (18, 21): -1, (18, 20): -3, (18, 19): -6, (19, 30): -8, (19, 29): 11, (19, 27): -7, (19, 26): 8, (19, 25): -13, (19, 24): 5, (19, 23): 10, (19, 22): 12, (19, 21): 5, (19, 20): -7, (20, 30): 8, (20, 29): -12, (20, 28): -11, (20, 27): 9, (20, 26): 3, (20, 25): -4, (20, 24): 7, (20, 23): 8, (20, 22): 14, (20, 21): -1, (21, 30): -13, (21, 29): 12, (21, 28): 12, (21, 27): -1, (21, 26): 1, (21, 25): 4, (21, 24): 3, (21, 23): -13, (21, 22): -12, (22, 30): 1, (22, 29): 2, (22, 28): 1, (22, 27): -14, (22, 26): 1, (22, 25): 14, (22, 24): -10, (22, 23): 9, (23, 30): -5, (23, 29): -14, (23, 28): -8, (23, 26): -8, (23, 25): 2, (23, 24): 1, (24, 30): 13, (24, 29): 8, (24, 28): -14, (24, 26): 7, (24, 25): 13, (25, 30): 9, (25, 29): 4, (25, 28): 2, (25, 27): 1, (25, 26): 2, (26, 30): -2, (26, 29): 7, (26, 28): 12, (26, 27): -7, (27, 29): -6, (27, 28): -2, (28, 30): -3, (28, 29): -13, (29, 30): 8}
test1

{}
   1 30 28 27 26 25 24 22 21 20 18 17 16 15 14 13 12 11 ... 19 energy num_oc.
0 +1 +1 -1 +1 +1 -1 +1 +1 +1 -1 +1 +1 -1 -1 +1 -1 +1 -1 ... -1 -948.0      20
1 -1 -1 +1 -1 -1 +1 -1 -1 -1 +1 -1 -1 +1 +1 -1 +1 -1 +1 ... +1 -948.0      28
2 +1 +1 -1 +1 +1 -1 +1 +1 +1 -1 -1 +1 -1 -1 +1 -1 +1 -1 ... -1 -918.0       2
3 +1 -1 -1 +1 -1 -1 +1 +1 +1 -1 -1 +1 -1 +1 -1 +1 +1 +1 ... -1 -896.0       3
4 -1 +1 +1 -1 +1 +1 -1 -1 -1 +1 +1 -1 +1 -1 +1 -1 -1 -1 ... +1 -896.0       1
['SPIN', 5 rows, 54 samples, 30 variables]
energies=[-948.0, -948.0, -918.0, -896.0, -896.0]
