Sample 0:-132
Sample 1:-284
Sample 2:-96
Sample 3:-180
Sample 4:-260
Sample 5:-202
Sample 6:-326
Sample 7:-164
Sample 8:-168
Sample 9:-328
Sample 10:-152
Sample 11:-228
Sample 12:-344
Sample 13:-120
Sample 14:-200
Sample 15:104
Sample 16:-300
Sample 17:-298
Sample 18:-164
Sample 19:-254
Sample 20:-346
Sample 21:-302
Sample 22:-214
Sample 23:-200
Sample 24:-324
Sample 25:-244
Sample 26:-160
Sample 27:-76
Sample 28:-172
Sample 29:-180
Sample 30:-198
Sample 31:-236
Sample 32:-204
Sample 33:-170
Sample 34:-52
Sample 35:-14
Sample 36:-134
Sample 37:-334
Sample 38:-38
Sample 39:-248
Sample 40:-200
Sample 41:-240
Sample 42:-98
Sample 43:-238
Sample 44:-228
Sample 45:-132
Sample 46:-174
Sample 47:-228
Sample 48:98
Sample 49:-170
Sample 50:-220
Sample 51:-306
Sample 52:-284
Sample 53:-232
Sample 54:-228
Sample 55:-146
Sample 56:-202
Sample 57:-272
Sample 58:-272
Sample 59:-184
Sample 60:-208
Sample 61:-214
Sample 62:-212
Sample 63:-246
Sample 64:-214
Sample 65:-266
Sample 66:-218
Sample 67:-248
Sample 68:-244
Sample 69:-228
Sample 70:-146
Sample 71:34
Sample 72:-108
Sample 73:-148
Sample 74:-194
Sample 75:-130
Sample 76:-126
Sample 77:-294
Sample 78:-278
Sample 79:-212
Sample 80:-146
Sample 81:-266
Sample 82:-248
Sample 83:-170
Sample 84:-240
Sample 85:-232
Sample 86:-188
Sample 87:-110
Sample 88:-32
Sample 89:-198
Sample 90:-156
Sample 91:-220
Sample 92:-172
Sample 93:-190
Sample 94:-214
Sample 95:-212
Sample 96:-294
Sample 97:-116
Sample 98:-160
Sample 99:-298
Best Ham: -346
Sucess Probability: 77
Ham Average: -196.6
