Sample 0:-708
Sample 1:-140
Sample 2:182
Sample 3:-140
Sample 4:50
Sample 5:-92
Sample 6:-92
Sample 7:50
Sample 8:-140
Sample 9:-140
Sample 10:182
Sample 11:-92
Sample 12:-140
Sample 13:-92
Sample 14:-92
Sample 15:88
Sample 16:-236
Sample 17:-92
Sample 18:-92
Sample 19:50
Sample 20:-92
Sample 21:50
Sample 22:182
Sample 23:50
Sample 24:-140
Sample 25:182
Sample 26:182
Sample 27:182
Sample 28:182
Sample 29:-92
Sample 30:182
Sample 31:-92
Sample 32:-92
Sample 33:-92
Sample 34:-92
Sample 35:-92
Sample 36:50
Sample 37:-140
Sample 38:182
Sample 39:182
Sample 40:-140
Sample 41:-92
Sample 42:-140
Sample 43:-140
Sample 44:-140
Sample 45:182
Sample 46:-140
Sample 47:-92
Sample 48:-92
Sample 49:182
Sample 50:50
Sample 51:50
Sample 52:50
Sample 53:-140
Sample 54:-92
Sample 55:-92
Sample 56:182
Sample 57:-236
Sample 58:50
Sample 59:-92
Sample 60:182
Sample 61:182
Sample 62:-140
Sample 63:-140
Sample 64:-92
Sample 65:182
Sample 66:-92
Sample 67:-140
Sample 68:50
Sample 69:-92
Sample 70:50
Sample 71:50
Sample 72:50
Sample 73:50
Sample 74:-92
Sample 75:182
Sample 76:50
Sample 77:-140
Sample 78:-92
Sample 79:50
Sample 80:-140
Sample 81:-140
Sample 82:-92
Sample 83:-140
Sample 84:-92
Sample 85:50
Sample 86:-92
Sample 87:182
Sample 88:-92
Sample 89:-140
Sample 90:-140
Sample 91:182
Sample 92:182
Sample 93:-92
Sample 94:-140
Sample 95:50
Sample 96:182
Sample 97:-140
Sample 98:-140
Sample 99:-140
Best Ham: -708
Sucess Probability: 3
Ham Average: -27.2
