Sample 0:-655
Sample 1:-655
Sample 2:-655
Sample 3:-655
Sample 4:-655
Sample 5:-655
Sample 6:-859
Sample 7:-655
Sample 8:-655
Sample 9:-655
Sample 10:-595
Sample 11:-655
Sample 12:-595
Sample 13:-655
Sample 14:-655
Sample 15:-655
Sample 16:267
Sample 17:-655
Sample 18:-655
Sample 19:-655
Sample 20:-655
Sample 21:-595
Sample 22:-655
Sample 23:-655
Sample 24:-595
Sample 25:-655
Sample 26:-655
Sample 27:-655
Sample 28:-655
Sample 29:-655
Sample 30:-655
Sample 31:-655
Sample 32:-655
Sample 33:-655
Sample 34:-655
Sample 35:-655
Sample 36:-655
Sample 37:-655
Sample 38:-655
Sample 39:-655
Sample 40:-859
Sample 41:-655
Sample 42:-655
Sample 43:-655
Sample 44:-881
Sample 45:-655
Sample 46:-655
Sample 47:-859
Sample 48:-519
Sample 49:-655
Sample 50:-655
Sample 51:-655
Sample 52:-655
Sample 53:-655
Sample 54:-655
Sample 55:-655
Sample 56:-655
Sample 57:-655
Sample 58:-655
Sample 59:-655
Sample 60:-655
Sample 61:-655
Sample 62:-655
Sample 63:-655
Sample 64:-655
Sample 65:-655
Sample 66:-595
Sample 67:-655
Sample 68:-595
Sample 69:-549
Sample 70:-655
Sample 71:-655
Sample 72:-655
Sample 73:-655
Sample 74:-655
Sample 75:-655
Sample 76:-655
Sample 77:-655
Sample 78:-655
Sample 79:-519
Sample 80:-655
Sample 81:-655
Sample 82:-595
Sample 83:-655
Sample 84:-655
Sample 85:-655
Sample 86:-655
Sample 87:-655
Sample 88:-655
Sample 89:-595
Sample 90:-595
Sample 91:-859
Sample 92:-655
Sample 93:-655
Sample 94:-859
Sample 95:-655
Sample 96:-655
Sample 97:-655
Sample 98:-655
Sample 99:-655
Best Ham: -881
Sucess Probability: 99
Ham Average: -649.06
