Sample 0:-107
Sample 1:-67
Sample 2:-55
Sample 3:-81
Sample 4:-67
Sample 5:-67
Sample 6:-107
Sample 7:-65
Sample 8:-93
Sample 9:-67
Sample 10:-67
Sample 11:-81
Sample 12:-87
Sample 13:-107
Sample 14:-81
Sample 15:-101
Sample 16:-41
Sample 17:-81
Sample 18:-67
Sample 19:-65
Sample 20:-89
Sample 21:-81
Sample 22:-69
Sample 23:-81
Sample 24:-101
Sample 25:-67
Sample 26:-65
Sample 27:-55
Sample 28:-81
Sample 29:-101
Sample 30:-79
Sample 31:-55
Sample 32:-101
Sample 33:-107
Sample 34:-65
Sample 35:-67
Sample 36:-65
Sample 37:-67
Sample 38:-81
Sample 39:-81
Sample 40:-101
Sample 41:-67
Sample 42:-107
Sample 43:-107
Sample 44:-115
Sample 45:-89
Sample 46:-67
Sample 47:-81
Sample 48:-5
Sample 49:-93
Sample 50:-65
Sample 51:-67
Sample 52:-65
Sample 53:-89
Sample 54:-69
Sample 55:-69
Sample 56:-55
Sample 57:-69
Sample 58:-81
Sample 59:-81
Sample 60:-101
Sample 61:-81
Sample 62:-67
Sample 63:-81
Sample 64:-93
Sample 65:-13
Sample 66:-93
Sample 67:-107
Sample 68:-67
Sample 69:-89
Sample 70:-81
Sample 71:-55
Sample 72:27
Sample 73:-93
Sample 74:-67
Sample 75:-107
Sample 76:-69
Sample 77:-13
Sample 78:-115
Sample 79:-81
Sample 80:-67
Sample 81:-87
Sample 82:-81
Sample 83:-67
Sample 84:-101
Sample 85:-81
Sample 86:-115
Sample 87:-115
Sample 88:-107
Sample 89:-115
Sample 90:-89
Sample 91:-89
Sample 92:-53
Sample 93:-79
Sample 94:-55
Sample 95:-81
Sample 96:-15
Sample 97:-115
Sample 98:-101
Sample 99:-101
Best Ham: -115
Sucess Probability: 0
Ham Average: -78.14
