Sample 0:-520
Sample 1:-520
Sample 2:-520
Sample 3:-520
Sample 4:-520
Sample 5:-520
Sample 6:-520
Sample 7:-520
Sample 8:-520
Sample 9:-520
Sample 10:-520
Sample 11:-520
Sample 12:-520
Sample 13:-520
Sample 14:-520
Sample 15:-520
Sample 16:-520
Sample 17:-520
Sample 18:-520
Sample 19:-520
Sample 20:-520
Sample 21:-520
Sample 22:-520
Sample 23:-520
Sample 24:-520
Sample 25:-520
Sample 26:-510
Sample 27:-520
Sample 28:-520
Sample 29:-520
Sample 30:-520
Sample 31:-520
Sample 32:-520
Sample 33:-520
Sample 34:-520
Sample 35:-520
Sample 36:-520
Sample 37:-520
Sample 38:-510
Sample 39:-510
Sample 40:-520
Sample 41:-520
Sample 42:-520
Sample 43:-520
Sample 44:-520
Sample 45:-510
Sample 46:-520
Sample 47:-520
Sample 48:-520
Sample 49:-520
Sample 50:-520
Sample 51:-520
Sample 52:-520
Sample 53:-520
Sample 54:-520
Sample 55:-520
Sample 56:-520
Sample 57:-520
Sample 58:-520
Sample 59:-520
Sample 60:-520
Sample 61:-520
Sample 62:-520
Sample 63:-520
Sample 64:-520
Sample 65:94
Sample 66:-520
Sample 67:-520
Sample 68:-520
Sample 69:-520
Sample 70:-520
Sample 71:-520
Sample 72:-510
Sample 73:-520
Sample 74:-520
Sample 75:-520
Sample 76:-520
Sample 77:-520
Sample 78:-520
Sample 79:-520
Sample 80:-520
Sample 81:-520
Sample 82:-510
Sample 83:-520
Sample 84:-520
Sample 85:-520
Sample 86:-520
Sample 87:-520
Sample 88:-520
Sample 89:-520
Sample 90:-510
Sample 91:-520
Sample 92:-520
Sample 93:-520
Sample 94:-520
Sample 95:-520
Sample 96:-520
Sample 97:-520
Sample 98:-520
Sample 99:-520
Best Ham: -520
Sucess Probability: 99
Ham Average: -513.16
