Sample 0:-28
Sample 1:-28
Sample 2:-28
Sample 3:-42
Sample 4:-28
Sample 5:-42
Sample 6:-28
Sample 7:-28
Sample 8:-28
Sample 9:-28
Sample 10:-28
Sample 11:-28
Sample 12:-42
Sample 13:-28
Sample 14:-28
Sample 15:-42
Sample 16:-42
Sample 17:-42
Sample 18:-42
Sample 19:-42
Sample 20:-42
Sample 21:-28
Sample 22:-28
Sample 23:-42
Sample 24:-42
Sample 25:-28
Sample 26:-28
Sample 27:-28
Sample 28:-28
Sample 29:-42
Sample 30:-42
Sample 31:-28
Sample 32:-42
Sample 33:-28
Sample 34:-42
Sample 35:-28
Sample 36:-42
Sample 37:-28
Sample 38:-42
Sample 39:-42
Sample 40:-42
Sample 41:-28
Sample 42:-42
Sample 43:-42
Sample 44:-42
Sample 45:-42
Sample 46:-28
Sample 47:-28
Sample 48:-28
Sample 49:-42
Sample 50:16
Sample 51:-42
Sample 52:-42
Sample 53:-42
Sample 54:-42
Sample 55:-28
Sample 56:-28
Sample 57:-42
Sample 58:-42
Sample 59:-28
Sample 60:-42
Sample 61:-28
Sample 62:-28
Sample 63:-28
Sample 64:-28
Sample 65:-28
Sample 66:-28
Sample 67:-28
Sample 68:-28
Sample 69:-42
Sample 70:-28
Sample 71:-28
Sample 72:-42
Sample 73:-28
Sample 74:-28
Sample 75:-42
Sample 76:-42
Sample 77:-42
Sample 78:-42
Sample 79:-42
Sample 80:-42
Sample 81:-28
Sample 82:-28
Sample 83:-28
Sample 84:-28
Sample 85:-28
Sample 86:-42
Sample 87:-28
Sample 88:-42
Sample 89:-28
Sample 90:-28
Sample 91:-42
Sample 92:-42
Sample 93:-28
Sample 94:-42
Sample 95:-28
Sample 96:-28
Sample 97:-42
Sample 98:-28
Sample 99:-28
Best Ham: -42
Sucess Probability: 0
Ham Average: -33.86
