[[1 0 0 ... 0 0 7]
 [1 0 0 ... 0 7 0]
 [1 0 0 ... 7 0 0]
 ...
 [1 0 7 ... 0 0 0]
 [1 7 0 ... 0 0 0]
 [7 1 1 ... 1 1 1]]
0
test

{(1, 28): -11, (1, 27): 7, (1, 25): -8, (1, 24): -5, (1, 23): -4, (1, 22): -10, (1, 21): 9, (1, 18): 14, (1, 16): -11, (1, 13): -3, (1, 12): 7, (1, 10): 8, (1, 8): 11, (1, 5): -8, (2, 31): -13, (2, 29): -1, (2, 25): -14, (2, 22): -7, (2, 20): -12, (2, 15): -13, (2, 10): 10, (2, 8): 9, (2, 5): -1, (3, 34): 3, (3, 32): -9, (3, 28): 12, (3, 15): -13, (3, 13): -7, (3, 10): 12, (3, 8): -11, (3, 6): -11, (3, 5): 13, (4, 31): -5, (4, 30): -10, (4, 27): -5, (4, 25): 13, (4, 24): 12, (4, 19): 13, (4, 17): 5, (4, 10): 13, (4, 7): -5, (4, 6): 2, (5, 34): -6, (5, 27): 3, (5, 26): 7, (5, 22): 1, (5, 20): -13, (6, 34): -6, (6, 30): 1, (6, 29): -4, (6, 22): -11, (6, 19): -5, (6, 15): 8, (6, 11): 12, (6, 7): 6, (7, 30): 13, (7, 29): 13, (7, 28): 2, (7, 26): 4, (7, 24): -6, (7, 19): 10, (7, 18): -13, (7, 17): 12, (7, 13): -14, (7, 12): 2, (8, 34): 11, (8, 31): 13, (8, 26): 11, (8, 21): 5, (8, 19): -1, (8, 15): 3, (8, 14): -7, (8, 9): 11, (9, 34): -9, (9, 32): 13, (9, 31): 8, (9, 23): 8, (9, 17): -8, (9, 15): 12, (10, 34): -11, (10, 31): 7, (10, 23): 8, (10, 19): 11, (10, 16): 10, (10, 14): -4, (10, 13): -1, (10, 12): -14, (11, 33): 10, (11, 32): -7, (11, 25): 10, (11, 20): -11, (11, 19): -5, (11, 16): -9, (11, 15): 6, (12, 34): 11, (12, 25): -11, (12, 20): 5, (12, 17): -10, (12, 16): 4, (12, 14): -6, (13, 34): -1, (13, 32): -10, (13, 31): -8, (13, 27): -5, (13, 20): 4, (13, 17): 10, (14, 32): -12, (14, 31): 2, (14, 27): 10, (14, 22): -9, (15, 34): -9, (15, 31): -2, (15, 28): -11, (15, 26): -7, (15, 22): -8, (16, 33): -2, (16, 28): 2, (16, 25): 5, (16, 22): -9, (16, 21): 12, (17, 32): 14, (17, 31): 1, (17, 29): -14, (17, 26): 13, (17, 22): -4, (17, 19): -4, (18, 34): 14, (18, 28): -3, (18, 25): -11, (18, 22): -13, (19, 29): 11, (19, 25): -1, (19, 22): -4, (19, 21): 12, (19, 20): -5, (20, 33): -6, (20, 30): -13, (20, 28): -10, (20, 25): 4, (20, 23): -14, (21, 27): 6, (21, 26): -9, (21, 25): -4, (22, 30): -12, (22, 29): -8, (22, 27): 8, (22, 26): -9, (22, 25): -4, (22, 24): 2, (22, 23): -4, (23, 33): -8, (23, 32): -9, (23, 29): 13, (23, 27): -14, (23, 24): -7, (24, 30): 11, (24, 26): -7, (25, 27): -9, (26, 30): -6, (27, 33): -5, (27, 31): -10, (28, 32): -8, (28, 31): -5, (28, 30): -9, (28, 29): 12, (29, 34): 2, (30, 33): -8, (31, 33): 3}
test1

{}
   1 28 27 25 24 23 22 21 18 16 13 12 10  8  5  2 31 29 ... 33 energy num_oc.
0 -1 -1 -1 +1 -1 -1 -1 +1 +1 -1 -1 +1 +1 +1 -1 -1 -1 +1 ... -1 -692.0      14
1 +1 +1 +1 -1 +1 +1 +1 -1 -1 +1 +1 -1 -1 -1 +1 +1 +1 -1 ... +1 -692.0       8
2 -1 -1 -1 +1 +1 -1 -1 +1 +1 -1 -1 +1 +1 +1 -1 -1 -1 +1 ... -1 -692.0      11
3 +1 +1 +1 -1 -1 +1 +1 -1 -1 +1 +1 -1 -1 -1 +1 +1 +1 -1 ... +1 -692.0      18
4 -1 -1 -1 +1 +1 -1 -1 +1 +1 -1 -1 +1 +1 +1 -1 -1 -1 +1 ... -1 -690.0       1
['SPIN', 5 rows, 52 samples, 34 variables]
energies=[-692.0, -692.0, -692.0, -692.0, -690.0]
