Sample 0:-49
Sample 1:-43
Sample 2:-77
Sample 3:-79
Sample 4:-107
Sample 5:-101
Sample 6:-41
Sample 7:-101
Sample 8:-67
Sample 9:-97
Sample 10:-49
Sample 11:-101
Sample 12:-47
Sample 13:-57
Sample 14:-81
Sample 15:-113
Sample 16:-77
Sample 17:-83
Sample 18:-83
Sample 19:-49
Sample 20:-19
Sample 21:-49
Sample 22:-37
Sample 23:-47
Sample 24:-55
Sample 25:-77
Sample 26:-41
Sample 27:-71
Sample 28:-69
Sample 29:-85
Sample 30:-15
Sample 31:-77
Sample 32:-63
Sample 33:-101
Sample 34:-77
Sample 35:-63
Sample 36:-75
Sample 37:-13
Sample 38:-69
Sample 39:-77
Sample 40:-69
Sample 41:9
Sample 42:-49
Sample 43:-65
Sample 44:-89
Sample 45:-101
Sample 46:-61
Sample 47:-77
Sample 48:-61
Sample 49:-37
Sample 50:-41
Sample 51:-93
Sample 52:-41
Sample 53:-37
Sample 54:-91
Sample 55:-97
Sample 56:3
Sample 57:-63
Sample 58:-59
Sample 59:-49
Sample 60:-7
Sample 61:-51
Sample 62:-65
Sample 63:-59
Sample 64:47
Sample 65:-49
Sample 66:-27
Sample 67:-7
Sample 68:-93
Sample 69:-69
Sample 70:-101
Sample 71:-57
Sample 72:-25
Sample 73:-97
Sample 74:-97
Sample 75:-49
Sample 76:-27
Sample 77:-41
Sample 78:-41
Sample 79:-41
Sample 80:-31
Sample 81:-55
Sample 82:-91
Sample 83:-49
Sample 84:-91
Sample 85:-1
Sample 86:-59
Sample 87:-43
Sample 88:-31
Sample 89:-63
Sample 90:-49
Sample 91:-67
Sample 92:-49
Sample 93:-41
Sample 94:-11
Sample 95:-33
Sample 96:-71
Sample 97:-31
Sample 98:-83
Sample 99:-63
Best Ham: -113
Sucess Probability: 0
Ham Average: -58.18
