Sample 0:-61
Sample 1:-115
Sample 2:63
Sample 3:-73
Sample 4:63
Sample 5:-179
Sample 6:-113
Sample 7:63
Sample 8:-113
Sample 9:63
Sample 10:-61
Sample 11:-73
Sample 12:-73
Sample 13:63
Sample 14:-113
Sample 15:-85
Sample 16:-113
Sample 17:-73
Sample 18:-113
Sample 19:-61
Sample 20:-73
Sample 21:63
Sample 22:63
Sample 23:63
Sample 24:63
Sample 25:-73
Sample 26:63
Sample 27:-73
Sample 28:-113
Sample 29:63
Sample 30:-115
Sample 31:63
Sample 32:-61
Sample 33:-73
Sample 34:63
Sample 35:-73
Sample 36:-303
Sample 37:-73
Sample 38:-73
Sample 39:-73
Sample 40:-73
Sample 41:-303
Sample 42:-61
Sample 43:-73
Sample 44:63
Sample 45:-113
Sample 46:-303
Sample 47:63
Sample 48:-61
Sample 49:-73
Sample 50:-113
Sample 51:-85
Sample 52:-303
Sample 53:-61
Sample 54:-73
Sample 55:-73
Sample 56:63
Sample 57:-61
Sample 58:-115
Sample 59:-73
Sample 60:63
Sample 61:-113
Sample 62:63
Sample 63:-113
Sample 64:-61
Sample 65:-73
Sample 66:-113
Sample 67:63
Sample 68:-303
Sample 69:-73
Sample 70:-233
Sample 71:-73
Sample 72:63
Sample 73:-61
Sample 74:-115
Sample 75:-73
Sample 76:-115
Sample 77:63
Sample 78:63
Sample 79:63
Sample 80:-61
Sample 81:-73
Sample 82:-73
Sample 83:-61
Sample 84:63
Sample 85:-115
Sample 86:-263
Sample 87:63
Sample 88:-61
Sample 89:-61
Sample 90:-73
Sample 91:63
Sample 92:-73
Sample 93:-73
Sample 94:-73
Sample 95:-73
Sample 96:63
Sample 97:63
Sample 98:-303
Sample 99:-73
Best Ham: -303
Sucess Probability: 9
Ham Average: -58.76
