Sample 0:-204
Sample 1:-222
Sample 2:-124
Sample 3:-204
Sample 4:-178
Sample 5:-58
Sample 6:-84
Sample 7:-152
Sample 8:-202
Sample 9:-172
Sample 10:-202
Sample 11:-102
Sample 12:-170
Sample 13:-202
Sample 14:-86
Sample 15:-176
Sample 16:-124
Sample 17:-128
Sample 18:-226
Sample 19:-224
Sample 20:-28
Sample 21:-140
Sample 22:-200
Sample 23:-172
Sample 24:-222
Sample 25:-112
Sample 26:-178
Sample 27:-92
Sample 28:-96
Sample 29:-130
Sample 30:-196
Sample 31:-176
Sample 32:-130
Sample 33:-202
Sample 34:-204
Sample 35:-168
Sample 36:-170
Sample 37:-150
Sample 38:-58
Sample 39:-142
Sample 40:-148
Sample 41:-98
Sample 42:-134
Sample 43:-196
Sample 44:-92
Sample 45:-222
Sample 46:-110
Sample 47:-134
Sample 48:-92
Sample 49:-222
Sample 50:-92
Sample 51:-92
Sample 52:-120
Sample 53:-158
Sample 54:-84
Sample 55:-98
Sample 56:-92
Sample 57:-130
Sample 58:-224
Sample 59:-130
Sample 60:-200
Sample 61:-222
Sample 62:-114
Sample 63:-58
Sample 64:-58
Sample 65:-92
Sample 66:-124
Sample 67:-200
Sample 68:-176
Sample 69:-92
Sample 70:-222
Sample 71:-158
Sample 72:-170
Sample 73:-178
Sample 74:-224
Sample 75:-202
Sample 76:-188
Sample 77:-124
Sample 78:-120
Sample 79:-124
Sample 80:-92
Sample 81:-222
Sample 82:-158
Sample 83:-158
Sample 84:8
Sample 85:-58
Sample 86:-120
Sample 87:-124
Sample 88:-62
Sample 89:-70
Sample 90:-202
Sample 91:-222
Sample 92:-202
Sample 93:-222
Sample 94:-130
Sample 95:-170
Sample 96:-138
Sample 97:-212
Sample 98:-134
Sample 99:-222
Best Ham: -226
Sucess Probability: 50
Ham Average: -148.3
