Sample 0:-35
Sample 1:-35
Sample 2:-35
Sample 3:-25
Sample 4:-35
Sample 5:-35
Sample 6:-25
Sample 7:-35
Sample 8:-35
Sample 9:-25
Sample 10:-25
Sample 11:-25
Sample 12:-25
Sample 13:-35
Sample 14:-35
Sample 15:47
Sample 16:-25
Sample 17:-25
Sample 18:-35
Sample 19:-25
Sample 20:-35
Sample 21:-25
Sample 22:-35
Sample 23:-25
Sample 24:-35
Sample 25:-35
Sample 26:-35
Sample 27:-25
Sample 28:47
Sample 29:-35
Sample 30:-25
Sample 31:-25
Sample 32:-35
Sample 33:-35
Sample 34:-25
Sample 35:-25
Sample 36:-25
Sample 37:-35
Sample 38:-35
Sample 39:-25
Sample 40:-35
Sample 41:-25
Sample 42:-25
Sample 43:-25
Sample 44:-35
Sample 45:-25
Sample 46:-35
Sample 47:-25
Sample 48:-25
Sample 49:47
Sample 50:-35
Sample 51:-25
Sample 52:-35
Sample 53:-25
Sample 54:-35
Sample 55:-35
Sample 56:-35
Sample 57:-25
Sample 58:-35
Sample 59:-25
Sample 60:-35
Sample 61:-25
Sample 62:-35
Sample 63:-35
Sample 64:-25
Sample 65:47
Sample 66:-25
Sample 67:-35
Sample 68:-25
Sample 69:-25
Sample 70:47
Sample 71:-35
Sample 72:-25
Sample 73:-25
Sample 74:-35
Sample 75:-35
Sample 76:-25
Sample 77:-25
Sample 78:-35
Sample 79:-25
Sample 80:25
Sample 81:-35
Sample 82:-35
Sample 83:-25
Sample 84:-25
Sample 85:-25
Sample 86:-35
Sample 87:-35
Sample 88:47
Sample 89:-25
Sample 90:-25
Sample 91:47
Sample 92:-35
Sample 93:-35
Sample 94:-25
Sample 95:-35
Sample 96:47
Sample 97:-25
Sample 98:-25
Sample 99:-25
Best Ham: -35
Sucess Probability: 0
Ham Average: -23.14
