[[ 1  0  0 ...  0  0  7]
 [ 1  0  0 ...  0  7  0]
 [ 1  0  0 ...  7  0  0]
 ...
 [ 1 -4  7 ...  0  0  0]
 [ 1  7 -4 ...  0  0  0]
 [ 7  1  1 ...  1  1  1]]
-4
test

{(1, 23): 6, (1, 21): 7, (1, 20): 5, (1, 19): -13, (1, 15): -14, (1, 11): -4, (1, 8): 2, (1, 6): 4, (1, 5): -14, (1, 4): 8, (1, 3): 13, (1, 2): 8, (2, 22): 2, (2, 21): -8, (2, 20): 14, (2, 19): -13, (2, 18): 10, (2, 15): 10, (2, 14): 12, (2, 13): 4, (2, 8): 4, (2, 6): -2, (2, 4): 2, (2, 3): 3, (3, 23): 5, (3, 17): -12, (3, 16): 11, (3, 14): -2, (3, 13): 1, (3, 10): -10, (3, 8): -12, (3, 7): -6, (3, 6): 8, (3, 4): 13, (4, 20): -10, (4, 17): -14, (4, 15): 2, (4, 14): -7, (4, 12): 13, (4, 10): -8, (4, 8): -13, (4, 6): 9, (4, 5): 6, (5, 20): -9, (5, 18): 3, (5, 17): 9, (5, 10): -4, (5, 9): 11, (5, 7): -12, (5, 6): -12, (6, 22): 8, (6, 21): -3, (6, 19): 11, (6, 17): 12, (6, 14): -8, (6, 13): -4, (6, 12): -13, (6, 10): -3, (6, 9): 14, (6, 8): -14, (7, 23): 3, (7, 18): -12, (7, 17): 14, (7, 16): 12, (7, 14): 6, (7, 12): -2, (7, 11): -9, (7, 10): 14, (7, 8): -14, (8, 23): 1, (8, 22): 8, (8, 19): 5, (8, 18): 5, (8, 16): 2, (8, 14): 9, (8, 13): -4, (8, 12): -1, (9, 22): -5, (9, 20): 7, (9, 13): 6, (9, 12): -7, (10, 20): -12, (10, 19): 4, (10, 18): 5, (10, 17): -2, (10, 13): -12, (10, 11): 1, (11, 21): -14, (11, 20): 11, (11, 19): 12, (11, 17): 4, (11, 13): 1, (11, 12): -2, (12, 22): -7, (13, 22): -3, (13, 20): -13, (13, 19): 11, (14, 22): 1, (14, 19): -12, (14, 17): 8, (14, 16): -7, (15, 23): -1, (15, 22): 11, (15, 20): -10, (15, 19): 7, (15, 18): -5, (15, 17): 7, (16, 23): 13, (16, 22): 8, (16, 21): 6, (17, 23): -1, (17, 22): 5, (17, 21): 11, (17, 20): -7, (17, 19): 6, (18, 23): 8, (18, 22): 11, (18, 20): -4, (18, 19): -11, (19, 23): 8, (19, 21): 2, (19, 20): -12, (20, 23): 4, (20, 22): 1, (20, 21): -13, (21, 23): -4, (21, 22): -7}
test1

{}
   1 23 21 20 19 15 11  8  6  5  4  3  2 22 18 14 13 17 ...  9 energy num_oc.
0 -1 +1 +1 -1 -1 -1 +1 +1 +1 +1 -1 +1 +1 +1 -1 -1 -1 -1 ... +1 -445.0      16
1 +1 -1 -1 +1 +1 +1 -1 -1 -1 -1 +1 -1 -1 -1 +1 +1 +1 +1 ... -1 -445.0      14
2 +1 -1 -1 +1 +1 +1 -1 -1 -1 -1 +1 -1 -1 -1 +1 +1 +1 +1 ... +1 -445.0      15
3 -1 +1 +1 -1 -1 -1 +1 +1 +1 +1 -1 +1 +1 +1 -1 -1 -1 -1 ... -1 -445.0       5
4 -1 +1 +1 -1 -1 -1 +1 +1 -1 -1 +1 +1 +1 +1 -1 -1 -1 +1 ... +1 -423.0       1
5 -1 +1 +1 -1 -1 -1 +1 -1 -1 -1 -1 +1 +1 +1 -1 -1 -1 +1 ... +1 -411.0       2
6 -1 +1 +1 -1 -1 -1 +1 +1 -1 -1 +1 +1 +1 +1 -1 -1 +1 +1 ... +1 -411.0       1
['SPIN', 7 rows, 54 samples, 23 variables]
energies=[-445.0, -445.0, -445.0, -445.0, -423.0, -411.0, -411.0]
