[[ 1  0  0 ...  0  0  7]
 [ 1  0  0 ...  0  7  0]
 [ 1  0  0 ...  7  0  0]
 ...
 [ 1 -3  7 ...  0  0  0]
 [ 1  7 -4 ...  0  0  0]
 [ 7  1  1 ...  1  1  1]]
-4
test

{(1, 29): -6, (1, 28): -10, (1, 27): 10, (1, 26): -7, (1, 25): 4, (1, 21): 5, (1, 19): 3, (1, 18): -13, (1, 17): 3, (1, 16): 5, (1, 15): -8, (1, 12): 1, (1, 9): 14, (1, 7): 10, (1, 6): 2, (1, 2): 7, (2, 31): -13, (2, 29): -5, (2, 28): 9, (2, 27): -14, (2, 24): 4, (2, 22): -1, (2, 20): -2, (2, 19): 12, (2, 16): -7, (2, 15): -14, (2, 14): 8, (2, 12): -2, (2, 11): -3, (2, 9): 1, (2, 8): 13, (2, 7): -10, (2, 5): -3, (2, 4): -5, (3, 29): -8, (3, 27): 10, (3, 24): 10, (3, 22): -4, (3, 20): -11, (3, 18): 4, (3, 16): 10, (3, 15): -12, (3, 13): -4, (3, 11): 5, (3, 10): 8, (3, 5): -3, (4, 29): -3, (4, 27): -14, (4, 21): -9, (4, 18): -9, (4, 17): -3, (4, 14): 9, (4, 13): -12, (4, 12): 7, (4, 11): -14, (4, 10): 7, (4, 9): 14, (4, 8): -14, (4, 6): -8, (5, 31): -8, (5, 30): -13, (5, 28): -3, (5, 25): 8, (5, 23): 13, (5, 22): -4, (5, 18): -14, (5, 17): 3, (5, 15): -2, (5, 13): -2, (5, 11): -5, (5, 10): 11, (5, 9): 7, (5, 6): 2, (6, 30): 9, (6, 28): -8, (6, 27): 10, (6, 26): 4, (6, 24): 5, (6, 23): -12, (6, 22): 3, (6, 21): 11, (6, 20): 2, (6, 17): 4, (6, 16): 6, (6, 15): -6, (6, 12): -9, (6, 10): -3, (6, 9): -12, (6, 7): -1, (7, 30): -13, (7, 25): -3, (7, 24): -1, (7, 23): -13, (7, 19): -6, (7, 15): -2, (7, 14): 8, (7, 12): -4, (7, 10): 13, (8, 31): -4, (8, 29): 6, (8, 28): 14, (8, 27): 2, (8, 26): -5, (8, 25): -4, (8, 24): -6, (8, 22): -10, (8, 21): -3, (8, 20): -6, (8, 18): -7, (8, 17): 10, (8, 16): 2, (8, 13): -5, (8, 9): -5, (9, 27): -2, (9, 23): 4, (9, 21): 1, (9, 19): -11, (9, 18): 14, (9, 13): 7, (9, 10): 11, (10, 31): -8, (10, 28): -1, (10, 26): 5, (10, 25): 14, (10, 24): 13, (10, 23): 9, (10, 22): 12, (10, 20): -5, (10, 16): 7, (10, 15): -13, (11, 31): 11, (11, 30): 14, (11, 28): 10, (11, 24): -1, (11, 23): -2, (11, 22): 8, (11, 20): 3, (11, 18): -8, (11, 17): -5, (11, 13): 7, (11, 12): 11, (12, 31): 8, (12, 30): -5, (12, 27): -9, (12, 21): 12, (12, 16): -2, (12, 15): -12, (12, 14): 6, (13, 31): 11, (13, 30): 10, (13, 29): 2, (13, 24): 5, (13, 23): -14, (13, 22): -2, (13, 21): 9, (14, 31): -12, (14, 30): 4, (14, 27): 14, (14, 23): -5, (14, 22): 12, (14, 19): -10, (15, 29): 4, (15, 27): 1, (15, 23): -7, (15, 21): 3, (15, 20): -2, (15, 18): 3, (16, 31): -14, (16, 29): 12, (16, 28): -11, (16, 27): 4, (16, 26): -14, (16, 23): -7, (16, 21): -1, (16, 18): -3, (16, 17): 13, (17, 31): -5, (17, 28): 2, (17, 27): -9, (17, 22): 14, (17, 21): -5, (17, 20): -6, (17, 19): -10, (17, 18): -7, (18, 30): 2, (18, 28): 4, (18, 27): -7, (18, 26): 8, (18, 25): -9, (18, 22): -10, (18, 20): -6, (18, 19): -1, (19, 30): -13, (19, 29): 7, (19, 27): -3, (19, 25): -12, (19, 24): 3, (19, 23): 8, (19, 21): -7, (19, 20): 11, (20, 30): -5, (20, 28): -11, (20, 26): 2, (20, 24): -12, (20, 21): 13, (21, 31): 13, (21, 29): 9, (21, 25): 6, (21, 24): -13, (21, 23): -9, (22, 31): -1, (22, 29): 4, (22, 27): 14, (22, 25): 11, (22, 23): 6, (23, 29): 11, (23, 27): -1, (23, 26): -14, (24, 29): -5, (24, 28): -3, (24, 26): -11, (24, 25): 9, (25, 29): 10, (25, 28): 8, (26, 31): -12, (26, 28): -12, (26, 27): 9, (27, 31): -5, (27, 30): -14, (27, 28): -11, (28, 30): 4, (29, 30): -5, (30, 31): 13}
test1

{}
   1 29 28 27 26 25 21 19 18 17 16 15 12  9  7  6  2 31 ... 23 energy num_oc.
0 +1 +1 +1 -1 +1 -1 -1 -1 -1 -1 +1 +1 +1 -1 -1 +1 +1 +1 ... +1 -649.0      18
1 -1 -1 -1 +1 -1 +1 +1 +1 +1 +1 -1 -1 -1 +1 +1 -1 -1 -1 ... -1 -649.0      17
2 +1 -1 +1 -1 +1 -1 -1 -1 -1 -1 +1 +1 +1 +1 -1 +1 -1 +1 ... +1 -639.0       1
3 -1 +1 -1 +1 -1 +1 +1 +1 +1 +1 -1 -1 -1 -1 +1 -1 +1 -1 ... -1 -639.0       6
4 -1 -1 -1 -1 -1 +1 +1 +1 -1 +1 -1 -1 -1 +1 -1 -1 -1 -1 ... -1 -629.0       9
5 +1 -1 +1 -1 +1 -1 +1 -1 +1 -1 +1 -1 -1 -1 -1 -1 -1 +1 ... +1 -627.0      11
6 -1 -1 -1 -1 +1 +1 +1 +1 -1 -1 +1 -1 -1 +1 +1 -1 -1 +1 ... +1 -627.0       2
['SPIN', 7 rows, 64 samples, 31 variables]
energies=[-649.0, -649.0, -639.0, -639.0, -629.0, -627.0, -627.0]
