Sample 0:-94
Sample 1:-226
Sample 2:-184
Sample 3:-226
Sample 4:-32
Sample 5:-184
Sample 6:-184
Sample 7:-106
Sample 8:-226
Sample 9:-184
Sample 10:-214
Sample 11:-214
Sample 12:-100
Sample 13:-226
Sample 14:-82
Sample 15:-226
Sample 16:-214
Sample 17:-226
Sample 18:-226
Sample 19:-32
Sample 20:-226
Sample 21:-110
Sample 22:22
Sample 23:-196
Sample 24:-226
Sample 25:-226
Sample 26:-214
Sample 27:-162
Sample 28:-214
Sample 29:-198
Sample 30:-184
Sample 31:-162
Sample 32:-226
Sample 33:-160
Sample 34:-184
Sample 35:-184
Sample 36:-162
Sample 37:-184
Sample 38:-226
Sample 39:-226
Sample 40:-14
Sample 41:-184
Sample 42:-110
Sample 43:-226
Sample 44:-226
Sample 45:-182
Sample 46:-184
Sample 47:-214
Sample 48:-226
Sample 49:-104
Sample 50:-214
Sample 51:8
Sample 52:-184
Sample 53:-160
Sample 54:-184
Sample 55:-226
Sample 56:-226
Sample 57:-214
Sample 58:-182
Sample 59:-226
Sample 60:-214
Sample 61:-214
Sample 62:-104
Sample 63:-226
Sample 64:-184
Sample 65:-226
Sample 66:-14
Sample 67:-226
Sample 68:-184
Sample 69:-226
Sample 70:-14
Sample 71:-60
Sample 72:-214
Sample 73:-226
Sample 74:-106
Sample 75:-214
Sample 76:-110
Sample 77:-226
Sample 78:-214
Sample 79:-106
Sample 80:-214
Sample 81:-226
Sample 82:-214
Sample 83:-162
Sample 84:-214
Sample 85:-214
Sample 86:-110
Sample 87:-162
Sample 88:-162
Sample 89:-226
Sample 90:-226
Sample 91:-226
Sample 92:-226
Sample 93:-226
Sample 94:-226
Sample 95:-184
Sample 96:-214
Sample 97:-144
Sample 98:-184
Sample 99:-132
Best Ham: -226
Sucess Probability: 78
Ham Average: -177.32
