[[1 0 0 ... 0 0 7]
 [1 0 0 ... 0 7 0]
 [1 0 0 ... 7 0 0]
 ...
 [1 0 7 ... 0 0 0]
 [1 7 0 ... 0 0 0]
 [7 1 1 ... 1 1 1]]
0
test

{(1, 17): -1, (1, 11): -1, (1, 4): -6, (2, 17): 1, (2, 12): -10, (2, 10): 7, (2, 9): -13, (2, 8): 14, (2, 6): -6, (2, 5): -5, (2, 4): 4, (3, 19): 3, (3, 15): 2, (3, 12): -8, (3, 6): -9, (3, 5): -6, (4, 16): -1, (4, 15): -11, (4, 13): 13, (4, 12): 1, (4, 8): 11, (4, 5): 2, (5, 19): -8, (5, 17): 10, (5, 16): -13, (5, 12): -1, (5, 11): -8, (5, 9): -11, (5, 8): 5, (5, 7): -1, (5, 6): -1, (6, 19): 12, (6, 17): -2, (6, 16): 3, (6, 11): -6, (6, 10): 12, (7, 18): -7, (7, 15): -13, (7, 13): 3, (7, 12): -12, (7, 9): -8, (7, 8): 5, (8, 19): 2, (8, 18): -14, (8, 16): -11, (8, 13): 11, (8, 11): 1, (9, 12): 4, (9, 11): 10, (9, 10): 13, (10, 18): -14, (10, 17): -4, (10, 16): -4, (10, 14): -7, (10, 13): 9, (11, 15): 10, (11, 13): -4, (12, 14): 7, (12, 13): 14, (13, 19): 2, (13, 14): 1, (14, 17): -4, (14, 16): -4, (15, 19): 10, (15, 18): 11, (16, 19): 10, (17, 18): 14, (18, 19): 9}
test1

{}
   1 17 11  4  2 12 10  9  8  6  5  3 19 15 16 13  7 18 14 energy num_oc.
0 -1 -1 +1 -1 -1 -1 +1 -1 +1 -1 +1 -1 +1 -1 +1 +1 -1 +1 +1 -260.0      21
1 +1 +1 -1 +1 +1 +1 -1 +1 -1 +1 -1 +1 -1 +1 -1 -1 +1 -1 -1 -260.0      26
2 -1 +1 +1 -1 -1 -1 +1 -1 +1 -1 -1 -1 -1 -1 +1 +1 -1 +1 +1 -254.0       1
3 +1 -1 -1 +1 +1 +1 -1 +1 -1 +1 +1 +1 +1 +1 -1 -1 +1 -1 -1 -254.0       4
4 +1 -1 -1 +1 +1 +1 -1 +1 -1 +1 +1 +1 -1 +1 +1 -1 +1 -1 -1 -246.0       1
5 +1 +1 -1 +1 -1 -1 +1 -1 +1 -1 -1 -1 -1 +1 +1 -1 -1 +1 +1 -240.0       2
['SPIN', 6 rows, 55 samples, 19 variables]
energies=[-260.0, -260.0, -254.0, -254.0, -246.0, -240.0]
