Sample 0:-382
Sample 1:-248
Sample 2:-232
Sample 3:-296
Sample 4:-296
Sample 5:-260
Sample 6:-382
Sample 7:-382
Sample 8:-362
Sample 9:-382
Sample 10:-362
Sample 11:-334
Sample 12:-362
Sample 13:-362
Sample 14:-334
Sample 15:-382
Sample 16:-382
Sample 17:-382
Sample 18:-382
Sample 19:-334
Sample 20:-362
Sample 21:-354
Sample 22:-334
Sample 23:-334
Sample 24:-382
Sample 25:-382
Sample 26:-382
Sample 27:-362
Sample 28:-382
Sample 29:-362
Sample 30:-382
Sample 31:-354
Sample 32:-334
Sample 33:-382
Sample 34:-382
Sample 35:-382
Sample 36:-382
Sample 37:-382
Sample 38:-334
Sample 39:-354
Sample 40:-354
Sample 41:-362
Sample 42:-382
Sample 43:-362
Sample 44:-362
Sample 45:-354
Sample 46:-362
Sample 47:-354
Sample 48:-362
Sample 49:-362
Sample 50:-334
Sample 51:-382
Sample 52:-334
Sample 53:-382
Sample 54:-362
Sample 55:-362
Sample 56:-362
Sample 57:-382
Sample 58:-382
Sample 59:-382
Sample 60:-382
Sample 61:-382
Sample 62:-362
Sample 63:-354
Sample 64:-362
Sample 65:-334
Sample 66:-382
Sample 67:-362
Sample 68:74
Sample 69:-382
Sample 70:-382
Sample 71:-362
Sample 72:-362
Sample 73:-382
Sample 74:-362
Sample 75:-382
Sample 76:-382
Sample 77:-382
Sample 78:-362
Sample 79:-382
Sample 80:-354
Sample 81:-362
Sample 82:-362
Sample 83:-354
Sample 84:-382
Sample 85:-362
Sample 86:-382
Sample 87:-362
Sample 88:-334
Sample 89:-362
Sample 90:-334
Sample 91:-362
Sample 92:-382
Sample 93:-334
Sample 94:-334
Sample 95:-334
Sample 96:-382
Sample 97:-354
Sample 98:-334
Sample 99:-382
Best Ham: -382
Sucess Probability: 99
Ham Average: -355.38
