Sample 0:-104
Sample 1:-104
Sample 2:-88
Sample 3:-88
Sample 4:-104
Sample 5:-88
Sample 6:-102
Sample 7:-106
Sample 8:-64
Sample 9:-88
Sample 10:-88
Sample 11:-102
Sample 12:-104
Sample 13:-118
Sample 14:-102
Sample 15:-104
Sample 16:-102
Sample 17:-102
Sample 18:-104
Sample 19:-104
Sample 20:-118
Sample 21:-120
Sample 22:-102
Sample 23:-104
Sample 24:-102
Sample 25:-118
Sample 26:-118
Sample 27:-88
Sample 28:-102
Sample 29:-104
Sample 30:-102
Sample 31:-118
Sample 32:-102
Sample 33:-118
Sample 34:-102
Sample 35:-104
Sample 36:-102
Sample 37:-88
Sample 38:-118
Sample 39:-88
Sample 40:-62
Sample 41:-118
Sample 42:-88
Sample 43:-118
Sample 44:-102
Sample 45:-102
Sample 46:-102
Sample 47:-102
Sample 48:-104
Sample 49:-102
Sample 50:-118
Sample 51:-102
Sample 52:-104
Sample 53:-104
Sample 54:-118
Sample 55:-88
Sample 56:-118
Sample 57:-102
Sample 58:-104
Sample 59:-102
Sample 60:-102
Sample 61:-118
Sample 62:-88
Sample 63:-104
Sample 64:-104
Sample 65:-102
Sample 66:-74
Sample 67:-102
Sample 68:-102
Sample 69:-88
Sample 70:-102
Sample 71:-118
Sample 72:-88
Sample 73:-102
Sample 74:-88
Sample 75:-118
Sample 76:-104
Sample 77:-102
Sample 78:-104
Sample 79:-118
Sample 80:-102
Sample 81:-118
Sample 82:-118
Sample 83:-118
Sample 84:-104
Sample 85:-102
Sample 86:-60
Sample 87:-102
Sample 88:-106
Sample 89:-118
Sample 90:-118
Sample 91:62
Sample 92:-104
Sample 93:-118
Sample 94:-88
Sample 95:-88
Sample 96:-118
Sample 97:-88
Sample 98:-118
Sample 99:-88
Best Ham: -120
Sucess Probability: 0
Ham Average: -100.86
