[[1 0 0 ... 0 0 7]
 [1 0 0 ... 0 7 0]
 [1 0 0 ... 7 0 0]
 ...
 [1 5 7 ... 0 0 0]
 [1 7 5 ... 0 0 0]
 [7 1 1 ... 1 1 1]]
5
test

{(1, 10): 5, (1, 9): -10, (1, 5): -5, (1, 2): -10, (2, 7): -5, (2, 6): 8, (2, 3): -2, (3, 10): 12, (3, 8): 12, (3, 5): 12, (4, 12): 9, (4, 10): 1, (5, 13): -11, (5, 7): 13, (5, 6): 13, (6, 13): -4, (6, 11): -2, (6, 9): -13, (7, 10): 14, (8, 12): 7, (8, 10): 7, (9, 12): -2, (9, 11): 13}
test1

{}
   1 10  9  5  2  7  6  3  8  4 12 13 11 energy num_oc.
0 -1 +1 -1 +1 -1 -1 -1 -1 +1 +1 -1 +1 +1 -136.0      14
1 +1 -1 +1 -1 +1 +1 +1 +1 -1 -1 +1 -1 -1 -136.0      22
2 -1 +1 -1 +1 -1 -1 -1 -1 -1 -1 +1 +1 +1 -124.0       1
3 +1 -1 +1 -1 +1 +1 +1 +1 +1 +1 -1 -1 -1 -124.0       6
4 +1 +1 +1 +1 +1 -1 -1 -1 +1 +1 -1 +1 -1 -112.0      10
5 -1 -1 -1 -1 -1 +1 +1 +1 -1 -1 +1 -1 +1 -112.0       2
['SPIN', 6 rows, 55 samples, 13 variables]
energies=[-136.0, -136.0, -124.0, -124.0, -112.0, -112.0]
