Sample 0:-92
Sample 1:-68
Sample 2:-78
Sample 3:-92
Sample 4:-92
Sample 5:-92
Sample 6:-74
Sample 7:-78
Sample 8:-92
Sample 9:-92
Sample 10:-78
Sample 11:-92
Sample 12:-92
Sample 13:-78
Sample 14:-92
Sample 15:-78
Sample 16:-92
Sample 17:-92
Sample 18:-92
Sample 19:-92
Sample 20:-74
Sample 21:-74
Sample 22:-78
Sample 23:-92
Sample 24:-92
Sample 25:-78
Sample 26:-92
Sample 27:-78
Sample 28:-92
Sample 29:-78
Sample 30:-92
Sample 31:-78
Sample 32:-92
Sample 33:-78
Sample 34:-78
Sample 35:-92
Sample 36:-92
Sample 37:-92
Sample 38:-92
Sample 39:-92
Sample 40:-92
Sample 41:-92
Sample 42:-92
Sample 43:-92
Sample 44:-92
Sample 45:-78
Sample 46:-92
Sample 47:-92
Sample 48:-92
Sample 49:-92
Sample 50:4
Sample 51:-78
Sample 52:-92
Sample 53:4
Sample 54:-92
Sample 55:-92
Sample 56:-78
Sample 57:-92
Sample 58:-74
Sample 59:-68
Sample 60:-92
Sample 61:-78
Sample 62:-74
Sample 63:-74
Sample 64:-78
Sample 65:-78
Sample 66:-92
Sample 67:-78
Sample 68:-92
Sample 69:-92
Sample 70:-78
Sample 71:-92
Sample 72:-78
Sample 73:-78
Sample 74:-92
Sample 75:-92
Sample 76:-78
Sample 77:-92
Sample 78:-92
Sample 79:-74
Sample 80:-92
Sample 81:-92
Sample 82:-78
Sample 83:-92
Sample 84:-92
Sample 85:-78
Sample 86:-78
Sample 87:-92
Sample 88:-78
Sample 89:-78
Sample 90:-78
Sample 91:-92
Sample 92:-92
Sample 93:-92
Sample 94:-80
Sample 95:-92
Sample 96:-78
Sample 97:-92
Sample 98:-74
Sample 99:-92
Best Ham: -92
Sucess Probability: 0
Ham Average: -83.84
