Sample 0:-186
Sample 1:-402
Sample 2:-386
Sample 3:-542
Sample 4:-454
Sample 5:-644
Sample 6:-518
Sample 7:-64
Sample 8:-174
Sample 9:-310
Sample 10:-462
Sample 11:-594
Sample 12:-526
Sample 13:-258
Sample 14:-594
Sample 15:-454
Sample 16:-444
Sample 17:-646
Sample 18:-364
Sample 19:-400
Sample 20:-544
Sample 21:-444
Sample 22:-502
Sample 23:-454
Sample 24:-634
Sample 25:-610
Sample 26:-306
Sample 27:-202
Sample 28:-318
Sample 29:-386
Sample 30:-646
Sample 31:-104
Sample 32:-422
Sample 33:-524
Sample 34:-346
Sample 35:-322
Sample 36:-646
Sample 37:-530
Sample 38:-480
Sample 39:8
Sample 40:-288
Sample 41:-544
Sample 42:-514
Sample 43:-146
Sample 44:-544
Sample 45:-518
Sample 46:-94
Sample 47:-454
Sample 48:-636
Sample 49:-542
Sample 50:-318
Sample 51:-542
Sample 52:-482
Sample 53:-436
Sample 54:-292
Sample 55:-248
Sample 56:-206
Sample 57:-338
Sample 58:-184
Sample 59:-592
Sample 60:-430
Sample 61:-376
Sample 62:-584
Sample 63:-434
Sample 64:-412
Sample 65:-538
Sample 66:-378
Sample 67:-424
Sample 68:-326
Sample 69:-332
Sample 70:-482
Sample 71:-386
Sample 72:-252
Sample 73:-350
Sample 74:-526
Sample 75:-644
Sample 76:-136
Sample 77:-454
Sample 78:-604
Sample 79:-550
Sample 80:-434
Sample 81:-504
Sample 82:-544
Sample 83:-584
Sample 84:-446
Sample 85:-330
Sample 86:-584
Sample 87:-602
Sample 88:-636
Sample 89:-324
Sample 90:-550
Sample 91:-482
Sample 92:-440
Sample 93:-446
Sample 94:-246
Sample 95:-240
Sample 96:-498
Sample 97:-164
Sample 98:-408
Sample 99:-414
Best Ham: -646
Sucess Probability: 94
Ham Average: -422.46
