Sample 0:-120
Sample 1:-144
Sample 2:-144
Sample 3:-120
Sample 4:84
Sample 5:-144
Sample 6:-120
Sample 7:-120
Sample 8:8
Sample 9:-120
Sample 10:-144
Sample 11:-120
Sample 12:6
Sample 13:-144
Sample 14:-144
Sample 15:-120
Sample 16:-144
Sample 17:24
Sample 18:-120
Sample 19:-120
Sample 20:-120
Sample 21:-120
Sample 22:-144
Sample 23:-144
Sample 24:-120
Sample 25:-144
Sample 26:84
Sample 27:-120
Sample 28:-144
Sample 29:-144
Sample 30:-62
Sample 31:84
Sample 32:-120
Sample 33:-120
Sample 34:-62
Sample 35:-120
Sample 36:-120
Sample 37:-144
Sample 38:-120
Sample 39:-120
Sample 40:-120
Sample 41:-120
Sample 42:-144
Sample 43:-144
Sample 44:6
Sample 45:-50
Sample 46:-144
Sample 47:-144
Sample 48:-120
Sample 49:-144
Sample 50:-6
Sample 51:-144
Sample 52:-144
Sample 53:-120
Sample 54:-144
Sample 55:-144
Sample 56:6
Sample 57:-144
Sample 58:-120
Sample 59:24
Sample 60:-120
Sample 61:-62
Sample 62:-120
Sample 63:-144
Sample 64:-144
Sample 65:-120
Sample 66:-62
Sample 67:-144
Sample 68:-50
Sample 69:-144
Sample 70:-120
Sample 71:-120
Sample 72:-120
Sample 73:-144
Sample 74:6
Sample 75:8
Sample 76:-144
Sample 77:-120
Sample 78:-120
Sample 79:-120
Sample 80:-62
Sample 81:-144
Sample 82:-144
Sample 83:-120
Sample 84:-120
Sample 85:-62
Sample 86:84
Sample 87:-120
Sample 88:-120
Sample 89:-144
Sample 90:-144
Sample 91:-144
Sample 92:-120
Sample 93:-144
Sample 94:-120
Sample 95:6
Sample 96:-144
Sample 97:-144
Sample 98:-120
Sample 99:-120
Best Ham: -144
Sucess Probability: 0
Ham Average: -102.96
