Sample 0:-6
Sample 1:-6
Sample 2:-4
Sample 3:-6
Sample 4:-6
Sample 5:-6
Sample 6:-4
Sample 7:-6
Sample 8:-4
Sample 9:-6
Sample 10:-6
Sample 11:-6
Sample 12:-8
Sample 13:8
Sample 14:-6
Sample 15:-4
Sample 16:-8
Sample 17:-6
Sample 18:-4
Sample 19:-8
Sample 20:-6
Sample 21:-6
Sample 22:-4
Sample 23:-8
Sample 24:-4
Sample 25:-6
Sample 26:-6
Sample 27:-6
Sample 28:-6
Sample 29:-6
Sample 30:-8
Sample 31:-4
Sample 32:-6
Sample 33:-8
Sample 34:-6
Sample 35:-6
Sample 36:-6
Sample 37:-6
Sample 38:-6
Sample 39:-6
Sample 40:-4
Sample 41:-6
Sample 42:-8
Sample 43:-6
Sample 44:-6
Sample 45:-6
Sample 46:-8
Sample 47:-6
Sample 48:-6
Sample 49:-4
Sample 50:-6
Sample 51:-4
Sample 52:-6
Sample 53:-6
Sample 54:-6
Sample 55:-4
Sample 56:-4
Sample 57:-4
Sample 58:-6
Sample 59:-6
Sample 60:-4
Sample 61:-6
Sample 62:-6
Sample 63:-4
Sample 64:-4
Sample 65:-6
Sample 66:-4
Sample 67:-4
Sample 68:-4
Sample 69:-8
Sample 70:-6
Sample 71:-6
Sample 72:-4
Sample 73:-6
Sample 74:-6
Sample 75:-6
Sample 76:-8
Sample 77:-4
Sample 78:-6
Sample 79:-6
Sample 80:-6
Sample 81:-8
Sample 82:-6
Sample 83:-6
Sample 84:-4
Sample 85:-6
Sample 86:-6
Sample 87:-4
Sample 88:-6
Sample 89:-4
Sample 90:-6
Sample 91:-4
Sample 92:-6
Sample 93:-6
Sample 94:-6
Sample 95:-6
Sample 96:-6
Sample 97:-4
Sample 98:-4
Sample 99:-8
Best Ham: -8
Sucess Probability: 0
Ham Average: -5.54
