Sample 0:-11
Sample 1:-7
Sample 2:-7
Sample 3:-11
Sample 4:-7
Sample 5:-11
Sample 6:-7
Sample 7:-11
Sample 8:-7
Sample 9:11
Sample 10:7
Sample 11:-7
Sample 12:-11
Sample 13:-11
Sample 14:-11
Sample 15:-11
Sample 16:-11
Sample 17:-7
Sample 18:-11
Sample 19:-11
Sample 20:-11
Sample 21:-11
Sample 22:-7
Sample 23:11
Sample 24:-7
Sample 25:-7
Sample 26:-11
Sample 27:-7
Sample 28:-11
Sample 29:-7
Sample 30:-7
Sample 31:-7
Sample 32:-7
Sample 33:-7
Sample 34:-7
Sample 35:-7
Sample 36:-7
Sample 37:-11
Sample 38:-11
Sample 39:-7
Sample 40:-11
Sample 41:7
Sample 42:-7
Sample 43:7
Sample 44:-7
Sample 45:-7
Sample 46:-7
Sample 47:11
Sample 48:11
Sample 49:11
Sample 50:-7
Sample 51:-7
Sample 52:-11
Sample 53:-7
Sample 54:-11
Sample 55:-7
Sample 56:7
Sample 57:-11
Sample 58:11
Sample 59:7
Sample 60:-11
Sample 61:-7
Sample 62:-11
Sample 63:-7
Sample 64:-11
Sample 65:-11
Sample 66:-11
Sample 67:-11
Sample 68:7
Sample 69:7
Sample 70:-11
Sample 71:-7
Sample 72:-7
Sample 73:-11
Sample 74:-11
Sample 75:7
Sample 76:11
Sample 77:-7
Sample 78:-11
Sample 79:-7
Sample 80:-11
Sample 81:-7
Sample 82:-11
Sample 83:7
Sample 84:11
Sample 85:-11
Sample 86:-11
Sample 87:-11
Sample 88:-11
Sample 89:-7
Sample 90:11
Sample 91:-7
Sample 92:-11
Sample 93:-11
Sample 94:-7
Sample 95:-11
Sample 96:-11
Sample 97:11
Sample 98:-11
Sample 99:-11
Best Ham: -11
Sucess Probability: 0
Ham Average: -5.66
