Sample 0:-188
Sample 1:-146
Sample 2:-202
Sample 3:-202
Sample 4:-248
Sample 5:-204
Sample 6:-158
Sample 7:-72
Sample 8:-188
Sample 9:-202
Sample 10:-126
Sample 11:-248
Sample 12:-124
Sample 13:-246
Sample 14:-202
Sample 15:-190
Sample 16:-38
Sample 17:-190
Sample 18:-136
Sample 19:-168
Sample 20:-172
Sample 21:-162
Sample 22:-234
Sample 23:-234
Sample 24:-188
Sample 25:-84
Sample 26:-84
Sample 27:-248
Sample 28:-246
Sample 29:-246
Sample 30:-248
Sample 31:-172
Sample 32:-102
Sample 33:-102
Sample 34:-102
Sample 35:-248
Sample 36:-168
Sample 37:-236
Sample 38:-246
Sample 39:-248
Sample 40:-246
Sample 41:-42
Sample 42:-272
Sample 43:-202
Sample 44:-136
Sample 45:-238
Sample 46:-272
Sample 47:-272
Sample 48:-248
Sample 49:-168
Sample 50:-248
Sample 51:-246
Sample 52:-236
Sample 53:-246
Sample 54:-202
Sample 55:-158
Sample 56:-136
Sample 57:14
Sample 58:-266
Sample 59:-170
Sample 60:-88
Sample 61:-80
Sample 62:-118
Sample 63:-190
Sample 64:-144
Sample 65:-8
Sample 66:-282
Sample 67:-42
Sample 68:-118
Sample 69:-226
Sample 70:-102
Sample 71:-276
Sample 72:-248
Sample 73:-238
Sample 74:-202
Sample 75:-126
Sample 76:-98
Sample 77:-8
Sample 78:-236
Sample 79:-72
Sample 80:-248
Sample 81:-88
Sample 82:-238
Sample 83:-236
Sample 84:-248
Sample 85:-124
Sample 86:-248
Sample 87:-248
Sample 88:-238
Sample 89:-248
Sample 90:-286
Sample 91:-126
Sample 92:-8
Sample 93:-234
Sample 94:-236
Sample 95:-196
Sample 96:-202
Sample 97:-202
Sample 98:-90
Sample 99:-124
Best Ham: -286
Sucess Probability: 67
Ham Average: -180.08
