[[1 0 0 ... 0 0 7]
 [1 0 0 ... 0 7 0]
 [1 0 0 ... 7 0 0]
 ...
 [1 0 7 ... 0 0 0]
 [1 7 0 ... 0 0 0]
 [7 1 1 ... 1 1 1]]
0
test

{(1, 27): 6, (1, 26): 3, (1, 25): 2, (1, 22): 12, (1, 21): 11, (1, 17): -1, (1, 14): -11, (1, 11): 7, (1, 10): 5, (1, 5): 4, (2, 29): -5, (2, 24): -9, (2, 23): -10, (2, 21): -6, (2, 20): -13, (2, 17): -9, (2, 16): 13, (2, 8): -4, (3, 34): -11, (3, 26): -9, (3, 24): -12, (3, 15): -12, (3, 10): 8, (3, 8): -9, (3, 6): 1, (3, 4): 10, (4, 31): 3, (4, 29): -10, (4, 27): 10, (4, 26): -8, (4, 23): -14, (4, 21): 14, (5, 32): -9, (5, 29): 11, (5, 28): 12, (5, 24): 7, (5, 16): 4, (5, 15): -2, (5, 14): 4, (5, 12): 8, (5, 6): 2, (6, 29): -4, (6, 28): -14, (6, 27): 9, (6, 25): -14, (6, 24): -9, (6, 19): 14, (6, 12): -4, (6, 9): -9, (6, 7): 9, (7, 35): 10, (7, 32): 1, (7, 30): -2, (7, 27): -1, (7, 26): -2, (7, 20): -11, (7, 15): 6, (7, 11): 12, (7, 10): -12, (8, 30): -2, (8, 28): 6, (8, 24): 11, (8, 22): -8, (8, 20): -14, (8, 15): 9, (8, 14): -3, (8, 11): -3, (9, 34): 14, (9, 32): -6, (9, 28): -6, (9, 25): -10, (9, 24): 10, (9, 19): 8, (9, 18): -10, (9, 10): -9, (10, 34): 13, (10, 32): 5, (10, 31): -9, (10, 26): 4, (10, 24): 13, (10, 20): 14, (10, 17): -9, (10, 13): 14, (10, 11): -14, (11, 33): -10, (11, 30): 14, (11, 28): -2, (11, 27): -6, (11, 26): -11, (11, 21): -8, (11, 20): 14, (11, 19): -2, (11, 16): 9, (11, 14): 1, (12, 32): -6, (12, 30): -3, (12, 28): 1, (12, 27): -9, (12, 23): 9, (12, 17): 11, (12, 15): 3, (12, 13): 12, (13, 31): -6, (13, 27): 13, (13, 26): 2, (13, 24): 4, (13, 23): 6, (13, 21): 14, (13, 16): -5, (14, 33): -11, (14, 23): -9, (14, 18): 4, (15, 33): 13, (15, 31): -14, (15, 30): -9, (15, 28): -4, (15, 27): -12, (15, 25): 1, (15, 24): 1, (15, 23): 6, (15, 21): 9, (15, 20): 5, (15, 16): 1, (16, 33): -12, (16, 30): -1, (16, 29): 14, (16, 26): 6, (16, 25): 1, (16, 23): 11, (16, 22): 2, (16, 21): -9, (16, 20): 4, (16, 19): 2, (17, 33): 9, (17, 28): -14, (17, 25): -1, (17, 23): -14, (18, 35): -7, (18, 32): 7, (18, 30): 8, (18, 25): -7, (18, 24): -13, (18, 21): 1, (19, 32): 13, (19, 30): -8, (19, 22): 9, (19, 21): 3, (20, 35): -14, (20, 29): 6, (20, 28): 2, (20, 26): 11, (20, 25): -11, (20, 22): 10, (21, 34): -10, (21, 33): 10, (21, 29): 9, (21, 26): -9, (21, 23): 3, (21, 22): -8, (22, 32): 2, (22, 30): -13, (22, 23): -4, (23, 30): -8, (23, 25): -8, (24, 35): 4, (24, 30): -4, (24, 28): -7, (24, 25): -7, (25, 26): -3, (26, 32): -3, (26, 31): 11, (26, 30): 3, (26, 27): 4, (27, 32): 5, (28, 32): -3, (28, 29): 1, (30, 34): -9, (30, 33): 1, (31, 32): -13}
test1

{}
   1 27 26 25 22 21 17 14 11 10  5  2 29 24 23 20 16  8 ... 33 energy num_oc.
0 -1 +1 +1 -1 +1 +1 -1 -1 +1 +1 +1 -1 -1 -1 -1 -1 +1 +1 ... +1 -654.0      24
1 +1 -1 -1 +1 -1 -1 +1 +1 -1 -1 -1 +1 +1 +1 +1 +1 -1 -1 ... -1 -654.0      17
2 -1 +1 +1 -1 +1 +1 -1 -1 +1 +1 +1 -1 -1 -1 -1 -1 +1 +1 ... +1 -642.0       9
3 +1 -1 -1 +1 -1 -1 +1 +1 -1 -1 -1 +1 +1 +1 +1 +1 -1 -1 ... -1 -642.0       1
4 -1 +1 +1 -1 +1 +1 -1 -1 +1 +1 +1 -1 -1 -1 -1 -1 +1 +1 ... +1 -642.0       3
5 -1 +1 -1 -1 +1 +1 -1 -1 +1 +1 +1 -1 -1 -1 -1 -1 +1 +1 ... +1 -632.0       1
['SPIN', 6 rows, 55 samples, 35 variables]
energies=[-654.0, -654.0, -642.0, -642.0, -642.0, -632.0]
