[[ 1  0  0 ...  0  0  7]
 [ 1  0  0 ...  0  7  0]
 [ 1  0  0 ...  7  0  0]
 ...
 [ 1 -3  7 ...  0  0  0]
 [ 1  7 -3 ...  0  0  0]
 [ 7  1  1 ...  1  1  1]]
-3
test

{(1, 44): -13, (1, 43): 10, (1, 38): 6, (1, 34): -6, (1, 33): -9, (1, 31): 5, (1, 25): -9, (1, 16): 12, (1, 11): -14, (1, 10): -1, (1, 7): 9, (1, 2): 6, (2, 43): -6, (2, 41): -1, (2, 39): -6, (2, 32): 8, (2, 30): 2, (2, 29): 10, (2, 26): 2, (2, 24): 6, (2, 23): 14, (2, 22): 4, (2, 20): 12, (2, 15): -4, (2, 14): -10, (2, 12): 9, (2, 10): -6, (2, 9): -8, (3, 43): -14, (3, 41): -9, (3, 38): 6, (3, 36): 2, (3, 34): 3, (3, 29): 1, (3, 24): 11, (3, 21): 9, (3, 11): 9, (3, 8): 5, (3, 6): 1, (4, 44): 10, (4, 41): -6, (4, 37): -14, (4, 35): 10, (4, 33): 5, (4, 32): -11, (4, 31): -10, (4, 25): -14, (4, 24): 8, (4, 22): -12, (4, 21): -14, (4, 19): -11, (4, 17): -14, (4, 15): 14, (4, 12): 13, (4, 11): -6, (4, 10): -5, (5, 44): -5, (5, 42): 8, (5, 41): -14, (5, 37): -2, (5, 35): 11, (5, 34): -11, (5, 30): 5, (5, 28): -14, (5, 26): -10, (5, 25): 6, (5, 24): 13, (5, 23): -5, (5, 22): -7, (5, 17): 3, (5, 16): 12, (5, 13): -4, (5, 10): -13, (5, 9): -7, (6, 44): -2, (6, 42): -5, (6, 41): 2, (6, 39): 3, (6, 37): 9, (6, 32): 3, (6, 29): 11, (6, 25): -11, (6, 23): -1, (6, 21): -11, (6, 17): 10, (6, 12): -2, (6, 9): -8, (6, 7): 9, (7, 41): -10, (7, 39): 14, (7, 38): 11, (7, 32): -9, (7, 31): 5, (7, 27): 8, (7, 25): -5, (7, 24): 9, (7, 23): -5, (7, 22): 11, (7, 13): 9, (7, 10): 10, (7, 9): 12, (8, 44): -10, (8, 42): -4, (8, 40): 14, (8, 39): 1, (8, 36): 12, (8, 35): -6, (8, 34): 6, (8, 33): -9, (8, 29): 4, (8, 28): 4, (8, 20): -3, (8, 18): -11, (8, 17): -7, (8, 15): 3, (8, 14): -2, (8, 12): -11, (8, 10): -3, (9, 42): 2, (9, 41): -7, (9, 40): 5, (9, 37): 10, (9, 31): 8, (9, 29): -12, (9, 28): 14, (9, 27): -3, (9, 26): -10, (9, 25): 13, (9, 24): -3, (9, 23): 3, (9, 22): 1, (9, 20): 13, (9, 18): 6, (9, 15): 12, (9, 13): 11, (9, 12): 14, (9, 11): 12, (10, 44): -4, (10, 41): 2, (10, 37): -4, (10, 36): 9, (10, 34): 8, (10, 32): -2, (10, 31): 8, (10, 30): 1, (10, 28): -9, (10, 25): -8, (10, 22): 6, (10, 21): 2, (10, 20): 10, (10, 18): -9, (11, 44): 3, (11, 42): -10, (11, 41): 14, (11, 36): 2, (11, 35): -6, (11, 34): 3, (11, 33): 11, (11, 31): 3, (11, 30): 1, (11, 29): -11, (11, 27): -13, (11, 25): -12, (11, 20): -10, (11, 19): 4, (11, 14): 7, (11, 13): -2, (11, 12): 5, (12, 43): 5, (12, 35): -2, (12, 34): 12, (12, 33): -14, (12, 31): 11, (12, 24): -1, (12, 21): 3, (12, 20): -12, (12, 19): -10, (12, 17): 6, (13, 42): -5, (13, 39): -1, (13, 38): 9, (13, 37): -14, (13, 36): 3, (13, 32): 3, (13, 31): -2, (13, 30): 5, (13, 28): -1, (13, 26): 8, (13, 22): 8, (13, 19): -14, (14, 44): 5, (14, 43): 8, (14, 38): 10, (14, 36): -13, (14, 35): -9, (14, 34): -5, (14, 28): -9, (14, 25): 2, (14, 24): 13, (14, 22): -5, (14, 19): -12, (14, 18): 1, (14, 15): 13, (15, 43): -12, (15, 41): 13, (15, 40): 11, (15, 39): 10, (15, 38): -4, (15, 36): -14, (15, 34): 10, (15, 33): 4, (15, 32): -8, (15, 26): -1, (15, 25): 9, (15, 21): -3, (15, 16): -14, (16, 43): 10, (16, 39): -13, (16, 37): 2, (16, 33): -11, (16, 32): 6, (16, 30): 13, (16, 27): -4, (16, 25): 14, (16, 24): 4, (16, 21): 13, (16, 19): -5, (16, 17): -13, (17, 43): -3, (17, 42): 4, (17, 41): 10, (17, 40): -3, (17, 39): 8, (17, 34): -9, (17, 32): -9, (17, 29): -6, (17, 28): 5, (17, 24): 14, (17, 22): -5, (17, 21): -6, (17, 19): -4, (17, 18): 5, (18, 43): 14, (18, 41): 11, (18, 39): 5, (18, 37): 7, (18, 36): -10, (18, 34): 10, (18, 33): -12, (18, 31): -7, (18, 29): -5, (19, 44): 5, (19, 37): 13, (19, 33): -7, (19, 32): 6, (19, 31): -13, (19, 27): 5, (19, 26): -4, (19, 21): -5, (19, 20): 8, (20, 44): 5, (20, 42): -1, (20, 39): 5, (20, 38): 4, (20, 37): 11, (20, 36): 10, (20, 35): -4, (20, 33): 1, (20, 31): -13, (20, 30): 4, (20, 29): 5, (20, 28): 2, (20, 25): -8, (20, 23): 14, (21, 44): 10, (21, 43): -12, (21, 42): 8, (21, 33): 1, (21, 32): 10, (21, 30): 3, (21, 27): -12, (21, 25): 4, (21, 24): -5, (21, 22): 14, (22, 43): -3, (22, 40): -2, (22, 38): 14, (22, 36): 10, (22, 32): -2, (22, 31): -10, (22, 28): 1, (22, 27): -5, (22, 26): -11, (22, 25): 12, (22, 23): -12, (23, 41): -3, (23, 37): -11, (23, 35): -13, (23, 34): -2, (23, 30): -9, (23, 25): -3, (23, 24): -13, (24, 44): 4, (24, 40): -4, (24, 36): -8, (24, 35): -3, (24, 31): 5, (24, 26): -5, (24, 25): 3, (25, 44): 10, (25, 39): -8, (25, 37): 11, (25, 36): -13, (25, 35): -3, (25, 28): 8, (26, 44): -7, (26, 42): 1, (26, 39): 4, (26, 37): -10, (26, 36): 2, (26, 32): 7, (26, 31): 1, (26, 29): 2, (26, 28): 5, (27, 38): 4, (27, 31): 6, (27, 28): -4, (28, 43): 9, (28, 42): 6, (28, 38): -8, (28, 36): -5, (28, 34): -2, (28, 33): 12, (28, 32): 10, (28, 31): 12, (28, 29): -7, (29, 44): 8, (29, 42): -2, (29, 40): -11, (29, 38): -14, (29, 32): -2, (30, 41): -12, (30, 40): 1, (30, 38): 6, (30, 35): -4, (30, 33): -11, (31, 43): -3, (31, 42): -4, (31, 40): 5, (31, 38): 11, (31, 37): -2, (32, 37): 3, (32, 33): -8, (33, 41): -1, (33, 34): 11, (34, 43): 14, (34, 41): -12, (34, 37): 1, (34, 35): -4, (35, 44): 6, (35, 43): 10, (35, 42): -5, (35, 36): 1, (36, 44): 2, (36, 43): -4, (36, 42): 6, (36, 38): -4, (37, 44): 7, (37, 43): 3, (37, 42): -1, (37, 41): 8, (38, 39): -14, (39, 43): -8, (39, 42): -14, (40, 44): 8, (41, 43): 12, (41, 42): 7, (42, 44): 4}
test1

{}
   1 44 43 38 34 33 31 25 16 11 10  7  2 41 39 32 30 29 ... 18  energy num_oc.
0 -1 +1 +1 -1 -1 +1 +1 -1 +1 -1 -1 +1 -1 -1 -1 +1 -1 -1 ... +1 -1012.0      26
1 +1 -1 -1 +1 +1 -1 -1 +1 -1 +1 +1 -1 +1 +1 +1 -1 +1 +1 ... -1 -1012.0      23
2 -1 -1 +1 +1 +1 -1 -1 -1 +1 -1 +1 -1 +1 +1 +1 -1 -1 +1 ... -1 -1010.0       1
3 +1 +1 -1 -1 -1 +1 +1 +1 -1 +1 -1 +1 -1 -1 -1 +1 +1 -1 ... +1 -1010.0       1
4 -1 -1 +1 +1 +1 -1 -1 -1 +1 -1 +1 -1 +1 +1 +1 -1 -1 +1 ... -1 -1008.0       3
5 +1 +1 -1 -1 -1 +1 +1 +1 -1 +1 -1 +1 -1 -1 -1 +1 +1 -1 ... +1 -1008.0       1
['SPIN', 6 rows, 55 samples, 44 variables]
energies=[-1012.0, -1012.0, -1010.0, -1010.0, -1008.0, -1008.0]
