Sample 0:-132
Sample 1:-36
Sample 2:-96
Sample 3:-132
Sample 4:-96
Sample 5:0
Sample 6:-132
Sample 7:-132
Sample 8:-96
Sample 9:0
Sample 10:-132
Sample 11:-96
Sample 12:0
Sample 13:-96
Sample 14:0
Sample 15:-132
Sample 16:-132
Sample 17:-96
Sample 18:-132
Sample 19:-96
Sample 20:-132
Sample 21:-132
Sample 22:-96
Sample 23:-96
Sample 24:-36
Sample 25:-96
Sample 26:-96
Sample 27:-132
Sample 28:-102
Sample 29:-132
Sample 30:-96
Sample 31:0
Sample 32:0
Sample 33:-132
Sample 34:0
Sample 35:-132
Sample 36:-132
Sample 37:-96
Sample 38:-96
Sample 39:-132
Sample 40:-96
Sample 41:-132
Sample 42:-132
Sample 43:-26
Sample 44:-36
Sample 45:-100
Sample 46:-96
Sample 47:-96
Sample 48:-132
Sample 49:0
Sample 50:-132
Sample 51:-132
Sample 52:-132
Sample 53:-96
Sample 54:-132
Sample 55:-96
Sample 56:-96
Sample 57:-96
Sample 58:-132
Sample 59:-70
Sample 60:-132
Sample 61:-132
Sample 62:0
Sample 63:-132
Sample 64:-96
Sample 65:-96
Sample 66:-96
Sample 67:-132
Sample 68:-132
Sample 69:-96
Sample 70:-132
Sample 71:-132
Sample 72:-132
Sample 73:-82
Sample 74:-96
Sample 75:-96
Sample 76:-132
Sample 77:-132
Sample 78:-132
Sample 79:-132
Sample 80:-132
Sample 81:-132
Sample 82:-26
Sample 83:-132
Sample 84:-96
Sample 85:-132
Sample 86:-132
Sample 87:-96
Sample 88:-96
Sample 89:-132
Sample 90:-96
Sample 91:-132
Sample 92:-96
Sample 93:-132
Sample 94:-96
Sample 95:-132
Sample 96:-96
Sample 97:-132
Sample 98:-132
Sample 99:-96
Best Ham: -132
Sucess Probability: 0
Ham Average: -100.78
