Sample 0:-94
Sample 1:-228
Sample 2:-238
Sample 3:-228
Sample 4:-238
Sample 5:-238
Sample 6:-238
Sample 7:-64
Sample 8:-228
Sample 9:-228
Sample 10:-258
Sample 11:-228
Sample 12:-238
Sample 13:-228
Sample 14:-238
Sample 15:-238
Sample 16:-238
Sample 17:-238
Sample 18:-238
Sample 19:-228
Sample 20:-238
Sample 21:-238
Sample 22:-238
Sample 23:-238
Sample 24:-238
Sample 25:-202
Sample 26:-228
Sample 27:-238
Sample 28:-228
Sample 29:-228
Sample 30:-238
Sample 31:6
Sample 32:-238
Sample 33:-238
Sample 34:-238
Sample 35:-202
Sample 36:-238
Sample 37:-258
Sample 38:-228
Sample 39:-228
Sample 40:-228
Sample 41:-228
Sample 42:-238
Sample 43:-228
Sample 44:-238
Sample 45:-238
Sample 46:-228
Sample 47:-228
Sample 48:-228
Sample 49:-228
Sample 50:-228
Sample 51:-258
Sample 52:-66
Sample 53:6
Sample 54:-238
Sample 55:-228
Sample 56:-238
Sample 57:-228
Sample 58:-228
Sample 59:6
Sample 60:-258
Sample 61:-228
Sample 62:-228
Sample 63:-228
Sample 64:-238
Sample 65:-94
Sample 66:-228
Sample 67:-228
Sample 68:-238
Sample 69:-64
Sample 70:-238
Sample 71:-228
Sample 72:-238
Sample 73:-228
Sample 74:-160
Sample 75:-228
Sample 76:-160
Sample 77:-238
Sample 78:-188
Sample 79:-238
Sample 80:-238
Sample 81:-228
Sample 82:-238
Sample 83:-238
Sample 84:-228
Sample 85:-238
Sample 86:-238
Sample 87:-238
Sample 88:-160
Sample 89:-258
Sample 90:-238
Sample 91:-238
Sample 92:-238
Sample 93:-238
Sample 94:-228
Sample 95:-238
Sample 96:-238
Sample 97:-228
Sample 98:-176
Sample 99:-238
Best Ham: -258
Sucess Probability: 92
Ham Average: -215.92
