[[ 1  0  0 ...  0  0  7]
 [ 1  0  0 ...  0  7  0]
 [ 1  0  0 ...  7  0  0]
 ...
 [ 1 -2  7 ...  0  0  0]
 [ 1  7 -3 ...  0  0  0]
 [ 7  1  1 ...  1  1  1]]
-3
test

{(1, 11): -7, (1, 10): -1, (1, 7): -11, (1, 6): 2, (1, 5): -6, (1, 3): 6, (1, 2): 5, (2, 11): -10, (2, 9): -6, (2, 8): 7, (2, 7): -10, (2, 6): 3, (2, 5): 14, (2, 4): -1, (3, 11): -1, (3, 9): -9, (3, 6): 6, (3, 5): -7, (4, 11): 4, (4, 9): -13, (4, 8): 7, (4, 7): 3, (4, 6): 3, (5, 11): 1, (5, 10): -4, (5, 9): -14, (5, 7): -12, (5, 6): 14, (6, 10): 8, (6, 8): 8, (6, 7): 7, (7, 11): 6, (7, 10): 13, (7, 9): 2, (7, 8): -8, (8, 11): -3, (8, 10): -4, (8, 9): 8}
test1

{}
   1 11 10  7  6  5  3  2  9  8  4 energy num_oc.
0 -1 -1 +1 -1 -1 +1 +1 -1 +1 -1 +1 -116.0      13
1 +1 +1 -1 +1 +1 -1 -1 +1 -1 +1 -1 -116.0       6
2 +1 -1 +1 +1 -1 +1 +1 -1 +1 +1 +1 -114.0      12
3 -1 +1 -1 -1 +1 -1 +1 +1 +1 -1 +1 -114.0      17
4 +1 -1 +1 +1 -1 +1 -1 -1 -1 +1 -1 -114.0      10
5 -1 +1 -1 -1 +1 -1 -1 +1 -1 -1 -1 -114.0      11
6 +1 +1 -1 +1 -1 +1 +1 +1 +1 -1 +1 -108.0       1
7 -1 -1 +1 -1 +1 -1 -1 -1 -1 +1 -1 -108.0       4
['SPIN', 8 rows, 74 samples, 11 variables]
energies=[-116.0, -116.0, -114.0, -114.0, -114.0, -114.0, -108.0, -108.0]
