[[1 0 0 ... 0 0 7]
 [1 0 0 ... 0 7 0]
 [1 0 0 ... 7 0 0]
 ...
 [1 7 7 ... 0 0 0]
 [1 7 7 ... 0 0 0]
 [7 1 1 ... 1 1 1]]
7
test

{(1, 32): -3, (1, 27): -11, (1, 15): -1, (1, 13): 1, (1, 12): -10, (1, 11): -7, (1, 10): 7, (1, 9): -5, (1, 5): 8, (1, 3): 9, (1, 2): -14, (2, 26): 9, (2, 21): -7, (2, 20): 5, (2, 18): 10, (2, 13): 7, (2, 11): 4, (2, 8): -13, (2, 4): 7, (2, 3): -7, (3, 28): -4, (3, 25): 3, (3, 22): -8, (3, 18): 1, (3, 15): -8, (3, 13): 13, (3, 12): -3, (3, 11): 4, (3, 7): 1, (3, 6): -13, (4, 31): -1, (4, 29): -11, (4, 28): -6, (4, 21): 4, (4, 18): -3, (4, 16): 3, (4, 15): -12, (4, 8): 7, (5, 29): 1, (5, 25): 13, (5, 18): 12, (5, 15): 9, (5, 12): 6, (5, 9): 10, (5, 7): -1, (5, 6): -13, (6, 27): -7, (6, 26): -5, (6, 25): -6, (6, 21): 8, (6, 20): -10, (6, 17): -8, (6, 15): 9, (6, 11): 9, (6, 7): -6, (7, 31): -1, (7, 29): -1, (7, 25): -12, (7, 24): -12, (7, 16): 10, (7, 14): 14, (7, 9): 14, (8, 27): -12, (8, 22): -8, (8, 21): -2, (8, 16): -11, (8, 14): 7, (8, 13): -3, (9, 32): 12, (9, 30): 12, (9, 29): 9, (9, 26): 6, (9, 24): -11, (9, 23): 7, (9, 22): 8, (9, 21): 8, (9, 13): -1, (9, 12): 3, (10, 30): -2, (10, 28): -14, (10, 27): -1, (10, 25): -14, (10, 22): 11, (10, 11): -9, (11, 31): -5, (11, 24): 6, (11, 19): 4, (12, 26): 14, (12, 22): -6, (12, 21): 8, (12, 17): -8, (12, 16): -10, (12, 13): -10, (13, 32): -8, (13, 30): -3, (13, 25): -3, (13, 23): -4, (13, 22): -4, (13, 21): 13, (13, 17): -12, (13, 16): -3, (13, 14): -1, (14, 30): 9, (14, 28): -2, (14, 26): -7, (14, 20): 3, (14, 15): -10, (15, 24): -8, (16, 32): 2, (16, 30): -8, (16, 27): -6, (16, 24): -4, (16, 21): 3, (16, 18): 5, (17, 31): 8, (17, 30): -8, (17, 21): -13, (17, 19): 13, (19, 32): -4, (19, 29): -14, (19, 28): -13, (19, 25): -9, (19, 23): 11, (19, 22): 2, (20, 26): 12, (20, 24): -13, (21, 31): 11, (21, 29): -8, (21, 26): 6, (21, 25): -7, (21, 24): -3, (22, 31): 1, (22, 29): 10, (22, 28): -11, (22, 23): -7, (23, 30): 12, (23, 26): 2, (25, 28): -4, (25, 27): -5, (26, 32): 14, (26, 30): -6, (26, 28): -1, (27, 31): 2, (27, 30): -14, (27, 29): -12, (27, 28): -8, (29, 32): 11, (29, 30): -14, (31, 32): -14}
test1

{}
   1 32 27 15 13 12 11 10  9  5  3  2 26 21 20 18  8  4 ... 19 energy num_oc.
0 -1 -1 +1 -1 -1 -1 -1 +1 -1 +1 +1 +1 +1 +1 +1 -1 +1 -1 ... +1 -550.0      28
1 +1 +1 -1 +1 +1 +1 +1 -1 +1 -1 -1 -1 -1 -1 -1 +1 -1 +1 ... -1 -550.0      22
2 +1 +1 -1 +1 +1 +1 +1 -1 +1 -1 -1 -1 -1 -1 +1 +1 -1 +1 ... -1 -546.0       1
3 -1 -1 +1 -1 -1 -1 -1 +1 -1 +1 +1 +1 +1 +1 -1 -1 +1 -1 ... +1 -546.0       2
4 +1 +1 +1 -1 +1 +1 -1 -1 -1 +1 +1 +1 -1 -1 +1 -1 +1 -1 ... -1 -532.0       1
['SPIN', 5 rows, 54 samples, 32 variables]
energies=[-550.0, -550.0, -546.0, -546.0, -532.0]
