Sample 0:-1058
Sample 1:-1058
Sample 2:-1058
Sample 3:-1058
Sample 4:-1058
Sample 5:-1058
Sample 6:-1058
Sample 7:-1058
Sample 8:-1058
Sample 9:-1058
Sample 10:-1058
Sample 11:-1058
Sample 12:-1058
Sample 13:-1058
Sample 14:-1058
Sample 15:-1058
Sample 16:-1058
Sample 17:-1058
Sample 18:-1058
Sample 19:-1058
Sample 20:-1058
Sample 21:-1058
Sample 22:-1058
Sample 23:-1058
Sample 24:-1058
Sample 25:-1058
Sample 26:-1058
Sample 27:-1058
Sample 28:-1058
Sample 29:-1058
Sample 30:-1058
Sample 31:-1058
Sample 32:-1058
Sample 33:-1058
Sample 34:-1058
Sample 35:-1058
Sample 36:-1058
Sample 37:-1058
Sample 38:-1058
Sample 39:-1058
Sample 40:-1058
Sample 41:-1058
Sample 42:-1058
Sample 43:-1058
Sample 44:-1058
Sample 45:-1058
Sample 46:-1058
Sample 47:-1058
Sample 48:-1058
Sample 49:116
Sample 50:-1058
Sample 51:-1058
Sample 52:-1058
Sample 53:-1058
Sample 54:-1058
Sample 55:-1058
Sample 56:-1058
Sample 57:-1058
Sample 58:-1058
Sample 59:-1058
Sample 60:-1058
Sample 61:-1058
Sample 62:-1058
Sample 63:-1058
Sample 64:-1058
Sample 65:-1058
Sample 66:-1058
Sample 67:-1058
Sample 68:-1058
Sample 69:-1058
Sample 70:-1058
Sample 71:-1058
Sample 72:-1058
Sample 73:-1058
Sample 74:-1058
Sample 75:-1058
Sample 76:-1058
Sample 77:-1058
Sample 78:-1058
Sample 79:-1058
Sample 80:-1058
Sample 81:-1058
Sample 82:-1058
Sample 83:-1058
Sample 84:-1058
Sample 85:-1058
Sample 86:-1058
Sample 87:-1058
Sample 88:-1058
Sample 89:-1058
Sample 90:-1058
Sample 91:-1058
Sample 92:-1058
Sample 93:-1058
Sample 94:-1058
Sample 95:-1058
Sample 96:-1058
Sample 97:-1058
Sample 98:-1058
Sample 99:-1058
Best Ham: -1058
Sucess Probability: 99
Ham Average: -1046.26
