Sample 0:-65
Sample 1:-57
Sample 2:15
Sample 3:-65
Sample 4:-65
Sample 5:-61
Sample 6:-65
Sample 7:-57
Sample 8:-57
Sample 9:-65
Sample 10:-65
Sample 11:-65
Sample 12:-65
Sample 13:-13
Sample 14:-61
Sample 15:-71
Sample 16:-57
Sample 17:-65
Sample 18:-71
Sample 19:-65
Sample 20:-65
Sample 21:-57
Sample 22:-65
Sample 23:-13
Sample 24:-65
Sample 25:-65
Sample 26:-61
Sample 27:-37
Sample 28:-65
Sample 29:-13
Sample 30:-59
Sample 31:-65
Sample 32:-13
Sample 33:-57
Sample 34:-65
Sample 35:-65
Sample 36:-23
Sample 37:-13
Sample 38:-65
Sample 39:-65
Sample 40:-65
Sample 41:-13
Sample 42:-57
Sample 43:-65
Sample 44:-13
Sample 45:-65
Sample 46:15
Sample 47:-57
Sample 48:-71
Sample 49:-57
Sample 50:-57
Sample 51:-57
Sample 52:-23
Sample 53:-65
Sample 54:-65
Sample 55:-65
Sample 56:-65
Sample 57:-71
Sample 58:-65
Sample 59:-65
Sample 60:-57
Sample 61:-65
Sample 62:-57
Sample 63:-65
Sample 64:-13
Sample 65:-65
Sample 66:-57
Sample 67:-57
Sample 68:-65
Sample 69:-57
Sample 70:-65
Sample 71:-37
Sample 72:-65
Sample 73:-61
Sample 74:-13
Sample 75:-71
Sample 76:-13
Sample 77:-65
Sample 78:-57
Sample 79:-65
Sample 80:-71
Sample 81:-61
Sample 82:-57
Sample 83:-57
Sample 84:-65
Sample 85:-65
Sample 86:-37
Sample 87:-57
Sample 88:-13
Sample 89:-65
Sample 90:-57
Sample 91:-65
Sample 92:-65
Sample 93:-57
Sample 94:-65
Sample 95:-13
Sample 96:-65
Sample 97:-57
Sample 98:-57
Sample 99:-65
Best Ham: -71
Sucess Probability: 0
Ham Average: -53.66
