Sample 0:-934
Sample 1:-934
Sample 2:-910
Sample 3:-934
Sample 4:-934
Sample 5:-896
Sample 6:-910
Sample 7:-896
Sample 8:-934
Sample 9:-934
Sample 10:-934
Sample 11:-934
Sample 12:-910
Sample 13:-896
Sample 14:-910
Sample 15:-896
Sample 16:-948
Sample 17:-948
Sample 18:-948
Sample 19:-948
Sample 20:-948
Sample 21:-948
Sample 22:-948
Sample 23:-948
Sample 24:-948
Sample 25:-948
Sample 26:-948
Sample 27:-948
Sample 28:-948
Sample 29:-948
Sample 30:-948
Sample 31:-948
Sample 32:-948
Sample 33:-948
Sample 34:-948
Sample 35:-948
Sample 36:-948
Sample 37:-948
Sample 38:-948
Sample 39:-948
Sample 40:-948
Sample 41:-948
Sample 42:-948
Sample 43:-948
Sample 44:-948
Sample 45:-948
Sample 46:-948
Sample 47:-948
Sample 48:-948
Sample 49:-948
Sample 50:-948
Sample 51:-948
Sample 52:-948
Sample 53:-948
Sample 54:-948
Sample 55:-948
Sample 56:-948
Sample 57:-948
Sample 58:-948
Sample 59:-948
Sample 60:-948
Sample 61:-948
Sample 62:-948
Sample 63:-948
Sample 64:-948
Sample 65:-948
Sample 66:-948
Sample 67:-948
Sample 68:-948
Sample 69:-948
Sample 70:-948
Sample 71:-948
Sample 72:-948
Sample 73:-948
Sample 74:-948
Sample 75:-948
Sample 76:-948
Sample 77:-948
Sample 78:-948
Sample 79:-948
Sample 80:-948
Sample 81:-948
Sample 82:-948
Sample 83:-948
Sample 84:-948
Sample 85:-948
Sample 86:-948
Sample 87:-948
Sample 88:-948
Sample 89:-948
Sample 90:-948
Sample 91:-948
Sample 92:-948
Sample 93:270
Sample 94:-948
Sample 95:-948
Sample 96:-948
Sample 97:-948
Sample 98:-948
Sample 99:-948
Best Ham: -948
Sucess Probability: 99
Ham Average: -931.1
