Sample 0:-527
Sample 1:-1021
Sample 2:-837
Sample 3:-503
Sample 4:-577
Sample 5:-513
Sample 6:-1025
Sample 7:-469
Sample 8:17
Sample 9:-875
Sample 10:-973
Sample 11:-899
Sample 12:-977
Sample 13:-927
Sample 14:-429
Sample 15:-679
Sample 16:-557
Sample 17:-765
Sample 18:-793
Sample 19:-997
Sample 20:-757
Sample 21:-721
Sample 22:-951
Sample 23:-919
Sample 24:-745
Sample 25:-837
Sample 26:-331
Sample 27:-921
Sample 28:-935
Sample 29:-877
Sample 30:-771
Sample 31:-697
Sample 32:-791
Sample 33:-719
Sample 34:-805
Sample 35:-711
Sample 36:-857
Sample 37:-603
Sample 38:-761
Sample 39:-747
Sample 40:-649
Sample 41:-715
Sample 42:-829
Sample 43:-823
Sample 44:-769
Sample 45:-589
Sample 46:-801
Sample 47:-981
Sample 48:-621
Sample 49:-821
Sample 50:-839
Sample 51:-663
Sample 52:-1031
Sample 53:-693
Sample 54:-1027
Sample 55:-619
Sample 56:-735
Sample 57:-943
Sample 58:-865
Sample 59:-595
Sample 60:-677
Sample 61:-1041
Sample 62:-905
Sample 63:-865
Sample 64:-791
Sample 65:-709
Sample 66:-817
Sample 67:-939
Sample 68:-499
Sample 69:-983
Sample 70:-587
Sample 71:-761
Sample 72:-725
Sample 73:-985
Sample 74:-649
Sample 75:-681
Sample 76:-897
Sample 77:-713
Sample 78:-761
Sample 79:-939
Sample 80:-721
Sample 81:-763
Sample 82:-521
Sample 83:-1079
Sample 84:-945
Sample 85:-911
Sample 86:-729
Sample 87:-763
Sample 88:-471
Sample 89:-701
Sample 90:-779
Sample 91:-631
Sample 92:-1033
Sample 93:-599
Sample 94:-829
Sample 95:-619
Sample 96:-953
Sample 97:-887
Sample 98:-829
Sample 99:-639
Best Ham: -1079
Sucess Probability: 99
Ham Average: -767.16
