Sample 0:-10
Sample 1:-32
Sample 2:-32
Sample 3:-10
Sample 4:-10
Sample 5:-10
Sample 6:-10
Sample 7:-38
Sample 8:-10
Sample 9:20
Sample 10:-10
Sample 11:-10
Sample 12:-10
Sample 13:-10
Sample 14:-38
Sample 15:-38
Sample 16:-38
Sample 17:-10
Sample 18:20
Sample 19:-32
Sample 20:-10
Sample 21:-10
Sample 22:-10
Sample 23:20
Sample 24:-10
Sample 25:20
Sample 26:-38
Sample 27:-38
Sample 28:20
Sample 29:-10
Sample 30:-10
Sample 31:-38
Sample 32:-38
Sample 33:-38
Sample 34:-10
Sample 35:-38
Sample 36:-38
Sample 37:-32
Sample 38:20
Sample 39:-38
Sample 40:-10
Sample 41:-10
Sample 42:-10
Sample 43:20
Sample 44:-10
Sample 45:-10
Sample 46:-10
Sample 47:-10
Sample 48:-38
Sample 49:20
Sample 50:20
Sample 51:-38
Sample 52:-10
Sample 53:-10
Sample 54:-16
Sample 55:-10
Sample 56:20
Sample 57:-32
Sample 58:-38
Sample 59:-10
Sample 60:-10
Sample 61:-38
Sample 62:-10
Sample 63:-38
Sample 64:-38
Sample 65:20
Sample 66:-32
Sample 67:-10
Sample 68:-10
Sample 69:-38
Sample 70:-10
Sample 71:-38
Sample 72:-10
Sample 73:-32
Sample 74:-38
Sample 75:-10
Sample 76:-38
Sample 77:-10
Sample 78:-10
Sample 79:-38
Sample 80:20
Sample 81:-10
Sample 82:-10
Sample 83:-38
Sample 84:-10
Sample 85:20
Sample 86:-38
Sample 87:-10
Sample 88:-10
Sample 89:-10
Sample 90:-38
Sample 91:-10
Sample 92:-10
Sample 93:-10
Sample 94:-18
Sample 95:-10
Sample 96:-38
Sample 97:-10
Sample 98:-10
Sample 99:-10
Best Ham: -38
Sucess Probability: 0
Ham Average: -15.34
