Sample 0:-115
Sample 1:-115
Sample 2:-101
Sample 3:-133
Sample 4:17
Sample 5:-115
Sample 6:-147
Sample 7:-101
Sample 8:-101
Sample 9:-143
Sample 10:-115
Sample 11:-163
Sample 12:-59
Sample 13:-101
Sample 14:-87
Sample 15:-51
Sample 16:-115
Sample 17:-155
Sample 18:-115
Sample 19:-115
Sample 20:-115
Sample 21:-143
Sample 22:-137
Sample 23:-101
Sample 24:-163
Sample 25:-115
Sample 26:-101
Sample 27:-97
Sample 28:-121
Sample 29:-141
Sample 30:-107
Sample 31:-107
Sample 32:-101
Sample 33:-101
Sample 34:-115
Sample 35:-109
Sample 36:-101
Sample 37:-165
Sample 38:-107
Sample 39:-135
Sample 40:-137
Sample 41:-115
Sample 42:-157
Sample 43:17
Sample 44:-149
Sample 45:-97
Sample 46:-27
Sample 47:-101
Sample 48:-101
Sample 49:-59
Sample 50:-27
Sample 51:-155
Sample 52:-135
Sample 53:-115
Sample 54:-115
Sample 55:-111
Sample 56:-179
Sample 57:-143
Sample 58:-115
Sample 59:-107
Sample 60:-107
Sample 61:-101
Sample 62:-141
Sample 63:-177
Sample 64:-7
Sample 65:-143
Sample 66:-137
Sample 67:-101
Sample 68:-115
Sample 69:-75
Sample 70:-101
Sample 71:-157
Sample 72:-165
Sample 73:-115
Sample 74:-107
Sample 75:-165
Sample 76:-185
Sample 77:-115
Sample 78:-115
Sample 79:-115
Sample 80:-115
Sample 81:-115
Sample 82:-115
Sample 83:-157
Sample 84:11
Sample 85:-153
Sample 86:-141
Sample 87:-79
Sample 88:-101
Sample 89:-101
Sample 90:-115
Sample 91:-7
Sample 92:-115
Sample 93:-115
Sample 94:-93
Sample 95:-127
Sample 96:-65
Sample 97:-127
Sample 98:-115
Sample 99:-107
Best Ham: -185
Sucess Probability: 15
Ham Average: -111.36
