[[1 0 0 ... 0 0 7]
 [1 0 0 ... 0 7 0]
 [1 0 0 ... 7 0 0]
 ...
 [1 0 7 ... 0 0 0]
 [1 7 0 ... 0 0 0]
 [7 1 1 ... 1 1 1]]
0
test

{(1, 14): 5, (1, 11): 4, (1, 10): 12, (1, 8): 14, (1, 6): 6, (1, 5): -14, (1, 3): 6, (2, 15): 14, (2, 14): -4, (2, 13): 12, (2, 12): -11, (2, 9): -4, (2, 7): -1, (2, 5): -12, (2, 3): 4, (3, 14): 8, (3, 12): -4, (3, 11): 3, (3, 6): 1, (3, 4): 12, (4, 13): 10, (4, 12): 2, (4, 9): 7, (4, 7): 4, (4, 5): 11, (5, 13): -1, (5, 12): 6, (5, 10): -7, (5, 8): 8, (5, 7): -10, (6, 14): -9, (6, 13): 8, (6, 12): 6, (6, 11): 13, (6, 10): 12, (6, 9): -2, (6, 8): 12, (6, 7): 1, (7, 11): -13, (7, 9): 13, (8, 14): 3, (8, 12): 13, (8, 10): 10, (8, 9): -10, (9, 14): 5, (9, 11): 10, (9, 10): 2, (10, 12): 4, (10, 11): 12, (11, 13): -9, (12, 15): -8, (13, 14): 4, (14, 15): -1}
test1

{}
   1 14 11 10  8  6  5  3  2 15 13 12  9  7  4 energy num_oc.
0 -1 +1 -1 -1 +1 +1 -1 -1 +1 -1 -1 -1 +1 -1 +1 -199.0      26
1 +1 -1 +1 +1 -1 -1 +1 +1 -1 +1 +1 +1 -1 +1 -1 -199.0      14
2 +1 +1 +1 -1 -1 +1 +1 -1 +1 -1 -1 +1 -1 +1 +1 -185.0       9
3 -1 -1 -1 +1 +1 -1 -1 +1 -1 +1 +1 -1 +1 -1 -1 -185.0      11
4 -1 -1 +1 -1 +1 -1 -1 +1 -1 +1 +1 +1 -1 +1 -1 -177.0       3
['SPIN', 5 rows, 63 samples, 15 variables]
energies=[-199.0, -199.0, -185.0, -185.0, -177.0]
