[[ 1  0  0 ...  0  0  7]
 [ 1  0  0 ...  0  7  0]
 [ 1  0  0 ...  7  0  0]
 ...
 [ 1 -1  7 ...  0  0  0]
 [ 1  7 -1 ...  0  0  0]
 [ 7  1  1 ...  1  1  1]]
-1
test

{(1, 46): 13, (1, 40): 14, (1, 36): 10, (1, 35): -7, (1, 34): -7, (1, 31): 13, (1, 30): 5, (1, 26): 5, (1, 25): -2, (1, 23): -3, (1, 22): 6, (1, 19): 1, (1, 18): -2, (1, 17): 5, (1, 10): 11, (1, 9): -1, (1, 6): -5, (1, 4): 1, (1, 2): 2, (2, 48): 13, (2, 43): 8, (2, 40): 13, (2, 38): -5, (2, 29): -7, (2, 25): 9, (2, 24): 14, (2, 19): -12, (2, 7): 12, (3, 47): 6, (3, 46): -13, (3, 42): 11, (3, 36): -9, (3, 35): -2, (3, 28): 1, (3, 25): 7, (3, 24): 5, (3, 23): -12, (3, 22): 12, (3, 19): -5, (3, 18): -13, (3, 17): -14, (3, 16): -5, (3, 14): 11, (3, 13): 13, (4, 47): -5, (4, 46): 10, (4, 45): -4, (4, 42): -12, (4, 41): 13, (4, 40): 3, (4, 35): -5, (4, 30): -7, (4, 29): 14, (4, 23): -12, (4, 21): -13, (4, 20): -14, (4, 16): 7, (4, 13): -10, (4, 10): -3, (4, 9): 2, (4, 8): 10, (4, 5): -3, (5, 47): -4, (5, 45): 11, (5, 44): 10, (5, 37): -10, (5, 35): -9, (5, 32): -7, (5, 31): 11, (5, 29): -11, (5, 26): 12, (5, 25): -1, (5, 20): -2, (5, 14): -7, (5, 11): 13, (5, 10): 3, (5, 7): 5, (6, 46): 12, (6, 42): -9, (6, 35): -10, (6, 29): 8, (6, 24): 1, (6, 23): -13, (6, 18): 8, (6, 14): -5, (6, 12): -14, (6, 9): -9, (6, 8): 14, (7, 48): -12, (7, 47): 4, (7, 46): 4, (7, 44): -7, (7, 42): 14, (7, 41): 12, (7, 36): 8, (7, 33): 13, (7, 30): 6, (7, 27): 11, (7, 22): 1, (7, 21): 2, (7, 15): -12, (7, 12): 5, (7, 9): -8, (8, 47): 4, (8, 45): 6, (8, 44): 9, (8, 43): 14, (8, 38): 5, (8, 32): 4, (8, 31): 7, (8, 30): -1, (8, 28): 8, (8, 25): -13, (8, 24): -10, (8, 15): 4, (8, 14): -5, (8, 12): 9, (8, 10): 1, (9, 49): 5, (9, 48): 10, (9, 28): 1, (9, 26): 12, (9, 16): 12, (9, 11): -4, (10, 47): -4, (10, 37): 2, (10, 36): 5, (10, 35): -12, (10, 33): -8, (10, 26): 13, (10, 23): -10, (10, 22): -12, (10, 20): -9, (10, 18): 13, (10, 17): 8, (10, 16): 6, (10, 13): -1, (10, 12): -12, (11, 42): 12, (11, 41): -10, (11, 38): -7, (11, 35): -5, (11, 33): -7, (11, 32): -12, (11, 19): -9, (11, 15): -12, (12, 47): -7, (12, 46): 8, (12, 43): 14, (12, 42): -9, (12, 40): 10, (12, 39): 3, (12, 38): 2, (12, 35): 13, (12, 32): -3, (12, 29): -12, (12, 25): 12, (12, 21): 10, (12, 20): -2, (12, 15): 1, (12, 14): 3, (13, 45): 10, (13, 44): -13, (13, 43): 13, (13, 40): 13, (13, 36): -14, (13, 32): 4, (13, 31): -3, (13, 30): 11, (13, 29): -2, (13, 26): 4, (13, 19): -1, (13, 18): -12, (13, 15): 1, (13, 14): -5, (14, 47): -4, (14, 42): -10, (14, 40): -11, (14, 36): -14, (14, 32): -10, (14, 31): -11, (14, 28): 8, (14, 27): 6, (14, 24): 11, (14, 22): 8, (14, 19): -2, (15, 48): 14, (15, 47): 10, (15, 42): 6, (15, 41): 1, (15, 38): -9, (15, 34): -6, (15, 33): 10, (15, 31): -13, (15, 30): 1, (15, 29): 4, (15, 28): 6, (15, 26): -7, (15, 22): 4, (15, 16): 13, (16, 47): 2, (16, 46): -5, (16, 40): -12, (16, 34): -5, (16, 33): 7, (16, 32): 5, (16, 30): -5, (16, 27): -5, (16, 25): 1, (16, 19): 3, (16, 18): 12, (17, 44): -11, (17, 42): 13, (17, 41): 13, (17, 38): -5, (17, 36): -5, (17, 35): 6, (17, 32): -8, (17, 31): -3, (17, 27): -14, (17, 26): -11, (17, 25): 6, (17, 22): -12, (18, 48): -10, (18, 45): 1, (18, 39): 9, (18, 38): 3, (18, 34): 10, (18, 32): 11, (18, 29): 10, (18, 28): 13, (18, 27): 12, (18, 25): -3, (18, 23): -9, (18, 22): -7, (18, 21): -2, (19, 49): -5, (19, 45): -9, (19, 38): 3, (19, 35): 12, (19, 34): 9, (19, 30): 3, (19, 27): 8, (19, 21): -4, (19, 20): 3, (20, 48): -3, (20, 45): 14, (20, 42): -10, (20, 39): -10, (20, 37): 11, (20, 35): -11, (20, 22): 4, (20, 21): -5, (21, 44): 13, (21, 42): -13, (21, 40): -1, (21, 29): -8, (21, 26): -8, (21, 25): 9, (22, 47): -1, (22, 30): 10, (22, 28): 12, (22, 24): 2, (23, 49): -13, (23, 31): -2, (23, 28): 2, (24, 48): -10, (24, 43): 12, (24, 40): 12, (24, 38): 10, (24, 32): 13, (24, 29): 1, (24, 27): -7, (24, 26): -13, (25, 49): 12, (25, 48): -10, (25, 44): 7, (25, 43): -4, (25, 40): 13, (25, 39): 13, (25, 33): 11, (26, 48): -3, (26, 43): 14, (26, 41): 10, (26, 38): 8, (26, 35): 12, (27, 47): 4, (27, 41): 8, (27, 39): 5, (27, 36): -10, (27, 34): 4, (28, 48): 12, (28, 46): -7, (28, 39): 1, (28, 35): 11, (29, 48): 5, (29, 36): -4, (29, 32): -13, (29, 30): 3, (30, 42): 11, (30, 41): 11, (30, 39): 3, (30, 35): -1, (30, 33): -3, (30, 32): -3, (31, 49): -13, (31, 48): -7, (31, 44): 13, (31, 34): -3, (31, 33): -2, (31, 32): -5, (32, 44): 1, (32, 43): 13, (32, 41): 5, (32, 39): 5, (33, 49): -5, (33, 48): -10, (33, 45): -14, (33, 40): 4, (34, 47): -10, (34, 45): -4, (34, 44): -9, (34, 43): 5, (34, 41): -7, (34, 38): -6, (34, 36): 10, (34, 35): 1, (35, 43): 9, (35, 42): -8, (35, 36): 10, (36, 48): -3, (36, 44): -5, (36, 42): -5, (37, 48): 2, (37, 43): 14, (37, 40): 11, (37, 39): 2, (38, 48): -8, (38, 44): 1, (39, 49): 9, (39, 45): 12, (39, 41): -5, (40, 47): -4, (41, 47): 7, (41, 46): -8, (41, 45): 12, (41, 42): 12, (42, 47): -12, (42, 46): 1, (43, 49): -12, (44, 48): 11, (44, 47): -1, (44, 45): -1}
test1

{}
   1 46 40 36 35 34 31 30 26 25 23 22 19 18 17 10  9  6 ... 39  energy num_oc.
0 +1 -1 -1 -1 +1 +1 -1 -1 -1 +1 +1 +1 -1 +1 -1 +1 +1 +1 ... +1 -1155.0       7
1 +1 -1 -1 -1 +1 +1 +1 -1 -1 -1 +1 -1 +1 -1 -1 +1 +1 +1 ... +1 -1155.0      12
2 -1 +1 +1 +1 -1 -1 -1 +1 +1 +1 -1 +1 -1 +1 +1 -1 -1 -1 ... -1 -1155.0      12
3 -1 +1 +1 +1 -1 -1 +1 +1 +1 -1 -1 -1 +1 -1 +1 -1 -1 -1 ... -1 -1155.0       4
4 +1 -1 -1 -1 +1 +1 -1 -1 -1 +1 +1 +1 -1 +1 -1 +1 +1 +1 ... +1 -1155.0       5
5 -1 +1 +1 +1 -1 -1 +1 +1 +1 -1 -1 -1 +1 -1 +1 -1 -1 -1 ... -1 -1155.0      11
['SPIN', 6 rows, 51 samples, 49 variables]
energies=[-1155.0, -1155.0, -1155.0, -1155.0, -1155.0, -1155.0]
