[[1 0 0 ... 0 0 7]
 [1 0 0 ... 0 7 0]
 [1 0 0 ... 7 0 0]
 ...
 [1 4 7 ... 0 0 0]
 [1 7 4 ... 0 0 0]
 [7 1 1 ... 1 1 1]]
4
test

{(1, 49): 7, (1, 39): 1, (1, 38): -2, (1, 35): -4, (1, 34): 11, (1, 29): 2, (1, 24): 9, (1, 23): -9, (1, 17): 6, (1, 12): 8, (1, 8): 2, (1, 2): -8, (2, 48): 6, (2, 47): 13, (2, 45): -12, (2, 41): 11, (2, 40): 7, (2, 39): -12, (2, 35): 3, (2, 32): 3, (2, 30): 7, (2, 24): -2, (2, 22): -9, (2, 16): -5, (2, 13): 4, (2, 12): -3, (3, 49): 12, (3, 46): 13, (3, 43): -9, (3, 42): 7, (3, 40): 11, (3, 35): 8, (3, 31): 13, (3, 30): -13, (3, 27): 1, (3, 26): -12, (3, 24): -3, (3, 21): -12, (3, 20): 12, (3, 17): 5, (3, 15): -2, (3, 14): 7, (3, 9): -4, (3, 8): -2, (4, 48): 6, (4, 47): -2, (4, 42): -11, (4, 39): -1, (4, 37): 13, (4, 27): -6, (4, 26): -2, (4, 11): -12, (4, 8): -13, (5, 41): -5, (5, 40): 11, (5, 38): -14, (5, 36): 10, (5, 35): 12, (5, 26): -11, (5, 23): 6, (5, 22): -13, (5, 21): -11, (5, 20): 1, (5, 19): -2, (5, 18): -3, (5, 15): -3, (5, 9): -3, (6, 41): 2, (6, 40): -12, (6, 36): -1, (6, 34): 1, (6, 30): 11, (6, 27): 11, (6, 26): 2, (6, 23): 2, (6, 21): 13, (6, 20): -8, (6, 16): -12, (6, 13): -7, (6, 11): 8, (7, 47): 8, (7, 45): -1, (7, 42): 6, (7, 41): -7, (7, 37): -11, (7, 36): 8, (7, 35): -5, (7, 34): 2, (7, 33): -14, (7, 32): -6, (7, 28): 11, (7, 26): -9, (7, 22): 9, (7, 20): 9, (8, 46): 9, (8, 41): 4, (8, 30): -3, (8, 23): -2, (8, 21): 10, (8, 17): 9, (8, 10): 2, (8, 9): -11, (9, 47): 1, (9, 44): -7, (9, 41): -5, (9, 40): 1, (9, 38): -5, (9, 36): -5, (9, 33): 10, (9, 29): -1, (9, 28): 11, (9, 27): -5, (9, 20): 14, (9, 17): 7, (10, 46): -3, (10, 42): 1, (10, 36): 12, (10, 35): 12, (10, 32): 4, (10, 28): -10, (10, 25): 4, (10, 22): 11, (10, 21): -7, (10, 20): 12, (10, 19): -14, (10, 18): -11, (10, 15): 14, (11, 46): 2, (11, 43): 10, (11, 38): -14, (11, 35): -3, (11, 31): 9, (11, 30): 4, (11, 22): 12, (11, 18): 9, (11, 16): 6, (11, 12): -4, (12, 46): 7, (12, 40): 1, (12, 33): -8, (12, 29): 14, (12, 27): -1, (12, 25): -11, (12, 21): -2, (12, 13): 6, (13, 48): 3, (13, 47): 4, (13, 40): -9, (13, 38): 12, (13, 36): 3, (13, 32): 14, (13, 24): 4, (13, 20): 11, (13, 15): 4, (13, 14): 12, (14, 44): -13, (14, 41): -11, (14, 40): -10, (14, 35): 5, (14, 34): -6, (14, 26): -8, (14, 23): 8, (14, 15): -1, (15, 45): 12, (15, 43): -6, (15, 37): 4, (15, 34): -13, (15, 32): -12, (15, 19): -5, (15, 18): -8, (16, 38): 8, (16, 36): -3, (16, 32): -6, (16, 30): -14, (16, 27): -11, (16, 22): 1, (16, 17): 12, (17, 49): -13, (17, 47): -10, (17, 46): 14, (17, 45): -13, (17, 44): -1, (17, 40): 5, (17, 37): -8, (17, 36): 3, (17, 35): 6, (17, 31): 8, (17, 27): 8, (17, 24): 1, (17, 23): -8, (17, 19): 14, (17, 18): 13, (18, 49): -11, (18, 42): 12, (18, 35): 9, (18, 33): 3, (18, 25): -10, (18, 21): 10, (19, 48): 5, (19, 47): -10, (19, 46): -6, (19, 45): -10, (19, 36): 13, (19, 35): 1, (19, 30): -10, (19, 29): 5, (19, 25): -7, (19, 22): 12, (19, 20): 12, (20, 44): 4, (20, 43): 9, (20, 37): -9, (20, 34): -14, (20, 32): -6, (20, 29): -5, (20, 28): -10, (20, 26): 7, (21, 47): -5, (21, 42): -6, (21, 31): -10, (21, 26): -11, (21, 24): 11, (22, 47): 1, (22, 44): -14, (22, 43): -1, (22, 42): -14, (22, 41): -10, (22, 36): 13, (22, 32): 14, (22, 30): -5, (22, 27): 6, (23, 48): -12, (23, 46): -7, (23, 39): 9, (23, 31): -11, (23, 28): -5, (24, 39): 12, (24, 33): 1, (24, 31): -7, (24, 28): -6, (24, 25): -3, (25, 48): -1, (25, 44): -7, (25, 43): -7, (25, 38): 14, (25, 29): -7, (26, 47): -1, (26, 45): -10, (26, 44): -7, (26, 43): -3, (26, 42): 2, (26, 41): 6, (26, 39): -3, (26, 38): -3, (26, 37): -4, (26, 35): -7, (26, 33): 6, (27, 49): 8, (27, 48): -4, (27, 45): -4, (27, 38): 10, (27, 35): 9, (27, 34): 4, (27, 33): 10, (27, 32): -7, (27, 31): 7, (27, 29): -7, (28, 44): 12, (28, 41): -2, (28, 38): 5, (28, 36): 9, (28, 33): -8, (28, 31): 14, (28, 30): -5, (29, 47): -1, (29, 46): -5, (29, 40): -14, (29, 39): 8, (29, 37): -1, (29, 36): 9, (29, 33): -10, (29, 31): -8, (30, 43): 11, (30, 42): 13, (30, 41): -14, (30, 38): 9, (30, 36): 4, (30, 33): 9, (31, 43): 10, (31, 40): -12, (31, 39): 12, (31, 37): -13, (31, 36): -9, (31, 33): -11, (32, 49): -10, (32, 46): 1, (32, 39): 5, (32, 38): -14, (32, 36): 5, (33, 49): -10, (33, 48): -6, (33, 47): -5, (33, 46): -6, (33, 42): -9, (33, 39): -14, (33, 37): -3, (33, 34): 6, (34, 47): 11, (34, 44): 14, (34, 42): -13, (34, 39): 2, (34, 36): 8, (34, 35): 7, (35, 49): -8, (35, 40): -8, (35, 39): -9, (35, 37): 2, (36, 49): -14, (36, 47): -1, (36, 43): 13, (36, 41): -11, (36, 37): -2, (37, 44): -10, (37, 43): 4, (37, 41): 6, (37, 39): 12, (38, 44): -12, (38, 41): 6, (38, 40): -4, (39, 49): 5, (39, 47): 5, (39, 46): -8, (39, 43): 6, (39, 42): 7, (40, 49): 1, (40, 48): -9, (40, 47): 10, (40, 46): -7, (40, 45): -3, (40, 43): 7, (40, 42): -11, (41, 49): 13, (41, 48): -8, (41, 47): -13, (42, 48): -7, (42, 47): 2, (43, 47): -4, (43, 45): -2, (44, 47): 14, (46, 49): 3, (46, 47): -8, (47, 49): 9, (48, 49): 3}
test1

{}
   1 49 39 38 35 34 29 24 23 17 12  8  2 48 47 45 41 40 ... 25  energy num_oc.
0 +1 -1 +1 -1 -1 -1 -1 -1 -1 -1 +1 +1 +1 -1 -1 +1 +1 -1 ... +1 -1153.0       9
1 -1 +1 -1 +1 +1 +1 +1 +1 +1 +1 -1 -1 -1 +1 -1 -1 -1 +1 ... -1 -1153.0       6
2 +1 -1 +1 -1 -1 -1 -1 -1 -1 -1 +1 +1 +1 -1 +1 +1 +1 -1 ... +1 -1153.0       9
3 -1 +1 -1 +1 +1 +1 +1 +1 +1 +1 -1 -1 -1 +1 +1 -1 -1 +1 ... -1 -1153.0      11
4 -1 +1 -1 +1 +1 +1 +1 +1 +1 +1 -1 -1 -1 +1 -1 -1 -1 +1 ... -1 -1153.0       9
5 +1 -1 +1 -1 -1 -1 -1 -1 -1 -1 +1 +1 +1 -1 +1 +1 +1 -1 ... +1 -1153.0       7
['SPIN', 6 rows, 51 samples, 49 variables]
energies=[-1153.0, -1153.0, -1153.0, -1153.0, -1153.0, -1153.0]
