Sample 0:-82
Sample 1:-134
Sample 2:-114
Sample 3:-110
Sample 4:-76
Sample 5:-54
Sample 6:-88
Sample 7:-112
Sample 8:10
Sample 9:-126
Sample 10:-168
Sample 11:-106
Sample 12:-28
Sample 13:-28
Sample 14:-110
Sample 15:-102
Sample 16:-92
Sample 17:-32
Sample 18:-72
Sample 19:-130
Sample 20:-52
Sample 21:-92
Sample 22:-54
Sample 23:-168
Sample 24:-76
Sample 25:-134
Sample 26:-126
Sample 27:-58
Sample 28:-86
Sample 29:-148
Sample 30:-34
Sample 31:-80
Sample 32:-78
Sample 33:-134
Sample 34:-78
Sample 35:-64
Sample 36:-90
Sample 37:-20
Sample 38:-96
Sample 39:-54
Sample 40:60
Sample 41:-136
Sample 42:-96
Sample 43:-146
Sample 44:-158
Sample 45:-124
Sample 46:-132
Sample 47:-36
Sample 48:-86
Sample 49:-120
Sample 50:-76
Sample 51:-154
Sample 52:-66
Sample 53:-166
Sample 54:-110
Sample 55:-130
Sample 56:-2
Sample 57:-62
Sample 58:-112
Sample 59:-90
Sample 60:-80
Sample 61:-62
Sample 62:-144
Sample 63:-52
Sample 64:-158
Sample 65:-148
Sample 66:-98
Sample 67:-132
Sample 68:-90
Sample 69:-108
Sample 70:-20
Sample 71:-126
Sample 72:-34
Sample 73:-68
Sample 74:-80
Sample 75:-94
Sample 76:-104
Sample 77:-84
Sample 78:-120
Sample 79:-94
Sample 80:-44
Sample 81:-76
Sample 82:-148
Sample 83:-34
Sample 84:-90
Sample 85:-86
Sample 86:-54
Sample 87:-110
Sample 88:-92
Sample 89:-80
Sample 90:-46
Sample 91:-92
Sample 92:-70
Sample 93:10
Sample 94:-64
Sample 95:-148
Sample 96:-102
Sample 97:-30
Sample 98:-60
Sample 99:-132
Best Ham: -168
Sucess Probability: 6
Ham Average: -88.62
