[[ 1  0  0 ...  0  0  7]
 [ 1  0  0 ...  0  7  0]
 [ 1  0  0 ...  7  0  0]
 ...
 [ 1 -6  7 ...  0  0  0]
 [ 1  7 -7 ...  0  0  0]
 [ 7  1  1 ...  1  1  1]]
-7
test

{(1, 14): 14, (1, 13): 5, (1, 11): -8, (1, 9): -12, (1, 8): -5, (1, 6): -13, (1, 5): -14, (1, 4): -13, (1, 2): 13, (2, 13): 12, (2, 12): -4, (2, 9): -3, (2, 8): 4, (2, 3): -3, (3, 13): 2, (3, 12): 1, (3, 9): -14, (4, 14): 8, (4, 6): -13, (5, 14): -9, (5, 11): 4, (5, 10): 12, (6, 14): 8, (6, 12): -3, (6, 9): -10, (7, 14): 13, (7, 11): -2, (7, 8): 6, (8, 12): -9, (8, 11): -9, (8, 9): 3, (9, 14): -12, (9, 13): -2, (9, 10): -8, (10, 11): -13, (11, 12): 8}
test1

{}
   1 14 13 11  9  8  6  5  4  2 12  3 10  7 energy num_oc.
0 -1 +1 -1 -1 -1 +1 -1 +1 -1 +1 +1 -1 -1 -1 -172.0      16
1 +1 -1 +1 +1 +1 +1 +1 -1 +1 -1 -1 +1 +1 +1 -172.0      11
2 +1 -1 +1 +1 +1 -1 +1 -1 +1 -1 -1 +1 +1 +1 -172.0       7
3 -1 +1 -1 -1 -1 -1 -1 +1 -1 +1 +1 -1 -1 -1 -172.0      17
4 -1 +1 +1 -1 -1 +1 -1 +1 -1 -1 +1 -1 -1 -1 -168.0       1
5 +1 -1 -1 +1 +1 -1 +1 -1 +1 +1 -1 +1 +1 +1 -168.0       1
['SPIN', 6 rows, 53 samples, 14 variables]
energies=[-172.0, -172.0, -172.0, -172.0, -168.0, -168.0]
