Sample 0:-323
Sample 1:-423
Sample 2:-491
Sample 3:-373
Sample 4:-407
Sample 5:-243
Sample 6:-233
Sample 7:-453
Sample 8:-319
Sample 9:-347
Sample 10:-207
Sample 11:-163
Sample 12:-479
Sample 13:-205
Sample 14:-279
Sample 15:-407
Sample 16:-477
Sample 17:-355
Sample 18:-415
Sample 19:-235
Sample 20:-167
Sample 21:-113
Sample 22:-269
Sample 23:-393
Sample 24:-445
Sample 25:-479
Sample 26:-57
Sample 27:-329
Sample 28:-401
Sample 29:-293
Sample 30:-301
Sample 31:-143
Sample 32:-227
Sample 33:-347
Sample 34:-163
Sample 35:-481
Sample 36:-145
Sample 37:-405
Sample 38:-363
Sample 39:-449
Sample 40:-115
Sample 41:-363
Sample 42:-399
Sample 43:-403
Sample 44:-247
Sample 45:-277
Sample 46:9
Sample 47:-265
Sample 48:-181
Sample 49:-489
Sample 50:-247
Sample 51:-377
Sample 52:-253
Sample 53:-271
Sample 54:-491
Sample 55:-197
Sample 56:-287
Sample 57:-203
Sample 58:-357
Sample 59:-255
Sample 60:-115
Sample 61:-141
Sample 62:-443
Sample 63:-351
Sample 64:-141
Sample 65:-363
Sample 66:-61
Sample 67:-497
Sample 68:-285
Sample 69:-313
Sample 70:-369
Sample 71:-389
Sample 72:35
Sample 73:-233
Sample 74:-415
Sample 75:-139
Sample 76:-181
Sample 77:-101
Sample 78:-415
Sample 79:-357
Sample 80:-203
Sample 81:-369
Sample 82:-339
Sample 83:43
Sample 84:-261
Sample 85:9
Sample 86:-325
Sample 87:-369
Sample 88:-369
Sample 89:61
Sample 90:-209
Sample 91:-417
Sample 92:-397
Sample 93:-291
Sample 94:-163
Sample 95:-195
Sample 96:-439
Sample 97:-229
Sample 98:-199
Sample 99:-465
Best Ham: -497
Sucess Probability: 84
Ham Average: -288.72
