Sample 0:-293
Sample 1:-209
Sample 2:-293
Sample 3:-335
Sample 4:-275
Sample 5:-335
Sample 6:-297
Sample 7:-335
Sample 8:-299
Sample 9:-335
Sample 10:-187
Sample 11:-135
Sample 12:-293
Sample 13:-295
Sample 14:-335
Sample 15:-271
Sample 16:-351
Sample 17:-337
Sample 18:-305
Sample 19:-355
Sample 20:-335
Sample 21:-185
Sample 22:-293
Sample 23:-267
Sample 24:-343
Sample 25:-311
Sample 26:-337
Sample 27:-351
Sample 28:-305
Sample 29:-271
Sample 30:-305
Sample 31:-187
Sample 32:-335
Sample 33:-109
Sample 34:-335
Sample 35:-369
Sample 36:-83
Sample 37:-335
Sample 38:-245
Sample 39:-333
Sample 40:-335
Sample 41:-335
Sample 42:-335
Sample 43:-335
Sample 44:-311
Sample 45:-177
Sample 46:-261
Sample 47:-335
Sample 48:-335
Sample 49:-165
Sample 50:-177
Sample 51:-135
Sample 52:-149
Sample 53:-335
Sample 54:-335
Sample 55:-293
Sample 56:75
Sample 57:-297
Sample 58:-267
Sample 59:-347
Sample 60:-267
Sample 61:-271
Sample 62:-243
Sample 63:69
Sample 64:-263
Sample 65:-347
Sample 66:-335
Sample 67:-325
Sample 68:-215
Sample 69:-271
Sample 70:-335
Sample 71:63
Sample 72:-163
Sample 73:-335
Sample 74:131
Sample 75:-275
Sample 76:75
Sample 77:-135
Sample 78:141
Sample 79:-267
Sample 80:-267
Sample 81:-293
Sample 82:-205
Sample 83:-115
Sample 84:-157
Sample 85:-293
Sample 86:-305
Sample 87:-325
Sample 88:-351
Sample 89:-275
Sample 90:-203
Sample 91:-335
Sample 92:-329
Sample 93:-271
Sample 94:-335
Sample 95:-175
Sample 96:-305
Sample 97:-263
Sample 98:-297
Sample 99:-93
Best Ham: -369
Sucess Probability: 87
Ham Average: -254.48
