Sample 0:-935
Sample 1:-621
Sample 2:-917
Sample 3:-637
Sample 4:-631
Sample 5:-987
Sample 6:-919
Sample 7:-623
Sample 8:-961
Sample 9:-703
Sample 10:-955
Sample 11:-773
Sample 12:41
Sample 13:-811
Sample 14:-897
Sample 15:-1069
Sample 16:-665
Sample 17:-989
Sample 18:-889
Sample 19:-1161
Sample 20:-985
Sample 21:-17
Sample 22:-619
Sample 23:-429
Sample 24:-919
Sample 25:-413
Sample 26:-505
Sample 27:-867
Sample 28:-889
Sample 29:-879
Sample 30:-159
Sample 31:-963
Sample 32:-749
Sample 33:-877
Sample 34:-809
Sample 35:-629
Sample 36:-871
Sample 37:-863
Sample 38:-467
Sample 39:-669
Sample 40:-839
Sample 41:-691
Sample 42:-709
Sample 43:-387
Sample 44:-647
Sample 45:-579
Sample 46:-767
Sample 47:-883
Sample 48:-943
Sample 49:-719
Sample 50:-551
Sample 51:-755
Sample 52:-775
Sample 53:-743
Sample 54:-939
Sample 55:-861
Sample 56:-705
Sample 57:-331
Sample 58:-689
Sample 59:-983
Sample 60:-467
Sample 61:-787
Sample 62:-415
Sample 63:-531
Sample 64:-103
Sample 65:-775
Sample 66:-477
Sample 67:-895
Sample 68:-779
Sample 69:-927
Sample 70:-515
Sample 71:-345
Sample 72:-397
Sample 73:-907
Sample 74:-715
Sample 75:-659
Sample 76:-665
Sample 77:-777
Sample 78:-769
Sample 79:-699
Sample 80:-753
Sample 81:-907
Sample 82:-929
Sample 83:-1023
Sample 84:-689
Sample 85:-769
Sample 86:-693
Sample 87:-933
Sample 88:-895
Sample 89:-727
Sample 90:-379
Sample 91:-643
Sample 92:-633
Sample 93:-987
Sample 94:-927
Sample 95:-629
Sample 96:-757
Sample 97:-877
Sample 98:-929
Sample 99:-983
Best Ham: -1161
Sucess Probability: 97
Ham Average: -728.42
