Sample 0:-754
Sample 1:-886
Sample 2:-638
Sample 3:-778
Sample 4:-590
Sample 5:-666
Sample 6:-688
Sample 7:-708
Sample 8:-654
Sample 9:-706
Sample 10:-590
Sample 11:-708
Sample 12:-654
Sample 13:-654
Sample 14:-494
Sample 15:-638
Sample 16:-656
Sample 17:-646
Sample 18:-710
Sample 19:-590
Sample 20:-710
Sample 21:-792
Sample 22:-590
Sample 23:-590
Sample 24:-590
Sample 25:-710
Sample 26:-726
Sample 27:-708
Sample 28:-708
Sample 29:-638
Sample 30:-604
Sample 31:-590
Sample 32:-778
Sample 33:-654
Sample 34:-576
Sample 35:-710
Sample 36:-654
Sample 37:-590
Sample 38:-590
Sample 39:-666
Sample 40:-692
Sample 41:-646
Sample 42:-706
Sample 43:-590
Sample 44:-634
Sample 45:-590
Sample 46:-654
Sample 47:-552
Sample 48:-640
Sample 49:-640
Sample 50:-710
Sample 51:-666
Sample 52:-722
Sample 53:-658
Sample 54:-986
Sample 55:-940
Sample 56:-626
Sample 57:-622
Sample 58:-1032
Sample 59:-1060
Sample 60:-1090
Sample 61:-912
Sample 62:-968
Sample 63:-624
Sample 64:-586
Sample 65:-640
Sample 66:-856
Sample 67:-680
Sample 68:-584
Sample 69:-798
Sample 70:-518
Sample 71:-798
Sample 72:-928
Sample 73:-1126
Sample 74:-960
Sample 75:-1226
Sample 76:-654
Sample 77:-762
Sample 78:-638
Sample 79:-590
Sample 80:-706
Sample 81:-892
Sample 82:-870
Sample 83:-718
Sample 84:-562
Sample 85:-590
Sample 86:-654
Sample 87:-710
Sample 88:-690
Sample 89:-1004
Sample 90:184
Sample 91:-612
Sample 92:-812
Sample 93:-638
Sample 94:-864
Sample 95:-694
Sample 96:-912
Sample 97:-834
Sample 98:-718
Sample 99:-846
Best Ham: -1226
Sucess Probability: 99
Ham Average: -710.28
