Sample 0:-582
Sample 1:-228
Sample 2:-680
Sample 3:-528
Sample 4:-630
Sample 5:-650
Sample 6:-634
Sample 7:-416
Sample 8:-680
Sample 9:-550
Sample 10:-728
Sample 11:-728
Sample 12:-728
Sample 13:-728
Sample 14:-728
Sample 15:-728
Sample 16:-728
Sample 17:-728
Sample 18:-728
Sample 19:-728
Sample 20:-728
Sample 21:-586
Sample 22:-274
Sample 23:-680
Sample 24:-680
Sample 25:-680
Sample 26:-680
Sample 27:-680
Sample 28:-680
Sample 29:-680
Sample 30:-680
Sample 31:-680
Sample 32:-680
Sample 33:-680
Sample 34:-680
Sample 35:-680
Sample 36:-680
Sample 37:-680
Sample 38:-680
Sample 39:-680
Sample 40:-680
Sample 41:-680
Sample 42:-680
Sample 43:-680
Sample 44:-680
Sample 45:-680
Sample 46:-680
Sample 47:-680
Sample 48:-680
Sample 49:-680
Sample 50:-680
Sample 51:-680
Sample 52:-680
Sample 53:-680
Sample 54:-680
Sample 55:-680
Sample 56:4
Sample 57:-802
Sample 58:-720
Sample 59:-576
Sample 60:-274
Sample 61:-274
Sample 62:-468
Sample 63:-506
Sample 64:-274
Sample 65:-274
Sample 66:-274
Sample 67:-506
Sample 68:-274
Sample 69:-506
Sample 70:-274
Sample 71:-274
Sample 72:-506
Sample 73:-506
Sample 74:-506
Sample 75:-606
Sample 76:-468
Sample 77:-274
Sample 78:-468
Sample 79:-274
Sample 80:-274
Sample 81:-274
Sample 82:-274
Sample 83:-506
Sample 84:-274
Sample 85:-274
Sample 86:-274
Sample 87:-274
Sample 88:-274
Sample 89:-274
Sample 90:-506
Sample 91:-274
Sample 92:-274
Sample 93:-274
Sample 94:-468
Sample 95:-506
Sample 96:-606
Sample 97:-274
Sample 98:-606
Sample 99:-506
Best Ham: -802
Sucess Probability: 99
Ham Average: -540.32
