Sample 0:-205
Sample 1:-203
Sample 2:-165
Sample 3:-251
Sample 4:-199
Sample 5:-217
Sample 6:-251
Sample 7:-195
Sample 8:-51
Sample 9:-99
Sample 10:-229
Sample 11:-215
Sample 12:-285
Sample 13:-151
Sample 14:-275
Sample 15:-145
Sample 16:-273
Sample 17:-143
Sample 18:-209
Sample 19:-229
Sample 20:-181
Sample 21:-165
Sample 22:-205
Sample 23:-221
Sample 24:-225
Sample 25:-217
Sample 26:-183
Sample 27:-159
Sample 28:-227
Sample 29:-277
Sample 30:-157
Sample 31:1
Sample 32:-139
Sample 33:-117
Sample 34:-251
Sample 35:-97
Sample 36:-235
Sample 37:-265
Sample 38:-149
Sample 39:-145
Sample 40:-161
Sample 41:-19
Sample 42:-225
Sample 43:-175
Sample 44:-141
Sample 45:-215
Sample 46:-159
Sample 47:-175
Sample 48:-231
Sample 49:-205
Sample 50:-245
Sample 51:-123
Sample 52:-163
Sample 53:-175
Sample 54:-167
Sample 55:-163
Sample 56:-165
Sample 57:-175
Sample 58:-235
Sample 59:-157
Sample 60:-237
Sample 61:-233
Sample 62:-175
Sample 63:-267
Sample 64:-105
Sample 65:-255
Sample 66:-203
Sample 67:-235
Sample 68:-219
Sample 69:-13
Sample 70:-167
Sample 71:-249
Sample 72:-261
Sample 73:-261
Sample 74:-167
Sample 75:-133
Sample 76:-143
Sample 77:-181
Sample 78:-227
Sample 79:-213
Sample 80:-157
Sample 81:-135
Sample 82:-177
Sample 83:-167
Sample 84:-187
Sample 85:-219
Sample 86:-131
Sample 87:-105
Sample 88:-217
Sample 89:-165
Sample 90:-223
Sample 91:-141
Sample 92:-193
Sample 93:-145
Sample 94:-257
Sample 95:-195
Sample 96:-161
Sample 97:-107
Sample 98:-273
Sample 99:-219
Best Ham: -285
Sucess Probability: 78
Ham Average: -185.96
