Sample 0:-90
Sample 1:-64
Sample 2:-36
Sample 3:-48
Sample 4:50
Sample 5:34
Sample 6:10
Sample 7:-52
Sample 8:48
Sample 9:-50
Sample 10:-50
Sample 11:24
Sample 12:-76
Sample 13:-16
Sample 14:-90
Sample 15:-50
Sample 16:-52
Sample 17:-76
Sample 18:-90
Sample 19:-64
Sample 20:-50
Sample 21:34
Sample 22:-50
Sample 23:-90
Sample 24:-52
Sample 25:-52
Sample 26:-52
Sample 27:78
Sample 28:-50
Sample 29:-50
Sample 30:-62
Sample 31:-50
Sample 32:-64
Sample 33:-48
Sample 34:-50
Sample 35:-50
Sample 36:-50
Sample 37:-50
Sample 38:-50
Sample 39:-76
Sample 40:24
Sample 41:-76
Sample 42:78
Sample 43:-64
Sample 44:-64
Sample 45:74
Sample 46:-50
Sample 47:74
Sample 48:-64
Sample 49:-50
Sample 50:-36
Sample 51:-90
Sample 52:-36
Sample 53:-64
Sample 54:-76
Sample 55:-64
Sample 56:-52
Sample 57:-64
Sample 58:-52
Sample 59:-50
Sample 60:48
Sample 61:-50
Sample 62:-16
Sample 63:-90
Sample 64:-36
Sample 65:-50
Sample 66:-76
Sample 67:-76
Sample 68:-112
Sample 69:-50
Sample 70:-48
Sample 71:-90
Sample 72:-76
Sample 73:-90
Sample 74:-50
Sample 75:-76
Sample 76:-48
Sample 77:-50
Sample 78:-76
Sample 79:-64
Sample 80:-50
Sample 81:-102
Sample 82:-76
Sample 83:74
Sample 84:-102
Sample 85:-90
Sample 86:-64
Sample 87:-50
Sample 88:-2
Sample 89:-16
Sample 90:-76
Sample 91:-90
Sample 92:-50
Sample 93:-90
Sample 94:-2
Sample 95:-64
Sample 96:-64
Sample 97:-36
Sample 98:-90
Sample 99:-64
Best Ham: -112
Sucess Probability: 0
Ham Average: -46.04
