Sample 0:-215
Sample 1:-215
Sample 2:-215
Sample 3:-215
Sample 4:-215
Sample 5:-215
Sample 6:-215
Sample 7:-215
Sample 8:-215
Sample 9:-215
Sample 10:-215
Sample 11:-215
Sample 12:-215
Sample 13:-149
Sample 14:-149
Sample 15:-149
Sample 16:-149
Sample 17:-215
Sample 18:-215
Sample 19:-215
Sample 20:-215
Sample 21:-149
Sample 22:-149
Sample 23:-149
Sample 24:-149
Sample 25:-149
Sample 26:-149
Sample 27:-149
Sample 28:-149
Sample 29:-149
Sample 30:-149
Sample 31:-149
Sample 32:-149
Sample 33:-149
Sample 34:-149
Sample 35:-149
Sample 36:-149
Sample 37:-149
Sample 38:-149
Sample 39:-149
Sample 40:-149
Sample 41:-149
Sample 42:-149
Sample 43:-149
Sample 44:-149
Sample 45:-215
Sample 46:-215
Sample 47:-215
Sample 48:-215
Sample 49:-149
Sample 50:-149
Sample 51:-149
Sample 52:-149
Sample 53:-149
Sample 54:-149
Sample 55:-149
Sample 56:-149
Sample 57:-149
Sample 58:-149
Sample 59:-149
Sample 60:-149
Sample 61:-149
Sample 62:-149
Sample 63:-149
Sample 64:-149
Sample 65:-149
Sample 66:-149
Sample 67:-149
Sample 68:93
Sample 69:-149
Sample 70:-149
Sample 71:-149
Sample 72:-149
Sample 73:-149
Sample 74:-149
Sample 75:-149
Sample 76:-149
Sample 77:-149
Sample 78:-149
Sample 79:-149
Sample 80:-149
Sample 81:-149
Sample 82:-149
Sample 83:-149
Sample 84:-149
Sample 85:-149
Sample 86:-149
Sample 87:-149
Sample 88:-149
Sample 89:-149
Sample 90:-149
Sample 91:-149
Sample 92:-149
Sample 93:-149
Sample 94:-149
Sample 95:-149
Sample 96:-149
Sample 97:-149
Sample 98:-149
Sample 99:-149
Best Ham: -215
Sucess Probability: 99
Ham Average: -160.44
