Sample 0:-606
Sample 1:-606
Sample 2:-606
Sample 3:-606
Sample 4:-606
Sample 5:-606
Sample 6:-606
Sample 7:-606
Sample 8:-606
Sample 9:-606
Sample 10:-606
Sample 11:-606
Sample 12:-606
Sample 13:-606
Sample 14:-606
Sample 15:-606
Sample 16:-606
Sample 17:-606
Sample 18:94
Sample 19:-606
Sample 20:-606
Sample 21:-606
Sample 22:-606
Sample 23:-606
Sample 24:-606
Sample 25:-606
Sample 26:-606
Sample 27:-606
Sample 28:-606
Sample 29:-606
Sample 30:-606
Sample 31:-606
Sample 32:-606
Sample 33:-606
Sample 34:-606
Sample 35:-606
Sample 36:-606
Sample 37:-606
Sample 38:-606
Sample 39:-606
Sample 40:-606
Sample 41:-606
Sample 42:-606
Sample 43:-606
Sample 44:-606
Sample 45:-606
Sample 46:-606
Sample 47:-606
Sample 48:-606
Sample 49:-606
Sample 50:-606
Sample 51:-606
Sample 52:-606
Sample 53:-606
Sample 54:-606
Sample 55:-606
Sample 56:-606
Sample 57:-606
Sample 58:-606
Sample 59:-606
Sample 60:-606
Sample 61:-606
Sample 62:-606
Sample 63:-606
Sample 64:-606
Sample 65:-606
Sample 66:-606
Sample 67:-606
Sample 68:-606
Sample 69:-606
Sample 70:-606
Sample 71:-606
Sample 72:-606
Sample 73:-606
Sample 74:-606
Sample 75:-606
Sample 76:-606
Sample 77:-606
Sample 78:-606
Sample 79:-606
Sample 80:-606
Sample 81:-606
Sample 82:-606
Sample 83:-606
Sample 84:-606
Sample 85:-606
Sample 86:-606
Sample 87:-606
Sample 88:-606
Sample 89:-606
Sample 90:-606
Sample 91:-606
Sample 92:-606
Sample 93:-606
Sample 94:-606
Sample 95:-606
Sample 96:-606
Sample 97:-606
Sample 98:-606
Sample 99:-606
Best Ham: -606
Sucess Probability: 99
Ham Average: -599.0
