[[ 1  0  0 ...  0  0  7]
 [ 1  0  0 ...  0  7  0]
 [ 1  0  0 ...  7  0  0]
 ...
 [ 1 -7  7 ...  0  0  0]
 [ 1  7 -7 ...  0  0  0]
 [ 7  1  1 ...  1  1  1]]
-7
test

{(1, 26): -3, (1, 25): -7, (1, 24): -1, (1, 23): -8, (1, 22): 4, (1, 21): 14, (1, 20): -2, (1, 18): -14, (1, 17): -11, (1, 16): -6, (1, 15): -3, (1, 14): -10, (1, 13): 4, (1, 12): -5, (1, 11): 14, (1, 10): 8, (1, 9): -11, (1, 8): 6, (1, 7): 8, (1, 6): 5, (1, 5): 8, (1, 4): -14, (1, 3): 8, (1, 2): 14, (2, 26): 10, (2, 25): 5, (2, 24): 13, (2, 23): 5, (2, 22): -8, (2, 21): 14, (2, 20): -5, (2, 19): -13, (2, 18): 10, (2, 17): 13, (2, 16): -5, (2, 15): -6, (2, 14): 9, (2, 13): -4, (2, 12): 7, (2, 11): 10, (2, 9): 1, (2, 8): -9, (2, 7): 9, (2, 5): -2, (2, 4): 11, (2, 3): 3, (3, 26): -9, (3, 25): -2, (3, 24): 3, (3, 23): -9, (3, 22): -9, (3, 21): -2, (3, 20): -3, (3, 18): -14, (3, 17): 12, (3, 16): 3, (3, 15): -4, (3, 14): 10, (3, 13): 14, (3, 12): 4, (3, 11): -3, (3, 10): 13, (3, 9): 11, (3, 8): -2, (3, 7): 9, (3, 6): 11, (3, 5): -13, (3, 4): -9, (4, 25): -1, (4, 24): 2, (4, 23): 14, (4, 22): 5, (4, 21): -4, (4, 20): -1, (4, 19): 11, (4, 18): -5, (4, 17): -4, (4, 16): -4, (4, 15): -1, (4, 14): 10, (4, 13): -6, (4, 11): -12, (4, 9): -2, (4, 8): 2, (4, 7): 7, (4, 6): -13, (5, 26): 10, (5, 25): 7, (5, 24): 10, (5, 23): -8, (5, 22): -7, (5, 21): -6, (5, 20): 13, (5, 19): -9, (5, 18): -8, (5, 17): 9, (5, 15): -14, (5, 14): 11, (5, 13): 7, (5, 12): 14, (5, 11): 11, (5, 10): -1, (5, 9): 4, (5, 8): -5, (5, 7): -14, (5, 6): -13, (6, 25): 6, (6, 24): -10, (6, 22): 12, (6, 21): 12, (6, 20): -5, (6, 19): 11, (6, 17): 7, (6, 16): -6, (6, 15): -14, (6, 14): -11, (6, 13): -14, (6, 12): -3, (6, 11): 13, (6, 10): 4, (6, 9): 12, (6, 8): 5, (6, 7): 6, (7, 26): 14, (7, 25): -1, (7, 24): 13, (7, 23): 2, (7, 22): 14, (7, 21): -12, (7, 20): 11, (7, 19): 14, (7, 18): 4, (7, 17): 8, (7, 16): 12, (7, 15): 9, (7, 14): 10, (7, 13): 12, (7, 11): -3, (7, 10): 14, (7, 9): -5, (7, 8): 12, (8, 26): -3, (8, 25): -7, (8, 24): 14, (8, 23): -4, (8, 22): 7, (8, 21): 7, (8, 20): -10, (8, 19): 14, (8, 18): -13, (8, 17): 8, (8, 16): 13, (8, 15): 9, (8, 14): -10, (8, 13): -13, (8, 12): -9, (8, 11): -2, (8, 10): -9, (8, 9): 10, (9, 26): -12, (9, 25): -11, (9, 24): 12, (9, 23): -1, (9, 22): -5, (9, 20): -14, (9, 19): 2, (9, 18): 4, (9, 17): -13, (9, 16): 11, (9, 15): 4, (9, 14): 4, (9, 13): 10, (9, 12): 4, (9, 10): -12, (10, 25): 4, (10, 24): -7, (10, 23): 5, (10, 22): 6, (10, 21): -11, (10, 20): -4, (10, 19): 1, (10, 18): 1, (10, 17): 11, (10, 16): 14, (10, 15): -13, (10, 13): -14, (10, 12): -6, (10, 11): 2, (11, 26): -6, (11, 24): -2, (11, 23): 12, (11, 22): 2, (11, 21): -3, (11, 20): -11, (11, 19): -12, (11, 18): 7, (11, 16): -6, (11, 15): -4, (11, 14): 3, (11, 13): 5, (11, 12): 2, (12, 26): 13, (12, 25): -13, (12, 24): -3, (12, 23): -11, (12, 21): 2, (12, 20): -7, (12, 19): -11, (12, 18): -14, (12, 16): 1, (12, 14): -6, (12, 13): 8, (13, 25): 2, (13, 24): -6, (13, 23): -8, (13, 22): -9, (13, 21): 5, (13, 20): -4, (13, 19): -3, (13, 18): 12, (13, 17): -2, (13, 16): -10, (13, 15): 9, (13, 14): -8, (14, 26): 9, (14, 24): 5, (14, 23): 1, (14, 22): -11, (14, 21): -12, (14, 20): -3, (14, 19): 10, (14, 18): -1, (14, 17): 2, (14, 16): -12, (14, 15): -1, (15, 26): 9, (15, 25): 11, (15, 24): -7, (15, 23): -13, (15, 22): -8, (15, 21): 9, (15, 20): 10, (15, 19): -2, (15, 18): -2, (15, 17): -3, (15, 16): -14, (16, 25): 5, (16, 24): -5, (16, 23): 1, (16, 22): 6, (16, 21): 2, (16, 20): -5, (16, 19): 1, (16, 18): 5, (16, 17): 7, (17, 25): 4, (17, 24): -12, (17, 23): -8, (17, 22): -6, (17, 21): -11, (17, 20): -9, (17, 19): 10, (17, 18): -14, (18, 26): 6, (18, 25): -6, (18, 23): 2, (18, 22): -9, (18, 21): 9, (18, 20): 9, (19, 26): -13, (19, 25): -7, (19, 24): 1, (19, 23): 8, (19, 22): 4, (19, 21): 1, (19, 20): -7, (20, 25): 12, (20, 24): -6, (20, 23): -3, (20, 22): 5, (21, 26): 11, (21, 25): 14, (21, 24): -10, (21, 23): -9, (21, 22): 9, (22, 26): -11, (22, 25): -1, (22, 24): -2, (23, 25): -2, (23, 24): -13, (24, 26): -10, (24, 25): 13, (25, 26): 14}
test1

{}
   1 26 25 24 23 22 21 20 18 17 16 15 14 13 12 11 10  9 ... 19 energy num_oc.
0 +1 -1 -1 +1 +1 -1 +1 +1 +1 +1 +1 +1 +1 +1 +1 -1 +1 -1 ... -1 -690.0      18
1 -1 +1 +1 -1 -1 +1 -1 -1 -1 -1 -1 -1 -1 -1 -1 +1 -1 +1 ... +1 -690.0      12
2 -1 -1 +1 -1 -1 +1 -1 -1 +1 -1 -1 -1 -1 -1 +1 -1 -1 -1 ... +1 -674.0       9
3 +1 +1 -1 +1 +1 -1 +1 +1 -1 +1 +1 +1 +1 +1 -1 +1 +1 +1 ... -1 -674.0      14
4 +1 -1 -1 +1 +1 -1 +1 +1 -1 +1 +1 +1 +1 +1 +1 -1 +1 -1 ... -1 -666.0       1
['SPIN', 5 rows, 54 samples, 26 variables]
energies=[-690.0, -690.0, -674.0, -674.0, -666.0]
