[[ 1  0  0 ...  0  0  7]
 [ 1  0  0 ...  0  7  0]
 [ 1  0  0 ...  7  0  0]
 ...
 [ 1 -2  7 ...  0  0  0]
 [ 1  7 -3 ...  0  0  0]
 [ 7  1  1 ...  1  1  1]]
-3
test

{(1, 13): -2, (1, 11): -3, (1, 10): 6, (1, 7): -8, (1, 6): -13, (1, 5): 5, (1, 4): 9, (1, 3): -13, (1, 2): 5, (2, 12): 2, (2, 11): -11, (2, 10): -11, (2, 8): -9, (2, 7): -14, (2, 6): -3, (2, 4): -11, (2, 3): 3, (3, 13): -11, (3, 12): -9, (3, 10): 2, (3, 7): -9, (3, 6): 3, (3, 5): 7, (4, 13): -6, (4, 12): 7, (4, 10): 2, (4, 8): 6, (4, 6): -8, (5, 13): -11, (5, 12): 12, (5, 11): -5, (5, 10): 4, (5, 9): 4, (5, 8): -6, (5, 6): 12, (6, 12): 5, (6, 10): 2, (6, 9): -14, (7, 12): 1, (7, 11): -3, (7, 10): 14, (7, 9): 6, (7, 8): 3, (8, 13): -11, (8, 11): -11, (8, 10): 14, (8, 9): -6, (9, 13): 2, (9, 12): 3, (9, 11): 11, (9, 10): 4, (10, 13): -9, (10, 12): -5, (11, 13): 4, (11, 12): -9}
test1

{}
   1 13 11 10  7  6  5  4  3  2 12  8  9 energy num_oc.
0 +1 -1 -1 -1 +1 +1 -1 -1 +1 -1 +1 -1 +1 -165.0      17
1 -1 +1 +1 +1 -1 -1 +1 +1 -1 +1 -1 +1 -1 -165.0      13
2 -1 -1 -1 +1 -1 +1 -1 +1 -1 +1 -1 -1 +1 -163.0       2
3 +1 +1 +1 -1 +1 -1 +1 -1 +1 -1 +1 +1 -1 -163.0       1
4 -1 +1 +1 -1 +1 -1 +1 +1 -1 +1 -1 +1 -1 -155.0      12
5 +1 -1 -1 +1 -1 +1 -1 -1 +1 -1 +1 -1 +1 -155.0      10
['SPIN', 6 rows, 55 samples, 13 variables]
energies=[-165.0, -165.0, -163.0, -163.0, -155.0, -155.0]
