[[1 0 0 ... 0 0 7]
 [1 0 0 ... 0 7 0]
 [1 0 0 ... 7 0 0]
 ...
 [1 4 7 ... 0 0 0]
 [1 7 3 ... 0 0 0]
 [7 1 1 ... 1 1 1]]
3
test

{(1, 17): 9, (1, 16): 11, (1, 15): 4, (1, 14): -7, (1, 13): 11, (1, 12): 6, (1, 11): 3, (1, 10): 13, (1, 9): 8, (1, 8): -9, (1, 7): -14, (1, 6): -10, (1, 5): -9, (1, 4): -13, (1, 3): 4, (1, 2): -7, (2, 17): 9, (2, 16): -13, (2, 15): -1, (2, 14): -8, (2, 13): 12, (2, 12): -12, (2, 11): -6, (2, 10): -3, (2, 9): -11, (2, 8): -8, (2, 7): -9, (2, 6): 5, (2, 5): -13, (2, 4): 13, (2, 3): 2, (3, 17): 9, (3, 16): -8, (3, 15): 14, (3, 14): -8, (3, 13): 8, (3, 12): 9, (3, 11): 6, (3, 10): 6, (3, 9): -3, (3, 8): 12, (3, 7): 2, (3, 6): -4, (3, 5): -2, (3, 4): -7, (4, 17): -10, (4, 16): 1, (4, 15): -11, (4, 14): 9, (4, 13): 4, (4, 12): -8, (4, 11): -8, (4, 10): -7, (4, 9): -10, (4, 8): -14, (4, 7): 3, (4, 6): 1, (4, 5): 13, (5, 17): 6, (5, 16): 14, (5, 15): 9, (5, 14): -12, (5, 13): 13, (5, 12): -10, (5, 11): -9, (5, 10): -7, (5, 9): -1, (5, 8): 12, (5, 7): 9, (5, 6): 4, (6, 17): 3, (6, 16): 8, (6, 15): -4, (6, 14): -7, (6, 13): -5, (6, 12): -7, (6, 11): -8, (6, 10): 6, (6, 9): -6, (6, 8): 13, (6, 7): 10, (7, 17): 12, (7, 16): 7, (7, 15): -4, (7, 14): 1, (7, 13): 10, (7, 12): 3, (7, 11): 1, (7, 10): -12, (7, 9): -2, (7, 8): -2, (8, 17): 9, (8, 16): -7, (8, 15): -5, (8, 14): -14, (8, 13): 12, (8, 12): -4, (8, 11): 3, (8, 10): 10, (8, 9): 12, (9, 17): 7, (9, 16): 3, (9, 15): -1, (9, 14): 12, (9, 13): 9, (9, 12): 14, (9, 11): -8, (9, 10): 4, (10, 17): 14, (10, 16): 5, (10, 15): -1, (10, 14): 6, (10, 13): -2, (10, 12): -10, (10, 11): 4, (11, 17): 13, (11, 16): -13, (11, 15): -5, (11, 14): 3, (11, 13): -2, (11, 12): -2, (12, 17): 5, (12, 16): 7, (12, 15): -5, (12, 14): -8, (12, 13): -1, (13, 17): 2, (13, 16): 5, (13, 15): 3, (13, 14): 11, (14, 17): -5, (14, 16): 3, (14, 15): -3, (15, 17): -4, (15, 16): 9, (16, 17): -9}
test1

{}
   1 17 16 15 14 13 12 11 10  9  8  7  6  5  4  3  2 energy num_oc.
0 +1 -1 -1 +1 +1 -1 +1 -1 +1 -1 +1 +1 -1 +1 -1 -1 +1 -367.0      21
1 -1 +1 +1 -1 -1 +1 -1 +1 -1 +1 -1 -1 +1 -1 +1 +1 -1 -367.0      29
2 +1 -1 -1 +1 +1 -1 +1 +1 +1 -1 +1 +1 -1 +1 +1 -1 +1 -347.0       1
3 -1 +1 -1 +1 -1 +1 +1 -1 +1 -1 -1 -1 +1 -1 +1 -1 -1 -299.0       2
4 +1 -1 +1 -1 +1 -1 -1 +1 -1 +1 +1 +1 -1 +1 -1 +1 +1 -299.0       1
['SPIN', 5 rows, 54 samples, 17 variables]
energies=[-367.0, -367.0, -347.0, -299.0, -299.0]
