Sample 0:-194
Sample 1:-194
Sample 2:-242
Sample 3:-228
Sample 4:-204
Sample 5:-204
Sample 6:-150
Sample 7:-210
Sample 8:-130
Sample 9:-210
Sample 10:-242
Sample 11:-160
Sample 12:-204
Sample 13:-70
Sample 14:-156
Sample 15:-146
Sample 16:-104
Sample 17:-104
Sample 18:-170
Sample 19:-176
Sample 20:-214
Sample 21:-136
Sample 22:-244
Sample 23:-134
Sample 24:-180
Sample 25:-196
Sample 26:-232
Sample 27:-178
Sample 28:-188
Sample 29:-212
Sample 30:-150
Sample 31:-152
Sample 32:-216
Sample 33:-216
Sample 34:-142
Sample 35:-212
Sample 36:-178
Sample 37:-224
Sample 38:-146
Sample 39:-106
Sample 40:-162
Sample 41:-192
Sample 42:-194
Sample 43:-186
Sample 44:-74
Sample 45:-152
Sample 46:-180
Sample 47:-150
Sample 48:-176
Sample 49:-168
Sample 50:-188
Sample 51:-172
Sample 52:-218
Sample 53:-164
Sample 54:-158
Sample 55:-176
Sample 56:-114
Sample 57:-226
Sample 58:28
Sample 59:-212
Sample 60:-10
Sample 61:-232
Sample 62:-184
Sample 63:-184
Sample 64:-180
Sample 65:-142
Sample 66:-104
Sample 67:-146
Sample 68:-202
Sample 69:-194
Sample 70:-178
Sample 71:-226
Sample 72:-192
Sample 73:-178
Sample 74:-192
Sample 75:-104
Sample 76:-162
Sample 77:-168
Sample 78:-188
Sample 79:-232
Sample 80:-194
Sample 81:-186
Sample 82:-136
Sample 83:-240
Sample 84:-154
Sample 85:-212
Sample 86:-182
Sample 87:-56
Sample 88:-178
Sample 89:-172
Sample 90:-78
Sample 91:-176
Sample 92:-192
Sample 93:-192
Sample 94:-192
Sample 95:-128
Sample 96:-194
Sample 97:-242
Sample 98:-166
Sample 99:-160
Best Ham: -244
Sucess Probability: 78
Ham Average: -172.16
