[[1 0 0 ... 0 0 7]
 [1 0 0 ... 0 7 0]
 [1 0 0 ... 7 0 0]
 ...
 [1 0 7 ... 0 0 0]
 [1 7 0 ... 0 0 0]
 [7 1 1 ... 1 1 1]]
0
test

{(1, 13): 13, (1, 11): -6, (1, 10): 10, (1, 9): 10, (1, 8): 3, (1, 7): 4, (1, 6): 7, (1, 4): 9, (1, 3): -4, (2, 13): 9, (2, 12): 4, (2, 10): -11, (2, 8): -10, (2, 7): -11, (2, 6): 5, (2, 5): -9, (2, 4): 4, (3, 12): -3, (3, 9): -7, (3, 8): 14, (3, 5): 4, (3, 4): -13, (4, 10): -14, (4, 9): -5, (4, 6): 8, (5, 13): -4, (5, 12): 1, (5, 11): -12, (5, 8): 14, (5, 7): 4, (5, 6): -14, (6, 13): 5, (6, 10): -8, (6, 9): 1, (6, 7): -3, (7, 13): 8, (7, 12): 8, (7, 11): -14, (7, 10): 1, (7, 9): 7, (7, 8): 4, (8, 13): -3, (8, 12): 6, (9, 11): -8, (9, 10): -10, (10, 12): -14, (11, 12): 7}
test1

{}
   1 13 11 10  9  8  7  6  4  3  2 12  5 energy num_oc.
0 -1 +1 -1 +1 +1 -1 -1 -1 +1 +1 -1 +1 -1 -195.0      21
1 +1 -1 +1 -1 -1 +1 +1 +1 -1 -1 +1 -1 +1 -195.0       2
2 -1 +1 -1 +1 +1 -1 -1 +1 +1 +1 -1 +1 +1 -193.0      16
3 +1 -1 +1 -1 -1 +1 +1 -1 -1 -1 +1 -1 -1 -193.0      13
4 +1 +1 -1 -1 -1 +1 -1 -1 -1 -1 -1 -1 -1 -165.0       2
5 -1 -1 +1 +1 +1 -1 +1 +1 +1 +1 +1 +1 +1 -165.0       9
['SPIN', 6 rows, 63 samples, 13 variables]
energies=[-195.0, -195.0, -193.0, -193.0, -165.0, -165.0]
