Sample 0:-110
Sample 1:-118
Sample 2:-150
Sample 3:-130
Sample 4:-168
Sample 5:-130
Sample 6:-166
Sample 7:-108
Sample 8:-168
Sample 9:-188
Sample 10:-188
Sample 11:-188
Sample 12:-128
Sample 13:-134
Sample 14:82
Sample 15:-134
Sample 16:-158
Sample 17:-168
Sample 18:-18
Sample 19:-166
Sample 20:-166
Sample 21:-166
Sample 22:-114
Sample 23:56
Sample 24:-160
Sample 25:-110
Sample 26:-134
Sample 27:-110
Sample 28:-146
Sample 29:-62
Sample 30:-66
Sample 31:-188
Sample 32:-92
Sample 33:-130
Sample 34:-194
Sample 35:-204
Sample 36:-138
Sample 37:-170
Sample 38:-154
Sample 39:-188
Sample 40:-158
Sample 41:-174
Sample 42:-52
Sample 43:-154
Sample 44:-46
Sample 45:-164
Sample 46:-136
Sample 47:-148
Sample 48:-168
Sample 49:-176
Sample 50:6
Sample 51:-150
Sample 52:180
Sample 53:-138
Sample 54:-174
Sample 55:-168
Sample 56:-166
Sample 57:-108
Sample 58:-110
Sample 59:-114
Sample 60:-106
Sample 61:-168
Sample 62:-96
Sample 63:-206
Sample 64:-234
Sample 65:-152
Sample 66:-160
Sample 67:-154
Sample 68:-100
Sample 69:-156
Sample 70:24
Sample 71:-148
Sample 72:-72
Sample 73:-70
Sample 74:-134
Sample 75:-110
Sample 76:-146
Sample 77:2
Sample 78:-166
Sample 79:-118
Sample 80:-14
Sample 81:-110
Sample 82:-212
Sample 83:-110
Sample 84:-196
Sample 85:48
Sample 86:96
Sample 87:-166
Sample 88:-108
Sample 89:-46
Sample 90:-88
Sample 91:-66
Sample 92:-140
Sample 93:-188
Sample 94:-134
Sample 95:-168
Sample 96:-168
Sample 97:-216
Sample 98:-154
Sample 99:-168
Best Ham: -234
Sucess Probability: 46
Ham Average: -123.68
