[[ 1  0  0 ...  0  0  7]
 [ 1  0  0 ...  0  7  0]
 [ 1  0  0 ...  7  0  0]
 ...
 [ 1 -2  7 ...  0  0  0]
 [ 1  7 -3 ...  0  0  0]
 [ 7  1  1 ...  1  1  1]]
-3
test

{(1, 20): 11, (1, 19): 13, (1, 17): -1, (1, 16): 5, (1, 15): -10, (1, 14): 11, (1, 13): 11, (1, 12): 1, (1, 11): -10, (1, 10): -7, (1, 9): -5, (1, 7): 1, (1, 6): -2, (1, 5): 6, (1, 4): -7, (1, 2): 5, (2, 20): -11, (2, 19): 11, (2, 18): -11, (2, 17): -13, (2, 16): 2, (2, 15): 11, (2, 14): 12, (2, 13): 4, (2, 11): -10, (2, 10): -6, (2, 9): -14, (2, 6): -1, (2, 5): -5, (2, 4): -14, (2, 3): 8, (3, 20): -12, (3, 19): -1, (3, 18): 10, (3, 17): 6, (3, 16): 10, (3, 15): 13, (3, 13): -12, (3, 12): 12, (3, 11): 11, (3, 10): 14, (3, 9): 10, (3, 8): -12, (3, 7): -13, (3, 6): 4, (3, 5): -7, (3, 4): -6, (4, 20): -7, (4, 19): 2, (4, 18): -8, (4, 17): 11, (4, 16): -8, (4, 15): 2, (4, 14): -7, (4, 13): -4, (4, 12): -3, (4, 11): 8, (4, 10): -9, (4, 9): 3, (4, 8): 12, (4, 7): -7, (4, 6): 2, (4, 5): -8, (5, 20): 6, (5, 17): 6, (5, 16): 10, (5, 15): 13, (5, 14): 9, (5, 10): 1, (5, 9): -13, (5, 8): 9, (5, 7): 7, (5, 6): -3, (6, 19): -12, (6, 18): 13, (6, 17): -12, (6, 16): 2, (6, 15): -3, (6, 12): 13, (6, 11): -8, (6, 10): 1, (6, 8): 12, (6, 7): -1, (7, 20): 10, (7, 19): 14, (7, 18): -4, (7, 17): -10, (7, 16): -6, (7, 15): 3, (7, 14): -11, (7, 13): 10, (7, 12): -11, (7, 11): 9, (7, 10): -10, (7, 9): -10, (7, 8): -6, (8, 17): 2, (8, 16): -2, (8, 15): 8, (8, 14): -8, (8, 13): 13, (8, 11): 3, (8, 9): -2, (9, 20): 3, (9, 16): 12, (9, 15): 13, (9, 14): -11, (9, 13): -2, (9, 11): -2, (9, 10): 4, (10, 19): 13, (10, 18): 6, (10, 17): -10, (10, 16): 6, (10, 15): -1, (10, 14): 14, (10, 13): -9, (11, 19): 3, (11, 18): 4, (11, 17): 7, (11, 16): 9, (11, 14): -12, (11, 13): -3, (11, 12): 8, (12, 19): -12, (12, 18): 4, (12, 16): 3, (12, 15): -5, (12, 14): 5, (12, 13): 1, (13, 19): 8, (13, 18): -4, (13, 16): -11, (13, 15): 7, (13, 14): 10, (14, 20): -7, (14, 19): 3, (14, 18): -1, (14, 16): 4, (15, 20): -8, (15, 19): -4, (15, 18): -4, (15, 17): 1, (15, 16): -1, (16, 20): -1, (16, 19): 4, (16, 17): 6, (17, 20): 8, (17, 19): 13, (17, 18): 4, (18, 20): -10, (18, 19): -1}
test1

{}
   1 20 19 17 16 15 14 13 12 11 10  9  7  6  5  4  2 18  3  8 energy num_oc.
0 +1 -1 -1 +1 -1 -1 -1 +1 -1 +1 +1 +1 -1 +1 +1 -1 +1 -1 -1 -1 -413.0      18
1 -1 +1 +1 -1 +1 +1 +1 -1 +1 -1 -1 -1 +1 -1 -1 +1 -1 +1 +1 +1 -413.0      25
2 +1 -1 -1 +1 -1 -1 +1 -1 -1 +1 +1 +1 +1 +1 -1 -1 +1 -1 -1 +1 -363.0       1
3 -1 +1 +1 -1 -1 +1 +1 -1 -1 +1 -1 -1 -1 +1 -1 -1 -1 -1 +1 +1 -359.0       9
4 -1 +1 +1 -1 -1 -1 +1 -1 -1 +1 -1 +1 -1 +1 +1 -1 -1 -1 +1 +1 -351.0       1
['SPIN', 5 rows, 54 samples, 20 variables]
energies=[-413.0, -413.0, -363.0, -359.0, -351.0]
