Sample 0:-495
Sample 1:-493
Sample 2:-417
Sample 3:-445
Sample 4:-445
Sample 5:35
Sample 6:-415
Sample 7:-513
Sample 8:-495
Sample 9:-475
Sample 10:-445
Sample 11:-511
Sample 12:-561
Sample 13:-163
Sample 14:-367
Sample 15:-261
Sample 16:-603
Sample 17:-483
Sample 18:-587
Sample 19:-49
Sample 20:-529
Sample 21:-479
Sample 22:-323
Sample 23:-409
Sample 24:-123
Sample 25:-347
Sample 26:-565
Sample 27:-435
Sample 28:-495
Sample 29:-261
Sample 30:-483
Sample 31:-539
Sample 32:-495
Sample 33:-511
Sample 34:-511
Sample 35:-341
Sample 36:-63
Sample 37:-471
Sample 38:-279
Sample 39:-441
Sample 40:-511
Sample 41:-323
Sample 42:-477
Sample 43:-335
Sample 44:-351
Sample 45:-473
Sample 46:-165
Sample 47:-169
Sample 48:-115
Sample 49:57
Sample 50:-445
Sample 51:-353
Sample 52:-53
Sample 53:13
Sample 54:-125
Sample 55:-99
Sample 56:-437
Sample 57:-511
Sample 58:-391
Sample 59:-395
Sample 60:-633
Sample 61:-503
Sample 62:-363
Sample 63:-153
Sample 64:-515
Sample 65:-319
Sample 66:-379
Sample 67:-123
Sample 68:-545
Sample 69:-327
Sample 70:-395
Sample 71:-525
Sample 72:-619
Sample 73:-451
Sample 74:-67
Sample 75:-579
Sample 76:115
Sample 77:-341
Sample 78:-395
Sample 79:-399
Sample 80:-123
Sample 81:-141
Sample 82:-417
Sample 83:-539
Sample 84:-511
Sample 85:-417
Sample 86:43
Sample 87:-415
Sample 88:-259
Sample 89:-607
Sample 90:-349
Sample 91:-471
Sample 92:-463
Sample 93:-395
Sample 94:-169
Sample 95:-1
Sample 96:-533
Sample 97:-129
Sample 98:-233
Sample 99:-175
Best Ham: -633
Sucess Probability: 82
Ham Average: -357.66
