[[1 0 0 ... 0 0 7]
 [1 0 0 ... 0 7 0]
 [1 0 0 ... 7 0 0]
 ...
 [1 0 7 ... 0 0 0]
 [1 7 0 ... 0 0 0]
 [7 1 1 ... 1 1 1]]
0
test

{(1, 26): 8, (1, 23): 13, (1, 18): 7, (1, 17): -7, (1, 15): 1, (1, 14): 14, (1, 13): 3, (1, 12): -9, (1, 11): 14, (1, 10): -3, (1, 8): 9, (1, 6): 7, (1, 5): -5, (1, 4): -14, (2, 27): -4, (2, 25): -5, (2, 24): -5, (2, 22): 1, (2, 21): -4, (2, 20): 10, (2, 19): 9, (2, 18): -14, (2, 16): 5, (2, 15): -2, (2, 12): -9, (2, 10): 13, (2, 9): -3, (2, 6): 10, (2, 5): 4, (2, 3): 7, (3, 26): -2, (3, 25): 6, (3, 22): 4, (3, 17): 10, (3, 12): 8, (3, 11): 2, (3, 9): -1, (3, 7): 10, (3, 5): 8, (3, 4): 3, (4, 24): 4, (4, 23): -14, (4, 22): 2, (4, 21): -3, (4, 20): 2, (4, 19): -9, (4, 18): 9, (4, 17): 14, (4, 16): -7, (4, 15): 5, (4, 14): -9, (4, 13): -9, (4, 11): 7, (4, 10): 2, (4, 8): 10, (4, 5): 12, (5, 27): -12, (5, 26): 13, (5, 23): -1, (5, 22): -14, (5, 21): 4, (5, 19): -1, (5, 18): 11, (5, 15): -12, (5, 11): 14, (5, 9): 13, (5, 8): -8, (5, 7): 11, (5, 6): 7, (6, 25): -14, (6, 24): -4, (6, 23): 11, (6, 22): 1, (6, 21): -2, (6, 20): 10, (6, 19): 3, (6, 18): -3, (6, 17): -7, (6, 16): 6, (6, 14): 7, (6, 11): 7, (6, 10): -13, (7, 27): 4, (7, 24): -7, (7, 22): -8, (7, 21): 14, (7, 20): -5, (7, 19): 11, (7, 18): 3, (7, 17): 6, (7, 15): -9, (7, 14): 1, (7, 13): -14, (7, 9): 2, (7, 8): -13, (8, 26): 13, (8, 25): 5, (8, 24): -5, (8, 23): -1, (8, 22): 8, (8, 21): 12, (8, 20): -4, (8, 18): 6, (8, 17): -10, (8, 16): 11, (8, 12): -9, (8, 11): 1, (8, 10): -8, (9, 27): 2, (9, 26): -6, (9, 25): 9, (9, 24): -13, (9, 22): 14, (9, 21): 3, (9, 16): 14, (9, 15): 14, (9, 14): -10, (9, 12): 7, (9, 11): -14, (10, 27): 7, (10, 26): 1, (10, 25): 12, (10, 21): 6, (10, 19): 2, (10, 18): 2, (10, 16): 9, (10, 15): 8, (10, 12): 3, (11, 25): -14, (11, 22): -6, (11, 21): 12, (11, 20): 8, (11, 19): 2, (11, 18): -8, (11, 17): -6, (11, 15): -9, (11, 14): 9, (11, 13): 2, (12, 27): 6, (12, 26): -8, (12, 23): 10, (12, 21): -1, (12, 20): 6, (12, 15): -3, (12, 14): 2, (12, 13): 2, (13, 27): -11, (13, 26): 14, (13, 24): 3, (13, 23): -8, (13, 22): 11, (13, 21): 3, (13, 20): -9, (13, 18): 11, (13, 17): -14, (13, 16): -14, (13, 15): -13, (13, 14): 9, (14, 27): 10, (14, 26): -14, (14, 24): 1, (14, 22): 4, (14, 20): -12, (14, 19): 14, (14, 17): 10, (14, 15): 10, (15, 26): 13, (15, 25): -10, (15, 24): 3, (15, 22): -14, (15, 21): 14, (15, 20): 9, (15, 18): 9, (15, 17): -9, (16, 27): -12, (16, 23): -9, (16, 22): -3, (16, 20): 13, (16, 18): 12, (16, 17): -13, (17, 23): -12, (17, 22): 11, (17, 21): -14, (17, 20): -1, (17, 19): 4, (17, 18): -10, (18, 26): -7, (18, 25): -13, (18, 24): 10, (18, 22): -2, (18, 21): -8, (18, 20): -13, (19, 27): -10, (19, 26): -14, (19, 23): 6, (20, 27): -2, (20, 25): 3, (20, 24): 13, (20, 23): -3, (20, 22): 7, (20, 21): -7, (21, 27): 1, (21, 26): 3, (21, 25): 8, (21, 22): 13, (22, 26): -10, (22, 25): 5, (22, 24): 4, (22, 23): 10, (24, 26): -7, (25, 27): 6}
test1

{}
   1 26 23 18 17 15 14 13 12 11 10  8  6  5  4  2 27 25 ...  7 energy num_oc.
0 -1 +1 +1 +1 -1 -1 +1 -1 -1 -1 +1 -1 -1 -1 +1 -1 -1 -1 ... -1 -667.0      14
1 +1 -1 -1 -1 +1 +1 -1 +1 +1 +1 -1 +1 -1 +1 -1 +1 +1 +1 ... +1 -667.0      17
2 +1 -1 -1 -1 +1 +1 -1 +1 +1 +1 -1 +1 +1 +1 -1 +1 +1 +1 ... +1 -667.0       2
3 -1 +1 +1 +1 -1 -1 +1 -1 -1 -1 +1 -1 +1 -1 +1 -1 -1 -1 ... -1 -667.0      15
4 -1 -1 +1 -1 +1 +1 -1 +1 +1 +1 -1 +1 -1 +1 -1 +1 +1 +1 ... +1 -663.0       4
['SPIN', 5 rows, 52 samples, 27 variables]
energies=[-667.0, -667.0, -667.0, -667.0, -663.0]
