Sample 0:-1437
Sample 1:-1437
Sample 2:-1437
Sample 3:-1437
Sample 4:-1437
Sample 5:-1437
Sample 6:-1437
Sample 7:-1437
Sample 8:-1437
Sample 9:-1437
Sample 10:-1437
Sample 11:-1437
Sample 12:-1437
Sample 13:-1437
Sample 14:-1437
Sample 15:-1437
Sample 16:-1437
Sample 17:-1437
Sample 18:-1437
Sample 19:-1437
Sample 20:-1437
Sample 21:-1437
Sample 22:-1437
Sample 23:-1437
Sample 24:-1437
Sample 25:-1437
Sample 26:-1437
Sample 27:-1437
Sample 28:-1437
Sample 29:-1437
Sample 30:-1437
Sample 31:-1437
Sample 32:-1437
Sample 33:-1437
Sample 34:-1437
Sample 35:-1437
Sample 36:-1437
Sample 37:-1437
Sample 38:-1437
Sample 39:-1437
Sample 40:-1437
Sample 41:-1437
Sample 42:281
Sample 43:-1437
Sample 44:-1437
Sample 45:-1437
Sample 46:-1437
Sample 47:-1437
Sample 48:-1437
Sample 49:-1437
Sample 50:-1437
Sample 51:-1437
Sample 52:-1437
Sample 53:-1437
Sample 54:-1437
Sample 55:-1437
Sample 56:-1437
Sample 57:-1437
Sample 58:-1437
Sample 59:-1437
Sample 60:-1437
Sample 61:-1437
Sample 62:-1437
Sample 63:-1437
Sample 64:-1437
Sample 65:-1437
Sample 66:-1437
Sample 67:-1437
Sample 68:-1437
Sample 69:-1437
Sample 70:-1437
Sample 71:-1437
Sample 72:-1437
Sample 73:-1437
Sample 74:-1437
Sample 75:-1437
Sample 76:-1437
Sample 77:-1437
Sample 78:-1437
Sample 79:-1437
Sample 80:-1437
Sample 81:-1437
Sample 82:-1437
Sample 83:-1437
Sample 84:-1437
Sample 85:-1437
Sample 86:-1437
Sample 87:-1437
Sample 88:-1437
Sample 89:-1437
Sample 90:-1437
Sample 91:-1437
Sample 92:-1437
Sample 93:-1437
Sample 94:-1437
Sample 95:-1437
Sample 96:-1437
Sample 97:-1437
Sample 98:-1437
Sample 99:-1437
Best Ham: -1437
Sucess Probability: 99
Ham Average: -1419.82
