Sample 0:0
Sample 1:-32
Sample 2:-36
Sample 3:-22
Sample 4:-18
Sample 5:-6
Sample 6:-22
Sample 7:-38
Sample 8:-30
Sample 9:-36
Sample 10:-36
Sample 11:-30
Sample 12:-28
Sample 13:-28
Sample 14:-22
Sample 15:-30
Sample 16:-22
Sample 17:-22
Sample 18:-38
Sample 19:-32
Sample 20:-32
Sample 21:-14
Sample 22:-30
Sample 23:-10
Sample 24:-32
Sample 25:-14
Sample 26:-38
Sample 27:-22
Sample 28:-30
Sample 29:-38
Sample 30:-22
Sample 31:-38
Sample 32:-28
Sample 33:-2
Sample 34:-28
Sample 35:-32
Sample 36:-38
Sample 37:-36
Sample 38:-38
Sample 39:-28
Sample 40:-38
Sample 41:-28
Sample 42:-10
Sample 43:-32
Sample 44:-38
Sample 45:-28
Sample 46:-36
Sample 47:-32
Sample 48:-28
Sample 49:-18
Sample 50:-36
Sample 51:-30
Sample 52:-38
Sample 53:-36
Sample 54:-30
Sample 55:-24
Sample 56:-36
Sample 57:-38
Sample 58:-38
Sample 59:-30
Sample 60:-38
Sample 61:-38
Sample 62:-38
Sample 63:-28
Sample 64:-22
Sample 65:-36
Sample 66:-14
Sample 67:-38
Sample 68:-32
Sample 69:-22
Sample 70:-14
Sample 71:-38
Sample 72:-38
Sample 73:-36
Sample 74:-36
Sample 75:-38
Sample 76:-28
Sample 77:-30
Sample 78:-14
Sample 79:-30
Sample 80:-28
Sample 81:-24
Sample 82:-22
Sample 83:-8
Sample 84:-14
Sample 85:-36
Sample 86:-24
Sample 87:-28
Sample 88:-28
Sample 89:-30
Sample 90:-24
Sample 91:-28
Sample 92:-28
Sample 93:-14
Sample 94:-10
Sample 95:-22
Sample 96:-38
Sample 97:-30
Sample 98:-18
Sample 99:-30
Best Ham: -38
Sucess Probability: 0
Ham Average: -27.94
