Sample 0:-152
Sample 1:-60
Sample 2:-92
Sample 3:-118
Sample 4:-106
Sample 5:-100
Sample 6:-92
Sample 7:-152
Sample 8:10
Sample 9:-92
Sample 10:-138
Sample 11:-94
Sample 12:-86
Sample 13:-118
Sample 14:-100
Sample 15:-62
Sample 16:-138
Sample 17:-152
Sample 18:-118
Sample 19:-62
Sample 20:-88
Sample 21:-138
Sample 22:-118
Sample 23:-62
Sample 24:-118
Sample 25:-138
Sample 26:-138
Sample 27:-118
Sample 28:-138
Sample 29:-92
Sample 30:-92
Sample 31:-138
Sample 32:-152
Sample 33:-106
Sample 34:-60
Sample 35:-94
Sample 36:-138
Sample 37:-118
Sample 38:-92
Sample 39:-118
Sample 40:-118
Sample 41:-152
Sample 42:-92
Sample 43:-118
Sample 44:-60
Sample 45:-94
Sample 46:-138
Sample 47:-92
Sample 48:-138
Sample 49:-118
Sample 50:-138
Sample 51:-62
Sample 52:-152
Sample 53:-138
Sample 54:-92
Sample 55:-62
Sample 56:-62
Sample 57:-126
Sample 58:-138
Sample 59:-92
Sample 60:-138
Sample 61:-138
Sample 62:-92
Sample 63:-26
Sample 64:-62
Sample 65:-152
Sample 66:-94
Sample 67:-152
Sample 68:-152
Sample 69:-138
Sample 70:-152
Sample 71:-152
Sample 72:-152
Sample 73:-94
Sample 74:-118
Sample 75:-152
Sample 76:-60
Sample 77:-152
Sample 78:-118
Sample 79:-152
Sample 80:-106
Sample 81:-92
Sample 82:-152
Sample 83:-94
Sample 84:-92
Sample 85:-100
Sample 86:-2
Sample 87:-138
Sample 88:-62
Sample 89:-92
Sample 90:-138
Sample 91:-62
Sample 92:-92
Sample 93:-94
Sample 94:-94
Sample 95:-60
Sample 96:-138
Sample 97:-60
Sample 98:-138
Sample 99:-60
Best Ham: -152
Sucess Probability: 16
Ham Average: -107.72
