[[1 0 0 ... 0 0 7]
 [1 0 0 ... 0 7 0]
 [1 0 0 ... 7 0 0]
 ...
 [1 0 7 ... 0 0 0]
 [1 7 0 ... 0 0 0]
 [7 1 1 ... 1 1 1]]
0
test

{(1, 11): 3, (1, 9): -6, (1, 6): 1, (1, 3): -13, (2, 9): 3, (2, 7): -1, (2, 6): 14, (2, 5): 9, (2, 3): -11, (3, 11): -14, (3, 7): -12, (3, 4): 13, (4, 10): -4, (4, 8): 12, (5, 9): -10, (5, 8): 6, (5, 6): -1, (6, 12): -6, (6, 10): 5, (6, 8): -8, (7, 12): -5, (7, 9): 9, (8, 11): -7, (9, 11): -14, (9, 10): -11, (10, 12): 1}
test1

{}
   1 11  9  6  3  2  7  5  4 10  8 12 energy num_oc.
0 -1 -1 +1 -1 -1 -1 -1 +1 +1 +1 -1 -1 -121.0      15
1 +1 +1 -1 +1 +1 +1 +1 -1 -1 -1 +1 +1 -121.0       5
2 +1 +1 +1 -1 +1 +1 -1 -1 -1 +1 +1 -1 -117.0      12
3 -1 -1 -1 +1 -1 -1 +1 +1 +1 -1 -1 +1 -117.0      13
4 +1 +1 +1 +1 +1 -1 +1 +1 -1 +1 +1 +1 -117.0       9
5 -1 -1 -1 -1 -1 +1 -1 -1 +1 -1 -1 -1 -117.0       9
['SPIN', 6 rows, 63 samples, 12 variables]
energies=[-121.0, -121.0, -117.0, -117.0, -117.0, -117.0]
