[[1 0 0 ... 0 0 7]
 [1 0 0 ... 0 7 0]
 [1 0 0 ... 7 0 0]
 ...
 [1 1 7 ... 0 0 0]
 [1 7 0 ... 0 0 0]
 [7 1 1 ... 1 1 1]]
0
test

{(1, 32): -12, (1, 31): 8, (1, 30): 5, (1, 27): 1, (1, 25): -6, (1, 23): -9, (1, 22): 5, (1, 21): 5, (1, 19): 10, (1, 16): -10, (1, 15): 1, (1, 14): 14, (1, 13): -5, (1, 10): 1, (1, 6): 13, (1, 2): -1, (2, 35): -9, (2, 33): -6, (2, 31): 14, (2, 28): -2, (2, 27): 2, (2, 26): -9, (2, 20): 11, (2, 17): 11, (2, 12): -3, (2, 10): 1, (2, 8): 2, (2, 6): 2, (2, 4): -14, (3, 34): -4, (3, 33): 9, (3, 31): -5, (3, 24): 6, (3, 23): -8, (3, 21): -2, (3, 20): 7, (3, 18): 6, (3, 17): 6, (3, 16): -10, (3, 15): -13, (3, 14): -8, (3, 12): 2, (3, 11): 6, (3, 8): 1, (4, 35): 5, (4, 32): -3, (4, 31): -12, (4, 25): -3, (4, 22): 14, (4, 21): 10, (4, 17): -8, (4, 13): -12, (4, 12): 12, (4, 11): -3, (4, 10): -4, (4, 9): -6, (4, 8): 12, (5, 35): -5, (5, 34): 3, (5, 28): -14, (5, 26): -7, (5, 24): 11, (5, 21): -5, (5, 18): 10, (5, 14): 8, (5, 13): 4, (5, 10): -3, (5, 9): -13, (5, 8): 8, (5, 7): 4, (5, 6): -13, (6, 34): 2, (6, 31): 12, (6, 30): -12, (6, 29): -7, (6, 25): -3, (6, 23): 1, (6, 21): -1, (6, 17): 10, (6, 12): -5, (6, 9): 1, (7, 29): 9, (7, 24): 6, (7, 23): 6, (7, 20): -13, (7, 19): 9, (7, 16): 4, (7, 13): 4, (7, 12): -14, (7, 9): -1, (8, 33): 4, (8, 32): -5, (8, 29): -3, (8, 25): 5, (8, 24): -5, (8, 20): 11, (8, 15): 7, (8, 14): -9, (8, 12): -11, (9, 35): 6, (9, 34): 6, (9, 33): -8, (9, 32): 3, (9, 31): 13, (9, 27): 7, (9, 14): -4, (10, 32): -3, (10, 29): 8, (10, 27): -3, (10, 24): -10, (10, 23): 8, (10, 22): -12, (10, 20): 14, (10, 18): -2, (10, 17): -9, (10, 16): -13, (10, 15): -14, (10, 11): -1, (11, 33): 11, (11, 30): 6, (11, 29): -12, (11, 28): 9, (11, 22): 4, (11, 19): -10, (11, 18): -14, (11, 16): 12, (11, 13): -8, (12, 34): -3, (12, 33): -13, (12, 31): -8, (12, 28): -9, (12, 20): 6, (12, 16): 2, (12, 15): 10, (13, 32): 6, (13, 31): -14, (13, 29): -14, (13, 28): -12, (13, 27): -4, (13, 26): -14, (14, 34): -9, (14, 30): -1, (14, 26): -14, (14, 25): -7, (14, 23): 7, (14, 22): -2, (14, 21): 8, (14, 20): -1, (14, 17): -9, (14, 16): 7, (15, 34): -13, (15, 31): -8, (15, 28): -1, (15, 24): -2, (15, 18): -5, (16, 33): -10, (16, 32): -5, (16, 29): 1, (16, 25): 13, (16, 24): 4, (16, 23): -1, (16, 20): -7, (16, 18): 1, (17, 34): 1, (17, 33): -8, (17, 32): 3, (17, 31): -3, (17, 30): 9, (17, 29): 10, (17, 28): -10, (17, 27): -11, (17, 26): -7, (17, 23): -9, (17, 22): -3, (17, 21): 3, (17, 20): 4, (18, 35): -12, (18, 34): 7, (18, 27): 9, (18, 22): -2, (18, 21): -1, (18, 20): 4, (18, 19): -3, (19, 35): 4, (19, 33): -11, (19, 32): 9, (19, 31): 6, (19, 30): -1, (19, 28): 14, (19, 24): -13, (19, 23): -11, (19, 20): 14, (20, 31): 2, (20, 30): -14, (20, 25): -9, (20, 24): -7, (21, 31): -3, (21, 25): 10, (21, 24): -12, (21, 23): -4, (22, 33): -3, (22, 30): -2, (22, 29): 11, (23, 35): 14, (23, 34): 3, (23, 33): -9, (23, 30): -7, (23, 29): -9, (23, 28): -3, (23, 24): 11, (24, 35): -1, (24, 34): 7, (24, 32): 12, (24, 31): -7, (24, 28): -11, (24, 27): -10, (25, 34): 11, (25, 32): 14, (25, 29): 9, (25, 28): 5, (25, 27): 12, (26, 35): 3, (26, 31): -2, (26, 29): 1, (27, 35): 6, (27, 33): -2, (27, 30): 6, (27, 28): -7, (28, 33): -13, (28, 30): 9, (29, 35): 12, (29, 34): -7, (29, 32): -13, (29, 30): -7, (30, 34): 10, (32, 35): 8, (33, 35): -3, (34, 35): 6}
test1

{}
   1 32 31 30 27 25 23 22 21 19 16 15 14 13 10  6  2 35 ... 29 energy num_oc.
0 +1 +1 +1 -1 +1 -1 +1 -1 -1 -1 +1 +1 -1 +1 +1 -1 +1 -1 ... +1 -709.0      11
1 -1 -1 -1 +1 -1 +1 -1 +1 +1 +1 -1 -1 +1 -1 -1 +1 -1 +1 ... -1 -709.0       2
2 -1 -1 -1 +1 -1 +1 -1 +1 +1 +1 -1 -1 +1 -1 -1 +1 -1 +1 ... -1 -709.0       4
3 +1 +1 +1 -1 +1 -1 +1 -1 -1 -1 +1 +1 -1 +1 +1 -1 +1 -1 ... +1 -709.0       6
4 +1 +1 +1 -1 +1 -1 +1 -1 +1 -1 +1 +1 -1 +1 +1 -1 +1 -1 ... +1 -709.0       3
5 +1 +1 +1 -1 +1 -1 +1 -1 +1 -1 +1 +1 -1 +1 +1 -1 +1 -1 ... +1 -709.0       2
6 -1 -1 -1 +1 -1 +1 -1 +1 -1 +1 -1 -1 +1 -1 -1 +1 -1 +1 ... -1 -709.0       2
7 -1 -1 -1 +1 -1 +1 -1 +1 -1 +1 -1 -1 +1 -1 -1 +1 -1 +1 ... -1 -709.0      13
8 +1 +1 +1 -1 +1 -1 +1 +1 +1 +1 +1 +1 +1 +1 +1 -1 -1 -1 ... +1 -701.0       1
9 -1 -1 -1 +1 -1 +1 -1 +1 +1 +1 -1 -1 -1 -1 -1 +1 -1 +1 ... -1 -687.0       9
['SPIN', 10 rows, 53 samples, 35 variables]
energies=[-709.0, -709.0, -709.0, -709.0, -709.0, -709.0, -709.0, -709.0, -701.0, -687.0]
