[[ 1  0  0 ...  0  0  7]
 [ 1  0  0 ...  0  7  0]
 [ 1  0  0 ...  7  0  0]
 ...
 [ 1  0  7 ...  0  0  0]
 [ 1  7 -1 ...  0  0  0]
 [ 7  1  1 ...  1  1  1]]
-1
test

{(1, 8): -7, (1, 7): -13, (1, 6): 5, (1, 5): 10, (1, 4): -12, (1, 3): 2, (1, 2): 1, (2, 8): 14, (2, 7): -13, (2, 6): 6, (2, 5): 3, (2, 4): 14, (2, 3): -14, (3, 8): -11, (3, 7): 5, (3, 6): 5, (3, 5): -14, (3, 4): 11, (4, 8): 12, (4, 7): -5, (4, 6): 11, (4, 5): -6, (5, 8): 4, (5, 7): -3, (5, 6): 10, (6, 8): -7, (6, 7): 11, (7, 8): -9}
test1

{}
   1  8  7  6  5  4  3  2 energy num_oc.
0 +1 -1 +1 -1 -1 +1 -1 +1  -92.0      16
1 -1 +1 -1 +1 +1 -1 +1 -1  -92.0      20
2 +1 -1 +1 -1 +1 +1 +1 +1  -92.0       7
3 -1 +1 -1 +1 -1 -1 -1 -1  -92.0       7
4 +1 +1 +1 +1 -1 +1 -1 -1  -88.0       2
['SPIN', 5 rows, 52 samples, 8 variables]
energies=[-92.0, -92.0, -92.0, -92.0, -88.0]
