Sample 0:-1437
Sample 1:-1377
Sample 2:-1377
Sample 3:-1399
Sample 4:-1399
Sample 5:-1377
Sample 6:-1399
Sample 7:-1399
Sample 8:-1377
Sample 9:-1377
Sample 10:-1377
Sample 11:-1399
Sample 12:-1377
Sample 13:-1399
Sample 14:-1377
Sample 15:-1377
Sample 16:-1377
Sample 17:-1377
Sample 18:-1377
Sample 19:-1399
Sample 20:-1179
Sample 21:-1041
Sample 22:-1093
Sample 23:-1127
Sample 24:-1169
Sample 25:-1203
Sample 26:-1203
Sample 27:-1041
Sample 28:-1169
Sample 29:-1093
Sample 30:-1203
Sample 31:-1117
Sample 32:-1093
Sample 33:-1203
Sample 34:-1169
Sample 35:-1127
Sample 36:-1169
Sample 37:-1203
Sample 38:1
Sample 39:-1169
Sample 40:-1127
Sample 41:-1169
Sample 42:-1127
Sample 43:-1169
Sample 44:-1169
Sample 45:-1169
Sample 46:-1203
Sample 47:-1093
Sample 48:-1041
Sample 49:-1169
Sample 50:-1203
Sample 51:-1203
Sample 52:-1169
Sample 53:-1127
Sample 54:-1117
Sample 55:-1123
Sample 56:-1203
Sample 57:-1169
Sample 58:-1169
Sample 59:-1093
Sample 60:-1203
Sample 61:-1169
Sample 62:-1203
Sample 63:-1203
Sample 64:-1093
Sample 65:-1203
Sample 66:-1203
Sample 67:-1169
Sample 68:-1169
Sample 69:-1093
Sample 70:-1169
Sample 71:-1093
Sample 72:-1127
Sample 73:-1117
Sample 74:-1203
Sample 75:-1169
Sample 76:-1169
Sample 77:-1169
Sample 78:-1169
Sample 79:-1117
Sample 80:-1169
Sample 81:-1169
Sample 82:-1127
Sample 83:-1203
Sample 84:-1203
Sample 85:-1169
Sample 86:-1169
Sample 87:-1203
Sample 88:-1203
Sample 89:-1203
Sample 90:-1169
Sample 91:-1203
Sample 92:-1117
Sample 93:-1127
Sample 94:-1203
Sample 95:-1203
Sample 96:-1203
Sample 97:-1203
Sample 98:-1169
Sample 99:-1169
Best Ham: -1437
Sucess Probability: 99
Ham Average: -1193.3
