Sample 0:-87
Sample 1:-85
Sample 2:-83
Sample 3:-5
Sample 4:-89
Sample 5:-81
Sample 6:-99
Sample 7:-87
Sample 8:-87
Sample 9:-83
Sample 10:-43
Sample 11:-61
Sample 12:-109
Sample 13:-89
Sample 14:-85
Sample 15:-69
Sample 16:-83
Sample 17:-89
Sample 18:-89
Sample 19:-83
Sample 20:-87
Sample 21:-47
Sample 22:-85
Sample 23:-65
Sample 24:-41
Sample 25:-89
Sample 26:-89
Sample 27:-85
Sample 28:-79
Sample 29:-79
Sample 30:-39
Sample 31:-89
Sample 32:-65
Sample 33:-85
Sample 34:-89
Sample 35:-83
Sample 36:-43
Sample 37:-89
Sample 38:-41
Sample 39:-89
Sample 40:-83
Sample 41:-109
Sample 42:-87
Sample 43:-99
Sample 44:-87
Sample 45:-83
Sample 46:-87
Sample 47:-89
Sample 48:-69
Sample 49:-89
Sample 50:-83
Sample 51:-79
Sample 52:-89
Sample 53:-47
Sample 54:-89
Sample 55:-83
Sample 56:-109
Sample 57:-79
Sample 58:-43
Sample 59:-89
Sample 60:-79
Sample 61:-89
Sample 62:-89
Sample 63:-65
Sample 64:-81
Sample 65:-79
Sample 66:-99
Sample 67:-55
Sample 68:-109
Sample 69:-87
Sample 70:-81
Sample 71:-85
Sample 72:-85
Sample 73:-85
Sample 74:-79
Sample 75:-59
Sample 76:-5
Sample 77:-83
Sample 78:-89
Sample 79:-59
Sample 80:-99
Sample 81:-83
Sample 82:-69
Sample 83:-83
Sample 84:-89
Sample 85:-47
Sample 86:-79
Sample 87:-65
Sample 88:-85
Sample 89:-109
Sample 90:5
Sample 91:-89
Sample 92:-51
Sample 93:-87
Sample 94:-59
Sample 95:-83
Sample 96:-89
Sample 97:-89
Sample 98:-43
Sample 99:-89
Best Ham: -109
Sucess Probability: 0
Ham Average: -77.4
