[[1 0 0 ... 0 0 7]
 [1 0 0 ... 0 7 0]
 [1 0 0 ... 7 0 0]
 ...
 [1 0 7 ... 0 0 0]
 [1 7 0 ... 0 0 0]
 [7 1 1 ... 1 1 1]]
0
test

{(1, 30): 9, (1, 25): -13, (1, 21): 3, (1, 19): 4, (1, 15): 5, (1, 10): -12, (1, 7): 12, (2, 27): 13, (2, 26): -11, (2, 22): -1, (2, 19): -8, (2, 15): 7, (2, 13): -1, (2, 11): 7, (2, 7): 10, (2, 3): -2, (3, 30): 2, (3, 28): 3, (3, 26): 2, (3, 25): -8, (3, 23): 9, (3, 15): 9, (3, 14): 12, (3, 13): 12, (3, 9): 8, (3, 8): 12, (4, 28): -12, (4, 27): 4, (4, 26): -12, (4, 25): -7, (4, 20): -11, (4, 10): 1, (4, 9): 9, (4, 8): -4, (5, 29): -14, (5, 23): -4, (5, 22): -11, (5, 18): -8, (5, 17): 14, (5, 13): -5, (5, 11): -10, (6, 29): 12, (6, 21): 5, (6, 14): 3, (7, 30): 10, (7, 28): -13, (7, 26): -11, (7, 15): 8, (7, 14): 5, (7, 13): 13, (7, 11): -4, (7, 10): -4, (8, 30): -10, (8, 29): 14, (8, 27): -5, (8, 22): -7, (8, 21): 9, (8, 19): 14, (8, 16): -8, (8, 11): 2, (9, 29): -6, (9, 28): 5, (9, 26): -14, (9, 23): -4, (9, 18): -7, (9, 17): 1, (9, 12): 11, (9, 11): -8, (10, 29): 3, (10, 28): 9, (10, 25): 4, (10, 18): 9, (10, 11): 9, (11, 30): 9, (11, 26): -14, (11, 24): -5, (11, 20): -2, (11, 14): 12, (12, 27): -3, (12, 24): 8, (12, 22): -4, (12, 16): -13, (12, 14): -10, (13, 30): -10, (13, 29): 9, (13, 28): -12, (13, 25): -1, (13, 22): 11, (13, 21): -9, (13, 17): 6, (13, 15): -6, (14, 29): -12, (14, 23): 2, (14, 20): 6, (14, 15): 6, (15, 29): -13, (15, 18): 11, (16, 28): 10, (16, 26): -12, (16, 23): -10, (16, 22): 10, (16, 18): -10, (16, 17): -13, (17, 24): 7, (17, 23): 13, (18, 29): -1, (18, 26): -14, (18, 19): 12, (19, 30): 1, (19, 21): 8, (20, 30): -4, (20, 27): 2, (20, 26): 3, (20, 23): -8, (20, 22): 11, (21, 28): 10, (21, 25): -6, (22, 30): -11, (22, 27): 14, (22, 26): -5, (22, 25): 1, (22, 24): 13, (22, 23): -6, (23, 28): -10, (24, 27): 1, (24, 26): -1, (25, 27): -12, (26, 30): 1, (26, 28): -6, (27, 30): 8, (29, 30): 2}
test1

{}
   1 30 25 21 19 15 10  7  2 27 26 22 13 11  3 28 23 14 ... 24 energy num_oc.
0 +1 -1 +1 +1 +1 +1 +1 -1 -1 +1 -1 -1 -1 -1 +1 -1 -1 +1 ... -1 -488.0      18
1 -1 +1 -1 -1 -1 -1 -1 +1 +1 -1 +1 +1 +1 +1 -1 +1 +1 -1 ... +1 -488.0      14
2 +1 -1 +1 +1 +1 -1 +1 -1 +1 +1 -1 -1 -1 -1 +1 -1 -1 +1 ... -1 -478.0       5
3 -1 +1 -1 -1 -1 +1 -1 +1 -1 -1 +1 +1 +1 +1 -1 +1 +1 -1 ... +1 -478.0       4
4 +1 +1 -1 -1 +1 -1 +1 -1 +1 -1 -1 +1 -1 -1 +1 -1 -1 +1 ... -1 -476.0       1
5 -1 +1 -1 +1 +1 +1 +1 -1 +1 -1 -1 +1 -1 -1 +1 -1 -1 +1 ... -1 -476.0       9
6 -1 -1 +1 +1 -1 +1 -1 +1 -1 +1 +1 -1 +1 +1 -1 +1 +1 -1 ... +1 -476.0       1
7 +1 -1 +1 -1 -1 -1 -1 +1 -1 +1 +1 -1 +1 +1 -1 +1 +1 -1 ... +1 -476.0      13
['SPIN', 8 rows, 65 samples, 30 variables]
energies=[-488.0, -488.0, -478.0, -478.0, -476.0, -476.0, -476.0, -476.0]
