[[ 1  0  0 ...  0  0  7]
 [ 1  0  0 ...  0  7  0]
 [ 1  0  0 ...  7  0  0]
 ...
 [ 1 -6  7 ...  0  0  0]
 [ 1  7 -7 ...  0  0  0]
 [ 7  1  1 ...  1  1  1]]
-7
test

{(1, 15): -5, (1, 14): -3, (1, 13): 1, (1, 12): 5, (1, 11): 10, (1, 10): 5, (1, 9): 10, (1, 8): 1, (1, 7): -11, (1, 6): -4, (1, 5): 13, (1, 4): 4, (1, 3): -10, (1, 2): 13, (2, 15): 3, (2, 14): 10, (2, 13): -2, (2, 12): 2, (2, 11): -1, (2, 10): 13, (2, 9): 14, (2, 8): 2, (2, 7): 11, (2, 6): -8, (2, 5): 8, (2, 4): -14, (2, 3): -1, (3, 15): 8, (3, 14): -3, (3, 13): -11, (3, 12): -14, (3, 11): -6, (3, 10): -10, (3, 9): 7, (3, 8): 4, (3, 7): 8, (3, 6): 2, (3, 5): 10, (3, 4): 11, (4, 15): -10, (4, 14): -14, (4, 13): 14, (4, 12): -4, (4, 11): -12, (4, 10): 7, (4, 9): -1, (4, 8): -4, (4, 7): 11, (4, 6): 6, (4, 5): -14, (5, 15): 4, (5, 14): 8, (5, 13): 11, (5, 12): 13, (5, 11): 14, (5, 10): 8, (5, 9): 4, (5, 8): -14, (5, 7): 8, (5, 6): -11, (6, 15): 12, (6, 14): -14, (6, 13): 12, (6, 12): 13, (6, 11): 10, (6, 10): 12, (6, 9): -11, (6, 8): 1, (6, 7): 4, (7, 15): -7, (7, 14): 10, (7, 13): -4, (7, 12): -11, (7, 11): 1, (7, 10): -8, (7, 9): -13, (7, 8): 9, (8, 15): 11, (8, 14): 2, (8, 13): -9, (8, 12): -10, (8, 11): -5, (8, 10): -9, (8, 9): 12, (9, 15): 14, (9, 14): -13, (9, 13): 6, (9, 12): 1, (9, 11): 13, (9, 10): 7, (10, 15): -2, (10, 14): -13, (10, 13): -2, (10, 12): 11, (10, 11): 10, (11, 15): -2, (11, 14): 2, (11, 13): -11, (11, 12): 3, (12, 15): 3, (12, 14): 13, (12, 13): 10, (13, 15): 3, (13, 14): 8, (14, 15): -14}
test1

{}
   1 15 14 13 12 11 10  9  8  7  6  5  4  3  2 energy num_oc.
0 +1 +1 -1 +1 +1 +1 +1 -1 +1 +1 -1 -1 -1 +1 -1 -339.0      17
1 -1 +1 +1 -1 -1 -1 -1 +1 -1 -1 +1 +1 +1 -1 +1 -339.0       5
2 -1 -1 +1 -1 -1 -1 -1 +1 -1 -1 +1 +1 +1 -1 +1 -339.0      10
3 +1 -1 -1 +1 +1 +1 +1 -1 +1 +1 -1 -1 -1 +1 -1 -339.0      19
4 -1 -1 -1 -1 +1 +1 -1 -1 +1 -1 +1 +1 +1 -1 +1 -285.0       1
5 +1 +1 +1 +1 -1 -1 +1 +1 -1 +1 -1 -1 -1 +1 -1 -285.0       1
['SPIN', 6 rows, 53 samples, 15 variables]
energies=[-339.0, -339.0, -339.0, -339.0, -285.0, -285.0]
