Sample 0:-54
Sample 1:-48
Sample 2:-54
Sample 3:-48
Sample 4:4
Sample 5:-54
Sample 6:-54
Sample 7:-48
Sample 8:-54
Sample 9:4
Sample 10:-54
Sample 11:-54
Sample 12:-12
Sample 13:-54
Sample 14:-54
Sample 15:-48
Sample 16:-48
Sample 17:-54
Sample 18:-54
Sample 19:-48
Sample 20:-22
Sample 21:-54
Sample 22:-22
Sample 23:-54
Sample 24:-48
Sample 25:-54
Sample 26:-54
Sample 27:-48
Sample 28:-18
Sample 29:-48
Sample 30:-48
Sample 31:-48
Sample 32:-48
Sample 33:-54
Sample 34:-48
Sample 35:-48
Sample 36:-48
Sample 37:-48
Sample 38:-54
Sample 39:-54
Sample 40:-54
Sample 41:-54
Sample 42:-48
Sample 43:-48
Sample 44:-48
Sample 45:-18
Sample 46:-18
Sample 47:-18
Sample 48:-54
Sample 49:-54
Sample 50:-48
Sample 51:-54
Sample 52:-12
Sample 53:-48
Sample 54:-54
Sample 55:-54
Sample 56:4
Sample 57:-12
Sample 58:-48
Sample 59:-18
Sample 60:-48
Sample 61:-48
Sample 62:-54
Sample 63:-48
Sample 64:-54
Sample 65:-48
Sample 66:-48
Sample 67:-54
Sample 68:18
Sample 69:-18
Sample 70:-48
Sample 71:-54
Sample 72:-54
Sample 73:-48
Sample 74:-54
Sample 75:-48
Sample 76:-54
Sample 77:-48
Sample 78:-48
Sample 79:-54
Sample 80:-54
Sample 81:-54
Sample 82:4
Sample 83:-54
Sample 84:-54
Sample 85:-48
Sample 86:-48
Sample 87:-54
Sample 88:-54
Sample 89:-54
Sample 90:-12
Sample 91:-18
Sample 92:-48
Sample 93:-48
Sample 94:-54
Sample 95:-54
Sample 96:-54
Sample 97:-18
Sample 98:-48
Sample 99:-48
Best Ham: -54
Sucess Probability: 0
Ham Average: -43.48
