[[ 1  0  0 ...  0  0  7]
 [ 1  0  0 ...  0  7  0]
 [ 1  0  0 ...  7  0  0]
 ...
 [ 1 -1  7 ...  0  0  0]
 [ 1  7 -2 ...  0  0  0]
 [ 7  1  1 ...  1  1  1]]
-2
test

{(1, 40): -14, (1, 36): 8, (1, 34): -4, (1, 30): 7, (1, 28): 9, (1, 27): 12, (1, 26): 10, (1, 24): 6, (1, 23): -1, (1, 22): 13, (1, 21): 13, (1, 20): -4, (1, 18): 14, (1, 16): 13, (1, 9): -7, (1, 3): -1, (1, 2): 3, (2, 39): -3, (2, 36): 7, (2, 34): -10, (2, 32): 14, (2, 31): 13, (2, 28): -1, (2, 27): -5, (2, 26): 3, (2, 25): -8, (2, 24): -14, (2, 19): 12, (2, 17): -5, (2, 16): 3, (2, 15): -1, (2, 14): -11, (2, 13): 13, (2, 12): -14, (2, 11): -1, (2, 10): 14, (2, 7): -6, (2, 6): -1, (2, 4): 6, (3, 37): 10, (3, 36): 3, (3, 35): -12, (3, 33): 9, (3, 32): -5, (3, 29): 9, (3, 26): 3, (3, 25): -10, (3, 24): -7, (3, 21): -7, (3, 18): 2, (3, 17): 3, (3, 13): -2, (3, 10): -2, (3, 9): -11, (3, 8): 8, (3, 7): 2, (3, 6): -7, (3, 5): 14, (3, 4): -12, (4, 40): 6, (4, 38): 6, (4, 35): -6, (4, 34): 13, (4, 33): 1, (4, 32): -14, (4, 29): 7, (4, 27): 8, (4, 25): -4, (4, 24): 6, (4, 21): 14, (4, 19): -6, (4, 16): -5, (4, 14): 7, (4, 13): 10, (4, 10): -5, (4, 9): 4, (4, 7): 8, (5, 39): 9, (5, 37): 1, (5, 33): -6, (5, 30): 5, (5, 29): 1, (5, 27): -4, (5, 24): -11, (5, 21): -1, (5, 20): -12, (5, 18): -12, (5, 17): 2, (5, 15): 3, (5, 14): 11, (5, 9): -4, (5, 8): -12, (5, 7): -10, (6, 39): -5, (6, 36): -13, (6, 35): 12, (6, 34): -3, (6, 33): 7, (6, 31): -6, (6, 30): -9, (6, 26): -9, (6, 24): 7, (6, 23): 5, (6, 14): -7, (6, 13): 10, (6, 9): -14, (6, 8): 7, (6, 7): -13, (7, 40): 8, (7, 36): -14, (7, 35): -4, (7, 33): -13, (7, 29): -14, (7, 27): 13, (7, 26): 10, (7, 23): 9, (7, 16): -7, (7, 14): -12, (7, 13): -9, (7, 11): 8, (8, 37): 4, (8, 35): 2, (8, 34): 4, (8, 32): -2, (8, 28): 11, (8, 26): 3, (8, 24): 8, (8, 23): 4, (8, 22): -6, (8, 21): 7, (8, 18): 1, (8, 14): 1, (8, 13): 8, (8, 11): 13, (8, 10): 5, (8, 9): 14, (9, 40): 3, (9, 39): 6, (9, 37): -8, (9, 35): -13, (9, 34): -5, (9, 32): -11, (9, 31): 3, (9, 30): 12, (9, 29): 6, (9, 28): -7, (9, 27): 6, (9, 26): -13, (9, 23): -1, (9, 22): 11, (9, 21): 12, (9, 20): -14, (9, 17): -13, (9, 16): 8, (9, 13): -8, (9, 11): -7, (9, 10): 1, (10, 38): 2, (10, 30): -11, (10, 29): 5, (10, 27): -3, (10, 25): 12, (10, 24): 3, (10, 20): -3, (10, 18): -9, (10, 16): 9, (10, 15): 8, (10, 13): 4, (10, 12): -2, (10, 11): 3, (11, 36): 5, (11, 35): -12, (11, 32): -4, (11, 30): -9, (11, 29): 2, (11, 23): -11, (11, 22): -8, (11, 21): -12, (11, 16): 12, (11, 15): -10, (11, 13): 11, (12, 40): -14, (12, 38): 14, (12, 37): 7, (12, 36): 10, (12, 35): 8, (12, 34): -5, (12, 31): -11, (12, 28): 13, (12, 24): -8, (12, 23): -8, (12, 21): 12, (12, 18): -7, (12, 17): -12, (12, 16): -1, (12, 15): -7, (13, 40): 12, (13, 37): -13, (13, 35): 3, (13, 33): -13, (13, 31): 14, (13, 30): -6, (13, 27): 6, (13, 25): 5, (13, 24): -12, (13, 21): -10, (13, 17): -13, (13, 15): -1, (14, 40): 8, (14, 39): 10, (14, 38): 5, (14, 35): -7, (14, 33): 8, (14, 32): -3, (14, 29): 13, (14, 28): -14, (14, 26): 9, (14, 25): 2, (14, 23): 1, (14, 19): 13, (14, 16): -1, (14, 15): 4, (15, 39): -1, (15, 38): 8, (15, 37): 6, (15, 31): -7, (15, 30): 9, (15, 29): 14, (15, 28): 2, (15, 26): 4, (15, 25): -5, (15, 24): -13, (15, 23): 10, (15, 18): 6, (16, 40): -1, (16, 39): 10, (16, 38): 8, (16, 36): -11, (16, 35): 11, (16, 32): -3, (16, 28): 14, (16, 22): -6, (16, 21): -3, (16, 19): 2, (17, 39): -2, (17, 38): -12, (17, 37): -14, (17, 35): 14, (17, 33): -1, (17, 32): 7, (17, 28): 12, (17, 26): -3, (17, 24): -6, (17, 21): 13, (17, 20): -7, (17, 18): -1, (18, 39): 12, (18, 38): -8, (18, 37): -8, (18, 36): -7, (18, 35): 12, (18, 32): 13, (18, 31): 8, (18, 29): -3, (18, 25): 11, (18, 22): 5, (18, 20): 5, (18, 19): 12, (19, 39): 1, (19, 38): 8, (19, 36): -1, (19, 29): -14, (19, 28): -8, (19, 27): 14, (19, 26): -5, (19, 23): 5, (19, 22): 9, (19, 21): -11, (19, 20): 5, (20, 37): -1, (20, 35): -7, (20, 33): 11, (20, 32): -3, (20, 30): -4, (20, 28): 2, (20, 25): 4, (21, 40): -6, (21, 39): -4, (21, 38): 3, (21, 36): -6, (21, 35): 12, (21, 34): -7, (21, 27): 6, (21, 24): 2, (22, 40): 11, (22, 39): -3, (22, 37): -5, (22, 36): -3, (22, 31): 9, (22, 28): 10, (22, 26): -12, (22, 25): -13, (22, 23): -13, (23, 40): 11, (23, 38): -4, (23, 37): -1, (23, 34): -11, (23, 33): 3, (23, 32): -4, (23, 30): 10, (23, 29): 2, (23, 27): -10, (23, 26): -2, (24, 39): 10, (24, 37): 8, (24, 34): 4, (24, 33): -1, (24, 30): -14, (24, 29): 13, (24, 28): 1, (24, 27): 7, (24, 26): -11, (25, 40): -12, (25, 38): 3, (25, 37): 3, (25, 29): -7, (25, 28): 10, (25, 26): 10, (26, 40): -2, (26, 38): -12, (26, 37): -2, (26, 31): -9, (26, 30): -11, (27, 40): 8, (27, 39): -1, (27, 38): -5, (27, 37): 13, (27, 35): 12, (27, 34): 13, (27, 32): 14, (27, 30): -5, (27, 29): -5, (28, 38): 10, (28, 37): 2, (28, 36): -14, (28, 35): -5, (28, 32): 8, (28, 29): -12, (29, 39): -7, (29, 38): 11, (29, 36): -2, (29, 35): -11, (29, 33): -14, (29, 32): 3, (30, 39): -1, (30, 38): 1, (30, 37): -13, (30, 36): 8, (30, 33): -8, (30, 31): 5, (31, 40): 5, (31, 39): 9, (31, 38): -5, (31, 37): 7, (31, 36): 14, (31, 35): 10, (31, 34): 6, (31, 33): 3, (32, 39): 7, (32, 35): -8, (33, 40): 14, (33, 39): -5, (33, 38): -7, (33, 37): -14, (33, 36): -13, (33, 35): 3, (34, 40): 4, (34, 38): -12, (34, 37): -7, (34, 36): 13, (34, 35): 1, (35, 39): -14, (35, 37): -14, (36, 40): 7, (36, 39): -9, (36, 38): 2, (37, 39): 12, (38, 40): 9, (38, 39): -2, (39, 40): 11}
test1

{}
   1 40 36 34 30 28 27 26 24 23 22 21 20 18 16  9  3  2 ... 38  energy num_oc.
0 -1 -1 +1 +1 +1 +1 +1 +1 +1 +1 +1 +1 +1 +1 -1 +1 -1 +1 ... +1 -1084.0      28
1 +1 +1 -1 -1 -1 -1 -1 -1 -1 -1 -1 -1 -1 -1 +1 -1 +1 -1 ... -1 -1084.0      21
2 -1 -1 +1 -1 +1 -1 +1 +1 -1 -1 +1 +1 -1 +1 +1 -1 -1 -1 ... +1 -1082.0       2
3 +1 +1 -1 +1 -1 +1 -1 -1 +1 +1 -1 -1 +1 -1 -1 +1 +1 +1 ... -1 -1082.0       2
4 -1 -1 -1 +1 +1 -1 +1 +1 +1 +1 +1 -1 -1 +1 +1 -1 -1 +1 ... +1 -1062.0       1
['SPIN', 5 rows, 54 samples, 40 variables]
energies=[-1084.0, -1084.0, -1082.0, -1082.0, -1062.0]
