[[ 1  0  0 ...  0  0  7]
 [ 1  0  0 ...  0  7  0]
 [ 1  0  0 ...  7  0  0]
 ...
 [ 1 -6  7 ...  0  0  0]
 [ 1  7 -6 ...  0  0  0]
 [ 7  1  1 ...  1  1  1]]
-6
test

{(1, 9): -13, (1, 8): -5, (1, 5): 6, (1, 2): 12, (2, 9): 6, (2, 5): 12, (2, 4): -4, (3, 7): -5, (4, 8): -5, (4, 5): -7, (5, 6): -9, (6, 7): -1, (7, 9): -5, (7, 8): 4}
test1

{}
   1  9  8  5  2  4  3  7  6 energy num_oc.
0 +1 +1 +1 +1 -1 +1 +1 +1 +1  -66.0      20
1 -1 -1 -1 -1 +1 -1 -1 -1 -1  -66.0      21
2 -1 -1 -1 -1 +1 -1 +1 +1 -1  -62.0       8
3 +1 +1 +1 +1 -1 +1 -1 -1 +1  -62.0       4
4 -1 -1 +1 +1 +1 +1 -1 -1 +1  -58.0       1
['SPIN', 5 rows, 54 samples, 9 variables]
energies=[-66.0, -66.0, -62.0, -62.0, -58.0]
