Sample 0:-28
Sample 1:-52
Sample 2:-58
Sample 3:-52
Sample 4:-28
Sample 5:-58
Sample 6:-52
Sample 7:-52
Sample 8:-58
Sample 9:-52
Sample 10:-58
Sample 11:-52
Sample 12:-58
Sample 13:-58
Sample 14:-58
Sample 15:-28
Sample 16:-52
Sample 17:-52
Sample 18:-22
Sample 19:-52
Sample 20:-58
Sample 21:-58
Sample 22:-28
Sample 23:-58
Sample 24:-58
Sample 25:-28
Sample 26:-58
Sample 27:-28
Sample 28:-58
Sample 29:-58
Sample 30:-52
Sample 31:-58
Sample 32:-52
Sample 33:-58
Sample 34:-58
Sample 35:-52
Sample 36:-58
Sample 37:-52
Sample 38:-58
Sample 39:-52
Sample 40:-52
Sample 41:-52
Sample 42:-58
Sample 43:-58
Sample 44:-58
Sample 45:-58
Sample 46:-28
Sample 47:-28
Sample 48:-52
Sample 49:26
Sample 50:-52
Sample 51:-58
Sample 52:-28
Sample 53:-58
Sample 54:-52
Sample 55:-52
Sample 56:-58
Sample 57:-52
Sample 58:-58
Sample 59:-58
Sample 60:-52
Sample 61:-28
Sample 62:-28
Sample 63:-58
Sample 64:-52
Sample 65:-58
Sample 66:-58
Sample 67:-52
Sample 68:-52
Sample 69:-52
Sample 70:-52
Sample 71:-58
Sample 72:-52
Sample 73:-52
Sample 74:-52
Sample 75:-58
Sample 76:-52
Sample 77:-58
Sample 78:-52
Sample 79:-52
Sample 80:-52
Sample 81:-58
Sample 82:-52
Sample 83:-28
Sample 84:-58
Sample 85:-58
Sample 86:26
Sample 87:-58
Sample 88:-52
Sample 89:-58
Sample 90:-52
Sample 91:-28
Sample 92:-52
Sample 93:-58
Sample 94:-58
Sample 95:-58
Sample 96:-28
Sample 97:-58
Sample 98:-52
Sample 99:-58
Best Ham: -58
Sucess Probability: 0
Ham Average: -49.42
