Sample 0:-40
Sample 1:-36
Sample 2:-40
Sample 3:-40
Sample 4:-40
Sample 5:-40
Sample 6:-40
Sample 7:-40
Sample 8:-40
Sample 9:-40
Sample 10:-36
Sample 11:-40
Sample 12:-36
Sample 13:2
Sample 14:-40
Sample 15:-40
Sample 16:-40
Sample 17:-40
Sample 18:-40
Sample 19:-42
Sample 20:-40
Sample 21:-40
Sample 22:-40
Sample 23:-40
Sample 24:-40
Sample 25:-40
Sample 26:-40
Sample 27:-36
Sample 28:-40
Sample 29:-40
Sample 30:-40
Sample 31:-36
Sample 32:-40
Sample 33:-36
Sample 34:-40
Sample 35:-40
Sample 36:-40
Sample 37:-40
Sample 38:-40
Sample 39:-36
Sample 40:-40
Sample 41:-40
Sample 42:-36
Sample 43:-40
Sample 44:-40
Sample 45:-42
Sample 46:-36
Sample 47:-40
Sample 48:-40
Sample 49:-40
Sample 50:-40
Sample 51:-40
Sample 52:-40
Sample 53:-40
Sample 54:-40
Sample 55:-40
Sample 56:-40
Sample 57:-40
Sample 58:-36
Sample 59:-40
Sample 60:-40
Sample 61:-36
Sample 62:-36
Sample 63:-40
Sample 64:-40
Sample 65:-40
Sample 66:-40
Sample 67:-36
Sample 68:-36
Sample 69:-40
Sample 70:-40
Sample 71:-40
Sample 72:-40
Sample 73:-40
Sample 74:-36
Sample 75:-42
Sample 76:-36
Sample 77:-36
Sample 78:-40
Sample 79:-36
Sample 80:-40
Sample 81:-42
Sample 82:-40
Sample 83:-40
Sample 84:-40
Sample 85:-40
Sample 86:-40
Sample 87:-40
Sample 88:-40
Sample 89:-40
Sample 90:-40
Sample 91:-40
Sample 92:-40
Sample 93:-40
Sample 94:-36
Sample 95:-36
Sample 96:-36
Sample 97:-40
Sample 98:-40
Sample 99:-40
Best Ham: -42
Sucess Probability: 0
Ham Average: -38.82
