Sample 0:-966
Sample 1:-796
Sample 2:-1284
Sample 3:-774
Sample 4:-678
Sample 5:-810
Sample 6:-770
Sample 7:-1094
Sample 8:-1036
Sample 9:-870
Sample 10:-554
Sample 11:-804
Sample 12:-874
Sample 13:-950
Sample 14:-1012
Sample 15:-1212
Sample 16:-720
Sample 17:-1088
Sample 18:-962
Sample 19:-1078
Sample 20:-1072
Sample 21:-714
Sample 22:-862
Sample 23:-530
Sample 24:-1012
Sample 25:-936
Sample 26:-1058
Sample 27:-1132
Sample 28:-808
Sample 29:-924
Sample 30:-1016
Sample 31:-654
Sample 32:-898
Sample 33:-862
Sample 34:-222
Sample 35:-1024
Sample 36:-620
Sample 37:-876
Sample 38:-856
Sample 39:-1136
Sample 40:-1212
Sample 41:-960
Sample 42:-854
Sample 43:-1062
Sample 44:-862
Sample 45:-830
Sample 46:-1044
Sample 47:-1254
Sample 48:114
Sample 49:-864
Sample 50:-886
Sample 51:-844
Sample 52:-614
Sample 53:-666
Sample 54:-840
Sample 55:-780
Sample 56:-1038
Sample 57:-908
Sample 58:-858
Sample 59:-978
Sample 60:-890
Sample 61:-608
Sample 62:-1042
Sample 63:-196
Sample 64:-1250
Sample 65:-1250
Sample 66:-1250
Sample 67:-1250
Sample 68:-1250
Sample 69:-1250
Sample 70:-1250
Sample 71:-1250
Sample 72:-1250
Sample 73:-1250
Sample 74:-1250
Sample 75:-1250
Sample 76:-1250
Sample 77:-1250
Sample 78:-1250
Sample 79:-1250
Sample 80:-1250
Sample 81:-1250
Sample 82:-1250
Sample 83:-1250
Sample 84:-1250
Sample 85:-1250
Sample 86:-1250
Sample 87:-1250
Sample 88:-1250
Sample 89:-1250
Sample 90:-1250
Sample 91:-1250
Sample 92:-1250
Sample 93:-1250
Sample 94:-1250
Sample 95:-1250
Sample 96:-1250
Sample 97:-1250
Sample 98:-1250
Sample 99:-1250
Best Ham: -1284
Sucess Probability: 99
Ham Average: -1005.2
