[[ 1  0  0 ...  0  0  7]
 [ 1  0  0 ...  0  7  0]
 [ 1  0  0 ...  7  0  0]
 ...
 [ 1 -4  7 ...  0  0  0]
 [ 1  7 -5 ...  0  0  0]
 [ 7  1  1 ...  1  1  1]]
-5
test

{(1, 21): 5, (1, 20): 14, (1, 19): 12, (1, 17): 10, (1, 15): 1, (1, 13): -1, (1, 12): 2, (1, 10): -7, (1, 9): -12, (1, 8): 9, (1, 7): -11, (1, 6): -3, (1, 5): -5, (1, 4): 5, (1, 3): -3, (1, 2): 9, (2, 22): 8, (2, 21): -6, (2, 20): -4, (2, 19): 5, (2, 18): -4, (2, 17): -10, (2, 16): -14, (2, 15): 3, (2, 13): -5, (2, 12): -11, (2, 11): 6, (2, 10): 8, (2, 9): -2, (2, 7): -11, (2, 6): 4, (2, 5): -4, (3, 21): -7, (3, 20): 9, (3, 18): -4, (3, 16): 12, (3, 15): -13, (3, 14): 10, (3, 9): -12, (3, 7): 13, (3, 5): 11, (3, 4): 8, (4, 20): -8, (4, 19): 3, (4, 18): -3, (4, 17): -3, (4, 16): 2, (4, 15): 9, (4, 14): -8, (4, 13): -13, (4, 12): 12, (4, 11): -2, (4, 10): -6, (4, 9): -1, (4, 7): -9, (5, 22): 8, (5, 21): -11, (5, 20): -8, (5, 19): -1, (5, 18): 2, (5, 17): 6, (5, 15): -10, (5, 14): 10, (5, 12): -10, (5, 11): -1, (5, 9): -13, (5, 8): -11, (5, 7): 4, (5, 6): 9, (6, 22): -8, (6, 21): -4, (6, 20): 13, (6, 19): -4, (6, 17): -13, (6, 16): 9, (6, 12): -11, (6, 11): 6, (6, 10): 7, (6, 9): 10, (6, 8): -3, (7, 22): 2, (7, 21): 14, (7, 20): 12, (7, 16): 6, (7, 15): 4, (7, 14): -13, (7, 13): -2, (7, 12): -7, (7, 11): -6, (7, 10): 9, (7, 8): -10, (8, 21): -4, (8, 19): 6, (8, 17): 11, (8, 16): 8, (8, 12): 12, (8, 11): 2, (8, 10): -8, (8, 9): 7, (9, 22): -3, (9, 20): 11, (9, 19): -11, (9, 17): 10, (9, 16): -7, (9, 15): 14, (9, 14): -8, (9, 13): 3, (9, 12): 13, (9, 11): -2, (9, 10): -2, (10, 22): 8, (10, 20): 3, (10, 19): -1, (10, 17): 4, (10, 16): 3, (10, 15): -2, (11, 21): 10, (11, 20): -7, (11, 19): -7, (11, 16): 1, (11, 15): 14, (11, 14): -11, (11, 13): 14, (11, 12): -1, (12, 22): 9, (12, 21): 10, (12, 20): -12, (12, 18): 14, (12, 16): -6, (12, 14): 4, (12, 13): 6, (13, 22): -11, (13, 21): -1, (13, 20): 7, (13, 19): 4, (13, 17): -4, (13, 16): -8, (13, 15): -12, (14, 21): -10, (14, 20): 11, (14, 19): 3, (14, 18): -8, (14, 17): 7, (14, 15): -14, (15, 22): -8, (15, 21): 11, (15, 19): 2, (15, 18): 12, (15, 17): -4, (15, 16): -6, (16, 22): -12, (16, 21): 14, (16, 18): -4, (17, 22): 8, (17, 21): -8, (17, 20): 7, (17, 18): 3, (18, 22): -7, (18, 21): -10, (18, 20): -13, (19, 21): -2, (19, 20): 5}
test1

{}
   1 21 20 19 17 15 13 12 10  9  8  7  6  5  4  3  2 22 ... 14 energy num_oc.
0 -1 +1 +1 +1 -1 -1 -1 -1 +1 +1 +1 -1 -1 +1 +1 -1 -1 -1 ... +1 -414.0      17
1 +1 -1 -1 -1 +1 +1 +1 +1 -1 -1 -1 +1 +1 -1 -1 +1 +1 +1 ... -1 -414.0      20
2 -1 -1 -1 +1 +1 +1 +1 +1 -1 -1 -1 -1 +1 -1 -1 +1 +1 +1 ... -1 -410.0      14
3 +1 +1 +1 -1 -1 -1 -1 -1 +1 +1 +1 +1 -1 +1 +1 -1 -1 -1 ... +1 -410.0       2
4 -1 -1 +1 -1 +1 +1 +1 +1 -1 -1 -1 -1 +1 -1 -1 +1 +1 +1 ... -1 -410.0       1
5 +1 -1 -1 +1 -1 -1 +1 -1 +1 +1 -1 +1 -1 -1 +1 -1 -1 +1 ... +1 -388.0       1
['SPIN', 6 rows, 55 samples, 22 variables]
energies=[-414.0, -414.0, -410.0, -410.0, -410.0, -388.0]
