Sample 0:-130
Sample 1:-230
Sample 2:-76
Sample 3:-126
Sample 4:-186
Sample 5:-158
Sample 6:-184
Sample 7:-84
Sample 8:-140
Sample 9:-226
Sample 10:-154
Sample 11:-152
Sample 12:-148
Sample 13:-184
Sample 14:-156
Sample 15:-86
Sample 16:-114
Sample 17:-156
Sample 18:-156
Sample 19:-98
Sample 20:-118
Sample 21:-192
Sample 22:-248
Sample 23:-154
Sample 24:-216
Sample 25:-204
Sample 26:-36
Sample 27:-148
Sample 28:-38
Sample 29:-192
Sample 30:-218
Sample 31:-158
Sample 32:-152
Sample 33:-86
Sample 34:-172
Sample 35:-124
Sample 36:-172
Sample 37:-196
Sample 38:-162
Sample 39:-152
Sample 40:-144
Sample 41:-120
Sample 42:-212
Sample 43:-162
Sample 44:-226
Sample 45:2
Sample 46:-94
Sample 47:-118
Sample 48:-208
Sample 49:-106
Sample 50:-136
Sample 51:8
Sample 52:-250
Sample 53:-196
Sample 54:-176
Sample 55:-128
Sample 56:-168
Sample 57:-218
Sample 58:-230
Sample 59:-92
Sample 60:-140
Sample 61:-226
Sample 62:-200
Sample 63:-214
Sample 64:0
Sample 65:-174
Sample 66:-148
Sample 67:-140
Sample 68:-258
Sample 69:-140
Sample 70:-52
Sample 71:-164
Sample 72:-114
Sample 73:-174
Sample 74:-240
Sample 75:-246
Sample 76:-186
Sample 77:-248
Sample 78:-146
Sample 79:-156
Sample 80:-150
Sample 81:-104
Sample 82:-230
Sample 83:-228
Sample 84:-192
Sample 85:-194
Sample 86:-198
Sample 87:-154
Sample 88:-194
Sample 89:-86
Sample 90:-184
Sample 91:-258
Sample 92:-152
Sample 93:-232
Sample 94:-130
Sample 95:-194
Sample 96:-188
Sample 97:-202
Sample 98:-146
Sample 99:-164
Best Ham: -258
Sucess Probability: 63
Ham Average: -160.02
