Sample 0:-1148
Sample 1:-776
Sample 2:-936
Sample 3:-1028
Sample 4:-1026
Sample 5:-1120
Sample 6:-1438
Sample 7:-1438
Sample 8:-1438
Sample 9:300
Sample 10:-1438
Sample 11:-1438
Sample 12:-1438
Sample 13:-1438
Sample 14:-1438
Sample 15:-1438
Sample 16:-1438
Sample 17:-1438
Sample 18:-1438
Sample 19:-1438
Sample 20:-1438
Sample 21:-1438
Sample 22:-1438
Sample 23:-1438
Sample 24:-1438
Sample 25:-1438
Sample 26:-1438
Sample 27:-1438
Sample 28:-1438
Sample 29:-1438
Sample 30:-1438
Sample 31:-1438
Sample 32:-1438
Sample 33:-1438
Sample 34:-1438
Sample 35:-1438
Sample 36:-1438
Sample 37:-1438
Sample 38:-1438
Sample 39:-1438
Sample 40:-1438
Sample 41:-1438
Sample 42:-1438
Sample 43:-1438
Sample 44:-1438
Sample 45:-1438
Sample 46:-1438
Sample 47:-1438
Sample 48:-1438
Sample 49:-1438
Sample 50:-1438
Sample 51:-1438
Sample 52:-1438
Sample 53:-1438
Sample 54:-1438
Sample 55:-1438
Sample 56:-1438
Sample 57:-1438
Sample 58:-1438
Sample 59:-1438
Sample 60:-1438
Sample 61:-1438
Sample 62:-1438
Sample 63:-1438
Sample 64:-1438
Sample 65:-1438
Sample 66:-1438
Sample 67:-1438
Sample 68:-1438
Sample 69:-1438
Sample 70:-1438
Sample 71:-1438
Sample 72:-1438
Sample 73:-1438
Sample 74:-1438
Sample 75:-1438
Sample 76:-1438
Sample 77:-1438
Sample 78:-1438
Sample 79:-1438
Sample 80:-1438
Sample 81:-1438
Sample 82:-1438
Sample 83:-1438
Sample 84:-1438
Sample 85:-1438
Sample 86:-1438
Sample 87:-1438
Sample 88:-1438
Sample 89:-1438
Sample 90:-1438
Sample 91:-1438
Sample 92:-1438
Sample 93:-1438
Sample 94:-1438
Sample 95:-1438
Sample 96:-1438
Sample 97:-1438
Sample 98:-1438
Sample 99:-1438
Best Ham: -1438
Sucess Probability: 99
Ham Average: -1394.68
