Sample 0:-550
Sample 1:-550
Sample 2:-550
Sample 3:-550
Sample 4:-550
Sample 5:-550
Sample 6:-550
Sample 7:-550
Sample 8:-550
Sample 9:-550
Sample 10:-550
Sample 11:-550
Sample 12:-550
Sample 13:-550
Sample 14:-550
Sample 15:-550
Sample 16:-550
Sample 17:-550
Sample 18:-550
Sample 19:-550
Sample 20:-550
Sample 21:-550
Sample 22:-550
Sample 23:-550
Sample 24:-550
Sample 25:-550
Sample 26:-550
Sample 27:-550
Sample 28:-550
Sample 29:-550
Sample 30:-550
Sample 31:-550
Sample 32:-550
Sample 33:-550
Sample 34:-550
Sample 35:-550
Sample 36:-550
Sample 37:-550
Sample 38:-550
Sample 39:-550
Sample 40:-550
Sample 41:-550
Sample 42:-550
Sample 43:-442
Sample 44:182
Sample 45:-550
Sample 46:-442
Sample 47:-550
Sample 48:-550
Sample 49:-550
Sample 50:-550
Sample 51:-550
Sample 52:-550
Sample 53:-550
Sample 54:-550
Sample 55:-550
Sample 56:-550
Sample 57:-550
Sample 58:-550
Sample 59:-550
Sample 60:-550
Sample 61:-550
Sample 62:-550
Sample 63:-550
Sample 64:-550
Sample 65:-550
Sample 66:-550
Sample 67:-550
Sample 68:-550
Sample 69:-550
Sample 70:-550
Sample 71:-550
Sample 72:-550
Sample 73:-550
Sample 74:-550
Sample 75:-550
Sample 76:-550
Sample 77:-550
Sample 78:-550
Sample 79:-550
Sample 80:-550
Sample 81:-550
Sample 82:-550
Sample 83:-550
Sample 84:-550
Sample 85:-550
Sample 86:-550
Sample 87:-550
Sample 88:-550
Sample 89:-550
Sample 90:-550
Sample 91:-550
Sample 92:-550
Sample 93:-550
Sample 94:-550
Sample 95:-550
Sample 96:-550
Sample 97:-550
Sample 98:-550
Sample 99:-550
Best Ham: -550
Sucess Probability: 99
Ham Average: -540.52
