Sample 0:-432
Sample 1:-402
Sample 2:-662
Sample 3:-358
Sample 4:-626
Sample 5:6
Sample 6:-514
Sample 7:-572
Sample 8:-594
Sample 9:-624
Sample 10:-474
Sample 11:-618
Sample 12:-526
Sample 13:-678
Sample 14:-558
Sample 15:-578
Sample 16:-622
Sample 17:8
Sample 18:-548
Sample 19:-382
Sample 20:-576
Sample 21:-606
Sample 22:-334
Sample 23:-610
Sample 24:-586
Sample 25:-650
Sample 26:-562
Sample 27:-636
Sample 28:-560
Sample 29:-660
Sample 30:-586
Sample 31:-556
Sample 32:-490
Sample 33:-498
Sample 34:-612
Sample 35:-626
Sample 36:-490
Sample 37:-656
Sample 38:-484
Sample 39:-566
Sample 40:-572
Sample 41:-632
Sample 42:-528
Sample 43:-644
Sample 44:-526
Sample 45:-620
Sample 46:-268
Sample 47:-500
Sample 48:-638
Sample 49:-586
Sample 50:-552
Sample 51:-580
Sample 52:-482
Sample 53:-544
Sample 54:-500
Sample 55:-528
Sample 56:-576
Sample 57:-630
Sample 58:-582
Sample 59:-486
Sample 60:-150
Sample 61:-520
Sample 62:-648
Sample 63:-556
Sample 64:-610
Sample 65:-520
Sample 66:-564
Sample 67:-466
Sample 68:-604
Sample 69:-560
Sample 70:-442
Sample 71:-686
Sample 72:-506
Sample 73:-646
Sample 74:-662
Sample 75:-552
Sample 76:-508
Sample 77:-530
Sample 78:-642
Sample 79:-402
Sample 80:-484
Sample 81:-446
Sample 82:-306
Sample 83:-642
Sample 84:-534
Sample 85:-592
Sample 86:-582
Sample 87:-678
Sample 88:-656
Sample 89:-560
Sample 90:-674
Sample 91:-558
Sample 92:-612
Sample 93:-546
Sample 94:-578
Sample 95:-592
Sample 96:-562
Sample 97:-476
Sample 98:-704
Sample 99:-498
Best Ham: -704
Sucess Probability: 98
Ham Average: -541.26
