Sample 0:-165
Sample 1:-285
Sample 2:-193
Sample 3:-285
Sample 4:-271
Sample 5:-193
Sample 6:-165
Sample 7:-43
Sample 8:-93
Sample 9:-265
Sample 10:-45
Sample 11:-193
Sample 12:-193
Sample 13:-193
Sample 14:-193
Sample 15:-265
Sample 16:-285
Sample 17:-265
Sample 18:-165
Sample 19:-193
Sample 20:-43
Sample 21:-265
Sample 22:-165
Sample 23:-265
Sample 24:-193
Sample 25:-265
Sample 26:-43
Sample 27:-265
Sample 28:-193
Sample 29:-93
Sample 30:1
Sample 31:-193
Sample 32:-93
Sample 33:-265
Sample 34:-265
Sample 35:-265
Sample 36:-265
Sample 37:-285
Sample 38:-193
Sample 39:-45
Sample 40:-45
Sample 41:-193
Sample 42:-93
Sample 43:-165
Sample 44:-193
Sample 45:-93
Sample 46:-45
Sample 47:-45
Sample 48:-265
Sample 49:-265
Sample 50:-93
Sample 51:-265
Sample 52:-45
Sample 53:-165
Sample 54:-165
Sample 55:-265
Sample 56:-193
Sample 57:-93
Sample 58:-193
Sample 59:-47
Sample 60:-165
Sample 61:-265
Sample 62:-65
Sample 63:-193
Sample 64:-265
Sample 65:-193
Sample 66:-271
Sample 67:-65
Sample 68:-193
Sample 69:-265
Sample 70:-265
Sample 71:-265
Sample 72:-45
Sample 73:-193
Sample 74:-265
Sample 75:-93
Sample 76:-65
Sample 77:-43
Sample 78:-193
Sample 79:-193
Sample 80:-193
Sample 81:-265
Sample 82:-265
Sample 83:-43
Sample 84:-193
Sample 85:-43
Sample 86:-265
Sample 87:-193
Sample 88:-265
Sample 89:-43
Sample 90:-265
Sample 91:-265
Sample 92:-265
Sample 93:-265
Sample 94:-193
Sample 95:-271
Sample 96:-193
Sample 97:-265
Sample 98:-43
Sample 99:-265
Best Ham: -285
Sucess Probability: 72
Ham Average: -181.5
