[[1 0 0 ... 0 0 7]
 [1 0 0 ... 0 7 0]
 [1 0 0 ... 7 0 0]
 ...
 [1 0 7 ... 0 0 0]
 [1 7 0 ... 0 0 0]
 [7 1 1 ... 1 1 1]]
0
test

{(1, 18): 2, (1, 17): -11, (1, 12): 12, (1, 7): -7, (1, 4): -6, (1, 3): -3, (2, 18): -13, (2, 17): -8, (2, 16): -14, (2, 13): -13, (2, 12): 8, (2, 11): -14, (2, 10): 11, (2, 8): -4, (2, 7): 9, (2, 3): -2, (3, 20): 9, (3, 19): -12, (3, 17): 11, (3, 16): -6, (3, 15): -3, (3, 13): -4, (3, 6): 3, (3, 4): 6, (4, 20): -13, (4, 18): 2, (4, 16): 14, (4, 8): 9, (4, 6): -5, (4, 5): -8, (5, 17): -14, (5, 14): -7, (5, 13): -11, (5, 12): 7, (5, 11): 8, (6, 17): 4, (6, 16): 10, (6, 15): -8, (6, 14): -13, (6, 10): 5, (7, 19): -9, (7, 15): -7, (7, 14): 12, (7, 13): 13, (7, 11): 6, (7, 9): 13, (8, 18): -8, (8, 17): -11, (8, 15): -9, (8, 13): -10, (8, 12): -2, (8, 10): 2, (9, 16): 2, (9, 15): -8, (9, 11): 6, (10, 18): 9, (10, 17): 5, (10, 15): -5, (10, 12): 2, (10, 11): 1, (11, 19): -8, (11, 17): 8, (11, 16): 7, (11, 15): -8, (12, 14): 5, (13, 20): 11, (13, 19): -7, (14, 20): 4, (14, 19): 10, (14, 18): -6, (14, 16): 5, (15, 18): 6, (16, 19): -8, (16, 18): 12, (17, 19): -7, (18, 19): 4}
test1

{}
   1 18 17 12  7  4  3  2 16 13 11 10  8 20 19 15  6  5 14  9 energy num_oc.
0 -1 -1 -1 +1 +1 -1 +1 -1 +1 -1 -1 +1 -1 -1 +1 -1 -1 -1 -1 -1 -323.0      15
1 +1 +1 +1 -1 -1 +1 -1 +1 -1 +1 +1 -1 +1 +1 -1 +1 +1 +1 +1 +1 -323.0      24
2 -1 -1 -1 +1 -1 +1 -1 -1 -1 -1 +1 +1 -1 +1 -1 +1 +1 -1 +1 +1 -297.0       3
3 +1 +1 +1 -1 +1 -1 +1 +1 +1 +1 -1 -1 +1 -1 +1 -1 -1 +1 -1 -1 -297.0       2
4 +1 +1 +1 -1 -1 -1 +1 +1 +1 +1 -1 -1 +1 -1 +1 -1 -1 +1 +1 +1 -291.0      10
['SPIN', 5 rows, 54 samples, 20 variables]
energies=[-323.0, -323.0, -297.0, -297.0, -291.0]
