Sample 0:-846
Sample 1:-1058
Sample 2:-614
Sample 3:-670
Sample 4:-810
Sample 5:-920
Sample 6:-894
Sample 7:-928
Sample 8:-1020
Sample 9:-846
Sample 10:-822
Sample 11:-748
Sample 12:-514
Sample 13:-864
Sample 14:-856
Sample 15:-732
Sample 16:-640
Sample 17:-776
Sample 18:-936
Sample 19:-522
Sample 20:-710
Sample 21:-806
Sample 22:-272
Sample 23:-800
Sample 24:-1066
Sample 25:-508
Sample 26:-462
Sample 27:-702
Sample 28:-912
Sample 29:-1180
Sample 30:-598
Sample 31:-510
Sample 32:-270
Sample 33:-506
Sample 34:-516
Sample 35:-588
Sample 36:-788
Sample 37:-494
Sample 38:-574
Sample 39:-554
Sample 40:-780
Sample 41:-696
Sample 42:-592
Sample 43:-530
Sample 44:-996
Sample 45:-686
Sample 46:-878
Sample 47:-214
Sample 48:-852
Sample 49:-850
Sample 50:-624
Sample 51:-906
Sample 52:-500
Sample 53:-694
Sample 54:-748
Sample 55:-766
Sample 56:-954
Sample 57:-276
Sample 58:-1134
Sample 59:-736
Sample 60:-554
Sample 61:-782
Sample 62:-620
Sample 63:-776
Sample 64:-772
Sample 65:-1184
Sample 66:-904
Sample 67:-818
Sample 68:-268
Sample 69:-908
Sample 70:-1104
Sample 71:-698
Sample 72:-734
Sample 73:-988
Sample 74:-668
Sample 75:-524
Sample 76:-716
Sample 77:-876
Sample 78:-996
Sample 79:-780
Sample 80:-776
Sample 81:-1110
Sample 82:-664
Sample 83:-632
Sample 84:-978
Sample 85:-900
Sample 86:-776
Sample 87:-558
Sample 88:-1014
Sample 89:-858
Sample 90:-578
Sample 91:72
Sample 92:-626
Sample 93:-1084
Sample 94:-786
Sample 95:-492
Sample 96:-690
Sample 97:-1130
Sample 98:-678
Sample 99:-428
Best Ham: -1184
Sucess Probability: 99
Ham Average: -736.0
