Sample 0:-92
Sample 1:52
Sample 2:-50
Sample 3:-50
Sample 4:-4
Sample 5:52
Sample 6:52
Sample 7:78
Sample 8:-124
Sample 9:-82
Sample 10:78
Sample 11:-66
Sample 12:52
Sample 13:-120
Sample 14:-20
Sample 15:44
Sample 16:-92
Sample 17:-34
Sample 18:-82
Sample 19:52
Sample 20:-40
Sample 21:44
Sample 22:52
Sample 23:74
Sample 24:-30
Sample 25:-50
Sample 26:-50
Sample 27:-30
Sample 28:-20
Sample 29:44
Sample 30:-4
Sample 31:44
Sample 32:44
Sample 33:-94
Sample 34:44
Sample 35:52
Sample 36:44
Sample 37:74
Sample 38:-78
Sample 39:-92
Sample 40:52
Sample 41:-120
Sample 42:-100
Sample 43:-94
Sample 44:-82
Sample 45:-78
Sample 46:44
Sample 47:-112
Sample 48:-120
Sample 49:-124
Sample 50:-8
Sample 51:-120
Sample 52:52
Sample 53:-82
Sample 54:-4
Sample 55:-92
Sample 56:-84
Sample 57:-112
Sample 58:44
Sample 59:44
Sample 60:74
Sample 61:-120
Sample 62:52
Sample 63:52
Sample 64:-94
Sample 65:-40
Sample 66:44
Sample 67:78
Sample 68:44
Sample 69:-112
Sample 70:-94
Sample 71:-30
Sample 72:78
Sample 73:78
Sample 74:44
Sample 75:-30
Sample 76:-92
Sample 77:-94
Sample 78:-50
Sample 79:-30
Sample 80:44
Sample 81:-50
Sample 82:-32
Sample 83:-178
Sample 84:-50
Sample 85:-92
Sample 86:-82
Sample 87:-30
Sample 88:-50
Sample 89:44
Sample 90:-50
Sample 91:78
Sample 92:-120
Sample 93:44
Sample 94:-120
Sample 95:-30
Sample 96:-124
Sample 97:52
Sample 98:78
Sample 99:-94
Best Ham: -178
Sucess Probability: 1
Ham Average: -24.28
