Sample 0:-12
Sample 1:-26
Sample 2:-12
Sample 3:-26
Sample 4:-8
Sample 5:-26
Sample 6:-22
Sample 7:-4
Sample 8:-22
Sample 9:-8
Sample 10:-26
Sample 11:-22
Sample 12:-26
Sample 13:-26
Sample 14:14
Sample 15:0
Sample 16:-26
Sample 17:-26
Sample 18:-4
Sample 19:-26
Sample 20:-22
Sample 21:-4
Sample 22:-8
Sample 23:-8
Sample 24:-26
Sample 25:0
Sample 26:-22
Sample 27:-22
Sample 28:-12
Sample 29:-26
Sample 30:-26
Sample 31:-4
Sample 32:-12
Sample 33:-12
Sample 34:-8
Sample 35:-26
Sample 36:0
Sample 37:-22
Sample 38:10
Sample 39:-26
Sample 40:-12
Sample 41:-26
Sample 42:-4
Sample 43:0
Sample 44:-22
Sample 45:0
Sample 46:-22
Sample 47:-22
Sample 48:-12
Sample 49:-22
Sample 50:-22
Sample 51:-22
Sample 52:-8
Sample 53:0
Sample 54:-8
Sample 55:-22
Sample 56:-26
Sample 57:-22
Sample 58:-4
Sample 59:-8
Sample 60:-26
Sample 61:-8
Sample 62:-22
Sample 63:-8
Sample 64:-26
Sample 65:-8
Sample 66:-22
Sample 67:-8
Sample 68:-26
Sample 69:-22
Sample 70:-8
Sample 71:-12
Sample 72:-8
Sample 73:-12
Sample 74:-26
Sample 75:-26
Sample 76:-22
Sample 77:-4
Sample 78:-26
Sample 79:0
Sample 80:0
Sample 81:-26
Sample 82:-12
Sample 83:10
Sample 84:-26
Sample 85:10
Sample 86:14
Sample 87:-26
Sample 88:-26
Sample 89:-26
Sample 90:-26
Sample 91:-22
Sample 92:-26
Sample 93:-26
Sample 94:-22
Sample 95:-22
Sample 96:-12
Sample 97:-4
Sample 98:0
Sample 99:-22
Best Ham: -26
Sucess Probability: 0
Ham Average: -15.04
