Sample 0:23
Sample 1:-207
Sample 2:-179
Sample 3:-199
Sample 4:-309
Sample 5:-129
Sample 6:-199
Sample 7:-233
Sample 8:-141
Sample 9:57
Sample 10:-199
Sample 11:-205
Sample 12:-113
Sample 13:-189
Sample 14:-113
Sample 15:-135
Sample 16:-113
Sample 17:-87
Sample 18:-139
Sample 19:-309
Sample 20:-207
Sample 21:-175
Sample 22:-199
Sample 23:-199
Sample 24:-309
Sample 25:-207
Sample 26:-309
Sample 27:-199
Sample 28:29
Sample 29:-309
Sample 30:-199
Sample 31:-153
Sample 32:29
Sample 33:-189
Sample 34:-129
Sample 35:-181
Sample 36:-113
Sample 37:-73
Sample 38:-309
Sample 39:57
Sample 40:-133
Sample 41:-199
Sample 42:-141
Sample 43:11
Sample 44:-243
Sample 45:-199
Sample 46:-151
Sample 47:-119
Sample 48:-199
Sample 49:-107
Sample 50:15
Sample 51:-113
Sample 52:-133
Sample 53:-199
Sample 54:-309
Sample 55:-243
Sample 56:-207
Sample 57:-131
Sample 58:-233
Sample 59:-243
Sample 60:-173
Sample 61:-13
Sample 62:-181
Sample 63:-205
Sample 64:-97
Sample 65:-129
Sample 66:-53
Sample 67:-129
Sample 68:-205
Sample 69:-85
Sample 70:-199
Sample 71:-233
Sample 72:-217
Sample 73:-205
Sample 74:-233
Sample 75:-107
Sample 76:29
Sample 77:-181
Sample 78:-205
Sample 79:-199
Sample 80:-207
Sample 81:-199
Sample 82:-309
Sample 83:-205
Sample 84:57
Sample 85:-243
Sample 86:-189
Sample 87:-87
Sample 88:-199
Sample 89:-215
Sample 90:-223
Sample 91:-309
Sample 92:-189
Sample 93:-243
Sample 94:-139
Sample 95:-309
Sample 96:-87
Sample 97:-207
Sample 98:-95
Sample 99:-199
Best Ham: -309
Sucess Probability: 62
Ham Average: -165.54
