Sample 0:-1145
Sample 1:-1357
Sample 2:-1333
Sample 3:-1163
Sample 4:-1047
Sample 5:-1183
Sample 6:-1047
Sample 7:-1047
Sample 8:-1183
Sample 9:31
Sample 10:-1183
Sample 11:-1047
Sample 12:-1297
Sample 13:-1163
Sample 14:-1047
Sample 15:-1047
Sample 16:-1297
Sample 17:-1047
Sample 18:-1163
Sample 19:-1163
Sample 20:-1183
Sample 21:-1119
Sample 22:-1119
Sample 23:-1495
Sample 24:-1483
Sample 25:-1523
Sample 26:-1507
Sample 27:-1503
Sample 28:-1503
Sample 29:-1503
Sample 30:-1479
Sample 31:-1503
Sample 32:-1523
Sample 33:-1523
Sample 34:-1503
Sample 35:-1503
Sample 36:-1507
Sample 37:-1495
Sample 38:-1479
Sample 39:-1483
Sample 40:-1523
Sample 41:-1523
Sample 42:-1503
Sample 43:-1495
Sample 44:-1503
Sample 45:31
Sample 46:-1507
Sample 47:-1487
Sample 48:-1523
Sample 49:-1487
Sample 50:-1523
Sample 51:-1523
Sample 52:31
Sample 53:-1479
Sample 54:-1503
Sample 55:-1503
Sample 56:-1507
Sample 57:-1507
Sample 58:-1507
Sample 59:-1523
Sample 60:-1523
Sample 61:-1507
Sample 62:-1487
Sample 63:-1523
Sample 64:-1503
Sample 65:-1503
Sample 66:-1503
Sample 67:-1503
Sample 68:-1503
Sample 69:-1523
Sample 70:-1507
Sample 71:-1483
Sample 72:-1503
Sample 73:-1503
Sample 74:-1503
Sample 75:-1523
Sample 76:-1487
Sample 77:-1523
Sample 78:-1503
Sample 79:-1503
Sample 80:-1503
Sample 81:-1523
Sample 82:-1503
Sample 83:-1503
Sample 84:-1503
Sample 85:-1523
Sample 86:-1503
Sample 87:-1523
Sample 88:-1503
Sample 89:-1503
Sample 90:-1479
Sample 91:-1503
Sample 92:-1503
Sample 93:-1507
Sample 94:-1487
Sample 95:-1503
Sample 96:-1503
Sample 97:-1507
Sample 98:-1523
Sample 99:-1503
Best Ham: -1523
Sucess Probability: 97
Ham Average: -1381.52
