Sample 0:-35
Sample 1:-35
Sample 2:-35
Sample 3:-35
Sample 4:-35
Sample 5:-35
Sample 6:7
Sample 7:-31
Sample 8:-17
Sample 9:-35
Sample 10:-31
Sample 11:-17
Sample 12:-31
Sample 13:7
Sample 14:-31
Sample 15:-31
Sample 16:-31
Sample 17:-31
Sample 18:7
Sample 19:7
Sample 20:7
Sample 21:-31
Sample 22:-31
Sample 23:-31
Sample 24:-35
Sample 25:-31
Sample 26:-35
Sample 27:-31
Sample 28:-35
Sample 29:-31
Sample 30:-35
Sample 31:7
Sample 32:21
Sample 33:-35
Sample 34:-31
Sample 35:-35
Sample 36:-31
Sample 37:-35
Sample 38:-19
Sample 39:7
Sample 40:-17
Sample 41:-35
Sample 42:-31
Sample 43:-31
Sample 44:-31
Sample 45:-31
Sample 46:-17
Sample 47:-35
Sample 48:7
Sample 49:-31
Sample 50:-31
Sample 51:-35
Sample 52:-31
Sample 53:-35
Sample 54:-31
Sample 55:-35
Sample 56:-35
Sample 57:-35
Sample 58:7
Sample 59:-31
Sample 60:-35
Sample 61:-31
Sample 62:-35
Sample 63:-35
Sample 64:7
Sample 65:-35
Sample 66:7
Sample 67:-35
Sample 68:-35
Sample 69:-35
Sample 70:-35
Sample 71:-35
Sample 72:-35
Sample 73:7
Sample 74:-35
Sample 75:-31
Sample 76:-19
Sample 77:7
Sample 78:7
Sample 79:-31
Sample 80:-35
Sample 81:7
Sample 82:-35
Sample 83:-17
Sample 84:7
Sample 85:-31
Sample 86:-31
Sample 87:-31
Sample 88:7
Sample 89:7
Sample 90:-35
Sample 91:7
Sample 92:-31
Sample 93:-35
Sample 94:-31
Sample 95:7
Sample 96:-35
Sample 97:-11
Sample 98:7
Sample 99:-31
Best Ham: -35
Sucess Probability: 0
Ham Average: -22.84
