Sample 0:-313
Sample 1:-381
Sample 2:-441
Sample 3:-447
Sample 4:-71
Sample 5:-241
Sample 6:-359
Sample 7:-71
Sample 8:-161
Sample 9:-161
Sample 10:-29
Sample 11:-71
Sample 12:-161
Sample 13:-447
Sample 14:9
Sample 15:-313
Sample 16:-441
Sample 17:-381
Sample 18:9
Sample 19:-159
Sample 20:-159
Sample 21:-381
Sample 22:-159
Sample 23:-1193
Sample 24:-1695
Sample 25:-1457
Sample 26:-1427
Sample 27:-1641
Sample 28:-1625
Sample 29:-1695
Sample 30:-1695
Sample 31:-1641
Sample 32:-1695
Sample 33:-1625
Sample 34:-1445
Sample 35:-1563
Sample 36:-1625
Sample 37:-1695
Sample 38:-1695
Sample 39:-1679
Sample 40:-1427
Sample 41:-1427
Sample 42:-1679
Sample 43:-1679
Sample 44:-1541
Sample 45:-1411
Sample 46:-1427
Sample 47:-1679
Sample 48:185
Sample 49:-1563
Sample 50:-1427
Sample 51:-1625
Sample 52:-1695
Sample 53:-1695
Sample 54:-1625
Sample 55:-1695
Sample 56:-1445
Sample 57:-1467
Sample 58:-1625
Sample 59:-1695
Sample 60:-1427
Sample 61:-1625
Sample 62:-1427
Sample 63:-1679
Sample 64:-1695
Sample 65:-1679
Sample 66:-1625
Sample 67:-1679
Sample 68:-1563
Sample 69:-1625
Sample 70:-1641
Sample 71:-1695
Sample 72:-1445
Sample 73:-1641
Sample 74:-1679
Sample 75:-1679
Sample 76:-1695
Sample 77:-1641
Sample 78:-1427
Sample 79:-1695
Sample 80:-1679
Sample 81:-1625
Sample 82:-1695
Sample 83:-1679
Sample 84:-1427
Sample 85:-1427
Sample 86:-1695
Sample 87:-1679
Sample 88:-1695
Sample 89:-1679
Sample 90:-1541
Sample 91:-1563
Sample 92:-1679
Sample 93:-1695
Sample 94:-1625
Sample 95:-1679
Sample 96:-1625
Sample 97:-1445
Sample 98:-1679
Sample 99:-1625
Best Ham: -1695
Sucess Probability: 93
Ham Average: -1267.6
