[[ 1  0  0 ...  0  0  7]
 [ 1  0  0 ...  0  7  0]
 [ 1  0  0 ...  7  0  0]
 ...
 [ 1 -6  7 ...  0  0  0]
 [ 1  7 -7 ...  0  0  0]
 [ 7  1  1 ...  1  1  1]]
-7
test

{(1, 9): -6, (1, 8): -5, (1, 7): 3, (1, 6): 5, (1, 5): -9, (1, 4): 12, (1, 3): 13, (1, 2): 13, (2, 11): 10, (2, 10): -13, (2, 9): 8, (2, 8): 14, (2, 7): -5, (2, 5): -7, (2, 4): 3, (3, 11): 2, (3, 10): 3, (3, 9): -13, (3, 8): -1, (3, 7): 6, (3, 6): -1, (3, 5): 5, (3, 4): 13, (4, 10): 14, (4, 9): -1, (4, 8): -10, (4, 6): 7, (4, 5): -10, (5, 11): 9, (5, 10): -13, (5, 7): -12, (5, 6): 4, (6, 11): -4, (6, 9): 9, (6, 8): 13, (6, 7): 5, (7, 11): -13, (7, 10): -13, (7, 9): 6, (8, 11): -4, (8, 10): -13, (8, 9): 8, (9, 11): -6, (10, 11): -7}
test1

{}
   1  9  8  7  6  5  4  3  2 11 10 energy num_oc.
0 +1 +1 +1 +1 -1 +1 +1 -1 -1 +1 +1 -161.0      25
1 -1 -1 -1 -1 +1 -1 -1 +1 +1 -1 -1 -161.0      18
2 -1 -1 +1 +1 -1 +1 +1 -1 +1 -1 +1 -151.0       5
3 +1 +1 -1 -1 +1 -1 -1 +1 -1 +1 -1 -151.0       5
4 -1 +1 +1 -1 -1 -1 +1 +1 -1 +1 -1 -127.0       1
['SPIN', 5 rows, 54 samples, 11 variables]
energies=[-161.0, -161.0, -151.0, -151.0, -127.0]
