Sample 0:-175
Sample 1:-175
Sample 2:-175
Sample 3:-175
Sample 4:-175
Sample 5:-175
Sample 6:-175
Sample 7:-175
Sample 8:-175
Sample 9:-175
Sample 10:-175
Sample 11:-175
Sample 12:-175
Sample 13:-175
Sample 14:-175
Sample 15:-175
Sample 16:-175
Sample 17:-185
Sample 18:-175
Sample 19:-175
Sample 20:-175
Sample 21:-175
Sample 22:-175
Sample 23:-89
Sample 24:-175
Sample 25:-175
Sample 26:-175
Sample 27:-175
Sample 28:-175
Sample 29:-175
Sample 30:-147
Sample 31:-175
Sample 32:-175
Sample 33:-175
Sample 34:-175
Sample 35:-175
Sample 36:-175
Sample 37:-175
Sample 38:-175
Sample 39:-67
Sample 40:-93
Sample 41:-175
Sample 42:-175
Sample 43:-175
Sample 44:-175
Sample 45:-175
Sample 46:-107
Sample 47:-69
Sample 48:-175
Sample 49:-175
Sample 50:-175
Sample 51:-175
Sample 52:-175
Sample 53:-175
Sample 54:-175
Sample 55:-175
Sample 56:-55
Sample 57:-217
Sample 58:-217
Sample 59:-175
Sample 60:-175
Sample 61:-175
Sample 62:-265
Sample 63:-55
Sample 64:-175
Sample 65:-217
Sample 66:-217
Sample 67:-175
Sample 68:-175
Sample 69:-175
Sample 70:-175
Sample 71:-175
Sample 72:-175
Sample 73:-175
Sample 74:-217
Sample 75:-175
Sample 76:-265
Sample 77:-175
Sample 78:-175
Sample 79:-175
Sample 80:-175
Sample 81:-175
Sample 82:-175
Sample 83:-175
Sample 84:-55
Sample 85:-283
Sample 86:-175
Sample 87:-203
Sample 88:-175
Sample 89:-175
Sample 90:-175
Sample 91:-185
Sample 92:-175
Sample 93:-175
Sample 94:-175
Sample 95:1
Sample 96:-175
Sample 97:-175
Sample 98:-175
Sample 99:-175
Best Ham: -283
Sucess Probability: 90
Ham Average: -170.32
