Sample 0:-529
Sample 1:-529
Sample 2:-473
Sample 3:-405
Sample 4:-487
Sample 5:-529
Sample 6:-473
Sample 7:-473
Sample 8:-473
Sample 9:-473
Sample 10:-529
Sample 11:-473
Sample 12:-473
Sample 13:-529
Sample 14:-473
Sample 15:-473
Sample 16:-473
Sample 17:-529
Sample 18:-529
Sample 19:-529
Sample 20:-461
Sample 21:-473
Sample 22:-473
Sample 23:-473
Sample 24:-473
Sample 25:-473
Sample 26:-473
Sample 27:-529
Sample 28:-473
Sample 29:-473
Sample 30:-435
Sample 31:-529
Sample 32:-529
Sample 33:-529
Sample 34:-473
Sample 35:-473
Sample 36:-473
Sample 37:-473
Sample 38:-317
Sample 39:-473
Sample 40:-529
Sample 41:-405
Sample 42:-435
Sample 43:-529
Sample 44:-323
Sample 45:-529
Sample 46:-529
Sample 47:-473
Sample 48:-473
Sample 49:-453
Sample 50:-529
Sample 51:-473
Sample 52:-529
Sample 53:-473
Sample 54:-473
Sample 55:-473
Sample 56:-529
Sample 57:-473
Sample 58:-487
Sample 59:-529
Sample 60:-473
Sample 61:-473
Sample 62:-473
Sample 63:-529
Sample 64:-473
Sample 65:-317
Sample 66:-473
Sample 67:-529
Sample 68:-473
Sample 69:-529
Sample 70:-473
Sample 71:-473
Sample 72:-405
Sample 73:15
Sample 74:-473
Sample 75:-473
Sample 76:-529
Sample 77:-87
Sample 78:-435
Sample 79:-529
Sample 80:-473
Sample 81:-529
Sample 82:-473
Sample 83:-473
Sample 84:-473
Sample 85:-529
Sample 86:-529
Sample 87:-529
Sample 88:-473
Sample 89:-473
Sample 90:-529
Sample 91:-529
Sample 92:-395
Sample 93:-473
Sample 94:-473
Sample 95:-473
Sample 96:-65
Sample 97:-529
Sample 98:-473
Sample 99:-473
Best Ham: -529
Sucess Probability: 97
Ham Average: -469.48
