Sample 0:-185
Sample 1:-195
Sample 2:-155
Sample 3:-211
Sample 4:-163
Sample 5:-157
Sample 6:-207
Sample 7:-233
Sample 8:-263
Sample 9:-165
Sample 10:61
Sample 11:-193
Sample 12:47
Sample 13:-205
Sample 14:-179
Sample 15:-177
Sample 16:-247
Sample 17:-209
Sample 18:-213
Sample 19:-191
Sample 20:-221
Sample 21:-219
Sample 22:79
Sample 23:-247
Sample 24:-183
Sample 25:-95
Sample 26:-151
Sample 27:-203
Sample 28:-141
Sample 29:-157
Sample 30:-185
Sample 31:-87
Sample 32:-77
Sample 33:-135
Sample 34:-239
Sample 35:-209
Sample 36:-211
Sample 37:-161
Sample 38:-211
Sample 39:-103
Sample 40:-253
Sample 41:-225
Sample 42:-201
Sample 43:-213
Sample 44:19
Sample 45:-217
Sample 46:-167
Sample 47:41
Sample 48:-253
Sample 49:-115
Sample 50:-209
Sample 51:-81
Sample 52:-137
Sample 53:-157
Sample 54:-231
Sample 55:-243
Sample 56:-155
Sample 57:-191
Sample 58:-247
Sample 59:-213
Sample 60:-107
Sample 61:-215
Sample 62:-137
Sample 63:35
Sample 64:-217
Sample 65:-127
Sample 66:-203
Sample 67:-215
Sample 68:-197
Sample 69:-185
Sample 70:-259
Sample 71:-175
Sample 72:-209
Sample 73:-189
Sample 74:-183
Sample 75:-185
Sample 76:-179
Sample 77:-247
Sample 78:-179
Sample 79:-169
Sample 80:-177
Sample 81:47
Sample 82:-121
Sample 83:-239
Sample 84:-185
Sample 85:-253
Sample 86:-149
Sample 87:-123
Sample 88:-193
Sample 89:-207
Sample 90:-159
Sample 91:-167
Sample 92:-185
Sample 93:-139
Sample 94:-185
Sample 95:-167
Sample 96:-197
Sample 97:-221
Sample 98:-233
Sample 99:-151
Best Ham: -263
Sucess Probability: 78
Ham Average: -169.9
