Sample 0:-277
Sample 1:-251
Sample 2:-199
Sample 3:-305
Sample 4:-391
Sample 5:-307
Sample 6:-309
Sample 7:-279
Sample 8:-281
Sample 9:-379
Sample 10:-345
Sample 11:-439
Sample 12:-183
Sample 13:-221
Sample 14:-387
Sample 15:-209
Sample 16:-31
Sample 17:-271
Sample 18:-297
Sample 19:-141
Sample 20:-31
Sample 21:-379
Sample 22:-29
Sample 23:-341
Sample 24:-13
Sample 25:-147
Sample 26:-161
Sample 27:-439
Sample 28:-311
Sample 29:-307
Sample 30:-203
Sample 31:-323
Sample 32:-91
Sample 33:-241
Sample 34:-321
Sample 35:-279
Sample 36:-31
Sample 37:37
Sample 38:-321
Sample 39:-141
Sample 40:-143
Sample 41:-429
Sample 42:-77
Sample 43:-31
Sample 44:-221
Sample 45:-173
Sample 46:-287
Sample 47:-339
Sample 48:-351
Sample 49:-351
Sample 50:-281
Sample 51:-33
Sample 52:-379
Sample 53:-305
Sample 54:-227
Sample 55:-165
Sample 56:-267
Sample 57:-77
Sample 58:-161
Sample 59:-307
Sample 60:-257
Sample 61:-429
Sample 62:-307
Sample 63:-379
Sample 64:-333
Sample 65:-439
Sample 66:-325
Sample 67:-295
Sample 68:-93
Sample 69:-241
Sample 70:-323
Sample 71:-205
Sample 72:-279
Sample 73:-387
Sample 74:-277
Sample 75:-149
Sample 76:-429
Sample 77:-321
Sample 78:-239
Sample 79:-377
Sample 80:-199
Sample 81:-281
Sample 82:-13
Sample 83:-311
Sample 84:-249
Sample 85:-33
Sample 86:-157
Sample 87:-273
Sample 88:-227
Sample 89:-163
Sample 90:-285
Sample 91:-195
Sample 92:-117
Sample 93:-277
Sample 94:-307
Sample 95:-221
Sample 96:-355
Sample 97:-351
Sample 98:-313
Sample 99:-397
Best Ham: -439
Sucess Probability: 81
Ham Average: -249.86
