Sample 0:-160
Sample 1:-184
Sample 2:-206
Sample 3:-148
Sample 4:-176
Sample 5:-206
Sample 6:-206
Sample 7:-176
Sample 8:-208
Sample 9:-166
Sample 10:-206
Sample 11:-168
Sample 12:-206
Sample 13:-206
Sample 14:-148
Sample 15:-148
Sample 16:-206
Sample 17:-170
Sample 18:-206
Sample 19:-180
Sample 20:-206
Sample 21:-152
Sample 22:-136
Sample 23:-206
Sample 24:-148
Sample 25:-206
Sample 26:-164
Sample 27:-206
Sample 28:-148
Sample 29:-160
Sample 30:-206
Sample 31:-164
Sample 32:-148
Sample 33:-198
Sample 34:-176
Sample 35:-206
Sample 36:-176
Sample 37:-206
Sample 38:-206
Sample 39:-214
Sample 40:-176
Sample 41:-206
Sample 42:-148
Sample 43:-148
Sample 44:-148
Sample 45:-160
Sample 46:-136
Sample 47:-206
Sample 48:-206
Sample 49:-188
Sample 50:-206
Sample 51:-206
Sample 52:-206
Sample 53:-22
Sample 54:-206
Sample 55:-206
Sample 56:26
Sample 57:-206
Sample 58:-122
Sample 59:-206
Sample 60:-206
Sample 61:-206
Sample 62:-206
Sample 63:-206
Sample 64:-176
Sample 65:-188
Sample 66:-206
Sample 67:-164
Sample 68:-206
Sample 69:-206
Sample 70:-206
Sample 71:-148
Sample 72:-206
Sample 73:-102
Sample 74:-206
Sample 75:-206
Sample 76:-206
Sample 77:-206
Sample 78:-160
Sample 79:-136
Sample 80:-148
Sample 81:-166
Sample 82:-206
Sample 83:-198
Sample 84:-224
Sample 85:-148
Sample 86:-198
Sample 87:-206
Sample 88:-148
Sample 89:-206
Sample 90:-160
Sample 91:-206
Sample 92:-160
Sample 93:-206
Sample 94:-206
Sample 95:-160
Sample 96:-160
Sample 97:-148
Sample 98:-148
Sample 99:-106
Best Ham: -224
Sucess Probability: 77
Ham Average: -178.54
