[[1 0 0 ... 0 0 7]
 [1 0 0 ... 0 7 0]
 [1 0 0 ... 7 0 0]
 ...
 [1 4 7 ... 0 0 0]
 [1 7 4 ... 0 0 0]
 [7 1 1 ... 1 1 1]]
4
test

{(1, 15): 10, (1, 14): 7, (1, 13): -12, (1, 12): -12, (1, 11): 13, (1, 10): -2, (1, 8): 12, (1, 7): -8, (1, 5): -11, (1, 4): 12, (1, 3): 2, (1, 2): -8, (2, 15): 13, (2, 14): -12, (2, 13): -10, (2, 12): 5, (2, 10): 7, (2, 9): -2, (2, 8): -10, (2, 7): -14, (2, 6): 6, (2, 4): -7, (2, 3): 2, (3, 15): -3, (3, 14): -2, (3, 13): 6, (3, 12): 2, (3, 10): -14, (3, 9): -6, (3, 8): -8, (3, 7): 9, (3, 5): -7, (4, 15): 2, (4, 14): -4, (4, 13): 1, (4, 12): -6, (4, 11): 3, (4, 10): 5, (4, 9): -10, (4, 8): -8, (4, 7): 7, (5, 15): 12, (5, 12): 7, (5, 11): 14, (5, 9): 1, (5, 7): -3, (5, 6): -5, (6, 15): -3, (6, 14): -12, (6, 11): -4, (6, 9): -3, (6, 8): 7, (6, 7): 4, (7, 15): -12, (7, 14): 9, (7, 13): 5, (7, 12): 4, (7, 11): -8, (7, 10): -12, (7, 8): 3, (8, 15): 14, (8, 14): 6, (8, 13): -7, (8, 12): 7, (8, 11): -8, (8, 10): -9, (8, 9): -5, (9, 15): -14, (9, 14): -2, (9, 13): -9, (9, 12): -11, (9, 11): -2, (9, 10): 10, (10, 15): -3, (10, 14): -5, (10, 13): 12, (10, 12): 6, (10, 11): 7, (11, 14): 13, (11, 13): -4, (12, 15): -12, (13, 15): 9, (13, 14): 12, (14, 15): -7}
test1

{}
   1 15 14 13 12 11 10  8  7  5  4  3  2  9  6 energy num_oc.
0 +1 -1 -1 +1 -1 -1 +1 +1 +1 +1 -1 +1 +1 -1 -1 -248.0      29
1 -1 +1 +1 -1 +1 +1 -1 -1 -1 -1 +1 -1 -1 +1 +1 -248.0      15
2 +1 -1 -1 +1 -1 +1 -1 +1 +1 +1 -1 -1 +1 -1 -1 -246.0       5
3 +1 +1 +1 -1 +1 -1 +1 -1 +1 +1 -1 +1 -1 -1 +1 -228.0       2
4 -1 -1 -1 +1 -1 +1 -1 +1 -1 -1 +1 -1 +1 +1 -1 -228.0       1
5 -1 -1 -1 +1 +1 +1 -1 +1 -1 -1 +1 -1 +1 +1 -1 -228.0       3
['SPIN', 6 rows, 55 samples, 15 variables]
energies=[-248.0, -248.0, -246.0, -228.0, -228.0, -228.0]
