[[ 1  0  0 ...  0  0  7]
 [ 1  0  0 ...  0  7  0]
 [ 1  0  0 ...  7  0  0]
 ...
 [ 1  0  7 ...  0  0  0]
 [ 1  7 -1 ...  0  0  0]
 [ 7  1  1 ...  1  1  1]]
-1
test

{(1, 9): 11, (1, 8): 8, (1, 5): 14, (1, 4): 4, (1, 3): -6, (1, 2): 1, (2, 9): 6, (2, 8): -5, (2, 7): -10, (3, 8): -5, (3, 5): 14, (4, 10): -14, (4, 6): -8, (5, 14): 12, (5, 12): 2, (5, 10): 10, (5, 9): 4, (6, 13): -3, (7, 8): -10, (8, 14): 9, (8, 13): -1, (8, 10): 2, (9, 11): -9, (10, 14): 5, (10, 12): -8, (11, 12): -1, (12, 13): 12}
test1

{}
   1  9  8  5  4  3  2  7 10  6 14 12 13 11 energy num_oc.
0 +1 -1 -1 -1 +1 +1 -1 -1 +1 +1 +1 +1 -1 -1 -138.0      17
1 +1 +1 -1 -1 +1 +1 -1 -1 +1 +1 +1 +1 -1 +1 -138.0       4
2 -1 +1 +1 +1 -1 -1 +1 +1 -1 -1 -1 -1 +1 +1 -138.0      11
3 -1 -1 +1 +1 -1 -1 +1 +1 -1 -1 -1 -1 +1 -1 -138.0      18
4 +1 -1 -1 -1 -1 +1 -1 -1 -1 -1 +1 -1 +1 -1 -128.0       2
['SPIN', 5 rows, 52 samples, 14 variables]
energies=[-138.0, -138.0, -138.0, -138.0, -128.0]
