[[1 0 0 ... 0 0 7]
 [1 0 0 ... 0 7 0]
 [1 0 0 ... 7 0 0]
 ...
 [1 7 7 ... 0 0 0]
 [1 7 7 ... 0 0 0]
 [7 1 1 ... 1 1 1]]
7
test

{(1, 14): 12, (1, 10): 10, (1, 9): 10, (1, 8): -4, (1, 6): 6, (1, 5): -3, (1, 2): -14, (2, 15): 4, (2, 14): -12, (2, 12): 4, (2, 10): -11, (2, 9): -4, (2, 7): 10, (2, 3): -2, (3, 14): -1, (3, 13): -9, (3, 11): 3, (3, 10): 3, (3, 4): 8, (4, 14): -11, (4, 13): 7, (4, 10): -1, (5, 15): 10, (5, 14): 12, (5, 13): 2, (5, 11): -13, (5, 9): 3, (5, 8): -2, (5, 6): -9, (6, 15): -3, (6, 12): 5, (6, 11): 7, (6, 7): -4, (7, 15): 11, (7, 14): -2, (7, 12): 2, (7, 10): 13, (8, 13): -4, (8, 12): -8, (8, 11): -8, (8, 10): 4, (8, 9): -12, (9, 13): 6, (9, 12): 7, (9, 10): 4, (10, 15): -6, (10, 14): -14, (11, 15): 9, (11, 13): -8, (11, 12): 5, (12, 15): -12, (12, 14): 5, (14, 15): 8}
test1

{}
   1 14 10  9  8  6  5  2 15 12  7  3 13 11  4 energy num_oc.
0 -1 +1 +1 +1 -1 +1 -1 +1 +1 -1 -1 -1 -1 -1 +1 -199.0      22
1 +1 -1 -1 -1 +1 -1 +1 -1 -1 +1 +1 +1 +1 +1 -1 -199.0      29
2 +1 +1 +1 -1 -1 -1 -1 +1 +1 +1 -1 -1 -1 -1 +1 -185.0       1
3 -1 -1 -1 +1 +1 +1 +1 -1 -1 -1 +1 +1 +1 +1 -1 -185.0       1
4 -1 +1 +1 +1 +1 +1 +1 +1 -1 -1 -1 -1 -1 +1 +1 -163.0       1
['SPIN', 5 rows, 54 samples, 15 variables]
energies=[-199.0, -199.0, -185.0, -185.0, -163.0]
