[[1 0 0 ... 0 0 7]
 [1 0 0 ... 0 7 0]
 [1 0 0 ... 7 0 0]
 ...
 [1 0 7 ... 0 0 0]
 [1 7 0 ... 0 0 0]
 [7 1 1 ... 1 1 1]]
0
test

{(1, 31): -7, (1, 30): 13, (1, 28): 11, (1, 26): -4, (1, 21): -13, (1, 18): 8, (1, 16): 14, (1, 15): -1, (1, 9): -1, (1, 5): 7, (1, 3): 9, (2, 30): 2, (2, 28): -7, (2, 24): 6, (2, 22): 3, (2, 21): -9, (2, 16): -9, (2, 13): -1, (2, 10): -13, (2, 9): 12, (2, 8): 7, (2, 7): -9, (2, 5): 10, (2, 4): 12, (3, 18): 9, (3, 17): -3, (3, 10): -6, (3, 5): 2, (4, 30): 11, (4, 28): 7, (4, 27): 1, (4, 16): 9, (4, 14): -2, (4, 12): -1, (4, 10): -12, (4, 9): -2, (4, 8): -6, (4, 5): -8, (5, 29): -12, (5, 28): -4, (5, 23): 12, (5, 21): 14, (5, 9): 3, (6, 30): 7, (6, 29): -12, (6, 27): 11, (6, 26): 8, (6, 24): 4, (6, 23): -5, (6, 21): 12, (6, 18): -7, (6, 16): 10, (6, 14): -10, (6, 13): -3, (6, 11): 10, (6, 10): 9, (7, 30): 12, (7, 22): 4, (7, 19): 6, (7, 16): -5, (7, 12): -12, (8, 29): 1, (8, 23): -2, (8, 17): 9, (8, 15): 14, (8, 12): -8, (9, 28): 5, (9, 27): -10, (9, 26): 9, (9, 25): -2, (9, 12): 11, (9, 11): -11, (9, 10): -7, (10, 31): -10, (10, 29): 12, (10, 28): -3, (10, 25): -5, (10, 24): -5, (10, 15): 3, (10, 14): 6, (11, 31): 3, (11, 27): -7, (11, 23): 13, (11, 22): 1, (11, 19): -7, (11, 18): 9, (11, 17): -1, (11, 14): 7, (12, 31): 6, (12, 30): 11, (12, 26): -11, (12, 22): -6, (12, 20): 8, (12, 18): -7, (12, 17): -4, (12, 16): 6, (13, 31): -8, (13, 27): 6, (13, 24): 3, (13, 23): -6, (13, 22): 7, (13, 19): -11, (14, 31): -4, (14, 28): 10, (14, 26): 9, (15, 31): 2, (15, 30): 3, (15, 28): 14, (15, 27): -13, (15, 24): 4, (15, 19): -13, (15, 17): -1, (16, 24): -11, (16, 22): 2, (16, 21): 4, (16, 20): -7, (17, 31): 6, (17, 29): -12, (17, 27): -4, (17, 20): -13, (17, 19): 13, (18, 30): -6, (18, 25): -1, (18, 20): 6, (19, 24): 11, (19, 23): -2, (19, 22): -6, (19, 21): 1, (20, 28): -6, (21, 27): -3, (22, 27): 5, (22, 25): -9, (23, 30): 4, (24, 31): -12, (24, 27): 7, (24, 25): 10, (25, 29): -4, (26, 27): 6, (30, 31): 2}
test1

{}
   1 31 30 28 26 21 18 16 15  9  5  3  2 24 22 13 10  8 ... 20 energy num_oc.
0 +1 -1 -1 -1 +1 -1 +1 -1 +1 -1 +1 -1 -1 -1 +1 +1 -1 +1 ... -1 -508.0      16
1 -1 +1 +1 +1 -1 +1 -1 +1 -1 +1 -1 +1 +1 +1 -1 -1 +1 -1 ... +1 -508.0       9
2 +1 -1 -1 -1 +1 -1 +1 -1 +1 -1 +1 -1 -1 -1 +1 +1 -1 +1 ... -1 -508.0       5
3 -1 -1 +1 +1 -1 +1 -1 +1 -1 +1 -1 +1 +1 +1 -1 -1 +1 -1 ... +1 -508.0       5
4 -1 +1 +1 +1 -1 +1 -1 +1 -1 +1 -1 +1 +1 +1 -1 -1 +1 -1 ... +1 -508.0       3
5 +1 +1 -1 -1 +1 -1 +1 -1 +1 -1 +1 -1 -1 -1 +1 +1 -1 +1 ... -1 -508.0       2
6 +1 +1 -1 -1 +1 -1 +1 -1 +1 -1 +1 -1 -1 -1 +1 +1 -1 +1 ... -1 -508.0      11
['SPIN', 7 rows, 51 samples, 31 variables]
energies=[-508.0, -508.0, -508.0, -508.0, -508.0, -508.0, -508.0]
