Sample 0:51
Sample 1:51
Sample 2:51
Sample 3:51
Sample 4:51
Sample 5:51
Sample 6:51
Sample 7:-137
Sample 8:-189
Sample 9:-159
Sample 10:-159
Sample 11:-159
Sample 12:-159
Sample 13:-159
Sample 14:-159
Sample 15:-159
Sample 16:-159
Sample 17:-159
Sample 18:-159
Sample 19:-159
Sample 20:-159
Sample 21:-159
Sample 22:-159
Sample 23:-159
Sample 24:-159
Sample 25:-159
Sample 26:-159
Sample 27:-159
Sample 28:-159
Sample 29:-159
Sample 30:-159
Sample 31:-159
Sample 32:-159
Sample 33:-159
Sample 34:-159
Sample 35:-159
Sample 36:-159
Sample 37:-159
Sample 38:-159
Sample 39:-159
Sample 40:-159
Sample 41:-159
Sample 42:-159
Sample 43:-159
Sample 44:-159
Sample 45:-159
Sample 46:-159
Sample 47:-159
Sample 48:-159
Sample 49:-159
Sample 50:-159
Sample 51:-159
Sample 52:-159
Sample 53:-159
Sample 54:-159
Sample 55:-159
Sample 56:-159
Sample 57:-159
Sample 58:-159
Sample 59:-159
Sample 60:-159
Sample 61:-159
Sample 62:-159
Sample 63:-159
Sample 64:-159
Sample 65:-159
Sample 66:-159
Sample 67:-159
Sample 68:-159
Sample 69:-159
Sample 70:-159
Sample 71:-159
Sample 72:-159
Sample 73:-159
Sample 74:-159
Sample 75:-159
Sample 76:-159
Sample 77:-159
Sample 78:-159
Sample 79:-159
Sample 80:-159
Sample 81:-159
Sample 82:-159
Sample 83:-159
Sample 84:-159
Sample 85:-159
Sample 86:-159
Sample 87:-159
Sample 88:-159
Sample 89:-159
Sample 90:-159
Sample 91:-159
Sample 92:-159
Sample 93:-159
Sample 94:-159
Sample 95:-159
Sample 96:-159
Sample 97:-159
Sample 98:-159
Sample 99:-159
Best Ham: -189
Sucess Probability: 92
Ham Average: -144.38
