[[1 0 0 ... 0 0 7]
 [1 0 0 ... 0 7 0]
 [1 0 0 ... 7 0 0]
 ...
 [1 1 7 ... 0 0 0]
 [1 7 0 ... 0 0 0]
 [7 1 1 ... 1 1 1]]
0
test

{(1, 12): 3, (1, 11): 1, (1, 9): -11, (1, 8): -6, (1, 5): -9, (1, 4): 1, (1, 3): -1, (1, 2): -1, (2, 14): 8, (2, 13): -12, (2, 10): 9, (2, 9): 7, (2, 8): -3, (2, 6): -14, (2, 5): -6, (2, 4): -6, (3, 14): 12, (3, 13): 4, (3, 12): -2, (3, 11): 13, (3, 9): 9, (3, 8): -10, (3, 7): -3, (4, 14): -8, (4, 13): 7, (4, 12): 14, (4, 11): 2, (4, 10): -8, (4, 9): -2, (4, 8): 13, (4, 6): -7, (5, 14): 12, (5, 13): -12, (5, 9): 5, (5, 8): -4, (5, 7): -14, (5, 6): 8, (6, 14): 7, (6, 13): -12, (6, 11): 8, (6, 10): -5, (6, 9): 1, (6, 8): 12, (6, 7): 5, (7, 14): -1, (7, 11): 6, (7, 10): 13, (7, 9): -8, (7, 8): 4, (8, 14): 12, (8, 13): -2, (8, 12): 10, (8, 9): -11, (9, 13): 1, (9, 11): 6, (9, 10): -3, (10, 14): 6, (10, 13): -6, (10, 12): -12, (10, 11): -2, (11, 14): 12, (11, 12): 6, (12, 14): 6, (12, 13): -7}
test1

{}
   1 12 11  9  8  5  4  3  2 14 13 10  6  7 energy num_oc.
0 -1 -1 +1 -1 -1 -1 +1 -1 -1 +1 -1 +1 -1 -1 -189.0      22
1 -1 -1 +1 -1 -1 -1 +1 -1 -1 +1 -1 -1 -1 -1 -189.0      10
2 +1 +1 -1 +1 +1 +1 -1 +1 +1 -1 +1 +1 +1 +1 -189.0       8
3 +1 +1 -1 +1 +1 +1 -1 +1 +1 -1 +1 -1 +1 +1 -189.0      10
4 -1 +1 +1 -1 -1 -1 +1 -1 +1 +1 +1 +1 +1 -1 -181.0       1
5 +1 -1 -1 +1 +1 +1 -1 +1 -1 -1 -1 -1 -1 +1 -181.0       2
6 +1 -1 +1 +1 +1 +1 -1 -1 +1 -1 +1 -1 -1 +1 -167.0       1
['SPIN', 7 rows, 54 samples, 14 variables]
energies=[-189.0, -189.0, -189.0, -189.0, -181.0, -181.0, -167.0]
