Sample 0:-375
Sample 1:-685
Sample 2:-495
Sample 3:-407
Sample 4:-829
Sample 5:-393
Sample 6:-521
Sample 7:-817
Sample 8:-667
Sample 9:-663
Sample 10:-621
Sample 11:-613
Sample 12:-759
Sample 13:-713
Sample 14:-677
Sample 15:-535
Sample 16:-731
Sample 17:-789
Sample 18:-947
Sample 19:-365
Sample 20:-661
Sample 21:-735
Sample 22:-771
Sample 23:-319
Sample 24:-655
Sample 25:-753
Sample 26:-827
Sample 27:-555
Sample 28:-609
Sample 29:-561
Sample 30:-859
Sample 31:-737
Sample 32:-719
Sample 33:-627
Sample 34:-733
Sample 35:-695
Sample 36:-415
Sample 37:-767
Sample 38:-271
Sample 39:-927
Sample 40:-481
Sample 41:-603
Sample 42:-443
Sample 43:-837
Sample 44:-615
Sample 45:-383
Sample 46:-829
Sample 47:-507
Sample 48:-701
Sample 49:-451
Sample 50:-255
Sample 51:-883
Sample 52:-709
Sample 53:-565
Sample 54:-715
Sample 55:-347
Sample 56:-479
Sample 57:-483
Sample 58:-623
Sample 59:-693
Sample 60:-557
Sample 61:-429
Sample 62:-705
Sample 63:-769
Sample 64:-601
Sample 65:-557
Sample 66:-363
Sample 67:-427
Sample 68:-695
Sample 69:-479
Sample 70:-619
Sample 71:-777
Sample 72:-223
Sample 73:-711
Sample 74:-817
Sample 75:-793
Sample 76:-351
Sample 77:-807
Sample 78:201
Sample 79:-281
Sample 80:-685
Sample 81:-657
Sample 82:-793
Sample 83:-625
Sample 84:-673
Sample 85:-599
Sample 86:-545
Sample 87:-749
Sample 88:-611
Sample 89:-625
Sample 90:-483
Sample 91:-533
Sample 92:-721
Sample 93:-419
Sample 94:-549
Sample 95:-561
Sample 96:-365
Sample 97:-769
Sample 98:-951
Sample 99:-759
Best Ham: -951
Sucess Probability: 99
Ham Average: -608.32
