[[1 0 0 ... 0 0 7]
 [1 0 0 ... 0 7 0]
 [1 0 0 ... 7 0 0]
 ...
 [1 0 7 ... 0 0 0]
 [1 7 0 ... 0 0 0]
 [7 1 1 ... 1 1 1]]
0
test

{(1, 47): 4, (1, 46): -4, (1, 41): -3, (1, 40): 12, (1, 39): 10, (1, 33): -9, (1, 30): 7, (1, 22): -9, (1, 17): 2, (1, 13): 5, (1, 7): 9, (2, 46): -10, (2, 45): -14, (2, 42): -4, (2, 41): 8, (2, 40): 7, (2, 36): 6, (2, 31): -7, (2, 28): -12, (2, 26): -5, (2, 25): -3, (2, 17): 14, (2, 12): -4, (2, 7): -6, (2, 6): 12, (2, 5): 12, (2, 4): -11, (3, 46): -4, (3, 45): 7, (3, 44): -1, (3, 43): -4, (3, 41): 7, (3, 40): 13, (3, 34): -1, (3, 29): -12, (3, 18): -9, (3, 16): 9, (3, 15): -12, (3, 14): -7, (3, 10): -8, (3, 6): 8, (4, 46): -5, (4, 45): -12, (4, 43): -9, (4, 42): 14, (4, 41): 9, (4, 40): 3, (4, 36): 9, (4, 35): -1, (4, 33): 4, (4, 30): -11, (4, 29): -11, (4, 28): -1, (4, 25): 14, (4, 21): 9, (4, 15): -7, (4, 12): 14, (4, 8): -5, (5, 46): 11, (5, 45): -3, (5, 44): -6, (5, 42): 4, (5, 41): 14, (5, 40): -3, (5, 36): 8, (5, 32): 3, (5, 30): 5, (5, 28): 12, (5, 26): -1, (5, 24): -10, (5, 23): 5, (5, 20): 4, (5, 17): -4, (5, 15): -7, (5, 14): -7, (5, 10): 4, (5, 8): 1, (6, 46): 3, (6, 42): -14, (6, 41): 5, (6, 39): -12, (6, 38): 13, (6, 36): -7, (6, 35): -13, (6, 32): -2, (6, 26): 8, (6, 24): 5, (6, 23): 3, (6, 22): -11, (6, 20): 12, (6, 19): -6, (6, 9): 9, (7, 47): 5, (7, 43): -4, (7, 40): -6, (7, 39): -1, (7, 38): 14, (7, 37): 3, (7, 36): -9, (7, 35): -14, (7, 31): -4, (7, 30): -9, (7, 25): 9, (7, 23): -9, (7, 20): 8, (7, 17): 14, (7, 15): 13, (7, 14): 5, (7, 13): 14, (7, 10): 3, (8, 46): 12, (8, 42): 13, (8, 41): 4, (8, 36): 12, (8, 34): 6, (8, 31): -10, (8, 22): -11, (8, 17): -7, (9, 46): 11, (9, 44): 7, (9, 32): 14, (9, 31): 5, (9, 27): 1, (9, 25): 2, (9, 21): 12, (9, 17): 8, (9, 16): 7, (9, 13): -8, (9, 10): -4, (10, 46): 3, (10, 42): 3, (10, 31): -11, (10, 30): -5, (10, 27): -7, (10, 26): -11, (10, 25): 2, (10, 23): 6, (10, 22): 4, (10, 21): -1, (10, 17): 4, (10, 15): 9, (10, 11): -7, (11, 42): -2, (11, 39): 13, (11, 38): -14, (11, 37): -6, (11, 35): -7, (11, 33): -2, (11, 30): -11, (11, 18): -14, (11, 17): 3, (11, 16): 5, (12, 39): 13, (12, 35): 4, (12, 33): 4, (12, 25): -14, (12, 20): 7, (13, 45): 10, (13, 43): -13, (13, 37): -13, (13, 35): -5, (13, 34): 6, (13, 32): -3, (13, 24): -4, (13, 22): 7, (13, 19): 3, (13, 18): 12, (13, 17): 5, (14, 47): 1, (14, 34): -14, (14, 32): 9, (14, 28): 4, (14, 20): 6, (14, 17): -10, (15, 47): -7, (15, 45): 1, (15, 44): -9, (15, 42): -5, (15, 41): -9, (15, 40): -11, (15, 38): -6, (15, 35): 1, (15, 34): -13, (15, 31): 3, (15, 28): -4, (15, 25): 8, (15, 17): -2, (15, 16): 2, (16, 45): 9, (16, 43): 10, (16, 42): -13, (16, 41): 4, (16, 38): 11, (16, 35): -9, (16, 30): -10, (16, 27): -5, (16, 24): -12, (16, 21): 3, (16, 20): 2, (16, 17): 14, (17, 44): 14, (17, 42): 12, (17, 37): 6, (17, 34): -10, (17, 31): 11, (17, 28): -6, (17, 23): -9, (18, 45): 12, (18, 40): 11, (18, 38): -9, (18, 35): 9, (18, 31): 9, (18, 29): 11, (18, 22): 12, (19, 45): -4, (19, 44): -9, (19, 38): 1, (19, 37): -2, (19, 31): -4, (19, 29): 7, (19, 23): -2, (19, 20): 4, (20, 38): 13, (20, 35): 6, (20, 32): 4, (20, 29): -4, (20, 25): 9, (20, 24): -2, (20, 22): -8, (21, 43): -2, (21, 41): 3, (21, 37): 13, (21, 33): -6, (21, 31): -13, (21, 30): -14, (21, 28): 4, (21, 24): -4, (22, 44): 11, (22, 35): -14, (22, 33): -9, (22, 31): -9, (22, 28): 11, (22, 26): -1, (22, 25): -2, (23, 46): 11, (23, 43): -3, (23, 39): 7, (23, 38): 10, (23, 33): -11, (23, 25): 13, (23, 24): -13, (24, 47): 2, (24, 45): -6, (24, 40): -8, (24, 39): 8, (24, 34): -10, (24, 33): 12, (24, 29): -13, (24, 28): -12, (24, 25): 7, (25, 41): -5, (25, 35): 1, (25, 34): 13, (25, 33): 13, (25, 29): -8, (25, 28): 4, (26, 44): -12, (26, 41): 5, (26, 38): 5, (26, 37): 13, (26, 35): 2, (26, 34): 14, (26, 32): 9, (26, 29): 10, (27, 34): 2, (28, 44): -4, (28, 42): 6, (28, 38): -8, (28, 35): 10, (28, 30): 9, (29, 47): -7, (29, 38): 13, (29, 36): -10, (29, 35): 7, (29, 31): 2, (30, 42): -14, (30, 40): -4, (30, 36): -9, (30, 35): -10, (31, 36): 5, (31, 35): 11, (31, 33): 13, (32, 43): 2, (32, 36): 13, (32, 35): 8, (33, 47): 7, (33, 45): -5, (33, 44): 9, (33, 42): -4, (33, 37): 12, (33, 34): 12, (34, 44): -9, (34, 43): -13, (34, 41): -5, (34, 35): 10, (35, 45): 4, (35, 41): -8, (36, 46): 9, (37, 44): 13, (37, 43): -7, (37, 39): 9, (38, 44): -12, (38, 42): -14, (38, 39): -8, (39, 41): 13, (39, 40): -7, (41, 42): 5, (42, 46): 14, (42, 43): -12, (43, 46): -8, (43, 44): -9, (44, 47): -3, (44, 45): 10, (45, 46): -3}
test1

{}
   1 47 46 41 40 39 33 30 22 17 13  7  2 45 42 36 31 28 ... 11  energy num_oc.
0 +1 +1 +1 +1 -1 -1 -1 -1 -1 +1 +1 -1 -1 -1 -1 +1 -1 +1 ... +1 -1031.0      24
1 -1 -1 -1 -1 +1 +1 +1 +1 +1 -1 -1 +1 +1 +1 +1 -1 +1 -1 ... -1 -1031.0      10
2 +1 +1 -1 +1 -1 -1 -1 -1 -1 +1 +1 -1 -1 -1 -1 -1 -1 +1 ... +1 -1029.0       5
3 +1 +1 +1 +1 -1 -1 -1 -1 -1 +1 +1 -1 -1 -1 -1 -1 -1 +1 ... +1 -1027.0      11
4 -1 -1 -1 -1 +1 +1 +1 +1 +1 -1 -1 +1 +1 +1 +1 +1 +1 -1 ... -1 -1027.0       4
['SPIN', 5 rows, 54 samples, 47 variables]
energies=[-1031.0, -1031.0, -1029.0, -1027.0, -1027.0]
