[[1 0 0 ... 0 0 7]
 [1 0 0 ... 0 7 0]
 [1 0 0 ... 7 0 0]
 ...
 [1 6 7 ... 0 0 0]
 [1 7 5 ... 0 0 0]
 [7 1 1 ... 1 1 1]]
5
test

{(1, 40): 8, (1, 38): 11, (1, 37): 2, (1, 33): 11, (1, 31): 1, (1, 30): -12, (1, 20): -4, (1, 18): -6, (1, 16): -13, (1, 11): 5, (1, 10): -9, (1, 7): -9, (1, 3): -10, (1, 2): -11, (2, 37): 5, (2, 35): -10, (2, 30): 5, (2, 27): -9, (2, 22): 1, (2, 19): 8, (2, 13): 8, (2, 12): -4, (2, 11): -1, (2, 8): 5, (2, 7): 2, (2, 6): -3, (2, 5): -1, (2, 3): 11, (3, 40): 14, (3, 37): 7, (3, 36): 11, (3, 35): 11, (3, 34): 6, (3, 32): 5, (3, 31): -10, (3, 29): 4, (3, 27): 11, (3, 22): -8, (3, 17): 12, (3, 13): 3, (3, 12): -8, (3, 8): -1, (4, 35): 12, (4, 34): -13, (4, 30): -14, (4, 29): -1, (4, 25): -10, (4, 24): -6, (4, 23): -6, (4, 9): 8, (4, 7): -8, (4, 6): -11, (5, 36): 6, (5, 35): -7, (5, 34): -3, (5, 24): -1, (5, 23): -13, (5, 22): 12, (5, 20): 3, (5, 18): -9, (5, 17): -7, (5, 10): -13, (5, 8): 12, (5, 7): 7, (6, 40): -3, (6, 37): -7, (6, 35): -9, (6, 33): 8, (6, 30): -12, (6, 29): 13, (6, 28): 14, (6, 26): 14, (6, 25): -5, (6, 22): -11, (6, 19): 4, (6, 14): 10, (6, 10): -1, (6, 9): -5, (6, 8): -2, (7, 31): 4, (7, 30): 7, (7, 28): 11, (7, 26): -1, (7, 25): 12, (7, 24): -2, (7, 22): 4, (7, 21): -8, (7, 19): -13, (7, 18): -10, (7, 17): 9, (7, 14): 2, (7, 12): -2, (7, 11): -7, (7, 10): 4, (7, 9): -6, (8, 40): 7, (8, 39): 7, (8, 37): -2, (8, 35): -11, (8, 17): 4, (8, 14): -12, (8, 13): 1, (9, 39): -10, (9, 34): 5, (9, 30): -3, (9, 29): -3, (9, 26): -9, (9, 22): -11, (9, 19): 4, (9, 18): -6, (9, 17): -9, (9, 16): -2, (9, 14): 11, (9, 11): -6, (9, 10): 5, (10, 36): 4, (10, 33): -9, (10, 29): 7, (10, 26): -11, (10, 25): -6, (10, 24): -12, (10, 23): -4, (10, 20): -6, (10, 16): -12, (10, 14): 10, (10, 13): 4, (11, 39): 5, (11, 36): 10, (11, 35): -9, (11, 34): 4, (11, 29): -4, (11, 26): 2, (11, 24): 5, (11, 23): -6, (11, 21): 7, (11, 17): 8, (11, 13): 14, (12, 36): 14, (12, 34): 4, (12, 32): 2, (12, 31): 10, (12, 29): 6, (12, 22): 3, (12, 16): 2, (12, 13): -6, (13, 40): -2, (13, 34): -2, (13, 31): 2, (13, 30): -13, (13, 29): 5, (13, 27): -1, (13, 25): 8, (13, 23): 5, (13, 22): 9, (13, 16): -13, (13, 14): 13, (14, 39): -8, (14, 37): 8, (14, 36): -9, (14, 33): -12, (14, 32): -3, (14, 31): 6, (14, 30): 11, (14, 28): 1, (14, 27): -14, (14, 24): -7, (14, 23): -2, (14, 22): -4, (14, 19): 1, (14, 17): -12, (15, 40): 7, (15, 34): 12, (15, 33): -3, (15, 31): -3, (15, 28): -2, (15, 24): -3, (15, 23): -14, (15, 22): 12, (15, 21): -4, (15, 20): 7, (15, 17): -8, (16, 40): -10, (16, 38): 6, (16, 37): -13, (16, 35): 2, (16, 34): -4, (16, 32): -2, (16, 31): -1, (16, 29): 4, (16, 28): -8, (16, 27): -1, (16, 26): -3, (16, 25): 12, (16, 24): -2, (16, 23): -2, (17, 38): -1, (17, 36): 4, (17, 35): 11, (17, 32): -11, (17, 29): -11, (17, 28): 1, (17, 26): -11, (17, 24): -7, (18, 39): 3, (18, 38): 8, (18, 35): -14, (18, 34): -2, (18, 31): -9, (18, 30): -9, (18, 27): -5, (18, 24): -11, (18, 22): 2, (19, 39): -7, (19, 36): 10, (19, 35): 5, (19, 32): 9, (19, 31): 12, (19, 29): 6, (19, 28): 7, (19, 27): -1, (19, 21): 3, (19, 20): 1, (20, 40): -1, (20, 38): -10, (20, 37): 6, (20, 33): -2, (20, 30): 13, (20, 29): -7, (20, 28): -13, (20, 26): -13, (20, 23): 3, (20, 22): -3, (21, 38): -5, (21, 35): 7, (21, 30): -4, (21, 29): 4, (21, 28): 13, (21, 27): -7, (21, 26): 13, (21, 24): 2, (22, 40): -10, (22, 37): -7, (22, 34): 11, (22, 33): -7, (22, 32): 13, (22, 31): -4, (22, 30): 8, (22, 29): -10, (22, 28): -14, (22, 26): 6, (22, 25): -5, (22, 23): -11, (23, 38): 14, (23, 37): -7, (23, 36): -14, (23, 30): -11, (23, 29): 5, (23, 24): -4, (24, 32): -12, (24, 30): -11, (24, 28): -1, (24, 27): -10, (24, 25): -2, (25, 40): 12, (25, 37): 6, (25, 36): 7, (25, 35): 7, (25, 32): 9, (26, 39): 7, (26, 34): 12, (26, 32): -1, (26, 30): -10, (26, 29): 7, (26, 27): -11, (27, 40): -2, (27, 39): -2, (27, 33): 3, (27, 31): 8, (27, 30): -7, (28, 39): -6, (28, 37): -3, (28, 34): -1, (28, 31): -11, (29, 40): -2, (29, 37): -8, (29, 35): -5, (29, 32): -1, (30, 40): 12, (30, 36): -3, (30, 33): 13, (30, 32): -11, (31, 39): -10, (31, 36): 8, (31, 33): -6, (31, 32): 2, (32, 40): -4, (32, 38): 11, (32, 37): 3, (32, 36): 1, (32, 35): 10, (32, 34): 4, (32, 33): -8, (33, 38): -10, (33, 37): 11, (33, 35): 2, (34, 40): -12, (36, 39): -9, (36, 37): 1, (37, 40): -3, (37, 38): -4, (38, 40): -10, (39, 40): 13}
test1

{}
   1 40 38 37 33 31 30 20 18 16 11 10  7  3  2 35 27 22 ... 15 energy num_oc.
0 +1 +1 -1 +1 -1 -1 +1 -1 +1 +1 -1 +1 +1 -1 +1 -1 +1 -1 ... +1 -933.0      18
1 -1 -1 +1 -1 +1 +1 -1 +1 -1 -1 +1 -1 -1 +1 -1 +1 -1 +1 ... -1 -933.0      17
2 +1 +1 -1 +1 -1 -1 +1 -1 +1 +1 -1 +1 +1 -1 -1 -1 +1 -1 ... +1 -925.0       1
3 +1 -1 -1 +1 -1 -1 +1 -1 +1 +1 -1 +1 +1 +1 -1 -1 +1 -1 ... +1 -903.0       9
4 +1 +1 -1 +1 -1 -1 +1 -1 +1 +1 -1 +1 +1 -1 +1 +1 +1 -1 ... +1 -903.0       9
['SPIN', 5 rows, 54 samples, 40 variables]
energies=[-933.0, -933.0, -925.0, -903.0, -903.0]
