Sample 0:-1704
Sample 1:-1500
Sample 2:-1584
Sample 3:-1380
Sample 4:-1570
Sample 5:-1572
Sample 6:-1578
Sample 7:366
Sample 8:-1670
Sample 9:-1670
Sample 10:-1870
Sample 11:-2110
Sample 12:-1670
Sample 13:-1704
Sample 14:-2110
Sample 15:-2110
Sample 16:-1790
Sample 17:-1500
Sample 18:-1864
Sample 19:-1578
Sample 20:-1704
Sample 21:-1864
Sample 22:-1704
Sample 23:-1570
Sample 24:-1870
Sample 25:-1870
Sample 26:-1870
Sample 27:-1578
Sample 28:-1916
Sample 29:-1870
Sample 30:-1500
Sample 31:-1704
Sample 32:-1584
Sample 33:-1570
Sample 34:-1870
Sample 35:-1870
Sample 36:-1644
Sample 37:-1870
Sample 38:-1458
Sample 39:-1570
Sample 40:-1670
Sample 41:-1864
Sample 42:-1864
Sample 43:-1584
Sample 44:-1870
Sample 45:-1704
Sample 46:-2110
Sample 47:-1670
Sample 48:-2110
Sample 49:-2110
Sample 50:-2110
Sample 51:-1670
Sample 52:-1704
Sample 53:-1746
Sample 54:-1670
Sample 55:-1578
Sample 56:-1578
Sample 57:-1870
Sample 58:-1916
Sample 59:-2110
Sample 60:-2110
Sample 61:-1670
Sample 62:-2110
Sample 63:-1670
Sample 64:-1458
Sample 65:-1570
Sample 66:-1870
Sample 67:-1362
Sample 68:-1648
Sample 69:-1704
Sample 70:-1380
Sample 71:-1578
Sample 72:-1670
Sample 73:-1578
Sample 74:-1500
Sample 75:-1748
Sample 76:-2110
Sample 77:-2110
Sample 78:-2110
Sample 79:-2110
Sample 80:-1570
Sample 81:-1870
Sample 82:-1578
Sample 83:-1380
Sample 84:-1424
Sample 85:-1500
Sample 86:-1570
Sample 87:-2110
Sample 88:-1578
Sample 89:-1870
Sample 90:-2110
Sample 91:-1746
Sample 92:-1380
Sample 93:-1500
Sample 94:-1500
Sample 95:-1572
Sample 96:-2110
Sample 97:-1704
Sample 98:-1578
Sample 99:-2110
Best Ham: -2110
Sucess Probability: 99
Ham Average: -1719.58
