[[1 0 0 ... 0 0 7]
 [1 0 0 ... 0 7 0]
 [1 0 0 ... 7 0 0]
 ...
 [1 2 7 ... 0 0 0]
 [1 7 2 ... 0 0 0]
 [7 1 1 ... 1 1 1]]
2
test

{(1, 15): 12, (1, 12): 9, (1, 10): -13, (1, 9): 8, (1, 8): -5, (1, 7): 3, (1, 4): 4, (1, 3): -1, (1, 2): -4, (2, 17): -4, (2, 16): 2, (2, 15): -14, (2, 13): -13, (2, 11): 3, (2, 8): 7, (2, 6): -12, (2, 4): -4, (3, 17): -3, (3, 11): 8, (3, 8): 7, (3, 5): -4, (4, 15): -8, (4, 13): 1, (4, 11): -4, (4, 8): -14, (4, 7): 9, (4, 6): 5, (5, 16): 12, (5, 15): -13, (5, 13): 5, (5, 12): 3, (5, 11): 8, (5, 10): 7, (5, 8): -7, (5, 7): 12, (6, 16): 4, (6, 15): 8, (6, 14): 14, (6, 12): 12, (6, 11): 2, (6, 9): -11, (6, 7): -12, (7, 17): -5, (7, 16): 3, (7, 12): 8, (7, 11): 14, (7, 10): -14, (7, 9): 1, (8, 16): -2, (8, 14): 9, (8, 12): 4, (9, 17): 4, (9, 15): 7, (9, 12): -3, (10, 16): 10, (10, 15): 3, (10, 13): 10, (10, 11): 1, (11, 17): -6, (11, 16): -10, (11, 15): 6, (11, 14): -1, (12, 15): -7, (12, 14): 7, (13, 17): 7, (13, 16): 5, (13, 15): -6, (15, 17): -3}
test1

{}
   1 15 12 10  9  8  7  4  3  2 17 16 13 11  6  5 14 energy num_oc.
0 -1 +1 +1 -1 -1 +1 -1 +1 -1 -1 +1 +1 -1 +1 -1 +1 -1 -231.0      17
1 +1 -1 -1 +1 +1 -1 +1 -1 +1 +1 -1 -1 +1 -1 +1 -1 +1 -231.0      12
2 +1 -1 -1 +1 +1 +1 +1 -1 -1 -1 +1 +1 -1 +1 +1 -1 -1 -223.0      11
3 -1 +1 +1 -1 -1 -1 -1 +1 +1 +1 -1 -1 +1 -1 -1 +1 +1 -223.0      13
4 +1 -1 -1 +1 +1 -1 +1 -1 +1 -1 -1 -1 -1 -1 +1 -1 +1 -215.0       9
['SPIN', 5 rows, 62 samples, 17 variables]
energies=[-231.0, -231.0, -223.0, -223.0, -215.0]
