Sample 0:-769
Sample 1:-769
Sample 2:-769
Sample 3:-739
Sample 4:-729
Sample 5:-661
Sample 6:-811
Sample 7:-841
Sample 8:-841
Sample 9:-853
Sample 10:-841
Sample 11:-809
Sample 12:-699
Sample 13:-797
Sample 14:-699
Sample 15:-839
Sample 16:-813
Sample 17:-839
Sample 18:-813
Sample 19:-811
Sample 20:-809
Sample 21:-717
Sample 22:-811
Sample 23:-811
Sample 24:-841
Sample 25:-813
Sample 26:-839
Sample 27:-797
Sample 28:-767
Sample 29:-881
Sample 30:-855
Sample 31:-767
Sample 32:-797
Sample 33:-797
Sample 34:-811
Sample 35:-809
Sample 36:-661
Sample 37:-661
Sample 38:-789
Sample 39:-811
Sample 40:-809
Sample 41:-797
Sample 42:-767
Sample 43:-767
Sample 44:-767
Sample 45:-767
Sample 46:-811
Sample 47:-699
Sample 48:-691
Sample 49:-661
Sample 50:-841
Sample 51:-699
Sample 52:-717
Sample 53:-661
Sample 54:-883
Sample 55:-797
Sample 56:-853
Sample 57:-793
Sample 58:-813
Sample 59:-767
Sample 60:-691
Sample 61:-809
Sample 62:-797
Sample 63:-661
Sample 64:-811
Sample 65:-811
Sample 66:-813
Sample 67:-661
Sample 68:-797
Sample 69:-843
Sample 70:-809
Sample 71:-809
Sample 72:-885
Sample 73:-841
Sample 74:-661
Sample 75:-767
Sample 76:-811
Sample 77:-809
Sample 78:-661
Sample 79:-699
Sample 80:-811
Sample 81:-717
Sample 82:-767
Sample 83:-767
Sample 84:-839
Sample 85:-767
Sample 86:-811
Sample 87:-815
Sample 88:-841
Sample 89:-811
Sample 90:-797
Sample 91:175
Sample 92:-841
Sample 93:-815
Sample 94:-797
Sample 95:-767
Sample 96:-809
Sample 97:-811
Sample 98:-811
Sample 99:-729
Best Ham: -885
Sucess Probability: 99
Ham Average: -773.4
