Sample 0:-619
Sample 1:-619
Sample 2:137
Sample 3:-619
Sample 4:-619
Sample 5:-657
Sample 6:-619
Sample 7:-619
Sample 8:-657
Sample 9:-619
Sample 10:-619
Sample 11:-619
Sample 12:-619
Sample 13:-619
Sample 14:-547
Sample 15:-619
Sample 16:-619
Sample 17:-619
Sample 18:-619
Sample 19:-657
Sample 20:-619
Sample 21:-619
Sample 22:-619
Sample 23:-619
Sample 24:-619
Sample 25:-619
Sample 26:-619
Sample 27:-619
Sample 28:-619
Sample 29:-619
Sample 30:-619
Sample 31:-619
Sample 32:-619
Sample 33:-657
Sample 34:-619
Sample 35:-657
Sample 36:-485
Sample 37:-619
Sample 38:-619
Sample 39:-619
Sample 40:-619
Sample 41:-619
Sample 42:-619
Sample 43:-619
Sample 44:-619
Sample 45:-619
Sample 46:-619
Sample 47:-657
Sample 48:-619
Sample 49:-619
Sample 50:-619
Sample 51:-657
Sample 52:-619
Sample 53:-619
Sample 54:-619
Sample 55:-619
Sample 56:-619
Sample 57:-619
Sample 58:-619
Sample 59:-619
Sample 60:-619
Sample 61:-619
Sample 62:-619
Sample 63:-619
Sample 64:-619
Sample 65:-619
Sample 66:-619
Sample 67:-619
Sample 68:-619
Sample 69:-619
Sample 70:-619
Sample 71:-619
Sample 72:-619
Sample 73:-619
Sample 74:-619
Sample 75:-619
Sample 76:-657
Sample 77:-619
Sample 78:-657
Sample 79:-619
Sample 80:-619
Sample 81:-619
Sample 82:-619
Sample 83:-619
Sample 84:-619
Sample 85:-619
Sample 86:-619
Sample 87:-619
Sample 88:-657
Sample 89:-619
Sample 90:-623
Sample 91:-619
Sample 92:-619
Sample 93:-619
Sample 94:-619
Sample 95:-619
Sample 96:-619
Sample 97:-619
Sample 98:-619
Sample 99:-619
Best Ham: -657
Sucess Probability: 99
Ham Average: -613.22
