[[ 1  0  0 ...  0  0  7]
 [ 1  0  0 ...  0  7  0]
 [ 1  0  0 ...  7  0  0]
 ...
 [ 1 -3  7 ...  0  0  0]
 [ 1  7 -4 ...  0  0  0]
 [ 7  1  1 ...  1  1  1]]
-4
test

{(1, 10): -9, (1, 9): -2, (1, 8): 3, (1, 6): -7, (1, 4): -14, (1, 3): 12, (1, 2): 7, (2, 14): -10, (2, 13): 6, (2, 12): 1, (2, 11): -14, (2, 10): -5, (2, 9): -7, (2, 8): -13, (2, 5): -8, (3, 14): 10, (3, 12): -5, (3, 10): -7, (3, 9): -1, (3, 7): -3, (4, 14): 9, (4, 13): 8, (4, 12): -1, (4, 11): -11, (4, 10): 12, (4, 9): -14, (4, 8): 10, (4, 7): -2, (4, 6): -12, (4, 5): -5, (5, 14): -13, (5, 13): -10, (5, 11): -3, (5, 10): 10, (5, 8): -4, (5, 7): 14, (5, 6): 11, (6, 14): -11, (6, 12): 10, (6, 10): -10, (6, 9): -4, (7, 14): -8, (7, 12): 2, (7, 11): -12, (7, 10): -14, (7, 9): 11, (8, 14): -4, (8, 13): 1, (8, 12): -4, (8, 11): -10, (8, 10): -2, (8, 9): 3, (9, 14): -10, (9, 13): 14, (9, 12): -4, (9, 11): -7, (9, 10): 10, (10, 14): 2, (10, 13): -4, (11, 14): -13, (11, 12): 5, (12, 14): 9, (12, 13): 7, (13, 14): -3}
test1

{}
   1 10  9  8  6  4  3  2 14 13 12 11  5  7 energy num_oc.
0 +1 -1 +1 +1 +1 +1 -1 +1 +1 -1 -1 +1 +1 -1 -241.0      14
1 -1 +1 -1 -1 -1 -1 +1 -1 -1 +1 +1 -1 -1 +1 -241.0      18
2 +1 +1 +1 +1 +1 +1 -1 +1 +1 -1 -1 +1 -1 +1 -219.0       1
3 -1 +1 -1 +1 -1 -1 +1 +1 +1 +1 -1 +1 +1 +1 -217.0      10
4 +1 -1 +1 -1 +1 +1 -1 -1 -1 -1 +1 -1 -1 -1 -217.0      11
['SPIN', 5 rows, 54 samples, 14 variables]
energies=[-241.0, -241.0, -219.0, -217.0, -217.0]
