[[1 0 0 ... 0 0 7]
 [1 0 0 ... 0 7 0]
 [1 0 0 ... 7 0 0]
 ...
 [1 0 7 ... 0 0 0]
 [1 7 0 ... 0 0 0]
 [7 1 1 ... 1 1 1]]
0
test

{(1, 40): 2, (1, 39): 1, (1, 34): -10, (1, 33): 11, (1, 29): 1, (1, 24): 14, (1, 20): 2, (1, 18): -7, (1, 12): 4, (1, 11): 4, (2, 42): 9, (2, 32): -13, (2, 31): 11, (2, 30): 13, (2, 28): -7, (2, 27): -13, (2, 24): -1, (2, 21): 1, (2, 19): 6, (2, 16): -8, (2, 9): 11, (3, 42): -14, (3, 40): 5, (3, 33): 7, (3, 24): 3, (3, 22): 14, (3, 17): 6, (3, 14): 7, (3, 6): 4, (3, 4): 1, (4, 35): -4, (4, 33): -9, (4, 27): 3, (4, 24): 6, (4, 21): 11, (4, 19): 2, (4, 14): -4, (4, 13): 10, (4, 12): 9, (4, 11): 1, (5, 41): -3, (5, 39): -4, (5, 38): -5, (5, 37): -2, (5, 35): 3, (5, 33): 5, (5, 31): 8, (5, 30): 11, (5, 25): -14, (5, 21): 1, (5, 20): -13, (5, 18): -10, (5, 17): -10, (5, 13): -6, (5, 7): 12, (5, 6): 13, (6, 42): 4, (6, 41): -13, (6, 35): -5, (6, 34): 9, (6, 26): 12, (6, 24): -1, (6, 22): -10, (6, 21): -8, (6, 15): 8, (6, 12): -14, (7, 33): -7, (7, 26): 7, (7, 24): -1, (7, 21): -3, (7, 17): 10, (7, 11): -13, (7, 10): 1, (8, 40): 12, (8, 39): 12, (8, 38): 8, (8, 32): 10, (8, 27): 2, (8, 23): 5, (8, 21): -11, (8, 19): 11, (8, 15): -11, (8, 11): -3, (8, 9): 3, (9, 41): -8, (9, 34): 2, (9, 27): 7, (9, 24): -1, (9, 14): -12, (9, 10): 1, (10, 41): -11, (10, 32): -5, (10, 31): 6, (10, 29): -9, (10, 28): -1, (10, 26): 11, (10, 22): 4, (10, 17): -4, (10, 14): 6, (10, 12): 2, (11, 41): 10, (11, 39): -8, (11, 38): 11, (11, 34): 14, (11, 33): 5, (11, 32): 7, (11, 27): -7, (11, 24): -11, (11, 21): 5, (11, 20): 6, (11, 16): 6, (11, 15): -11, (11, 14): -9, (12, 42): -12, (12, 40): 3, (12, 30): -7, (12, 27): 11, (12, 24): 1, (12, 22): -6, (12, 21): -1, (12, 17): 3, (12, 16): -2, (12, 14): 2, (12, 13): -14, (13, 42): -1, (13, 39): 13, (13, 38): -9, (13, 36): 10, (13, 33): 10, (13, 30): 4, (13, 29): -4, (13, 26): -4, (13, 25): -8, (13, 18): 7, (13, 15): -3, (13, 14): -4, (14, 41): 2, (14, 39): -4, (14, 38): -2, (14, 36): 4, (14, 30): 1, (14, 25): 3, (14, 24): 4, (14, 22): -9, (14, 19): 4, (14, 17): 9, (14, 15): 3, (15, 41): 10, (15, 38): -5, (15, 36): -1, (15, 34): 9, (15, 32): 7, (15, 27): -6, (15, 25): -4, (15, 21): -4, (15, 18): -4, (15, 17): 7, (16, 40): 14, (16, 38): 7, (16, 36): -14, (16, 35): -4, (16, 33): -1, (16, 31): 10, (16, 27): -12, (16, 25): -2, (16, 19): 11, (16, 18): 8, (17, 42): -3, (17, 38): -9, (17, 26): -9, (17, 21): 4, (18, 41): -4, (18, 36): -6, (18, 35): -6, (18, 32): 11, (18, 31): -11, (18, 26): -10, (19, 41): -4, (19, 38): -9, (19, 37): -7, (19, 35): -7, (19, 31): -14, (19, 30): -8, (19, 28): 13, (19, 27): 6, (19, 25): 12, (20, 36): 10, (20, 34): 11, (20, 29): 11, (20, 27): 11, (20, 24): 1, (21, 40): 6, (21, 38): 11, (21, 33): -11, (21, 30): -6, (21, 23): -6, (22, 42): -2, (22, 38): 1, (22, 36): 2, (22, 33): -1, (22, 32): -9, (22, 23): -14, (23, 38): -2, (23, 37): 4, (23, 35): 9, (23, 26): 9, (24, 42): 2, (24, 41): 9, (24, 35): -2, (24, 27): -13, (24, 25): -7, (25, 38): -3, (25, 37): -12, (25, 34): -14, (25, 33): 5, (25, 29): 9, (26, 42): -1, (26, 38): -5, (26, 35): -6, (27, 42): -13, (27, 35): 9, (27, 31): 3, (27, 29): 12, (28, 36): 1, (28, 30): 5, (28, 29): 6, (29, 39): 8, (29, 38): -10, (29, 37): -3, (29, 36): -12, (29, 34): -13, (29, 32): 12, (29, 30): -13, (30, 38): 1, (30, 37): 14, (30, 32): -8, (31, 38): 9, (31, 35): -2, (32, 41): -10, (32, 36): -2, (32, 35): 5, (33, 42): 9, (33, 40): 4, (33, 38): -1, (33, 37): -4, (33, 34): 5, (34, 40): 14, (34, 36): 3, (34, 35): 12, (35, 42): -6, (35, 41): -5, (35, 40): 2, (35, 39): 8, (36, 39): 7, (38, 42): -11, (38, 41): -11, (38, 39): -6, (39, 42): -7}
test1

{}
   1 40 39 34 33 29 24 20 18 12 11  2 42 32 31 30 28 27 ... 36 energy num_oc.
0 -1 +1 -1 -1 +1 +1 +1 -1 +1 +1 +1 -1 -1 -1 +1 +1 -1 -1 ... +1 -869.0      14
1 +1 -1 +1 +1 -1 -1 -1 +1 -1 -1 -1 +1 +1 +1 -1 -1 +1 +1 ... -1 -869.0      15
2 -1 +1 +1 -1 +1 -1 +1 +1 -1 +1 +1 -1 -1 +1 +1 +1 -1 -1 ... -1 -855.0       1
3 +1 -1 -1 +1 -1 +1 -1 -1 +1 -1 -1 +1 +1 -1 -1 -1 +1 +1 ... +1 -855.0       9
4 +1 +1 -1 +1 -1 +1 -1 +1 +1 +1 -1 -1 +1 -1 +1 +1 -1 -1 ... -1 -855.0       5
5 -1 -1 +1 -1 +1 -1 +1 -1 -1 -1 +1 +1 -1 +1 -1 -1 +1 +1 ... +1 -855.0      11
['SPIN', 6 rows, 55 samples, 42 variables]
energies=[-869.0, -869.0, -855.0, -855.0, -855.0, -855.0]
