Sample 0:-257
Sample 1:-257
Sample 2:-183
Sample 3:-231
Sample 4:-159
Sample 5:-433
Sample 6:-119
Sample 7:-245
Sample 8:-289
Sample 9:-345
Sample 10:-345
Sample 11:-345
Sample 12:-345
Sample 13:-345
Sample 14:-345
Sample 15:-345
Sample 16:-345
Sample 17:-345
Sample 18:63
Sample 19:-345
Sample 20:-345
Sample 21:-345
Sample 22:-345
Sample 23:-345
Sample 24:-345
Sample 25:-345
Sample 26:-345
Sample 27:-345
Sample 28:-345
Sample 29:-345
Sample 30:-345
Sample 31:-345
Sample 32:-345
Sample 33:-345
Sample 34:-345
Sample 35:-345
Sample 36:-345
Sample 37:-345
Sample 38:-345
Sample 39:-345
Sample 40:-345
Sample 41:-345
Sample 42:-345
Sample 43:-345
Sample 44:-345
Sample 45:-345
Sample 46:-345
Sample 47:-345
Sample 48:-345
Sample 49:-345
Sample 50:-345
Sample 51:-345
Sample 52:-345
Sample 53:-345
Sample 54:-345
Sample 55:-345
Sample 56:-345
Sample 57:-345
Sample 58:-345
Sample 59:-345
Sample 60:-345
Sample 61:-345
Sample 62:-345
Sample 63:-345
Sample 64:-345
Sample 65:-345
Sample 66:-345
Sample 67:-345
Sample 68:-345
Sample 69:-345
Sample 70:-345
Sample 71:-345
Sample 72:-345
Sample 73:-345
Sample 74:-345
Sample 75:-345
Sample 76:-345
Sample 77:-345
Sample 78:-345
Sample 79:-345
Sample 80:-345
Sample 81:-345
Sample 82:-345
Sample 83:-345
Sample 84:-345
Sample 85:-345
Sample 86:-345
Sample 87:-345
Sample 88:-345
Sample 89:-345
Sample 90:-345
Sample 91:-345
Sample 92:-345
Sample 93:-345
Sample 94:-345
Sample 95:-345
Sample 96:-345
Sample 97:-345
Sample 98:-345
Sample 99:-345
Best Ham: -433
Sucess Probability: 98
Ham Average: -331.6
