Sample 0:-952
Sample 1:-1358
Sample 2:-928
Sample 3:-1414
Sample 4:-1152
Sample 5:-1326
Sample 6:-1322
Sample 7:-1326
Sample 8:-1276
Sample 9:-1148
Sample 10:-1422
Sample 11:-1522
Sample 12:-1522
Sample 13:-1358
Sample 14:-1216
Sample 15:-828
Sample 16:-1254
Sample 17:-1202
Sample 18:-1250
Sample 19:-984
Sample 20:-1108
Sample 21:-1420
Sample 22:-974
Sample 23:-1666
Sample 24:-1298
Sample 25:-1288
Sample 26:-1282
Sample 27:-502
Sample 28:-1242
Sample 29:-1180
Sample 30:-1248
Sample 31:-1532
Sample 32:-964
Sample 33:-380
Sample 34:-1162
Sample 35:-1434
Sample 36:-1220
Sample 37:-1432
Sample 38:-1206
Sample 39:-1194
Sample 40:-1268
Sample 41:-998
Sample 42:-1306
Sample 43:-1530
Sample 44:-790
Sample 45:-860
Sample 46:-1396
Sample 47:-780
Sample 48:-1474
Sample 49:-1330
Sample 50:-804
Sample 51:-1362
Sample 52:-1344
Sample 53:-988
Sample 54:-916
Sample 55:-1220
Sample 56:-936
Sample 57:-864
Sample 58:-1220
Sample 59:-1464
Sample 60:-1334
Sample 61:-1242
Sample 62:-734
Sample 63:-1360
Sample 64:-1454
Sample 65:-1164
Sample 66:-1224
Sample 67:-998
Sample 68:-1490
Sample 69:-872
Sample 70:-1002
Sample 71:-1442
Sample 72:-560
Sample 73:-1488
Sample 74:-1360
Sample 75:-1380
Sample 76:-760
Sample 77:-928
Sample 78:28
Sample 79:-954
Sample 80:-928
Sample 81:-534
Sample 82:-928
Sample 83:-928
Sample 84:-866
Sample 85:-928
Sample 86:-1086
Sample 87:-714
Sample 88:-928
Sample 89:-1010
Sample 90:-1010
Sample 91:-742
Sample 92:-492
Sample 93:-534
Sample 94:-714
Sample 95:-928
Sample 96:-714
Sample 97:-1498
Sample 98:-928
Sample 99:-1010
Best Ham: -1666
Sucess Probability: 99
Ham Average: -1104.8
