Sample 0:-349
Sample 1:-365
Sample 2:-345
Sample 3:-569
Sample 4:-391
Sample 5:-439
Sample 6:-323
Sample 7:-319
Sample 8:-577
Sample 9:-379
Sample 10:-457
Sample 11:-267
Sample 12:-233
Sample 13:3
Sample 14:-141
Sample 15:-709
Sample 16:-609
Sample 17:-419
Sample 18:-335
Sample 19:-655
Sample 20:-279
Sample 21:-557
Sample 22:-503
Sample 23:-581
Sample 24:-485
Sample 25:-293
Sample 26:-275
Sample 27:-253
Sample 28:-423
Sample 29:-53
Sample 30:-279
Sample 31:-307
Sample 32:-281
Sample 33:-579
Sample 34:-357
Sample 35:-425
Sample 36:-575
Sample 37:-399
Sample 38:-307
Sample 39:-325
Sample 40:-507
Sample 41:-351
Sample 42:-313
Sample 43:-59
Sample 44:-461
Sample 45:-633
Sample 46:-251
Sample 47:-461
Sample 48:-253
Sample 49:-503
Sample 50:-599
Sample 51:-289
Sample 52:-349
Sample 53:-447
Sample 54:-475
Sample 55:-411
Sample 56:-353
Sample 57:-251
Sample 58:-431
Sample 59:-463
Sample 60:-465
Sample 61:-573
Sample 62:-459
Sample 63:-463
Sample 64:-543
Sample 65:-451
Sample 66:-377
Sample 67:-297
Sample 68:-587
Sample 69:-475
Sample 70:-507
Sample 71:-641
Sample 72:-653
Sample 73:-463
Sample 74:-615
Sample 75:-397
Sample 76:-659
Sample 77:-329
Sample 78:-479
Sample 79:-393
Sample 80:-673
Sample 81:-437
Sample 82:-219
Sample 83:-285
Sample 84:-387
Sample 85:-395
Sample 86:-267
Sample 87:-441
Sample 88:-543
Sample 89:-391
Sample 90:-649
Sample 91:-435
Sample 92:-567
Sample 93:-243
Sample 94:-317
Sample 95:-311
Sample 96:-627
Sample 97:-561
Sample 98:-427
Sample 99:-445
Best Ham: -709
Sucess Probability: 96
Ham Average: -417.2
