[[1 0 0 ... 0 0 7]
 [1 0 0 ... 0 7 0]
 [1 0 0 ... 7 0 0]
 ...
 [1 0 7 ... 0 0 0]
 [1 7 0 ... 0 0 0]
 [7 1 1 ... 1 1 1]]
0
test

{(1, 47): -1, (1, 41): 5, (1, 37): 8, (1, 29): 5, (1, 26): -6, (1, 25): 3, (1, 18): -9, (1, 16): 7, (1, 13): -3, (1, 11): 4, (1, 9): -13, (1, 6): 5, (1, 4): 1, (1, 3): -12, (2, 52): 14, (2, 51): 7, (2, 48): -1, (2, 47): -1, (2, 44): 7, (2, 43): 10, (2, 41): -2, (2, 39): -13, (2, 38): 6, (2, 37): 1, (2, 21): -6, (2, 18): 12, (2, 15): 7, (2, 12): -10, (2, 10): 13, (2, 8): -10, (2, 7): -7, (2, 6): 12, (3, 51): -8, (3, 48): -4, (3, 47): 6, (3, 27): 6, (3, 26): -6, (3, 19): -12, (3, 17): 7, (3, 16): -3, (3, 11): 3, (3, 6): 8, (4, 48): 14, (4, 46): -1, (4, 35): -3, (4, 24): 4, (4, 20): -8, (4, 9): -4, (4, 8): -13, (5, 48): 5, (5, 47): -13, (5, 42): 4, (5, 37): 6, (5, 35): 5, (5, 32): 3, (5, 24): 3, (5, 12): 10, (5, 8): -6, (6, 49): -5, (6, 47): 8, (6, 46): -7, (6, 44): 1, (6, 43): 7, (6, 41): 6, (6, 37): 5, (6, 32): -11, (6, 30): -7, (6, 29): 9, (6, 25): -6, (6, 24): 8, (6, 15): -4, (6, 12): 8, (6, 7): 5, (7, 46): -12, (7, 41): 1, (7, 39): 3, (7, 37): -5, (7, 36): 10, (7, 34): 13, (7, 33): -13, (7, 31): 12, (7, 21): 10, (7, 20): -1, (7, 15): -7, (7, 14): 13, (7, 12): -10, (7, 10): 1, (7, 8): -13, (8, 44): 13, (8, 41): 6, (8, 39): 1, (8, 36): -8, (8, 32): -2, (8, 31): 7, (8, 27): -6, (8, 26): 2, (8, 17): -8, (8, 14): 8, (8, 12): 11, (8, 10): 5, (9, 48): 10, (9, 46): -5, (9, 40): 14, (9, 38): 5, (9, 37): 5, (9, 36): 4, (9, 35): 13, (9, 31): -9, (9, 29): 11, (9, 27): 14, (9, 26): -9, (9, 24): 11, (9, 21): 13, (9, 20): 9, (9, 17): 2, (9, 15): -13, (9, 14): -7, (9, 12): -2, (10, 50): 5, (10, 46): -14, (10, 41): 3, (10, 40): 10, (10, 39): 3, (10, 38): 12, (10, 27): 6, (10, 26): -2, (10, 25): 5, (10, 22): -11, (10, 15): -12, (10, 13): -8, (10, 11): 4, (11, 36): 9, (11, 31): -13, (11, 30): -8, (11, 29): -8, (11, 26): -1, (11, 25): -2, (11, 21): -11, (11, 16): -11, (12, 43): 7, (12, 38): -9, (12, 36): -11, (12, 34): 10, (12, 26): 2, (12, 25): -14, (12, 21): -1, (12, 20): 5, (12, 19): -1, (13, 51): -10, (13, 50): -9, (13, 49): -12, (13, 44): 12, (13, 42): -6, (13, 35): 14, (13, 30): -14, (13, 29): -12, (13, 26): -9, (13, 25): 2, (13, 19): 7, (13, 16): -3, (13, 15): 1, (14, 50): 13, (14, 49): -10, (14, 48): -11, (14, 45): 7, (14, 43): 4, (14, 37): 9, (14, 36): -11, (14, 26): -9, (14, 24): -1, (14, 21): 7, (14, 16): -3, (15, 51): -10, (15, 49): -13, (15, 44): -3, (15, 34): -3, (15, 33): -1, (15, 29): -10, (15, 27): -2, (15, 23): -10, (15, 22): 9, (15, 19): -6, (15, 18): 1, (15, 17): 10, (16, 51): -9, (16, 50): -1, (16, 48): 5, (16, 47): -9, (16, 46): 9, (16, 44): 10, (16, 43): -10, (16, 42): 9, (16, 36): 6, (16, 34): -9, (16, 31): -1, (16, 29): -3, (16, 27): -4, (16, 26): -12, (16, 24): -8, (16, 22): -3, (17, 51): -2, (17, 49): -13, (17, 48): 11, (17, 43): 11, (17, 39): -4, (17, 36): 3, (17, 35): -11, (17, 33): -6, (17, 27): -7, (17, 25): -7, (17, 24): -8, (17, 21): -4, (18, 52): -9, (18, 43): -1, (18, 42): 6, (18, 39): 12, (18, 38): -3, (18, 36): 10, (18, 30): 5, (18, 29): -7, (18, 24): -3, (18, 22): 14, (18, 20): 14, (19, 52): 2, (19, 51): 11, (19, 49): 8, (19, 48): 13, (19, 47): -2, (19, 46): -4, (19, 38): -11, (19, 36): -11, (19, 32): -5, (19, 30): -4, (19, 26): 9, (19, 25): -4, (19, 22): -4, (19, 21): -4, (19, 20): -1, (20, 51): 6, (20, 46): 13, (20, 45): 12, (20, 43): 6, (20, 38): -7, (20, 35): -2, (20, 34): -14, (20, 30): -14, (20, 29): 14, (20, 28): 7, (21, 48): -5, (21, 45): -4, (21, 34): -5, (21, 30): -6, (21, 26): 9, (21, 25): 6, (22, 50): 3, (22, 48): -9, (22, 46): 7, (22, 42): 2, (22, 39): 12, (22, 33): 13, (22, 31): -2, (22, 26): -13, (23, 52): 8, (23, 50): 6, (23, 47): -10, (23, 43): -11, (23, 36): 1, (23, 34): 10, (23, 33): -14, (23, 26): -1, (23, 24): -11, (24, 49): 9, (24, 46): -2, (24, 42): 4, (24, 41): -5, (24, 40): 8, (24, 39): 11, (24, 38): -6, (24, 36): -2, (24, 28): -13, (25, 43): -14, (25, 42): -5, (25, 39): -5, (25, 36): 5, (25, 35): 11, (25, 34): -3, (25, 31): -7, (26, 50): -6, (26, 48): 6, (26, 46): 1, (26, 44): 12, (26, 40): 4, (26, 39): 10, (26, 33): 10, (26, 29): 1, (27, 48): -4, (27, 36): -3, (28, 51): -12, (28, 46): 9, (28, 44): -7, (28, 42): 11, (28, 40): -7, (28, 37): 6, (28, 35): 2, (28, 33): -4, (28, 30): 7, (28, 29): 9, (29, 51): -7, (29, 50): -14, (29, 49): -11, (29, 46): 12, (29, 43): 5, (29, 42): -3, (30, 52): 13, (30, 51): -1, (30, 45): -12, (30, 44): 8, (30, 40): 9, (30, 39): 6, (30, 37): -4, (30, 36): 11, (30, 34): -4, (30, 33): -10, (31, 49): 11, (31, 45): 14, (31, 44): -10, (31, 40): 1, (31, 39): 7, (31, 38): 1, (31, 37): -10, (31, 35): 3, (32, 45): -10, (32, 43): 3, (32, 40): -8, (32, 39): 4, (32, 37): 10, (33, 51): -4, (33, 47): -13, (33, 45): 13, (33, 42): -8, (33, 41): 1, (33, 40): 4, (33, 38): 6, (33, 35): -4, (34, 52): -4, (34, 48): 10, (34, 44): 14, (34, 39): 6, (34, 36): -1, (35, 49): 9, (35, 45): 2, (35, 44): -2, (35, 41): -5, (35, 39): -5, (35, 36): 8, (36, 51): 14, (36, 48): 5, (36, 42): 6, (36, 41): -7, (36, 40): 1, (36, 39): -10, (36, 37): -10, (37, 49): -13, (37, 46): -4, (37, 43): -10, (37, 40): 11, (37, 38): -10, (38, 49): 7, (38, 46): 1, (38, 45): -8, (38, 44): -10, (38, 39): -5, (39, 45): -11, (39, 44): 11, (39, 42): -6, (40, 50): -10, (40, 46): -1, (40, 44): 8, (41, 47): -1, (41, 45): -13, (41, 44): 6, (42, 51): -8, (42, 47): 10, (42, 44): 14, (42, 43): -6, (43, 52): 9, (43, 49): -3, (43, 48): 8, (44, 47): 5, (45, 49): 11, (45, 47): 9, (45, 46): -6, (46, 49): -1, (47, 51): -13, (48, 50): 3, (49, 52): 8, (50, 52): -3, (50, 51): -12}
test1

{}
   1 47 41 37 29 26 25 18 16 13 11  9  6  4  3  2 52 51 ... 28  energy num_oc.
0 -1 +1 -1 +1 +1 -1 -1 -1 +1 +1 +1 -1 -1 +1 -1 +1 -1 +1 ... -1 -1195.0      19
1 +1 -1 +1 -1 -1 +1 +1 +1 -1 -1 -1 +1 +1 -1 +1 -1 +1 -1 ... +1 -1195.0       6
2 +1 +1 -1 +1 +1 +1 +1 +1 +1 +1 +1 +1 +1 +1 +1 -1 -1 +1 ... -1 -1193.0       6
3 +1 +1 -1 -1 +1 +1 -1 +1 +1 +1 +1 +1 +1 -1 +1 -1 +1 +1 ... +1 -1193.0       6
4 -1 -1 +1 -1 -1 -1 -1 -1 -1 -1 -1 -1 -1 -1 -1 +1 +1 -1 ... +1 -1193.0      10
5 -1 -1 +1 +1 -1 -1 +1 -1 -1 -1 -1 -1 -1 +1 -1 +1 -1 -1 ... -1 -1193.0       8
6 -1 +1 -1 +1 +1 +1 +1 +1 +1 +1 +1 +1 +1 +1 -1 -1 -1 +1 ... -1 -1191.0       1
['SPIN', 7 rows, 56 samples, 52 variables]
energies=[-1195.0, -1195.0, -1193.0, -1193.0, -1193.0, -1193.0, -1191.0]
