Sample 0:-494
Sample 1:-378
Sample 2:-378
Sample 3:-378
Sample 4:-378
Sample 5:-378
Sample 6:-378
Sample 7:-378
Sample 8:-378
Sample 9:-378
Sample 10:-378
Sample 11:-378
Sample 12:-378
Sample 13:-208
Sample 14:-378
Sample 15:-378
Sample 16:-378
Sample 17:-378
Sample 18:-378
Sample 19:-378
Sample 20:-378
Sample 21:-378
Sample 22:-378
Sample 23:-378
Sample 24:-378
Sample 25:-378
Sample 26:-378
Sample 27:-378
Sample 28:-378
Sample 29:-378
Sample 30:44
Sample 31:-378
Sample 32:-378
Sample 33:-438
Sample 34:-378
Sample 35:-248
Sample 36:-378
Sample 37:-378
Sample 38:-378
Sample 39:-378
Sample 40:-378
Sample 41:-378
Sample 42:-378
Sample 43:-378
Sample 44:-378
Sample 45:-378
Sample 46:-378
Sample 47:-378
Sample 48:-378
Sample 49:-378
Sample 50:-378
Sample 51:-378
Sample 52:-378
Sample 53:-378
Sample 54:-378
Sample 55:-378
Sample 56:-378
Sample 57:-378
Sample 58:-378
Sample 59:-378
Sample 60:-378
Sample 61:-378
Sample 62:-378
Sample 63:-378
Sample 64:-378
Sample 65:-378
Sample 66:-378
Sample 67:-378
Sample 68:-378
Sample 69:-378
Sample 70:-378
Sample 71:-378
Sample 72:-378
Sample 73:-378
Sample 74:-378
Sample 75:-378
Sample 76:-378
Sample 77:-378
Sample 78:-378
Sample 79:-378
Sample 80:-378
Sample 81:-378
Sample 82:-378
Sample 83:-378
Sample 84:-378
Sample 85:-378
Sample 86:-378
Sample 87:-378
Sample 88:-378
Sample 89:-378
Sample 90:-378
Sample 91:-378
Sample 92:-378
Sample 93:-378
Sample 94:-378
Sample 95:-378
Sample 96:-378
Sample 97:-378
Sample 98:-378
Sample 99:-378
Best Ham: -494
Sucess Probability: 99
Ham Average: -372.54
