Sample 0:-23
Sample 1:-117
Sample 2:-23
Sample 3:-33
Sample 4:-33
Sample 5:-271
Sample 6:-119
Sample 7:-191
Sample 8:-23
Sample 9:-119
Sample 10:-73
Sample 11:-279
Sample 12:-23
Sample 13:-271
Sample 14:-279
Sample 15:61
Sample 16:-33
Sample 17:-23
Sample 18:-255
Sample 19:-33
Sample 20:-133
Sample 21:-23
Sample 22:-61
Sample 23:-23
Sample 24:-33
Sample 25:-271
Sample 26:-119
Sample 27:-73
Sample 28:-119
Sample 29:-153
Sample 30:-279
Sample 31:-23
Sample 32:-119
Sample 33:-33
Sample 34:-61
Sample 35:-61
Sample 36:-23
Sample 37:-61
Sample 38:-33
Sample 39:-23
Sample 40:-23
Sample 41:-161
Sample 42:-23
Sample 43:-23
Sample 44:-293
Sample 45:-33
Sample 46:-23
Sample 47:-61
Sample 48:-23
Sample 49:-33
Sample 50:-255
Sample 51:-143
Sample 52:-23
Sample 53:-23
Sample 54:-61
Sample 55:61
Sample 56:-5
Sample 57:-23
Sample 58:-61
Sample 59:-61
Sample 60:-73
Sample 61:-61
Sample 62:-61
Sample 63:-235
Sample 64:-23
Sample 65:-33
Sample 66:-279
Sample 67:-73
Sample 68:-23
Sample 69:-23
Sample 70:-23
Sample 71:-9
Sample 72:-23
Sample 73:-23
Sample 74:-23
Sample 75:-235
Sample 76:-23
Sample 77:-279
Sample 78:-23
Sample 79:-73
Sample 80:-119
Sample 81:-119
Sample 82:-61
Sample 83:-73
Sample 84:-153
Sample 85:-33
Sample 86:-33
Sample 87:-299
Sample 88:-235
Sample 89:61
Sample 90:-33
Sample 91:-23
Sample 92:-23
Sample 93:61
Sample 94:-235
Sample 95:-23
Sample 96:-61
Sample 97:-73
Sample 98:-23
Sample 99:-23
Best Ham: -299
Sucess Probability: 20
Ham Average: -83.12
