Sample 0:-776
Sample 1:-1674
Sample 2:-1674
Sample 3:-1704
Sample 4:-1704
Sample 5:-1704
Sample 6:-1704
Sample 7:-1674
Sample 8:-1674
Sample 9:-1704
Sample 10:-1704
Sample 11:-1704
Sample 12:-1674
Sample 13:-1704
Sample 14:-1704
Sample 15:-1704
Sample 16:-1674
Sample 17:-1704
Sample 18:-1674
Sample 19:-1704
Sample 20:-1674
Sample 21:-1704
Sample 22:-1674
Sample 23:-1674
Sample 24:-1674
Sample 25:-1704
Sample 26:-1704
Sample 27:-1704
Sample 28:-1704
Sample 29:-1674
Sample 30:-1704
Sample 31:-1674
Sample 32:-1674
Sample 33:-1704
Sample 34:-1704
Sample 35:-1704
Sample 36:-1674
Sample 37:-1704
Sample 38:-1674
Sample 39:-1476
Sample 40:-1704
Sample 41:-1704
Sample 42:-1704
Sample 43:-1704
Sample 44:-1704
Sample 45:-1704
Sample 46:-1674
Sample 47:-1704
Sample 48:-1704
Sample 49:-1674
Sample 50:-1674
Sample 51:-1704
Sample 52:-1674
Sample 53:-1674
Sample 54:-1704
Sample 55:-1704
Sample 56:-1674
Sample 57:-1704
Sample 58:-1704
Sample 59:-1674
Sample 60:-1704
Sample 61:-1704
Sample 62:-1704
Sample 63:-1704
Sample 64:-1674
Sample 65:-1704
Sample 66:-1674
Sample 67:-1674
Sample 68:-1704
Sample 69:-1704
Sample 70:-1674
Sample 71:-1674
Sample 72:-1674
Sample 73:-1704
Sample 74:-1704
Sample 75:-1674
Sample 76:-1704
Sample 77:-1704
Sample 78:-1674
Sample 79:-1704
Sample 80:-1674
Sample 81:-1674
Sample 82:-1704
Sample 83:-1674
Sample 84:-1704
Sample 85:-1704
Sample 86:76
Sample 87:-1704
Sample 88:-1674
Sample 89:-1704
Sample 90:-1704
Sample 91:-1674
Sample 92:-1704
Sample 93:-1674
Sample 94:-1704
Sample 95:-1704
Sample 96:-1674
Sample 97:-1704
Sample 98:-1704
Sample 99:-1704
Best Ham: -1704
Sucess Probability: 99
Ham Average: -1663.24
