[[1 0 0 ... 0 0 7]
 [1 0 0 ... 0 7 0]
 [1 0 0 ... 7 0 0]
 ...
 [1 0 7 ... 0 0 0]
 [1 7 0 ... 0 0 0]
 [7 1 1 ... 1 1 1]]
0
test

{(1, 13): -8, (1, 12): -2, (1, 10): 9, (1, 9): 4, (1, 8): -2, (1, 7): 4, (1, 6): 5, (1, 5): -5, (1, 4): 8, (2, 14): -13, (2, 13): 11, (2, 12): -5, (2, 11): 12, (2, 10): -4, (2, 9): 9, (2, 7): -1, (2, 6): -10, (2, 5): 4, (2, 4): -3, (2, 3): 4, (3, 14): 5, (3, 13): 4, (3, 12): 6, (3, 10): 11, (3, 8): -7, (3, 7): -2, (3, 6): 10, (4, 14): 11, (4, 13): -2, (4, 12): -9, (4, 9): -6, (4, 8): -1, (4, 7): -10, (4, 6): 7, (4, 5): 8, (5, 14): -3, (5, 13): -12, (5, 12): -12, (5, 11): 8, (5, 10): -10, (5, 9): -14, (5, 8): -13, (6, 14): 5, (6, 13): -9, (6, 12): 12, (6, 11): 4, (6, 10): 13, (6, 9): 3, (6, 8): 6, (6, 7): 1, (7, 14): -12, (7, 13): 4, (7, 11): -5, (7, 9): -11, (7, 8): 8, (8, 13): 3, (8, 11): 3, (8, 10): 10, (8, 9): -12, (9, 14): -3, (9, 13): -13, (9, 12): 5, (9, 11): 14, (9, 10): -4, (10, 14): -11, (10, 13): -4, (10, 12): 7, (10, 11): 8, (11, 14): -5, (11, 13): 5, (11, 12): -9, (12, 13): -6, (13, 14): 3}
test1

{}
   1 13 12 10  9  8  7  6  5  4  2 14 11  3 energy num_oc.
0 +1 +1 -1 -1 +1 +1 -1 +1 +1 -1 -1 -1 -1 +1 -214.0      18
1 -1 -1 +1 +1 -1 -1 +1 -1 -1 +1 +1 +1 +1 -1 -214.0      19
2 +1 +1 +1 -1 +1 +1 -1 -1 +1 +1 -1 -1 -1 +1 -204.0       1
3 -1 -1 -1 +1 -1 -1 -1 +1 -1 -1 +1 +1 -1 -1 -190.0       1
4 +1 -1 -1 -1 -1 -1 -1 +1 -1 -1 -1 -1 +1 +1 -180.0       6
5 -1 +1 +1 +1 +1 +1 +1 -1 +1 +1 +1 +1 -1 -1 -180.0      10
['SPIN', 6 rows, 55 samples, 14 variables]
energies=[-214.0, -214.0, -204.0, -190.0, -180.0, -180.0]
