[[1 0 0 ... 0 0 7]
 [1 0 0 ... 0 7 0]
 [1 0 0 ... 7 0 0]
 ...
 [1 3 7 ... 0 0 0]
 [1 7 2 ... 0 0 0]
 [7 1 1 ... 1 1 1]]
2
test

{(1, 25): -2, (1, 24): 7, (1, 23): 10, (1, 22): -5, (1, 21): 13, (1, 20): 11, (1, 19): 4, (1, 18): 7, (1, 17): 14, (1, 16): 14, (1, 15): 6, (1, 14): -2, (1, 13): -10, (1, 12): -14, (1, 11): -12, (1, 10): -1, (1, 9): 14, (1, 8): 14, (1, 7): -4, (1, 6): -3, (1, 5): -4, (1, 4): -8, (1, 3): -3, (1, 2): -5, (2, 25): 2, (2, 24): -9, (2, 23): -14, (2, 22): 12, (2, 21): 2, (2, 20): -1, (2, 19): -8, (2, 18): 11, (2, 17): 9, (2, 16): 3, (2, 15): -4, (2, 14): -3, (2, 13): -2, (2, 12): 1, (2, 11): 7, (2, 10): 7, (2, 9): -5, (2, 8): -13, (2, 7): 9, (2, 6): 10, (2, 5): -2, (2, 4): 6, (2, 3): 11, (3, 25): 5, (3, 24): -10, (3, 23): -1, (3, 22): -3, (3, 21): -3, (3, 20): 14, (3, 19): -9, (3, 18): -9, (3, 17): -13, (3, 16): 6, (3, 15): 2, (3, 14): -4, (3, 13): -9, (3, 12): -9, (3, 11): -4, (3, 10): -3, (3, 9): -5, (3, 8): -1, (3, 7): -9, (3, 6): 6, (3, 5): 10, (3, 4): -13, (4, 25): -12, (4, 24): -11, (4, 23): 7, (4, 22): -10, (4, 21): -12, (4, 20): 13, (4, 19): -8, (4, 18): 13, (4, 17): 3, (4, 16): 13, (4, 15): 5, (4, 14): -11, (4, 13): 8, (4, 12): -11, (4, 11): 14, (4, 10): 13, (4, 9): 1, (4, 8): -1, (4, 7): -3, (4, 6): -8, (4, 5): -12, (5, 25): 13, (5, 24): -1, (5, 23): 9, (5, 22): -9, (5, 21): -5, (5, 20): 1, (5, 19): -2, (5, 18): -8, (5, 17): 13, (5, 16): 6, (5, 15): 13, (5, 14): 9, (5, 13): -9, (5, 12): 8, (5, 11): 7, (5, 10): -8, (5, 9): 12, (5, 8): 14, (5, 7): 9, (5, 6): -6, (6, 25): 9, (6, 24): 1, (6, 23): -6, (6, 22): 9, (6, 21): 1, (6, 20): -12, (6, 19): 8, (6, 18): 1, (6, 17): -10, (6, 16): 9, (6, 15): 14, (6, 14): 12, (6, 13): 8, (6, 12): 12, (6, 11): -6, (6, 10): -10, (6, 9): 4, (6, 8): 3, (6, 7): -12, (7, 25): -13, (7, 24): -9, (7, 23): 1, (7, 22): 13, (7, 21): -8, (7, 20): 14, (7, 19): -8, (7, 18): -10, (7, 17): -14, (7, 16): 6, (7, 15): 2, (7, 14): -7, (7, 13): 13, (7, 12): 4, (7, 11): -6, (7, 10): 5, (7, 9): 2, (7, 8): 6, (8, 25): -6, (8, 24): -11, (8, 23): 8, (8, 22): 6, (8, 21): -6, (8, 20): -11, (8, 19): 13, (8, 18): 1, (8, 17): -11, (8, 16): 1, (8, 15): 9, (8, 14): -12, (8, 13): 7, (8, 12): -8, (8, 11): -10, (8, 10): -3, (8, 9): -1, (9, 25): -3, (9, 24): -4, (9, 23): 10, (9, 22): 10, (9, 21): 1, (9, 20): -7, (9, 19): -14, (9, 18): 12, (9, 17): 6, (9, 16): 11, (9, 15): -13, (9, 14): -8, (9, 13): -4, (9, 12): 12, (9, 11): -12, (9, 10): -12, (10, 25): 7, (10, 24): 6, (10, 23): -8, (10, 22): 10, (10, 21): -5, (10, 20): -14, (10, 19): 3, (10, 18): -11, (10, 17): -7, (10, 16): -4, (10, 15): 5, (10, 14): -3, (10, 13): -3, (10, 12): 13, (10, 11): 14, (11, 25): -8, (11, 24): -2, (11, 23): -1, (11, 22): -12, (11, 21): -14, (11, 20): -9, (11, 19): -13, (11, 18): -10, (11, 17): 6, (11, 16): 2, (11, 15): -2, (11, 14): -11, (11, 13): 13, (11, 12): -7, (12, 25): 2, (12, 24): -10, (12, 23): 7, (12, 22): -7, (12, 21): -14, (12, 20): 7, (12, 19): -11, (12, 18): -14, (12, 17): 10, (12, 16): -3, (12, 15): 12, (12, 14): 2, (12, 13): -11, (13, 25): -8, (13, 24): -14, (13, 23): 11, (13, 22): -1, (13, 21): 6, (13, 20): -14, (13, 19): -10, (13, 18): 9, (13, 17): -12, (13, 16): -9, (13, 15): -3, (13, 14): -4, (14, 25): 5, (14, 24): 12, (14, 23): 4, (14, 22): 11, (14, 21): 4, (14, 20): 14, (14, 19): 9, (14, 18): 7, (14, 17): 7, (14, 16): 13, (14, 15): 11, (15, 25): -13, (15, 24): -9, (15, 23): -10, (15, 22): -6, (15, 21): 12, (15, 20): 13, (15, 19): -5, (15, 18): 13, (15, 17): 9, (15, 16): 7, (16, 25): -5, (16, 24): -6, (16, 23): -14, (16, 22): -8, (16, 21): 10, (16, 20): -5, (16, 19): 12, (16, 18): 14, (16, 17): 4, (17, 25): 1, (17, 24): -10, (17, 23): 9, (17, 22): 3, (17, 21): -1, (17, 20): 2, (17, 19): -11, (17, 18): -9, (18, 25): -2, (18, 24): -4, (18, 23): 12, (18, 22): -14, (18, 21): 5, (18, 20): -12, (18, 19): 1, (19, 25): -4, (19, 24): 9, (19, 23): 2, (19, 22): -13, (19, 21): 8, (19, 20): -13, (20, 25): 12, (20, 24): -2, (20, 23): -1, (20, 22): 14, (20, 21): 14, (21, 25): 4, (21, 24): 7, (21, 23): 9, (21, 22): 4, (22, 25): -11, (22, 24): -3, (22, 23): 3, (23, 25): -3, (23, 24): -2, (24, 25): -10}
test1

{}
   1 25 24 23 22 21 20 19 18 17 16 15 14 13 12 11 10  9 ...  2 energy num_oc.
0 +1 +1 +1 -1 +1 +1 -1 +1 +1 +1 -1 -1 -1 +1 +1 +1 -1 -1 ... -1 -758.0      24
1 -1 -1 -1 +1 -1 -1 +1 -1 -1 -1 +1 +1 +1 -1 -1 -1 +1 +1 ... +1 -758.0      19
2 -1 +1 +1 -1 +1 +1 -1 +1 +1 +1 -1 +1 +1 -1 +1 +1 -1 +1 ... -1 -756.0       3
3 +1 -1 -1 +1 -1 -1 +1 -1 -1 -1 +1 -1 -1 +1 -1 -1 +1 -1 ... +1 -756.0       7
4 -1 -1 -1 +1 -1 -1 +1 -1 -1 -1 +1 +1 -1 +1 -1 -1 +1 +1 ... +1 -748.0       1
['SPIN', 5 rows, 54 samples, 25 variables]
energies=[-758.0, -758.0, -756.0, -756.0, -748.0]
