[[1 0 0 ... 0 0 7]
 [1 0 0 ... 0 7 0]
 [1 0 0 ... 7 0 0]
 ...
 [1 0 7 ... 0 0 0]
 [1 7 0 ... 0 0 0]
 [7 1 1 ... 1 1 1]]
0
test

{(1, 39): 6, (1, 35): 10, (1, 31): -11, (1, 29): 8, (1, 28): -14, (1, 26): -14, (1, 23): -1, (1, 18): 6, (1, 16): 2, (1, 15): 11, (1, 13): -2, (1, 11): -12, (1, 10): -6, (1, 9): 11, (1, 5): 6, (1, 4): 13, (2, 40): 9, (2, 39): -10, (2, 37): 11, (2, 34): 6, (2, 33): -14, (2, 32): -13, (2, 26): -2, (2, 23): -1, (2, 19): -9, (2, 17): 6, (2, 14): 11, (2, 12): 7, (2, 7): -12, (3, 40): -8, (3, 39): -14, (3, 35): -4, (3, 28): 10, (3, 20): 11, (3, 18): 13, (3, 12): 5, (3, 11): 4, (3, 10): -5, (3, 5): 10, (4, 40): 4, (4, 39): 9, (4, 34): -8, (4, 31): -3, (4, 30): -13, (4, 25): 1, (4, 24): 11, (4, 23): 12, (4, 12): -14, (4, 11): -3, (4, 6): -5, (5, 40): 3, (5, 38): -13, (5, 34): 3, (5, 29): 6, (5, 28): 11, (5, 27): 12, (5, 22): -13, (5, 18): -10, (5, 14): -5, (5, 8): 14, (5, 7): 1, (5, 6): -3, (6, 40): -9, (6, 39): -1, (6, 37): 7, (6, 36): 8, (6, 34): 3, (6, 32): -14, (6, 31): -3, (6, 29): 7, (6, 24): -2, (6, 22): -12, (6, 20): 6, (6, 15): 4, (6, 7): -14, (7, 40): -7, (7, 30): 7, (7, 27): -6, (7, 25): 3, (7, 19): 6, (7, 16): -1, (7, 15): -10, (8, 40): -8, (8, 31): 7, (8, 29): 1, (8, 28): 12, (8, 26): -4, (8, 25): 2, (8, 23): -4, (8, 20): -1, (8, 17): 14, (8, 11): -6, (9, 35): 4, (9, 34): -12, (9, 31): 10, (9, 28): 6, (9, 23): 3, (9, 22): -1, (9, 19): 5, (9, 17): 3, (9, 16): 5, (9, 15): -14, (10, 40): -8, (10, 28): 12, (10, 27): 8, (10, 26): 10, (10, 22): -14, (10, 19): 6, (10, 18): -7, (10, 12): -4, (11, 38): -8, (11, 35): 3, (11, 34): 10, (11, 25): 1, (11, 20): -6, (11, 13): 2, (12, 32): 11, (12, 29): -1, (12, 28): 3, (12, 24): -4, (12, 20): -3, (12, 13): -1, (13, 40): 6, (13, 39): -3, (13, 38): -3, (13, 34): -11, (13, 33): 7, (13, 31): -7, (13, 28): 13, (13, 25): -5, (13, 21): 3, (13, 19): -10, (14, 38): 3, (14, 34): -7, (14, 32): -6, (14, 28): -12, (14, 24): 1, (14, 15): -13, (15, 38): -9, (15, 29): -7, (15, 28): 6, (15, 26): 8, (15, 23): 10, (16, 37): -6, (16, 36): -14, (16, 27): -13, (16, 25): -13, (16, 24): -6, (16, 18): -13, (16, 17): -2, (17, 40): 9, (17, 35): 8, (17, 33): -14, (17, 29): -10, (17, 23): -9, (17, 21): -13, (18, 40): 10, (18, 35): -1, (18, 33): 4, (18, 30): -11, (18, 29): 2, (18, 27): -13, (18, 26): 10, (18, 23): -14, (18, 19): 9, (19, 40): -8, (19, 39): 5, (19, 38): -14, (19, 37): -7, (19, 35): 14, (19, 20): -11, (20, 40): -10, (20, 38): -7, (20, 36): -5, (20, 35): -7, (20, 34): 12, (20, 31): 13, (20, 28): 11, (20, 26): 3, (20, 25): 1, (20, 23): 3, (20, 21): -13, (21, 40): 1, (21, 33): -2, (21, 31): 3, (21, 29): -2, (21, 23): 9, (21, 22): -14, (22, 38): -1, (22, 36): 3, (22, 34): -3, (22, 30): -10, (22, 25): 7, (22, 24): -10, (23, 33): -3, (23, 27): 9, (24, 40): 9, (24, 38): -7, (24, 34): 9, (24, 33): 5, (24, 30): 10, (24, 28): -6, (24, 26): 6, (25, 40): 9, (25, 35): 3, (26, 39): -9, (26, 38): -3, (26, 37): -14, (26, 36): 1, (26, 34): 11, (27, 37): -12, (27, 36): 7, (27, 30): -10, (27, 28): -4, (28, 35): 13, (28, 32): 10, (29, 40): -11, (29, 39): -9, (29, 38): 10, (29, 35): 5, (29, 34): -13, (31, 40): 10, (31, 36): -5, (32, 39): 5, (32, 36): 10, (32, 33): -1, (33, 40): 2, (33, 37): 7, (34, 39): -11, (34, 37): 5, (35, 37): -6, (36, 40): 8, (37, 38): -3, (38, 39): 12}
test1

{}
   1 39 35 31 29 28 26 23 18 16 15 13 11 10  9  5  4  2 ... 21 energy num_oc.
0 +1 -1 -1 +1 -1 +1 +1 +1 +1 +1 -1 +1 +1 -1 -1 +1 -1 -1 ... -1 -815.0      25
1 -1 +1 +1 -1 +1 -1 -1 -1 -1 -1 +1 -1 -1 +1 +1 -1 +1 +1 ... +1 -815.0      25
2 +1 -1 -1 +1 -1 +1 +1 +1 +1 +1 -1 +1 +1 -1 -1 +1 -1 -1 ... +1 -807.0       1
3 -1 +1 +1 -1 +1 -1 -1 -1 -1 -1 +1 -1 -1 +1 +1 -1 +1 +1 ... -1 -807.0       1
4 -1 +1 +1 -1 +1 -1 -1 +1 -1 -1 +1 -1 -1 +1 +1 -1 -1 +1 ... -1 -807.0       2
['SPIN', 5 rows, 54 samples, 40 variables]
energies=[-815.0, -815.0, -807.0, -807.0, -807.0]
