Sample 0:-185
Sample 1:-145
Sample 2:7
Sample 3:-201
Sample 4:-237
Sample 5:-261
Sample 6:-221
Sample 7:-243
Sample 8:-257
Sample 9:-243
Sample 10:-83
Sample 11:-183
Sample 12:-119
Sample 13:-237
Sample 14:-185
Sample 15:-243
Sample 16:-53
Sample 17:-229
Sample 18:-229
Sample 19:-129
Sample 20:-153
Sample 21:-139
Sample 22:-237
Sample 23:-221
Sample 24:-191
Sample 25:-261
Sample 26:15
Sample 27:-213
Sample 28:-159
Sample 29:-91
Sample 30:-185
Sample 31:-271
Sample 32:-263
Sample 33:-241
Sample 34:-237
Sample 35:-75
Sample 36:-237
Sample 37:-195
Sample 38:-257
Sample 39:-131
Sample 40:-267
Sample 41:-237
Sample 42:-189
Sample 43:-195
Sample 44:-263
Sample 45:-39
Sample 46:-143
Sample 47:-263
Sample 48:-189
Sample 49:-257
Sample 50:-83
Sample 51:-153
Sample 52:-153
Sample 53:-259
Sample 54:-141
Sample 55:-153
Sample 56:-235
Sample 57:-167
Sample 58:-187
Sample 59:-191
Sample 60:-225
Sample 61:-101
Sample 62:-225
Sample 63:-207
Sample 64:-259
Sample 65:-251
Sample 66:-225
Sample 67:-213
Sample 68:-153
Sample 69:-257
Sample 70:-229
Sample 71:-217
Sample 72:-247
Sample 73:-185
Sample 74:-229
Sample 75:-199
Sample 76:-199
Sample 77:-219
Sample 78:-217
Sample 79:-211
Sample 80:-161
Sample 81:-161
Sample 82:-185
Sample 83:-195
Sample 84:-111
Sample 85:-149
Sample 86:-237
Sample 87:-153
Sample 88:-179
Sample 89:-77
Sample 90:-237
Sample 91:-195
Sample 92:-73
Sample 93:-9
Sample 94:-77
Sample 95:-237
Sample 96:-209
Sample 97:-251
Sample 98:-81
Sample 99:-263
Best Ham: -271
Sucess Probability: 78
Ham Average: -186.9
