Sample 0:-466
Sample 1:-466
Sample 2:-466
Sample 3:-466
Sample 4:-466
Sample 5:-466
Sample 6:-466
Sample 7:-466
Sample 8:-466
Sample 9:-466
Sample 10:-466
Sample 11:-466
Sample 12:-466
Sample 13:-466
Sample 14:-466
Sample 15:-466
Sample 16:-466
Sample 17:-466
Sample 18:-466
Sample 19:-466
Sample 20:-466
Sample 21:-466
Sample 22:-466
Sample 23:-466
Sample 24:-466
Sample 25:-466
Sample 26:-466
Sample 27:-466
Sample 28:-466
Sample 29:-466
Sample 30:-466
Sample 31:-466
Sample 32:-466
Sample 33:-466
Sample 34:-466
Sample 35:-466
Sample 36:-466
Sample 37:-466
Sample 38:-466
Sample 39:-466
Sample 40:-466
Sample 41:-466
Sample 42:-466
Sample 43:-466
Sample 44:-466
Sample 45:-466
Sample 46:-466
Sample 47:-466
Sample 48:-466
Sample 49:-466
Sample 50:-466
Sample 51:-466
Sample 52:-466
Sample 53:-466
Sample 54:22
Sample 55:-466
Sample 56:-466
Sample 57:-466
Sample 58:-466
Sample 59:-466
Sample 60:-466
Sample 61:-466
Sample 62:-466
Sample 63:-466
Sample 64:-466
Sample 65:-466
Sample 66:-466
Sample 67:-466
Sample 68:-466
Sample 69:-466
Sample 70:-466
Sample 71:-466
Sample 72:-466
Sample 73:-466
Sample 74:-466
Sample 75:-466
Sample 76:-466
Sample 77:-466
Sample 78:-466
Sample 79:-466
Sample 80:-466
Sample 81:-466
Sample 82:-466
Sample 83:-466
Sample 84:-466
Sample 85:-466
Sample 86:-466
Sample 87:-466
Sample 88:-466
Sample 89:-466
Sample 90:-466
Sample 91:-466
Sample 92:-466
Sample 93:-466
Sample 94:-466
Sample 95:-466
Sample 96:-466
Sample 97:-466
Sample 98:-466
Sample 99:-466
Best Ham: -466
Sucess Probability: 99
Ham Average: -461.12
