Sample 0:17
Sample 1:-155
Sample 2:-53
Sample 3:-5
Sample 4:-71
Sample 5:-121
Sample 6:-127
Sample 7:-117
Sample 8:-155
Sample 9:-99
Sample 10:-135
Sample 11:-99
Sample 12:-151
Sample 13:-115
Sample 14:-115
Sample 15:17
Sample 16:-99
Sample 17:-99
Sample 18:-57
Sample 19:-125
Sample 20:-155
Sample 21:-141
Sample 22:-155
Sample 23:-93
Sample 24:-115
Sample 25:-115
Sample 26:-27
Sample 27:-141
Sample 28:-83
Sample 29:-115
Sample 30:-115
Sample 31:-115
Sample 32:-115
Sample 33:-115
Sample 34:-141
Sample 35:-115
Sample 36:-99
Sample 37:-115
Sample 38:-153
Sample 39:-97
Sample 40:-115
Sample 41:-73
Sample 42:-155
Sample 43:-155
Sample 44:-129
Sample 45:-135
Sample 46:-127
Sample 47:-47
Sample 48:-69
Sample 49:-115
Sample 50:-141
Sample 51:-115
Sample 52:-141
Sample 53:-115
Sample 54:-115
Sample 55:-115
Sample 56:-111
Sample 57:-115
Sample 58:-115
Sample 59:-115
Sample 60:-115
Sample 61:-115
Sample 62:-97
Sample 63:-81
Sample 64:-115
Sample 65:-115
Sample 66:-115
Sample 67:-115
Sample 68:-115
Sample 69:-115
Sample 70:-115
Sample 71:-141
Sample 72:-115
Sample 73:39
Sample 74:-115
Sample 75:-141
Sample 76:-115
Sample 77:-115
Sample 78:-115
Sample 79:-115
Sample 80:17
Sample 81:-115
Sample 82:-115
Sample 83:-141
Sample 84:-115
Sample 85:-141
Sample 86:-115
Sample 87:-141
Sample 88:-115
Sample 89:-141
Sample 90:-115
Sample 91:-97
Sample 92:-115
Sample 93:-121
Sample 94:-141
Sample 95:-115
Sample 96:-115
Sample 97:-141
Sample 98:-113
Sample 99:-141
Best Ham: -155
Sucess Probability: 8
Ham Average: -109.84
