Sample 0:-1736
Sample 1:-1736
Sample 2:-1736
Sample 3:-1736
Sample 4:-1736
Sample 5:-1736
Sample 6:-1736
Sample 7:-1736
Sample 8:-1736
Sample 9:-1736
Sample 10:-1736
Sample 11:-1736
Sample 12:-1736
Sample 13:-1736
Sample 14:-1736
Sample 15:-1736
Sample 16:-1736
Sample 17:-1736
Sample 18:-1736
Sample 19:-1736
Sample 20:-1736
Sample 21:-1736
Sample 22:-1736
Sample 23:-1736
Sample 24:-1736
Sample 25:-1736
Sample 26:-1736
Sample 27:-1736
Sample 28:-1736
Sample 29:-1736
Sample 30:-1736
Sample 31:-1736
Sample 32:-1736
Sample 33:-1736
Sample 34:-1736
Sample 35:-1736
Sample 36:-1736
Sample 37:-1736
Sample 38:-1736
Sample 39:-1736
Sample 40:-1736
Sample 41:-1736
Sample 42:-1736
Sample 43:-1736
Sample 44:-1736
Sample 45:-1736
Sample 46:-1736
Sample 47:-1736
Sample 48:-1736
Sample 49:-1736
Sample 50:-1736
Sample 51:-1736
Sample 52:-1736
Sample 53:-1736
Sample 54:-1736
Sample 55:-1736
Sample 56:-1736
Sample 57:-1736
Sample 58:-1736
Sample 59:-1736
Sample 60:-1736
Sample 61:-1736
Sample 62:-1736
Sample 63:-1736
Sample 64:-1736
Sample 65:-1736
Sample 66:-1736
Sample 67:-1736
Sample 68:-1736
Sample 69:-1736
Sample 70:-1736
Sample 71:-1736
Sample 72:-1736
Sample 73:-1736
Sample 74:-1736
Sample 75:-1736
Sample 76:-1736
Sample 77:-1736
Sample 78:-1736
Sample 79:-1736
Sample 80:-1736
Sample 81:-1736
Sample 82:-1736
Sample 83:-1736
Sample 84:-1736
Sample 85:-1736
Sample 86:304
Sample 87:-1736
Sample 88:-1736
Sample 89:-1736
Sample 90:-1736
Sample 91:-1736
Sample 92:-1736
Sample 93:-1736
Sample 94:-1736
Sample 95:-1736
Sample 96:-1736
Sample 97:-1736
Sample 98:-1736
Sample 99:-1736
Best Ham: -1736
Sucess Probability: 99
Ham Average: -1715.6
