[[1 0 0 ... 0 0 7]
 [1 0 0 ... 0 7 0]
 [1 0 0 ... 7 0 0]
 ...
 [1 0 7 ... 0 0 0]
 [1 7 0 ... 0 0 0]
 [7 1 1 ... 1 1 1]]
0
test

{(1, 28): -6, (1, 27): -8, (1, 25): 13, (1, 24): -4, (1, 23): 3, (1, 22): -12, (1, 21): -1, (1, 19): 13, (1, 17): -13, (1, 15): 8, (1, 14): 1, (1, 13): 12, (1, 12): -2, (1, 10): 4, (1, 9): -2, (1, 8): -5, (1, 6): -3, (1, 4): -8, (2, 27): -3, (2, 23): 7, (2, 20): 7, (2, 18): -10, (2, 17): -10, (2, 16): 10, (2, 15): -4, (2, 13): -1, (2, 12): -7, (2, 11): 8, (2, 4): 2, (2, 3): -6, (3, 28): -10, (3, 27): -6, (3, 25): 5, (3, 24): 7, (3, 23): 5, (3, 22): -2, (3, 20): -1, (3, 19): -3, (3, 18): 3, (3, 17): 1, (3, 16): 3, (3, 15): 7, (3, 14): 8, (3, 13): 5, (3, 12): 7, (3, 11): 1, (3, 10): 10, (3, 8): 5, (3, 7): 2, (4, 26): 6, (4, 23): 11, (4, 22): -8, (4, 20): 5, (4, 18): -6, (4, 16): -14, (4, 15): -7, (4, 14): 9, (4, 13): -3, (4, 10): 10, (4, 8): 8, (4, 7): -13, (4, 6): 14, (5, 26): 13, (5, 25): 4, (5, 22): -2, (5, 20): -9, (5, 19): -7, (5, 18): 9, (5, 17): 6, (5, 16): 6, (5, 12): -8, (5, 11): -12, (5, 10): -8, (5, 9): 2, (5, 6): -14, (6, 28): -11, (6, 27): 8, (6, 26): -3, (6, 22): 4, (6, 21): 10, (6, 20): 2, (6, 19): 1, (6, 18): 13, (6, 17): 12, (6, 16): -2, (6, 15): -2, (6, 12): 12, (6, 11): -5, (6, 10): 12, (6, 9): 9, (6, 8): 3, (7, 27): 9, (7, 26): 1, (7, 25): 11, (7, 21): -8, (7, 20): -10, (7, 18): 14, (7, 17): 14, (7, 16): -8, (7, 15): -1, (7, 14): 2, (7, 13): -10, (7, 11): -6, (7, 10): -12, (7, 9): -3, (7, 8): -12, (8, 28): 1, (8, 27): -5, (8, 23): -5, (8, 21): -13, (8, 20): 11, (8, 19): -5, (8, 18): -10, (8, 16): 12, (8, 15): -7, (8, 11): 14, (8, 9): 9, (9, 28): -3, (9, 26): -4, (9, 24): -14, (9, 23): -7, (9, 21): 8, (9, 20): 10, (9, 19): -9, (9, 14): -3, (9, 13): -13, (9, 12): -5, (9, 11): -5, (10, 26): -4, (10, 25): 5, (10, 22): 14, (10, 19): 8, (10, 18): 9, (10, 16): -8, (10, 15): -11, (10, 14): -5, (10, 13): -8, (10, 11): -7, (11, 27): 6, (11, 26): -5, (11, 25): 5, (11, 24): -11, (11, 23): -12, (11, 22): -9, (11, 21): 11, (11, 20): -6, (11, 19): -2, (11, 17): -13, (11, 16): 10, (11, 15): 2, (12, 27): 6, (12, 25): 8, (12, 23): -3, (12, 22): 7, (12, 18): -5, (12, 17): 11, (13, 28): -14, (13, 26): 5, (13, 24): -7, (13, 22): -11, (13, 21): -11, (13, 18): -9, (13, 16): 1, (13, 14): -8, (14, 28): -4, (14, 27): -9, (14, 26): 7, (14, 23): 1, (14, 21): -11, (14, 20): 9, (14, 19): -1, (14, 18): -8, (14, 17): 9, (14, 15): -7, (15, 27): 8, (15, 26): -6, (15, 22): 7, (15, 20): -4, (15, 17): -13, (15, 16): -5, (16, 26): -2, (16, 23): -9, (16, 22): 2, (16, 20): -11, (16, 19): -2, (16, 17): -8, (17, 28): -8, (17, 27): 7, (17, 26): -8, (18, 28): -9, (18, 26): -2, (18, 24): 1, (18, 23): 1, (19, 27): -13, (19, 26): 10, (19, 24): 6, (19, 23): 13, (19, 22): 9, (19, 21): -6, (19, 20): 5, (20, 28): 5, (20, 27): -4, (20, 25): 11, (20, 23): 8, (20, 22): -8, (21, 28): -2, (21, 27): 2, (21, 26): -2, (21, 24): -4, (21, 23): -14, (21, 22): 12, (22, 27): -13, (22, 25): -1, (22, 24): 13, (22, 23): -7, (23, 28): 8, (23, 27): -12, (23, 26): 8, (23, 25): 6, (23, 24): -4, (24, 26): 4, (24, 25): 12, (25, 28): 8, (25, 27): 5, (25, 26): -10, (26, 28): 3, (26, 27): -1}
test1

{}
   1 28 27 25 24 23 22 21 19 17 15 14 13 12 10  9  8  6 ...  5 energy num_oc.
0 +1 +1 +1 +1 -1 -1 +1 -1 -1 +1 -1 -1 -1 -1 -1 -1 +1 -1 ... -1 -580.0      13
1 -1 +1 -1 -1 +1 +1 -1 +1 +1 -1 +1 +1 +1 +1 +1 +1 +1 +1 ... +1 -580.0       8
2 -1 -1 -1 -1 +1 +1 -1 +1 +1 -1 +1 +1 +1 +1 +1 +1 -1 +1 ... +1 -580.0       9
3 +1 -1 +1 +1 -1 -1 +1 -1 -1 +1 -1 -1 -1 -1 -1 -1 -1 -1 ... -1 -580.0       9
4 -1 +1 -1 -1 +1 +1 -1 +1 +1 -1 +1 +1 +1 +1 +1 +1 -1 +1 ... +1 -580.0       2
5 +1 -1 +1 +1 -1 -1 +1 -1 -1 +1 -1 -1 -1 -1 -1 -1 +1 -1 ... -1 -580.0      10
6 +1 -1 +1 -1 -1 +1 +1 -1 -1 -1 -1 -1 -1 -1 -1 -1 -1 +1 ... +1 -558.0       1
['SPIN', 7 rows, 52 samples, 28 variables]
energies=[-580.0, -580.0, -580.0, -580.0, -580.0, -580.0, -558.0]
