Sample 0:-94
Sample 1:-44
Sample 2:-34
Sample 3:-102
Sample 4:-102
Sample 5:-76
Sample 6:-68
Sample 7:-76
Sample 8:-72
Sample 9:-102
Sample 10:-102
Sample 11:-146
Sample 12:-146
Sample 13:-106
Sample 14:-138
Sample 15:-146
Sample 16:6
Sample 17:-94
Sample 18:-138
Sample 19:-138
Sample 20:-84
Sample 21:-94
Sample 22:-138
Sample 23:-68
Sample 24:-138
Sample 25:-138
Sample 26:-74
Sample 27:-146
Sample 28:-94
Sample 29:-40
Sample 30:-40
Sample 31:-138
Sample 32:-108
Sample 33:-152
Sample 34:-146
Sample 35:-138
Sample 36:-108
Sample 37:-94
Sample 38:-138
Sample 39:-94
Sample 40:-138
Sample 41:-72
Sample 42:-68
Sample 43:-76
Sample 44:-60
Sample 45:-146
Sample 46:-138
Sample 47:-144
Sample 48:-146
Sample 49:-138
Sample 50:-102
Sample 51:-94
Sample 52:-76
Sample 53:-146
Sample 54:-146
Sample 55:-94
Sample 56:-60
Sample 57:-152
Sample 58:-38
Sample 59:-152
Sample 60:-144
Sample 61:-108
Sample 62:-146
Sample 63:-146
Sample 64:-60
Sample 65:-102
Sample 66:-138
Sample 67:-68
Sample 68:-94
Sample 69:-144
Sample 70:-102
Sample 71:-94
Sample 72:-102
Sample 73:-138
Sample 74:-152
Sample 75:-68
Sample 76:-144
Sample 77:-102
Sample 78:-22
Sample 79:-68
Sample 80:-102
Sample 81:-102
Sample 82:-100
Sample 83:-76
Sample 84:-40
Sample 85:-144
Sample 86:-40
Sample 87:-138
Sample 88:-102
Sample 89:-138
Sample 90:-90
Sample 91:-84
Sample 92:-82
Sample 93:-84
Sample 94:-102
Sample 95:-152
Sample 96:-40
Sample 97:-138
Sample 98:-76
Sample 99:-138
Best Ham: -152
Sucess Probability: 5
Ham Average: -103.84
