Sample 0:-22
Sample 1:-48
Sample 2:-22
Sample 3:-48
Sample 4:-48
Sample 5:-22
Sample 6:-22
Sample 7:-8
Sample 8:-48
Sample 9:-48
Sample 10:-22
Sample 11:-22
Sample 12:-48
Sample 13:-26
Sample 14:-48
Sample 15:-22
Sample 16:-48
Sample 17:-48
Sample 18:-48
Sample 19:-22
Sample 20:-8
Sample 21:-48
Sample 22:-48
Sample 23:-22
Sample 24:-48
Sample 25:-22
Sample 26:-22
Sample 27:-48
Sample 28:-22
Sample 29:-48
Sample 30:-8
Sample 31:-48
Sample 32:-48
Sample 33:-48
Sample 34:-48
Sample 35:-48
Sample 36:-48
Sample 37:-26
Sample 38:-22
Sample 39:-48
Sample 40:-8
Sample 41:14
Sample 42:-48
Sample 43:-48
Sample 44:-48
Sample 45:-48
Sample 46:-48
Sample 47:-22
Sample 48:-48
Sample 49:-48
Sample 50:-22
Sample 51:-8
Sample 52:-48
Sample 53:-48
Sample 54:-48
Sample 55:-48
Sample 56:-48
Sample 57:-48
Sample 58:-48
Sample 59:-48
Sample 60:-48
Sample 61:-48
Sample 62:-22
Sample 63:-22
Sample 64:-22
Sample 65:-48
Sample 66:-22
Sample 67:-48
Sample 68:-48
Sample 69:-22
Sample 70:-22
Sample 71:-48
Sample 72:-48
Sample 73:-48
Sample 74:-22
Sample 75:-8
Sample 76:-22
Sample 77:-48
Sample 78:-22
Sample 79:-48
Sample 80:-48
Sample 81:-22
Sample 82:-48
Sample 83:-48
Sample 84:-48
Sample 85:-48
Sample 86:-22
Sample 87:-48
Sample 88:-48
Sample 89:-22
Sample 90:-22
Sample 91:-22
Sample 92:-48
Sample 93:-48
Sample 94:-22
Sample 95:-48
Sample 96:-48
Sample 97:-48
Sample 98:-48
Sample 99:-22
Best Ham: -48
Sucess Probability: 0
Ham Average: -36.48
