[[1 0 0 ... 0 0 7]
 [1 0 0 ... 0 7 0]
 [1 0 0 ... 7 0 0]
 ...
 [1 5 7 ... 0 0 0]
 [1 7 5 ... 0 0 0]
 [7 1 1 ... 1 1 1]]
5
test

{(1, 16): 10, (1, 15): 10, (1, 14): 8, (1, 13): -1, (1, 12): 7, (1, 11): 5, (1, 10): -8, (1, 9): 13, (1, 8): 12, (1, 7): -1, (1, 6): -1, (1, 5): 13, (1, 4): -10, (1, 3): -11, (1, 2): -10, (2, 16): 9, (2, 15): 1, (2, 14): 10, (2, 13): -3, (2, 12): 1, (2, 11): 1, (2, 10): -2, (2, 9): 7, (2, 8): -11, (2, 7): -3, (2, 6): -2, (2, 5): 13, (2, 4): -12, (2, 3): -2, (3, 16): -9, (3, 15): -3, (3, 14): 11, (3, 13): -12, (3, 12): 12, (3, 11): -13, (3, 10): -9, (3, 9): 6, (3, 8): -6, (3, 7): 4, (3, 6): 5, (3, 5): -3, (3, 4): 9, (4, 16): -10, (4, 15): 1, (4, 14): -10, (4, 13): 8, (4, 12): 5, (4, 11): -5, (4, 10): -6, (4, 9): 3, (4, 8): -4, (4, 7): 13, (4, 6): 10, (4, 5): 11, (5, 16): -11, (5, 15): 6, (5, 14): -10, (5, 13): 12, (5, 12): 8, (5, 11): -12, (5, 10): 14, (5, 9): 10, (5, 8): 5, (5, 7): 7, (5, 6): -6, (6, 16): -2, (6, 15): 9, (6, 14): -1, (6, 13): -10, (6, 12): -14, (6, 11): -1, (6, 10): -4, (6, 9): -1, (6, 8): 6, (6, 7): 2, (7, 16): 4, (7, 15): -13, (7, 14): 3, (7, 13): 11, (7, 12): -14, (7, 11): -4, (7, 10): 4, (7, 9): 7, (7, 8): 13, (8, 16): -7, (8, 15): -1, (8, 14): 2, (8, 13): 4, (8, 12): -6, (8, 11): 9, (8, 10): -13, (8, 9): 13, (9, 16): -5, (9, 15): -3, (9, 14): 13, (9, 13): 11, (9, 12): -11, (9, 11): -8, (9, 10): 1, (10, 16): -5, (10, 15): -8, (10, 14): -13, (10, 13): -4, (10, 12): -12, (10, 11): 4, (11, 16): 14, (11, 15): -1, (11, 14): 3, (11, 13): -1, (11, 12): 2, (12, 16): 3, (12, 15): 14, (12, 14): -14, (12, 13): -8, (13, 16): -11, (13, 15): 8, (13, 14): -6, (14, 16): 9, (14, 15): -1, (15, 16): -9}
test1

{}
   1 16 15 14 13 12 11 10  9  8  7  6  5  4  3  2 energy num_oc.
0 +1 +1 +1 -1 +1 -1 -1 +1 -1 +1 -1 -1 -1 +1 +1 +1 -344.0      23
1 -1 -1 -1 +1 -1 +1 +1 -1 +1 -1 +1 +1 +1 -1 -1 -1 -344.0      25
2 -1 +1 +1 -1 -1 -1 +1 -1 +1 -1 +1 -1 +1 -1 +1 -1 -328.0       1
3 +1 -1 -1 +1 +1 +1 -1 +1 -1 +1 -1 +1 -1 +1 -1 +1 -328.0       4
4 +1 +1 -1 +1 +1 +1 -1 +1 -1 +1 -1 +1 -1 +1 +1 +1 -310.0       1
['SPIN', 5 rows, 54 samples, 16 variables]
energies=[-344.0, -344.0, -328.0, -328.0, -310.0]
