Sample 0:-135
Sample 1:-151
Sample 2:-177
Sample 3:-223
Sample 4:-223
Sample 5:-221
Sample 6:-179
Sample 7:-223
Sample 8:-177
Sample 9:-221
Sample 10:-177
Sample 11:-223
Sample 12:-177
Sample 13:-177
Sample 14:-177
Sample 15:-145
Sample 16:-173
Sample 17:-177
Sample 18:-179
Sample 19:-223
Sample 20:-179
Sample 21:-195
Sample 22:-179
Sample 23:-195
Sample 24:-189
Sample 25:-195
Sample 26:-177
Sample 27:-195
Sample 28:-147
Sample 29:-177
Sample 30:-175
Sample 31:-155
Sample 32:-121
Sample 33:-153
Sample 34:-223
Sample 35:-177
Sample 36:-119
Sample 37:-177
Sample 38:-223
Sample 39:-109
Sample 40:-177
Sample 41:-157
Sample 42:-151
Sample 43:-179
Sample 44:-179
Sample 45:-179
Sample 46:-197
Sample 47:-179
Sample 48:-223
Sample 49:-223
Sample 50:-149
Sample 51:-177
Sample 52:-179
Sample 53:-55
Sample 54:-155
Sample 55:-177
Sample 56:59
Sample 57:-179
Sample 58:-177
Sample 59:-179
Sample 60:-179
Sample 61:-177
Sample 62:-119
Sample 63:-177
Sample 64:-223
Sample 65:-157
Sample 66:-179
Sample 67:-177
Sample 68:-221
Sample 69:-177
Sample 70:-157
Sample 71:-179
Sample 72:-223
Sample 73:-177
Sample 74:-177
Sample 75:-177
Sample 76:-23
Sample 77:-179
Sample 78:-179
Sample 79:-223
Sample 80:-179
Sample 81:-177
Sample 82:-155
Sample 83:-153
Sample 84:-179
Sample 85:-223
Sample 86:-157
Sample 87:-153
Sample 88:-177
Sample 89:-221
Sample 90:-121
Sample 91:-157
Sample 92:-177
Sample 93:-179
Sample 94:-177
Sample 95:-61
Sample 96:-179
Sample 97:-197
Sample 98:-179
Sample 99:-151
Best Ham: -223
Sucess Probability: 88
Ham Average: -172.62
