Sample 0:0
Sample 1:-36
Sample 2:-20
Sample 3:-36
Sample 4:-36
Sample 5:-20
Sample 6:-36
Sample 7:0
Sample 8:-36
Sample 9:-36
Sample 10:-36
Sample 11:0
Sample 12:-12
Sample 13:-36
Sample 14:-36
Sample 15:-12
Sample 16:-36
Sample 17:-36
Sample 18:-12
Sample 19:-36
Sample 20:-20
Sample 21:0
Sample 22:-36
Sample 23:-12
Sample 24:-36
Sample 25:-20
Sample 26:-20
Sample 27:0
Sample 28:-36
Sample 29:-36
Sample 30:-20
Sample 31:-36
Sample 32:-20
Sample 33:-36
Sample 34:0
Sample 35:-36
Sample 36:0
Sample 37:0
Sample 38:-20
Sample 39:-36
Sample 40:-20
Sample 41:-20
Sample 42:-20
Sample 43:-36
Sample 44:-36
Sample 45:-20
Sample 46:-36
Sample 47:0
Sample 48:-36
Sample 49:-36
Sample 50:-36
Sample 51:-36
Sample 52:-36
Sample 53:0
Sample 54:-20
Sample 55:-36
Sample 56:-20
Sample 57:-20
Sample 58:-20
Sample 59:-36
Sample 60:-12
Sample 61:-20
Sample 62:-20
Sample 63:-36
Sample 64:-36
Sample 65:-20
Sample 66:-36
Sample 67:0
Sample 68:-20
Sample 69:-20
Sample 70:0
Sample 71:0
Sample 72:-36
Sample 73:-36
Sample 74:-36
Sample 75:-36
Sample 76:-20
Sample 77:-36
Sample 78:-36
Sample 79:-20
Sample 80:-20
Sample 81:-12
Sample 82:-20
Sample 83:-20
Sample 84:-36
Sample 85:-20
Sample 86:0
Sample 87:-36
Sample 88:0
Sample 89:-20
Sample 90:-36
Sample 91:-36
Sample 92:-36
Sample 93:-36
Sample 94:-20
Sample 95:-20
Sample 96:-12
Sample 97:-36
Sample 98:-36
Sample 99:-12
Best Ham: -36
Sucess Probability: 0
Ham Average: -23.88
