Sample 0:-1257
Sample 1:-1257
Sample 2:-1257
Sample 3:-1257
Sample 4:-1257
Sample 5:-1257
Sample 6:-1257
Sample 7:-1257
Sample 8:297
Sample 9:-1257
Sample 10:-1257
Sample 11:-1257
Sample 12:-1257
Sample 13:-1257
Sample 14:-1257
Sample 15:-1257
Sample 16:-1257
Sample 17:-1257
Sample 18:-1257
Sample 19:-1257
Sample 20:-1257
Sample 21:-1257
Sample 22:-1257
Sample 23:-1257
Sample 24:-1257
Sample 25:-1257
Sample 26:-1257
Sample 27:-1257
Sample 28:-1257
Sample 29:-1257
Sample 30:-1257
Sample 31:-1257
Sample 32:-1257
Sample 33:-1025
Sample 34:-939
Sample 35:-889
Sample 36:-889
Sample 37:-939
Sample 38:-861
Sample 39:-977
Sample 40:-909
Sample 41:-1071
Sample 42:-889
Sample 43:-893
Sample 44:-751
Sample 45:-991
Sample 46:-939
Sample 47:-893
Sample 48:-891
Sample 49:-909
Sample 50:-939
Sample 51:-861
Sample 52:-911
Sample 53:-861
Sample 54:-739
Sample 55:-889
Sample 56:-1071
Sample 57:-861
Sample 58:-997
Sample 59:-997
Sample 60:-927
Sample 61:-861
Sample 62:-861
Sample 63:-889
Sample 64:-931
Sample 65:-889
Sample 66:-909
Sample 67:-991
Sample 68:-991
Sample 69:-909
Sample 70:-849
Sample 71:-1005
Sample 72:-1005
Sample 73:-909
Sample 74:-849
Sample 75:-889
Sample 76:-871
Sample 77:-939
Sample 78:-849
Sample 79:-909
Sample 80:-939
Sample 81:-991
Sample 82:-997
Sample 83:-861
Sample 84:-891
Sample 85:-939
Sample 86:-939
Sample 87:-889
Sample 88:-909
Sample 89:-991
Sample 90:-889
Sample 91:-861
Sample 92:-997
Sample 93:-1071
Sample 94:-1059
Sample 95:-1005
Sample 96:-939
Sample 97:-997
Sample 98:-871
Sample 99:-739
Best Ham: -1257
Sucess Probability: 99
Ham Average: -1017.14
