Sample 0:-45
Sample 1:-53
Sample 2:-55
Sample 3:-45
Sample 4:-45
Sample 5:-59
Sample 6:-35
Sample 7:-35
Sample 8:-53
Sample 9:-63
Sample 10:-61
Sample 11:-27
Sample 12:-45
Sample 13:-59
Sample 14:-45
Sample 15:-59
Sample 16:-35
Sample 17:-37
Sample 18:-59
Sample 19:-53
Sample 20:-61
Sample 21:11
Sample 22:-9
Sample 23:-59
Sample 24:-45
Sample 25:-63
Sample 26:-17
Sample 27:-45
Sample 28:-53
Sample 29:-59
Sample 30:-53
Sample 31:-59
Sample 32:-37
Sample 33:-61
Sample 34:-27
Sample 35:-61
Sample 36:-61
Sample 37:-59
Sample 38:-51
Sample 39:-61
Sample 40:-27
Sample 41:-53
Sample 42:-61
Sample 43:-63
Sample 44:-61
Sample 45:-37
Sample 46:-45
Sample 47:-53
Sample 48:-35
Sample 49:-63
Sample 50:-37
Sample 51:-17
Sample 52:-9
Sample 53:-53
Sample 54:-59
Sample 55:-61
Sample 56:-51
Sample 57:-37
Sample 58:-9
Sample 59:-61
Sample 60:-45
Sample 61:-51
Sample 62:-59
Sample 63:-61
Sample 64:-61
Sample 65:-51
Sample 66:-45
Sample 67:-45
Sample 68:-61
Sample 69:-53
Sample 70:-37
Sample 71:-59
Sample 72:-61
Sample 73:-9
Sample 74:-63
Sample 75:-59
Sample 76:-51
Sample 77:-53
Sample 78:-35
Sample 79:-59
Sample 80:-53
Sample 81:-53
Sample 82:-63
Sample 83:-45
Sample 84:-53
Sample 85:-9
Sample 86:-53
Sample 87:-59
Sample 88:-9
Sample 89:-45
Sample 90:-17
Sample 91:-9
Sample 92:-63
Sample 93:-53
Sample 94:-55
Sample 95:-59
Sample 96:-53
Sample 97:-61
Sample 98:-27
Sample 99:-35
Best Ham: -63
Sucess Probability: 0
Ham Average: -46.82
