[[1 0 0 ... 0 0 7]
 [1 0 0 ... 0 7 0]
 [1 0 0 ... 7 0 0]
 ...
 [1 5 7 ... 0 0 0]
 [1 7 4 ... 0 0 0]
 [7 1 1 ... 1 1 1]]
4
test

{(1, 15): 6, (1, 14): -5, (1, 13): 3, (1, 12): 4, (1, 11): -9, (1, 10): -8, (1, 9): 4, (1, 7): 5, (1, 4): 3, (1, 3): -8, (1, 2): -9, (2, 14): -2, (2, 13): -14, (2, 11): -4, (2, 9): -11, (2, 7): 11, (2, 5): -3, (2, 3): 2, (3, 16): -6, (3, 12): 8, (3, 11): -4, (3, 10): -1, (3, 7): 3, (3, 6): 13, (3, 4): 2, (4, 16): 13, (4, 15): 9, (4, 12): 12, (4, 11): -3, (4, 10): -2, (4, 9): 10, (4, 8): 5, (4, 7): 10, (4, 5): -7, (5, 16): -9, (5, 15): -14, (5, 11): 6, (5, 10): -4, (5, 9): -13, (5, 8): -1, (5, 6): -11, (6, 16): -6, (6, 15): -8, (6, 12): 2, (6, 11): 3, (6, 10): -12, (6, 8): 4, (7, 16): 14, (7, 15): -12, (7, 13): -12, (7, 12): -13, (7, 8): 8, (8, 16): -14, (8, 13): -10, (8, 12): 5, (8, 10): -5, (8, 9): -3, (9, 15): 7, (9, 12): -9, (9, 11): 8, (9, 10): -5, (10, 15): 14, (10, 13): -13, (10, 11): 13, (11, 15): 1, (11, 13): -3, (11, 12): -9, (12, 13): -13, (13, 16): 13, (13, 15): 1, (13, 14): -10, (14, 15): 3}
test1

{}
   1 15 14 13 12 11 10  9  7  4  3  2  5 16  6  8 energy num_oc.
0 +1 -1 -1 -1 -1 +1 -1 -1 -1 +1 +1 -1 -1 -1 -1 -1 -248.0      19
1 -1 +1 +1 +1 +1 -1 +1 +1 +1 -1 -1 +1 +1 +1 +1 +1 -248.0       7
2 +1 -1 -1 -1 -1 +1 -1 -1 -1 +1 +1 -1 -1 +1 -1 +1 -244.0      10
3 -1 +1 +1 +1 +1 -1 +1 +1 +1 -1 -1 +1 +1 -1 +1 -1 -244.0      13
4 +1 -1 +1 +1 -1 +1 +1 -1 -1 +1 +1 +1 -1 -1 -1 +1 -228.0       3
5 -1 +1 -1 -1 +1 -1 -1 +1 +1 -1 -1 -1 +1 +1 +1 -1 -228.0       3
['SPIN', 6 rows, 55 samples, 16 variables]
energies=[-248.0, -248.0, -244.0, -244.0, -228.0, -228.0]
