Sample 0:-665
Sample 1:-665
Sample 2:-665
Sample 3:-665
Sample 4:-665
Sample 5:-665
Sample 6:-665
Sample 7:-665
Sample 8:-665
Sample 9:-665
Sample 10:-665
Sample 11:-649
Sample 12:-665
Sample 13:-571
Sample 14:-665
Sample 15:-665
Sample 16:-665
Sample 17:-665
Sample 18:-665
Sample 19:-665
Sample 20:-649
Sample 21:-665
Sample 22:-665
Sample 23:-665
Sample 24:-665
Sample 25:-665
Sample 26:-665
Sample 27:-665
Sample 28:-593
Sample 29:-665
Sample 30:-665
Sample 31:-665
Sample 32:-649
Sample 33:-655
Sample 34:-655
Sample 35:-665
Sample 36:-665
Sample 37:-665
Sample 38:-665
Sample 39:-571
Sample 40:-665
Sample 41:-655
Sample 42:-665
Sample 43:-665
Sample 44:-665
Sample 45:-665
Sample 46:-665
Sample 47:-665
Sample 48:-655
Sample 49:-665
Sample 50:-665
Sample 51:-665
Sample 52:-665
Sample 53:-665
Sample 54:-665
Sample 55:-665
Sample 56:-649
Sample 57:-665
Sample 58:-665
Sample 59:-665
Sample 60:-665
Sample 61:-665
Sample 62:-665
Sample 63:-665
Sample 64:-665
Sample 65:-665
Sample 66:-665
Sample 67:-665
Sample 68:-665
Sample 69:-665
Sample 70:-665
Sample 71:-665
Sample 72:-665
Sample 73:-665
Sample 74:-665
Sample 75:-665
Sample 76:-603
Sample 77:-665
Sample 78:-665
Sample 79:-665
Sample 80:-603
Sample 81:-665
Sample 82:-665
Sample 83:-665
Sample 84:-665
Sample 85:-665
Sample 86:-665
Sample 87:-665
Sample 88:-665
Sample 89:159
Sample 90:-665
Sample 91:-593
Sample 92:-665
Sample 93:-655
Sample 94:-593
Sample 95:-665
Sample 96:-665
Sample 97:-593
Sample 98:-665
Sample 99:-593
Best Ham: -665
Sucess Probability: 99
Ham Average: -648.9
