[[ 1  0  0 ...  0  0  7]
 [ 1  0  0 ...  0  7  0]
 [ 1  0  0 ...  7  0  0]
 ...
 [ 1 -3  7 ...  0  0  0]
 [ 1  7 -4 ...  0  0  0]
 [ 7  1  1 ...  1  1  1]]
-4
test

{(1, 36): -14, (1, 35): -10, (1, 33): 7, (1, 29): -8, (1, 28): -4, (1, 25): -3, (1, 23): 1, (1, 19): 1, (1, 16): 10, (1, 15): 1, (1, 13): 10, (1, 11): 3, (1, 8): 3, (1, 6): -13, (1, 5): 7, (1, 3): 14, (1, 2): 7, (2, 35): 2, (2, 34): -9, (2, 30): 3, (2, 29): 10, (2, 28): 1, (2, 27): 13, (2, 26): -12, (2, 25): 4, (2, 24): -9, (2, 22): 6, (2, 20): -12, (2, 16): 12, (2, 15): -3, (2, 14): 6, (2, 13): -10, (2, 12): -9, (2, 11): 13, (2, 8): -2, (2, 7): -8, (2, 6): -9, (2, 5): 3, (2, 4): -8, (3, 36): 2, (3, 34): -12, (3, 33): 3, (3, 31): 5, (3, 29): -9, (3, 26): 5, (3, 25): -14, (3, 23): 3, (3, 19): 7, (3, 15): -3, (3, 14): -2, (3, 13): 6, (3, 12): -4, (3, 11): 4, (3, 9): -2, (3, 8): -4, (3, 6): -14, (3, 4): 13, (4, 36): -7, (4, 34): 4, (4, 33): -4, (4, 32): -12, (4, 31): -10, (4, 30): 7, (4, 27): -14, (4, 26): 13, (4, 24): -8, (4, 23): -5, (4, 22): -7, (4, 20): 7, (4, 19): 11, (4, 17): -12, (4, 15): 5, (4, 13): 6, (4, 12): -4, (4, 11): 11, (4, 9): 7, (4, 7): -7, (4, 6): -11, (5, 36): -3, (5, 33): -2, (5, 32): 3, (5, 31): 3, (5, 29): -11, (5, 28): -6, (5, 27): -7, (5, 26): -14, (5, 24): -14, (5, 23): 4, (5, 21): 14, (5, 16): 3, (5, 10): 14, (6, 36): 11, (6, 30): 12, (6, 28): 7, (6, 26): 4, (6, 25): -11, (6, 23): 6, (6, 22): 3, (6, 21): 11, (6, 19): 14, (6, 17): -7, (6, 16): 8, (6, 15): -9, (6, 14): 2, (6, 10): -4, (6, 9): 1, (6, 7): 12, (7, 31): 4, (7, 29): 14, (7, 25): 11, (7, 24): 13, (7, 23): -5, (7, 22): 6, (7, 21): -8, (7, 20): -6, (7, 19): 12, (7, 13): 11, (7, 12): 11, (7, 10): 10, (7, 9): 1, (8, 36): -12, (8, 35): -7, (8, 33): -8, (8, 32): -10, (8, 31): 3, (8, 29): -8, (8, 28): -7, (8, 27): -9, (8, 26): -6, (8, 24): -8, (8, 22): -4, (8, 19): 1, (8, 15): 5, (9, 36): 4, (9, 35): 6, (9, 34): -12, (9, 33): -12, (9, 32): 14, (9, 29): -3, (9, 28): -10, (9, 27): -14, (9, 25): -8, (9, 24): 4, (9, 23): 8, (9, 22): 7, (9, 20): 6, (9, 19): -2, (9, 17): 4, (9, 16): -2, (9, 15): 2, (9, 14): -11, (9, 12): 3, (9, 11): 13, (9, 10): 10, (10, 36): -8, (10, 35): 14, (10, 34): -4, (10, 33): 8, (10, 32): 11, (10, 31): -8, (10, 30): -2, (10, 29): -3, (10, 28): -12, (10, 27): -9, (10, 26): 10, (10, 25): -7, (10, 24): -1, (10, 22): -14, (10, 20): -4, (10, 18): -2, (10, 17): 6, (10, 16): -7, (10, 15): 6, (10, 14): -1, (10, 13): -6, (10, 12): 4, (10, 11): 11, (11, 35): -3, (11, 33): 14, (11, 31): -9, (11, 30): 7, (11, 27): 3, (11, 24): 11, (11, 21): 4, (11, 20): -3, (11, 18): 6, (11, 17): -9, (11, 16): 6, (11, 12): 9, (12, 36): -3, (12, 35): 7, (12, 34): -5, (12, 33): 10, (12, 31): -8, (12, 30): -14, (12, 29): 11, (12, 27): -5, (12, 25): -14, (12, 24): -5, (12, 22): -1, (12, 21): -1, (12, 18): 10, (12, 16): -4, (12, 15): 5, (12, 14): -14, (12, 13): -13, (13, 36): 3, (13, 30): 5, (13, 28): -2, (13, 26): -6, (13, 25): 14, (13, 23): 5, (13, 22): 13, (13, 21): 6, (13, 19): -9, (13, 18): 2, (13, 17): -7, (13, 16): -6, (13, 15): -9, (13, 14): -6, (14, 35): -12, (14, 34): 14, (14, 32): 11, (14, 31): 13, (14, 30): 13, (14, 29): -2, (14, 27): 5, (14, 25): -3, (14, 23): -14, (14, 22): -4, (14, 21): 10, (14, 20): 6, (14, 19): -2, (14, 17): -14, (14, 16): -4, (14, 15): 9, (15, 36): 4, (15, 35): 4, (15, 32): 6, (15, 27): -10, (15, 26): -2, (15, 24): -14, (15, 23): -1, (15, 22): 8, (15, 21): -2, (15, 20): 12, (15, 19): -6, (15, 17): 13, (15, 16): -10, (16, 36): 14, (16, 34): 8, (16, 32): -3, (16, 31): 12, (16, 30): -4, (16, 29): 9, (16, 28): 4, (16, 27): 1, (16, 26): 3, (16, 24): 11, (16, 23): -10, (16, 22): 14, (16, 21): 4, (16, 19): -14, (16, 18): -14, (17, 36): 13, (17, 33): -12, (17, 32): 6, (17, 31): -8, (17, 28): -5, (17, 27): 3, (17, 26): 2, (17, 25): 6, (17, 24): 1, (17, 22): -2, (18, 36): -11, (18, 31): 7, (18, 29): 8, (18, 26): 12, (18, 25): 6, (18, 21): -8, (18, 20): -9, (18, 19): -2, (19, 36): 4, (19, 35): 7, (19, 34): -6, (19, 33): 4, (19, 32): -4, (19, 30): 10, (19, 28): 7, (19, 25): -4, (19, 24): -8, (19, 23): 4, (19, 20): 2, (20, 36): 12, (20, 35): 5, (20, 34): 7, (20, 33): 4, (20, 32): -1, (20, 31): 8, (20, 30): 9, (20, 29): 13, (20, 28): 11, (20, 27): 1, (20, 26): -5, (20, 25): 7, (20, 21): -8, (21, 36): -9, (21, 34): -7, (21, 31): 11, (21, 30): -10, (21, 28): -7, (21, 27): 1, (21, 25): -4, (21, 24): -14, (21, 22): -13, (22, 35): 11, (22, 34): -7, (22, 33): -12, (22, 31): 8, (22, 26): 7, (22, 25): 4, (22, 23): 4, (23, 36): 7, (23, 35): -11, (23, 32): -10, (23, 31): 2, (23, 30): 14, (23, 29): 6, (23, 28): -7, (23, 27): 10, (23, 26): 9, (23, 25): 8, (23, 24): 9, (24, 33): 4, (24, 32): 9, (24, 31): -13, (24, 30): 9, (24, 29): 7, (24, 28): 10, (24, 25): 9, (25, 35): 14, (25, 34): -5, (25, 32): 10, (25, 30): -3, (25, 29): 9, (25, 27): 13, (26, 36): -3, (26, 34): -11, (26, 33): -11, (26, 29): -5, (27, 36): 3, (27, 35): -2, (27, 34): 3, (27, 32): 13, (27, 30): -7, (27, 28): 4, (28, 36): -9, (28, 35): -2, (28, 33): 4, (28, 31): -8, (28, 30): -10, (29, 36): 4, (29, 33): -13, (29, 32): -9, (29, 31): -6, (30, 36): -6, (30, 35): -12, (30, 34): 7, (30, 31): 13, (31, 36): -3, (31, 33): 2, (31, 32): 12, (32, 36): 2, (32, 35): 8, (32, 34): -10, (33, 35): -8, (33, 34): 13, (34, 36): 4}
test1

{}
   1 36 35 33 29 28 25 23 19 16 15 13 11  8  6  5  3  2 ... 18 energy num_oc.
0 -1 -1 -1 -1 -1 -1 +1 -1 +1 +1 +1 +1 -1 -1 +1 +1 +1 +1 ... -1 -945.0      25
1 +1 +1 +1 +1 +1 +1 -1 +1 -1 -1 -1 -1 +1 +1 -1 -1 -1 -1 ... +1 -945.0      22
2 -1 -1 +1 -1 -1 -1 -1 +1 +1 +1 -1 +1 +1 -1 -1 -1 -1 -1 ... +1 -941.0       2
3 -1 -1 -1 -1 -1 -1 +1 -1 +1 -1 +1 +1 +1 -1 +1 +1 +1 +1 ... -1 -921.0       1
4 +1 +1 +1 +1 +1 +1 -1 +1 -1 +1 -1 -1 -1 +1 -1 -1 -1 -1 ... +1 -921.0       1
5 +1 +1 +1 +1 +1 +1 +1 -1 -1 -1 -1 -1 -1 +1 +1 +1 +1 -1 ... -1 -899.0       3
6 -1 -1 -1 -1 -1 -1 -1 +1 +1 +1 +1 +1 +1 -1 -1 -1 -1 +1 ... +1 -899.0      10
['SPIN', 7 rows, 64 samples, 36 variables]
energies=[-945.0, -945.0, -941.0, -921.0, -921.0, -899.0, -899.0]
