Sample 0:-784
Sample 1:-784
Sample 2:-784
Sample 3:-784
Sample 4:-784
Sample 5:-784
Sample 6:-784
Sample 7:-784
Sample 8:-784
Sample 9:-784
Sample 10:-784
Sample 11:-784
Sample 12:-784
Sample 13:-784
Sample 14:-784
Sample 15:-784
Sample 16:-784
Sample 17:-784
Sample 18:-784
Sample 19:-784
Sample 20:-784
Sample 21:-784
Sample 22:-784
Sample 23:-784
Sample 24:-784
Sample 25:-784
Sample 26:-784
Sample 27:-784
Sample 28:-784
Sample 29:-784
Sample 30:-784
Sample 31:-784
Sample 32:-784
Sample 33:-784
Sample 34:-784
Sample 35:-784
Sample 36:-784
Sample 37:-784
Sample 38:-784
Sample 39:-784
Sample 40:-784
Sample 41:-784
Sample 42:-784
Sample 43:-784
Sample 44:-784
Sample 45:-784
Sample 46:-784
Sample 47:-784
Sample 48:-784
Sample 49:-784
Sample 50:-784
Sample 51:-784
Sample 52:-784
Sample 53:-784
Sample 54:-784
Sample 55:-784
Sample 56:-784
Sample 57:-784
Sample 58:-784
Sample 59:-784
Sample 60:-784
Sample 61:-784
Sample 62:-784
Sample 63:-784
Sample 64:-784
Sample 65:-784
Sample 66:-784
Sample 67:-784
Sample 68:-784
Sample 69:-784
Sample 70:-784
Sample 71:-784
Sample 72:-784
Sample 73:-784
Sample 74:-784
Sample 75:-784
Sample 76:-784
Sample 77:-784
Sample 78:-784
Sample 79:-784
Sample 80:142
Sample 81:-784
Sample 82:-784
Sample 83:-784
Sample 84:-784
Sample 85:-784
Sample 86:-784
Sample 87:-784
Sample 88:-784
Sample 89:-784
Sample 90:-784
Sample 91:-784
Sample 92:-784
Sample 93:-784
Sample 94:-784
Sample 95:-784
Sample 96:-784
Sample 97:-784
Sample 98:-784
Sample 99:-784
Best Ham: -784
Sucess Probability: 99
Ham Average: -774.74
