[[1 0 0 ... 0 0 7]
 [1 0 0 ... 0 7 0]
 [1 0 0 ... 7 0 0]
 ...
 [1 0 7 ... 0 0 0]
 [1 7 0 ... 0 0 0]
 [7 1 1 ... 1 1 1]]
0
test

{(1, 42): -10, (1, 41): 12, (1, 37): -1, (1, 36): -6, (1, 34): -5, (1, 28): 14, (1, 26): 8, (1, 18): -14, (1, 16): -3, (1, 14): 5, (1, 12): -12, (1, 11): 11, (1, 5): -7, (1, 3): 4, (2, 43): 11, (2, 36): -12, (2, 35): 4, (2, 33): -10, (2, 31): -2, (2, 30): 2, (2, 23): -3, (2, 22): 1, (2, 21): -14, (2, 8): -3, (2, 5): 1, (3, 46): -4, (3, 44): -4, (3, 40): 7, (3, 30): 2, (3, 28): 6, (3, 27): -5, (3, 26): 4, (3, 25): 7, (3, 24): -8, (3, 22): -14, (3, 21): 4, (3, 16): 3, (3, 9): 6, (4, 46): 13, (4, 44): 7, (4, 42): 4, (4, 38): -7, (4, 24): 5, (4, 23): -4, (4, 19): 9, (4, 15): -13, (4, 11): -10, (4, 10): 4, (5, 40): -11, (5, 39): -3, (5, 33): 10, (5, 32): 14, (5, 31): 3, (5, 27): -7, (5, 23): 1, (5, 18): 6, (5, 17): 14, (5, 10): -4, (6, 42): 8, (6, 36): -9, (6, 29): 6, (6, 24): 7, (6, 19): 11, (6, 18): -7, (6, 17): -12, (6, 8): -10, (7, 45): -12, (7, 41): -4, (7, 35): 12, (7, 25): 11, (7, 21): 7, (7, 19): -2, (7, 18): -5, (7, 17): -6, (7, 16): -12, (7, 15): 11, (7, 11): 5, (7, 8): 7, (8, 44): 5, (8, 40): 3, (8, 38): -13, (8, 35): -3, (8, 34): -4, (8, 33): 3, (8, 30): 2, (8, 26): 4, (8, 21): -11, (8, 17): 6, (8, 15): -1, (8, 13): 2, (8, 10): -6, (9, 44): -1, (9, 39): -11, (9, 27): 12, (9, 22): -13, (9, 12): 12, (10, 46): 12, (10, 45): 7, (10, 44): -5, (10, 43): -5, (10, 42): 1, (10, 40): -9, (10, 36): -6, (10, 33): -14, (10, 32): 11, (10, 30): 4, (10, 28): -8, (10, 23): 3, (10, 21): 9, (10, 13): -1, (10, 11): -5, (11, 41): -11, (11, 38): 9, (11, 36): -12, (11, 35): -4, (11, 34): -1, (11, 33): 4, (11, 30): -9, (11, 29): 9, (11, 28): -7, (11, 25): 9, (11, 18): 10, (11, 16): -9, (12, 45): 14, (12, 43): -7, (12, 42): -13, (12, 39): -9, (12, 38): 10, (12, 35): -3, (12, 26): 3, (12, 13): 12, (13, 43): 12, (13, 42): -3, (13, 35): 14, (13, 34): -13, (13, 29): 13, (13, 28): -5, (13, 27): 7, (13, 20): -7, (13, 15): -5, (13, 14): 5, (14, 40): 7, (14, 32): 7, (14, 31): 7, (14, 29): -1, (14, 16): -8, (15, 45): 10, (15, 42): 2, (15, 37): 8, (15, 36): 11, (15, 35): -8, (15, 33): -8, (15, 32): -12, (15, 31): 9, (15, 28): -8, (15, 26): -14, (15, 25): -9, (15, 23): -12, (15, 20): -6, (15, 17): -8, (16, 46): 14, (16, 41): -7, (16, 39): 13, (16, 38): 2, (16, 36): 6, (16, 35): -5, (16, 33): -8, (16, 30): -3, (16, 26): -11, (16, 24): -14, (16, 22): -4, (16, 21): -12, (17, 46): -9, (17, 45): 9, (17, 44): -1, (17, 43): 10, (17, 41): 7, (17, 34): -11, (17, 30): 11, (17, 19): 6, (18, 46): 6, (18, 45): -2, (18, 42): 3, (18, 41): -4, (18, 38): 9, (18, 36): 14, (18, 33): 3, (18, 32): 5, (18, 31): 4, (18, 30): -2, (18, 25): -2, (18, 24): -14, (18, 21): -10, (18, 19): -9, (19, 41): 4, (19, 39): -4, (19, 36): 14, (19, 34): 11, (19, 28): -5, (19, 25): 11, (19, 21): 4, (20, 44): -6, (20, 41): 7, (20, 40): -1, (20, 37): 13, (20, 36): -14, (20, 31): -2, (20, 29): 14, (20, 22): -12, (20, 21): -12, (21, 46): -2, (21, 44): 5, (21, 42): -8, (21, 40): 1, (21, 37): 11, (21, 36): 1, (21, 35): 11, (21, 34): -5, (21, 32): 3, (21, 30): 10, (21, 29): 5, (21, 28): -6, (21, 24): -11, (22, 37): -7, (22, 32): -5, (22, 28): 1, (23, 42): -4, (23, 40): -14, (23, 38): 9, (23, 36): 10, (23, 27): 4, (24, 46): -13, (24, 44): 3, (24, 41): 7, (24, 40): -6, (24, 34): 1, (24, 31): -12, (24, 28): 14, (24, 27): 2, (24, 25): 6, (25, 44): -5, (25, 43): 6, (25, 37): 7, (25, 36): -6, (25, 34): -14, (25, 33): -7, (25, 29): -10, (25, 28): 2, (26, 43): 2, (26, 40): -4, (26, 39): 11, (26, 34): -9, (26, 32): -9, (26, 28): -14, (26, 27): -1, (27, 43): -1, (27, 41): -13, (27, 38): -9, (27, 37): 9, (27, 33): 9, (28, 46): 9, (28, 45): 10, (28, 43): 12, (28, 40): 12, (28, 38): -7, (28, 31): 4, (29, 45): -10, (29, 39): 7, (29, 35): -6, (29, 33): 11, (30, 41): 11, (30, 35): 6, (30, 34): 7, (30, 33): 14, (30, 31): 5, (31, 46): 13, (31, 45): 10, (31, 44): 7, (31, 34): -12, (31, 33): -1, (31, 32): -13, (32, 45): -3, (32, 41): 7, (32, 39): 13, (32, 37): -12, (33, 43): 7, (33, 42): -8, (33, 40): -5, (34, 46): 10, (34, 41): 9, (34, 40): 1, (34, 38): -6, (34, 37): 11, (34, 35): 13, (35, 45): 8, (35, 41): -2, (35, 38): -3, (36, 40): 6, (37, 41): 5, (38, 40): -7, (39, 44): 10, (39, 43): -3, (39, 40): 14, (40, 46): -14, (40, 43): 1, (40, 42): -5, (41, 44): -4, (41, 43): -1, (41, 42): 4, (42, 43): -3, (43, 44): -9}
test1

{}
   1 42 41 37 36 34 28 26 18 16 14 12 11  5  3  2 43 35 ... 20  energy num_oc.
0 +1 +1 -1 +1 -1 -1 -1 -1 +1 -1 +1 +1 -1 +1 +1 -1 +1 +1 ... -1 -1118.0      12
1 -1 -1 +1 -1 +1 +1 +1 +1 -1 +1 -1 -1 +1 -1 -1 +1 -1 -1 ... +1 -1118.0       8
2 -1 -1 +1 -1 +1 +1 +1 +1 -1 +1 -1 -1 +1 -1 -1 +1 -1 +1 ... +1 -1118.0       4
3 +1 +1 -1 +1 -1 -1 -1 -1 +1 -1 -1 +1 -1 +1 +1 -1 +1 -1 ... -1 -1118.0       7
4 -1 -1 +1 -1 +1 +1 +1 +1 -1 +1 +1 -1 +1 -1 -1 +1 -1 -1 ... +1 -1118.0       2
5 -1 -1 +1 -1 +1 +1 +1 +1 -1 +1 +1 -1 +1 -1 -1 +1 -1 +1 ... +1 -1118.0       7
6 +1 +1 -1 +1 -1 -1 -1 -1 +1 -1 +1 +1 -1 +1 +1 -1 +1 -1 ... -1 -1118.0      11
['SPIN', 7 rows, 51 samples, 46 variables]
energies=[-1118.0, -1118.0, -1118.0, -1118.0, -1118.0, -1118.0, -1118.0]
