Sample 0:-628
Sample 1:-660
Sample 2:-510
Sample 3:-780
Sample 4:-536
Sample 5:-780
Sample 6:-672
Sample 7:-754
Sample 8:-672
Sample 9:-672
Sample 10:-698
Sample 11:94
Sample 12:-672
Sample 13:-506
Sample 14:-698
Sample 15:-698
Sample 16:-480
Sample 17:-672
Sample 18:-672
Sample 19:-670
Sample 20:-754
Sample 21:-780
Sample 22:-672
Sample 23:-698
Sample 24:-578
Sample 25:-644
Sample 26:-780
Sample 27:-468
Sample 28:-780
Sample 29:-780
Sample 30:-506
Sample 31:-578
Sample 32:-780
Sample 33:-480
Sample 34:-754
Sample 35:-754
Sample 36:-698
Sample 37:-648
Sample 38:-754
Sample 39:-468
Sample 40:-468
Sample 41:-698
Sample 42:-468
Sample 43:-754
Sample 44:-672
Sample 45:-648
Sample 46:-698
Sample 47:-754
Sample 48:-780
Sample 49:-672
Sample 50:-780
Sample 51:-506
Sample 52:-672
Sample 53:-468
Sample 54:-714
Sample 55:-648
Sample 56:-698
Sample 57:-780
Sample 58:-672
Sample 59:-506
Sample 60:-498
Sample 61:-506
Sample 62:-754
Sample 63:-672
Sample 64:-442
Sample 65:-780
Sample 66:-754
Sample 67:-780
Sample 68:-698
Sample 69:-672
Sample 70:-754
Sample 71:-698
Sample 72:-672
Sample 73:-506
Sample 74:-506
Sample 75:-780
Sample 76:-698
Sample 77:-698
Sample 78:-648
Sample 79:-754
Sample 80:-592
Sample 81:-672
Sample 82:-468
Sample 83:-672
Sample 84:-468
Sample 85:-480
Sample 86:-672
Sample 87:-588
Sample 88:-698
Sample 89:-672
Sample 90:-506
Sample 91:-672
Sample 92:-672
Sample 93:-578
Sample 94:-578
Sample 95:-672
Sample 96:-754
Sample 97:-468
Sample 98:-698
Sample 99:-698
Best Ham: -780
Sucess Probability: 99
Ham Average: -642.94
