Sample 0:-928
Sample 1:-928
Sample 2:-928
Sample 3:-928
Sample 4:-928
Sample 5:-928
Sample 6:-928
Sample 7:-928
Sample 8:-928
Sample 9:-928
Sample 10:-928
Sample 11:-928
Sample 12:-928
Sample 13:-928
Sample 14:-928
Sample 15:-928
Sample 16:-928
Sample 17:-928
Sample 18:-928
Sample 19:-928
Sample 20:-928
Sample 21:-928
Sample 22:184
Sample 23:-928
Sample 24:-928
Sample 25:-928
Sample 26:-928
Sample 27:-928
Sample 28:-928
Sample 29:-928
Sample 30:-928
Sample 31:-928
Sample 32:-928
Sample 33:-928
Sample 34:-928
Sample 35:-928
Sample 36:-928
Sample 37:-928
Sample 38:-928
Sample 39:-928
Sample 40:-928
Sample 41:-928
Sample 42:-928
Sample 43:-928
Sample 44:-928
Sample 45:-928
Sample 46:-928
Sample 47:-928
Sample 48:-928
Sample 49:-928
Sample 50:-928
Sample 51:-928
Sample 52:-928
Sample 53:-928
Sample 54:-928
Sample 55:-928
Sample 56:-928
Sample 57:-928
Sample 58:-928
Sample 59:-928
Sample 60:-928
Sample 61:-928
Sample 62:-928
Sample 63:-928
Sample 64:-928
Sample 65:-928
Sample 66:-928
Sample 67:-928
Sample 68:-928
Sample 69:-928
Sample 70:-928
Sample 71:-928
Sample 72:-928
Sample 73:-928
Sample 74:-928
Sample 75:-928
Sample 76:-928
Sample 77:-928
Sample 78:-928
Sample 79:-928
Sample 80:-928
Sample 81:-928
Sample 82:-928
Sample 83:-928
Sample 84:-928
Sample 85:-928
Sample 86:-928
Sample 87:-928
Sample 88:-928
Sample 89:-928
Sample 90:-928
Sample 91:-928
Sample 92:-928
Sample 93:-928
Sample 94:-928
Sample 95:-928
Sample 96:-928
Sample 97:-928
Sample 98:-928
Sample 99:-928
Best Ham: -928
Sucess Probability: 99
Ham Average: -916.88
