Sample 0:-91
Sample 1:-51
Sample 2:-81
Sample 3:-61
Sample 4:-23
Sample 5:-27
Sample 6:-81
Sample 7:-61
Sample 8:-53
Sample 9:-71
Sample 10:-53
Sample 11:-81
Sample 12:-39
Sample 13:-7
Sample 14:-53
Sample 15:-57
Sample 16:-81
Sample 17:-23
Sample 18:-57
Sample 19:-91
Sample 20:-45
Sample 21:-73
Sample 22:-53
Sample 23:-73
Sample 24:-61
Sample 25:-61
Sample 26:-35
Sample 27:-77
Sample 28:-41
Sample 29:-31
Sample 30:-81
Sample 31:-69
Sample 32:-57
Sample 33:-31
Sample 34:-59
Sample 35:-53
Sample 36:-81
Sample 37:-61
Sample 38:1
Sample 39:-33
Sample 40:-91
Sample 41:7
Sample 42:-41
Sample 43:-53
Sample 44:-27
Sample 45:-41
Sample 46:-91
Sample 47:-71
Sample 48:-81
Sample 49:-31
Sample 50:21
Sample 51:-67
Sample 52:-31
Sample 53:-37
Sample 54:-79
Sample 55:-15
Sample 56:-55
Sample 57:-53
Sample 58:-53
Sample 59:-79
Sample 60:-77
Sample 61:19
Sample 62:-91
Sample 63:-77
Sample 64:-57
Sample 65:-7
Sample 66:-71
Sample 67:-15
Sample 68:-41
Sample 69:-75
Sample 70:-91
Sample 71:-91
Sample 72:-35
Sample 73:21
Sample 74:-67
Sample 75:-57
Sample 76:-51
Sample 77:-39
Sample 78:-91
Sample 79:-61
Sample 80:-77
Sample 81:-91
Sample 82:-81
Sample 83:-77
Sample 84:-57
Sample 85:-29
Sample 86:-29
Sample 87:-81
Sample 88:-39
Sample 89:-35
Sample 90:-39
Sample 91:-27
Sample 92:-91
Sample 93:-7
Sample 94:-53
Sample 95:-91
Sample 96:-63
Sample 97:1
Sample 98:-71
Sample 99:-15
Best Ham: -91
Sucess Probability: 0
Ham Average: -52.9
