[[1 0 0 ... 0 0 7]
 [1 0 0 ... 0 7 0]
 [1 0 0 ... 7 0 0]
 ...
 [1 0 7 ... 0 0 0]
 [1 7 0 ... 0 0 0]
 [7 1 1 ... 1 1 1]]
0
test

{(1, 9): 9, (1, 8): -2, (1, 7): -4, (1, 6): -1, (1, 4): -9, (2, 5): -6, (2, 3): -6, (3, 8): 7, (3, 7): 1, (3, 6): 3, (3, 5): -4, (3, 4): 5, (4, 10): 2, (4, 9): 10, (4, 7): 13, (4, 5): -10, (5, 11): 9, (5, 9): -1, (5, 7): -14, (5, 6): -8, (6, 11): -4, (6, 9): 5, (6, 7): -3, (7, 10): -9, (8, 10): -2, (8, 9): 6, (9, 10): -2}
test1

{}
   1  9  8  7  6  4  2  5  3 10 11 energy num_oc.
0 +1 -1 +1 -1 +1 +1 -1 -1 -1 -1 +1  -99.0      17
1 -1 +1 -1 +1 -1 -1 +1 +1 +1 +1 -1  -99.0      15
2 -1 +1 -1 -1 -1 -1 -1 -1 +1 -1 +1  -91.0       1
3 -1 +1 -1 -1 -1 -1 +1 -1 +1 -1 +1  -91.0      11
4 +1 -1 +1 +1 +1 +1 -1 +1 -1 +1 -1  -91.0      10
['SPIN', 5 rows, 54 samples, 11 variables]
energies=[-99.0, -99.0, -91.0, -91.0, -91.0]
