Sample 0:-157
Sample 1:-209
Sample 2:-115
Sample 3:-209
Sample 4:-209
Sample 5:-209
Sample 6:-81
Sample 7:-167
Sample 8:-145
Sample 9:-113
Sample 10:-157
Sample 11:-83
Sample 12:-115
Sample 13:-209
Sample 14:-95
Sample 15:-41
Sample 16:-115
Sample 17:-157
Sample 18:-209
Sample 19:-41
Sample 20:-115
Sample 21:-209
Sample 22:-167
Sample 23:-145
Sample 24:-145
Sample 25:-81
Sample 26:-167
Sample 27:-157
Sample 28:-145
Sample 29:-209
Sample 30:-209
Sample 31:-115
Sample 32:-209
Sample 33:-53
Sample 34:-167
Sample 35:-209
Sample 36:-167
Sample 37:-145
Sample 38:-209
Sample 39:-167
Sample 40:-167
Sample 41:-145
Sample 42:-159
Sample 43:-209
Sample 44:-41
Sample 45:-113
Sample 46:-167
Sample 47:-157
Sample 48:-115
Sample 49:3
Sample 50:-35
Sample 51:-35
Sample 52:-209
Sample 53:-163
Sample 54:-209
Sample 55:-35
Sample 56:-157
Sample 57:-209
Sample 58:-145
Sample 59:-209
Sample 60:-93
Sample 61:-209
Sample 62:-167
Sample 63:-209
Sample 64:-145
Sample 65:-157
Sample 66:-209
Sample 67:-209
Sample 68:-209
Sample 69:-115
Sample 70:-157
Sample 71:-209
Sample 72:-209
Sample 73:-145
Sample 74:-145
Sample 75:-145
Sample 76:-145
Sample 77:-167
Sample 78:-67
Sample 79:-95
Sample 80:-209
Sample 81:-209
Sample 82:-157
Sample 83:-157
Sample 84:-167
Sample 85:-35
Sample 86:-209
Sample 87:-67
Sample 88:3
Sample 89:-93
Sample 90:-157
Sample 91:-167
Sample 92:-35
Sample 93:-145
Sample 94:-95
Sample 95:-209
Sample 96:-209
Sample 97:-209
Sample 98:-145
Sample 99:-167
Best Ham: -209
Sucess Probability: 56
Ham Average: -147.46
