[[1 0 0 ... 0 0 7]
 [1 0 0 ... 0 7 0]
 [1 0 0 ... 7 0 0]
 ...
 [1 0 7 ... 0 0 0]
 [1 7 0 ... 0 0 0]
 [7 1 1 ... 1 1 1]]
0
test

{(1, 39): 4, (1, 38): 1, (1, 35): -13, (1, 32): -8, (1, 29): 1, (1, 22): 1, (1, 21): 14, (1, 20): 4, (1, 17): -8, (1, 15): -13, (1, 11): 4, (1, 10): 8, (1, 9): 6, (1, 7): -2, (1, 5): -6, (1, 4): -6, (2, 39): 2, (2, 35): -11, (2, 33): -11, (2, 28): 10, (2, 22): -5, (2, 18): -2, (2, 17): 6, (2, 10): 11, (2, 9): -8, (2, 6): -2, (2, 3): 8, (3, 38): 4, (3, 36): 4, (3, 34): 12, (3, 30): 11, (3, 27): -7, (3, 26): 14, (3, 25): -7, (3, 21): 9, (3, 20): 11, (3, 18): -13, (3, 17): 12, (3, 15): -6, (3, 14): 2, (3, 13): 13, (3, 12): 9, (3, 5): -13, (4, 39): 10, (4, 37): 12, (4, 34): 5, (4, 33): 4, (4, 31): -5, (4, 30): -4, (4, 27): 6, (4, 26): 9, (4, 21): -5, (4, 20): 1, (4, 18): 10, (4, 15): 4, (4, 12): -7, (4, 11): 2, (4, 6): 6, (5, 38): -2, (5, 37): 7, (5, 36): -9, (5, 31): 4, (5, 30): -14, (5, 27): 10, (5, 26): -1, (5, 25): -7, (5, 23): -3, (5, 20): -2, (5, 19): -12, (5, 18): -1, (5, 16): 12, (5, 10): -7, (5, 7): -1, (6, 39): -14, (6, 37): 2, (6, 35): 1, (6, 32): 3, (6, 31): 8, (6, 30): -4, (6, 27): 3, (6, 24): 12, (6, 21): 8, (6, 20): 3, (6, 18): 12, (6, 15): -8, (6, 14): 10, (6, 12): -11, (7, 35): -6, (7, 33): -11, (7, 32): 12, (7, 31): -5, (7, 29): 13, (7, 27): -1, (7, 26): -11, (7, 23): 5, (7, 22): -6, (7, 19): -9, (7, 18): -2, (7, 17): 14, (7, 8): 13, (8, 39): -7, (8, 38): 13, (8, 36): -10, (8, 34): 3, (8, 31): -3, (8, 22): 8, (8, 20): 5, (8, 16): -12, (8, 15): -4, (8, 12): 6, (8, 10): -12, (9, 37): -9, (9, 33): -12, (9, 27): 13, (9, 23): -2, (9, 21): -11, (9, 16): 13, (9, 14): -4, (9, 13): -1, (9, 12): -10, (9, 10): -5, (10, 38): -10, (10, 37): -11, (10, 35): 8, (10, 31): 11, (10, 29): -11, (10, 23): -10, (10, 21): -14, (10, 17): -11, (10, 14): 12, (10, 13): 14, (11, 38): 11, (11, 34): -7, (11, 31): -5, (11, 30): 5, (11, 29): -12, (11, 24): -6, (11, 22): 11, (11, 19): 12, (11, 18): -6, (11, 15): -9, (11, 14): -6, (11, 13): -11, (11, 12): 11, (12, 39): -11, (12, 38): 2, (12, 37): 12, (12, 34): -12, (12, 33): -2, (12, 32): 6, (12, 28): -9, (12, 26): -6, (12, 25): 6, (12, 24): -3, (12, 22): 13, (12, 21): -11, (12, 19): 5, (12, 17): -4, (12, 14): -11, (12, 13): -8, (13, 36): -14, (13, 34): 6, (13, 32): -13, (13, 31): 9, (13, 29): -4, (13, 27): -11, (13, 25): 3, (13, 24): 11, (13, 22): -5, (13, 20): 3, (13, 18): -1, (14, 38): -7, (14, 37): -13, (14, 33): 6, (14, 32): 8, (14, 26): -4, (14, 21): 13, (14, 18): 11, (15, 39): 14, (15, 34): -11, (15, 32): 3, (15, 29): -8, (15, 28): -6, (15, 26): -8, (15, 24): -11, (15, 23): 11, (15, 18): -13, (16, 33): 1, (16, 30): 2, (16, 28): -13, (16, 27): -1, (16, 25): 9, (16, 21): -4, (16, 20): 9, (16, 17): -11, (17, 39): 13, (17, 35): -2, (17, 31): 14, (17, 28): 11, (17, 23): 1, (17, 21): -8, (17, 20): 1, (17, 19): 7, (17, 18): 14, (18, 37): 2, (18, 32): 12, (18, 31): 11, (18, 29): -11, (18, 28): -12, (18, 26): 2, (19, 38): 6, (19, 36): -2, (19, 34): -8, (19, 32): -11, (19, 31): 11, (19, 26): -8, (19, 25): 14, (19, 20): 1, (20, 39): 7, (20, 37): -4, (20, 36): 6, (20, 34): -12, (20, 33): -2, (20, 32): -12, (20, 27): 13, (21, 39): 12, (21, 28): 4, (21, 25): 1, (21, 24): -1, (21, 22): 6, (22, 39): 2, (22, 38): -14, (22, 37): 2, (22, 36): 1, (22, 34): 1, (22, 32): 2, (22, 28): -14, (22, 27): 4, (22, 26): -8, (22, 25): -8, (23, 38): -10, (23, 37): -13, (23, 35): -13, (23, 33): -6, (23, 31): -9, (23, 29): 12, (23, 28): 6, (23, 24): 12, (24, 38): 4, (24, 37): -2, (24, 36): -8, (24, 34): 12, (24, 32): -8, (24, 30): 11, (24, 28): 4, (24, 27): -7, (24, 25): 5, (25, 39): 6, (25, 38): 6, (25, 36): 6, (25, 34): -2, (25, 27): 6, (25, 26): -10, (26, 36): -7, (26, 35): 10, (26, 34): 5, (27, 39): 2, (27, 38): 11, (27, 37): -6, (27, 36): 11, (27, 35): 10, (27, 34): -13, (27, 33): 8, (27, 32): 14, (27, 29): -13, (28, 39): 5, (28, 35): -8, (28, 31): -13, (29, 38): -7, (29, 37): 2, (29, 33): -11, (29, 31): -6, (30, 38): -8, (30, 35): -12, (31, 36): -5, (31, 35): 4, (31, 34): 7, (32, 39): -12, (32, 34): 3, (32, 33): -8, (33, 34): -4, (34, 35): -2, (35, 38): -3, (36, 39): 6, (37, 38): 4, (38, 39): 5}
test1

{}
   1 39 38 35 32 29 22 21 20 17 15 11 10  9  7  5  4  2 ...  8 energy num_oc.
0 -1 -1 -1 -1 -1 +1 -1 +1 -1 +1 +1 +1 +1 -1 -1 -1 +1 -1 ... +1 -911.0      15
1 +1 +1 +1 +1 +1 -1 +1 -1 +1 -1 -1 -1 -1 +1 +1 +1 -1 +1 ... -1 -911.0       4
2 +1 +1 +1 +1 +1 -1 +1 -1 +1 -1 -1 -1 -1 +1 +1 +1 -1 +1 ... -1 -911.0      15
3 -1 -1 -1 -1 -1 +1 -1 +1 -1 +1 +1 +1 +1 -1 -1 -1 +1 -1 ... +1 -911.0      16
4 -1 -1 -1 -1 -1 +1 -1 +1 -1 +1 +1 +1 +1 -1 -1 -1 -1 -1 ... +1 -907.0       2
['SPIN', 5 rows, 52 samples, 39 variables]
energies=[-911.0, -911.0, -911.0, -911.0, -907.0]
