Sample 0:-136
Sample 1:-120
Sample 2:-272
Sample 3:-148
Sample 4:-294
Sample 5:-56
Sample 6:-138
Sample 7:-364
Sample 8:-70
Sample 9:-336
Sample 10:-220
Sample 11:-172
Sample 12:-354
Sample 13:-270
Sample 14:-120
Sample 15:-334
Sample 16:-374
Sample 17:-100
Sample 18:-276
Sample 19:-22
Sample 20:-334
Sample 21:-302
Sample 22:-272
Sample 23:-296
Sample 24:-342
Sample 25:-166
Sample 26:-320
Sample 27:-394
Sample 28:-278
Sample 29:-330
Sample 30:-192
Sample 31:-228
Sample 32:-320
Sample 33:-156
Sample 34:-302
Sample 35:-344
Sample 36:-124
Sample 37:-306
Sample 38:-456
Sample 39:-190
Sample 40:-284
Sample 41:-404
Sample 42:-298
Sample 43:-340
Sample 44:-358
Sample 45:-234
Sample 46:-128
Sample 47:-230
Sample 48:-402
Sample 49:-154
Sample 50:-232
Sample 51:-228
Sample 52:-326
Sample 53:-162
Sample 54:-94
Sample 55:-408
Sample 56:-260
Sample 57:-200
Sample 58:-252
Sample 59:-212
Sample 60:-270
Sample 61:-388
Sample 62:-380
Sample 63:36
Sample 64:-296
Sample 65:-296
Sample 66:-102
Sample 67:-396
Sample 68:-330
Sample 69:-346
Sample 70:-210
Sample 71:-362
Sample 72:-130
Sample 73:-414
Sample 74:-130
Sample 75:-308
Sample 76:-370
Sample 77:-324
Sample 78:-230
Sample 79:-42
Sample 80:-112
Sample 81:-236
Sample 82:-320
Sample 83:-110
Sample 84:-314
Sample 85:-280
Sample 86:-316
Sample 87:-338
Sample 88:-212
Sample 89:-378
Sample 90:-224
Sample 91:-444
Sample 92:-232
Sample 93:-206
Sample 94:-254
Sample 95:-302
Sample 96:-270
Sample 97:-416
Sample 98:-152
Sample 99:-262
Best Ham: -456
Sucess Probability: 81
Ham Average: -257.0
