Sample 0:-136
Sample 1:-76
Sample 2:-48
Sample 3:-70
Sample 4:-38
Sample 5:-84
Sample 6:-114
Sample 7:-126
Sample 8:-24
Sample 9:-126
Sample 10:-94
Sample 11:-136
Sample 12:-136
Sample 13:-142
Sample 14:-114
Sample 15:-116
Sample 16:-58
Sample 17:-114
Sample 18:-84
Sample 19:-14
Sample 20:-136
Sample 21:-84
Sample 22:-64
Sample 23:-136
Sample 24:-136
Sample 25:-142
Sample 26:-126
Sample 27:-76
Sample 28:-126
Sample 29:-132
Sample 30:-136
Sample 31:-126
Sample 32:-66
Sample 33:-30
Sample 34:-126
Sample 35:-100
Sample 36:-136
Sample 37:-48
Sample 38:-38
Sample 39:-114
Sample 40:-74
Sample 41:-80
Sample 42:-50
Sample 43:-70
Sample 44:-126
Sample 45:-48
Sample 46:2
Sample 47:24
Sample 48:-142
Sample 49:-80
Sample 50:-38
Sample 51:-104
Sample 52:-136
Sample 53:-24
Sample 54:-58
Sample 55:-42
Sample 56:-66
Sample 57:-80
Sample 58:-24
Sample 59:-50
Sample 60:-84
Sample 61:-68
Sample 62:-34
Sample 63:-48
Sample 64:-90
Sample 65:-8
Sample 66:-104
Sample 67:-136
Sample 68:-84
Sample 69:-84
Sample 70:-86
Sample 71:-100
Sample 72:-38
Sample 73:-104
Sample 74:-60
Sample 75:-114
Sample 76:-136
Sample 77:-142
Sample 78:-66
Sample 79:-24
Sample 80:-66
Sample 81:-48
Sample 82:-84
Sample 83:-34
Sample 84:-48
Sample 85:-84
Sample 86:-100
Sample 87:-142
Sample 88:-48
Sample 89:-132
Sample 90:-24
Sample 91:-126
Sample 92:-98
Sample 93:-142
Sample 94:-42
Sample 95:-76
Sample 96:-122
Sample 97:-52
Sample 98:-24
Sample 99:-48
Best Ham: -142
Sucess Probability: 0
Ham Average: -83.44
