Sample 0:-399
Sample 1:-399
Sample 2:-399
Sample 3:-399
Sample 4:-399
Sample 5:-399
Sample 6:-399
Sample 7:-399
Sample 8:-399
Sample 9:-399
Sample 10:-399
Sample 11:-399
Sample 12:-399
Sample 13:-399
Sample 14:-399
Sample 15:-399
Sample 16:-399
Sample 17:-399
Sample 18:-399
Sample 19:-399
Sample 20:-399
Sample 21:-399
Sample 22:-399
Sample 23:-399
Sample 24:-399
Sample 25:-399
Sample 26:-399
Sample 27:-399
Sample 28:-399
Sample 29:-399
Sample 30:-399
Sample 31:-399
Sample 32:-399
Sample 33:-399
Sample 34:-399
Sample 35:-399
Sample 36:-399
Sample 37:-399
Sample 38:-399
Sample 39:-399
Sample 40:-399
Sample 41:-399
Sample 42:-399
Sample 43:-399
Sample 44:-399
Sample 45:-399
Sample 46:-399
Sample 47:-399
Sample 48:-399
Sample 49:-399
Sample 50:-399
Sample 51:-399
Sample 52:-399
Sample 53:-399
Sample 54:-399
Sample 55:-399
Sample 56:-399
Sample 57:-399
Sample 58:-399
Sample 59:-399
Sample 60:-399
Sample 61:-399
Sample 62:-399
Sample 63:-399
Sample 64:-399
Sample 65:-399
Sample 66:-399
Sample 67:-399
Sample 68:-399
Sample 69:-399
Sample 70:-399
Sample 71:-399
Sample 72:-399
Sample 73:-399
Sample 74:-399
Sample 75:-399
Sample 76:-399
Sample 77:-399
Sample 78:-399
Sample 79:-399
Sample 80:-399
Sample 81:33
Sample 82:-399
Sample 83:-399
Sample 84:-399
Sample 85:-399
Sample 86:-399
Sample 87:-399
Sample 88:-399
Sample 89:-399
Sample 90:-399
Sample 91:-399
Sample 92:-399
Sample 93:-399
Sample 94:-399
Sample 95:-399
Sample 96:-399
Sample 97:-399
Sample 98:-399
Sample 99:-399
Best Ham: -399
Sucess Probability: 99
Ham Average: -394.68
