[[ 1  0  0 ...  0  0  7]
 [ 1  0  0 ...  0  7  0]
 [ 1  0  0 ...  7  0  0]
 ...
 [ 1 -4  7 ...  0  0  0]
 [ 1  7 -4 ...  0  0  0]
 [ 7  1  1 ...  1  1  1]]
-4
test

{(1, 21): -11, (1, 20): -6, (1, 19): 11, (1, 18): -12, (1, 17): 2, (1, 16): -10, (1, 15): 1, (1, 14): -2, (1, 13): -14, (1, 12): 3, (1, 11): -1, (1, 10): 11, (1, 9): 7, (1, 8): -7, (1, 7): -2, (1, 6): 12, (1, 5): -4, (1, 4): 14, (1, 3): -1, (1, 2): 8, (2, 21): 6, (2, 20): -3, (2, 19): 5, (2, 18): 5, (2, 17): 1, (2, 16): -8, (2, 15): 14, (2, 14): 9, (2, 13): -6, (2, 12): -3, (2, 11): -4, (2, 10): 4, (2, 9): 12, (2, 8): -9, (2, 7): 12, (2, 6): 1, (2, 5): -3, (2, 4): 11, (2, 3): 2, (3, 21): 8, (3, 20): -14, (3, 19): 10, (3, 18): 5, (3, 17): 3, (3, 16): 14, (3, 15): -13, (3, 14): -13, (3, 13): 14, (3, 12): 11, (3, 11): 10, (3, 10): 3, (3, 9): 13, (3, 8): 9, (3, 7): -3, (3, 6): 13, (3, 5): 5, (3, 4): 2, (4, 21): -10, (4, 20): 3, (4, 19): -2, (4, 18): 1, (4, 17): 14, (4, 16): 3, (4, 15): -14, (4, 14): -7, (4, 13): -5, (4, 12): -9, (4, 11): -1, (4, 10): 11, (4, 9): -10, (4, 8): -13, (4, 7): -7, (4, 6): 4, (4, 5): 1, (5, 21): -4, (5, 20): 11, (5, 19): -10, (5, 18): -3, (5, 17): -14, (5, 16): 6, (5, 15): -12, (5, 14): 5, (5, 13): -6, (5, 12): -13, (5, 11): 12, (5, 10): 13, (5, 9): 14, (5, 8): 5, (5, 7): 5, (5, 6): -2, (6, 21): 6, (6, 20): 14, (6, 19): -11, (6, 18): 1, (6, 17): -6, (6, 16): 1, (6, 15): 4, (6, 14): 5, (6, 13): -8, (6, 12): 14, (6, 11): 10, (6, 10): -1, (6, 9): 1, (6, 8): -1, (6, 7): -10, (7, 21): -2, (7, 20): 4, (7, 19): -12, (7, 18): 8, (7, 17): -12, (7, 16): 3, (7, 15): -1, (7, 14): -12, (7, 13): 13, (7, 12): -5, (7, 11): 4, (7, 10): 9, (7, 9): 11, (7, 8): 3, (8, 21): -3, (8, 20): 4, (8, 19): -3, (8, 18): 12, (8, 17): 6, (8, 16): -14, (8, 15): 1, (8, 14): 11, (8, 13): -5, (8, 12): -14, (8, 11): 7, (8, 10): -1, (8, 9): 5, (9, 21): 9, (9, 20): -11, (9, 19): 1, (9, 18): -2, (9, 17): 14, (9, 16): 10, (9, 15): -2, (9, 14): -13, (9, 13): 8, (9, 12): 1, (9, 11): 14, (9, 10): 3, (10, 21): -4, (10, 20): 2, (10, 19): 8, (10, 18): -14, (10, 17): -14, (10, 16): 1, (10, 15): 11, (10, 14): -11, (10, 13): -9, (10, 12): -3, (10, 11): -12, (11, 21): -11, (11, 20): 2, (11, 19): -12, (11, 18): 13, (11, 17): -3, (11, 16): -3, (11, 15): 2, (11, 14): -11, (11, 13): -4, (11, 12): -12, (12, 21): 4, (12, 20): -7, (12, 19): -4, (12, 18): -3, (12, 17): -4, (12, 16): -7, (12, 15): 2, (12, 14): -11, (12, 13): -13, (13, 21): 11, (13, 20): 6, (13, 19): -12, (13, 18): -9, (13, 17): 1, (13, 16): -3, (13, 15): -9, (13, 14): -8, (14, 21): 1, (14, 20): 13, (14, 19): 13, (14, 18): 7, (14, 17): -14, (14, 16): -14, (14, 15): 10, (15, 21): 11, (15, 20): 9, (15, 19): -14, (15, 18): -2, (15, 17): -14, (15, 16): -14, (16, 21): 12, (16, 20): 11, (16, 19): 9, (16, 18): -6, (16, 17): 9, (17, 21): 7, (17, 20): -10, (17, 19): 7, (17, 18): 8, (18, 21): 1, (18, 20): 5, (18, 19): -1, (19, 21): -8, (19, 20): -8, (20, 21): -1}
test1

{}
   1 21 20 19 18 17 16 15 14 13 12 11 10  9  8  7  6  5  4  3  2 energy num_oc.
0 -1 -1 +1 -1 -1 +1 -1 -1 +1 -1 -1 -1 +1 +1 -1 +1 +1 -1 -1 +1 -1 -483.0      19
1 +1 +1 -1 +1 +1 -1 +1 +1 -1 +1 +1 +1 -1 -1 +1 -1 -1 +1 +1 -1 +1 -483.0      27
2 +1 +1 +1 -1 -1 +1 -1 -1 +1 -1 -1 +1 +1 -1 -1 +1 -1 -1 -1 +1 -1 -481.0       2
3 -1 -1 -1 +1 +1 -1 +1 +1 -1 +1 +1 -1 -1 +1 +1 -1 +1 +1 +1 -1 +1 -481.0       5
4 +1 +1 -1 -1 +1 +1 +1 -1 +1 +1 +1 +1 +1 -1 +1 -1 -1 +1 -1 -1 +1 -465.0       1
['SPIN', 5 rows, 54 samples, 21 variables]
energies=[-483.0, -483.0, -481.0, -481.0, -465.0]
