Sample 0:3
Sample 1:-17
Sample 2:-21
Sample 3:-1
Sample 4:-1
Sample 5:3
Sample 6:-21
Sample 7:3
Sample 8:-17
Sample 9:-21
Sample 10:-17
Sample 11:-15
Sample 12:-7
Sample 13:-11
Sample 14:-21
Sample 15:-21
Sample 16:-17
Sample 17:-21
Sample 18:-17
Sample 19:-1
Sample 20:-17
Sample 21:-11
Sample 22:-17
Sample 23:-15
Sample 24:-11
Sample 25:-11
Sample 26:-1
Sample 27:-1
Sample 28:-17
Sample 29:-7
Sample 30:-17
Sample 31:-21
Sample 32:-11
Sample 33:-11
Sample 34:-17
Sample 35:-15
Sample 36:-1
Sample 37:-17
Sample 38:-11
Sample 39:-15
Sample 40:-1
Sample 41:-11
Sample 42:-11
Sample 43:-21
Sample 44:-21
Sample 45:-11
Sample 46:-15
Sample 47:-11
Sample 48:-21
Sample 49:-7
Sample 50:-21
Sample 51:-17
Sample 52:-11
Sample 53:-17
Sample 54:-17
Sample 55:-11
Sample 56:-1
Sample 57:-11
Sample 58:-1
Sample 59:-21
Sample 60:-17
Sample 61:-17
Sample 62:3
Sample 63:-11
Sample 64:-15
Sample 65:-11
Sample 66:-11
Sample 67:-15
Sample 68:-21
Sample 69:-15
Sample 70:-11
Sample 71:-21
Sample 72:-11
Sample 73:-15
Sample 74:-11
Sample 75:3
Sample 76:-15
Sample 77:-1
Sample 78:-21
Sample 79:-11
Sample 80:-11
Sample 81:-21
Sample 82:-21
Sample 83:3
Sample 84:-17
Sample 85:-7
Sample 86:3
Sample 87:-11
Sample 88:-21
Sample 89:-11
Sample 90:-15
Sample 91:-17
Sample 92:-21
Sample 93:-21
Sample 94:-7
Sample 95:-15
Sample 96:-21
Sample 97:-21
Sample 98:-15
Sample 99:-1
Best Ham: -21
Sucess Probability: 0
Ham Average: -12.52
