Sample 0:-9
Sample 1:-17
Sample 2:-17
Sample 3:3
Sample 4:-29
Sample 5:-17
Sample 6:-29
Sample 7:-17
Sample 8:3
Sample 9:-17
Sample 10:-17
Sample 11:-17
Sample 12:-17
Sample 13:-29
Sample 14:-9
Sample 15:-29
Sample 16:-17
Sample 17:3
Sample 18:-29
Sample 19:-29
Sample 20:-17
Sample 21:-17
Sample 22:3
Sample 23:-9
Sample 24:-17
Sample 25:-9
Sample 26:3
Sample 27:-17
Sample 28:-29
Sample 29:-17
Sample 30:-29
Sample 31:-29
Sample 32:-9
Sample 33:-29
Sample 34:-29
Sample 35:-17
Sample 36:-29
Sample 37:-29
Sample 38:-29
Sample 39:-17
Sample 40:-17
Sample 41:-29
Sample 42:-29
Sample 43:-29
Sample 44:3
Sample 45:3
Sample 46:-9
Sample 47:-29
Sample 48:-29
Sample 49:-29
Sample 50:-29
Sample 51:-29
Sample 52:-17
Sample 53:-17
Sample 54:-29
Sample 55:-29
Sample 56:-17
Sample 57:-17
Sample 58:-17
Sample 59:-29
Sample 60:-9
Sample 61:-17
Sample 62:-9
Sample 63:-17
Sample 64:-17
Sample 65:-17
Sample 66:-29
Sample 67:-17
Sample 68:-29
Sample 69:-17
Sample 70:-17
Sample 71:-17
Sample 72:-17
Sample 73:3
Sample 74:-29
Sample 75:-29
Sample 76:3
Sample 77:-29
Sample 78:-29
Sample 79:-29
Sample 80:-29
Sample 81:-17
Sample 82:-29
Sample 83:-17
Sample 84:3
Sample 85:-17
Sample 86:-29
Sample 87:-17
Sample 88:-17
Sample 89:-17
Sample 90:-29
Sample 91:-9
Sample 92:-29
Sample 93:-29
Sample 94:-17
Sample 95:-29
Sample 96:-17
Sample 97:3
Sample 98:-29
Sample 99:-17
Best Ham: -29
Sucess Probability: 0
Ham Average: -18.88
