Sample 0:10
Sample 1:-10
Sample 2:10
Sample 3:10
Sample 4:-10
Sample 5:-10
Sample 6:-10
Sample 7:10
Sample 8:10
Sample 9:-10
Sample 10:-10
Sample 11:-10
Sample 12:10
Sample 13:-10
Sample 14:10
Sample 15:-10
Sample 16:-10
Sample 17:-10
Sample 18:10
Sample 19:-10
Sample 20:10
Sample 21:-10
Sample 22:10
Sample 23:10
Sample 24:-10
Sample 25:10
Sample 26:10
Sample 27:-10
Sample 28:-10
Sample 29:10
Sample 30:-10
Sample 31:10
Sample 32:10
Sample 33:10
Sample 34:-10
Sample 35:-10
Sample 36:10
Sample 37:-10
Sample 38:-10
Sample 39:10
Sample 40:10
Sample 41:-10
Sample 42:-10
Sample 43:10
Sample 44:-10
Sample 45:-10
Sample 46:-10
Sample 47:10
Sample 48:-10
Sample 49:-10
Sample 50:-10
Sample 51:10
Sample 52:-10
Sample 53:-10
Sample 54:10
Sample 55:-10
Sample 56:-10
Sample 57:-10
Sample 58:10
Sample 59:10
Sample 60:10
Sample 61:-10
Sample 62:10
Sample 63:-10
Sample 64:-10
Sample 65:-10
Sample 66:-10
Sample 67:-10
Sample 68:-10
Sample 69:-10
Sample 70:-10
Sample 71:10
Sample 72:-10
Sample 73:-10
Sample 74:-10
Sample 75:-10
Sample 76:10
Sample 77:-10
Sample 78:-10
Sample 79:10
Sample 80:-10
Sample 81:-10
Sample 82:-10
Sample 83:-10
Sample 84:-10
Sample 85:-10
Sample 86:10
Sample 87:-10
Sample 88:-10
Sample 89:-10
Sample 90:10
Sample 91:-10
Sample 92:-10
Sample 93:-10
Sample 94:10
Sample 95:-10
Sample 96:-10
Sample 97:-10
Sample 98:-10
Sample 99:-10
Best Ham: -10
Sucess Probability: 0
Ham Average: -3.2
