Sample 0:-128
Sample 1:-172
Sample 2:-148
Sample 3:76
Sample 4:-152
Sample 5:-152
Sample 6:-146
Sample 7:-150
Sample 8:-152
Sample 9:-182
Sample 10:-164
Sample 11:-150
Sample 12:-144
Sample 13:-164
Sample 14:-172
Sample 15:-152
Sample 16:-166
Sample 17:-154
Sample 18:-146
Sample 19:-162
Sample 20:-126
Sample 21:-174
Sample 22:-138
Sample 23:-148
Sample 24:-146
Sample 25:-152
Sample 26:-164
Sample 27:-154
Sample 28:-166
Sample 29:-152
Sample 30:-128
Sample 31:-166
Sample 32:-182
Sample 33:-152
Sample 34:-154
Sample 35:-154
Sample 36:-166
Sample 37:-164
Sample 38:-144
Sample 39:-148
Sample 40:-138
Sample 41:-180
Sample 42:-154
Sample 43:-6
Sample 44:-160
Sample 45:-148
Sample 46:-164
Sample 47:-160
Sample 48:-148
Sample 49:-128
Sample 50:-152
Sample 51:-58
Sample 52:-166
Sample 53:-154
Sample 54:-152
Sample 55:-160
Sample 56:-106
Sample 57:-152
Sample 58:6
Sample 59:-182
Sample 60:-152
Sample 61:-148
Sample 62:-150
Sample 63:-150
Sample 64:-148
Sample 65:-200
Sample 66:-164
Sample 67:-154
Sample 68:88
Sample 69:-154
Sample 70:-150
Sample 71:-160
Sample 72:-166
Sample 73:10
Sample 74:-152
Sample 75:-140
Sample 76:-138
Sample 77:-154
Sample 78:48
Sample 79:-174
Sample 80:-88
Sample 81:-152
Sample 82:-154
Sample 83:-164
Sample 84:-118
Sample 85:-154
Sample 86:-148
Sample 87:-146
Sample 88:-164
Sample 89:-166
Sample 90:-154
Sample 91:-166
Sample 92:-200
Sample 93:-164
Sample 94:88
Sample 95:6
Sample 96:-150
Sample 97:-128
Sample 98:-152
Sample 99:-154
Best Ham: -200
Sucess Probability: 65
Ham Average: -137.56
