Sample 0:-80
Sample 1:-114
Sample 2:-60
Sample 3:-72
Sample 4:-82
Sample 5:-68
Sample 6:-118
Sample 7:-100
Sample 8:-72
Sample 9:-66
Sample 10:-100
Sample 11:-100
Sample 12:-138
Sample 13:-94
Sample 14:-118
Sample 15:-82
Sample 16:-62
Sample 17:-70
Sample 18:-126
Sample 19:-116
Sample 20:-70
Sample 21:-90
Sample 22:-80
Sample 23:-118
Sample 24:-68
Sample 25:-80
Sample 26:-80
Sample 27:-126
Sample 28:-80
Sample 29:-90
Sample 30:-126
Sample 31:-132
Sample 32:-50
Sample 33:-44
Sample 34:-132
Sample 35:-80
Sample 36:-68
Sample 37:-82
Sample 38:-104
Sample 39:-112
Sample 40:-112
Sample 41:-90
Sample 42:-82
Sample 43:-42
Sample 44:-50
Sample 45:-112
Sample 46:-82
Sample 47:-68
Sample 48:-118
Sample 49:-132
Sample 50:-56
Sample 51:-74
Sample 52:-90
Sample 53:-50
Sample 54:-104
Sample 55:82
Sample 56:-104
Sample 57:-132
Sample 58:-174
Sample 59:-104
Sample 60:-58
Sample 61:-142
Sample 62:-52
Sample 63:-118
Sample 64:-68
Sample 65:-18
Sample 66:-138
Sample 67:-70
Sample 68:-40
Sample 69:-74
Sample 70:-112
Sample 71:-78
Sample 72:-88
Sample 73:-76
Sample 74:-96
Sample 75:-80
Sample 76:-104
Sample 77:-92
Sample 78:-126
Sample 79:-140
Sample 80:-104
Sample 81:-94
Sample 82:-50
Sample 83:-130
Sample 84:-130
Sample 85:-132
Sample 86:-102
Sample 87:-100
Sample 88:-56
Sample 89:-70
Sample 90:-92
Sample 91:-118
Sample 92:-118
Sample 93:-88
Sample 94:-88
Sample 95:-94
Sample 96:-44
Sample 97:-66
Sample 98:-110
Sample 99:-174
Best Ham: -174
Sucess Probability: 2
Ham Average: -90.74
