[[1 0 0 ... 0 0 7]
 [1 0 0 ... 0 7 0]
 [1 0 0 ... 7 0 0]
 ...
 [1 0 7 ... 0 0 0]
 [1 7 0 ... 0 0 0]
 [7 1 1 ... 1 1 1]]
0
test

{(1, 27): -7, (1, 25): -11, (1, 19): -9, (1, 17): 5, (1, 15): -9, (1, 13): 11, (1, 12): -8, (1, 9): 10, (2, 26): 9, (2, 24): -7, (2, 20): 1, (2, 14): -7, (2, 10): -10, (3, 26): 4, (3, 23): -9, (3, 22): 11, (3, 15): -7, (3, 11): -12, (3, 10): -5, (3, 9): -11, (3, 7): -5, (3, 6): -4, (3, 5): -9, (4, 24): 6, (4, 23): 10, (4, 14): 3, (4, 11): 12, (4, 10): -4, (4, 6): 9, (4, 5): -12, (5, 23): -8, (5, 18): -2, (5, 15): 10, (5, 14): -1, (5, 13): -6, (5, 11): 1, (5, 10): -6, (5, 7): -8, (6, 27): 10, (6, 24): 3, (6, 23): -12, (6, 21): 2, (6, 20): 5, (7, 21): 4, (7, 18): 2, (7, 8): 14, (8, 27): 7, (8, 23): -5, (8, 22): 4, (8, 21): 1, (8, 16): -3, (8, 15): 12, (8, 11): -9, (8, 10): -6, (9, 27): -8, (9, 23): 8, (9, 16): 10, (9, 14): 3, (9, 13): 1, (9, 11): 1, (10, 24): -9, (10, 22): 6, (10, 19): 1, (10, 18): -3, (10, 17): -11, (10, 16): -14, (10, 14): 12, (11, 13): 14, (12, 26): 2, (12, 20): -2, (12, 15): 8, (13, 27): 7, (13, 26): 9, (13, 25): 6, (13, 22): 8, (13, 15): -14, (13, 14): -2, (14, 23): -10, (14, 20): -9, (14, 17): 9, (15, 27): -6, (15, 25): -13, (15, 24): -1, (15, 19): -13, (15, 18): -9, (16, 26): 13, (16, 24): 12, (16, 21): -3, (16, 20): 14, (16, 18): 14, (17, 27): 10, (17, 20): 12, (19, 26): -10, (19, 20): -11, (20, 27): -10, (20, 24): 3, (21, 26): 7, (22, 27): -3, (22, 26): -5, (22, 24): 8, (23, 26): 5, (24, 26): 6, (24, 25): 10, (25, 27): -2, (26, 27): -12}
test1

{}
   1 27 25 19 17 15 13 12  9  2 26 24 20 14 10  3 23 22 ... 16 energy num_oc.
0 +1 +1 +1 +1 -1 +1 -1 +1 +1 -1 +1 -1 +1 +1 -1 -1 -1 +1 ... -1 -481.0      12
1 +1 +1 +1 +1 -1 +1 -1 -1 +1 -1 +1 -1 +1 +1 -1 -1 -1 +1 ... -1 -481.0       8
2 -1 -1 -1 -1 +1 -1 +1 +1 -1 +1 -1 +1 -1 -1 +1 +1 +1 -1 ... +1 -481.0       5
3 -1 -1 -1 -1 +1 -1 +1 -1 -1 +1 -1 +1 -1 -1 +1 +1 +1 -1 ... +1 -481.0      18
4 +1 +1 +1 +1 -1 +1 -1 +1 +1 -1 +1 -1 +1 +1 -1 +1 +1 +1 ... -1 -453.0       9
['SPIN', 5 rows, 52 samples, 27 variables]
energies=[-481.0, -481.0, -481.0, -481.0, -453.0]
