Sample 0:-961
Sample 1:-633
Sample 2:-835
Sample 3:-959
Sample 4:-823
Sample 5:-967
Sample 6:-549
Sample 7:-675
Sample 8:-587
Sample 9:-603
Sample 10:-855
Sample 11:-911
Sample 12:-1003
Sample 13:-679
Sample 14:-985
Sample 15:-569
Sample 16:-859
Sample 17:-811
Sample 18:-633
Sample 19:-915
Sample 20:-911
Sample 21:-573
Sample 22:-989
Sample 23:-691
Sample 24:-443
Sample 25:257
Sample 26:-773
Sample 27:-1039
Sample 28:-937
Sample 29:-547
Sample 30:-803
Sample 31:-637
Sample 32:-811
Sample 33:-393
Sample 34:-879
Sample 35:-871
Sample 36:-539
Sample 37:-959
Sample 38:-771
Sample 39:-501
Sample 40:-917
Sample 41:-695
Sample 42:-791
Sample 43:-841
Sample 44:-829
Sample 45:-675
Sample 46:-893
Sample 47:-713
Sample 48:-589
Sample 49:-987
Sample 50:-1045
Sample 51:-607
Sample 52:-945
Sample 53:-1123
Sample 54:-835
Sample 55:-893
Sample 56:-661
Sample 57:-733
Sample 58:-831
Sample 59:-743
Sample 60:-593
Sample 61:-537
Sample 62:-713
Sample 63:-601
Sample 64:-999
Sample 65:-643
Sample 66:-921
Sample 67:-697
Sample 68:257
Sample 69:-441
Sample 70:-593
Sample 71:-745
Sample 72:-875
Sample 73:-981
Sample 74:-775
Sample 75:-939
Sample 76:-899
Sample 77:-785
Sample 78:-795
Sample 79:-579
Sample 80:-621
Sample 81:-931
Sample 82:-785
Sample 83:-893
Sample 84:-635
Sample 85:-835
Sample 86:-1049
Sample 87:-943
Sample 88:-837
Sample 89:-691
Sample 90:-855
Sample 91:-711
Sample 92:-1049
Sample 93:-501
Sample 94:-1097
Sample 95:-833
Sample 96:-741
Sample 97:-563
Sample 98:-949
Sample 99:-973
Best Ham: -1123
Sucess Probability: 98
Ham Average: -763.14
