[[ 1  0  0 ...  0  0  7]
 [ 1  0  0 ...  0  7  0]
 [ 1  0  0 ...  7  0  0]
 ...
 [ 1  0  7 ...  0  0  0]
 [ 1  7 -1 ...  0  0  0]
 [ 7  1  1 ...  1  1  1]]
-1
test

{(1, 31): -3, (1, 30): 10, (1, 28): 2, (1, 26): 9, (1, 25): 10, (1, 22): -3, (1, 19): 8, (1, 16): 1, (1, 15): 8, (1, 13): 3, (1, 6): -7, (1, 4): 2, (1, 3): -5, (1, 2): 1, (2, 37): 10, (2, 33): -11, (2, 28): 14, (2, 25): -10, (2, 22): 7, (2, 21): 8, (2, 18): 11, (2, 15): 11, (2, 12): 6, (2, 10): 11, (2, 9): 9, (2, 6): -2, (2, 5): 3, (2, 4): 3, (3, 36): 5, (3, 33): 5, (3, 32): -4, (3, 24): -7, (3, 16): 10, (3, 15): 14, (3, 11): 4, (3, 10): -6, (4, 34): 12, (4, 33): 2, (4, 27): 9, (4, 25): 6, (4, 20): 13, (4, 18): 7, (4, 17): 3, (4, 15): 7, (4, 13): 10, (4, 12): 11, (4, 10): 5, (4, 5): -4, (5, 33): 11, (5, 31): -9, (5, 27): -5, (5, 22): 10, (5, 21): 2, (5, 14): -11, (5, 12): -8, (5, 8): 8, (5, 7): 4, (6, 37): -4, (6, 36): 9, (6, 33): 8, (6, 30): 11, (6, 29): -2, (6, 26): -2, (6, 22): 1, (6, 20): 1, (6, 18): 7, (6, 17): 2, (6, 15): -6, (6, 14): 11, (6, 11): 11, (6, 10): -7, (6, 7): -9, (7, 37): -8, (7, 35): -10, (7, 34): -10, (7, 30): -8, (7, 29): -7, (7, 28): 4, (7, 27): 7, (7, 26): -10, (7, 20): 2, (7, 19): -2, (7, 18): -7, (7, 13): 10, (7, 11): -7, (8, 31): 5, (8, 30): -1, (8, 27): 13, (8, 22): -11, (8, 18): -3, (9, 36): -12, (9, 35): 7, (9, 27): -10, (9, 22): -11, (9, 20): 8, (9, 18): -14, (9, 16): 2, (9, 15): -1, (10, 35): 3, (10, 34): 12, (10, 33): -14, (10, 27): -4, (10, 25): -2, (10, 23): -8, (10, 16): -8, (11, 36): -13, (11, 30): 14, (11, 29): 3, (11, 19): -12, (11, 18): 2, (11, 14): 9, (12, 35): 1, (12, 34): 8, (12, 31): -11, (12, 30): 6, (12, 22): -3, (12, 18): 9, (12, 16): 2, (13, 35): -2, (13, 33): 2, (13, 32): 13, (13, 31): -13, (13, 30): 1, (13, 29): -2, (13, 27): 2, (13, 23): 9, (13, 19): -1, (13, 18): -14, (13, 17): 2, (13, 15): -4, (14, 34): 8, (14, 30): -13, (14, 26): -5, (14, 24): -13, (14, 19): 7, (15, 36): -5, (15, 33): -5, (15, 28): -5, (15, 26): -7, (15, 25): -12, (15, 23): 4, (15, 20): -2, (16, 24): 6, (16, 19): -1, (17, 34): -6, (17, 28): 10, (17, 26): 6, (18, 35): -5, (18, 34): 2, (18, 22): 14, (19, 36): -1, (19, 31): 10, (19, 27): -1, (19, 26): -5, (19, 25): 13, (19, 23): -6, (19, 22): 14, (19, 21): -1, (20, 37): -5, (20, 32): -8, (20, 24): 2, (21, 36): -8, (21, 30): 9, (21, 29): 9, (21, 26): 14, (21, 24): -13, (22, 36): -4, (22, 35): -14, (22, 32): -9, (22, 31): -9, (22, 28): -9, (22, 25): 12, (23, 36): 10, (23, 32): 14, (23, 28): 13, (24, 36): -5, (24, 33): 13, (24, 28): 3, (24, 27): 2, (24, 26): -4, (24, 25): 12, (25, 37): -2, (25, 33): -7, (25, 31): -10, (25, 27): -1, (26, 31): 8, (26, 28): -3, (27, 35): -2, (27, 32): 9, (27, 29): 3, (28, 32): -9, (28, 29): 11, (29, 35): -5, (29, 30): 11, (30, 37): 5, (31, 32): -12, (32, 37): 8, (33, 34): 11, (35, 37): 9, (36, 37): 5}
test1

{}
   1 31 30 28 26 25 22 19 16 15 13  6  4  3  2 37 33 21 ... 23 energy num_oc.
0 +1 +1 +1 +1 -1 -1 +1 -1 -1 -1 +1 -1 +1 +1 -1 -1 -1 +1 ... -1 -657.0      15
1 -1 -1 -1 -1 +1 +1 -1 +1 +1 +1 -1 +1 -1 -1 +1 +1 +1 -1 ... +1 -657.0       9
2 +1 -1 -1 -1 -1 -1 -1 +1 -1 -1 -1 +1 +1 +1 +1 +1 -1 +1 ... +1 -657.0       4
3 -1 +1 +1 +1 +1 +1 +1 -1 +1 +1 +1 -1 -1 -1 -1 -1 +1 -1 ... -1 -657.0      23
4 -1 +1 +1 +1 -1 +1 +1 -1 +1 +1 +1 -1 -1 -1 -1 -1 +1 +1 ... -1 -655.0       1
['SPIN', 5 rows, 52 samples, 37 variables]
energies=[-657.0, -657.0, -657.0, -657.0, -655.0]
