Sample 0:-30
Sample 1:-30
Sample 2:-30
Sample 3:-24
Sample 4:-52
Sample 5:-30
Sample 6:-30
Sample 7:-32
Sample 8:-70
Sample 9:-30
Sample 10:-70
Sample 11:-30
Sample 12:-70
Sample 13:-30
Sample 14:-70
Sample 15:-30
Sample 16:-70
Sample 17:-30
Sample 18:-30
Sample 19:-70
Sample 20:-70
Sample 21:8
Sample 22:-30
Sample 23:-30
Sample 24:-52
Sample 25:-30
Sample 26:-30
Sample 27:-30
Sample 28:-70
Sample 29:-30
Sample 30:-30
Sample 31:-70
Sample 32:-70
Sample 33:-52
Sample 34:-30
Sample 35:-30
Sample 36:-70
Sample 37:-70
Sample 38:-70
Sample 39:-30
Sample 40:-30
Sample 41:-30
Sample 42:-30
Sample 43:-30
Sample 44:-30
Sample 45:-30
Sample 46:-52
Sample 47:-70
Sample 48:-70
Sample 49:-70
Sample 50:-30
Sample 51:-30
Sample 52:-30
Sample 53:-52
Sample 54:-30
Sample 55:-70
Sample 56:-70
Sample 57:-52
Sample 58:-70
Sample 59:-30
Sample 60:-30
Sample 61:-30
Sample 62:-30
Sample 63:-30
Sample 64:-70
Sample 65:-70
Sample 66:-30
Sample 67:-30
Sample 68:-70
Sample 69:-52
Sample 70:-52
Sample 71:-52
Sample 72:-52
Sample 73:-30
Sample 74:-70
Sample 75:-70
Sample 76:-70
Sample 77:-70
Sample 78:-30
Sample 79:-52
Sample 80:-52
Sample 81:-30
Sample 82:-30
Sample 83:-30
Sample 84:-30
Sample 85:-30
Sample 86:-70
Sample 87:-52
Sample 88:-52
Sample 89:-30
Sample 90:-70
Sample 91:-30
Sample 92:-52
Sample 93:-30
Sample 94:-30
Sample 95:-30
Sample 96:-24
Sample 97:-30
Sample 98:-52
Sample 99:-70
Best Ham: -70
Sucess Probability: 0
Ham Average: -44.64
