[[1 0 0 ... 0 0 7]
 [1 0 0 ... 0 7 0]
 [1 0 0 ... 7 0 0]
 ...
 [1 0 7 ... 0 0 0]
 [1 7 0 ... 0 0 0]
 [7 1 1 ... 1 1 1]]
0
test

{(1, 39): 4, (1, 36): -2, (1, 35): 11, (1, 34): -13, (1, 32): -12, (1, 31): -11, (1, 30): 1, (1, 28): -6, (1, 22): 10, (1, 21): -9, (1, 20): -9, (1, 16): 4, (1, 14): 11, (1, 13): 2, (1, 12): -2, (1, 11): -4, (1, 9): 11, (1, 7): -4, (1, 5): 3, (1, 4): 3, (1, 3): 13, (2, 41): -6, (2, 37): 10, (2, 32): 5, (2, 28): -13, (2, 27): -10, (2, 24): -13, (2, 22): -8, (2, 18): 14, (2, 16): -12, (2, 15): -3, (2, 13): -12, (2, 11): -8, (2, 10): 11, (2, 4): -14, (3, 38): -1, (3, 37): -6, (3, 34): 2, (3, 33): -6, (3, 32): -1, (3, 30): -8, (3, 29): 10, (3, 28): 1, (3, 26): 6, (3, 21): 11, (3, 20): 9, (3, 16): 6, (3, 15): 8, (3, 14): 10, (3, 13): 5, (3, 8): 14, (3, 7): 4, (3, 4): 2, (4, 40): 13, (4, 39): -2, (4, 38): 7, (4, 36): -8, (4, 35): -4, (4, 34): -6, (4, 31): 9, (4, 30): -14, (4, 28): 13, (4, 26): 10, (4, 24): 14, (4, 23): -2, (4, 22): -8, (4, 19): -4, (4, 17): 6, (4, 15): 5, (4, 13): -13, (4, 12): -3, (4, 10): -4, (4, 8): 10, (5, 33): 1, (5, 30): -10, (5, 27): -7, (5, 24): -6, (5, 23): -3, (5, 22): 5, (5, 21): 2, (5, 18): -7, (5, 14): -2, (5, 13): 1, (5, 9): -1, (5, 7): -8, (5, 6): 14, (6, 41): 9, (6, 34): -3, (6, 33): -12, (6, 32): -2, (6, 30): 8, (6, 29): -12, (6, 25): -10, (6, 24): -10, (6, 22): -7, (6, 19): -11, (6, 18): 2, (6, 16): -5, (6, 15): 14, (6, 8): -10, (7, 41): -6, (7, 31): 7, (7, 30): -8, (7, 27): -9, (7, 26): 8, (7, 24): -2, (7, 23): 3, (7, 22): 4, (7, 19): 13, (7, 18): 10, (7, 14): -4, (7, 9): -8, (8, 40): -12, (8, 39): -10, (8, 38): 7, (8, 37): -12, (8, 35): 13, (8, 33): -6, (8, 29): 4, (8, 26): 13, (8, 20): 11, (8, 19): 11, (8, 16): 1, (8, 14): 1, (8, 13): -6, (8, 12): 3, (8, 11): -2, (9, 39): 11, (9, 37): -7, (9, 36): 11, (9, 35): -3, (9, 30): 3, (9, 28): -9, (9, 27): 4, (9, 25): 10, (9, 23): -10, (9, 22): 11, (9, 20): -10, (9, 19): -3, (9, 16): 4, (9, 14): -8, (9, 13): -14, (9, 10): -7, (10, 36): 6, (10, 35): -3, (10, 34): 2, (10, 33): -2, (10, 30): -7, (10, 29): 8, (10, 27): -13, (10, 26): -14, (10, 25): -7, (10, 22): -9, (10, 17): -5, (10, 14): -1, (10, 11): 5, (11, 38): 3, (11, 36): 5, (11, 34): 3, (11, 32): -2, (11, 29): -3, (11, 25): 13, (11, 24): 12, (11, 23): 13, (11, 21): -2, (11, 13): 7, (12, 38): 13, (12, 35): -2, (12, 34): 9, (12, 28): 3, (12, 26): 10, (12, 25): 14, (12, 22): 5, (12, 20): -7, (12, 18): 7, (12, 17): 8, (12, 16): 5, (12, 15): -9, (13, 41): -1, (13, 39): -9, (13, 38): 2, (13, 30): -1, (13, 29): 12, (13, 28): 1, (13, 23): -6, (13, 20): -5, (13, 19): -7, (13, 16): 5, (14, 35): 11, (14, 27): 12, (14, 23): 2, (14, 16): -3, (14, 15): 5, (15, 39): -6, (15, 38): 6, (15, 37): -9, (15, 34): -6, (15, 32): 8, (15, 30): 3, (15, 29): -13, (15, 23): -6, (15, 18): 12, (16, 41): 5, (16, 40): -14, (16, 35): 10, (16, 34): -4, (16, 27): -10, (16, 26): 5, (16, 25): -2, (16, 24): -14, (16, 21): -5, (16, 19): 6, (16, 18): -12, (17, 39): 7, (17, 38): -8, (17, 37): 2, (17, 36): 10, (17, 35): 13, (17, 34): -1, (17, 30): 9, (17, 28): 1, (17, 25): 6, (17, 20): 3, (17, 18): 1, (18, 41): 10, (18, 38): -12, (18, 37): -10, (18, 36): 3, (18, 35): 13, (18, 32): 4, (18, 31): 3, (18, 30): 7, (18, 25): 13, (18, 21): 5, (19, 28): 11, (19, 27): 7, (19, 23): -13, (19, 20): 9, (20, 41): -7, (20, 39): 11, (20, 32): -6, (20, 28): 14, (20, 23): 13, (21, 40): -1, (21, 35): 14, (21, 33): 12, (21, 31): -12, (21, 30): 5, (21, 28): -3, (21, 26): -1, (21, 22): 12, (22, 40): 2, (22, 37): 10, (22, 33): -6, (22, 31): 11, (22, 29): 7, (22, 28): 5, (22, 23): 6, (23, 39): -10, (23, 35): 2, (23, 34): 11, (23, 30): -10, (23, 29): 10, (24, 41): 11, (24, 39): 4, (24, 38): -6, (24, 37): -7, (24, 32): -3, (24, 31): 13, (24, 30): -2, (24, 27): -5, (25, 41): 6, (25, 37): -14, (25, 35): 14, (25, 31): -11, (25, 29): 3, (25, 26): -2, (26, 37): -10, (26, 35): 11, (26, 32): -5, (26, 31): 13, (26, 30): 9, (26, 29): 10, (26, 28): 8, (26, 27): 9, (27, 39): -11, (27, 38): -13, (27, 37): -13, (27, 35): 5, (27, 33): -9, (27, 32): -3, (28, 41): 4, (28, 40): -8, (28, 38): -3, (28, 36): -7, (28, 35): -13, (28, 33): 4, (28, 32): 8, (28, 29): -10, (29, 41): 10, (29, 34): 1, (29, 30): -9, (30, 38): 12, (30, 36): 7, (30, 34): 2, (31, 41): -11, (31, 34): 12, (32, 39): 3, (32, 36): 13, (32, 35): -13, (33, 41): 10, (33, 39): 5, (33, 35): 8, (34, 36): -12, (35, 41): -5, (35, 40): -7, (35, 39): -8, (35, 38): -11, (35, 37): -14, (36, 41): 4, (36, 40): -2, (36, 39): -5, (36, 37): -8, (37, 41): 1, (37, 38): 3, (38, 40): -3, (38, 39): 3, (39, 40): 6}
test1

{}
   1 39 36 35 34 32 31 30 28 22 21 20 16 14 13 12 11  9 ... 25 energy num_oc.
0 +1 -1 -1 +1 -1 +1 +1 +1 +1 -1 +1 +1 -1 +1 +1 +1 +1 +1 ... -1 -948.0       9
1 +1 +1 -1 +1 -1 +1 +1 +1 +1 -1 +1 +1 -1 +1 +1 +1 +1 +1 ... -1 -948.0      10
2 -1 +1 +1 -1 +1 -1 -1 -1 -1 +1 -1 -1 +1 -1 -1 -1 -1 -1 ... +1 -948.0       7
3 -1 +1 +1 +1 -1 -1 +1 +1 +1 -1 +1 -1 -1 +1 +1 +1 +1 +1 ... -1 -948.0       8
4 +1 -1 -1 -1 +1 +1 -1 -1 -1 +1 -1 +1 +1 -1 -1 -1 -1 -1 ... +1 -948.0       3
5 -1 -1 +1 -1 +1 -1 -1 -1 -1 +1 -1 -1 +1 -1 -1 -1 -1 -1 ... +1 -948.0      14
['SPIN', 6 rows, 51 samples, 41 variables]
energies=[-948.0, -948.0, -948.0, -948.0, -948.0, -948.0]
