[[1 0 0 ... 0 0 7]
 [1 0 0 ... 0 7 0]
 [1 0 0 ... 7 0 0]
 ...
 [1 3 7 ... 0 0 0]
 [1 7 3 ... 0 0 0]
 [7 1 1 ... 1 1 1]]
3
test

{(1, 28): 2, (1, 27): 5, (1, 26): 12, (1, 25): -10, (1, 24): -2, (1, 23): 12, (1, 22): 14, (1, 21): 5, (1, 20): 3, (1, 19): 13, (1, 18): -13, (1, 17): 5, (1, 16): -12, (1, 15): 10, (1, 14): 2, (1, 13): 1, (1, 12): 11, (1, 11): -9, (1, 10): -13, (1, 8): -9, (1, 7): -2, (1, 5): -12, (1, 4): -8, (1, 3): -2, (1, 2): -6, (2, 28): 1, (2, 27): -4, (2, 26): -14, (2, 24): 14, (2, 22): -5, (2, 21): 12, (2, 20): 8, (2, 19): 7, (2, 18): 6, (2, 17): -12, (2, 16): 13, (2, 15): 1, (2, 14): -10, (2, 12): -2, (2, 11): 13, (2, 9): 10, (2, 8): -3, (2, 7): 5, (2, 5): 4, (2, 4): -5, (2, 3): 5, (3, 28): -14, (3, 27): 11, (3, 26): 8, (3, 25): -8, (3, 24): -8, (3, 23): -12, (3, 22): 13, (3, 20): 12, (3, 19): 9, (3, 18): 7, (3, 17): 3, (3, 16): -7, (3, 15): 12, (3, 14): 4, (3, 13): 8, (3, 12): -14, (3, 11): -14, (3, 10): 9, (3, 9): -11, (3, 8): 14, (3, 7): -2, (3, 6): 13, (3, 5): -8, (3, 4): -4, (4, 28): 10, (4, 27): -10, (4, 26): 6, (4, 25): -7, (4, 24): 12, (4, 22): -2, (4, 21): -9, (4, 20): 1, (4, 19): -14, (4, 18): 5, (4, 17): -12, (4, 16): 4, (4, 15): -11, (4, 14): -3, (4, 13): 13, (4, 12): -5, (4, 10): -5, (4, 9): -5, (4, 8): 5, (4, 7): -4, (4, 6): -6, (4, 5): -12, (5, 28): 6, (5, 27): -12, (5, 26): -5, (5, 25): -6, (5, 24): -1, (5, 23): -8, (5, 22): 5, (5, 21): 12, (5, 20): -12, (5, 18): 11, (5, 17): -11, (5, 16): -5, (5, 15): 13, (5, 14): 14, (5, 13): 12, (5, 12): 5, (5, 11): -5, (5, 9): -10, (5, 8): -5, (5, 7): -12, (5, 6): 5, (6, 28): 3, (6, 27): 2, (6, 26): 13, (6, 25): -2, (6, 24): -4, (6, 23): 12, (6, 22): -3, (6, 21): 9, (6, 20): 4, (6, 19): -8, (6, 18): -1, (6, 17): 3, (6, 16): 1, (6, 15): 9, (6, 14): 11, (6, 13): -3, (6, 12): 10, (6, 11): -6, (6, 10): 10, (6, 7): -9, (7, 28): -8, (7, 27): -11, (7, 26): 2, (7, 25): -6, (7, 24): 5, (7, 22): 4, (7, 21): -7, (7, 20): 2, (7, 19): -4, (7, 18): -7, (7, 16): 12, (7, 15): -1, (7, 14): -13, (7, 13): -1, (7, 12): -11, (7, 11): -9, (7, 10): -6, (7, 9): -6, (7, 8): -1, (8, 28): 8, (8, 27): -14, (8, 26): -13, (8, 25): 13, (8, 24): -7, (8, 23): -11, (8, 22): -7, (8, 21): 9, (8, 19): -4, (8, 18): -9, (8, 17): -6, (8, 15): -4, (8, 14): -5, (8, 13): 13, (8, 12): 9, (8, 11): -4, (8, 10): -1, (8, 9): -12, (9, 28): -9, (9, 27): -10, (9, 26): 8, (9, 25): 5, (9, 24): 2, (9, 23): -9, (9, 22): -11, (9, 21): 2, (9, 20): -1, (9, 19): -9, (9, 18): 10, (9, 17): -12, (9, 16): 13, (9, 15): -3, (9, 14): 2, (9, 13): 10, (9, 11): -13, (9, 10): -4, (10, 28): -1, (10, 25): 11, (10, 24): 13, (10, 23): 7, (10, 22): 12, (10, 21): -6, (10, 20): -4, (10, 19): 12, (10, 18): 8, (10, 17): -8, (10, 16): -2, (10, 15): -3, (10, 14): -10, (10, 11): 11, (11, 28): -11, (11, 27): 2, (11, 26): -13, (11, 25): 7, (11, 23): -11, (11, 22): -8, (11, 20): -7, (11, 19): -13, (11, 18): -8, (11, 17): -5, (11, 16): -3, (11, 15): 13, (11, 14): 13, (11, 13): 7, (11, 12): 4, (12, 28): 12, (12, 27): -6, (12, 26): 7, (12, 25): 3, (12, 24): -12, (12, 23): 2, (12, 22): -12, (12, 21): 4, (12, 20): 7, (12, 19): -3, (12, 18): -11, (12, 17): 13, (12, 16): -9, (12, 15): -2, (12, 14): -4, (12, 13): 6, (13, 28): -8, (13, 27): 5, (13, 25): -6, (13, 24): -9, (13, 23): 6, (13, 22): -5, (13, 21): -3, (13, 20): 6, (13, 19): -11, (13, 18): 4, (13, 17): 9, (13, 16): -5, (13, 15): 10, (13, 14): -11, (14, 27): 13, (14, 26): -11, (14, 25): -8, (14, 23): -3, (14, 22): -1, (14, 21): -10, (14, 20): -10, (14, 19): -6, (14, 18): 10, (14, 17): 3, (14, 16): -7, (14, 15): 14, (15, 28): -6, (15, 27): 12, (15, 26): -1, (15, 25): -8, (15, 24): 8, (15, 23): 7, (15, 22): -11, (15, 21): -5, (15, 20): -4, (15, 19): 7, (15, 18): -11, (15, 17): 5, (15, 16): 7, (16, 28): 6, (16, 27): 6, (16, 26): -8, (16, 25): 13, (16, 24): -9, (16, 23): -12, (16, 22): -1, (16, 21): -5, (16, 20): -9, (16, 18): 6, (16, 17): 8, (17, 27): -9, (17, 26): 2, (17, 25): 1, (17, 24): -6, (17, 23): -10, (17, 22): 12, (17, 21): -11, (17, 20): 4, (17, 19): -8, (17, 18): -11, (18, 28): -5, (18, 27): -11, (18, 26): 9, (18, 25): 12, (18, 24): 2, (18, 23): 8, (18, 22): 10, (18, 20): 13, (19, 28): 8, (19, 27): -6, (19, 26): 2, (19, 25): -8, (19, 24): 6, (19, 23): 8, (19, 22): 4, (19, 21): -13, (19, 20): -5, (20, 28): 5, (20, 27): 3, (20, 25): -10, (20, 24): 12, (20, 23): -2, (20, 22): -10, (21, 27): 12, (21, 26): 12, (21, 25): -3, (21, 24): 10, (21, 23): -7, (21, 22): -12, (22, 28): -8, (22, 27): 4, (22, 26): 6, (22, 25): 5, (22, 24): 7, (22, 23): 5, (23, 28): -7, (23, 27): 10, (23, 26): 12, (23, 25): 3, (23, 24): 7, (24, 28): 12, (24, 27): -7, (24, 26): -10, (25, 28): 2, (25, 27): -5, (26, 28): -11, (27, 28): 4}
test1

{}
   1 28 27 26 25 24 23 22 21 20 19 18 17 16 15 14 13 12 ...  6 energy num_oc.
0 +1 -1 +1 -1 -1 +1 +1 -1 -1 -1 +1 +1 +1 +1 -1 -1 -1 +1 ... +1 -819.0      22
1 -1 +1 -1 +1 +1 -1 -1 +1 +1 +1 -1 -1 -1 -1 +1 +1 +1 -1 ... -1 -819.0      28
2 +1 -1 +1 -1 +1 +1 +1 -1 -1 -1 +1 +1 +1 -1 -1 -1 -1 +1 ... +1 -809.0       2
3 -1 +1 -1 +1 -1 -1 -1 +1 +1 +1 -1 -1 -1 +1 +1 +1 +1 -1 ... -1 -809.0       1
4 +1 +1 +1 +1 -1 +1 +1 -1 -1 -1 -1 +1 +1 +1 -1 -1 -1 +1 ... -1 -741.0       1
['SPIN', 5 rows, 54 samples, 28 variables]
energies=[-819.0, -819.0, -809.0, -809.0, -741.0]
