Sample 0:-11
Sample 1:-23
Sample 2:3
Sample 3:-23
Sample 4:-19
Sample 5:-33
Sample 6:-21
Sample 7:-35
Sample 8:-19
Sample 9:-33
Sample 10:-23
Sample 11:-35
Sample 12:-29
Sample 13:-29
Sample 14:-23
Sample 15:-21
Sample 16:-23
Sample 17:-21
Sample 18:-19
Sample 19:-33
Sample 20:-19
Sample 21:-23
Sample 22:-21
Sample 23:-21
Sample 24:-19
Sample 25:-21
Sample 26:-23
Sample 27:-23
Sample 28:-17
Sample 29:-31
Sample 30:3
Sample 31:-23
Sample 32:-21
Sample 33:-23
Sample 34:-21
Sample 35:-21
Sample 36:-23
Sample 37:-23
Sample 38:-11
Sample 39:7
Sample 40:-21
Sample 41:-23
Sample 42:1
Sample 43:-23
Sample 44:-31
Sample 45:-23
Sample 46:1
Sample 47:1
Sample 48:-33
Sample 49:-21
Sample 50:-35
Sample 51:1
Sample 52:-19
Sample 53:3
Sample 54:1
Sample 55:-23
Sample 56:-23
Sample 57:-23
Sample 58:1
Sample 59:-33
Sample 60:-23
Sample 61:-35
Sample 62:-21
Sample 63:-19
Sample 64:-19
Sample 65:-35
Sample 66:-19
Sample 67:3
Sample 68:-23
Sample 69:-17
Sample 70:-23
Sample 71:-33
Sample 72:-21
Sample 73:-23
Sample 74:-23
Sample 75:-15
Sample 76:-31
Sample 77:-23
Sample 78:-23
Sample 79:1
Sample 80:-35
Sample 81:-19
Sample 82:-35
Sample 83:-35
Sample 84:-33
Sample 85:-35
Sample 86:-35
Sample 87:-17
Sample 88:-35
Sample 89:-19
Sample 90:-33
Sample 91:-21
Sample 92:-11
Sample 93:-11
Sample 94:-35
Sample 95:-35
Sample 96:-31
Sample 97:-31
Sample 98:-29
Sample 99:-33
Best Ham: -35
Sucess Probability: 0
Ham Average: -21.56
