Sample 0:-214
Sample 1:-178
Sample 2:-214
Sample 3:-214
Sample 4:-178
Sample 5:-214
Sample 6:-178
Sample 7:-178
Sample 8:-124
Sample 9:-178
Sample 10:-178
Sample 11:-214
Sample 12:-214
Sample 13:-178
Sample 14:-178
Sample 15:-178
Sample 16:-178
Sample 17:-178
Sample 18:-214
Sample 19:108
Sample 20:-178
Sample 21:-178
Sample 22:-214
Sample 23:-178
Sample 24:-10
Sample 25:-178
Sample 26:-124
Sample 27:-178
Sample 28:-214
Sample 29:66
Sample 30:-214
Sample 31:-124
Sample 32:108
Sample 33:-178
Sample 34:-214
Sample 35:-214
Sample 36:62
Sample 37:-192
Sample 38:-178
Sample 39:-64
Sample 40:-64
Sample 41:-178
Sample 42:-214
Sample 43:-178
Sample 44:-178
Sample 45:-214
Sample 46:-192
Sample 47:-178
Sample 48:-178
Sample 49:-178
Sample 50:-214
Sample 51:-178
Sample 52:-178
Sample 53:-178
Sample 54:-178
Sample 55:-178
Sample 56:-178
Sample 57:-64
Sample 58:-64
Sample 59:-214
Sample 60:-214
Sample 61:-178
Sample 62:-214
Sample 63:-178
Sample 64:-130
Sample 65:-178
Sample 66:-178
Sample 67:-178
Sample 68:-178
Sample 69:-124
Sample 70:-178
Sample 71:-178
Sample 72:-214
Sample 73:-178
Sample 74:-124
Sample 75:-124
Sample 76:-178
Sample 77:-214
Sample 78:-192
Sample 79:-214
Sample 80:-178
Sample 81:-178
Sample 82:-178
Sample 83:-214
Sample 84:-214
Sample 85:-178
Sample 86:-178
Sample 87:-214
Sample 88:-182
Sample 89:-124
Sample 90:-214
Sample 91:-178
Sample 92:-178
Sample 93:-178
Sample 94:-178
Sample 95:-214
Sample 96:-178
Sample 97:-16
Sample 98:-178
Sample 99:-192
Best Ham: -214
Sucess Probability: 82
Ham Average: -165.28
