Sample 0:-262
Sample 1:-318
Sample 2:-132
Sample 3:-320
Sample 4:-416
Sample 5:-276
Sample 6:-344
Sample 7:-188
Sample 8:-278
Sample 9:-318
Sample 10:-340
Sample 11:-350
Sample 12:-378
Sample 13:-322
Sample 14:-432
Sample 15:-310
Sample 16:-290
Sample 17:156
Sample 18:-308
Sample 19:-274
Sample 20:-294
Sample 21:-154
Sample 22:-300
Sample 23:-286
Sample 24:-458
Sample 25:-270
Sample 26:-282
Sample 27:-320
Sample 28:-276
Sample 29:-364
Sample 30:-246
Sample 31:-214
Sample 32:-272
Sample 33:-512
Sample 34:-394
Sample 35:-408
Sample 36:-222
Sample 37:-354
Sample 38:-426
Sample 39:-288
Sample 40:-248
Sample 41:-252
Sample 42:-310
Sample 43:-302
Sample 44:-268
Sample 45:-210
Sample 46:-188
Sample 47:-278
Sample 48:-552
Sample 49:-330
Sample 50:-348
Sample 51:-184
Sample 52:-340
Sample 53:-146
Sample 54:-282
Sample 55:-156
Sample 56:-372
Sample 57:-290
Sample 58:-338
Sample 59:-284
Sample 60:-244
Sample 61:-276
Sample 62:-210
Sample 63:-432
Sample 64:-128
Sample 65:-352
Sample 66:-222
Sample 67:-328
Sample 68:-290
Sample 69:-268
Sample 70:-200
Sample 71:-120
Sample 72:-260
Sample 73:-286
Sample 74:-112
Sample 75:-158
Sample 76:-82
Sample 77:-260
Sample 78:-240
Sample 79:-302
Sample 80:-460
Sample 81:-278
Sample 82:-464
Sample 83:-488
Sample 84:-322
Sample 85:-278
Sample 86:-112
Sample 87:-252
Sample 88:-410
Sample 89:-472
Sample 90:-76
Sample 91:-396
Sample 92:-146
Sample 93:-368
Sample 94:-260
Sample 95:-360
Sample 96:-344
Sample 97:-242
Sample 98:-436
Sample 99:-494
Best Ham: -552
Sucess Probability: 90
Ham Average: -291.46
