[[1 0 0 ... 0 0 7]
 [1 0 0 ... 0 7 0]
 [1 0 0 ... 7 0 0]
 ...
 [1 0 7 ... 0 0 0]
 [1 7 0 ... 0 0 0]
 [7 1 1 ... 1 1 1]]
0
test

{(1, 10): -8, (1, 8): -1, (1, 6): 12, (1, 4): -9, (1, 3): 1, (2, 11): 2, (2, 5): 1, (2, 3): -3, (3, 10): -2, (3, 8): -8, (3, 6): -8, (3, 5): 4, (4, 11): 5, (4, 7): -4, (4, 6): -1, (5, 11): -12, (6, 10): -2, (6, 9): -4, (6, 8): 9, (7, 10): 4, (8, 9): 6, (10, 11): -7}
test1

{}
   1 10  8  6  4  3  2 11  5  7  9 energy num_oc.
0 -1 +1 -1 +1 -1 -1 -1 +1 +1 -1 +1  -73.0      22
1 +1 -1 +1 -1 +1 +1 +1 -1 -1 +1 -1  -73.0      24
2 +1 +1 +1 -1 -1 -1 -1 +1 +1 -1 -1  -71.0       2
3 -1 -1 -1 +1 +1 +1 +1 -1 -1 +1 +1  -71.0       5
4 -1 +1 -1 +1 -1 +1 +1 +1 +1 -1 +1  -65.0       1
['SPIN', 5 rows, 54 samples, 11 variables]
energies=[-73.0, -73.0, -71.0, -71.0, -65.0]
