Sample 0:-58
Sample 1:-218
Sample 2:-182
Sample 3:-226
Sample 4:-150
Sample 5:-192
Sample 6:-228
Sample 7:-224
Sample 8:-146
Sample 9:-220
Sample 10:-204
Sample 11:-240
Sample 12:-216
Sample 13:-246
Sample 14:-140
Sample 15:-200
Sample 16:-148
Sample 17:-206
Sample 18:-46
Sample 19:-114
Sample 20:-202
Sample 21:-170
Sample 22:-214
Sample 23:-232
Sample 24:-218
Sample 25:-174
Sample 26:-238
Sample 27:-194
Sample 28:-84
Sample 29:-168
Sample 30:-164
Sample 31:-8
Sample 32:-244
Sample 33:-240
Sample 34:-224
Sample 35:-214
Sample 36:-188
Sample 37:-142
Sample 38:-190
Sample 39:-122
Sample 40:-136
Sample 41:-152
Sample 42:-148
Sample 43:-246
Sample 44:-116
Sample 45:-194
Sample 46:-240
Sample 47:-140
Sample 48:-86
Sample 49:-24
Sample 50:-216
Sample 51:-132
Sample 52:-224
Sample 53:-206
Sample 54:-120
Sample 55:-72
Sample 56:-250
Sample 57:-188
Sample 58:-234
Sample 59:-166
Sample 60:-210
Sample 61:-162
Sample 62:-40
Sample 63:-194
Sample 64:-168
Sample 65:-224
Sample 66:-246
Sample 67:-216
Sample 68:-252
Sample 69:-228
Sample 70:-132
Sample 71:-132
Sample 72:-212
Sample 73:-174
Sample 74:-210
Sample 75:-204
Sample 76:64
Sample 77:-202
Sample 78:-130
Sample 79:-190
Sample 80:-176
Sample 81:-116
Sample 82:-240
Sample 83:-226
Sample 84:-192
Sample 85:-102
Sample 86:-206
Sample 87:-142
Sample 88:-130
Sample 89:-134
Sample 90:-188
Sample 91:-148
Sample 92:-208
Sample 93:-218
Sample 94:-216
Sample 95:-112
Sample 96:-206
Sample 97:-230
Sample 98:-144
Sample 99:-190
Best Ham: -252
Sucess Probability: 68
Ham Average: -175.1
