[[1 0 0 ... 0 0 7]
 [1 0 0 ... 0 7 0]
 [1 0 0 ... 7 0 0]
 ...
 [1 0 7 ... 0 0 0]
 [1 7 0 ... 0 0 0]
 [7 1 1 ... 1 1 1]]
0
test

{(1, 35): 11, (1, 33): 9, (1, 32): -8, (1, 31): -13, (1, 29): -9, (1, 28): 6, (1, 27): 10, (1, 26): -4, (1, 24): 10, (1, 20): 13, (1, 18): 11, (1, 16): 2, (1, 15): -10, (1, 14): -2, (1, 9): -1, (1, 8): -7, (1, 6): -5, (1, 5): -7, (1, 3): 3, (2, 36): 12, (2, 34): -3, (2, 33): -14, (2, 29): -12, (2, 27): 5, (2, 26): 13, (2, 24): -11, (2, 22): 6, (2, 20): -5, (2, 14): -7, (2, 13): -4, (2, 11): -14, (2, 10): 11, (2, 9): 10, (2, 7): -3, (2, 6): 8, (2, 4): -11, (3, 36): -9, (3, 33): 14, (3, 31): 1, (3, 29): -9, (3, 28): -4, (3, 27): 5, (3, 24): -11, (3, 22): -12, (3, 20): 14, (3, 19): -12, (3, 18): 9, (3, 13): -5, (3, 11): 5, (3, 8): -6, (3, 7): -3, (3, 6): -12, (3, 5): -14, (3, 4): -4, (4, 36): -4, (4, 33): -12, (4, 32): -1, (4, 31): 1, (4, 30): 8, (4, 29): -5, (4, 28): 4, (4, 26): 10, (4, 23): -5, (4, 22): -12, (4, 21): -8, (4, 19): -10, (4, 16): 10, (4, 15): -14, (4, 13): 7, (4, 10): -13, (4, 9): -12, (4, 8): -10, (4, 7): -11, (4, 6): -5, (5, 29): -11, (5, 28): -14, (5, 26): 13, (5, 25): -6, (5, 23): -12, (5, 19): 2, (5, 16): 3, (5, 15): -4, (5, 14): 13, (5, 12): -1, (5, 9): -11, (5, 6): 8, (6, 36): 6, (6, 35): 10, (6, 31): -6, (6, 26): 8, (6, 21): 1, (6, 18): 14, (6, 17): 14, (6, 14): -4, (6, 10): 1, (7, 36): -11, (7, 35): -8, (7, 32): 12, (7, 31): -14, (7, 29): 6, (7, 25): 7, (7, 24): 12, (7, 22): 14, (7, 21): 1, (7, 20): -9, (7, 16): 1, (7, 14): -7, (7, 9): -1, (8, 35): -13, (8, 33): -8, (8, 28): -8, (8, 25): -10, (8, 20): -14, (8, 18): -6, (8, 17): -11, (8, 14): -7, (8, 13): -7, (8, 11): -8, (9, 35): 3, (9, 34): -5, (9, 31): -6, (9, 30): -3, (9, 29): 12, (9, 26): -5, (9, 25): -2, (9, 24): -4, (9, 21): 13, (9, 20): -3, (9, 19): 12, (9, 18): -13, (9, 16): -5, (9, 14): 8, (9, 13): -5, (9, 11): -10, (9, 10): -8, (10, 35): 5, (10, 34): -7, (10, 31): 12, (10, 29): 8, (10, 28): 12, (10, 26): 5, (10, 25): -10, (10, 23): 9, (10, 22): 13, (10, 20): -1, (10, 17): 6, (10, 16): 5, (10, 15): -1, (10, 14): 13, (10, 11): 10, (11, 36): -8, (11, 35): -4, (11, 33): 5, (11, 31): 11, (11, 30): -10, (11, 25): -11, (11, 23): -3, (11, 20): -9, (11, 19): 7, (11, 17): -11, (11, 16): -11, (11, 15): -5, (11, 13): 10, (12, 36): -5, (12, 34): -10, (12, 32): 12, (12, 30): 8, (12, 25): -13, (12, 23): -3, (12, 21): 13, (12, 19): 8, (12, 18): 11, (12, 16): 3, (12, 14): 1, (12, 13): -5, (13, 34): 14, (13, 32): 13, (13, 29): 13, (13, 28): -2, (13, 27): 1, (13, 24): 4, (13, 22): 6, (13, 21): -1, (13, 20): 11, (13, 17): -2, (13, 14): 8, (14, 34): 5, (14, 33): -14, (14, 30): -7, (14, 29): 6, (14, 27): 7, (14, 24): -10, (14, 22): -10, (14, 19): -9, (14, 18): -3, (14, 16): 5, (14, 15): 4, (15, 36): 14, (15, 35): 12, (15, 34): 4, (15, 33): -10, (15, 32): 6, (15, 31): -2, (15, 29): 8, (15, 28): 7, (15, 27): 13, (15, 25): 2, (15, 24): -14, (15, 23): 4, (15, 21): -9, (15, 20): 7, (16, 35): 8, (16, 34): 2, (16, 33): 2, (16, 32): 6, (16, 31): -8, (16, 29): -11, (16, 25): -10, (16, 23): 1, (16, 22): -2, (16, 20): -11, (16, 19): 4, (16, 17): 5, (17, 36): 4, (17, 35): 11, (17, 34): 12, (17, 33): 9, (17, 32): 2, (17, 29): -6, (17, 25): -4, (17, 21): -11, (17, 20): 4, (17, 18): -3, (18, 36): 6, (18, 35): 6, (18, 34): -5, (18, 32): 8, (18, 29): 6, (18, 26): 7, (18, 25): 1, (18, 24): -8, (18, 23): -1, (18, 22): -11, (18, 21): 7, (18, 19): 3, (19, 34): -4, (19, 31): 3, (19, 30): -12, (19, 29): -2, (19, 24): 3, (20, 35): -8, (20, 28): -6, (20, 26): 3, (20, 25): 10, (20, 24): -10, (21, 36): 5, (21, 35): 10, (21, 32): -3, (21, 28): -10, (21, 27): -4, (21, 23): 7, (22, 35): -12, (22, 34): 2, (22, 32): -4, (22, 29): 4, (22, 28): 4, (22, 27): 11, (22, 25): 7, (22, 24): 8, (22, 23): -3, (23, 36): -6, (23, 25): -3, (24, 35): 3, (24, 32): 6, (24, 31): -11, (24, 28): 2, (24, 26): 7, (24, 25): -12, (25, 35): 3, (25, 34): 4, (25, 32): 1, (25, 31): 6, (25, 30): 6, (25, 29): 9, (25, 26): 10, (26, 35): 6, (26, 34): 6, (26, 32): -7, (26, 31): 9, (26, 30): -11, (26, 29): 8, (26, 28): -13, (27, 36): -13, (27, 34): 7, (27, 31): 3, (27, 30): -4, (27, 28): 13, (28, 34): 8, (28, 33): 14, (28, 29): 9, (29, 34): -9, (29, 33): -12, (29, 31): 6, (30, 35): 10, (30, 33): 9, (30, 32): -8, (30, 31): -7, (31, 36): -7, (31, 35): -4, (31, 34): -1, (32, 34): -13, (32, 33): -13, (33, 35): -2, (33, 34): -11, (34, 36): -3}
test1

{}
   1 35 33 32 31 29 28 27 26 24 20 18 16 15 14  9  8  6 ... 17 energy num_oc.
0 -1 +1 +1 -1 -1 +1 -1 +1 -1 +1 +1 +1 +1 -1 -1 +1 +1 -1 ... -1 -863.0      13
1 +1 -1 -1 +1 +1 -1 +1 -1 +1 -1 -1 -1 -1 +1 +1 -1 -1 +1 ... +1 -863.0      16
2 +1 -1 +1 +1 +1 +1 -1 -1 -1 +1 -1 -1 -1 +1 +1 -1 -1 +1 ... -1 -859.0      11
3 -1 +1 -1 -1 -1 -1 +1 +1 +1 -1 +1 +1 +1 -1 -1 +1 +1 -1 ... +1 -859.0      13
4 +1 -1 +1 +1 -1 +1 -1 -1 +1 -1 -1 -1 -1 +1 +1 -1 -1 +1 ... -1 -853.0       1
['SPIN', 5 rows, 54 samples, 36 variables]
energies=[-863.0, -863.0, -859.0, -859.0, -853.0]
