Sample 0:-212
Sample 1:-178
Sample 2:124
Sample 3:-148
Sample 4:-210
Sample 5:-98
Sample 6:-174
Sample 7:-64
Sample 8:-48
Sample 9:-224
Sample 10:-190
Sample 11:-254
Sample 12:-254
Sample 13:-108
Sample 14:-300
Sample 15:-198
Sample 16:-90
Sample 17:-160
Sample 18:-208
Sample 19:-186
Sample 20:-124
Sample 21:-190
Sample 22:-172
Sample 23:-214
Sample 24:-182
Sample 25:-160
Sample 26:-124
Sample 27:-196
Sample 28:-140
Sample 29:-254
Sample 30:-194
Sample 31:-148
Sample 32:-144
Sample 33:-202
Sample 34:0
Sample 35:-290
Sample 36:-110
Sample 37:-164
Sample 38:-256
Sample 39:-138
Sample 40:-166
Sample 41:-210
Sample 42:-242
Sample 43:-134
Sample 44:-140
Sample 45:-204
Sample 46:-78
Sample 47:-150
Sample 48:-220
Sample 49:-136
Sample 50:-68
Sample 51:-102
Sample 52:-168
Sample 53:-186
Sample 54:-178
Sample 55:-140
Sample 56:-108
Sample 57:-228
Sample 58:-132
Sample 59:-122
Sample 60:-214
Sample 61:-146
Sample 62:-100
Sample 63:-178
Sample 64:-88
Sample 65:-204
Sample 66:-318
Sample 67:-200
Sample 68:-106
Sample 69:-214
Sample 70:-200
Sample 71:-56
Sample 72:-196
Sample 73:-172
Sample 74:-114
Sample 75:-88
Sample 76:-272
Sample 77:-92
Sample 78:-198
Sample 79:-180
Sample 80:-152
Sample 81:-78
Sample 82:-208
Sample 83:-42
Sample 84:-176
Sample 85:-230
Sample 86:-180
Sample 87:-156
Sample 88:-120
Sample 89:-238
Sample 90:-106
Sample 91:-78
Sample 92:-224
Sample 93:-248
Sample 94:-258
Sample 95:-78
Sample 96:-204
Sample 97:-192
Sample 98:-242
Sample 99:-230
Best Ham: -318
Sucess Probability: 61
Ham Average: -164.7
