Sample 0:-59
Sample 1:73
Sample 2:73
Sample 3:-1
Sample 4:-121
Sample 5:-121
Sample 6:-155
Sample 7:-155
Sample 8:-9
Sample 9:-121
Sample 10:-121
Sample 11:-155
Sample 12:-121
Sample 13:-155
Sample 14:-121
Sample 15:-59
Sample 16:-155
Sample 17:-121
Sample 18:-155
Sample 19:-155
Sample 20:73
Sample 21:-121
Sample 22:-121
Sample 23:-121
Sample 24:-121
Sample 25:-121
Sample 26:-121
Sample 27:-121
Sample 28:-155
Sample 29:-121
Sample 30:-155
Sample 31:-121
Sample 32:-1
Sample 33:-121
Sample 34:-155
Sample 35:-155
Sample 36:-155
Sample 37:-155
Sample 38:-59
Sample 39:-59
Sample 40:-59
Sample 41:-121
Sample 42:-155
Sample 43:-155
Sample 44:-121
Sample 45:-155
Sample 46:-121
Sample 47:-121
Sample 48:-155
Sample 49:-121
Sample 50:-9
Sample 51:-155
Sample 52:-155
Sample 53:-155
Sample 54:-155
Sample 55:-155
Sample 56:-121
Sample 57:-59
Sample 58:-121
Sample 59:-155
Sample 60:-155
Sample 61:-155
Sample 62:-155
Sample 63:-1
Sample 64:-121
Sample 65:-121
Sample 66:-155
Sample 67:-155
Sample 68:-155
Sample 69:-121
Sample 70:-1
Sample 71:-121
Sample 72:-59
Sample 73:-155
Sample 74:-81
Sample 75:-121
Sample 76:-121
Sample 77:-1
Sample 78:-155
Sample 79:-121
Sample 80:-121
Sample 81:-121
Sample 82:-121
Sample 83:-155
Sample 84:-121
Sample 85:-121
Sample 86:-121
Sample 87:-59
Sample 88:-155
Sample 89:-121
Sample 90:81
Sample 91:-1
Sample 92:-121
Sample 93:-121
Sample 94:-121
Sample 95:-155
Sample 96:-121
Sample 97:-9
Sample 98:-67
Sample 99:-155
Best Ham: -155
Sucess Probability: 35
Ham Average: -108.6
