Sample 0:-617
Sample 1:-785
Sample 2:-789
Sample 3:-699
Sample 4:-797
Sample 5:-759
Sample 6:-543
Sample 7:-907
Sample 8:-773
Sample 9:-451
Sample 10:-417
Sample 11:-331
Sample 12:-955
Sample 13:-841
Sample 14:-879
Sample 15:-1039
Sample 16:-985
Sample 17:-693
Sample 18:-717
Sample 19:-639
Sample 20:-769
Sample 21:-891
Sample 22:-841
Sample 23:-887
Sample 24:-745
Sample 25:-797
Sample 26:-801
Sample 27:-503
Sample 28:-801
Sample 29:-1085
Sample 30:-825
Sample 31:-573
Sample 32:-943
Sample 33:-549
Sample 34:-811
Sample 35:-245
Sample 36:-325
Sample 37:-557
Sample 38:-621
Sample 39:-633
Sample 40:-699
Sample 41:-781
Sample 42:-899
Sample 43:-743
Sample 44:-673
Sample 45:-997
Sample 46:-1111
Sample 47:-267
Sample 48:-849
Sample 49:-419
Sample 50:-851
Sample 51:-583
Sample 52:-861
Sample 53:-875
Sample 54:-535
Sample 55:-903
Sample 56:-771
Sample 57:-501
Sample 58:-947
Sample 59:-1039
Sample 60:-733
Sample 61:-1057
Sample 62:-819
Sample 63:-627
Sample 64:-851
Sample 65:-543
Sample 66:-559
Sample 67:-975
Sample 68:-945
Sample 69:-651
Sample 70:-323
Sample 71:247
Sample 72:-433
Sample 73:-703
Sample 74:-337
Sample 75:-741
Sample 76:-357
Sample 77:-851
Sample 78:-807
Sample 79:-901
Sample 80:-865
Sample 81:-617
Sample 82:-1051
Sample 83:-1087
Sample 84:-719
Sample 85:-605
Sample 86:-975
Sample 87:-751
Sample 88:-883
Sample 89:-893
Sample 90:-775
Sample 91:-433
Sample 92:-395
Sample 93:-835
Sample 94:-1061
Sample 95:-477
Sample 96:-451
Sample 97:-709
Sample 98:-795
Sample 99:-343
Best Ham: -1111
Sucess Probability: 99
Ham Average: -718.08
