Sample 0:-242
Sample 1:-146
Sample 2:-268
Sample 3:-374
Sample 4:-224
Sample 5:-320
Sample 6:-206
Sample 7:-164
Sample 8:-180
Sample 9:-374
Sample 10:-260
Sample 11:-300
Sample 12:-276
Sample 13:-278
Sample 14:-68
Sample 15:-182
Sample 16:-232
Sample 17:-306
Sample 18:-298
Sample 19:-236
Sample 20:-80
Sample 21:28
Sample 22:-182
Sample 23:-312
Sample 24:-258
Sample 25:-298
Sample 26:-320
Sample 27:-82
Sample 28:-178
Sample 29:-176
Sample 30:-226
Sample 31:-224
Sample 32:-236
Sample 33:-210
Sample 34:-256
Sample 35:-356
Sample 36:-168
Sample 37:-374
Sample 38:-270
Sample 39:-298
Sample 40:-178
Sample 41:-260
Sample 42:-212
Sample 43:-188
Sample 44:-152
Sample 45:-316
Sample 46:-164
Sample 47:-152
Sample 48:-264
Sample 49:-320
Sample 50:-264
Sample 51:-250
Sample 52:-274
Sample 53:-276
Sample 54:-356
Sample 55:-250
Sample 56:-172
Sample 57:-320
Sample 58:-152
Sample 59:-206
Sample 60:-168
Sample 61:-152
Sample 62:-172
Sample 63:-196
Sample 64:-200
Sample 65:-248
Sample 66:-300
Sample 67:-140
Sample 68:-320
Sample 69:-164
Sample 70:-200
Sample 71:-242
Sample 72:-188
Sample 73:-230
Sample 74:-158
Sample 75:-214
Sample 76:-142
Sample 77:-160
Sample 78:-152
Sample 79:-224
Sample 80:-270
Sample 81:-292
Sample 82:-28
Sample 83:-132
Sample 84:-208
Sample 85:-312
Sample 86:-154
Sample 87:-182
Sample 88:-240
Sample 89:-204
Sample 90:-34
Sample 91:-188
Sample 92:-222
Sample 93:-124
Sample 94:-4
Sample 95:-272
Sample 96:-228
Sample 97:-240
Sample 98:-302
Sample 99:-280
Best Ham: -374
Sucess Probability: 88
Ham Average: -220.22
