[[1 0 0 ... 0 0 7]
 [1 0 0 ... 0 7 0]
 [1 0 0 ... 7 0 0]
 ...
 [1 0 7 ... 0 0 0]
 [1 7 0 ... 0 0 0]
 [7 1 1 ... 1 1 1]]
0
test

{(1, 20): -6, (1, 19): -14, (1, 18): -12, (1, 14): 13, (1, 11): 14, (1, 10): 1, (1, 9): -10, (1, 8): 14, (1, 6): 2, (1, 5): -9, (1, 4): 1, (1, 3): -13, (2, 19): 1, (2, 18): 3, (2, 15): 10, (2, 14): 6, (2, 13): 12, (2, 11): -5, (2, 8): 9, (2, 7): 11, (2, 5): 4, (3, 20): -5, (3, 19): 12, (3, 18): 13, (3, 16): -6, (3, 15): -10, (3, 14): 6, (3, 13): -2, (3, 12): -3, (3, 9): 1, (3, 7): 3, (3, 5): 7, (3, 4): 12, (4, 22): -13, (4, 20): -10, (4, 19): 9, (4, 17): -11, (4, 16): -3, (4, 14): 10, (4, 13): 11, (4, 11): 13, (4, 10): 13, (4, 6): -7, (4, 5): 7, (5, 22): -2, (5, 21): 5, (5, 20): -10, (5, 18): 3, (5, 17): -8, (5, 16): -12, (5, 11): 10, (5, 7): -11, (5, 6): 5, (6, 22): -11, (6, 20): -6, (6, 19): 12, (6, 17): -13, (6, 16): -8, (6, 15): 2, (6, 14): 4, (6, 12): -11, (6, 10): -2, (6, 8): 2, (6, 7): 12, (7, 20): -8, (7, 19): 10, (7, 18): 11, (7, 17): -2, (7, 12): -7, (7, 10): -6, (7, 9): -11, (7, 8): -6, (8, 22): 4, (8, 18): 2, (8, 17): 3, (8, 15): 14, (8, 14): -14, (8, 13): 5, (8, 12): -1, (8, 10): -12, (8, 9): -2, (9, 22): 3, (9, 20): 12, (9, 16): 11, (9, 15): 11, (9, 13): 8, (9, 11): 2, (9, 10): -5, (10, 19): 5, (10, 18): -8, (10, 17): -7, (10, 15): 13, (10, 14): 7, (10, 13): -4, (10, 12): -5, (11, 22): -11, (11, 21): -9, (11, 20): 2, (11, 18): -13, (11, 16): 9, (11, 15): 9, (11, 12): 11, (12, 22): 11, (12, 21): 3, (12, 20): 12, (12, 19): -14, (12, 18): 12, (12, 17): -5, (12, 16): 10, (12, 13): 4, (13, 21): 3, (13, 20): 11, (13, 18): 2, (13, 15): -6, (13, 14): -12, (14, 19): 8, (14, 18): 13, (14, 17): 1, (14, 16): -11, (14, 15): 7, (15, 22): 8, (15, 21): -6, (15, 20): 14, (15, 19): -11, (15, 18): 9, (15, 17): 5, (16, 22): -3, (16, 21): -1, (16, 19): -1, (16, 18): -14, (16, 17): -11, (17, 22): 8, (17, 19): 4, (17, 18): 8, (18, 21): 11, (18, 20): 4, (18, 19): -13, (20, 21): 12, (21, 22): 5}
test1

{}
   1 20 19 18 14 11 10  9  8  6  5  4  3  2 15 13  7 16 ... 21 energy num_oc.
0 -1 -1 -1 -1 +1 +1 +1 +1 +1 -1 -1 -1 +1 -1 +1 +1 +1 -1 ... +1 -418.0      25
1 +1 +1 +1 +1 -1 -1 -1 -1 -1 +1 +1 +1 -1 +1 -1 -1 -1 +1 ... -1 -418.0      14
2 -1 +1 -1 -1 +1 -1 +1 +1 +1 +1 +1 +1 -1 -1 -1 -1 +1 +1 ... -1 -406.0       1
3 +1 -1 +1 +1 -1 +1 -1 -1 -1 -1 -1 -1 +1 +1 +1 +1 -1 -1 ... +1 -406.0      11
4 -1 +1 -1 +1 +1 +1 +1 -1 +1 +1 -1 +1 -1 +1 -1 -1 -1 +1 ... -1 -402.0       1
5 +1 -1 +1 -1 -1 -1 -1 +1 -1 -1 +1 -1 +1 -1 +1 +1 +1 -1 ... +1 -402.0       1
6 -1 +1 -1 -1 +1 -1 +1 -1 +1 +1 +1 +1 -1 -1 -1 +1 +1 +1 ... -1 -402.0       3
7 +1 +1 +1 +1 -1 +1 -1 +1 -1 +1 -1 +1 -1 +1 -1 -1 -1 -1 ... -1 -388.0       9
['SPIN', 8 rows, 65 samples, 22 variables]
energies=[-418.0, -418.0, -406.0, -406.0, -402.0, -402.0, -402.0, -388.0]
