Sample 0:-210
Sample 1:-1222
Sample 2:-1222
Sample 3:-1222
Sample 4:-1222
Sample 5:-1222
Sample 6:-1222
Sample 7:-1222
Sample 8:-1222
Sample 9:-1222
Sample 10:-1222
Sample 11:-1222
Sample 12:-1222
Sample 13:-1222
Sample 14:-1222
Sample 15:-1222
Sample 16:-1222
Sample 17:-1222
Sample 18:-1222
Sample 19:-1222
Sample 20:-1222
Sample 21:-1222
Sample 22:-1222
Sample 23:-1222
Sample 24:-1222
Sample 25:-1222
Sample 26:-1222
Sample 27:-1222
Sample 28:-1222
Sample 29:-1222
Sample 30:-1222
Sample 31:-1222
Sample 32:-1222
Sample 33:-1222
Sample 34:-1222
Sample 35:-1222
Sample 36:-1222
Sample 37:-1222
Sample 38:-1222
Sample 39:-1222
Sample 40:-1222
Sample 41:-1222
Sample 42:-1222
Sample 43:-1222
Sample 44:-1222
Sample 45:-1222
Sample 46:-1222
Sample 47:-1222
Sample 48:-1222
Sample 49:-1222
Sample 50:-1222
Sample 51:-1222
Sample 52:-1222
Sample 53:-1222
Sample 54:-1222
Sample 55:220
Sample 56:-1166
Sample 57:-1166
Sample 58:-1166
Sample 59:-1166
Sample 60:-1166
Sample 61:-1166
Sample 62:-1166
Sample 63:-1166
Sample 64:-1166
Sample 65:-1166
Sample 66:-1166
Sample 67:-1166
Sample 68:-1166
Sample 69:-1166
Sample 70:-1166
Sample 71:-1166
Sample 72:-1166
Sample 73:-1166
Sample 74:-1166
Sample 75:-1166
Sample 76:-1166
Sample 77:-1166
Sample 78:-1166
Sample 79:-1166
Sample 80:-1166
Sample 81:-1166
Sample 82:-1166
Sample 83:-1166
Sample 84:-1166
Sample 85:-1166
Sample 86:-1166
Sample 87:-1166
Sample 88:-1166
Sample 89:-1166
Sample 90:-1166
Sample 91:-1166
Sample 92:-1166
Sample 93:-1166
Sample 94:-1166
Sample 95:-1166
Sample 96:-1166
Sample 97:-1166
Sample 98:-1166
Sample 99:-1166
Best Ham: -1222
Sucess Probability: 99
Ham Average: -1172.82
