[[1 0 0 ... 0 0 7]
 [1 0 0 ... 0 7 0]
 [1 0 0 ... 7 0 0]
 ...
 [1 1 7 ... 0 0 0]
 [1 7 1 ... 0 0 0]
 [7 1 1 ... 1 1 1]]
1
test

{(1, 24): 8, (1, 18): -10, (1, 16): 7, (1, 13): 11, (1, 12): -3, (1, 11): -4, (1, 7): -14, (1, 6): -4, (1, 2): -2, (2, 25): -7, (2, 24): 7, (2, 22): 6, (2, 20): 14, (2, 18): 10, (2, 7): -10, (3, 26): 10, (3, 21): -1, (3, 20): 9, (3, 14): -8, (3, 13): 6, (4, 25): 13, (4, 23): 14, (4, 21): -10, (4, 20): 14, (4, 19): 7, (5, 21): -14, (5, 9): -4, (5, 7): 9, (5, 6): 8, (6, 25): 12, (6, 24): -9, (6, 22): 11, (6, 21): 8, (6, 17): -10, (6, 15): -14, (6, 14): 3, (6, 12): 5, (6, 10): -5, (6, 7): -8, (7, 25): -11, (7, 24): -12, (7, 23): -8, (7, 21): -13, (7, 16): -3, (7, 10): 13, (7, 9): -5, (8, 26): 8, (8, 25): -2, (8, 24): 9, (8, 23): -14, (8, 18): 6, (8, 13): 4, (8, 12): -4, (9, 26): 2, (9, 25): -2, (9, 22): -12, (9, 20): -11, (9, 17): -12, (9, 15): 4, (9, 14): -13, (9, 13): -14, (9, 12): 4, (9, 11): 8, (9, 10): 1, (10, 26): 7, (10, 22): 8, (10, 20): -3, (10, 15): 8, (10, 13): 10, (10, 12): 2, (11, 25): -10, (11, 17): -4, (11, 14): -14, (11, 12): 4, (12, 25): 3, (12, 22): 14, (12, 18): 14, (13, 19): 9, (13, 15): -7, (14, 25): -4, (14, 24): -11, (14, 23): 8, (14, 21): 13, (14, 19): 7, (15, 19): -3, (16, 18): 8, (17, 20): 10, (18, 24): -13, (19, 24): 9, (19, 23): 13, (19, 20): -10, (20, 25): 4, (20, 24): 14, (21, 25): -8, (21, 23): 9, (22, 24): 13, (24, 26): -7, (24, 25): -4}
test1

{}
   1 24 18 16 13 12 11  7  6  2 25 22 20  3 26 21 14  4 ...  8 energy num_oc.
0 -1 -1 -1 +1 -1 +1 -1 -1 +1 -1 -1 -1 +1 -1 -1 -1 -1 -1 ... +1 -391.0      12
1 +1 +1 +1 -1 +1 -1 +1 +1 +1 +1 +1 +1 -1 +1 +1 -1 +1 -1 ... -1 -391.0       3
2 -1 -1 -1 +1 -1 +1 -1 -1 -1 -1 -1 -1 +1 +1 -1 +1 -1 +1 ... +1 -391.0       6
3 +1 +1 +1 -1 +1 -1 +1 +1 -1 +1 +1 +1 -1 +1 +1 +1 +1 +1 ... -1 -391.0      10
4 -1 -1 -1 +1 -1 +1 -1 -1 -1 -1 -1 -1 +1 -1 -1 -1 -1 -1 ... +1 -385.0       9
5 +1 +1 +1 -1 +1 -1 +1 +1 +1 +1 +1 +1 -1 +1 +1 +1 +1 +1 ... -1 -385.0      13
['SPIN', 6 rows, 53 samples, 26 variables]
energies=[-391.0, -391.0, -391.0, -391.0, -385.0, -385.0]
