Sample 0:-1099
Sample 1:-1285
Sample 2:-537
Sample 3:-733
Sample 4:-1785
Sample 5:-1785
Sample 6:-1285
Sample 7:-1695
Sample 8:-1695
Sample 9:-1695
Sample 10:-1729
Sample 11:-633
Sample 12:-1695
Sample 13:-1285
Sample 14:-549
Sample 15:-733
Sample 16:-633
Sample 17:-633
Sample 18:-1695
Sample 19:-1757
Sample 20:-1553
Sample 21:-549
Sample 22:-919
Sample 23:-1785
Sample 24:-633
Sample 25:-1285
Sample 26:-1285
Sample 27:-733
Sample 28:-1285
Sample 29:-1695
Sample 30:-1785
Sample 31:-1757
Sample 32:-1667
Sample 33:-763
Sample 34:-1785
Sample 35:-1757
Sample 36:-1757
Sample 37:-1285
Sample 38:-1285
Sample 39:-1739
Sample 40:-919
Sample 41:-1285
Sample 42:-733
Sample 43:-1695
Sample 44:-1335
Sample 45:-1785
Sample 46:-1695
Sample 47:-1695
Sample 48:-1695
Sample 49:-1667
Sample 50:-1695
Sample 51:-549
Sample 52:-1695
Sample 53:-1695
Sample 54:-1729
Sample 55:-1757
Sample 56:-1667
Sample 57:-1553
Sample 58:-1757
Sample 59:-1667
Sample 60:-633
Sample 61:-1757
Sample 62:-1667
Sample 63:-763
Sample 64:-1757
Sample 65:-1695
Sample 66:-1695
Sample 67:-1695
Sample 68:-1695
Sample 69:-1695
Sample 70:-1757
Sample 71:-1757
Sample 72:-1667
Sample 73:-633
Sample 74:-1285
Sample 75:-633
Sample 76:-1285
Sample 77:-1285
Sample 78:-1667
Sample 79:-1785
Sample 80:-1785
Sample 81:-1785
Sample 82:-633
Sample 83:-633
Sample 84:-1785
Sample 85:-733
Sample 86:-1285
Sample 87:-1695
Sample 88:-1285
Sample 89:-1757
Sample 90:-1695
Sample 91:-1785
Sample 92:-1285
Sample 93:-549
Sample 94:149
Sample 95:-1285
Sample 96:-1757
Sample 97:-1757
Sample 98:-711
Sample 99:-1695
Best Ham: -1785
Sucess Probability: 99
Ham Average: -1370.58
