[[1 0 0 ... 0 0 7]
 [1 0 0 ... 0 7 0]
 [1 0 0 ... 7 0 0]
 ...
 [1 0 7 ... 0 0 0]
 [1 7 0 ... 0 0 0]
 [7 1 1 ... 1 1 1]]
0
test

{(1, 11): 3, (1, 10): -3, (1, 9): -4, (1, 7): -11, (1, 6): -13, (1, 5): 6, (1, 3): 14, (2, 12): -10, (2, 10): 12, (2, 9): 6, (2, 8): 11, (2, 7): -10, (2, 5): -5, (3, 12): -8, (3, 11): -6, (3, 8): -2, (3, 7): -12, (3, 5): 7, (4, 10): -14, (4, 9): 5, (4, 8): 2, (4, 5): -6, (5, 12): -14, (5, 11): -3, (5, 10): 12, (5, 9): -13, (5, 8): -11, (5, 7): 7, (5, 6): 4, (6, 12): 5, (6, 10): -13, (6, 9): -7, (6, 7): -3, (7, 13): 12, (7, 10): -4, (8, 12): -6, (8, 11): 1, (8, 10): -9, (8, 9): -1, (9, 13): -11, (9, 12): -8, (9, 11): -5, (9, 10): -2, (10, 12): -4, (10, 11): 3, (11, 13): -9, (11, 12): 5}
test1

{}
   1 11 10  9  7  6  5  3  2 12  8  4 13 energy num_oc.
0 +1 -1 +1 -1 +1 +1 -1 -1 -1 -1 -1 +1 -1 -174.0      18
1 -1 +1 -1 +1 -1 -1 +1 +1 +1 +1 +1 -1 +1 -174.0       5
2 +1 -1 +1 -1 +1 +1 -1 -1 +1 -1 -1 +1 -1 -174.0       4
3 -1 +1 -1 +1 -1 -1 +1 +1 -1 +1 +1 -1 +1 -174.0       3
4 -1 +1 +1 +1 -1 -1 +1 +1 -1 +1 +1 +1 +1 -156.0      10
5 +1 -1 -1 -1 +1 +1 -1 -1 +1 -1 -1 -1 -1 -156.0      10
6 +1 -1 +1 +1 -1 +1 +1 -1 -1 +1 +1 +1 +1 -154.0      16
7 -1 +1 -1 -1 +1 -1 -1 +1 +1 -1 -1 -1 -1 -154.0      14
['SPIN', 8 rows, 80 samples, 13 variables]
energies=[-174.0, -174.0, -174.0, -174.0, -156.0, -156.0, -154.0, -154.0]
