[[1 0 0 ... 0 0 7]
 [1 0 0 ... 0 7 0]
 [1 0 0 ... 7 0 0]
 ...
 [1 4 7 ... 0 0 0]
 [1 7 3 ... 0 0 0]
 [7 1 1 ... 1 1 1]]
3
test

{(1, 14): 4, (1, 13): -12, (1, 12): -6, (1, 11): -12, (1, 10): 12, (1, 9): 13, (1, 8): -4, (1, 5): -6, (1, 4): 9, (1, 2): -7, (2, 14): -14, (2, 10): -3, (2, 9): 7, (2, 8): 5, (2, 6): 2, (2, 5): -4, (3, 14): 3, (3, 13): 2, (3, 12): 1, (3, 11): -7, (3, 10): -6, (3, 9): -10, (3, 8): 5, (3, 6): -11, (3, 5): 10, (3, 4): 3, (4, 13): -8, (4, 12): 10, (4, 11): -4, (4, 10): -2, (4, 9): -6, (4, 7): -12, (4, 5): 13, (5, 14): -7, (5, 13): -8, (5, 12): -14, (5, 11): -9, (5, 6): -5, (6, 13): -12, (6, 12): -11, (6, 11): 7, (6, 10): -6, (6, 9): -8, (6, 8): -9, (7, 14): -4, (7, 13): 3, (7, 11): -3, (7, 10): 1, (8, 14): 13, (8, 13): 4, (8, 12): 7, (8, 11): 7, (8, 10): 13, (8, 9): 9, (9, 13): -7, (9, 12): -8, (9, 11): -4, (9, 10): -8, (10, 14): -3, (11, 13): -6, (11, 12): 6, (12, 14): -8, (12, 13): -1, (13, 14): 11}
test1

{}
   1 14 13 12 11 10  9  8  5  4  2  6  3  7 energy num_oc.
0 +1 +1 +1 +1 +1 +1 +1 -1 +1 -1 +1 +1 +1 -1 -219.0      15
1 -1 -1 -1 -1 -1 -1 -1 +1 -1 +1 -1 -1 -1 +1 -219.0      14
2 +1 -1 +1 +1 -1 -1 -1 +1 +1 -1 -1 +1 -1 -1 -203.0      12
3 -1 +1 -1 -1 +1 +1 +1 -1 -1 +1 +1 -1 +1 +1 -203.0       9
4 +1 +1 -1 +1 -1 -1 -1 +1 +1 -1 +1 -1 -1 -1 -195.0       4
['SPIN', 5 rows, 54 samples, 14 variables]
energies=[-219.0, -219.0, -203.0, -203.0, -195.0]
