Sample 0:-67
Sample 1:-67
Sample 2:-67
Sample 3:-67
Sample 4:-89
Sample 5:-89
Sample 6:-67
Sample 7:-67
Sample 8:-67
Sample 9:-67
Sample 10:-83
Sample 11:-67
Sample 12:-89
Sample 13:3
Sample 14:-15
Sample 15:-67
Sample 16:-25
Sample 17:-67
Sample 18:-29
Sample 19:-67
Sample 20:-67
Sample 21:3
Sample 22:-67
Sample 23:-67
Sample 24:-15
Sample 25:-67
Sample 26:-7
Sample 27:-89
Sample 28:-67
Sample 29:-67
Sample 30:-89
Sample 31:-67
Sample 32:-15
Sample 33:-67
Sample 34:-67
Sample 35:-15
Sample 36:-67
Sample 37:-67
Sample 38:-7
Sample 39:-67
Sample 40:-67
Sample 41:-67
Sample 42:-67
Sample 43:-67
Sample 44:-67
Sample 45:-67
Sample 46:-67
Sample 47:-67
Sample 48:-67
Sample 49:-67
Sample 50:-89
Sample 51:-67
Sample 52:-69
Sample 53:-67
Sample 54:-67
Sample 55:-67
Sample 56:-67
Sample 57:-89
Sample 58:-67
Sample 59:-15
Sample 60:-67
Sample 61:-7
Sample 62:-7
Sample 63:-15
Sample 64:-67
Sample 65:-89
Sample 66:-89
Sample 67:-47
Sample 68:-89
Sample 69:-67
Sample 70:-89
Sample 71:-67
Sample 72:-67
Sample 73:-67
Sample 74:-67
Sample 75:-67
Sample 76:-67
Sample 77:-67
Sample 78:-67
Sample 79:-89
Sample 80:-67
Sample 81:-89
Sample 82:-67
Sample 83:-67
Sample 84:-67
Sample 85:-67
Sample 86:-15
Sample 87:-89
Sample 88:-89
Sample 89:-15
Sample 90:-67
Sample 91:-7
Sample 92:-67
Sample 93:-67
Sample 94:-67
Sample 95:-67
Sample 96:-89
Sample 97:-67
Sample 98:-67
Sample 99:-89
Best Ham: -89
Sucess Probability: 0
Ham Average: -61.36
