Sample 0:-212
Sample 1:-314
Sample 2:-86
Sample 3:-302
Sample 4:-108
Sample 5:-212
Sample 6:-218
Sample 7:-218
Sample 8:-58
Sample 9:14
Sample 10:-232
Sample 11:-326
Sample 12:-248
Sample 13:-256
Sample 14:-296
Sample 15:-150
Sample 16:-168
Sample 17:-226
Sample 18:-222
Sample 19:-200
Sample 20:-162
Sample 21:-60
Sample 22:2
Sample 23:-328
Sample 24:-116
Sample 25:-80
Sample 26:-198
Sample 27:-190
Sample 28:-280
Sample 29:10
Sample 30:-76
Sample 31:-170
Sample 32:-242
Sample 33:-36
Sample 34:-76
Sample 35:-222
Sample 36:-254
Sample 37:-304
Sample 38:-124
Sample 39:-236
Sample 40:-102
Sample 41:-280
Sample 42:-222
Sample 43:-264
Sample 44:-222
Sample 45:-82
Sample 46:-280
Sample 47:-294
Sample 48:-230
Sample 49:-316
Sample 50:-274
Sample 51:-202
Sample 52:-250
Sample 53:-232
Sample 54:-264
Sample 55:-196
Sample 56:-128
Sample 57:-202
Sample 58:-232
Sample 59:-238
Sample 60:-214
Sample 61:-248
Sample 62:-182
Sample 63:-272
Sample 64:-154
Sample 65:-182
Sample 66:-110
Sample 67:-82
Sample 68:-254
Sample 69:-254
Sample 70:-202
Sample 71:-226
Sample 72:-230
Sample 73:-250
Sample 74:10
Sample 75:-330
Sample 76:-258
Sample 77:-296
Sample 78:-162
Sample 79:-186
Sample 80:-224
Sample 81:-258
Sample 82:-258
Sample 83:2
Sample 84:-226
Sample 85:-312
Sample 86:-290
Sample 87:-176
Sample 88:-196
Sample 89:-282
Sample 90:-244
Sample 91:-156
Sample 92:-332
Sample 93:-36
Sample 94:-288
Sample 95:-180
Sample 96:-90
Sample 97:-236
Sample 98:-154
Sample 99:-280
Best Ham: -332
Sucess Probability: 78
Ham Average: -199.88
