[[1 0 0 ... 0 0 7]
 [1 0 0 ... 0 7 0]
 [1 0 0 ... 7 0 0]
 ...
 [1 3 7 ... 0 0 0]
 [1 7 2 ... 0 0 0]
 [7 1 1 ... 1 1 1]]
2
test

{(1, 15): -9, (1, 12): 7, (1, 8): -13, (1, 6): 4, (1, 5): -14, (1, 3): -12, (1, 2): -5, (2, 17): 2, (2, 16): -9, (2, 15): -13, (2, 12): -7, (2, 4): 12, (2, 3): -9, (3, 16): 8, (3, 15): -7, (3, 11): -14, (3, 10): -10, (3, 8): 5, (3, 7): 8, (3, 6): 13, (3, 4): 1, (4, 17): 5, (4, 14): -14, (4, 9): -11, (4, 5): 8, (5, 16): -10, (5, 15): 12, (5, 14): -13, (5, 12): -8, (5, 7): 1, (5, 6): -5, (6, 17): 4, (6, 16): -11, (6, 15): 5, (6, 13): -12, (6, 9): -10, (7, 16): 12, (7, 13): -3, (7, 12): -2, (8, 18): 6, (8, 16): 14, (8, 14): -10, (8, 9): -7, (9, 17): -3, (10, 18): -3, (10, 17): 4, (10, 16): 13, (10, 15): -3, (10, 14): 4, (10, 11): 13, (11, 17): -5, (11, 14): -3, (11, 13): -6, (11, 12): -13, (12, 17): 5, (12, 15): -10, (13, 17): -4, (13, 16): -8, (13, 15): 14, (14, 15): -8, (16, 18): 10}
test1

{}
   1 15 12  8  6  5  3  2 17 16  4 11 10  7 14  9 13 18 energy num_oc.
0 +1 -1 -1 +1 +1 +1 -1 -1 +1 +1 +1 -1 -1 -1 +1 +1 +1 -1 -246.0      15
1 -1 +1 +1 -1 -1 -1 +1 +1 -1 -1 -1 +1 +1 +1 -1 -1 -1 +1 -246.0      10
2 -1 -1 +1 +1 +1 +1 -1 -1 +1 +1 +1 +1 -1 -1 +1 +1 +1 -1 -246.0       4
3 +1 +1 -1 -1 -1 -1 +1 +1 -1 -1 -1 -1 +1 +1 -1 -1 -1 +1 -246.0       2
4 -1 +1 +1 -1 -1 -1 +1 +1 -1 -1 -1 -1 +1 +1 -1 -1 -1 +1 -246.0       3
5 +1 -1 -1 +1 +1 +1 -1 -1 +1 +1 +1 +1 -1 -1 +1 +1 +1 -1 -246.0       2
6 +1 +1 -1 -1 -1 -1 +1 +1 -1 -1 -1 -1 +1 -1 -1 -1 -1 +1 -246.0       2
7 -1 -1 -1 -1 +1 -1 -1 -1 +1 +1 +1 -1 -1 -1 -1 +1 +1 -1 -246.0      13
['SPIN', 8 rows, 51 samples, 18 variables]
energies=[-246.0, -246.0, -246.0, -246.0, -246.0, -246.0, -246.0, -246.0]
