[[1 0 0 ... 0 0 7]
 [1 0 0 ... 0 7 0]
 [1 0 0 ... 7 0 0]
 ...
 [1 0 7 ... 0 0 0]
 [1 7 0 ... 0 0 0]
 [7 1 1 ... 1 1 1]]
0
test

{(1, 48): 12, (1, 43): -14, (1, 39): -11, (1, 37): -10, (1, 35): 1, (1, 34): -11, (1, 32): 1, (1, 30): 10, (1, 28): 9, (1, 18): -3, (1, 15): 4, (1, 3): 7, (2, 48): 8, (2, 46): 4, (2, 43): 9, (2, 40): 12, (2, 39): -3, (2, 32): 14, (2, 31): 4, (2, 24): -6, (2, 23): -9, (2, 21): 9, (2, 19): -14, (2, 17): 2, (2, 16): -2, (2, 13): -13, (2, 7): 8, (2, 6): 8, (2, 4): -10, (3, 49): -6, (3, 48): 5, (3, 44): 9, (3, 43): 6, (3, 37): -11, (3, 36): 6, (3, 33): -3, (3, 29): -3, (3, 25): 5, (3, 24): -11, (3, 22): 12, (3, 20): -11, (3, 19): 12, (3, 18): 12, (3, 17): -6, (3, 15): -9, (3, 6): -8, (4, 49): 10, (4, 43): 13, (4, 40): 5, (4, 39): -4, (4, 37): -10, (4, 31): 13, (4, 30): 4, (4, 25): -6, (4, 21): -3, (4, 17): 12, (4, 16): 1, (4, 15): 7, (4, 14): -1, (4, 12): 6, (4, 10): 5, (5, 49): -14, (5, 46): -3, (5, 44): 14, (5, 40): -7, (5, 33): -1, (5, 18): 5, (5, 17): 9, (5, 10): -8, (5, 9): 13, (5, 8): 8, (6, 49): -5, (6, 48): -14, (6, 47): 14, (6, 46): 6, (6, 45): -4, (6, 44): -3, (6, 43): -2, (6, 39): 9, (6, 36): 6, (6, 29): 11, (6, 21): 14, (6, 18): 14, (6, 14): 10, (6, 11): -14, (6, 10): 3, (6, 9): 13, (6, 7): -4, (7, 45): 1, (7, 43): 2, (7, 42): 1, (7, 41): -5, (7, 39): -14, (7, 36): 11, (7, 35): 11, (7, 33): 9, (7, 32): 4, (7, 29): -4, (7, 21): 10, (7, 20): -6, (7, 18): -1, (7, 15): 11, (7, 14): -4, (7, 12): -5, (7, 10): -9, (7, 8): 13, (8, 42): -9, (8, 40): 8, (8, 35): -12, (8, 32): -9, (8, 31): -11, (8, 30): -10, (8, 25): 3, (8, 23): 12, (8, 19): 2, (8, 18): 3, (8, 17): 7, (8, 15): -11, (8, 13): -7, (8, 12): 10, (8, 11): 10, (8, 10): -5, (9, 47): 12, (9, 46): -1, (9, 42): -3, (9, 40): -3, (9, 37): -8, (9, 36): 10, (9, 33): -4, (9, 31): 4, (9, 18): 2, (9, 12): 13, (10, 47): 8, (10, 40): -10, (10, 36): 7, (10, 35): 9, (10, 30): -12, (10, 23): 2, (10, 18): 7, (10, 16): -2, (10, 11): -7, (11, 48): 5, (11, 45): -13, (11, 41): -2, (11, 40): 3, (11, 37): 9, (11, 36): -3, (11, 35): 13, (11, 31): -13, (11, 30): -1, (11, 26): 13, (11, 25): -2, (11, 17): -8, (11, 16): -4, (11, 14): -3, (11, 12): -11, (12, 49): -11, (12, 44): -12, (12, 43): 3, (12, 41): -3, (12, 38): 11, (12, 33): -4, (12, 31): 4, (12, 18): -7, (12, 17): -7, (13, 47): -8, (13, 35): 9, (13, 32): -9, (13, 31): 3, (13, 25): -14, (13, 24): -10, (13, 23): -8, (13, 22): -11, (13, 20): -11, (13, 19): -6, (13, 18): 2, (13, 17): -9, (13, 14): -8, (14, 48): 3, (14, 47): 3, (14, 46): 5, (14, 43): -6, (14, 40): -9, (14, 38): 4, (14, 35): 4, (14, 29): 10, (14, 27): 4, (14, 25): -3, (14, 24): -12, (14, 17): -7, (15, 47): -6, (15, 46): 8, (15, 45): -9, (15, 44): 2, (15, 41): 14, (15, 40): 14, (15, 39): -3, (15, 36): -2, (15, 31): -8, (15, 24): 2, (15, 22): 1, (15, 21): 4, (15, 19): 14, (16, 48): 11, (16, 44): -1, (16, 37): 8, (16, 34): -12, (16, 33): -2, (16, 29): -2, (16, 25): -13, (16, 19): -2, (16, 18): 6, (17, 47): -2, (17, 41): 8, (17, 38): -13, (17, 32): -12, (17, 29): -9, (17, 26): 8, (17, 25): 13, (17, 19): -13, (18, 48): 5, (18, 42): 2, (18, 37): 1, (18, 35): -12, (18, 33): 10, (18, 30): 13, (18, 28): 4, (18, 27): -3, (18, 20): 7, (19, 47): -5, (19, 44): -8, (19, 42): 4, (19, 41): 2, (19, 39): -4, (19, 35): -4, (19, 34): 14, (19, 33): -12, (19, 32): -1, (19, 28): 12, (19, 26): 5, (19, 20): -1, (20, 45): -1, (20, 44): -11, (20, 38): 3, (20, 37): 12, (20, 32): 4, (20, 28): 13, (21, 49): -4, (21, 48): -1, (21, 46): 10, (21, 45): 9, (21, 42): 8, (21, 38): 1, (21, 36): 10, (21, 33): 3, (21, 30): 2, (21, 24): 1, (22, 43): -9, (22, 42): -8, (22, 39): 2, (22, 37): -14, (22, 32): -7, (22, 27): 9, (22, 25): 6, (23, 46): 14, (23, 39): -11, (23, 33): 7, (23, 26): 6, (23, 24): 6, (24, 48): -2, (24, 40): 5, (24, 39): 10, (24, 37): 12, (24, 34): 8, (24, 33): 11, (24, 30): -4, (24, 28): 14, (25, 47): -10, (25, 46): 12, (25, 38): -2, (25, 37): 6, (25, 35): -3, (25, 26): -13, (26, 45): 11, (26, 43): 1, (26, 41): -10, (26, 36): -3, (26, 31): 14, (26, 30): 12, (26, 27): -8, (27, 49): -5, (27, 43): -12, (27, 42): -14, (27, 40): 12, (27, 39): 3, (27, 38): 3, (27, 35): 7, (27, 31): 2, (27, 29): -12, (28, 43): -5, (28, 41): 13, (28, 40): -5, (28, 34): -1, (29, 39): 4, (29, 33): -9, (29, 30): 5, (30, 47): 5, (30, 45): -14, (30, 37): 1, (30, 33): -1, (31, 48): 12, (31, 47): 10, (31, 45): -9, (31, 43): 12, (31, 35): 14, (32, 43): 1, (32, 40): -2, (32, 34): 5, (33, 45): -3, (33, 43): 14, (33, 37): 14, (34, 49): -5, (34, 48): -12, (34, 47): 2, (34, 44): -11, (34, 42): 1, (35, 47): 3, (36, 47): 8, (36, 46): 13, (36, 45): 8, (36, 44): -4, (36, 37): 2, (37, 49): 7, (37, 45): -1, (37, 44): 12, (37, 41): -9, (37, 39): 13, (38, 45): -2, (38, 44): 9, (38, 43): 1, (39, 48): 11, (39, 47): 4, (39, 43): -9, (40, 49): -11, (41, 44): -2, (41, 43): -10, (42, 47): -11, (42, 43): 12, (43, 46): -11, (44, 48): 8, (44, 47): -13, (44, 46): 10, (45, 47): 14}
test1

{}
   1 48 43 39 37 35 34 32 30 28 18 15  3  2 46 40 31 24 ... 27  energy num_oc.
0 +1 -1 +1 +1 -1 +1 +1 -1 -1 -1 +1 -1 -1 +1 -1 +1 -1 +1 ... -1 -1160.0      23
1 -1 +1 -1 -1 +1 -1 -1 +1 +1 +1 -1 +1 +1 -1 +1 -1 +1 -1 ... +1 -1160.0      21
2 -1 +1 -1 -1 +1 -1 +1 +1 +1 +1 -1 +1 +1 -1 +1 +1 +1 -1 ... +1 -1156.0       2
3 -1 +1 -1 -1 +1 -1 +1 +1 +1 +1 -1 +1 +1 -1 +1 +1 +1 -1 ... -1 -1154.0       2
4 +1 -1 +1 +1 -1 +1 -1 -1 -1 -1 +1 -1 -1 +1 -1 -1 -1 +1 ... +1 -1154.0       6
['SPIN', 5 rows, 54 samples, 49 variables]
energies=[-1160.0, -1160.0, -1156.0, -1154.0, -1154.0]
