Sample 0:-18
Sample 1:-18
Sample 2:-2
Sample 3:-18
Sample 4:26
Sample 5:-18
Sample 6:-2
Sample 7:-2
Sample 8:26
Sample 9:-18
Sample 10:-18
Sample 11:-2
Sample 12:-2
Sample 13:-18
Sample 14:-18
Sample 15:-2
Sample 16:-18
Sample 17:-18
Sample 18:-18
Sample 19:-2
Sample 20:-18
Sample 21:-18
Sample 22:-2
Sample 23:-18
Sample 24:-18
Sample 25:-18
Sample 26:26
Sample 27:-2
Sample 28:-2
Sample 29:-2
Sample 30:-18
Sample 31:-18
Sample 32:26
Sample 33:-18
Sample 34:-2
Sample 35:-18
Sample 36:-18
Sample 37:-18
Sample 38:-2
Sample 39:-18
Sample 40:-18
Sample 41:-18
Sample 42:-18
Sample 43:-2
Sample 44:-18
Sample 45:-2
Sample 46:-2
Sample 47:-18
Sample 48:26
Sample 49:26
Sample 50:-2
Sample 51:-18
Sample 52:-2
Sample 53:-2
Sample 54:-18
Sample 55:-2
Sample 56:-2
Sample 57:-18
Sample 58:-2
Sample 59:-2
Sample 60:-2
Sample 61:-2
Sample 62:-18
Sample 63:-18
Sample 64:-2
Sample 65:-2
Sample 66:-2
Sample 67:26
Sample 68:-18
Sample 69:-18
Sample 70:-18
Sample 71:-18
Sample 72:-18
Sample 73:-2
Sample 74:-18
Sample 75:-2
Sample 76:-18
Sample 77:26
Sample 78:-18
Sample 79:-2
Sample 80:-18
Sample 81:-18
Sample 82:26
Sample 83:-2
Sample 84:-2
Sample 85:-18
Sample 86:-2
Sample 87:-2
Sample 88:-18
Sample 89:-18
Sample 90:-2
Sample 91:-2
Sample 92:-2
Sample 93:26
Sample 94:-18
Sample 95:-18
Sample 96:-18
Sample 97:-2
Sample 98:-2
Sample 99:26
Best Ham: -18
Sucess Probability: 0
Ham Average: -6.76
