[[ 1  0  0 ...  0  0  7]
 [ 1  0  0 ...  0  7  0]
 [ 1  0  0 ...  7  0  0]
 ...
 [ 1 -4  7 ...  0  0  0]
 [ 1  7 -4 ...  0  0  0]
 [ 7  1  1 ...  1  1  1]]
-4
test

{(1, 17): -1, (1, 16): -4, (1, 15): 3, (1, 14): 4, (1, 13): -9, (1, 12): -7, (1, 11): 2, (1, 8): -3, (1, 6): -7, (1, 3): 4, (1, 2): 8, (2, 17): 8, (2, 16): -1, (2, 14): 7, (2, 13): 4, (2, 12): -2, (2, 10): 4, (2, 7): -11, (2, 6): -4, (2, 3): -13, (3, 17): -2, (3, 15): 5, (3, 12): 1, (3, 11): -11, (3, 9): 8, (3, 8): -6, (3, 7): 12, (3, 4): -7, (4, 17): 3, (4, 16): -14, (4, 13): 8, (4, 12): 7, (4, 11): 7, (4, 10): 3, (4, 7): 2, (4, 6): -9, (4, 5): -11, (5, 16): -14, (5, 13): -11, (5, 11): -6, (5, 10): 13, (5, 9): -6, (5, 7): -13, (5, 6): 1, (6, 17): -10, (6, 16): -13, (6, 15): 1, (6, 13): 4, (6, 12): -13, (6, 10): 7, (7, 17): -11, (7, 16): -11, (7, 15): -7, (7, 14): -11, (7, 13): 3, (7, 12): -1, (7, 10): -12, (7, 9): -7, (7, 8): 7, (8, 17): -6, (8, 16): -3, (8, 13): -3, (8, 11): 12, (8, 9): -1, (9, 17): -10, (9, 15): 1, (9, 14): -13, (9, 13): -4, (9, 12): -10, (9, 11): -4, (9, 10): -4, (10, 16): -1, (10, 15): 14, (10, 14): -4, (10, 13): -12, (10, 12): 5, (10, 11): 12, (11, 17): -6, (11, 16): 3, (11, 15): -4, (11, 13): -3, (11, 12): 11, (12, 17): -2, (12, 16): 11, (12, 15): -12, (12, 14): -9, (12, 13): 11, (13, 17): 7, (13, 16): -12, (13, 15): -7, (14, 17): 12, (14, 15): 14, (15, 17): -10, (15, 16): 7, (16, 17): -11}
test1

{}
   1 17 16 15 14 13 12 11  8  6  3  2 10  7  9  4  5 energy num_oc.
0 +1 +1 +1 -1 +1 +1 +1 -1 +1 +1 -1 -1 +1 +1 +1 +1 +1 -273.0      22
1 -1 -1 -1 +1 -1 -1 -1 +1 -1 -1 +1 +1 -1 -1 -1 -1 -1 -273.0      11
2 -1 +1 +1 +1 -1 -1 -1 +1 -1 +1 +1 +1 -1 +1 -1 +1 +1 -255.0       9
3 +1 -1 -1 -1 +1 +1 +1 -1 +1 -1 -1 -1 +1 -1 +1 -1 -1 -255.0      11
4 -1 +1 -1 +1 -1 -1 +1 +1 -1 +1 +1 +1 -1 -1 -1 -1 -1 -249.0       1
['SPIN', 5 rows, 54 samples, 17 variables]
energies=[-273.0, -273.0, -255.0, -255.0, -249.0]
