Sample 0:-521
Sample 1:-541
Sample 2:-387
Sample 3:-425
Sample 4:-203
Sample 5:-363
Sample 6:-487
Sample 7:-503
Sample 8:-149
Sample 9:-183
Sample 10:-253
Sample 11:-379
Sample 12:-295
Sample 13:-453
Sample 14:-435
Sample 15:-161
Sample 16:-437
Sample 17:-301
Sample 18:-377
Sample 19:-305
Sample 20:-377
Sample 21:-301
Sample 22:-377
Sample 23:-345
Sample 24:-377
Sample 25:-427
Sample 26:-377
Sample 27:-305
Sample 28:-373
Sample 29:-377
Sample 30:-439
Sample 31:-305
Sample 32:-439
Sample 33:-305
Sample 34:-373
Sample 35:-319
Sample 36:-439
Sample 37:-439
Sample 38:-427
Sample 39:-457
Sample 40:-469
Sample 41:-469
Sample 42:-469
Sample 43:-439
Sample 44:51
Sample 45:-427
Sample 46:-439
Sample 47:-427
Sample 48:-427
Sample 49:-469
Sample 50:-439
Sample 51:-427
Sample 52:-457
Sample 53:-439
Sample 54:-439
Sample 55:-427
Sample 56:-469
Sample 57:-439
Sample 58:-427
Sample 59:-469
Sample 60:-469
Sample 61:-439
Sample 62:-439
Sample 63:-427
Sample 64:-457
Sample 65:-439
Sample 66:-427
Sample 67:-457
Sample 68:-457
Sample 69:-469
Sample 70:-439
Sample 71:-439
Sample 72:-439
Sample 73:-427
Sample 74:-427
Sample 75:-469
Sample 76:-469
Sample 77:-439
Sample 78:-427
Sample 79:-439
Sample 80:-469
Sample 81:-427
Sample 82:-439
Sample 83:-439
Sample 84:-439
Sample 85:-469
Sample 86:-439
Sample 87:-469
Sample 88:-439
Sample 89:-427
Sample 90:-427
Sample 91:-439
Sample 92:-427
Sample 93:-439
Sample 94:-427
Sample 95:-427
Sample 96:-469
Sample 97:-469
Sample 98:-457
Sample 99:-439
Best Ham: -541
Sucess Probability: 99
Ham Average: -409.22
