Sample 0:-661
Sample 1:-987
Sample 2:-731
Sample 3:-639
Sample 4:99
Sample 5:-967
Sample 6:-941
Sample 7:-835
Sample 8:-989
Sample 9:-723
Sample 10:-879
Sample 11:-357
Sample 12:-855
Sample 13:-575
Sample 14:-1019
Sample 15:-501
Sample 16:-351
Sample 17:-977
Sample 18:-759
Sample 19:-511
Sample 20:-691
Sample 21:-621
Sample 22:-781
Sample 23:-799
Sample 24:-799
Sample 25:-799
Sample 26:-799
Sample 27:-799
Sample 28:-677
Sample 29:-677
Sample 30:-677
Sample 31:-799
Sample 32:-799
Sample 33:-677
Sample 34:-799
Sample 35:-799
Sample 36:-799
Sample 37:-799
Sample 38:-799
Sample 39:-799
Sample 40:-799
Sample 41:-677
Sample 42:-799
Sample 43:-799
Sample 44:-799
Sample 45:-799
Sample 46:-799
Sample 47:-799
Sample 48:-799
Sample 49:-799
Sample 50:-677
Sample 51:-799
Sample 52:-799
Sample 53:-799
Sample 54:-799
Sample 55:-799
Sample 56:-799
Sample 57:-799
Sample 58:-677
Sample 59:-677
Sample 60:-799
Sample 61:-799
Sample 62:-799
Sample 63:-799
Sample 64:-799
Sample 65:-677
Sample 66:-799
Sample 67:-799
Sample 68:-799
Sample 69:-799
Sample 70:-799
Sample 71:-799
Sample 72:-799
Sample 73:-799
Sample 74:-677
Sample 75:-799
Sample 76:-799
Sample 77:-799
Sample 78:-677
Sample 79:-799
Sample 80:-799
Sample 81:-799
Sample 82:-799
Sample 83:-799
Sample 84:-799
Sample 85:-799
Sample 86:-799
Sample 87:-799
Sample 88:-799
Sample 89:-799
Sample 90:-799
Sample 91:-799
Sample 92:-799
Sample 93:-677
Sample 94:-677
Sample 95:-799
Sample 96:-799
Sample 97:-799
Sample 98:-799
Sample 99:-799
Best Ham: -1019
Sucess Probability: 99
Ham Average: -761.88
