[[1 0 0 ... 0 0 7]
 [1 0 0 ... 0 7 0]
 [1 0 0 ... 7 0 0]
 ...
 [1 0 7 ... 0 0 0]
 [1 7 0 ... 0 0 0]
 [7 1 1 ... 1 1 1]]
0
test

{(1, 39): 4, (1, 37): -12, (1, 35): 4, (1, 33): 4, (1, 32): 7, (1, 31): 1, (1, 30): -4, (1, 28): 1, (1, 27): -3, (1, 25): -4, (1, 17): -12, (1, 12): 12, (1, 7): 2, (1, 5): -9, (1, 3): -9, (2, 46): 9, (2, 43): -4, (2, 42): -7, (2, 40): 12, (2, 38): 4, (2, 37): 13, (2, 35): 6, (2, 32): -6, (2, 29): 8, (2, 27): 7, (2, 26): 4, (2, 24): 14, (2, 20): -2, (2, 9): 10, (2, 6): -12, (3, 43): -4, (3, 42): -6, (3, 37): 2, (3, 36): 8, (3, 33): 6, (3, 29): 8, (3, 9): 14, (3, 6): 9, (4, 47): -6, (4, 41): 14, (4, 40): -2, (4, 34): 5, (4, 29): 2, (4, 27): -6, (4, 25): -1, (4, 24): -12, (4, 18): -7, (4, 11): -10, (4, 6): 5, (5, 41): 7, (5, 33): -9, (5, 31): -9, (5, 30): 7, (5, 28): -10, (5, 26): 1, (5, 24): 14, (5, 16): -14, (5, 12): -12, (5, 10): -7, (6, 47): -2, (6, 40): 2, (6, 39): -5, (6, 33): 13, (6, 30): 3, (6, 25): 13, (6, 18): -4, (6, 16): 14, (6, 10): 2, (7, 47): -1, (7, 46): 14, (7, 41): 1, (7, 38): 12, (7, 36): -6, (7, 30): 9, (7, 29): 10, (7, 28): -14, (7, 26): 14, (7, 23): 1, (7, 22): -14, (7, 16): -5, (7, 15): -8, (8, 42): -7, (8, 41): 8, (8, 38): -1, (8, 37): 7, (8, 36): 13, (8, 33): -12, (8, 32): 11, (8, 30): -12, (8, 28): 6, (8, 19): 3, (8, 18): 5, (8, 17): 8, (8, 16): -5, (8, 15): 1, (8, 13): -2, (8, 11): 14, (9, 46): 4, (9, 43): -12, (9, 40): -13, (9, 36): -14, (9, 32): 1, (9, 29): 10, (9, 27): -14, (9, 26): 11, (9, 20): -4, (9, 18): -2, (9, 13): 6, (10, 46): 5, (10, 45): 6, (10, 38): 4, (10, 37): -7, (10, 34): 2, (10, 31): -9, (10, 28): 13, (10, 25): 11, (10, 24): -8, (10, 17): 2, (11, 44): -7, (11, 41): -5, (11, 27): 5, (11, 26): -5, (11, 23): 10, (11, 20): -4, (11, 15): -14, (11, 12): -2, (12, 42): -2, (12, 32): -12, (12, 27): 10, (12, 22): -7, (12, 15): -2, (12, 14): 13, (13, 46): 1, (13, 43): 9, (13, 42): 3, (13, 40): -4, (13, 33): -1, (13, 20): 7, (13, 17): -13, (13, 15): -10, (14, 44): 9, (14, 41): 6, (14, 40): 4, (14, 33): -13, (14, 31): 14, (14, 29): 9, (14, 26): -11, (14, 25): -5, (14, 21): 1, (14, 20): -8, (14, 18): 7, (15, 44): -1, (15, 43): -4, (15, 42): 9, (15, 38): 2, (15, 32): 2, (15, 31): -7, (15, 29): 12, (15, 28): 12, (15, 27): 5, (15, 23): -3, (15, 21): -9, (15, 19): 7, (15, 18): -12, (16, 42): 5, (16, 40): -5, (16, 37): -14, (16, 35): 2, (16, 28): -8, (16, 24): -7, (16, 23): 6, (16, 21): -3, (16, 20): 6, (16, 17): 4, (17, 38): 10, (17, 35): -7, (17, 33): 6, (17, 30): 13, (17, 29): 7, (17, 26): 6, (17, 24): 9, (17, 20): -7, (18, 46): -3, (18, 45): -14, (18, 43): -5, (18, 42): 10, (18, 38): 14, (18, 35): 14, (18, 34): 12, (18, 29): -14, (18, 27): 5, (18, 25): 4, (18, 23): -2, (18, 21): -13, (19, 45): -7, (19, 42): 14, (19, 40): -5, (19, 36): -9, (19, 32): -4, (19, 30): -7, (19, 26): -1, (19, 22): -11, (20, 45): -5, (20, 41): 11, (20, 39): -8, (20, 36): 8, (20, 34): 14, (20, 33): 12, (20, 28): -12, (20, 27): 9, (20, 26): -11, (20, 21): -5, (21, 46): -7, (21, 45): -9, (21, 35): 10, (21, 33): -10, (21, 27): -10, (21, 26): -3, (21, 24): 2, (22, 47): 2, (22, 40): -2, (22, 33): 3, (22, 29): 4, (22, 27): 9, (23, 45): 8, (23, 41): -6, (23, 30): -9, (23, 28): -4, (23, 27): -9, (24, 47): 5, (24, 41): 10, (24, 40): -5, (24, 39): -13, (24, 38): -3, (24, 37): -1, (24, 27): 9, (25, 47): 1, (25, 46): -13, (25, 45): -9, (25, 41): -3, (25, 35): -8, (25, 28): 3, (26, 47): -3, (26, 45): 8, (26, 43): 6, (26, 42): 11, (26, 40): -13, (26, 34): 3, (26, 33): 2, (26, 31): -9, (26, 27): 12, (27, 47): 13, (27, 46): -2, (27, 45): -12, (27, 43): -10, (27, 39): -6, (27, 37): -8, (27, 34): -11, (27, 29): 7, (27, 28): 3, (28, 47): -13, (28, 43): -7, (28, 39): -12, (28, 34): -11, (29, 47): 10, (29, 41): -11, (29, 40): 3, (29, 39): 4, (29, 38): -2, (29, 34): -4, (30, 46): -9, (30, 43): 11, (30, 41): -1, (30, 40): 8, (30, 39): -8, (30, 38): -12, (30, 37): -2, (30, 33): -10, (30, 32): -1, (30, 31): -14, (31, 45): -8, (31, 44): -13, (31, 37): 4, (31, 35): -14, (31, 34): 5, (31, 33): 9, (32, 33): 11, (33, 47): -14, (33, 46): -12, (33, 45): -10, (33, 41): -13, (33, 40): -13, (34, 47): 13, (34, 45): 12, (34, 43): 3, (34, 42): 3, (34, 41): -1, (34, 38): 11, (34, 36): 1, (34, 35): 7, (35, 43): -7, (35, 39): 5, (35, 38): -3, (36, 47): 9, (36, 44): -6, (36, 38): 11, (36, 37): 1, (37, 44): -11, (37, 43): 5, (37, 40): -14, (37, 39): 4, (38, 46): 11, (38, 44): 4, (38, 42): -8, (38, 40): 6, (38, 39): -13, (39, 44): 13, (39, 41): 9, (40, 46): -12, (40, 43): 14, (41, 45): 6, (41, 44): -2, (42, 45): 6, (43, 44): -8}
test1

{}
   1 39 37 35 33 32 31 30 28 27 25 17 12  7  5  3  2 46 ... 21  energy num_oc.
0 +1 +1 +1 -1 +1 -1 -1 +1 -1 +1 +1 -1 -1 -1 -1 +1 -1 +1 ... +1 -1032.0      16
1 +1 +1 +1 -1 +1 -1 -1 +1 -1 +1 +1 -1 -1 -1 -1 +1 -1 +1 ... +1 -1032.0      19
2 -1 -1 -1 +1 -1 +1 +1 -1 +1 -1 -1 +1 +1 +1 +1 -1 +1 -1 ... -1 -1032.0       9
3 -1 -1 -1 +1 -1 +1 +1 -1 +1 -1 -1 +1 +1 +1 +1 -1 +1 -1 ... -1 -1032.0       4
4 -1 +1 -1 +1 -1 +1 +1 +1 -1 -1 -1 -1 +1 -1 -1 +1 +1 -1 ... -1 -1030.0       2
5 +1 -1 +1 -1 +1 -1 -1 -1 +1 +1 +1 +1 -1 +1 +1 -1 -1 +1 ... +1 -1030.0      11
6 +1 -1 +1 -1 +1 -1 -1 -1 +1 +1 +1 +1 +1 +1 +1 -1 -1 +1 ... +1 -1030.0       1
7 -1 +1 -1 +1 -1 +1 +1 +1 -1 -1 -1 -1 -1 -1 -1 +1 +1 -1 ... -1 -1030.0       9
['SPIN', 8 rows, 71 samples, 47 variables]
energies=[-1032.0, -1032.0, -1032.0, -1032.0, -1030.0, -1030.0, -1030.0, -1030.0]
