[[ 1  0  0 ...  0  0  7]
 [ 1  0  0 ...  0  7  0]
 [ 1  0  0 ...  7  0  0]
 ...
 [ 1 -3  7 ...  0  0  0]
 [ 1  7 -4 ...  0  0  0]
 [ 7  1  1 ...  1  1  1]]
-4
test

{(1, 43): 4, (1, 37): 10, (1, 36): -8, (1, 32): -1, (1, 29): -6, (1, 27): 9, (1, 26): 7, (1, 25): 3, (1, 23): 2, (1, 20): 3, (1, 18): 3, (1, 15): 4, (1, 14): 7, (1, 12): 5, (1, 10): 12, (1, 9): -5, (1, 2): 7, (2, 42): 7, (2, 40): -3, (2, 37): 4, (2, 32): -2, (2, 29): 7, (2, 26): 12, (2, 21): -3, (2, 19): -8, (2, 18): 9, (2, 16): 1, (2, 15): 10, (2, 14): 12, (2, 12): 13, (2, 11): 8, (2, 8): -3, (2, 7): 11, (2, 3): -3, (3, 43): -8, (3, 42): -11, (3, 41): -8, (3, 40): -1, (3, 38): -2, (3, 36): -7, (3, 35): -10, (3, 30): 9, (3, 29): -4, (3, 26): -10, (3, 25): -5, (3, 24): 9, (3, 22): 8, (3, 21): -10, (3, 19): 10, (3, 16): 7, (3, 15): 2, (3, 13): -6, (3, 11): -3, (3, 9): 14, (3, 8): -1, (3, 4): -4, (4, 42): 14, (4, 41): -9, (4, 35): 11, (4, 33): -9, (4, 32): -14, (4, 31): -14, (4, 27): -1, (4, 24): 4, (4, 19): -3, (4, 18): -7, (4, 16): -6, (4, 13): 6, (4, 11): -14, (4, 9): 11, (5, 37): 13, (5, 32): -3, (5, 31): -13, (5, 27): -5, (5, 25): -13, (5, 23): 13, (5, 19): 11, (5, 18): 7, (5, 16): -9, (5, 11): -14, (5, 9): -10, (5, 7): -2, (6, 44): -1, (6, 43): 4, (6, 42): 7, (6, 38): 2, (6, 31): 5, (6, 27): -2, (6, 26): 3, (6, 24): -7, (6, 23): 14, (6, 21): -4, (6, 19): -6, (6, 17): -4, (6, 13): -9, (6, 12): 13, (6, 10): 14, (6, 7): 12, (7, 42): -4, (7, 39): -11, (7, 37): 4, (7, 34): 9, (7, 33): 8, (7, 31): -7, (7, 29): -3, (7, 28): 4, (7, 25): 5, (7, 22): -9, (7, 21): -5, (7, 20): -12, (7, 13): -3, (7, 12): 9, (7, 11): 11, (7, 8): 7, (8, 43): 12, (8, 42): -3, (8, 30): -14, (8, 29): 9, (8, 22): -10, (8, 21): -6, (8, 20): -9, (8, 18): -10, (8, 16): -4, (8, 15): 12, (8, 11): 7, (9, 43): -11, (9, 41): 5, (9, 40): 14, (9, 39): -6, (9, 38): -10, (9, 36): -8, (9, 34): -1, (9, 33): 10, (9, 32): 4, (9, 30): -3, (9, 28): -13, (9, 27): -7, (9, 21): -7, (9, 17): 2, (9, 15): -7, (9, 11): -13, (10, 43): -2, (10, 41): 1, (10, 40): -2, (10, 36): 3, (10, 35): 4, (10, 32): -11, (10, 31): 9, (10, 29): 2, (10, 28): 3, (10, 27): -12, (10, 24): 5, (10, 23): 8, (10, 22): -7, (10, 18): -6, (10, 16): -7, (10, 14): 14, (10, 13): -14, (10, 11): -5, (11, 43): 11, (11, 39): -3, (11, 37): -8, (11, 34): 12, (11, 32): -11, (11, 26): -9, (11, 25): 8, (11, 24): -1, (11, 23): -14, (11, 20): -2, (11, 19): 11, (11, 14): -5, (11, 12): -11, (12, 44): -2, (12, 43): 14, (12, 39): -2, (12, 38): 13, (12, 37): 10, (12, 36): 11, (12, 34): 1, (12, 30): 3, (12, 27): -6, (12, 24): -4, (12, 23): 7, (12, 21): -7, (12, 19): 9, (12, 17): -9, (12, 15): 2, (13, 37): -4, (13, 32): -6, (13, 31): -12, (13, 30): 7, (13, 29): 2, (13, 28): -8, (13, 26): -7, (13, 21): -14, (13, 19): -9, (13, 16): -6, (13, 14): 8, (14, 43): 13, (14, 42): -4, (14, 41): -7, (14, 36): 12, (14, 32): -8, (14, 31): -14, (14, 30): -14, (14, 27): 8, (14, 20): -12, (14, 18): 7, (14, 17): -14, (14, 16): 3, (15, 40): -5, (15, 35): -3, (15, 33): -7, (15, 32): 12, (15, 30): 14, (15, 29): 9, (15, 27): -5, (15, 26): 14, (15, 25): 10, (15, 22): -6, (15, 20): 1, (15, 18): 3, (16, 35): -11, (16, 32): -6, (16, 30): 5, (16, 29): -14, (16, 27): 6, (16, 26): -3, (16, 25): -8, (16, 24): 9, (16, 23): -8, (16, 22): -8, (16, 20): -2, (16, 19): 8, (17, 44): -4, (17, 40): -13, (17, 39): -1, (17, 32): 13, (17, 31): 8, (17, 30): -5, (17, 29): -3, (17, 20): -1, (18, 44): 14, (18, 43): -6, (18, 42): -13, (18, 41): 10, (18, 38): 14, (18, 35): -13, (18, 34): 6, (18, 29): 7, (18, 27): 2, (18, 26): -13, (18, 24): 1, (18, 23): 8, (18, 22): -6, (18, 20): 14, (19, 42): 14, (19, 41): 7, (19, 39): -14, (19, 38): 3, (19, 36): 4, (19, 31): -6, (19, 28): -13, (20, 42): -7, (20, 41): -6, (20, 40): 9, (20, 39): 11, (20, 38): 6, (20, 36): -10, (20, 35): 11, (20, 34): 6, (20, 33): -9, (20, 31): 10, (20, 23): -7, (21, 44): -2, (21, 37): 14, (21, 30): -1, (21, 28): -5, (21, 27): 2, (21, 26): -3, (21, 22): 5, (22, 38): -11, (22, 37): -11, (22, 34): 8, (22, 32): 12, (22, 30): 2, (22, 27): 11, (22, 25): -6, (22, 24): -14, (22, 23): 12, (23, 44): -5, (23, 42): -12, (23, 41): 5, (23, 34): 11, (23, 33): -7, (23, 31): 7, (23, 30): -6, (23, 29): -8, (23, 24): 2, (24, 41): 14, (24, 39): -8, (24, 38): -12, (24, 37): -11, (24, 33): 4, (24, 32): -9, (24, 31): -1, (24, 30): 3, (24, 29): 13, (24, 27): -10, (25, 43): -3, (25, 41): 5, (25, 36): 7, (25, 32): 6, (25, 30): 3, (25, 29): 2, (25, 28): 5, (25, 27): 3, (26, 44): -9, (26, 41): -14, (26, 38): 2, (26, 37): -8, (26, 35): 4, (26, 32): -12, (26, 29): 3, (26, 28): -4, (27, 39): -13, (27, 36): -7, (27, 31): -4, (28, 43): -12, (28, 38): -12, (28, 37): -3, (28, 33): -5, (28, 32): -13, (28, 29): 12, (29, 42): -9, (29, 41): -12, (29, 39): -12, (29, 36): 11, (29, 35): -12, (29, 32): 9, (29, 31): 9, (30, 44): -10, (30, 43): 10, (30, 41): -12, (30, 40): -11, (30, 38): -11, (30, 33): 8, (30, 32): -7, (31, 44): 13, (31, 42): -14, (31, 41): 12, (31, 39): 7, (31, 37): 2, (32, 42): -10, (32, 41): 11, (32, 39): -5, (32, 36): -7, (32, 35): 5, (32, 33): -5, (33, 44): 13, (33, 42): -8, (33, 39): -7, (34, 40): -12, (34, 39): -11, (34, 35): -3, (35, 44): -2, (35, 41): 4, (35, 40): 4, (35, 37): -14, (35, 36): -9, (36, 44): -8, (36, 41): 3, (36, 37): 4, (37, 39): 8, (37, 38): 13, (38, 42): 8, (38, 40): -12, (38, 39): 5}
test1

{}
   1 43 37 36 32 29 27 26 25 23 20 18 15 14 12 10  9  2 ... 28  energy num_oc.
0 +1 +1 -1 +1 +1 -1 +1 -1 -1 -1 -1 -1 +1 -1 -1 -1 +1 +1 ... +1 -1071.0      26
1 -1 -1 +1 -1 -1 +1 -1 +1 +1 +1 +1 +1 -1 +1 +1 +1 -1 -1 ... -1 -1071.0      17
2 +1 +1 +1 +1 -1 -1 +1 -1 -1 -1 -1 -1 +1 -1 -1 -1 +1 +1 ... +1 -1069.0       6
3 -1 -1 -1 -1 +1 +1 -1 +1 +1 +1 +1 +1 -1 +1 +1 +1 -1 -1 ... -1 -1069.0       1
4 +1 +1 -1 +1 -1 -1 +1 -1 +1 -1 -1 -1 +1 -1 -1 -1 +1 +1 ... +1 -1065.0       4
['SPIN', 5 rows, 54 samples, 44 variables]
energies=[-1071.0, -1071.0, -1069.0, -1069.0, -1065.0]
