[[1 0 0 ... 0 0 7]
 [1 0 0 ... 0 7 0]
 [1 0 0 ... 7 0 0]
 ...
 [1 3 7 ... 0 0 0]
 [1 7 2 ... 0 0 0]
 [7 1 1 ... 1 1 1]]
2
test

{(1, 22): 1, (1, 21): -7, (1, 17): -12, (1, 16): 14, (1, 15): 11, (1, 14): 14, (1, 12): 7, (1, 11): -6, (1, 10): -4, (1, 9): -6, (1, 5): -9, (1, 4): 6, (1, 3): -3, (1, 2): -5, (2, 22): 12, (2, 21): -6, (2, 16): -11, (2, 14): -10, (2, 13): -1, (2, 12): -4, (2, 11): -1, (2, 10): -11, (2, 7): -4, (2, 4): 9, (2, 3): -11, (3, 21): -3, (3, 17): 14, (3, 14): 13, (3, 13): 7, (3, 11): 6, (3, 9): -10, (3, 7): -3, (4, 19): 6, (4, 18): 7, (4, 17): -9, (4, 15): 4, (4, 14): -12, (4, 13): -2, (4, 11): -7, (4, 8): -8, (4, 6): -10, (4, 5): 14, (5, 22): 11, (5, 21): -2, (5, 20): -6, (5, 17): -12, (5, 15): 12, (5, 14): -5, (5, 12): 8, (5, 11): -10, (5, 8): 10, (5, 6): 3, (6, 22): 4, (6, 20): 1, (6, 18): -1, (6, 16): -4, (6, 13): 12, (6, 11): -5, (6, 7): 12, (7, 22): -13, (7, 21): -10, (7, 20): -3, (7, 19): 5, (7, 18): -14, (7, 17): 14, (7, 16): -6, (7, 15): 2, (7, 14): 6, (7, 13): -8, (7, 9): -13, (7, 8): 14, (8, 20): -4, (8, 19): 9, (8, 14): -7, (8, 13): -9, (8, 11): -6, (8, 10): 8, (8, 9): -7, (9, 22): 6, (9, 19): 8, (9, 18): -11, (9, 17): -13, (9, 16): 14, (9, 11): 13, (10, 22): -6, (10, 21): 3, (10, 19): -4, (10, 16): -5, (10, 14): 3, (10, 13): 9, (10, 12): -10, (11, 22): -5, (11, 20): 10, (11, 16): -10, (11, 12): 3, (12, 22): 13, (12, 18): -10, (12, 16): -12, (12, 14): 9, (13, 22): -2, (13, 19): 13, (13, 14): -13, (14, 19): -7, (15, 22): 5, (15, 19): -13, (15, 18): -14, (15, 17): -12, (16, 20): -5, (16, 19): 12, (17, 20): -14, (18, 22): 4, (18, 21): 8, (19, 22): -4, (19, 21): 2, (21, 22): 7}
test1

{}
   1 22 21 17 16 15 14 12 11 10  9  5  4  3  2 13  7 19 ... 20 energy num_oc.
0 -1 +1 -1 -1 +1 -1 +1 -1 +1 -1 -1 -1 +1 -1 -1 +1 -1 -1 ... -1 -426.0      10
1 +1 -1 +1 +1 -1 +1 -1 +1 -1 +1 +1 +1 -1 +1 +1 -1 +1 +1 ... +1 -426.0      14
2 +1 -1 +1 -1 -1 +1 -1 +1 -1 +1 +1 -1 -1 +1 +1 -1 +1 +1 ... -1 -388.0      12
3 -1 +1 -1 +1 +1 -1 +1 -1 +1 -1 -1 +1 +1 -1 -1 +1 -1 -1 ... +1 -388.0       1
4 +1 -1 +1 +1 +1 -1 -1 +1 -1 +1 +1 +1 -1 +1 +1 -1 +1 -1 ... +1 -388.0       9
5 -1 +1 -1 -1 -1 +1 +1 -1 +1 -1 -1 -1 +1 -1 -1 +1 -1 +1 ... -1 -388.0       9
['SPIN', 6 rows, 55 samples, 22 variables]
energies=[-426.0, -426.0, -388.0, -388.0, -388.0, -388.0]
