[[ 1  0  0 ...  0  0  7]
 [ 1  0  0 ...  0  7  0]
 [ 1  0  0 ...  7  0  0]
 ...
 [ 1 -4  7 ...  0  0  0]
 [ 1  7 -4 ...  0  0  0]
 [ 7  1  1 ...  1  1  1]]
-4
test

{(1, 34): -7, (1, 33): -4, (1, 31): -12, (1, 30): -3, (1, 28): 14, (1, 25): -13, (1, 24): 12, (1, 23): -9, (1, 21): -9, (1, 19): 1, (1, 17): -2, (1, 16): 6, (1, 14): 10, (1, 13): 1, (1, 11): 8, (1, 10): -2, (1, 6): -10, (1, 5): -13, (1, 3): -4, (1, 2): 8, (2, 31): 3, (2, 26): -2, (2, 21): 11, (2, 20): 6, (2, 18): -1, (2, 17): -1, (2, 14): -13, (2, 11): -13, (2, 9): -3, (2, 3): 1, (3, 34): -13, (3, 31): 3, (3, 30): 9, (3, 29): -10, (3, 28): 13, (3, 27): -9, (3, 25): 5, (3, 22): 14, (3, 21): -6, (3, 20): 14, (3, 19): -4, (3, 18): 7, (3, 17): 12, (3, 15): -11, (3, 14): 13, (3, 10): -13, (3, 9): -9, (3, 7): 11, (3, 4): -12, (4, 34): 2, (4, 33): 1, (4, 30): -4, (4, 27): -6, (4, 26): 2, (4, 24): 13, (4, 19): -5, (4, 14): -8, (4, 13): 5, (4, 12): -3, (4, 11): 6, (4, 8): 8, (4, 6): 2, (4, 5): -11, (5, 33): 12, (5, 31): 10, (5, 29): -7, (5, 27): -2, (5, 22): 7, (5, 21): 3, (5, 20): -10, (5, 19): 14, (5, 18): 4, (5, 16): -10, (5, 15): -6, (5, 12): 1, (6, 34): 8, (6, 33): -1, (6, 31): 9, (6, 28): -7, (6, 26): -4, (6, 25): 9, (6, 24): -6, (6, 20): -10, (6, 18): -9, (6, 13): 2, (6, 11): 9, (6, 10): -6, (6, 9): -3, (6, 7): -6, (7, 33): 2, (7, 32): 9, (7, 31): 5, (7, 30): -14, (7, 28): 5, (7, 27): 2, (7, 26): -11, (7, 23): -13, (7, 17): 5, (7, 15): 7, (7, 14): 9, (7, 13): 6, (7, 11): -9, (7, 10): 13, (7, 8): -13, (8, 34): -5, (8, 33): 9, (8, 29): 5, (8, 28): -10, (8, 26): 14, (8, 24): -6, (8, 19): 7, (8, 15): -14, (8, 11): -8, (8, 10): -6, (8, 9): -14, (9, 34): 6, (9, 33): 10, (9, 32): 13, (9, 31): -4, (9, 28): -14, (9, 24): 1, (9, 22): 1, (9, 18): 2, (9, 16): -2, (9, 15): -4, (9, 12): 8, (9, 10): -12, (10, 34): -9, (10, 32): -4, (10, 31): -11, (10, 29): -14, (10, 24): -4, (10, 22): -14, (10, 18): -8, (10, 13): -8, (10, 12): -9, (10, 11): 9, (11, 33): -6, (11, 31): 5, (11, 30): -13, (11, 29): -8, (11, 25): -13, (11, 24): -9, (11, 23): -7, (11, 20): 1, (11, 19): -11, (11, 18): 10, (11, 17): 7, (11, 15): 6, (12, 34): -5, (12, 33): -7, (12, 32): 8, (12, 30): -9, (12, 28): -5, (12, 25): 12, (12, 24): 11, (12, 23): 5, (12, 21): -8, (12, 20): -1, (12, 14): 3, (13, 31): 9, (13, 30): -4, (13, 28): -13, (13, 27): -7, (13, 26): -12, (13, 24): 14, (13, 21): 8, (13, 20): -14, (13, 19): -9, (13, 17): -6, (14, 34): 9, (14, 33): -11, (14, 32): 1, (14, 30): 1, (14, 28): 4, (14, 27): 4, (14, 24): 12, (14, 23): 8, (14, 21): 7, (14, 20): 8, (14, 17): 2, (14, 15): 1, (15, 34): -14, (15, 32): -11, (15, 31): -3, (15, 30): -9, (15, 29): -4, (15, 27): 2, (15, 22): 2, (15, 19): -9, (15, 18): 6, (16, 34): 3, (16, 33): 14, (16, 32): -4, (16, 30): -11, (16, 29): -4, (16, 28): 2, (16, 27): 12, (16, 26): 10, (16, 24): 7, (16, 23): -6, (16, 22): -4, (16, 21): -7, (16, 19): 5, (16, 17): 1, (17, 34): -1, (17, 32): -10, (17, 30): -7, (17, 29): 9, (17, 28): -11, (17, 27): -11, (17, 24): -6, (17, 23): -5, (17, 22): 5, (17, 21): -5, (17, 18): -14, (18, 33): -13, (18, 32): -12, (18, 31): 5, (18, 30): -2, (18, 27): -2, (18, 26): -1, (18, 25): -12, (18, 22): -7, (19, 34): -1, (19, 33): -8, (19, 32): 3, (19, 31): -13, (19, 27): -12, (19, 25): -13, (19, 20): -13, (20, 34): 3, (20, 33): 5, (20, 32): 8, (20, 29): -4, (20, 27): -8, (20, 24): -13, (20, 22): -13, (21, 33): 8, (21, 32): 14, (21, 30): -6, (21, 28): -3, (21, 26): -6, (21, 23): -13, (22, 34): -5, (22, 33): 11, (22, 32): -8, (22, 31): -1, (22, 30): 13, (22, 28): 5, (22, 23): -1, (23, 31): 8, (23, 30): -11, (23, 28): -3, (23, 27): -3, (23, 24): -5, (24, 32): 4, (24, 31): -6, (24, 30): 2, (24, 29): -10, (24, 27): 1, (24, 25): -7, (25, 33): 6, (25, 30): -13, (26, 33): -8, (26, 31): 6, (26, 28): 1, (26, 27): -1, (27, 34): 8, (27, 33): 11, (27, 28): -11, (28, 33): 12, (28, 32): -3, (28, 31): 13, (28, 29): 2, (29, 34): -14, (29, 32): 6, (30, 34): -2, (31, 33): -8, (32, 34): 4, (33, 34): 14}
test1

{}
   1 34 33 31 30 28 25 24 23 21 19 17 16 14 13 11 10  6 ... 32 energy num_oc.
0 -1 -1 +1 -1 -1 +1 -1 -1 -1 -1 +1 +1 -1 +1 +1 -1 -1 +1 ... +1 -827.0      15
1 +1 +1 -1 +1 +1 -1 +1 +1 +1 +1 -1 -1 +1 -1 -1 +1 -1 -1 ... -1 -827.0      11
2 +1 +1 -1 +1 +1 -1 +1 +1 +1 +1 -1 -1 +1 -1 -1 +1 +1 -1 ... -1 -827.0       6
3 -1 -1 +1 -1 -1 +1 -1 -1 -1 -1 +1 +1 -1 +1 +1 -1 +1 +1 ... +1 -827.0      18
4 -1 -1 +1 -1 -1 +1 -1 -1 -1 -1 -1 +1 -1 +1 +1 -1 -1 +1 ... +1 -807.0       2
['SPIN', 5 rows, 52 samples, 34 variables]
energies=[-827.0, -827.0, -827.0, -827.0, -807.0]
