[[1 0 0 ... 0 0 7]
 [1 0 0 ... 0 7 0]
 [1 0 0 ... 7 0 0]
 ...
 [1 0 7 ... 0 0 0]
 [1 7 0 ... 0 0 0]
 [7 1 1 ... 1 1 1]]
0
test

{(1, 29): 6, (1, 26): 10, (1, 19): 12, (1, 18): 5, (1, 17): 9, (1, 15): 1, (1, 14): -11, (1, 4): -13, (2, 30): -8, (2, 28): 2, (2, 27): 10, (2, 26): -1, (2, 25): 12, (2, 24): -5, (2, 22): 2, (2, 20): 12, (2, 17): 11, (2, 15): -14, (2, 12): 2, (2, 10): 8, (2, 9): -13, (2, 6): -9, (2, 4): -11, (2, 3): -5, (3, 30): 5, (3, 23): -14, (3, 21): -3, (3, 20): -8, (3, 18): 1, (3, 12): -4, (3, 9): -6, (3, 8): -6, (3, 6): 8, (4, 29): 12, (4, 28): -1, (4, 25): -2, (4, 22): 1, (4, 19): -11, (4, 14): -12, (4, 8): -12, (4, 7): 14, (4, 5): 5, (5, 31): -11, (5, 28): 5, (5, 27): -2, (5, 24): -1, (5, 23): 5, (5, 21): 8, (5, 20): -5, (5, 19): -12, (5, 17): -6, (5, 16): -6, (5, 15): -5, (5, 14): -9, (5, 10): -8, (6, 31): 9, (6, 28): -14, (6, 26): 2, (6, 25): 13, (6, 22): -14, (6, 20): -13, (6, 18): -3, (6, 16): -12, (6, 10): -9, (6, 9): 12, (6, 7): 10, (7, 30): 6, (7, 29): 3, (7, 26): 11, (7, 23): 14, (7, 22): -7, (7, 18): 6, (7, 16): 4, (7, 14): 11, (7, 12): 6, (7, 9): 10, (7, 8): -10, (8, 29): -10, (8, 27): 3, (8, 26): 6, (8, 20): 7, (8, 18): 9, (8, 17): -3, (8, 15): -7, (8, 14): -12, (8, 12): 11, (8, 9): 13, (9, 31): -4, (9, 30): 6, (9, 28): -10, (9, 27): -8, (9, 26): 1, (9, 22): -12, (9, 20): 3, (9, 18): 1, (9, 16): 8, (9, 15): 13, (9, 10): -6, (10, 31): -5, (10, 29): 8, (10, 28): -9, (10, 27): 3, (10, 26): 4, (10, 25): -13, (10, 23): 4, (10, 17): -12, (10, 13): -10, (10, 12): -5, (11, 31): 3, (11, 30): -2, (11, 29): -12, (11, 27): 8, (11, 24): -8, (11, 21): 4, (11, 20): -10, (11, 15): -3, (12, 31): 2, (12, 29): 4, (12, 28): -4, (12, 27): -6, (12, 26): -7, (12, 25): 14, (12, 23): -5, (12, 19): 3, (12, 17): 8, (12, 15): -4, (12, 14): -2, (13, 31): -1, (13, 29): -1, (13, 22): 9, (13, 20): -2, (13, 18): 8, (14, 30): 6, (14, 28): -13, (14, 26): -4, (14, 25): -2, (14, 22): 7, (14, 19): -6, (15, 31): -4, (15, 29): -5, (15, 25): 8, (15, 23): 4, (15, 20): 7, (16, 31): -7, (16, 29): 11, (16, 26): 11, (16, 21): -9, (16, 19): -9, (16, 17): -11, (17, 24): 1, (17, 19): 14, (18, 31): 5, (18, 30): -5, (18, 29): -6, (18, 27): -5, (18, 24): -6, (18, 22): -13, (18, 19): 5, (19, 27): 7, (19, 26): -13, (19, 24): -2, (19, 22): -3, (19, 20): -3, (20, 30): -10, (20, 28): 7, (20, 27): 3, (20, 25): -14, (20, 23): -11, (20, 21): 7, (21, 23): -13, (21, 22): -6, (22, 31): -12, (22, 24): -8, (23, 28): -10, (23, 25): 9, (24, 30): 4, (24, 27): -10, (24, 25): 1, (25, 26): 4, (26, 31): 3, (26, 30): -14, (27, 31): 6, (27, 30): 13, (27, 29): 9, (28, 31): 5, (29, 31): 11}
test1

{}
   1 29 26 19 18 17 15 14  4  2 30 28 27 25 24 22 20 12 ... 11 energy num_oc.
0 -1 +1 -1 +1 -1 +1 +1 -1 -1 -1 +1 -1 -1 +1 -1 -1 +1 -1 ... +1 -575.0      11
1 -1 +1 +1 +1 +1 -1 -1 -1 -1 +1 +1 +1 -1 -1 +1 +1 +1 +1 ... +1 -575.0      10
2 +1 -1 +1 +1 +1 -1 -1 +1 +1 +1 -1 +1 +1 -1 +1 +1 -1 +1 ... -1 -575.0       5
3 +1 -1 -1 -1 -1 +1 +1 +1 +1 -1 -1 -1 +1 +1 -1 -1 -1 -1 ... -1 -575.0       6
4 +1 -1 +1 -1 +1 -1 -1 +1 +1 +1 -1 +1 +1 -1 +1 +1 -1 +1 ... -1 -575.0       7
5 -1 +1 -1 -1 -1 +1 +1 -1 -1 -1 +1 -1 -1 +1 -1 -1 +1 -1 ... +1 -575.0      10
6 -1 +1 +1 +1 -1 -1 +1 -1 -1 +1 +1 -1 -1 -1 -1 -1 -1 -1 ... +1 -545.0       2
7 +1 -1 -1 -1 +1 +1 -1 +1 +1 -1 -1 +1 +1 +1 +1 +1 +1 +1 ... -1 -545.0       2
['SPIN', 8 rows, 53 samples, 31 variables]
energies=[-575.0, -575.0, -575.0, -575.0, -575.0, -575.0, -545.0, -545.0]
