Sample 0:-405
Sample 1:-215
Sample 2:-449
Sample 3:-355
Sample 4:-225
Sample 5:-321
Sample 6:-417
Sample 7:-363
Sample 8:-415
Sample 9:-303
Sample 10:-277
Sample 11:-359
Sample 12:-421
Sample 13:-115
Sample 14:-359
Sample 15:-259
Sample 16:-441
Sample 17:-489
Sample 18:-363
Sample 19:-415
Sample 20:-403
Sample 21:-375
Sample 22:-289
Sample 23:-297
Sample 24:-317
Sample 25:-343
Sample 26:-309
Sample 27:-335
Sample 28:129
Sample 29:-359
Sample 30:-417
Sample 31:-219
Sample 32:-317
Sample 33:-413
Sample 34:-415
Sample 35:-351
Sample 36:-255
Sample 37:-277
Sample 38:-303
Sample 39:-355
Sample 40:-399
Sample 41:-319
Sample 42:-259
Sample 43:-261
Sample 44:-429
Sample 45:-233
Sample 46:-291
Sample 47:-297
Sample 48:-159
Sample 49:-325
Sample 50:-257
Sample 51:-359
Sample 52:-405
Sample 53:-375
Sample 54:-337
Sample 55:-431
Sample 56:-237
Sample 57:-261
Sample 58:-393
Sample 59:-413
Sample 60:-457
Sample 61:-151
Sample 62:-339
Sample 63:-359
Sample 64:-425
Sample 65:-365
Sample 66:-333
Sample 67:-303
Sample 68:-281
Sample 69:-319
Sample 70:-447
Sample 71:-429
Sample 72:-355
Sample 73:-105
Sample 74:-271
Sample 75:-315
Sample 76:-435
Sample 77:-281
Sample 78:-177
Sample 79:-361
Sample 80:-305
Sample 81:-361
Sample 82:-447
Sample 83:-331
Sample 84:-317
Sample 85:-107
Sample 86:-359
Sample 87:-275
Sample 88:-417
Sample 89:-253
Sample 90:-305
Sample 91:-369
Sample 92:-345
Sample 93:-335
Sample 94:-393
Sample 95:-283
Sample 96:-427
Sample 97:-447
Sample 98:-345
Sample 99:-391
Best Ham: -489
Sucess Probability: 96
Ham Average: -329.46
