[[1 0 0 ... 0 0 7]
 [1 0 0 ... 0 7 0]
 [1 0 0 ... 7 0 0]
 ...
 [1 0 7 ... 0 0 0]
 [1 7 0 ... 0 0 0]
 [7 1 1 ... 1 1 1]]
0
test

{(1, 29): -7, (1, 25): -10, (1, 24): -1, (1, 23): -9, (1, 21): -3, (1, 20): 1, (1, 19): -1, (1, 17): -13, (1, 16): 14, (1, 6): 7, (1, 4): 4, (1, 3): 14, (2, 27): -6, (2, 26): 14, (2, 23): 6, (2, 15): 8, (2, 12): 4, (2, 10): -3, (2, 7): 2, (2, 5): 11, (2, 4): -9, (2, 3): 7, (3, 29): 1, (3, 28): -7, (3, 27): 7, (3, 26): 9, (3, 17): -4, (3, 16): -3, (3, 15): -1, (3, 14): 4, (3, 13): 14, (3, 8): 1, (4, 27): -10, (4, 26): -13, (4, 25): 14, (4, 24): 7, (4, 22): 4, (4, 21): 4, (4, 10): -5, (4, 9): -11, (4, 7): -1, (4, 5): 8, (5, 28): -3, (5, 27): 10, (5, 26): 8, (5, 23): -11, (5, 22): 10, (5, 21): 9, (5, 19): -14, (5, 18): 7, (5, 13): -5, (5, 12): 9, (5, 7): 7, (5, 6): 11, (6, 28): -13, (6, 27): 4, (6, 26): -2, (6, 25): -6, (6, 24): 14, (6, 23): -6, (6, 21): 14, (6, 19): 9, (6, 18): 14, (6, 16): 12, (6, 14): -13, (6, 13): 10, (6, 12): 6, (6, 11): 12, (7, 28): 8, (7, 26): 12, (7, 25): -3, (7, 24): -7, (7, 23): 9, (7, 14): -11, (7, 11): 4, (7, 8): 8, (8, 28): -5, (8, 26): -7, (8, 25): -8, (8, 22): 1, (8, 18): -11, (8, 17): -5, (8, 13): 13, (8, 11): 8, (9, 27): -14, (9, 24): 2, (9, 22): -14, (9, 21): -4, (9, 17): -8, (9, 16): 10, (9, 15): -5, (9, 12): 7, (9, 11): 11, (10, 27): 8, (10, 17): 13, (10, 16): 2, (10, 14): 11, (10, 11): 6, (11, 29): -6, (11, 27): 14, (11, 21): -4, (11, 20): -6, (11, 15): -9, (11, 13): 14, (11, 12): -14, (12, 28): 2, (12, 25): 12, (12, 22): -5, (12, 21): 6, (12, 17): -6, (13, 28): 12, (13, 23): 14, (13, 20): 12, (13, 19): -1, (14, 29): -6, (14, 23): 3, (14, 22): 10, (14, 19): 9, (14, 15): 12, (15, 24): 2, (15, 18): -7, (16, 27): 7, (16, 23): 8, (16, 22): -3, (16, 18): -10, (16, 17): -12, (17, 28): -4, (17, 24): -7, (17, 23): 4, (17, 22): 2, (17, 21): -14, (18, 29): 5, (18, 28): 11, (18, 27): 2, (18, 25): -7, (18, 23): 4, (18, 22): -3, (18, 21): -13, (19, 28): -8, (19, 25): 5, (19, 24): 14, (19, 21): 6, (19, 20): 2, (20, 29): -11, (20, 28): 10, (20, 27): -3, (20, 25): 13, (20, 23): 12, (20, 22): -9, (20, 21): -14, (21, 28): -3, (21, 27): 10, (21, 23): 14, (22, 26): -10, (22, 24): 14, (23, 28): 13, (24, 28): -12, (25, 29): 1, (25, 28): -6, (25, 26): -12, (26, 27): 6, (27, 28): 9}
test1

{}
   1 29 25 24 23 21 20 19 17 16  6  4  3  2 27 26 15 12 ... 11 energy num_oc.
0 -1 -1 +1 -1 +1 -1 -1 +1 -1 -1 +1 +1 +1 -1 +1 +1 +1 -1 ... -1 -555.0      28
1 +1 +1 -1 +1 -1 +1 +1 -1 +1 +1 -1 -1 -1 +1 -1 -1 -1 +1 ... +1 -555.0      21
2 -1 -1 +1 -1 +1 -1 -1 +1 -1 -1 +1 -1 +1 -1 -1 +1 +1 -1 ... -1 -551.0       1
3 +1 +1 +1 -1 +1 -1 -1 -1 -1 -1 +1 +1 -1 +1 +1 +1 -1 -1 ... -1 -543.0       3
4 -1 -1 +1 -1 +1 -1 -1 +1 -1 -1 +1 -1 +1 -1 -1 +1 +1 -1 ... -1 -537.0       1
5 -1 +1 -1 +1 -1 +1 +1 -1 +1 +1 -1 -1 +1 -1 -1 -1 +1 +1 ... +1 -537.0       1
['SPIN', 6 rows, 55 samples, 29 variables]
energies=[-555.0, -555.0, -551.0, -543.0, -537.0, -537.0]
