Sample 0:-1014
Sample 1:-412
Sample 2:-544
Sample 3:-210
Sample 4:-518
Sample 5:-334
Sample 6:-470
Sample 7:-412
Sample 8:-412
Sample 9:-314
Sample 10:-456
Sample 11:-412
Sample 12:-544
Sample 13:-488
Sample 14:-328
Sample 15:-412
Sample 16:-544
Sample 17:-190
Sample 18:40
Sample 19:-198
Sample 20:42
Sample 21:-96
Sample 22:-298
Sample 23:-174
Sample 24:-422
Sample 25:-148
Sample 26:-418
Sample 27:-72
Sample 28:-92
Sample 29:-10
Sample 30:-216
Sample 31:-144
Sample 32:-148
Sample 33:-82
Sample 34:-110
Sample 35:-136
Sample 36:8
Sample 37:-124
Sample 38:-144
Sample 39:-148
Sample 40:-98
Sample 41:-168
Sample 42:-148
Sample 43:-216
Sample 44:84
Sample 45:-292
Sample 46:-194
Sample 47:-72
Sample 48:-46
Sample 49:42
Sample 50:-292
Sample 51:-166
Sample 52:-6
Sample 53:-174
Sample 54:-102
Sample 55:-166
Sample 56:-148
Sample 57:-406
Sample 58:-124
Sample 59:-326
Sample 60:-250
Sample 61:30
Sample 62:-116
Sample 63:-198
Sample 64:-46
Sample 65:-250
Sample 66:-58
Sample 67:-600
Sample 68:-182
Sample 69:-144
Sample 70:-412
Sample 71:-192
Sample 72:-148
Sample 73:-330
Sample 74:-148
Sample 75:-96
Sample 76:-56
Sample 77:-90
Sample 78:-6
Sample 79:-130
Sample 80:-56
Sample 81:-148
Sample 82:-96
Sample 83:-276
Sample 84:42
Sample 85:-46
Sample 86:-144
Sample 87:-46
Sample 88:-216
Sample 89:-192
Sample 90:-276
Sample 91:-110
Sample 92:-166
Sample 93:-148
Sample 94:-292
Sample 95:-298
Sample 96:-110
Sample 97:-144
Sample 98:-216
Sample 99:8
Best Ham: -1014
Sucess Probability: 50
Ham Average: -204.74
