Sample 0:-577
Sample 1:-773
Sample 2:-721
Sample 3:-707
Sample 4:-665
Sample 5:-491
Sample 6:-427
Sample 7:-475
Sample 8:-707
Sample 9:-687
Sample 10:133
Sample 11:-743
Sample 12:-321
Sample 13:-171
Sample 14:-619
Sample 15:-47
Sample 16:-413
Sample 17:-709
Sample 18:-45
Sample 19:-301
Sample 20:-275
Sample 21:-589
Sample 22:-627
Sample 23:-641
Sample 24:-537
Sample 25:-655
Sample 26:-315
Sample 27:-541
Sample 28:-229
Sample 29:-385
Sample 30:-657
Sample 31:-671
Sample 32:-447
Sample 33:-779
Sample 34:-569
Sample 35:-599
Sample 36:-549
Sample 37:-377
Sample 38:-779
Sample 39:-755
Sample 40:-517
Sample 41:-405
Sample 42:-477
Sample 43:-649
Sample 44:-829
Sample 45:-519
Sample 46:-565
Sample 47:-609
Sample 48:-441
Sample 49:-615
Sample 50:-505
Sample 51:-779
Sample 52:-311
Sample 53:-251
Sample 54:-605
Sample 55:-715
Sample 56:-577
Sample 57:-495
Sample 58:-651
Sample 59:-319
Sample 60:-561
Sample 61:-175
Sample 62:-283
Sample 63:-649
Sample 64:-381
Sample 65:-651
Sample 66:-621
Sample 67:-353
Sample 68:-629
Sample 69:-547
Sample 70:-597
Sample 71:-507
Sample 72:-221
Sample 73:-503
Sample 74:-659
Sample 75:-713
Sample 76:-577
Sample 77:-733
Sample 78:-741
Sample 79:-595
Sample 80:-559
Sample 81:-633
Sample 82:-197
Sample 83:-507
Sample 84:-533
Sample 85:-147
Sample 86:-307
Sample 87:-677
Sample 88:-547
Sample 89:-615
Sample 90:-571
Sample 91:-547
Sample 92:-729
Sample 93:-507
Sample 94:-93
Sample 95:-433
Sample 96:-271
Sample 97:-425
Sample 98:-709
Sample 99:-221
Best Ham: -829
Sucess Probability: 95
Ham Average: -512.0
