[[1 0 0 ... 0 0 7]
 [1 0 0 ... 0 7 0]
 [1 0 0 ... 7 0 0]
 ...
 [1 4 7 ... 0 0 0]
 [1 7 4 ... 0 0 0]
 [7 1 1 ... 1 1 1]]
4
test

{(1, 13): 13, (1, 11): 8, (1, 10): 11, (1, 9): 4, (1, 8): 11, (1, 7): 10, (1, 6): 10, (1, 5): -2, (1, 3): -5, (1, 2): -8, (2, 13): -11, (2, 12): -6, (2, 11): -1, (2, 10): -2, (2, 9): 13, (2, 8): 7, (2, 7): -5, (2, 5): -3, (2, 4): -4, (2, 3): -12, (3, 13): 9, (3, 9): 2, (3, 8): 8, (3, 7): -1, (3, 6): -11, (3, 4): 6, (4, 13): 13, (4, 12): -14, (4, 11): -13, (4, 10): -12, (4, 9): 11, (4, 8): -6, (4, 7): -5, (4, 6): -12, (4, 5): -5, (5, 13): -12, (5, 12): -2, (5, 11): 9, (5, 10): -13, (5, 9): -2, (5, 7): 9, (5, 6): -8, (6, 13): 4, (6, 12): -7, (6, 11): -3, (6, 9): 10, (7, 11): 5, (7, 10): 8, (7, 9): -13, (7, 8): -11, (8, 13): 4, (8, 12): 4, (8, 11): -2, (8, 10): 7, (8, 9): 12, (9, 12): 2, (9, 11): 11, (9, 10): -4, (10, 11): -14, (11, 13): 9, (11, 12): -2, (12, 13): 12}
test1

{}
   1 13 11 10  9  8  7  6  5  3  2 12  4 energy num_oc.
0 +1 -1 +1 +1 -1 -1 -1 +1 +1 +1 +1 +1 +1 -257.0      14
1 -1 +1 -1 -1 +1 +1 +1 -1 -1 -1 -1 -1 -1 -257.0      20
2 +1 +1 -1 -1 +1 -1 +1 -1 -1 +1 +1 -1 -1 -205.0       6
3 -1 -1 +1 +1 -1 +1 -1 +1 +1 -1 -1 +1 +1 -205.0      10
4 +1 +1 -1 -1 +1 -1 -1 -1 +1 +1 +1 -1 -1 -193.0       4
['SPIN', 5 rows, 54 samples, 13 variables]
energies=[-257.0, -257.0, -205.0, -205.0, -193.0]
