Sample 0:-25
Sample 1:-39
Sample 2:-11
Sample 3:-25
Sample 4:-39
Sample 5:-11
Sample 6:-25
Sample 7:-25
Sample 8:-39
Sample 9:-11
Sample 10:-39
Sample 11:-39
Sample 12:-25
Sample 13:-39
Sample 14:-25
Sample 15:-25
Sample 16:-11
Sample 17:-39
Sample 18:-25
Sample 19:-39
Sample 20:-25
Sample 21:-25
Sample 22:-39
Sample 23:-25
Sample 24:-25
Sample 25:-39
Sample 26:-25
Sample 27:-11
Sample 28:-25
Sample 29:-39
Sample 30:-39
Sample 31:-25
Sample 32:-39
Sample 33:-25
Sample 34:-25
Sample 35:-39
Sample 36:-11
Sample 37:-25
Sample 38:-39
Sample 39:-39
Sample 40:-39
Sample 41:-39
Sample 42:-39
Sample 43:-25
Sample 44:-39
Sample 45:-25
Sample 46:-39
Sample 47:-25
Sample 48:-39
Sample 49:-25
Sample 50:-25
Sample 51:-39
Sample 52:-11
Sample 53:-39
Sample 54:-25
Sample 55:-39
Sample 56:-39
Sample 57:-25
Sample 58:-11
Sample 59:-25
Sample 60:-25
Sample 61:-39
Sample 62:-11
Sample 63:-11
Sample 64:-39
Sample 65:-25
Sample 66:-25
Sample 67:-17
Sample 68:-39
Sample 69:-39
Sample 70:-39
Sample 71:-25
Sample 72:-39
Sample 73:-25
Sample 74:-39
Sample 75:-39
Sample 76:-25
Sample 77:-25
Sample 78:-11
Sample 79:-39
Sample 80:-39
Sample 81:-11
Sample 82:-39
Sample 83:-39
Sample 84:-17
Sample 85:-39
Sample 86:-39
Sample 87:-39
Sample 88:-17
Sample 89:-11
Sample 90:-25
Sample 91:-11
Sample 92:-25
Sample 93:17
Sample 94:-39
Sample 95:-39
Sample 96:-11
Sample 97:-11
Sample 98:-25
Sample 99:-39
Best Ham: -39
Sucess Probability: 0
Ham Average: -28.26
