[[1 0 0 ... 0 0 7]
 [1 0 0 ... 0 7 0]
 [1 0 0 ... 7 0 0]
 ...
 [1 0 7 ... 0 0 0]
 [1 7 0 ... 0 0 0]
 [7 1 1 ... 1 1 1]]
0
test

{(1, 30): -3, (1, 25): -10, (1, 22): -1, (1, 21): -2, (1, 20): 9, (1, 18): -7, (1, 17): 2, (1, 15): -11, (1, 11): -5, (1, 10): -12, (1, 9): 11, (1, 8): 5, (1, 6): 5, (1, 4): 8, (1, 3): 10, (2, 32): 7, (2, 30): 13, (2, 27): 2, (2, 26): 2, (2, 23): -5, (2, 20): 8, (2, 16): -9, (2, 15): -7, (2, 11): -14, (2, 10): 12, (2, 9): -6, (2, 8): -5, (2, 6): 14, (2, 5): 7, (2, 4): -8, (2, 3): 10, (3, 31): 5, (3, 30): 9, (3, 28): -8, (3, 27): -10, (3, 26): 7, (3, 24): -1, (3, 21): 10, (3, 19): 1, (3, 18): 1, (3, 17): -11, (3, 16): -7, (3, 15): 8, (3, 8): -10, (3, 5): 4, (4, 31): 7, (4, 30): -7, (4, 29): 7, (4, 28): 11, (4, 24): 12, (4, 23): 10, (4, 22): 8, (4, 18): -2, (4, 16): -11, (4, 14): 14, (4, 13): -6, (4, 12): -10, (4, 11): -7, (4, 6): -2, (5, 29): 13, (5, 28): 9, (5, 24): 1, (5, 23): -2, (5, 22): -9, (5, 17): 3, (5, 16): -14, (5, 15): 1, (5, 13): 3, (5, 10): -10, (5, 8): -10, (5, 7): -4, (5, 6): 8, (6, 32): 3, (6, 30): 10, (6, 28): -6, (6, 27): -10, (6, 26): -14, (6, 25): 1, (6, 17): 9, (6, 16): -6, (6, 12): 2, (6, 11): -6, (6, 9): 10, (6, 8): 7, (6, 7): 2, (7, 32): 12, (7, 31): 7, (7, 30): -2, (7, 28): 1, (7, 26): -10, (7, 25): 2, (7, 24): -6, (7, 23): -2, (7, 22): -13, (7, 19): 1, (7, 18): -8, (7, 17): 11, (7, 16): 11, (7, 15): 4, (7, 14): 9, (7, 12): 7, (7, 11): -11, (7, 10): -9, (7, 9): -9, (8, 32): -2, (8, 27): -2, (8, 22): -3, (8, 20): 8, (8, 17): 10, (8, 14): -1, (8, 13): -11, (8, 11): -4, (9, 31): -10, (9, 29): -5, (9, 28): -2, (9, 27): 4, (9, 25): 12, (9, 22): 11, (9, 21): 4, (9, 19): 9, (9, 17): 8, (9, 16): 4, (9, 15): 9, (9, 13): 5, (9, 12): -5, (9, 10): -12, (10, 31): -14, (10, 29): 3, (10, 27): 8, (10, 24): -1, (10, 21): 7, (10, 18): -2, (10, 17): -8, (10, 15): 5, (10, 14): -1, (10, 13): 7, (10, 12): -4, (11, 29): -3, (11, 27): -7, (11, 26): -13, (11, 25): 3, (11, 24): 10, (11, 22): 4, (11, 20): -7, (11, 19): 7, (11, 15): -6, (11, 12): -5, (12, 32): 13, (12, 31): 8, (12, 30): -5, (12, 28): 11, (12, 27): 11, (12, 22): 8, (12, 21): -13, (12, 15): -8, (12, 13): 13, (13, 29): -4, (13, 26): 11, (13, 25): -3, (13, 24): 7, (13, 23): -13, (13, 22): -6, (13, 20): -4, (13, 19): 8, (13, 18): 13, (13, 16): 4, (13, 14): -1, (14, 32): 11, (14, 31): -1, (14, 30): -12, (14, 29): -2, (14, 24): -5, (14, 22): 14, (14, 21): -9, (14, 16): -6, (14, 15): 9, (15, 32): -3, (15, 30): -1, (15, 29): -8, (15, 28): -8, (15, 27): -6, (15, 24): 10, (15, 23): 5, (15, 21): -11, (15, 18): -11, (16, 31): 11, (16, 27): 14, (16, 26): 10, (16, 24): -12, (16, 20): 4, (16, 19): -1, (17, 31): -9, (17, 30): 4, (17, 29): -11, (17, 21): -4, (17, 18): 2, (18, 31): 11, (18, 30): -6, (18, 29): 7, (18, 28): -13, (18, 27): 12, (18, 26): -5, (18, 25): -13, (18, 24): -1, (18, 22): 12, (18, 21): -5, (19, 32): 3, (19, 31): 3, (19, 30): -13, (19, 29): 13, (19, 26): -10, (19, 25): -9, (19, 23): 14, (19, 20): -1, (20, 31): -1, (20, 29): -2, (20, 27): -12, (20, 26): -5, (20, 23): -1, (20, 22): 2, (20, 21): -4, (21, 30): 4, (21, 27): -3, (21, 26): -9, (21, 22): 13, (22, 32): 11, (22, 31): -7, (22, 27): 6, (22, 23): -5, (23, 29): 12, (23, 26): -9, (23, 25): -2, (24, 32): -3, (24, 30): 9, (24, 28): -9, (25, 32): -4, (25, 30): -10, (25, 29): 9, (26, 32): -12, (26, 28): -6, (27, 30): -6, (27, 29): -13, (28, 32): 12, (28, 31): -6, (28, 30): 11, (29, 32): -2, (29, 30): -3, (30, 32): 4}
test1

{}
   1 30 25 22 21 20 18 17 15 11 10  9  8  6  4  3  2 32 ...  7 energy num_oc.
0 +1 +1 +1 -1 +1 -1 +1 -1 +1 +1 -1 -1 +1 -1 +1 -1 +1 +1 ... -1 -720.0      21
1 -1 -1 -1 +1 -1 +1 -1 +1 -1 -1 +1 +1 -1 +1 -1 +1 -1 -1 ... +1 -720.0      20
2 -1 -1 -1 +1 -1 +1 -1 +1 -1 +1 +1 +1 -1 +1 -1 +1 -1 +1 ... +1 -718.0       1
3 +1 +1 +1 -1 +1 +1 +1 +1 +1 +1 -1 -1 -1 +1 +1 -1 -1 +1 ... -1 -700.0       1
4 -1 -1 -1 +1 -1 -1 -1 -1 -1 -1 +1 +1 +1 -1 -1 +1 +1 -1 ... +1 -700.0      11
['SPIN', 5 rows, 54 samples, 32 variables]
energies=[-720.0, -720.0, -718.0, -700.0, -700.0]
