Sample 0:-1799
Sample 1:-1799
Sample 2:-1799
Sample 3:-1799
Sample 4:-1799
Sample 5:-1799
Sample 6:-1799
Sample 7:-1799
Sample 8:-1799
Sample 9:-1799
Sample 10:-1799
Sample 11:-1799
Sample 12:-1799
Sample 13:-1799
Sample 14:-1799
Sample 15:-1799
Sample 16:-1799
Sample 17:-1799
Sample 18:-1799
Sample 19:-1799
Sample 20:-1799
Sample 21:-1799
Sample 22:-1799
Sample 23:-1799
Sample 24:-1799
Sample 25:-1799
Sample 26:-1799
Sample 27:-1799
Sample 28:-1799
Sample 29:-1799
Sample 30:-1799
Sample 31:-1799
Sample 32:-1799
Sample 33:-1799
Sample 34:-1799
Sample 35:-1799
Sample 36:-1799
Sample 37:-1799
Sample 38:-1799
Sample 39:-1799
Sample 40:-1799
Sample 41:-1799
Sample 42:-1799
Sample 43:-1799
Sample 44:-1799
Sample 45:-1799
Sample 46:-1799
Sample 47:-1799
Sample 48:-1799
Sample 49:-1799
Sample 50:-1799
Sample 51:-1799
Sample 52:-1799
Sample 53:-1799
Sample 54:-1799
Sample 55:-1799
Sample 56:-1799
Sample 57:-1799
Sample 58:-1799
Sample 59:-1799
Sample 60:-1799
Sample 61:-1799
Sample 62:-1799
Sample 63:-1799
Sample 64:-1799
Sample 65:-1799
Sample 66:-1799
Sample 67:-1799
Sample 68:-1799
Sample 69:-1799
Sample 70:-1799
Sample 71:-1799
Sample 72:-1799
Sample 73:-1799
Sample 74:-1799
Sample 75:-1799
Sample 76:-1799
Sample 77:-1799
Sample 78:-1799
Sample 79:-1799
Sample 80:-1799
Sample 81:-1799
Sample 82:-1799
Sample 83:-1799
Sample 84:-1799
Sample 85:-1799
Sample 86:-1799
Sample 87:-1799
Sample 88:-1799
Sample 89:247
Sample 90:-1799
Sample 91:-1799
Sample 92:-1799
Sample 93:-1799
Sample 94:-1799
Sample 95:-1799
Sample 96:-1799
Sample 97:-1799
Sample 98:-1799
Sample 99:-1799
Best Ham: -1799
Sucess Probability: 99
Ham Average: -1778.54
