[[1 0 0 ... 0 0 7]
 [1 0 0 ... 0 7 0]
 [1 0 0 ... 7 0 0]
 ...
 [1 1 7 ... 0 0 0]
 [1 7 1 ... 0 0 0]
 [7 1 1 ... 1 1 1]]
1
test

{(1, 24): 12, (1, 23): 9, (1, 22): 6, (1, 21): 14, (1, 20): -2, (1, 19): 11, (1, 18): -12, (1, 17): 5, (1, 16): 8, (1, 15): -5, (1, 14): -5, (1, 13): -9, (1, 12): 12, (1, 11): -8, (1, 10): 2, (1, 9): -13, (1, 8): -10, (1, 7): 10, (1, 6): -1, (1, 5): -2, (1, 4): 3, (1, 3): 2, (1, 2): -2, (2, 24): 8, (2, 23): 11, (2, 22): 7, (2, 21): 1, (2, 20): -12, (2, 19): 9, (2, 18): -3, (2, 17): -8, (2, 16): 1, (2, 15): -10, (2, 14): 12, (2, 13): -5, (2, 12): 1, (2, 11): -2, (2, 10): 10, (2, 9): 13, (2, 8): -14, (2, 7): -10, (2, 6): 2, (2, 5): 5, (2, 4): -4, (2, 3): 8, (3, 24): -4, (3, 23): -13, (3, 22): -6, (3, 21): -11, (3, 20): 10, (3, 19): 5, (3, 18): -10, (3, 17): -13, (3, 16): -7, (3, 15): 8, (3, 14): -6, (3, 13): -2, (3, 12): -6, (3, 11): 3, (3, 10): 9, (3, 9): -8, (3, 8): -2, (3, 7): 4, (3, 6): -13, (3, 5): 5, (3, 4): -9, (4, 24): -7, (4, 23): -7, (4, 22): 2, (4, 21): 9, (4, 20): -10, (4, 19): 8, (4, 18): 4, (4, 17): 8, (4, 16): 7, (4, 15): -7, (4, 14): -2, (4, 13): -14, (4, 12): 8, (4, 11): -4, (4, 10): 4, (4, 9): 8, (4, 8): 11, (4, 7): 8, (4, 6): 1, (4, 5): -3, (5, 24): 11, (5, 23): -3, (5, 22): 10, (5, 21): -2, (5, 20): 5, (5, 19): -7, (5, 18): -9, (5, 17): 8, (5, 16): 4, (5, 15): -1, (5, 14): -14, (5, 13): -14, (5, 12): 13, (5, 11): 5, (5, 10): -7, (5, 9): -12, (5, 8): 14, (5, 7): 10, (5, 6): 4, (6, 24): -10, (6, 23): -14, (6, 22): -8, (6, 21): -1, (6, 20): 13, (6, 19): 9, (6, 18): -9, (6, 17): 8, (6, 16): 9, (6, 15): 2, (6, 14): 13, (6, 13): 14, (6, 12): 1, (6, 11): -7, (6, 10): -1, (6, 9): 6, (6, 8): 7, (6, 7): -7, (7, 24): 9, (7, 23): 14, (7, 22): 6, (7, 21): 8, (7, 20): 7, (7, 19): -4, (7, 18): -8, (7, 17): 4, (7, 16): 7, (7, 15): -3, (7, 14): -9, (7, 13): -14, (7, 12): -7, (7, 11): 7, (7, 10): 10, (7, 9): -13, (7, 8): -8, (8, 24): 1, (8, 23): 5, (8, 22): -11, (8, 21): -8, (8, 20): -5, (8, 19): -11, (8, 18): -1, (8, 17): -3, (8, 16): -6, (8, 15): 11, (8, 14): -14, (8, 13): -13, (8, 12): -6, (8, 11): 2, (8, 10): 12, (8, 9): 14, (9, 24): -5, (9, 23): 5, (9, 22): 12, (9, 21): 4, (9, 20): 12, (9, 19): 1, (9, 18): -14, (9, 17): -8, (9, 16): -6, (9, 15): 5, (9, 14): -2, (9, 13): -1, (9, 12): -10, (9, 11): 5, (9, 10): 14, (10, 24): -7, (10, 23): 11, (10, 22): 13, (10, 21): -2, (10, 20): 6, (10, 19): 13, (10, 18): 12, (10, 17): -14, (10, 16): 3, (10, 15): -12, (10, 14): 13, (10, 13): -6, (10, 12): -9, (10, 11): 1, (11, 24): 3, (11, 23): -14, (11, 22): -1, (11, 21): 13, (11, 20): -11, (11, 19): 3, (11, 18): 2, (11, 17): -13, (11, 16): 1, (11, 15): 1, (11, 14): -7, (11, 13): -11, (11, 12): 1, (12, 24): 11, (12, 23): 6, (12, 22): 4, (12, 21): -13, (12, 20): 1, (12, 19): -7, (12, 18): -5, (12, 17): 3, (12, 16): -8, (12, 15): 14, (12, 14): 13, (12, 13): 5, (13, 24): -9, (13, 23): -13, (13, 22): -3, (13, 21): -9, (13, 20): 8, (13, 19): 13, (13, 18): -1, (13, 17): -13, (13, 16): 4, (13, 15): 14, (13, 14): 10, (14, 24): -6, (14, 23): 2, (14, 22): -4, (14, 21): -7, (14, 20): -9, (14, 19): 3, (14, 18): -9, (14, 17): 7, (14, 16): -12, (14, 15): 7, (15, 24): -4, (15, 23): -9, (15, 22): 3, (15, 21): 3, (15, 20): -5, (15, 19): -12, (15, 18): 12, (15, 17): 9, (15, 16): -10, (16, 24): -12, (16, 23): -1, (16, 22): -14, (16, 21): -5, (16, 20): 12, (16, 19): 12, (16, 18): -5, (16, 17): -3, (17, 24): -3, (17, 23): 13, (17, 22): -5, (17, 21): 11, (17, 20): -8, (17, 19): 7, (17, 18): -13, (18, 24): 8, (18, 23): -5, (18, 22): 1, (18, 21): 10, (18, 20): 5, (18, 19): 5, (19, 24): 2, (19, 23): 5, (19, 22): 6, (19, 21): -7, (19, 20): 8, (20, 24): 3, (20, 23): 10, (20, 22): -4, (20, 21): 5, (21, 24): 4, (21, 23): 2, (21, 22): -10, (22, 24): 10, (22, 23): 13, (23, 24): 10}
test1

{}
   1 24 23 22 21 20 19 18 17 16 15 14 13 12 11 10  9  8 ...  2 energy num_oc.
0 -1 +1 -1 +1 +1 -1 +1 +1 -1 +1 -1 +1 -1 +1 -1 -1 +1 +1 ... -1 -648.0      12
1 +1 -1 +1 -1 -1 +1 -1 -1 +1 -1 +1 -1 +1 -1 +1 +1 -1 -1 ... +1 -648.0      14
2 -1 -1 -1 +1 +1 +1 +1 -1 -1 +1 +1 +1 -1 +1 -1 -1 -1 +1 ... +1 -622.0       9
3 -1 +1 +1 -1 -1 -1 +1 -1 -1 -1 +1 -1 -1 -1 -1 +1 -1 -1 ... -1 -600.0       9
4 +1 -1 -1 +1 +1 +1 -1 +1 +1 +1 -1 +1 +1 +1 +1 -1 +1 +1 ... +1 -600.0      10
['SPIN', 5 rows, 54 samples, 24 variables]
energies=[-648.0, -648.0, -622.0, -600.0, -600.0]
