[[1 0 0 ... 0 0 7]
 [1 0 0 ... 0 7 0]
 [1 0 0 ... 7 0 0]
 ...
 [1 5 7 ... 0 0 0]
 [1 7 5 ... 0 0 0]
 [7 1 1 ... 1 1 1]]
5
test

{(1, 27): -7, (1, 25): -2, (1, 24): -3, (1, 23): 7, (1, 20): -12, (1, 19): 7, (1, 14): 11, (1, 13): 13, (1, 12): 6, (1, 11): 1, (1, 10): -3, (1, 9): 9, (1, 8): -11, (1, 6): 6, (1, 5): -14, (1, 4): -12, (1, 2): -10, (2, 28): 8, (2, 27): -10, (2, 25): 10, (2, 22): 13, (2, 20): -5, (2, 19): 11, (2, 16): -14, (2, 15): -9, (2, 14): -6, (2, 11): -3, (2, 10): 1, (2, 9): 6, (2, 8): 10, (2, 5): 12, (2, 4): 7, (2, 3): 14, (3, 27): -12, (3, 26): 10, (3, 24): 6, (3, 22): 11, (3, 19): 12, (3, 16): 11, (3, 15): 5, (3, 12): -9, (3, 11): -3, (3, 10): 6, (3, 7): 4, (3, 5): 9, (4, 28): -7, (4, 27): -7, (4, 26): -2, (4, 25): 1, (4, 24): 11, (4, 23): 3, (4, 22): 3, (4, 20): -3, (4, 19): 14, (4, 18): -6, (4, 17): -8, (4, 13): -7, (4, 9): 4, (4, 8): 5, (4, 7): 1, (4, 5): -9, (5, 28): 1, (5, 27): -8, (5, 26): -7, (5, 24): 4, (5, 22): -6, (5, 21): 10, (5, 19): -10, (5, 18): 6, (5, 17): 7, (5, 16): 8, (5, 15): -1, (5, 13): 1, (5, 12): -13, (5, 11): -12, (5, 9): -4, (5, 8): -12, (5, 6): 7, (6, 27): -8, (6, 26): -6, (6, 25): -3, (6, 24): 5, (6, 23): 10, (6, 20): -10, (6, 19): 8, (6, 18): 10, (6, 17): -1, (6, 15): -6, (6, 14): -11, (6, 12): 6, (6, 9): -1, (6, 8): 5, (6, 7): -11, (7, 28): 6, (7, 27): -7, (7, 25): -2, (7, 23): -9, (7, 20): 7, (7, 19): 9, (7, 18): -9, (7, 17): -2, (7, 16): -13, (7, 14): -5, (7, 12): 1, (7, 11): -8, (7, 10): -12, (7, 9): -4, (7, 8): 14, (8, 28): 7, (8, 27): -1, (8, 26): 13, (8, 25): -1, (8, 23): -3, (8, 20): -6, (8, 16): -8, (8, 14): -13, (8, 13): -13, (8, 12): -6, (8, 11): -5, (8, 10): -13, (9, 27): -14, (9, 26): -9, (9, 25): -14, (9, 24): 8, (9, 22): -1, (9, 18): -5, (9, 17): 3, (9, 16): -7, (9, 10): 9, (10, 28): -10, (10, 27): 1, (10, 26): 11, (10, 24): -1, (10, 23): -2, (10, 22): -1, (10, 20): 10, (10, 18): 11, (10, 17): 13, (10, 16): 3, (10, 15): -3, (10, 14): -8, (10, 12): -12, (11, 28): 10, (11, 26): 10, (11, 24): -13, (11, 23): -1, (11, 22): 2, (11, 18): 7, (11, 17): 3, (11, 16): 1, (11, 15): 2, (11, 13): 13, (11, 12): -12, (12, 28): 12, (12, 25): -10, (12, 24): 5, (12, 22): 3, (12, 20): -9, (12, 18): 3, (12, 16): -5, (12, 15): -3, (12, 14): 4, (13, 28): -1, (13, 24): 9, (13, 22): 14, (13, 21): -11, (13, 20): 13, (13, 19): 14, (13, 17): 3, (13, 16): -2, (13, 15): -14, (13, 14): -4, (14, 28): 5, (14, 27): -12, (14, 26): -9, (14, 24): 8, (14, 23): -6, (14, 19): -12, (14, 17): 1, (15, 28): -2, (15, 24): 13, (15, 21): 8, (15, 20): -10, (15, 16): -2, (16, 28): 12, (16, 24): 10, (16, 23): -11, (16, 17): 6, (17, 27): 13, (17, 25): -4, (17, 23): -12, (17, 20): -11, (18, 28): -14, (18, 27): 5, (18, 25): 12, (18, 24): 8, (18, 22): -14, (18, 20): -11, (18, 19): 4, (19, 28): 14, (19, 26): -5, (19, 24): -14, (19, 23): -4, (19, 21): 13, (19, 20): -2, (20, 28): -10, (20, 27): 11, (20, 24): -12, (21, 28): 11, (21, 25): 1, (21, 22): -14, (22, 27): 14, (22, 26): 5, (22, 25): 3, (22, 23): -4, (23, 28): -13, (23, 26): -2, (23, 25): -14, (23, 24): 9, (24, 28): -4, (24, 27): -7, (24, 26): 1, (24, 25): -11, (25, 28): -14, (25, 27): -13, (25, 26): 4, (26, 27): 1}
test1

{}
   1 27 25 24 23 20 19 14 13 12 11 10  9  8  6  5  4  2 ... 21 energy num_oc.
0 -1 -1 -1 -1 +1 +1 -1 +1 +1 -1 -1 -1 +1 -1 +1 -1 +1 +1 ... +1 -645.0      18
1 +1 +1 +1 +1 -1 -1 +1 -1 -1 +1 +1 +1 -1 +1 -1 +1 -1 -1 ... -1 -645.0      22
2 -1 +1 +1 -1 +1 -1 +1 +1 +1 +1 +1 +1 +1 +1 +1 +1 -1 +1 ... -1 -641.0       2
3 +1 -1 -1 +1 -1 +1 -1 -1 -1 -1 -1 -1 -1 -1 -1 -1 +1 -1 ... +1 -641.0       3
4 +1 -1 -1 +1 -1 +1 +1 -1 -1 +1 +1 +1 -1 +1 -1 +1 -1 -1 ... +1 -621.0       9
['SPIN', 5 rows, 54 samples, 28 variables]
energies=[-645.0, -645.0, -641.0, -641.0, -621.0]
