[[1 0 0 ... 0 0 7]
 [1 0 0 ... 0 7 0]
 [1 0 0 ... 7 0 0]
 ...
 [1 0 7 ... 0 0 0]
 [1 7 0 ... 0 0 0]
 [7 1 1 ... 1 1 1]]
0
test

{(1, 48): -4, (1, 47): 14, (1, 45): -5, (1, 44): 5, (1, 37): -11, (1, 35): 1, (1, 29): -4, (1, 28): -2, (1, 26): 6, (1, 25): 5, (1, 22): 2, (1, 20): 7, (1, 15): -3, (2, 47): 5, (2, 44): -9, (2, 40): -11, (2, 38): -10, (2, 37): -10, (2, 36): 10, (2, 32): -7, (2, 28): -13, (2, 27): -2, (2, 25): -5, (2, 22): 1, (2, 16): -3, (2, 15): 1, (2, 14): -12, (2, 9): 3, (2, 3): 3, (3, 48): 9, (3, 47): -4, (3, 46): -8, (3, 44): 3, (3, 40): -3, (3, 36): 7, (3, 32): -4, (3, 31): 10, (3, 28): -11, (3, 22): -12, (3, 20): 13, (3, 18): 13, (3, 12): 11, (3, 8): 9, (3, 7): 6, (3, 4): -6, (4, 50): -3, (4, 46): 3, (4, 44): -5, (4, 38): -12, (4, 37): -11, (4, 36): 9, (4, 35): -10, (4, 28): -8, (4, 27): -8, (4, 18): -14, (4, 13): 13, (4, 11): -3, (4, 7): 7, (5, 43): 6, (5, 42): -3, (5, 39): -13, (5, 33): -6, (5, 30): -10, (5, 28): 7, (5, 20): -11, (5, 19): -9, (5, 14): 4, (5, 10): -9, (5, 9): 12, (6, 42): -4, (6, 38): -8, (6, 32): 1, (6, 31): 7, (6, 30): -12, (6, 29): -10, (6, 24): -5, (6, 19): 11, (6, 17): 6, (6, 14): -1, (7, 46): 5, (7, 44): -8, (7, 43): -12, (7, 41): 6, (7, 37): 8, (7, 35): 5, (7, 33): 10, (7, 32): -8, (7, 31): -10, (7, 28): -13, (7, 27): -13, (7, 22): 9, (7, 16): 9, (7, 11): 5, (8, 49): -13, (8, 48): 8, (8, 45): -7, (8, 44): 13, (8, 43): 3, (8, 42): -3, (8, 39): 4, (8, 35): -13, (8, 31): -9, (8, 30): 7, (8, 28): 12, (8, 26): 12, (8, 23): 14, (8, 17): -9, (8, 16): -5, (8, 11): 8, (9, 44): 6, (9, 43): 3, (9, 40): -8, (9, 37): -12, (9, 34): 14, (9, 33): 9, (9, 31): -9, (9, 29): -9, (9, 27): -8, (9, 24): 9, (9, 23): 4, (9, 22): 9, (9, 20): -8, (9, 19): -3, (10, 47): -14, (10, 43): 9, (10, 42): -7, (10, 41): 7, (10, 40): -4, (10, 37): 9, (10, 36): 7, (10, 35): 1, (10, 33): 13, (10, 28): 8, (10, 27): -7, (10, 23): -7, (10, 19): 10, (10, 17): -10, (10, 11): 10, (11, 49): 2, (11, 47): -9, (11, 45): -6, (11, 38): 10, (11, 36): 13, (11, 32): 6, (11, 31): -5, (11, 28): -5, (11, 24): -3, (11, 23): 9, (11, 21): 14, (11, 20): 1, (11, 17): -10, (11, 15): -14, (11, 12): -5, (12, 50): -5, (12, 48): -12, (12, 45): 10, (12, 44): -10, (12, 43): -10, (12, 36): -2, (12, 31): -14, (12, 29): 10, (12, 26): 12, (12, 20): -1, (12, 19): 5, (12, 17): 4, (12, 13): 12, (13, 49): -8, (13, 48): -11, (13, 41): -14, (13, 38): -12, (13, 37): -8, (13, 32): -7, (13, 30): 6, (13, 29): 13, (13, 22): 9, (13, 19): -13, (13, 18): -4, (13, 15): -8, (14, 50): 10, (14, 42): -8, (14, 38): -2, (14, 31): -12, (14, 28): 5, (14, 20): -9, (14, 18): -5, (14, 17): -7, (14, 16): 1, (15, 49): -11, (15, 42): 14, (15, 41): -1, (15, 32): -13, (15, 28): -8, (15, 18): -9, (16, 48): 3, (16, 45): 14, (16, 43): -1, (16, 42): -14, (16, 39): 13, (16, 30): 14, (16, 28): 5, (16, 27): 1, (16, 26): -8, (16, 25): -8, (16, 17): -10, (17, 49): 9, (17, 44): 7, (17, 40): 7, (17, 39): -8, (17, 38): 14, (17, 37): -11, (17, 33): 11, (17, 25): 10, (17, 23): 5, (17, 22): -8, (18, 48): 3, (18, 37): 10, (18, 36): -5, (18, 33): -9, (18, 25): -10, (18, 23): -6, (18, 20): -11, (19, 46): 3, (19, 32): 12, (19, 25): -14, (19, 20): 4, (20, 50): -10, (20, 49): -1, (20, 48): 1, (20, 46): -8, (20, 44): -10, (20, 42): 9, (20, 41): 13, (21, 49): 14, (21, 44): 13, (21, 41): 6, (21, 37): -4, (21, 35): 10, (21, 33): -10, (21, 32): -3, (21, 31): 6, (21, 26): -2, (21, 25): 7, (21, 22): -6, (22, 49): 4, (22, 47): 12, (22, 41): -6, (22, 40): 4, (22, 38): 8, (22, 35): -5, (22, 34): 12, (22, 31): -2, (23, 49): 1, (23, 44): -1, (23, 42): 7, (23, 40): 3, (23, 32): 3, (23, 29): 12, (23, 27): 6, (23, 24): 14, (24, 49): -12, (24, 43): 12, (24, 31): 10, (24, 27): 12, (25, 49): -10, (25, 47): 12, (25, 46): 8, (25, 38): -6, (25, 33): 4, (25, 30): 14, (25, 27): 2, (26, 48): -9, (26, 45): -8, (26, 41): -3, (26, 40): 4, (26, 36): -3, (26, 34): -5, (26, 31): -5, (26, 30): 5, (27, 49): -7, (27, 44): 8, (27, 41): 14, (27, 34): 6, (27, 32): -5, (27, 29): -11, (28, 49): 10, (28, 48): -4, (28, 47): 12, (28, 45): -10, (28, 41): 13, (28, 39): 3, (28, 38): 2, (28, 33): 1, (29, 49): 5, (29, 48): -7, (29, 47): -12, (29, 45): -4, (29, 40): -8, (29, 37): -8, (29, 35): -2, (30, 50): 12, (30, 49): -9, (30, 41): 5, (30, 35): -8, (30, 32): -12, (30, 31): 8, (31, 46): 1, (31, 43): -3, (31, 42): 8, (31, 41): -7, (31, 39): 14, (31, 38): -8, (31, 37): 10, (32, 47): 6, (32, 43): -8, (32, 42): 6, (32, 39): -7, (32, 35): -12, (33, 50): 1, (33, 41): 8, (33, 40): 1, (33, 37): 14, (33, 35): -10, (34, 47): 4, (34, 45): -13, (34, 36): -13, (35, 49): 6, (35, 48): -5, (35, 47): -8, (35, 46): 3, (36, 47): 7, (36, 46): 2, (36, 44): -12, (36, 43): 8, (36, 41): -10, (36, 39): -7, (36, 38): -6, (36, 37): 3, (37, 49): 12, (37, 41): 11, (37, 40): -9, (37, 38): 4, (38, 50): 11, (38, 45): 2, (38, 42): -10, (38, 41): 11, (39, 48): 14, (39, 47): -14, (39, 45): 13, (39, 44): 13, (39, 40): 13, (40, 48): -9, (41, 50): 11, (41, 49): 7, (41, 48): 8, (41, 47): 10, (41, 45): -1, (41, 43): 10, (43, 48): -6, (44, 48): -9, (45, 50): 14, (45, 47): -2, (46, 50): -9, (46, 49): -4, (46, 47): 8, (47, 49): -3, (48, 50): -13, (49, 50): 8}
test1

{}
   1 48 47 45 44 37 35 29 28 26 25 22 20 15  2 40 38 36 ... 21  energy num_oc.
0 +1 -1 -1 -1 -1 +1 -1 -1 -1 +1 -1 +1 -1 -1 -1 -1 -1 +1 ... +1 -1135.0      18
1 -1 +1 +1 +1 +1 -1 +1 +1 +1 -1 +1 -1 +1 +1 +1 +1 +1 -1 ... -1 -1135.0      26
2 -1 -1 +1 +1 -1 -1 +1 +1 -1 +1 -1 +1 -1 -1 -1 -1 -1 +1 ... +1 -1133.0       6
3 -1 -1 +1 +1 -1 -1 -1 -1 -1 +1 +1 -1 -1 -1 -1 -1 +1 +1 ... +1 -1125.0       2
4 +1 +1 -1 -1 +1 +1 +1 +1 +1 -1 -1 +1 +1 +1 +1 +1 -1 -1 ... -1 -1125.0       2
5 -1 -1 +1 -1 -1 -1 -1 -1 -1 +1 -1 +1 -1 -1 -1 -1 -1 +1 ... +1 -1125.0       1
['SPIN', 6 rows, 55 samples, 50 variables]
energies=[-1135.0, -1135.0, -1133.0, -1125.0, -1125.0, -1125.0]
