[[ 1  0  0 ...  0  0  7]
 [ 1  0  0 ...  0  7  0]
 [ 1  0  0 ...  7  0  0]
 ...
 [ 1 -6  7 ...  0  0  0]
 [ 1  7 -7 ...  0  0  0]
 [ 7  1  1 ...  1  1  1]]
-7
test

{(1, 42): -2, (1, 40): -7, (1, 38): -10, (1, 37): -1, (1, 33): -12, (1, 28): 7, (1, 26): 5, (1, 25): -3, (1, 24): 6, (1, 23): 3, (1, 20): 10, (1, 14): 5, (1, 13): 11, (1, 8): 11, (1, 5): 2, (1, 4): -1, (1, 3): 11, (1, 2): 13, (2, 41): 13, (2, 40): -12, (2, 37): -12, (2, 36): 1, (2, 30): 10, (2, 29): -2, (2, 28): -7, (2, 25): -10, (2, 24): 9, (2, 21): 9, (2, 19): 2, (2, 10): 3, (2, 6): -14, (2, 4): -6, (3, 42): 4, (3, 39): 1, (3, 35): 2, (3, 34): -10, (3, 25): 11, (3, 23): 10, (3, 22): -3, (3, 21): -4, (3, 18): -3, (3, 16): -10, (3, 14): 9, (3, 13): 3, (3, 12): 3, (3, 11): -1, (3, 6): -11, (3, 4): 3, (4, 42): 7, (4, 40): -6, (4, 38): 10, (4, 37): -14, (4, 36): 14, (4, 32): -5, (4, 27): 9, (4, 25): 9, (4, 23): 13, (4, 14): 2, (4, 10): 2, (4, 9): -5, (4, 6): -14, (4, 5): 8, (5, 43): -3, (5, 40): 11, (5, 39): 11, (5, 37): 13, (5, 36): 13, (5, 35): 7, (5, 34): -13, (5, 29): 8, (5, 24): -1, (5, 22): 6, (5, 20): 6, (5, 10): -1, (5, 9): -8, (6, 42): 6, (6, 41): 12, (6, 38): 8, (6, 33): -7, (6, 31): -14, (6, 29): 2, (6, 23): 1, (6, 19): -9, (6, 14): -4, (6, 12): -13, (6, 10): 10, (6, 9): 13, (6, 7): -12, (7, 43): -11, (7, 42): -5, (7, 36): -5, (7, 35): 10, (7, 34): 5, (7, 24): -11, (7, 20): -1, (7, 19): -3, (7, 16): -10, (7, 15): -8, (7, 12): -7, (7, 11): -2, (7, 8): -11, (8, 42): -4, (8, 41): -11, (8, 36): -8, (8, 34): -6, (8, 33): -3, (8, 31): 9, (8, 23): -8, (8, 20): -13, (8, 19): -2, (8, 18): -3, (8, 15): -2, (8, 12): -8, (8, 10): -14, (9, 42): -9, (9, 38): -14, (9, 34): 9, (9, 25): -9, (9, 24): -1, (9, 23): 12, (9, 19): 11, (9, 18): 10, (9, 14): -9, (9, 12): 6, (9, 11): -3, (10, 41): -5, (10, 40): 8, (10, 38): 3, (10, 37): -7, (10, 35): -8, (10, 33): 11, (10, 31): 9, (10, 25): 9, (10, 24): 12, (10, 22): -5, (10, 20): 8, (10, 19): -6, (10, 18): 3, (10, 15): -10, (10, 11): -9, (11, 41): -10, (11, 40): 10, (11, 39): -3, (11, 37): -11, (11, 34): -3, (11, 32): 2, (11, 31): 3, (11, 29): 2, (11, 28): -4, (11, 25): -1, (11, 24): 5, (11, 22): 3, (11, 21): -2, (11, 18): 7, (11, 17): -7, (11, 15): -13, (12, 41): -10, (12, 40): 9, (12, 39): 1, (12, 36): 14, (12, 34): -3, (12, 33): 14, (12, 32): 4, (12, 26): 10, (12, 20): 10, (12, 18): 1, (12, 16): 13, (12, 14): -7, (12, 13): 13, (13, 42): 12, (13, 40): 13, (13, 37): 1, (13, 32): 8, (13, 28): 1, (13, 27): 8, (13, 25): 8, (13, 24): 7, (13, 23): 7, (13, 17): -10, (13, 15): -3, (14, 43): -5, (14, 42): 9, (14, 40): -9, (14, 38): -5, (14, 37): -6, (14, 35): 5, (14, 34): -8, (14, 30): -10, (14, 29): -10, (14, 27): -4, (14, 20): 13, (14, 19): -13, (14, 18): 4, (15, 38): 12, (15, 34): 14, (15, 31): 9, (15, 28): 1, (15, 27): -3, (15, 25): 4, (15, 24): -11, (15, 21): 11, (15, 19): 5, (15, 17): 7, (16, 42): 3, (16, 41): -14, (16, 40): 11, (16, 37): 3, (16, 36): 3, (16, 33): 2, (16, 32): -1, (16, 31): 8, (16, 25): -2, (16, 24): 1, (16, 18): 4, (17, 43): 8, (17, 39): -10, (17, 34): 9, (17, 33): 5, (17, 31): 14, (17, 29): 3, (17, 27): -4, (17, 25): -13, (17, 21): -5, (17, 20): -7, (17, 18): 1, (18, 43): -1, (18, 41): 6, (18, 40): 10, (18, 39): 11, (18, 38): 3, (18, 36): -14, (18, 24): -1, (18, 23): -11, (18, 22): 9, (18, 21): 11, (19, 38): -5, (19, 37): -10, (19, 36): -4, (19, 31): -9, (19, 30): -1, (19, 27): -1, (19, 23): 14, (20, 42): 4, (20, 39): -4, (20, 37): 9, (20, 35): -8, (20, 33): 12, (20, 31): -11, (20, 25): -8, (21, 43): 8, (21, 41): -5, (21, 40): -13, (21, 38): 13, (21, 37): 8, (21, 35): -13, (21, 33): -13, (21, 32): 6, (21, 31): 3, (21, 28): 14, (21, 26): -7, (22, 41): -14, (22, 40): 2, (22, 36): 6, (22, 35): 13, (22, 34): -13, (22, 32): -10, (22, 30): -10, (22, 26): 13, (22, 25): 1, (23, 42): -7, (23, 39): 1, (23, 36): 11, (23, 34): 14, (23, 25): -3, (23, 24): -3, (24, 43): 10, (24, 41): 12, (24, 39): -4, (24, 38): 2, (24, 33): 12, (24, 31): -3, (24, 30): 9, (24, 29): -5, (24, 28): -11, (24, 27): -10, (24, 26): -13, (25, 42): 8, (25, 40): -3, (25, 39): 4, (25, 38): -1, (25, 37): -8, (25, 36): -3, (25, 35): 9, (25, 32): -11, (25, 28): -14, (26, 39): 8, (26, 38): -8, (26, 37): -4, (26, 36): 10, (26, 31): 6, (26, 28): -10, (26, 27): 9, (27, 43): 9, (27, 40): 9, (27, 39): -3, (27, 37): 11, (27, 36): -10, (27, 29): -9, (28, 43): -11, (28, 39): -12, (28, 38): -9, (28, 36): 3, (28, 32): -13, (28, 29): 11, (29, 40): 11, (29, 39): 9, (29, 38): -3, (29, 37): -1, (29, 36): -8, (29, 35): -12, (29, 33): -5, (29, 32): -10, (30, 42): -7, (30, 38): 10, (30, 37): 5, (30, 33): -12, (31, 40): -7, (31, 37): -12, (31, 36): -12, (31, 34): -12, (31, 33): 9, (31, 32): 13, (32, 43): 13, (32, 41): 13, (32, 39): 9, (32, 38): -13, (32, 33): 7, (33, 43): -3, (33, 39): 1, (33, 38): 10, (33, 37): 13, (33, 36): -8, (33, 34): -6, (34, 41): 4, (34, 39): -12, (35, 43): 9, (35, 42): 13, (35, 40): 6, (35, 36): -13, (36, 41): -6, (36, 38): -8, (36, 37): -3, (37, 39): 7, (38, 43): 5, (38, 42): 6, (38, 41): -5, (38, 40): -12, (39, 43): -11, (39, 40): 11, (40, 42): 8, (41, 43): -4}
test1

{}
   1 42 40 38 37 33 28 26 25 24 23 20 14 13  8  5  4  3 ... 17  energy num_oc.
0 -1 -1 +1 +1 +1 -1 +1 +1 +1 +1 -1 +1 +1 +1 -1 -1 +1 -1 ... +1 -1039.0      14
1 +1 +1 -1 -1 -1 +1 -1 -1 -1 -1 +1 -1 -1 -1 +1 +1 -1 +1 ... -1 -1039.0      19
2 -1 +1 -1 -1 -1 +1 -1 -1 -1 -1 +1 +1 -1 +1 +1 -1 -1 +1 ... +1 -1033.0      10
3 -1 +1 -1 -1 -1 +1 -1 -1 -1 -1 +1 +1 -1 +1 +1 -1 -1 +1 ... +1 -1033.0       5
4 +1 -1 +1 +1 +1 -1 +1 +1 +1 +1 -1 -1 +1 -1 -1 +1 +1 -1 ... -1 -1033.0       6
5 -1 +1 -1 -1 -1 +1 -1 -1 -1 -1 +1 +1 -1 +1 +1 +1 -1 +1 ... +1 -1025.0       1
['SPIN', 6 rows, 55 samples, 43 variables]
energies=[-1039.0, -1039.0, -1033.0, -1033.0, -1033.0, -1025.0]
