[[ 1  0  0 ...  0  0  7]
 [ 1  0  0 ...  0  7  0]
 [ 1  0  0 ...  7  0  0]
 ...
 [ 1 -2  7 ...  0  0  0]
 [ 1  7 -3 ...  0  0  0]
 [ 7  1  1 ...  1  1  1]]
-3
test

{(1, 48): 2, (1, 46): 3, (1, 40): -13, (1, 39): -11, (1, 37): 3, (1, 36): -7, (1, 34): -5, (1, 32): 9, (1, 31): -8, (1, 30): -8, (1, 29): 5, (1, 28): 12, (1, 25): 13, (1, 22): 14, (1, 20): -4, (1, 17): -3, (1, 9): -2, (1, 4): 6, (1, 2): 5, (2, 48): -2, (2, 47): 3, (2, 46): 7, (2, 36): 6, (2, 28): 6, (2, 27): -11, (2, 24): 7, (2, 22): -8, (2, 13): 5, (2, 7): 10, (2, 5): -10, (2, 3): -7, (3, 49): 14, (3, 47): -8, (3, 45): -9, (3, 41): -12, (3, 38): -14, (3, 37): 7, (3, 30): 11, (3, 27): -2, (3, 24): 11, (3, 22): -6, (3, 19): 3, (3, 14): -11, (3, 12): -9, (3, 10): 9, (3, 6): -6, (4, 46): 2, (4, 45): 1, (4, 41): 6, (4, 36): -14, (4, 30): 7, (4, 29): -13, (4, 28): 4, (4, 26): -10, (4, 25): 7, (4, 23): -4, (4, 19): 4, (4, 15): 11, (4, 9): -6, (5, 46): 11, (5, 43): -4, (5, 42): -7, (5, 38): 6, (5, 36): -11, (5, 31): -11, (5, 30): -8, (5, 25): -7, (5, 22): -9, (6, 45): 1, (6, 44): 4, (6, 43): -7, (6, 41): 7, (6, 40): 2, (6, 34): -5, (6, 28): 3, (6, 20): -12, (6, 15): 7, (6, 10): 11, (6, 8): 12, (6, 7): 2, (7, 49): -10, (7, 31): 13, (7, 29): 14, (7, 27): 7, (7, 26): 7, (7, 25): 3, (7, 22): 1, (7, 18): 9, (7, 13): -7, (7, 8): 8, (8, 43): -3, (8, 42): 8, (8, 37): 12, (8, 36): -12, (8, 30): 9, (8, 25): -1, (8, 24): 4, (8, 22): -5, (8, 20): -11, (8, 19): 10, (8, 13): -10, (8, 11): -12, (8, 9): -2, (9, 49): 2, (9, 48): -10, (9, 39): -6, (9, 36): -12, (9, 30): -2, (9, 28): 7, (9, 26): 10, (9, 25): 13, (9, 24): 2, (9, 22): 2, (9, 20): 1, (9, 16): -13, (9, 15): -2, (9, 13): 9, (9, 12): 13, (10, 49): -13, (10, 45): -2, (10, 44): 12, (10, 42): -7, (10, 41): 3, (10, 39): 4, (10, 35): 12, (10, 33): 3, (10, 30): 14, (10, 24): -2, (10, 20): 11, (10, 19): 6, (10, 14): 8, (11, 45): -1, (11, 43): -11, (11, 42): -5, (11, 41): -10, (11, 37): -14, (11, 36): 9, (11, 35): 14, (11, 32): 8, (11, 30): -11, (11, 28): 10, (11, 26): -7, (11, 20): -3, (11, 17): -10, (11, 16): 8, (11, 15): -5, (12, 46): -2, (12, 43): -3, (12, 39): 14, (12, 37): 6, (12, 35): 13, (12, 33): 12, (12, 28): -9, (12, 25): 5, (12, 24): 7, (12, 21): -13, (12, 17): 11, (12, 14): 2, (13, 48): 6, (13, 42): 14, (13, 39): 8, (13, 37): -4, (13, 36): -6, (13, 35): 5, (13, 34): -5, (13, 29): 6, (13, 28): 8, (13, 26): 2, (13, 19): 5, (13, 18): 5, (13, 15): -7, (13, 14): -7, (14, 49): -2, (14, 44): 14, (14, 36): 9, (14, 34): -10, (14, 32): -8, (14, 30): -3, (14, 29): -4, (14, 26): -2, (14, 23): -9, (14, 17): -1, (14, 16): -9, (14, 15): -13, (15, 48): -9, (15, 45): -1, (15, 44): 6, (15, 42): -5, (15, 40): 4, (15, 35): 3, (15, 30): 8, (15, 29): 7, (15, 28): 2, (15, 27): -5, (15, 23): 2, (15, 22): -11, (15, 21): -5, (16, 49): -5, (16, 37): 14, (16, 27): 1, (16, 26): -13, (16, 22): -10, (16, 19): -6, (17, 49): -14, (17, 48): 10, (17, 46): 3, (17, 35): -2, (17, 33): 3, (17, 29): -8, (17, 26): 5, (17, 25): -5, (17, 24): 7, (17, 18): -1, (18, 45): -2, (18, 44): 13, (18, 43): -1, (18, 40): 6, (18, 35): 9, (18, 33): 13, (18, 25): -6, (18, 24): -8, (18, 22): -4, (19, 47): 14, (19, 40): 9, (19, 39): 13, (19, 34): -11, (19, 31): 10, (19, 25): 3, (20, 47): -1, (20, 43): -3, (20, 40): -14, (20, 38): 12, (20, 36): -11, (20, 33): 7, (21, 45): 8, (21, 42): 13, (21, 41): -12, (21, 40): -8, (21, 37): -11, (21, 30): 7, (21, 29): 9, (22, 49): -13, (22, 45): -12, (22, 41): -9, (22, 37): -6, (22, 34): 3, (22, 33): -4, (22, 26): 5, (22, 24): -2, (23, 48): -14, (23, 38): -6, (23, 31): 7, (23, 30): -10, (23, 29): -1, (24, 46): 2, (24, 44): -10, (24, 39): -7, (24, 38): -3, (24, 34): -3, (24, 32): -13, (24, 31): -11, (24, 29): 4, (24, 26): -11, (25, 49): -1, (25, 45): 5, (25, 43): -9, (25, 35): -4, (25, 32): 6, (25, 27): -10, (26, 49): -7, (26, 47): 4, (26, 45): 6, (26, 43): -8, (26, 39): -2, (26, 38): -2, (26, 37): -5, (26, 36): 5, (26, 34): 7, (26, 33): -9, (27, 47): 9, (27, 46): 12, (27, 36): 11, (27, 35): -13, (27, 31): 11, (27, 28): 7, (28, 47): -8, (28, 38): 9, (28, 29): 1, (29, 47): 6, (29, 45): 10, (29, 42): 6, (29, 37): 2, (29, 36): 11, (29, 34): 4, (29, 32): -4, (30, 46): 14, (30, 44): -5, (30, 41): 2, (30, 40): -2, (30, 34): 9, (30, 33): -3, (30, 31): -2, (31, 49): 14, (31, 45): 9, (31, 44): -11, (31, 33): -13, (32, 49): 7, (32, 43): 5, (32, 42): 2, (32, 41): -3, (32, 35): 3, (33, 49): 13, (33, 45): 13, (33, 43): 14, (33, 42): -3, (33, 36): 1, (34, 47): -13, (34, 44): 7, (34, 40): 13, (34, 39): -9, (34, 38): 9, (34, 36): 8, (35, 46): 3, (35, 43): 13, (35, 42): -1, (35, 39): 13, (36, 44): 1, (37, 45): 1, (37, 44): 10, (37, 42): 2, (38, 49): -7, (38, 47): -7, (38, 46): 5, (38, 40): 6, (38, 39): 14, (39, 46): -13, (39, 42): -12, (39, 41): 10, (39, 40): -11, (40, 49): -2, (40, 47): 12, (40, 45): -5, (40, 42): 14, (41, 47): 3, (41, 46): 11, (41, 45): -12, (42, 48): 9, (42, 47): 7, (44, 48): -8, (44, 46): 10, (45, 49): -14, (46, 49): 13, (47, 49): -12}
test1

{}
   1 48 46 40 39 37 36 34 32 31 30 29 28 25 22 20 17  9 ... 21  energy num_oc.
0 -1 -1 +1 -1 -1 +1 -1 +1 -1 -1 -1 -1 +1 +1 +1 -1 +1 -1 ... +1 -1152.0      15
1 +1 +1 -1 +1 +1 -1 +1 -1 +1 +1 +1 +1 -1 -1 -1 +1 -1 +1 ... -1 -1152.0      13
2 -1 -1 +1 -1 -1 +1 -1 +1 -1 -1 -1 -1 +1 +1 +1 -1 +1 -1 ... +1 -1152.0      14
3 +1 +1 -1 +1 +1 -1 +1 -1 +1 +1 +1 +1 -1 -1 -1 +1 -1 +1 ... -1 -1152.0       9
4 -1 -1 -1 -1 -1 +1 -1 +1 -1 -1 -1 -1 +1 +1 +1 -1 +1 -1 ... +1 -1150.0       1
['SPIN', 5 rows, 52 samples, 49 variables]
energies=[-1152.0, -1152.0, -1152.0, -1152.0, -1150.0]
