Sample 0:-19
Sample 1:-19
Sample 2:-19
Sample 3:-19
Sample 4:-19
Sample 5:-19
Sample 6:-19
Sample 7:9
Sample 8:-19
Sample 9:-19
Sample 10:-19
Sample 11:-19
Sample 12:-19
Sample 13:-19
Sample 14:-19
Sample 15:-19
Sample 16:-19
Sample 17:-19
Sample 18:-19
Sample 19:-19
Sample 20:-19
Sample 21:-19
Sample 22:-19
Sample 23:9
Sample 24:-19
Sample 25:-19
Sample 26:-19
Sample 27:-19
Sample 28:-19
Sample 29:-19
Sample 30:-19
Sample 31:-19
Sample 32:-19
Sample 33:-19
Sample 34:-19
Sample 35:-19
Sample 36:-19
Sample 37:-19
Sample 38:-19
Sample 39:-19
Sample 40:-19
Sample 41:9
Sample 42:-19
Sample 43:-19
Sample 44:-19
Sample 45:9
Sample 46:9
Sample 47:-19
Sample 48:9
Sample 49:-19
Sample 50:-19
Sample 51:-19
Sample 52:-19
Sample 53:-19
Sample 54:-19
Sample 55:-19
Sample 56:-19
Sample 57:-19
Sample 58:-19
Sample 59:-19
Sample 60:-19
Sample 61:-19
Sample 62:-19
Sample 63:-19
Sample 64:-19
Sample 65:-19
Sample 66:-19
Sample 67:-19
Sample 68:-19
Sample 69:-19
Sample 70:-19
Sample 71:-19
Sample 72:-19
Sample 73:-19
Sample 74:-19
Sample 75:-19
Sample 76:-19
Sample 77:-19
Sample 78:-19
Sample 79:-19
Sample 80:-19
Sample 81:-19
Sample 82:-19
Sample 83:9
Sample 84:-19
Sample 85:-19
Sample 86:-19
Sample 87:9
Sample 88:-19
Sample 89:-19
Sample 90:-19
Sample 91:-19
Sample 92:-19
Sample 93:9
Sample 94:-19
Sample 95:-19
Sample 96:9
Sample 97:-19
Sample 98:-19
Sample 99:-19
Best Ham: -19
Sucess Probability: 0
Ham Average: -16.2
