Sample 0:-97
Sample 1:-59
Sample 2:-59
Sample 3:-89
Sample 4:-97
Sample 5:-89
Sample 6:-59
Sample 7:-89
Sample 8:-97
Sample 9:-89
Sample 10:-89
Sample 11:-89
Sample 12:-97
Sample 13:-59
Sample 14:-89
Sample 15:-97
Sample 16:-31
Sample 17:-89
Sample 18:-97
Sample 19:-97
Sample 20:-97
Sample 21:-97
Sample 22:49
Sample 23:-97
Sample 24:-89
Sample 25:-89
Sample 26:-97
Sample 27:49
Sample 28:-31
Sample 29:-89
Sample 30:-97
Sample 31:-97
Sample 32:21
Sample 33:-89
Sample 34:-89
Sample 35:-97
Sample 36:-59
Sample 37:-59
Sample 38:-89
Sample 39:-31
Sample 40:-89
Sample 41:-97
Sample 42:-97
Sample 43:-59
Sample 44:-89
Sample 45:-89
Sample 46:-97
Sample 47:-89
Sample 48:-89
Sample 49:-97
Sample 50:-97
Sample 51:-89
Sample 52:-97
Sample 53:-97
Sample 54:-89
Sample 55:-89
Sample 56:-89
Sample 57:-89
Sample 58:-31
Sample 59:49
Sample 60:-97
Sample 61:-31
Sample 62:-97
Sample 63:-89
Sample 64:-97
Sample 65:-97
Sample 66:-11
Sample 67:-97
Sample 68:49
Sample 69:-97
Sample 70:49
Sample 71:-97
Sample 72:-89
Sample 73:-89
Sample 74:49
Sample 75:-31
Sample 76:-11
Sample 77:-97
Sample 78:35
Sample 79:21
Sample 80:-97
Sample 81:-97
Sample 82:-89
Sample 83:49
Sample 84:-89
Sample 85:-89
Sample 86:-97
Sample 87:-89
Sample 88:-89
Sample 89:-97
Sample 90:-97
Sample 91:-89
Sample 92:-97
Sample 93:-89
Sample 94:-89
Sample 95:-97
Sample 96:-97
Sample 97:-97
Sample 98:49
Sample 99:-97
Best Ham: -97
Sucess Probability: 0
Ham Average: -70.5
