[[1 0 0 ... 0 0 7]
 [1 0 0 ... 0 7 0]
 [1 0 0 ... 7 0 0]
 ...
 [1 0 7 ... 0 0 0]
 [1 7 0 ... 0 0 0]
 [7 1 1 ... 1 1 1]]
0
test

{(1, 22): 11, (1, 21): -1, (1, 20): -11, (1, 19): 4, (1, 14): -2, (1, 11): -9, (1, 10): -9, (2, 22): 1, (2, 13): 8, (2, 10): 14, (2, 8): 9, (2, 7): 11, (2, 6): 12, (2, 4): -13, (2, 3): 10, (3, 17): -10, (3, 9): -12, (3, 5): -7, (3, 4): -1, (4, 14): 3, (4, 13): -6, (4, 11): -10, (4, 10): 11, (4, 9): 9, (4, 8): -10, (4, 7): -5, (5, 22): 6, (5, 16): -5, (5, 9): 8, (6, 18): 13, (6, 15): 6, (6, 8): 3, (7, 20): -8, (7, 19): 9, (7, 8): 8, (8, 22): -8, (8, 16): -11, (8, 13): 7, (8, 10): 12, (9, 22): -4, (9, 18): 1, (10, 21): -10, (10, 20): -10, (10, 19): -7, (10, 17): 4, (10, 16): 14, (11, 21): 3, (11, 20): 8, (11, 18): 8, (11, 16): 7, (11, 14): 7, (11, 13): -1, (12, 19): 7, (12, 18): 12, (12, 15): 9, (13, 22): -9, (13, 20): -4, (13, 17): 4, (13, 15): -7, (14, 17): -14, (15, 19): 12, (16, 22): -7, (16, 19): 11, (16, 17): -13, (17, 20): 2, (18, 22): 12, (18, 20): -10, (20, 22): 6, (21, 22): 1}
test1

{}
   1 22 21 20 19 14 11 10  2 13  8  7  6  4  3 17  9  5 ... 12 energy num_oc.
0 -1 +1 -1 -1 -1 -1 +1 -1 +1 +1 +1 -1 -1 +1 -1 -1 -1 -1 ... +1 -291.0      17
1 +1 -1 +1 +1 +1 +1 -1 +1 -1 -1 -1 +1 +1 -1 +1 +1 +1 +1 ... -1 -291.0       5
2 -1 +1 -1 -1 -1 -1 +1 -1 +1 +1 +1 -1 -1 +1 -1 -1 -1 +1 ... +1 -291.0       9
3 +1 -1 +1 +1 +1 +1 -1 +1 -1 -1 -1 +1 +1 -1 +1 +1 +1 -1 ... -1 -291.0      17
4 +1 -1 +1 +1 +1 -1 +1 +1 +1 +1 -1 +1 -1 +1 -1 -1 -1 +1 ... -1 -287.0       4
['SPIN', 5 rows, 52 samples, 22 variables]
energies=[-291.0, -291.0, -291.0, -291.0, -287.0]
