[[1 0 0 ... 0 0 7]
 [1 0 0 ... 0 7 0]
 [1 0 0 ... 7 0 0]
 ...
 [1 0 7 ... 0 0 0]
 [1 7 0 ... 0 0 0]
 [7 1 1 ... 1 1 1]]
0
test

{(1, 38): 1, (1, 35): -7, (1, 34): 8, (1, 28): -12, (1, 24): 6, (1, 23): 6, (1, 17): -12, (1, 16): 7, (1, 15): -13, (1, 13): 14, (1, 12): 7, (1, 9): -9, (1, 3): 9, (2, 45): -12, (2, 44): -14, (2, 39): -8, (2, 37): -2, (2, 33): 8, (2, 32): 5, (2, 28): 7, (2, 26): 7, (2, 19): 8, (2, 17): -4, (2, 16): 3, (2, 12): 14, (2, 10): 3, (2, 9): -13, (2, 7): 12, (2, 5): 5, (3, 48): -3, (3, 47): -13, (3, 44): -11, (3, 40): -2, (3, 36): -5, (3, 34): 6, (3, 32): 10, (3, 29): 4, (3, 26): 4, (3, 24): 9, (3, 19): -3, (3, 17): 9, (3, 16): -9, (3, 15): -4, (3, 13): 4, (3, 11): -10, (3, 7): -7, (3, 6): 3, (3, 4): -3, (4, 50): -3, (4, 46): 9, (4, 45): -13, (4, 36): 5, (4, 34): -11, (4, 32): 10, (4, 31): -7, (4, 23): 11, (4, 20): 13, (4, 18): 6, (4, 16): -8, (4, 15): 11, (4, 12): -13, (5, 42): 2, (5, 36): 8, (5, 35): 8, (5, 29): -14, (5, 19): 8, (5, 18): 11, (5, 17): 5, (5, 15): -10, (5, 8): 3, (6, 50): 4, (6, 49): 12, (6, 48): 8, (6, 46): -9, (6, 43): 14, (6, 42): -8, (6, 41): 1, (6, 40): 10, (6, 38): 5, (6, 34): 6, (6, 32): 12, (6, 29): -3, (6, 27): 13, (6, 25): -10, (6, 18): -8, (6, 12): -10, (6, 10): 7, (7, 48): -2, (7, 46): -9, (7, 44): -7, (7, 39): -6, (7, 38): 3, (7, 34): 2, (7, 28): 1, (7, 27): 4, (7, 24): -10, (7, 20): -3, (7, 12): 4, (8, 45): -11, (8, 43): 13, (8, 40): -9, (8, 39): 7, (8, 38): 1, (8, 36): 12, (8, 29): 5, (8, 27): -8, (8, 24): 3, (8, 22): 12, (9, 48): -11, (9, 45): -3, (9, 43): -14, (9, 41): -3, (9, 36): 5, (9, 35): -8, (9, 34): 13, (9, 29): 4, (9, 28): 7, (9, 17): 12, (9, 16): 1, (9, 13): -9, (9, 12): -5, (9, 11): -4, (10, 44): 9, (10, 42): 8, (10, 41): -10, (10, 30): 1, (10, 29): -1, (10, 27): 9, (10, 25): 14, (10, 20): -14, (10, 18): 11, (10, 14): -2, (10, 12): 12, (10, 11): -3, (11, 48): 1, (11, 46): -14, (11, 44): 7, (11, 38): 13, (11, 35): -8, (11, 34): -4, (11, 29): 10, (11, 27): 14, (11, 26): 3, (11, 24): 13, (11, 12): -9, (12, 44): 3, (12, 42): 10, (12, 29): -5, (12, 23): -8, (12, 19): 7, (12, 15): -5, (13, 50): -2, (13, 43): 11, (13, 27): -10, (13, 16): 5, (13, 14): -6, (14, 48): 2, (14, 40): -9, (14, 39): -8, (14, 38): 1, (14, 36): -11, (14, 34): -1, (14, 28): -9, (14, 26): 6, (14, 22): -2, (15, 50): -1, (15, 37): -8, (15, 34): -11, (15, 33): -5, (15, 31): 8, (15, 30): -12, (15, 28): 13, (15, 23): -2, (15, 21): -13, (15, 20): -10, (15, 17): -12, (16, 46): -7, (16, 45): -4, (16, 38): -12, (16, 36): 12, (16, 33): 7, (16, 32): -11, (16, 27): -11, (16, 25): 3, (16, 24): 10, (16, 21): -12, (16, 20): -1, (16, 19): -4, (16, 18): -3, (16, 17): 3, (17, 50): 12, (17, 44): -10, (17, 43): -9, (17, 40): -1, (17, 39): 13, (17, 35): 2, (17, 30): -2, (17, 29): 12, (17, 27): -10, (17, 26): 10, (17, 22): -10, (18, 48): 9, (18, 44): -2, (18, 43): 1, (18, 42): 5, (18, 40): -5, (18, 33): -7, (18, 32): -5, (18, 27): 11, (18, 25): 2, (18, 24): -3, (18, 23): 7, (18, 20): -2, (19, 50): -7, (19, 48): 11, (19, 45): 14, (19, 44): -9, (19, 42): -8, (19, 35): 10, (19, 33): 7, (19, 31): 10, (19, 28): -3, (19, 24): -2, (19, 23): 13, (20, 48): -10, (20, 43): -5, (20, 41): 5, (20, 39): -7, (20, 37): 3, (20, 36): 3, (20, 32): -11, (20, 31): -8, (20, 30): -12, (20, 24): 9, (20, 21): -12, (21, 46): -4, (21, 43): -4, (21, 41): 14, (21, 40): -14, (21, 39): 5, (21, 26): 11, (22, 50): 3, (22, 47): 3, (22, 45): -4, (22, 41): -1, (22, 39): 7, (22, 37): -1, (22, 36): -5, (22, 35): -2, (22, 34): 1, (22, 30): 9, (22, 29): -13, (22, 28): 10, (23, 42): -10, (23, 41): 7, (23, 39): -6, (23, 38): 5, (23, 31): 6, (23, 28): -2, (24, 47): -9, (24, 46): -3, (24, 45): 1, (24, 44): -14, (24, 42): 14, (24, 40): -2, (24, 36): -9, (24, 33): -1, (24, 31): -2, (24, 29): 1, (24, 27): -8, (25, 38): 13, (25, 32): -6, (25, 31): 9, (26, 50): -1, (26, 48): 13, (26, 42): -2, (26, 41): -10, (27, 46): -6, (27, 45): 1, (27, 41): -7, (27, 38): -5, (27, 37): -7, (27, 34): -8, (28, 49): -7, (28, 44): -8, (28, 42): -4, (28, 37): 4, (28, 36): 8, (28, 32): 5, (28, 29): -2, (29, 49): 11, (29, 48): 11, (29, 46): 11, (29, 44): -12, (29, 43): -6, (29, 38): -12, (29, 34): -2, (29, 31): 8, (29, 30): 9, (30, 48): 12, (30, 43): 11, (30, 42): -14, (30, 41): 10, (30, 40): -7, (30, 32): -6, (31, 39): -9, (31, 38): -9, (31, 33): -10, (31, 32): -8, (32, 48): -12, (32, 39): -7, (32, 37): -12, (32, 35): 12, (32, 34): -9, (32, 33): 11, (33, 49): 13, (33, 48): 12, (33, 47): 2, (33, 46): 7, (33, 42): 6, (33, 40): 12, (33, 38): 14, (33, 37): -1, (34, 49): 11, (34, 48): -9, (34, 47): 11, (34, 43): -4, (34, 42): -7, (34, 41): -13, (34, 36): 4, (35, 46): 11, (35, 39): 11, (35, 37): 5, (36, 50): -5, (36, 43): 11, (37, 46): 1, (37, 45): 14, (37, 40): -4, (38, 49): -5, (38, 47): 6, (38, 42): 2, (38, 40): 12, (38, 39): 1, (39, 42): 13, (39, 41): -10, (40, 49): -5, (40, 48): -1, (40, 45): -8, (40, 44): 10, (40, 43): -1, (41, 46): 6, (42, 49): -10, (42, 47): -11, (42, 46): 4, (42, 44): -1, (43, 49): -12, (43, 48): 11, (43, 45): 5, (43, 44): -10, (44, 50): 3, (44, 49): -11, (44, 47): -6, (44, 46): 5, (45, 50): 1, (45, 46): -14, (48, 49): -10, (49, 50): 5}
test1

{}
   1 38 35 34 28 24 23 17 16 15 13 12  9  3  2 45 44 39 ... 21  energy num_oc.
0 +1 +1 +1 +1 -1 -1 +1 +1 +1 +1 -1 -1 +1 -1 +1 +1 -1 -1 ... +1 -1085.0      10
1 +1 +1 +1 +1 -1 -1 +1 +1 +1 +1 -1 -1 +1 -1 +1 +1 -1 -1 ... +1 -1085.0      19
2 -1 -1 -1 -1 +1 +1 -1 -1 -1 -1 +1 +1 -1 +1 -1 -1 +1 +1 ... -1 -1085.0       8
3 -1 -1 -1 -1 +1 +1 -1 -1 -1 -1 +1 +1 -1 +1 -1 -1 +1 +1 ... -1 -1085.0      14
4 +1 -1 +1 -1 +1 -1 +1 +1 +1 +1 -1 +1 +1 +1 +1 +1 +1 -1 ... +1 -1073.0       1
['SPIN', 5 rows, 52 samples, 50 variables]
energies=[-1085.0, -1085.0, -1085.0, -1085.0, -1073.0]
