Sample 0:-196
Sample 1:-228
Sample 2:-78
Sample 3:-170
Sample 4:-252
Sample 5:-246
Sample 6:-246
Sample 7:-226
Sample 8:-170
Sample 9:-252
Sample 10:-246
Sample 11:-246
Sample 12:-202
Sample 13:-220
Sample 14:-170
Sample 15:-176
Sample 16:-196
Sample 17:-214
Sample 18:-220
Sample 19:-130
Sample 20:-220
Sample 21:-196
Sample 22:-170
Sample 23:-196
Sample 24:-246
Sample 25:-104
Sample 26:-252
Sample 27:-226
Sample 28:-104
Sample 29:-246
Sample 30:-246
Sample 31:-104
Sample 32:-246
Sample 33:-170
Sample 34:-214
Sample 35:-220
Sample 36:-196
Sample 37:-12
Sample 38:-196
Sample 39:-78
Sample 40:-170
Sample 41:-130
Sample 42:-188
Sample 43:-196
Sample 44:-196
Sample 45:-188
Sample 46:-170
Sample 47:-170
Sample 48:-170
Sample 49:-104
Sample 50:-196
Sample 51:-74
Sample 52:-202
Sample 53:-196
Sample 54:-220
Sample 55:-196
Sample 56:-246
Sample 57:-196
Sample 58:-246
Sample 59:-220
Sample 60:-170
Sample 61:-220
Sample 62:-220
Sample 63:-214
Sample 64:-176
Sample 65:-252
Sample 66:-78
Sample 67:-96
Sample 68:-196
Sample 69:-188
Sample 70:-130
Sample 71:-246
Sample 72:-196
Sample 73:-202
Sample 74:-196
Sample 75:-188
Sample 76:-170
Sample 77:-196
Sample 78:-196
Sample 79:-202
Sample 80:-170
Sample 81:-196
Sample 82:-252
Sample 83:-196
Sample 84:-252
Sample 85:-12
Sample 86:-252
Sample 87:-220
Sample 88:-96
Sample 89:22
Sample 90:-144
Sample 91:-246
Sample 92:16
Sample 93:-196
Sample 94:-226
Sample 95:-228
Sample 96:-170
Sample 97:-246
Sample 98:-170
Sample 99:-170
Best Ham: -252
Sucess Probability: 82
Ham Average: -185.36
