[[1 0 0 ... 0 0 7]
 [1 0 0 ... 0 7 0]
 [1 0 0 ... 7 0 0]
 ...
 [1 1 7 ... 0 0 0]
 [1 7 0 ... 0 0 0]
 [7 1 1 ... 1 1 1]]
0
test

{(1, 24): 4, (1, 23): 3, (1, 21): -2, (1, 17): 13, (1, 16): -7, (1, 15): -1, (1, 13): 13, (1, 12): -7, (1, 9): -13, (1, 6): -6, (1, 4): 10, (1, 3): 13, (1, 2): -1, (2, 19): 5, (2, 16): 5, (2, 14): 2, (2, 13): -13, (2, 12): -13, (2, 11): -11, (2, 3): -2, (3, 24): 6, (3, 23): -14, (3, 22): -6, (3, 19): 10, (3, 17): 14, (3, 16): -12, (3, 15): -13, (3, 14): -13, (3, 12): -7, (3, 9): 14, (3, 6): 1, (3, 4): 10, (4, 24): 5, (4, 22): -3, (4, 18): -10, (4, 16): -10, (4, 14): 3, (4, 13): 3, (4, 8): 5, (4, 7): -13, (4, 5): -7, (5, 23): -12, (5, 20): -11, (5, 19): -7, (5, 18): 9, (5, 16): 2, (5, 12): -14, (5, 11): 1, (5, 7): -7, (5, 6): -1, (6, 22): -7, (6, 21): -3, (6, 20): -8, (6, 18): -1, (6, 17): 8, (6, 15): 12, (6, 14): 13, (6, 12): 6, (6, 9): -12, (6, 8): -10, (7, 24): -2, (7, 23): 8, (7, 22): -11, (7, 21): -5, (7, 14): -3, (7, 13): 11, (7, 11): 14, (7, 10): 7, (7, 9): -14, (8, 23): -4, (8, 22): 12, (8, 21): -14, (8, 20): -7, (8, 19): 2, (8, 17): 5, (8, 15): -2, (8, 9): 12, (9, 23): 5, (9, 19): -10, (9, 17): -6, (9, 16): -1, (10, 24): -3, (10, 21): 3, (10, 20): -11, (10, 18): 8, (10, 16): -6, (10, 15): -14, (10, 13): 1, (10, 12): 2, (11, 24): -2, (11, 22): -5, (11, 18): -11, (11, 17): -4, (11, 16): -13, (11, 15): -7, (11, 12): -8, (12, 23): 6, (12, 20): -6, (12, 17): 8, (12, 14): 2, (13, 24): 9, (13, 23): -4, (13, 22): -13, (13, 21): 8, (13, 16): -8, (13, 14): -10, (14, 23): 10, (14, 21): -7, (14, 20): 2, (14, 18): -4, (14, 16): 8, (15, 24): -5, (15, 23): 9, (15, 20): 1, (15, 19): -5, (15, 18): 5, (15, 17): 14, (16, 24): -9, (16, 22): 10, (16, 21): -3, (16, 19): 9, (16, 18): -10, (16, 17): -14, (17, 24): -2, (17, 21): -14, (17, 18): -9, (18, 24): 7, (18, 23): 2, (18, 21): -10, (18, 19): 8, (19, 22): 9, (19, 21): 9, (19, 20): 5, (20, 24): 12, (20, 23): -14, (20, 22): -4, (22, 23): -10, (23, 24): -10}
test1

{}
   1 24 23 21 17 16 15 13 12  9  6  4  3  2 19 14 11 22 ... 10 energy num_oc.
0 +1 +1 -1 +1 +1 +1 -1 -1 -1 +1 +1 +1 -1 -1 +1 -1 -1 -1 ... -1 -448.0      20
1 -1 -1 +1 -1 -1 -1 +1 +1 +1 -1 -1 -1 +1 +1 -1 +1 +1 +1 ... +1 -448.0      13
2 +1 +1 -1 +1 +1 +1 -1 -1 -1 +1 +1 +1 -1 -1 -1 -1 -1 -1 ... -1 -448.0       7
3 -1 -1 +1 -1 -1 -1 +1 +1 +1 -1 -1 -1 +1 +1 +1 +1 +1 +1 ... +1 -448.0      11
4 +1 +1 -1 -1 -1 -1 +1 -1 -1 +1 -1 -1 -1 -1 +1 +1 -1 -1 ... +1 -430.0       9
['SPIN', 5 rows, 60 samples, 24 variables]
energies=[-448.0, -448.0, -448.0, -448.0, -430.0]
