Sample 0:-78
Sample 1:-96
Sample 2:-38
Sample 3:-80
Sample 4:-88
Sample 5:-56
Sample 6:-60
Sample 7:-40
Sample 8:-44
Sample 9:-96
Sample 10:-76
Sample 11:-60
Sample 12:-14
Sample 13:-100
Sample 14:-74
Sample 15:-100
Sample 16:-74
Sample 17:-80
Sample 18:-68
Sample 19:-66
Sample 20:-74
Sample 21:-74
Sample 22:-76
Sample 23:-80
Sample 24:-66
Sample 25:-60
Sample 26:-8
Sample 27:-100
Sample 28:-80
Sample 29:-116
Sample 30:-74
Sample 31:-80
Sample 32:-94
Sample 33:-60
Sample 34:-14
Sample 35:-100
Sample 36:-98
Sample 37:-92
Sample 38:-62
Sample 39:-66
Sample 40:-6
Sample 41:-36
Sample 42:-46
Sample 43:-80
Sample 44:-60
Sample 45:-60
Sample 46:-6
Sample 47:-74
Sample 48:28
Sample 49:-92
Sample 50:-80
Sample 51:-74
Sample 52:-66
Sample 53:-94
Sample 54:-68
Sample 55:-60
Sample 56:-72
Sample 57:-80
Sample 58:-66
Sample 59:-40
Sample 60:-66
Sample 61:-100
Sample 62:-116
Sample 63:-80
Sample 64:-74
Sample 65:14
Sample 66:-46
Sample 67:-74
Sample 68:-68
Sample 69:-80
Sample 70:-26
Sample 71:-92
Sample 72:-76
Sample 73:-14
Sample 74:-58
Sample 75:-46
Sample 76:-34
Sample 77:-66
Sample 78:-62
Sample 79:-68
Sample 80:-76
Sample 81:-54
Sample 82:-16
Sample 83:-74
Sample 84:-80
Sample 85:-70
Sample 86:-72
Sample 87:-46
Sample 88:-96
Sample 89:-46
Sample 90:-80
Sample 91:-46
Sample 92:-96
Sample 93:-72
Sample 94:-72
Sample 95:-116
Sample 96:-92
Sample 97:-88
Sample 98:-90
Sample 99:-34
Best Ham: -116
Sucess Probability: 0
Ham Average: -66.42
