[[1 0 0 ... 0 0 7]
 [1 0 0 ... 0 7 0]
 [1 0 0 ... 7 0 0]
 ...
 [1 0 7 ... 0 0 0]
 [1 7 0 ... 0 0 0]
 [7 1 1 ... 1 1 1]]
0
test

{(1, 13): 6, (1, 8): 8, (1, 7): -6, (2, 10): -7, (2, 8): -4, (2, 7): 7, (2, 6): 11, (2, 4): -1, (3, 12): 12, (3, 9): -5, (3, 5): -13, (4, 7): -10, (4, 5): 7, (5, 8): 11, (6, 11): -5, (7, 12): 7, (7, 11): -3, (7, 9): 6, (8, 12): 11, (8, 9): -7, (9, 11): -12, (10, 12): 7, (12, 13): 4}
test1

{}
   1 13  8  7  2 10  6  4  3 12  9  5 11 energy num_oc.
0 -1 +1 +1 -1 +1 +1 -1 -1 +1 -1 +1 +1 +1 -116.0      23
1 +1 -1 -1 +1 -1 -1 +1 +1 -1 +1 -1 -1 -1 -116.0      19
2 +1 -1 -1 -1 -1 -1 +1 -1 +1 +1 +1 +1 +1 -100.0       2
3 +1 -1 -1 -1 +1 +1 -1 -1 -1 +1 -1 +1 -1  -96.0       9
4 +1 -1 -1 -1 +1 -1 -1 -1 -1 +1 -1 +1 -1  -96.0       1
['SPIN', 5 rows, 54 samples, 13 variables]
energies=[-116.0, -116.0, -100.0, -96.0, -96.0]
