Sample 0:-181
Sample 1:-11
Sample 2:-249
Sample 3:-171
Sample 4:39
Sample 5:-137
Sample 6:-111
Sample 7:-213
Sample 8:-297
Sample 9:-111
Sample 10:-117
Sample 11:-157
Sample 12:-253
Sample 13:-117
Sample 14:-261
Sample 15:-239
Sample 16:-195
Sample 17:-131
Sample 18:-149
Sample 19:-145
Sample 20:-301
Sample 21:-221
Sample 22:-143
Sample 23:-281
Sample 24:-205
Sample 25:-125
Sample 26:-183
Sample 27:-179
Sample 28:-369
Sample 29:-327
Sample 30:-315
Sample 31:-157
Sample 32:-327
Sample 33:-171
Sample 34:-167
Sample 35:-245
Sample 36:-175
Sample 37:-315
Sample 38:-343
Sample 39:-151
Sample 40:-233
Sample 41:-137
Sample 42:-165
Sample 43:-241
Sample 44:-261
Sample 45:-185
Sample 46:-315
Sample 47:-199
Sample 48:-259
Sample 49:-207
Sample 50:-195
Sample 51:-361
Sample 52:-105
Sample 53:-257
Sample 54:-167
Sample 55:-155
Sample 56:-241
Sample 57:-161
Sample 58:-143
Sample 59:-197
Sample 60:-187
Sample 61:-287
Sample 62:-239
Sample 63:-299
Sample 64:-389
Sample 65:-101
Sample 66:-203
Sample 67:-245
Sample 68:-297
Sample 69:-187
Sample 70:-189
Sample 71:-299
Sample 72:-229
Sample 73:-173
Sample 74:-163
Sample 75:-213
Sample 76:-265
Sample 77:-243
Sample 78:-297
Sample 79:-355
Sample 80:-257
Sample 81:-217
Sample 82:-167
Sample 83:-55
Sample 84:-273
Sample 85:-281
Sample 86:-135
Sample 87:-229
Sample 88:-197
Sample 89:-131
Sample 90:-233
Sample 91:-273
Sample 92:-111
Sample 93:-371
Sample 94:-305
Sample 95:-143
Sample 96:-261
Sample 97:-37
Sample 98:-117
Sample 99:-147
Best Ham: -389
Sucess Probability: 77
Ham Average: -208.9
