Sample 0:-167
Sample 1:-325
Sample 2:-263
Sample 3:-247
Sample 4:-285
Sample 5:-57
Sample 6:-255
Sample 7:-121
Sample 8:-269
Sample 9:-241
Sample 10:-269
Sample 11:-195
Sample 12:-337
Sample 13:-165
Sample 14:-343
Sample 15:-327
Sample 16:-221
Sample 17:-249
Sample 18:-251
Sample 19:-173
Sample 20:-343
Sample 21:-255
Sample 22:-359
Sample 23:-195
Sample 24:-103
Sample 25:-343
Sample 26:-325
Sample 27:-243
Sample 28:-361
Sample 29:-343
Sample 30:-243
Sample 31:-303
Sample 32:-361
Sample 33:-327
Sample 34:-341
Sample 35:-217
Sample 36:-171
Sample 37:-325
Sample 38:-159
Sample 39:-343
Sample 40:-309
Sample 41:-47
Sample 42:-325
Sample 43:-325
Sample 44:-337
Sample 45:-269
Sample 46:-343
Sample 47:-285
Sample 48:-239
Sample 49:-159
Sample 50:-255
Sample 51:-261
Sample 52:-175
Sample 53:-249
Sample 54:-177
Sample 55:-75
Sample 56:-251
Sample 57:-359
Sample 58:-159
Sample 59:-337
Sample 60:-243
Sample 61:-269
Sample 62:-319
Sample 63:-341
Sample 64:-337
Sample 65:-303
Sample 66:-183
Sample 67:17
Sample 68:-259
Sample 69:-341
Sample 70:-343
Sample 71:-183
Sample 72:-327
Sample 73:-267
Sample 74:-325
Sample 75:-285
Sample 76:-75
Sample 77:-285
Sample 78:-259
Sample 79:-63
Sample 80:-269
Sample 81:-319
Sample 82:-325
Sample 83:-171
Sample 84:-361
Sample 85:-327
Sample 86:-341
Sample 87:-343
Sample 88:-185
Sample 89:-325
Sample 90:-319
Sample 91:15
Sample 92:-267
Sample 93:-269
Sample 94:-169
Sample 95:-269
Sample 96:-243
Sample 97:-73
Sample 98:-319
Sample 99:-341
Best Ham: -361
Sucess Probability: 90
Ham Average: -255.66
