Sample 0:-26
Sample 1:2
Sample 2:-26
Sample 3:-26
Sample 4:2
Sample 5:-26
Sample 6:-26
Sample 7:-18
Sample 8:-26
Sample 9:2
Sample 10:-26
Sample 11:-10
Sample 12:-26
Sample 13:2
Sample 14:-26
Sample 15:-26
Sample 16:-26
Sample 17:-26
Sample 18:-26
Sample 19:2
Sample 20:-26
Sample 21:-10
Sample 22:-18
Sample 23:-26
Sample 24:-18
Sample 25:-26
Sample 26:2
Sample 27:-26
Sample 28:2
Sample 29:-18
Sample 30:-26
Sample 31:-26
Sample 32:-26
Sample 33:-18
Sample 34:-26
Sample 35:-18
Sample 36:-26
Sample 37:-26
Sample 38:-26
Sample 39:-26
Sample 40:-26
Sample 41:-18
Sample 42:-18
Sample 43:-26
Sample 44:-10
Sample 45:-10
Sample 46:-26
Sample 47:-18
Sample 48:-18
Sample 49:-26
Sample 50:-18
Sample 51:-10
Sample 52:-18
Sample 53:-26
Sample 54:-26
Sample 55:-26
Sample 56:-18
Sample 57:2
Sample 58:-18
Sample 59:-26
Sample 60:-26
Sample 61:-26
Sample 62:-18
Sample 63:-26
Sample 64:-26
Sample 65:-18
Sample 66:-26
Sample 67:-18
Sample 68:-26
Sample 69:-26
Sample 70:-18
Sample 71:-26
Sample 72:-10
Sample 73:-18
Sample 74:-10
Sample 75:-26
Sample 76:-18
Sample 77:-18
Sample 78:-26
Sample 79:-26
Sample 80:-26
Sample 81:-10
Sample 82:-26
Sample 83:-26
Sample 84:-26
Sample 85:-26
Sample 86:-26
Sample 87:-26
Sample 88:-10
Sample 89:-26
Sample 90:-26
Sample 91:-26
Sample 92:-26
Sample 93:-26
Sample 94:-26
Sample 95:-10
Sample 96:-26
Sample 97:-10
Sample 98:2
Sample 99:-26
Best Ham: -26
Sucess Probability: 0
Ham Average: -20.04
