[[1 0 0 ... 0 0 7]
 [1 0 0 ... 0 7 0]
 [1 0 0 ... 7 0 0]
 ...
 [1 7 7 ... 0 0 0]
 [1 7 7 ... 0 0 0]
 [7 1 1 ... 1 1 1]]
7
test

{(1, 21): -3, (1, 20): 14, (1, 19): 13, (1, 18): -8, (1, 17): -2, (1, 16): 7, (1, 15): 10, (1, 14): -6, (1, 13): 10, (1, 12): 6, (1, 11): 5, (1, 10): -14, (1, 9): 10, (1, 8): 1, (1, 7): 12, (1, 6): 2, (1, 5): -6, (1, 4): -5, (1, 3): -11, (1, 2): -14, (2, 21): 3, (2, 20): -14, (2, 19): -13, (2, 18): 11, (2, 17): 8, (2, 16): 13, (2, 15): 10, (2, 14): 3, (2, 12): -13, (2, 11): -8, (2, 10): 5, (2, 9): -13, (2, 7): 8, (2, 6): 3, (2, 5): 13, (2, 4): -4, (2, 3): -3, (3, 21): 5, (3, 20): -10, (3, 19): 9, (3, 18): -2, (3, 17): 11, (3, 16): 4, (3, 15): -12, (3, 13): -12, (3, 12): -12, (3, 11): 14, (3, 10): 13, (3, 9): -7, (3, 8): 2, (3, 7): -9, (3, 5): -9, (3, 4): 9, (4, 20): -13, (4, 19): -7, (4, 18): 4, (4, 17): -9, (4, 16): 7, (4, 15): -2, (4, 14): -8, (4, 13): 14, (4, 12): 12, (4, 11): -5, (4, 10): -11, (4, 9): 3, (4, 7): -13, (4, 6): -12, (4, 5): 8, (5, 21): -14, (5, 20): -11, (5, 19): -3, (5, 17): 14, (5, 16): 8, (5, 15): -7, (5, 14): -4, (5, 13): 7, (5, 12): -4, (5, 11): 5, (5, 10): -7, (5, 9): -11, (5, 8): 9, (5, 7): 8, (5, 6): -8, (6, 21): -6, (6, 20): -10, (6, 19): 3, (6, 18): 11, (6, 17): 7, (6, 16): -2, (6, 15): 8, (6, 14): -11, (6, 13): -12, (6, 12): -2, (6, 11): 3, (6, 9): 4, (6, 8): 14, (7, 21): -9, (7, 19): -9, (7, 18): 12, (7, 17): -11, (7, 16): 12, (7, 15): -6, (7, 14): -12, (7, 13): 11, (7, 12): 7, (7, 11): -13, (7, 9): 13, (7, 8): -2, (8, 21): 11, (8, 20): 12, (8, 19): 5, (8, 18): -1, (8, 17): 11, (8, 16): 3, (8, 15): 5, (8, 14): 12, (8, 13): 7, (8, 12): 5, (8, 11): -1, (8, 10): 11, (8, 9): -13, (9, 21): -7, (9, 20): 12, (9, 19): 12, (9, 18): -13, (9, 17): 7, (9, 16): -1, (9, 15): -10, (9, 14): 7, (9, 13): 9, (9, 12): -8, (9, 11): -5, (9, 10): 14, (10, 21): 6, (10, 20): -14, (10, 18): -6, (10, 17): -4, (10, 16): -2, (10, 15): 2, (10, 14): 9, (10, 13): 13, (10, 12): -8, (10, 11): -1, (11, 20): -4, (11, 19): 6, (11, 18): -10, (11, 17): -6, (11, 16): 7, (11, 15): -8, (11, 14): 2, (11, 13): 3, (11, 12): 14, (12, 20): -1, (12, 19): 7, (12, 17): 1, (12, 16): -9, (12, 15): -9, (12, 14): 14, (12, 13): 1, (13, 21): -14, (13, 20): -5, (13, 19): 1, (13, 18): -10, (13, 17): -12, (13, 16): 10, (13, 15): 3, (13, 14): 4, (14, 21): 10, (14, 20): 3, (14, 19): -9, (14, 17): -9, (14, 16): 3, (15, 21): 9, (15, 20): -9, (15, 18): -7, (15, 17): -1, (15, 16): -14, (16, 21): 2, (16, 19): -14, (16, 18): -4, (16, 17): -9, (17, 21): -4, (17, 20): 2, (17, 19): -9, (17, 18): -1, (18, 21): 10, (18, 19): -11, (19, 20): 14, (20, 21): -9}
test1

{}
   1 21 20 19 18 17 16 15 14 13 12 11 10  9  8  7  6  5  4  3  2 energy num_oc.
0 -1 +1 +1 +1 -1 +1 -1 -1 +1 +1 -1 +1 +1 -1 -1 +1 +1 -1 +1 -1 +1 -535.0      14
1 +1 -1 -1 -1 +1 -1 +1 +1 -1 -1 +1 -1 +1 +1 +1 -1 -1 +1 -1 +1 -1 -535.0       2
2 -1 +1 +1 +1 -1 +1 -1 -1 +1 +1 -1 +1 -1 -1 -1 +1 +1 -1 +1 -1 +1 -535.0       3
3 +1 -1 -1 -1 +1 -1 +1 +1 -1 -1 +1 -1 -1 +1 +1 -1 -1 +1 -1 +1 -1 -535.0      27
4 +1 +1 +1 -1 -1 -1 -1 -1 -1 +1 +1 -1 -1 +1 -1 -1 +1 +1 -1 +1 +1 -529.0       4
5 -1 -1 -1 +1 +1 +1 +1 +1 +1 -1 -1 +1 +1 -1 +1 +1 -1 -1 +1 -1 -1 -529.0       3
['SPIN', 6 rows, 53 samples, 21 variables]
energies=[-535.0, -535.0, -535.0, -535.0, -529.0, -529.0]
