Sample 0:-133
Sample 1:-133
Sample 2:-133
Sample 3:-23
Sample 4:-133
Sample 5:-23
Sample 6:-133
Sample 7:-145
Sample 8:55
Sample 9:-145
Sample 10:-133
Sample 11:-145
Sample 12:-145
Sample 13:-133
Sample 14:55
Sample 15:-133
Sample 16:-133
Sample 17:-23
Sample 18:-145
Sample 19:-145
Sample 20:-101
Sample 21:-145
Sample 22:-133
Sample 23:-23
Sample 24:-101
Sample 25:-145
Sample 26:-145
Sample 27:-145
Sample 28:-133
Sample 29:-133
Sample 30:-145
Sample 31:-23
Sample 32:-133
Sample 33:-133
Sample 34:-145
Sample 35:-23
Sample 36:-133
Sample 37:-145
Sample 38:-145
Sample 39:-145
Sample 40:-145
Sample 41:-145
Sample 42:-145
Sample 43:-145
Sample 44:-133
Sample 45:-133
Sample 46:-145
Sample 47:-101
Sample 48:-133
Sample 49:-23
Sample 50:-145
Sample 51:-133
Sample 52:-133
Sample 53:-133
Sample 54:-145
Sample 55:-145
Sample 56:-133
Sample 57:-133
Sample 58:-145
Sample 59:-133
Sample 60:-133
Sample 61:-23
Sample 62:-133
Sample 63:-133
Sample 64:-145
Sample 65:-145
Sample 66:-145
Sample 67:-133
Sample 68:-145
Sample 69:-133
Sample 70:-23
Sample 71:-133
Sample 72:-145
Sample 73:-145
Sample 74:-29
Sample 75:-133
Sample 76:-145
Sample 77:-133
Sample 78:-133
Sample 79:-133
Sample 80:-101
Sample 81:1
Sample 82:-145
Sample 83:-145
Sample 84:-133
Sample 85:-145
Sample 86:-133
Sample 87:-133
Sample 88:-145
Sample 89:-101
Sample 90:-133
Sample 91:-133
Sample 92:-133
Sample 93:-145
Sample 94:-145
Sample 95:-145
Sample 96:-23
Sample 97:-145
Sample 98:-133
Sample 99:-133
Best Ham: -145
Sucess Probability: 0
Ham Average: -118.94
