Sample 0:-8
Sample 1:-8
Sample 2:-8
Sample 3:-8
Sample 4:-8
Sample 5:-8
Sample 6:-2
Sample 7:-8
Sample 8:-8
Sample 9:-8
Sample 10:-8
Sample 11:-8
Sample 12:-2
Sample 13:4
Sample 14:-8
Sample 15:-2
Sample 16:-8
Sample 17:-8
Sample 18:6
Sample 19:-8
Sample 20:-8
Sample 21:-8
Sample 22:-8
Sample 23:-8
Sample 24:-8
Sample 25:-8
Sample 26:-8
Sample 27:-8
Sample 28:-2
Sample 29:-2
Sample 30:-2
Sample 31:-8
Sample 32:-2
Sample 33:-8
Sample 34:-8
Sample 35:-8
Sample 36:-8
Sample 37:-8
Sample 38:-8
Sample 39:-8
Sample 40:-2
Sample 41:-8
Sample 42:-8
Sample 43:-8
Sample 44:-8
Sample 45:-8
Sample 46:-2
Sample 47:-8
Sample 48:-8
Sample 49:-8
Sample 50:-8
Sample 51:-2
Sample 52:-8
Sample 53:-2
Sample 54:-8
Sample 55:-8
Sample 56:-2
Sample 57:-2
Sample 58:-8
Sample 59:-2
Sample 60:-2
Sample 61:-8
Sample 62:-2
Sample 63:-8
Sample 64:-2
Sample 65:-8
Sample 66:-8
Sample 67:-2
Sample 68:-8
Sample 69:6
Sample 70:-8
Sample 71:-2
Sample 72:-8
Sample 73:-8
Sample 74:-2
Sample 75:-8
Sample 76:-8
Sample 77:-8
Sample 78:-8
Sample 79:-8
Sample 80:-8
Sample 81:-8
Sample 82:-8
Sample 83:-8
Sample 84:-8
Sample 85:-8
Sample 86:-8
Sample 87:-8
Sample 88:-8
Sample 89:-8
Sample 90:-8
Sample 91:-2
Sample 92:-2
Sample 93:-8
Sample 94:-8
Sample 95:-2
Sample 96:-8
Sample 97:-8
Sample 98:-2
Sample 99:-2
Best Ham: -8
Sucess Probability: 0
Ham Average: -6.1
