Sample 0:-94
Sample 1:-30
Sample 2:-112
Sample 3:-94
Sample 4:-104
Sample 5:-102
Sample 6:-32
Sample 7:-14
Sample 8:-32
Sample 9:-104
Sample 10:-112
Sample 11:-112
Sample 12:-102
Sample 13:-30
Sample 14:-94
Sample 15:-104
Sample 16:-94
Sample 17:-94
Sample 18:-94
Sample 19:-112
Sample 20:-102
Sample 21:-102
Sample 22:-112
Sample 23:-112
Sample 24:-112
Sample 25:-104
Sample 26:-102
Sample 27:-32
Sample 28:-104
Sample 29:-112
Sample 30:32
Sample 31:-32
Sample 32:-52
Sample 33:-54
Sample 34:-104
Sample 35:-94
Sample 36:-94
Sample 37:-20
Sample 38:-104
Sample 39:-54
Sample 40:-112
Sample 41:-104
Sample 42:-16
Sample 43:-112
Sample 44:-112
Sample 45:-104
Sample 46:-56
Sample 47:-112
Sample 48:-104
Sample 49:-24
Sample 50:-94
Sample 51:-46
Sample 52:-102
Sample 53:-20
Sample 54:-104
Sample 55:-94
Sample 56:-102
Sample 57:-104
Sample 58:-54
Sample 59:-32
Sample 60:-30
Sample 61:-94
Sample 62:-104
Sample 63:-56
Sample 64:-40
Sample 65:-112
Sample 66:-52
Sample 67:-112
Sample 68:-14
Sample 69:-104
Sample 70:-104
Sample 71:-102
Sample 72:-104
Sample 73:-94
Sample 74:-104
Sample 75:-30
Sample 76:-40
Sample 77:-20
Sample 78:-112
Sample 79:-30
Sample 80:-104
Sample 81:-102
Sample 82:-102
Sample 83:-16
Sample 84:-94
Sample 85:-40
Sample 86:-102
Sample 87:-104
Sample 88:-46
Sample 89:-112
Sample 90:-104
Sample 91:-14
Sample 92:-104
Sample 93:-104
Sample 94:-104
Sample 95:-94
Sample 96:-102
Sample 97:-94
Sample 98:-40
Sample 99:-24
Best Ham: -112
Sucess Probability: 0
Ham Average: -79.08
