Sample 0:-352
Sample 1:-352
Sample 2:-352
Sample 3:-352
Sample 4:-352
Sample 5:-352
Sample 6:-352
Sample 7:-352
Sample 8:-352
Sample 9:-352
Sample 10:-352
Sample 11:-352
Sample 12:-352
Sample 13:-352
Sample 14:-352
Sample 15:-352
Sample 16:-352
Sample 17:-352
Sample 18:-352
Sample 19:34
Sample 20:-352
Sample 21:-352
Sample 22:-352
Sample 23:-352
Sample 24:-352
Sample 25:-352
Sample 26:-352
Sample 27:-352
Sample 28:-352
Sample 29:-352
Sample 30:-352
Sample 31:-352
Sample 32:-352
Sample 33:-352
Sample 34:-352
Sample 35:-352
Sample 36:-352
Sample 37:-352
Sample 38:-352
Sample 39:-352
Sample 40:-352
Sample 41:-352
Sample 42:-352
Sample 43:-352
Sample 44:-352
Sample 45:-352
Sample 46:-352
Sample 47:-352
Sample 48:-352
Sample 49:-352
Sample 50:-352
Sample 51:-352
Sample 52:-352
Sample 53:-352
Sample 54:-352
Sample 55:-352
Sample 56:-352
Sample 57:-352
Sample 58:-352
Sample 59:-352
Sample 60:-352
Sample 61:-352
Sample 62:-352
Sample 63:-352
Sample 64:-352
Sample 65:-352
Sample 66:-352
Sample 67:-352
Sample 68:-352
Sample 69:-352
Sample 70:-352
Sample 71:-352
Sample 72:-352
Sample 73:-352
Sample 74:-352
Sample 75:-352
Sample 76:-352
Sample 77:-352
Sample 78:34
Sample 79:-352
Sample 80:-352
Sample 81:-352
Sample 82:-352
Sample 83:-352
Sample 84:-352
Sample 85:-352
Sample 86:-352
Sample 87:-352
Sample 88:-352
Sample 89:-352
Sample 90:-352
Sample 91:-352
Sample 92:-352
Sample 93:-352
Sample 94:-352
Sample 95:-352
Sample 96:-352
Sample 97:-352
Sample 98:-352
Sample 99:-352
Best Ham: -352
Sucess Probability: 98
Ham Average: -344.28
