Sample 0:-207
Sample 1:-229
Sample 2:-207
Sample 3:-229
Sample 4:-71
Sample 5:-207
Sample 6:-229
Sample 7:-207
Sample 8:-207
Sample 9:-207
Sample 10:-229
Sample 11:-207
Sample 12:119
Sample 13:101
Sample 14:-229
Sample 15:-207
Sample 16:-51
Sample 17:-207
Sample 18:-207
Sample 19:-229
Sample 20:-207
Sample 21:-207
Sample 22:-207
Sample 23:-207
Sample 24:-229
Sample 25:-207
Sample 26:-229
Sample 27:-207
Sample 28:-229
Sample 29:-51
Sample 30:-229
Sample 31:-195
Sample 32:113
Sample 33:-229
Sample 34:-51
Sample 35:101
Sample 36:-229
Sample 37:-207
Sample 38:-207
Sample 39:-207
Sample 40:-229
Sample 41:-195
Sample 42:-207
Sample 43:-207
Sample 44:-207
Sample 45:119
Sample 46:-229
Sample 47:119
Sample 48:-207
Sample 49:-207
Sample 50:-51
Sample 51:-207
Sample 52:-207
Sample 53:-207
Sample 54:119
Sample 55:-207
Sample 56:-229
Sample 57:-207
Sample 58:-21
Sample 59:-161
Sample 60:-229
Sample 61:119
Sample 62:-207
Sample 63:-207
Sample 64:-229
Sample 65:-207
Sample 66:-207
Sample 67:-207
Sample 68:-207
Sample 69:-229
Sample 70:-207
Sample 71:-207
Sample 72:-207
Sample 73:-207
Sample 74:-71
Sample 75:-207
Sample 76:-207
Sample 77:-207
Sample 78:-207
Sample 79:17
Sample 80:-207
Sample 81:-51
Sample 82:-207
Sample 83:-21
Sample 84:-207
Sample 85:-229
Sample 86:-65
Sample 87:-207
Sample 88:-229
Sample 89:-101
Sample 90:-207
Sample 91:39
Sample 92:-207
Sample 93:-229
Sample 94:-207
Sample 95:-207
Sample 96:-207
Sample 97:-207
Sample 98:-229
Sample 99:-207
Best Ham: -229
Sucess Probability: 79
Ham Average: -164.06
