[[1 0 0 ... 0 0 7]
 [1 0 0 ... 0 7 0]
 [1 0 0 ... 7 0 0]
 ...
 [1 1 7 ... 0 0 0]
 [1 7 0 ... 0 0 0]
 [7 1 1 ... 1 1 1]]
0
test

{(1, 18): 8, (1, 17): -1, (1, 15): -3, (1, 14): 7, (1, 12): 14, (1, 9): -14, (1, 8): -7, (1, 4): -14, (1, 2): -1, (2, 17): 6, (2, 14): 7, (2, 13): -5, (2, 8): 4, (2, 7): 8, (2, 5): 10, (2, 4): -14, (3, 16): -10, (3, 11): -10, (3, 10): 11, (3, 9): -7, (3, 8): 9, (3, 7): -14, (3, 6): 2, (4, 16): -3, (4, 14): -6, (4, 12): -14, (4, 11): -8, (4, 10): -2, (4, 8): -6, (5, 17): -9, (5, 15): -4, (5, 11): -7, (5, 7): 8, (6, 18): 7, (6, 16): -1, (6, 12): 11, (6, 11): 1, (7, 17): 12, (7, 16): -3, (7, 15): 13, (7, 11): 11, (7, 9): 11, (8, 18): 4, (8, 17): 12, (8, 15): 4, (8, 14): 14, (8, 13): 9, (8, 11): -10, (9, 18): 5, (9, 17): -14, (9, 14): 7, (9, 13): 14, (9, 12): 13, (9, 11): -3, (9, 10): -2, (10, 17): -8, (10, 15): -1, (10, 13): -8, (10, 12): -2, (11, 18): 5, (11, 17): -11, (11, 15): 9, (11, 14): -9, (11, 13): -4, (11, 12): 13, (12, 18): -13, (12, 17): -2, (12, 15): 3, (12, 13): 5, (13, 14): -9, (14, 18): 7, (14, 15): -11, (15, 18): -3, (15, 17): -5, (15, 16): 3, (16, 17): -11, (17, 18): -4}
test1

{}
   1 18 17 15 14 12  9  8  4  2 13  7  5  3 16 11 10  6 energy num_oc.
0 -1 +1 -1 -1 -1 +1 -1 +1 -1 -1 -1 +1 -1 -1 -1 -1 -1 -1 -288.0      13
1 +1 -1 +1 +1 +1 -1 +1 -1 +1 +1 +1 -1 +1 +1 +1 +1 +1 +1 -288.0      18
2 +1 -1 -1 -1 -1 -1 +1 +1 +1 +1 -1 +1 -1 +1 +1 +1 -1 +1 -280.0      10
3 -1 +1 +1 +1 +1 +1 -1 -1 -1 -1 +1 -1 +1 -1 -1 -1 +1 -1 -280.0      12
4 -1 +1 -1 -1 -1 +1 -1 +1 -1 -1 -1 +1 -1 +1 +1 -1 -1 -1 -272.0       1
['SPIN', 5 rows, 54 samples, 18 variables]
energies=[-288.0, -288.0, -280.0, -280.0, -272.0]
