Sample 0:-1144
Sample 1:-1144
Sample 2:-1144
Sample 3:-1144
Sample 4:-1144
Sample 5:-1144
Sample 6:-1144
Sample 7:-1144
Sample 8:-1144
Sample 9:-1144
Sample 10:-1144
Sample 11:-1144
Sample 12:-1144
Sample 13:-1144
Sample 14:-1144
Sample 15:-1144
Sample 16:-1144
Sample 17:-1144
Sample 18:-1144
Sample 19:-1144
Sample 20:-1144
Sample 21:-1144
Sample 22:-1144
Sample 23:-1144
Sample 24:-1144
Sample 25:-1144
Sample 26:-1144
Sample 27:-1144
Sample 28:-1144
Sample 29:-1144
Sample 30:-1144
Sample 31:-1144
Sample 32:-1144
Sample 33:-1144
Sample 34:-1144
Sample 35:-1144
Sample 36:-1144
Sample 37:-1144
Sample 38:-1144
Sample 39:-1144
Sample 40:-1144
Sample 41:-1144
Sample 42:-1144
Sample 43:-1144
Sample 44:-1144
Sample 45:-1144
Sample 46:-1144
Sample 47:-1144
Sample 48:-1144
Sample 49:-1144
Sample 50:-1144
Sample 51:-1144
Sample 52:-1144
Sample 53:-1144
Sample 54:-1144
Sample 55:-1144
Sample 56:-1144
Sample 57:-1144
Sample 58:-1144
Sample 59:-1144
Sample 60:-1144
Sample 61:-1144
Sample 62:-1144
Sample 63:-1144
Sample 64:-1144
Sample 65:-1144
Sample 66:-1144
Sample 67:-1144
Sample 68:-1144
Sample 69:-1144
Sample 70:-1144
Sample 71:-1144
Sample 72:-1144
Sample 73:-1144
Sample 74:-1144
Sample 75:-1144
Sample 76:-1144
Sample 77:-1144
Sample 78:-1144
Sample 79:-1144
Sample 80:-1144
Sample 81:-1144
Sample 82:-1144
Sample 83:-1144
Sample 84:-1144
Sample 85:-1144
Sample 86:-1144
Sample 87:-1144
Sample 88:-1144
Sample 89:-1144
Sample 90:78
Sample 91:-1144
Sample 92:-1144
Sample 93:-1144
Sample 94:-1144
Sample 95:-1144
Sample 96:-1144
Sample 97:-1144
Sample 98:-1144
Sample 99:-1144
Best Ham: -1144
Sucess Probability: 99
Ham Average: -1131.78
