Sample 0:1
Sample 1:-17
Sample 2:-1
Sample 3:1
Sample 4:-13
Sample 5:-11
Sample 6:-11
Sample 7:-17
Sample 8:-13
Sample 9:-17
Sample 10:-17
Sample 11:-13
Sample 12:-13
Sample 13:-13
Sample 14:-13
Sample 15:1
Sample 16:-17
Sample 17:1
Sample 18:1
Sample 19:-1
Sample 20:-17
Sample 21:1
Sample 22:-17
Sample 23:-13
Sample 24:-17
Sample 25:5
Sample 26:-13
Sample 27:-1
Sample 28:-13
Sample 29:5
Sample 30:1
Sample 31:-13
Sample 32:-13
Sample 33:1
Sample 34:1
Sample 35:1
Sample 36:5
Sample 37:-13
Sample 38:-17
Sample 39:-13
Sample 40:1
Sample 41:1
Sample 42:-11
Sample 43:-13
Sample 44:1
Sample 45:-17
Sample 46:1
Sample 47:-13
Sample 48:-13
Sample 49:-13
Sample 50:-1
Sample 51:1
Sample 52:-13
Sample 53:1
Sample 54:-13
Sample 55:-13
Sample 56:-17
Sample 57:-11
Sample 58:-13
Sample 59:-13
Sample 60:1
Sample 61:-13
Sample 62:-13
Sample 63:-13
Sample 64:5
Sample 65:1
Sample 66:5
Sample 67:1
Sample 68:9
Sample 69:-13
Sample 70:1
Sample 71:1
Sample 72:-13
Sample 73:-11
Sample 74:1
Sample 75:1
Sample 76:-13
Sample 77:-13
Sample 78:-13
Sample 79:1
Sample 80:1
Sample 81:-13
Sample 82:1
Sample 83:-13
Sample 84:1
Sample 85:-1
Sample 86:1
Sample 87:-17
Sample 88:-13
Sample 89:-13
Sample 90:-17
Sample 91:1
Sample 92:5
Sample 93:-11
Sample 94:1
Sample 95:1
Sample 96:1
Sample 97:5
Sample 98:-17
Sample 99:1
Best Ham: -17
Sucess Probability: 0
Ham Average: -6.74
