Sample 0:-26
Sample 1:-40
Sample 2:-48
Sample 3:-76
Sample 4:-64
Sample 5:-34
Sample 6:-52
Sample 7:-34
Sample 8:-48
Sample 9:-18
Sample 10:-40
Sample 11:-22
Sample 12:-18
Sample 13:-18
Sample 14:-28
Sample 15:-66
Sample 16:-42
Sample 17:-70
Sample 18:-10
Sample 19:-62
Sample 20:36
Sample 21:-34
Sample 22:-36
Sample 23:-34
Sample 24:-22
Sample 25:-32
Sample 26:-32
Sample 27:-28
Sample 28:-66
Sample 29:-18
Sample 30:-86
Sample 31:-36
Sample 32:-68
Sample 33:-48
Sample 34:-52
Sample 35:-38
Sample 36:-18
Sample 37:-72
Sample 38:-54
Sample 39:-54
Sample 40:-20
Sample 41:-22
Sample 42:-42
Sample 43:-58
Sample 44:-74
Sample 45:-36
Sample 46:44
Sample 47:-58
Sample 48:-10
Sample 49:2
Sample 50:-18
Sample 51:-44
Sample 52:-24
Sample 53:-10
Sample 54:-46
Sample 55:-32
Sample 56:12
Sample 57:-12
Sample 58:-106
Sample 59:-58
Sample 60:-58
Sample 61:-46
Sample 62:-62
Sample 63:-40
Sample 64:-40
Sample 65:-64
Sample 66:-8
Sample 67:-56
Sample 68:20
Sample 69:-64
Sample 70:-34
Sample 71:-6
Sample 72:-106
Sample 73:-48
Sample 74:-48
Sample 75:-50
Sample 76:-84
Sample 77:-44
Sample 78:-82
Sample 79:-26
Sample 80:-48
Sample 81:-58
Sample 82:-40
Sample 83:-62
Sample 84:-70
Sample 85:-40
Sample 86:22
Sample 87:-6
Sample 88:-68
Sample 89:-68
Sample 90:-50
Sample 91:-22
Sample 92:-52
Sample 93:-62
Sample 94:-92
Sample 95:-66
Sample 96:-54
Sample 97:-40
Sample 98:-64
Sample 99:-18
Best Ham: -106
Sucess Probability: 0
Ham Average: -41.24
