Sample 0:-116
Sample 1:-108
Sample 2:-118
Sample 3:-76
Sample 4:-84
Sample 5:-82
Sample 6:-108
Sample 7:-46
Sample 8:-74
Sample 9:-42
Sample 10:-118
Sample 11:-88
Sample 12:-122
Sample 13:-90
Sample 14:-88
Sample 15:-116
Sample 16:-12
Sample 17:-86
Sample 18:-116
Sample 19:-94
Sample 20:-88
Sample 21:-50
Sample 22:-96
Sample 23:-10
Sample 24:-64
Sample 25:-64
Sample 26:-70
Sample 27:-88
Sample 28:-116
Sample 29:-12
Sample 30:-94
Sample 31:-116
Sample 32:-84
Sample 33:-126
Sample 34:-82
Sample 35:-118
Sample 36:-72
Sample 37:10
Sample 38:-94
Sample 39:-84
Sample 40:-126
Sample 41:-118
Sample 42:-96
Sample 43:-96
Sample 44:50
Sample 45:-84
Sample 46:-86
Sample 47:-90
Sample 48:-76
Sample 49:-2
Sample 50:-22
Sample 51:-76
Sample 52:-74
Sample 53:-86
Sample 54:-42
Sample 55:-62
Sample 56:-118
Sample 57:-68
Sample 58:-118
Sample 59:-94
Sample 60:-104
Sample 61:-118
Sample 62:-70
Sample 63:-42
Sample 64:-60
Sample 65:-82
Sample 66:-86
Sample 67:-76
Sample 68:-116
Sample 69:-76
Sample 70:-94
Sample 71:-82
Sample 72:-118
Sample 73:-6
Sample 74:-118
Sample 75:-94
Sample 76:-76
Sample 77:-118
Sample 78:-126
Sample 79:-116
Sample 80:-118
Sample 81:-96
Sample 82:-118
Sample 83:-126
Sample 84:-84
Sample 85:-64
Sample 86:-118
Sample 87:-116
Sample 88:-68
Sample 89:-82
Sample 90:-86
Sample 91:-82
Sample 92:-118
Sample 93:-126
Sample 94:-116
Sample 95:-82
Sample 96:-108
Sample 97:-82
Sample 98:-70
Sample 99:-116
Best Ham: -126
Sucess Probability: 0
Ham Average: -85.4
