[[1 0 0 ... 0 0 7]
 [1 0 0 ... 0 7 0]
 [1 0 0 ... 7 0 0]
 ...
 [1 5 7 ... 0 0 0]
 [1 7 4 ... 0 0 0]
 [7 1 1 ... 1 1 1]]
4
test

{(1, 8): 5, (1, 3): -13, (1, 2): -9, (2, 13): 2, (2, 12): 11, (2, 10): -11, (2, 7): 7, (2, 6): 13, (2, 3): 10, (3, 12): -1, (3, 8): -11, (3, 7): -1, (4, 8): 4, (4, 7): 10, (4, 6): 3, (5, 12): -7, (5, 11): -13, (5, 10): -1, (5, 6): -1, (6, 13): 9, (6, 12): 2, (6, 10): 9, (6, 8): -3, (6, 7): 9, (7, 12): -3, (7, 11): -8, (7, 10): -6, (8, 13): -9, (8, 12): 8, (8, 10): -12, (11, 12): -5}
test1

{}
   1  8  3  2 13 12 10  7  6  4  5 11 energy num_oc.
0 -1 -1 -1 -1 -1 +1 -1 +1 +1 -1 +1 +1 -128.0      19
1 +1 +1 +1 +1 +1 -1 +1 -1 -1 +1 -1 -1 -128.0      26
2 -1 -1 -1 -1 -1 +1 -1 -1 +1 +1 +1 +1 -126.0       2
3 +1 +1 +1 +1 +1 -1 +1 +1 -1 -1 -1 -1 -126.0       1
4 -1 +1 -1 +1 +1 -1 +1 -1 -1 +1 -1 -1 -122.0       1
5 +1 -1 +1 -1 -1 +1 -1 +1 +1 -1 +1 +1 -122.0       2
6 +1 -1 +1 -1 -1 +1 -1 -1 +1 +1 +1 +1 -116.0       5
['SPIN', 7 rows, 56 samples, 12 variables]
energies=[-128.0, -128.0, -126.0, -126.0, -122.0, -122.0, -116.0]
