[[1 0 0 ... 0 0 7]
 [1 0 0 ... 0 7 0]
 [1 0 0 ... 7 0 0]
 ...
 [1 0 7 ... 0 0 0]
 [1 7 0 ... 0 0 0]
 [7 1 1 ... 1 1 1]]
0
test

{(1, 9): 14, (1, 8): 4, (1, 7): 3, (1, 4): -6, (2, 9): 2, (2, 5): 9, (2, 4): 11, (3, 7): 12, (3, 4): -12, (4, 9): 11, (4, 7): 13, (4, 6): -12, (4, 5): 1, (5, 9): 12, (5, 8): -9, (5, 7): -14, (6, 9): 11, (7, 8): -9}
test1

{}
   1  9  8  7  4  2  5  3  6 energy num_oc.
0 +1 -1 -1 -1 +1 -1 -1 +1 +1 -119.0      16
1 +1 -1 -1 -1 +1 +1 -1 +1 +1 -119.0       2
2 -1 +1 +1 +1 -1 +1 +1 -1 -1 -119.0      22
3 -1 +1 +1 +1 -1 -1 +1 -1 -1 -119.0       1
4 -1 +1 -1 -1 +1 -1 -1 +1 +1  -77.0       9
5 +1 -1 +1 +1 -1 +1 +1 -1 -1  -77.0       3
['SPIN', 6 rows, 53 samples, 9 variables]
energies=[-119.0, -119.0, -119.0, -119.0, -77.0, -77.0]
