Sample 0:-595
Sample 1:-585
Sample 2:-701
Sample 3:-505
Sample 4:-595
Sample 5:-505
Sample 6:-455
Sample 7:-743
Sample 8:-595
Sample 9:-505
Sample 10:-505
Sample 11:-703
Sample 12:-595
Sample 13:-53
Sample 14:-595
Sample 15:-595
Sample 16:-743
Sample 17:-595
Sample 18:-505
Sample 19:-557
Sample 20:-743
Sample 21:-595
Sample 22:-505
Sample 23:-743
Sample 24:-585
Sample 25:-353
Sample 26:-87
Sample 27:-55
Sample 28:-585
Sample 29:-585
Sample 30:-505
Sample 31:-743
Sample 32:-557
Sample 33:-505
Sample 34:-595
Sample 35:-387
Sample 36:-55
Sample 37:-595
Sample 38:-743
Sample 39:-505
Sample 40:-405
Sample 41:-743
Sample 42:-595
Sample 43:-505
Sample 44:-127
Sample 45:-505
Sample 46:-743
Sample 47:-595
Sample 48:-505
Sample 49:-595
Sample 50:-505
Sample 51:-185
Sample 52:-595
Sample 53:-743
Sample 54:-505
Sample 55:-107
Sample 56:-595
Sample 57:-505
Sample 58:-505
Sample 59:-595
Sample 60:-743
Sample 61:-505
Sample 62:-505
Sample 63:-1
Sample 64:-839
Sample 65:-505
Sample 66:-505
Sample 67:-505
Sample 68:95
Sample 69:-595
Sample 70:-505
Sample 71:-483
Sample 72:-1
Sample 73:-595
Sample 74:-505
Sample 75:-505
Sample 76:-595
Sample 77:-585
Sample 78:-405
Sample 79:-595
Sample 80:-485
Sample 81:-595
Sample 82:-505
Sample 83:-595
Sample 84:-743
Sample 85:-505
Sample 86:-405
Sample 87:-505
Sample 88:-95
Sample 89:-505
Sample 90:-505
Sample 91:-243
Sample 92:-505
Sample 93:-505
Sample 94:-505
Sample 95:-485
Sample 96:-445
Sample 97:-445
Sample 98:-595
Sample 99:-595
Best Ham: -839
Sucess Probability: 90
Ham Average: -505.62
