Sample 0:-806
Sample 1:-646
Sample 2:-792
Sample 3:-750
Sample 4:-526
Sample 5:-576
Sample 6:-750
Sample 7:-810
Sample 8:-792
Sample 9:-750
Sample 10:-750
Sample 11:-792
Sample 12:-792
Sample 13:-750
Sample 14:90
Sample 15:-782
Sample 16:-750
Sample 17:-750
Sample 18:-792
Sample 19:-792
Sample 20:-792
Sample 21:-750
Sample 22:-526
Sample 23:-750
Sample 24:-792
Sample 25:-856
Sample 26:-74
Sample 27:-750
Sample 28:-308
Sample 29:-792
Sample 30:-792
Sample 31:-526
Sample 32:-666
Sample 33:6
Sample 34:-750
Sample 35:-792
Sample 36:-856
Sample 37:-792
Sample 38:-780
Sample 39:-346
Sample 40:-792
Sample 41:-750
Sample 42:-612
Sample 43:-330
Sample 44:-750
Sample 45:-750
Sample 46:-750
Sample 47:-792
Sample 48:-750
Sample 49:-692
Sample 50:-792
Sample 51:-810
Sample 52:-750
Sample 53:-638
Sample 54:-730
Sample 55:-782
Sample 56:-806
Sample 57:-392
Sample 58:-576
Sample 59:-750
Sample 60:-750
Sample 61:-856
Sample 62:-576
Sample 63:-750
Sample 64:-526
Sample 65:-750
Sample 66:-792
Sample 67:-792
Sample 68:-166
Sample 69:-810
Sample 70:-792
Sample 71:-750
Sample 72:-760
Sample 73:-750
Sample 74:-730
Sample 75:-856
Sample 76:-378
Sample 77:-792
Sample 78:-750
Sample 79:-750
Sample 80:-750
Sample 81:-330
Sample 82:-792
Sample 83:-628
Sample 84:-792
Sample 85:-750
Sample 86:-646
Sample 87:-792
Sample 88:-792
Sample 89:-792
Sample 90:-792
Sample 91:-184
Sample 92:-750
Sample 93:-392
Sample 94:-856
Sample 95:-792
Sample 96:-792
Sample 97:-576
Sample 98:-792
Sample 99:-576
Best Ham: -856
Sucess Probability: 97
Ham Average: -683.78
