[[1 0 0 ... 0 0 7]
 [1 0 0 ... 0 7 0]
 [1 0 0 ... 7 0 0]
 ...
 [1 7 7 ... 0 0 0]
 [1 7 7 ... 0 0 0]
 [7 1 1 ... 1 1 1]]
7
test

{(1, 34): -12, (1, 30): 10, (1, 27): -10, (1, 25): -10, (1, 24): 6, (1, 22): -8, (1, 21): -14, (1, 20): -6, (1, 19): -1, (1, 18): 8, (1, 17): -9, (1, 13): 2, (1, 11): -12, (1, 10): 9, (1, 9): -12, (1, 8): 13, (1, 7): 7, (1, 6): -8, (1, 5): -13, (1, 3): 1, (1, 2): -14, (2, 34): 14, (2, 33): -5, (2, 32): 11, (2, 31): -7, (2, 28): -4, (2, 27): -9, (2, 26): -9, (2, 25): 4, (2, 22): 1, (2, 21): 10, (2, 20): 9, (2, 19): -7, (2, 18): 13, (2, 17): 6, (2, 14): 4, (2, 13): -11, (2, 12): 10, (2, 10): -1, (2, 9): 5, (2, 8): -11, (2, 7): -8, (2, 6): -4, (2, 5): 2, (2, 4): 10, (2, 3): 7, (3, 34): -13, (3, 33): 11, (3, 31): -9, (3, 30): 7, (3, 27): 11, (3, 26): -11, (3, 25): 13, (3, 24): -1, (3, 23): 14, (3, 22): -4, (3, 21): -13, (3, 20): 14, (3, 17): -5, (3, 16): 8, (3, 15): -13, (3, 11): -10, (3, 10): 10, (3, 9): 10, (3, 7): 10, (3, 5): -4, (3, 4): 2, (4, 34): 2, (4, 33): 5, (4, 32): -14, (4, 31): -8, (4, 30): -7, (4, 28): -4, (4, 27): -13, (4, 25): 13, (4, 24): 1, (4, 23): -7, (4, 21): -13, (4, 20): 5, (4, 19): 3, (4, 18): 4, (4, 17): 7, (4, 16): 11, (4, 15): -2, (4, 12): 6, (4, 11): 10, (4, 10): 14, (4, 9): -10, (4, 8): 4, (4, 7): -4, (4, 5): -2, (5, 34): -1, (5, 32): -7, (5, 31): 2, (5, 30): -4, (5, 28): 12, (5, 27): 12, (5, 25): 7, (5, 24): 9, (5, 23): 6, (5, 21): 5, (5, 20): -11, (5, 17): 13, (5, 16): -10, (5, 15): 3, (5, 13): 6, (5, 9): 8, (5, 8): -5, (5, 7): -11, (6, 34): 5, (6, 33): 2, (6, 32): -7, (6, 30): -2, (6, 27): -12, (6, 25): 6, (6, 21): 3, (6, 20): 6, (6, 18): -13, (6, 17): 7, (6, 16): -12, (6, 15): 3, (6, 14): 5, (6, 12): 14, (6, 11): 9, (6, 10): -2, (6, 9): 1, (6, 7): -7, (7, 34): 4, (7, 33): -12, (7, 32): 12, (7, 30): 4, (7, 26): -1, (7, 25): 14, (7, 21): -9, (7, 20): 3, (7, 19): -11, (7, 17): -12, (7, 14): -4, (7, 13): 10, (7, 12): -14, (7, 11): -1, (7, 8): -3, (8, 34): 8, (8, 33): 7, (8, 32): 11, (8, 31): 10, (8, 28): 2, (8, 26): -9, (8, 25): 11, (8, 24): 1, (8, 23): -1, (8, 21): 6, (8, 20): 14, (8, 19): 3, (8, 18): 14, (8, 17): -3, (8, 15): 9, (8, 14): -6, (8, 13): 2, (8, 12): -6, (8, 11): -13, (8, 9): -9, (9, 34): 4, (9, 33): 2, (9, 30): 5, (9, 29): 8, (9, 28): -6, (9, 27): -3, (9, 26): -12, (9, 24): 12, (9, 23): 10, (9, 22): 11, (9, 21): 1, (9, 19): -8, (9, 18): 5, (9, 17): -3, (9, 16): -8, (9, 14): -14, (9, 11): -5, (10, 34): 8, (10, 32): 4, (10, 31): 11, (10, 29): 12, (10, 27): 1, (10, 26): 10, (10, 23): 4, (10, 21): 8, (10, 20): -11, (10, 19): 13, (10, 18): 5, (10, 17): -3, (10, 16): -11, (10, 14): 1, (10, 13): -11, (10, 11): -6, (11, 34): 12, (11, 33): 1, (11, 32): -3, (11, 31): -4, (11, 30): 6, (11, 29): -3, (11, 27): -5, (11, 26): 12, (11, 24): 13, (11, 23): -9, (11, 22): 9, (11, 20): -7, (11, 19): -14, (11, 18): 4, (11, 17): 1, (11, 15): 7, (11, 14): 11, (11, 13): 3, (11, 12): 6, (12, 34): -10, (12, 33): 4, (12, 32): -6, (12, 30): 3, (12, 29): -2, (12, 28): 10, (12, 27): 7, (12, 26): -2, (12, 25): -10, (12, 24): 1, (12, 23): -10, (12, 22): 12, (12, 21): 1, (12, 20): -6, (12, 19): -9, (12, 18): 2, (12, 17): -5, (12, 16): -2, (12, 15): -5, (12, 14): -13, (12, 13): -4, (13, 34): 14, (13, 33): 4, (13, 31): -14, (13, 30): 7, (13, 29): -3, (13, 28): -6, (13, 27): 13, (13, 26): -8, (13, 25): 2, (13, 23): 1, (13, 22): -13, (13, 19): 13, (13, 18): 7, (13, 14): -2, (14, 34): -9, (14, 33): -4, (14, 32): 7, (14, 30): -2, (14, 29): -4, (14, 28): 11, (14, 27): 8, (14, 26): -9, (14, 24): -11, (14, 23): -14, (14, 22): 10, (14, 21): -9, (14, 19): 13, (14, 18): 1, (14, 15): 10, (15, 34): -13, (15, 33): 14, (15, 32): 3, (15, 31): 12, (15, 30): 11, (15, 29): 1, (15, 28): 12, (15, 26): -7, (15, 22): 3, (15, 19): -10, (16, 34): 10, (16, 33): -10, (16, 32): 6, (16, 31): -3, (16, 27): 14, (16, 26): 2, (16, 25): -12, (16, 24): -5, (16, 20): -3, (16, 19): -9, (16, 18): -11, (16, 17): 7, (17, 34): 9, (17, 33): -7, (17, 32): 5, (17, 31): 11, (17, 30): 6, (17, 29): 6, (17, 27): -10, (17, 26): -5, (17, 25): 2, (17, 24): 5, (17, 18): 6, (18, 34): 7, (18, 32): -10, (18, 31): 3, (18, 30): 11, (18, 29): -12, (18, 25): 12, (18, 24): 5, (18, 23): 2, (18, 22): -2, (18, 21): -4, (18, 20): 6, (18, 19): 6, (19, 31): -14, (19, 30): -7, (19, 29): 1, (19, 27): 2, (19, 26): -6, (19, 24): -11, (19, 23): -1, (19, 21): -9, (19, 20): 10, (20, 33): 13, (20, 32): -5, (20, 31): -4, (20, 29): 6, (20, 25): -13, (20, 24): -6, (20, 23): -12, (20, 22): -9, (21, 34): -2, (21, 33): 3, (21, 32): -9, (21, 31): -12, (21, 29): 8, (21, 27): 1, (21, 26): -4, (21, 25): -14, (21, 24): 9, (21, 23): 7, (21, 22): 12, (22, 34): 11, (22, 33): 9, (22, 32): -9, (22, 31): 10, (22, 30): -11, (22, 27): 3, (22, 26): -11, (22, 24): 7, (23, 34): -12, (23, 33): 10, (23, 32): -13, (23, 30): -8, (23, 29): 13, (23, 27): 6, (23, 26): 8, (23, 25): 6, (23, 24): -7, (24, 34): -10, (24, 33): -9, (24, 32): -8, (24, 31): -7, (24, 29): 7, (24, 28): -12, (24, 27): -13, (24, 25): -5, (25, 34): 6, (25, 33): 12, (25, 28): -11, (25, 27): -5, (25, 26): -10, (26, 31): 10, (26, 30): -11, (26, 29): -14, (26, 28): 4, (27, 33): -12, (27, 32): 11, (27, 31): 5, (27, 30): 12, (27, 29): 14, (28, 34): 4, (28, 33): 1, (28, 31): -4, (28, 30): 8, (28, 29): 2, (29, 34): -7, (29, 33): -1, (29, 32): 12, (29, 31): 4, (29, 30): -10, (30, 34): -6, (30, 33): -2, (30, 31): 14, (31, 33): 13, (31, 32): 12, (32, 34): -14, (32, 33): 1}
test1

{}
   1 34 30 27 25 24 22 21 20 19 18 17 13 11 10  9  8  7 ... 29 energy num_oc.
0 +1 +1 -1 +1 +1 +1 -1 +1 +1 +1 -1 +1 -1 +1 -1 +1 -1 -1 ... -1 -964.0      13
1 +1 +1 -1 +1 +1 +1 -1 +1 +1 +1 -1 +1 -1 +1 -1 +1 -1 -1 ... -1 -964.0       7
2 -1 -1 +1 -1 -1 -1 +1 -1 -1 -1 +1 -1 +1 -1 +1 -1 +1 +1 ... +1 -964.0       4
3 -1 -1 +1 -1 -1 -1 +1 -1 -1 -1 +1 -1 +1 -1 +1 -1 +1 +1 ... +1 -964.0      26
4 -1 -1 -1 +1 -1 +1 -1 -1 -1 +1 -1 +1 +1 +1 +1 +1 +1 +1 ... -1 -946.0       2
['SPIN', 5 rows, 52 samples, 34 variables]
energies=[-964.0, -964.0, -964.0, -964.0, -946.0]
