Sample 0:-564
Sample 1:-572
Sample 2:-572
Sample 3:-564
Sample 4:-564
Sample 5:-564
Sample 6:-564
Sample 7:-572
Sample 8:-564
Sample 9:-564
Sample 10:-564
Sample 11:-564
Sample 12:-564
Sample 13:-564
Sample 14:-572
Sample 15:-564
Sample 16:-572
Sample 17:-564
Sample 18:-564
Sample 19:-572
Sample 20:-564
Sample 21:-564
Sample 22:-564
Sample 23:-564
Sample 24:-564
Sample 25:-564
Sample 26:-572
Sample 27:-564
Sample 28:-564
Sample 29:-564
Sample 30:-572
Sample 31:-564
Sample 32:-564
Sample 33:-564
Sample 34:-572
Sample 35:-564
Sample 36:-564
Sample 37:-564
Sample 38:-564
Sample 39:-564
Sample 40:-572
Sample 41:-564
Sample 42:-564
Sample 43:-564
Sample 44:-564
Sample 45:-564
Sample 46:-572
Sample 47:-572
Sample 48:-564
Sample 49:-564
Sample 50:-564
Sample 51:-572
Sample 52:-572
Sample 53:-564
Sample 54:-564
Sample 55:-564
Sample 56:-564
Sample 57:-572
Sample 58:-564
Sample 59:-564
Sample 60:-564
Sample 61:114
Sample 62:-572
Sample 63:-564
Sample 64:-572
Sample 65:-572
Sample 66:-564
Sample 67:-572
Sample 68:-564
Sample 69:-572
Sample 70:-564
Sample 71:-564
Sample 72:-564
Sample 73:-564
Sample 74:-564
Sample 75:-564
Sample 76:-564
Sample 77:-564
Sample 78:-456
Sample 79:-564
Sample 80:-564
Sample 81:-564
Sample 82:-564
Sample 83:-572
Sample 84:-564
Sample 85:-572
Sample 86:-564
Sample 87:-572
Sample 88:-564
Sample 89:-456
Sample 90:-564
Sample 91:-456
Sample 92:-564
Sample 93:-564
Sample 94:-572
Sample 95:-564
Sample 96:-572
Sample 97:-564
Sample 98:-564
Sample 99:-564
Best Ham: -572
Sucess Probability: 99
Ham Average: -555.98
