[[1 0 0 ... 0 0 7]
 [1 0 0 ... 0 7 0]
 [1 0 0 ... 7 0 0]
 ...
 [1 0 7 ... 0 0 0]
 [1 7 0 ... 0 0 0]
 [7 1 1 ... 1 1 1]]
0
test

{(1, 38): 8, (1, 32): -3, (1, 31): 2, (1, 29): 11, (1, 28): 3, (1, 26): 2, (1, 22): -6, (1, 17): 12, (1, 16): -3, (1, 15): -7, (1, 4): -14, (2, 38): 6, (2, 36): 5, (2, 32): -1, (2, 31): 3, (2, 30): 13, (2, 16): -8, (2, 11): -12, (2, 9): -2, (2, 8): 14, (2, 7): -5, (2, 6): -13, (2, 3): -3, (3, 37): 10, (3, 35): 8, (3, 33): 14, (3, 29): -1, (3, 28): -14, (3, 26): -9, (3, 24): -11, (3, 6): 11, (4, 35): 2, (4, 30): 10, (4, 16): -13, (4, 15): -4, (4, 12): 2, (4, 7): 11, (5, 36): 13, (5, 35): 8, (5, 34): -7, (5, 31): -5, (5, 28): -2, (5, 27): -11, (5, 26): 12, (5, 25): 3, (5, 24): 4, (5, 17): -7, (5, 16): 14, (5, 10): 10, (5, 9): -14, (5, 7): -14, (6, 33): 12, (6, 31): 12, (6, 23): -2, (6, 21): -9, (6, 20): -14, (6, 18): 3, (6, 9): -2, (7, 38): -8, (7, 37): -10, (7, 31): -1, (7, 30): 13, (7, 27): 11, (7, 24): 6, (7, 21): 2, (7, 16): 7, (7, 9): 13, (8, 38): -5, (8, 37): -7, (8, 36): -8, (8, 30): 2, (8, 29): 9, (8, 25): -2, (8, 22): -4, (8, 20): -9, (8, 18): -12, (8, 17): 9, (8, 16): 8, (8, 10): -7, (8, 9): -11, (9, 32): 9, (9, 31): -8, (9, 30): 14, (9, 25): -8, (9, 23): -6, (9, 21): 9, (9, 17): -10, (9, 14): 10, (9, 13): 4, (9, 10): 3, (10, 37): 7, (10, 34): -3, (10, 32): 1, (10, 31): 13, (10, 25): 2, (10, 21): 3, (10, 19): -1, (10, 15): -2, (11, 36): -3, (11, 35): -11, (11, 31): 14, (11, 30): -13, (11, 27): -4, (11, 21): 11, (11, 14): -11, (11, 13): -2, (12, 38): -8, (12, 36): -13, (12, 30): 9, (12, 28): -6, (12, 25): 8, (12, 23): 4, (12, 20): 2, (12, 16): 14, (12, 15): -5, (12, 14): 6, (13, 37): 13, (13, 31): -12, (13, 25): 6, (13, 21): -5, (13, 20): -7, (13, 18): 11, (14, 33): -6, (14, 28): 11, (14, 24): -10, (14, 23): -2, (14, 22): 14, (14, 19): -3, (14, 16): 3, (15, 38): -11, (15, 35): -8, (15, 28): 13, (15, 25): 3, (15, 21): -14, (15, 18): -3, (16, 32): -2, (16, 31): -4, (16, 26): 1, (16, 25): -8, (16, 23): 11, (16, 22): -1, (16, 21): 9, (16, 17): 3, (17, 38): 5, (17, 37): 10, (17, 31): -11, (17, 26): -4, (17, 22): -12, (17, 18): 7, (18, 34): 13, (18, 33): 11, (18, 28): 5, (18, 25): -12, (18, 24): -1, (18, 22): -8, (18, 19): -13, (19, 33): -3, (19, 31): -8, (19, 28): 8, (19, 27): 7, (19, 24): -14, (19, 23): 11, (20, 37): 12, (20, 31): -2, (20, 29): -14, (20, 22): -7, (20, 21): 5, (21, 25): 6, (21, 22): 11, (22, 38): -1, (22, 37): 1, (22, 34): 11, (22, 33): -11, (22, 29): -7, (22, 27): 9, (22, 24): 7, (23, 38): 3, (23, 37): 11, (23, 29): -9, (23, 27): 13, (24, 33): -9, (24, 32): 5, (25, 37): 11, (25, 36): -8, (25, 35): -2, (25, 32): 12, (25, 28): 5, (26, 37): 10, (26, 36): 8, (26, 34): 11, (26, 33): -1, (26, 30): -3, (27, 33): 12, (27, 31): 2, (27, 30): -6, (28, 38): 14, (28, 35): -1, (29, 35): -8, (29, 32): 3, (29, 30): 5, (30, 35): -1, (30, 33): -5, (31, 38): -6, (31, 37): 12, (31, 32): -13, (32, 33): -12, (33, 36): 6, (33, 35): -9, (34, 38): -14, (34, 35): 12, (37, 38): 6}
test1

{}
   1 38 32 31 29 28 26 22 17 16 15  4  2 36 30 11  9  8 ... 19 energy num_oc.
0 +1 +1 -1 -1 -1 -1 -1 -1 -1 +1 +1 +1 -1 +1 +1 +1 -1 +1 ... +1 -728.0      22
1 +1 -1 -1 -1 -1 -1 -1 -1 -1 +1 +1 +1 -1 +1 +1 +1 -1 +1 ... +1 -728.0       8
2 -1 +1 +1 +1 +1 +1 +1 +1 +1 -1 -1 -1 +1 -1 -1 -1 +1 -1 ... -1 -728.0       4
3 -1 -1 +1 +1 +1 +1 +1 +1 +1 -1 -1 -1 +1 -1 -1 -1 +1 -1 ... -1 -728.0      12
4 +1 -1 -1 -1 -1 -1 -1 -1 -1 +1 +1 +1 -1 +1 +1 +1 -1 +1 ... +1 -722.0       6
['SPIN', 5 rows, 52 samples, 38 variables]
energies=[-728.0, -728.0, -728.0, -728.0, -722.0]
