Sample 0:-3
Sample 1:-3
Sample 2:-1
Sample 3:-3
Sample 4:-1
Sample 5:3
Sample 6:-1
Sample 7:-3
Sample 8:-3
Sample 9:-3
Sample 10:-1
Sample 11:1
Sample 12:-3
Sample 13:1
Sample 14:-1
Sample 15:-3
Sample 16:-1
Sample 17:3
Sample 18:-1
Sample 19:-1
Sample 20:-1
Sample 21:-1
Sample 22:-3
Sample 23:3
Sample 24:-3
Sample 25:1
Sample 26:3
Sample 27:-3
Sample 28:-3
Sample 29:-1
Sample 30:1
Sample 31:-3
Sample 32:-3
Sample 33:-1
Sample 34:-3
Sample 35:-3
Sample 36:-3
Sample 37:-1
Sample 38:-1
Sample 39:3
Sample 40:3
Sample 41:3
Sample 42:-1
Sample 43:-1
Sample 44:-1
Sample 45:-1
Sample 46:-3
Sample 47:-3
Sample 48:-3
Sample 49:1
Sample 50:-1
Sample 51:3
Sample 52:1
Sample 53:1
Sample 54:-1
Sample 55:-1
Sample 56:3
Sample 57:3
Sample 58:-3
Sample 59:-1
Sample 60:1
Sample 61:1
Sample 62:-3
Sample 63:1
Sample 64:1
Sample 65:1
Sample 66:-3
Sample 67:-1
Sample 68:3
Sample 69:1
Sample 70:-1
Sample 71:-3
Sample 72:-1
Sample 73:1
Sample 74:1
Sample 75:1
Sample 76:1
Sample 77:3
Sample 78:-1
Sample 79:1
Sample 80:-3
Sample 81:-1
Sample 82:1
Sample 83:-1
Sample 84:-1
Sample 85:-3
Sample 86:1
Sample 87:3
Sample 88:1
Sample 89:-1
Sample 90:-1
Sample 91:-1
Sample 92:-3
Sample 93:1
Sample 94:-1
Sample 95:-3
Sample 96:-1
Sample 97:-1
Sample 98:3
Sample 99:3
Best Ham: -3
Sucess Probability: 0
Ham Average: -0.52
