Sample 0:-169
Sample 1:-153
Sample 2:-109
Sample 3:-39
Sample 4:-125
Sample 5:-141
Sample 6:-53
Sample 7:-219
Sample 8:-101
Sample 9:-101
Sample 10:-153
Sample 11:-109
Sample 12:-99
Sample 13:-31
Sample 14:-139
Sample 15:-125
Sample 16:-147
Sample 17:-129
Sample 18:-55
Sample 19:-123
Sample 20:-145
Sample 21:-149
Sample 22:-31
Sample 23:-181
Sample 24:-199
Sample 25:-133
Sample 26:-95
Sample 27:-223
Sample 28:9
Sample 29:-115
Sample 30:-143
Sample 31:-143
Sample 32:-35
Sample 33:-167
Sample 34:-115
Sample 35:-89
Sample 36:-93
Sample 37:-173
Sample 38:-203
Sample 39:-45
Sample 40:-203
Sample 41:-175
Sample 42:-195
Sample 43:-53
Sample 44:-27
Sample 45:-163
Sample 46:-173
Sample 47:-63
Sample 48:-135
Sample 49:-147
Sample 50:-175
Sample 51:-161
Sample 52:-99
Sample 53:-135
Sample 54:-61
Sample 55:-125
Sample 56:-169
Sample 57:-27
Sample 58:-21
Sample 59:-151
Sample 60:-107
Sample 61:-67
Sample 62:-55
Sample 63:-53
Sample 64:-31
Sample 65:-153
Sample 66:-109
Sample 67:-101
Sample 68:-175
Sample 69:-109
Sample 70:-95
Sample 71:-63
Sample 72:-101
Sample 73:-103
Sample 74:7
Sample 75:-33
Sample 76:-75
Sample 77:-137
Sample 78:-25
Sample 79:-39
Sample 80:-105
Sample 81:-173
Sample 82:-33
Sample 83:-125
Sample 84:-155
Sample 85:-129
Sample 86:-53
Sample 87:-81
Sample 88:-109
Sample 89:-113
Sample 90:-101
Sample 91:-161
Sample 92:-141
Sample 93:-87
Sample 94:-125
Sample 95:-129
Sample 96:-153
Sample 97:-95
Sample 98:-101
Sample 99:-169
Best Ham: -223
Sucess Probability: 27
Ham Average: -112.08
