Sample 0:-203
Sample 1:-221
Sample 2:-239
Sample 3:-253
Sample 4:-251
Sample 5:-97
Sample 6:-295
Sample 7:-239
Sample 8:-233
Sample 9:-219
Sample 10:-191
Sample 11:-279
Sample 12:-89
Sample 13:-269
Sample 14:-151
Sample 15:-305
Sample 16:-169
Sample 17:-275
Sample 18:-205
Sample 19:-47
Sample 20:-145
Sample 21:-247
Sample 22:-135
Sample 23:-251
Sample 24:-215
Sample 25:-153
Sample 26:-231
Sample 27:-219
Sample 28:-21
Sample 29:-265
Sample 30:-297
Sample 31:-127
Sample 32:-243
Sample 33:-239
Sample 34:-263
Sample 35:-161
Sample 36:-225
Sample 37:-249
Sample 38:-215
Sample 39:-221
Sample 40:-213
Sample 41:-311
Sample 42:-141
Sample 43:-219
Sample 44:-185
Sample 45:-95
Sample 46:-143
Sample 47:-157
Sample 48:-239
Sample 49:-213
Sample 50:-273
Sample 51:-185
Sample 52:-221
Sample 53:-213
Sample 54:-197
Sample 55:-293
Sample 56:-253
Sample 57:-179
Sample 58:-195
Sample 59:-179
Sample 60:-177
Sample 61:-291
Sample 62:-225
Sample 63:-297
Sample 64:-219
Sample 65:-243
Sample 66:-283
Sample 67:-257
Sample 68:-159
Sample 69:-183
Sample 70:-213
Sample 71:-189
Sample 72:-203
Sample 73:-185
Sample 74:-249
Sample 75:-101
Sample 76:-145
Sample 77:-203
Sample 78:-213
Sample 79:-265
Sample 80:-173
Sample 81:-169
Sample 82:-261
Sample 83:-279
Sample 84:-237
Sample 85:45
Sample 86:-297
Sample 87:-305
Sample 88:-305
Sample 89:-177
Sample 90:-189
Sample 91:-279
Sample 92:-251
Sample 93:-221
Sample 94:-103
Sample 95:-231
Sample 96:-219
Sample 97:-215
Sample 98:-153
Sample 99:-187
Best Ham: -311
Sucess Probability: 86
Ham Average: -209.62
