Sample 0:-11
Sample 1:-17
Sample 2:-9
Sample 3:-19
Sample 4:-17
Sample 5:-11
Sample 6:-19
Sample 7:-17
Sample 8:-19
Sample 9:-11
Sample 10:-11
Sample 11:-17
Sample 12:-19
Sample 13:-11
Sample 14:-9
Sample 15:-9
Sample 16:-17
Sample 17:9
Sample 18:-11
Sample 19:-17
Sample 20:-19
Sample 21:-19
Sample 22:-9
Sample 23:-9
Sample 24:9
Sample 25:-9
Sample 26:-19
Sample 27:-17
Sample 28:-9
Sample 29:-9
Sample 30:-11
Sample 31:-11
Sample 32:-19
Sample 33:-11
Sample 34:-9
Sample 35:9
Sample 36:-9
Sample 37:-17
Sample 38:17
Sample 39:-11
Sample 40:-19
Sample 41:-11
Sample 42:-11
Sample 43:-11
Sample 44:-19
Sample 45:19
Sample 46:-11
Sample 47:-17
Sample 48:-11
Sample 49:-19
Sample 50:-19
Sample 51:-17
Sample 52:-17
Sample 53:-17
Sample 54:-11
Sample 55:-19
Sample 56:-11
Sample 57:-17
Sample 58:-19
Sample 59:-11
Sample 60:-11
Sample 61:-19
Sample 62:-17
Sample 63:-11
Sample 64:-11
Sample 65:-17
Sample 66:-17
Sample 67:-19
Sample 68:-19
Sample 69:-9
Sample 70:-9
Sample 71:17
Sample 72:-17
Sample 73:-19
Sample 74:-11
Sample 75:17
Sample 76:-11
Sample 77:-17
Sample 78:-9
Sample 79:-17
Sample 80:-17
Sample 81:-17
Sample 82:-9
Sample 83:-17
Sample 84:-17
Sample 85:17
Sample 86:-9
Sample 87:-17
Sample 88:-19
Sample 89:-19
Sample 90:9
Sample 91:-17
Sample 92:-9
Sample 93:-19
Sample 94:-11
Sample 95:-19
Sample 96:-11
Sample 97:-9
Sample 98:-11
Sample 99:-19
Best Ham: -19
Sucess Probability: 0
Ham Average: -11.78
