Sample 0:-43
Sample 1:-43
Sample 2:-43
Sample 3:-43
Sample 4:-35
Sample 5:-43
Sample 6:-43
Sample 7:13
Sample 8:-35
Sample 9:-35
Sample 10:13
Sample 11:-35
Sample 12:-43
Sample 13:-35
Sample 14:-43
Sample 15:-43
Sample 16:-43
Sample 17:-43
Sample 18:-43
Sample 19:-43
Sample 20:-35
Sample 21:-35
Sample 22:-43
Sample 23:-43
Sample 24:-35
Sample 25:13
Sample 26:-43
Sample 27:-35
Sample 28:-43
Sample 29:-43
Sample 30:-35
Sample 31:-21
Sample 32:-43
Sample 33:-35
Sample 34:13
Sample 35:-43
Sample 36:-43
Sample 37:-43
Sample 38:-43
Sample 39:-43
Sample 40:37
Sample 41:-43
Sample 42:-43
Sample 43:-43
Sample 44:-43
Sample 45:-43
Sample 46:-35
Sample 47:-35
Sample 48:-35
Sample 49:-43
Sample 50:-35
Sample 51:-43
Sample 52:-43
Sample 53:-43
Sample 54:-43
Sample 55:-35
Sample 56:-43
Sample 57:-43
Sample 58:-43
Sample 59:13
Sample 60:-43
Sample 61:-43
Sample 62:13
Sample 63:13
Sample 64:13
Sample 65:-35
Sample 66:-43
Sample 67:13
Sample 68:-35
Sample 69:-35
Sample 70:-43
Sample 71:-21
Sample 72:-43
Sample 73:-43
Sample 74:-35
Sample 75:-43
Sample 76:-43
Sample 77:-35
Sample 78:-43
Sample 79:-35
Sample 80:13
Sample 81:-43
Sample 82:-43
Sample 83:13
Sample 84:-43
Sample 85:-35
Sample 86:-35
Sample 87:-43
Sample 88:-43
Sample 89:13
Sample 90:-35
Sample 91:-43
Sample 92:-35
Sample 93:-43
Sample 94:13
Sample 95:13
Sample 96:13
Sample 97:-43
Sample 98:-35
Sample 99:-43
Best Ham: -43
Sucess Probability: 0
Ham Average: -31.2
