[[1 0 0 ... 0 0 7]
 [1 0 0 ... 0 7 0]
 [1 0 0 ... 7 0 0]
 ...
 [1 0 7 ... 0 0 0]
 [1 7 0 ... 0 0 0]
 [7 1 1 ... 1 1 1]]
0
test

{(1, 19): 14, (1, 18): 11, (1, 17): -3, (1, 16): -5, (1, 15): 13, (1, 14): 7, (1, 12): -14, (1, 11): -8, (1, 10): -3, (1, 9): -14, (1, 7): 14, (1, 4): 7, (2, 19): -6, (2, 18): -10, (2, 17): -11, (2, 16): 1, (2, 15): -6, (2, 13): -10, (2, 11): -9, (2, 9): -1, (2, 8): 12, (2, 7): -1, (2, 6): 7, (2, 5): 8, (2, 4): 1, (2, 3): -9, (3, 18): -11, (3, 17): -11, (3, 16): 7, (3, 15): 4, (3, 14): -12, (3, 13): -5, (3, 11): 12, (3, 10): 13, (3, 9): -4, (3, 8): 2, (3, 6): 8, (3, 5): -5, (4, 19): 7, (4, 18): -11, (4, 17): 14, (4, 16): -7, (4, 15): 12, (4, 14): 7, (4, 10): -4, (4, 8): 3, (4, 6): -7, (4, 5): -8, (5, 18): -5, (5, 17): -1, (5, 14): -14, (5, 12): 5, (5, 11): -11, (5, 9): 12, (5, 8): -8, (5, 7): -12, (5, 6): 9, (6, 19): -12, (6, 18): -12, (6, 17): 8, (6, 16): -4, (6, 15): 3, (6, 14): 3, (6, 13): -4, (6, 10): 12, (6, 7): 8, (7, 18): 14, (7, 17): 10, (7, 14): 14, (7, 12): -8, (7, 11): 3, (7, 10): 12, (7, 9): 8, (7, 8): 14, (8, 17): 13, (8, 16): 14, (8, 15): 1, (8, 14): 12, (8, 13): 12, (8, 12): -12, (8, 11): -4, (8, 10): 11, (8, 9): 8, (9, 19): -6, (9, 18): 11, (9, 17): 11, (9, 16): -4, (9, 15): 12, (9, 13): -13, (9, 12): -2, (9, 11): -3, (9, 10): 7, (10, 19): 7, (10, 17): 4, (10, 16): 2, (10, 15): -6, (10, 13): -3, (10, 11): 4, (11, 19): 11, (11, 18): -7, (11, 16): 4, (11, 13): -13, (12, 19): -14, (12, 18): -6, (12, 16): 13, (12, 15): -13, (12, 14): 11, (13, 19): 1, (13, 17): 14, (13, 16): -14, (13, 14): 10, (14, 19): 2, (14, 18): 3, (14, 17): 13, (14, 16): 6, (15, 19): 12, (15, 18): -14, (16, 19): 7, (16, 18): -10, (17, 18): 7}
test1

{}
   1 19 18 17 16 15 14 12 11 10  9  7  4  2 13  8  6  5  3 energy num_oc.
0 +1 -1 +1 -1 +1 -1 -1 -1 +1 +1 +1 -1 +1 +1 +1 -1 +1 -1 -1 -344.0      28
1 -1 +1 -1 +1 -1 +1 +1 +1 -1 -1 -1 +1 -1 -1 -1 +1 -1 +1 +1 -344.0      16
2 -1 -1 +1 -1 +1 +1 +1 -1 +1 +1 -1 +1 +1 +1 +1 -1 -1 +1 +1 -338.0       3
3 +1 +1 -1 +1 -1 -1 -1 +1 -1 -1 +1 -1 -1 -1 -1 +1 +1 -1 -1 -338.0       5
4 -1 +1 +1 +1 -1 +1 +1 +1 -1 -1 -1 +1 -1 +1 -1 +1 -1 +1 +1 -336.0       2
5 +1 -1 -1 -1 +1 -1 -1 -1 +1 +1 +1 -1 +1 -1 +1 -1 +1 -1 -1 -336.0       1
6 -1 -1 +1 +1 +1 +1 +1 -1 +1 +1 -1 -1 +1 +1 +1 -1 -1 +1 +1 -326.0       1
['SPIN', 7 rows, 56 samples, 19 variables]
energies=[-344.0, -344.0, -338.0, -338.0, -336.0, -336.0, -326.0]
