Sample 0:-173
Sample 1:-185
Sample 2:-249
Sample 3:-223
Sample 4:-223
Sample 5:-223
Sample 6:-199
Sample 7:145
Sample 8:-223
Sample 9:-223
Sample 10:-249
Sample 11:-173
Sample 12:-249
Sample 13:-185
Sample 14:-205
Sample 15:-173
Sample 16:-249
Sample 17:-185
Sample 18:-173
Sample 19:-185
Sample 20:-173
Sample 21:-103
Sample 22:-185
Sample 23:-223
Sample 24:-249
Sample 25:-173
Sample 26:-63
Sample 27:-173
Sample 28:-115
Sample 29:-185
Sample 30:-171
Sample 31:-185
Sample 32:-173
Sample 33:-205
Sample 34:-173
Sample 35:-185
Sample 36:-173
Sample 37:-249
Sample 38:-115
Sample 39:-185
Sample 40:-199
Sample 41:-185
Sample 42:-173
Sample 43:-173
Sample 44:-249
Sample 45:-71
Sample 46:-199
Sample 47:-173
Sample 48:-173
Sample 49:-173
Sample 50:-249
Sample 51:-185
Sample 52:-173
Sample 53:-173
Sample 54:-185
Sample 55:-185
Sample 56:-173
Sample 57:-173
Sample 58:-185
Sample 59:-5
Sample 60:-249
Sample 61:-223
Sample 62:-223
Sample 63:-173
Sample 64:-185
Sample 65:-249
Sample 66:-185
Sample 67:-185
Sample 68:-5
Sample 69:-249
Sample 70:45
Sample 71:-223
Sample 72:-115
Sample 73:-5
Sample 74:-173
Sample 75:-199
Sample 76:-173
Sample 77:-5
Sample 78:-185
Sample 79:-185
Sample 80:-185
Sample 81:-173
Sample 82:-5
Sample 83:-149
Sample 84:-185
Sample 85:-249
Sample 86:-141
Sample 87:-185
Sample 88:-173
Sample 89:-249
Sample 90:-185
Sample 91:-111
Sample 92:-185
Sample 93:-205
Sample 94:-185
Sample 95:-223
Sample 96:-173
Sample 97:-249
Sample 98:-185
Sample 99:-185
Best Ham: -249
Sucess Probability: 85
Ham Average: -174.36
