[[ 1  0  0 ...  0  0  7]
 [ 1  0  0 ...  0  7  0]
 [ 1  0  0 ...  7  0  0]
 ...
 [ 1 -1  7 ...  0  0  0]
 [ 1  7 -2 ...  0  0  0]
 [ 7  1  1 ...  1  1  1]]
-2
test

{(1, 10): -13, (1, 8): 13, (1, 5): 2, (1, 4): -13, (1, 2): 3, (2, 11): -2, (2, 7): -9, (2, 6): 11, (3, 10): -6, (3, 4): 12, (4, 11): -4, (4, 8): 6, (4, 6): -13, (5, 10): 4, (5, 7): 3, (6, 9): 12, (7, 12): -8, (7, 9): -7, (7, 8): 13, (10, 12): 6}
test1

{}
   1 10  8  5  4  2 11  7  6  3  9 12 energy num_oc.
0 -1 -1 +1 +1 -1 +1 -1 +1 -1 +1 +1 +1 -112.0       9
1 +1 +1 -1 -1 +1 -1 +1 -1 +1 -1 -1 -1 -112.0      10
2 -1 -1 +1 +1 -1 -1 -1 -1 +1 +1 -1 -1 -104.0      10
3 +1 +1 -1 -1 +1 +1 +1 +1 -1 -1 +1 +1 -104.0       9
4 +1 +1 -1 -1 -1 +1 -1 +1 -1 +1 +1 +1 -100.0       8
5 -1 -1 +1 +1 +1 -1 +1 -1 +1 -1 -1 -1 -100.0       9
['SPIN', 6 rows, 55 samples, 12 variables]
energies=[-112.0, -112.0, -104.0, -104.0, -100.0, -100.0]
