Sample 0:-14
Sample 1:-36
Sample 2:-14
Sample 3:-36
Sample 4:-14
Sample 5:12
Sample 6:-36
Sample 7:-36
Sample 8:12
Sample 9:12
Sample 10:12
Sample 11:12
Sample 12:-36
Sample 13:-14
Sample 14:-36
Sample 15:-36
Sample 16:-36
Sample 17:-36
Sample 18:-36
Sample 19:-14
Sample 20:-36
Sample 21:-36
Sample 22:-36
Sample 23:12
Sample 24:-14
Sample 25:12
Sample 26:-36
Sample 27:-36
Sample 28:-36
Sample 29:-36
Sample 30:-36
Sample 31:-14
Sample 32:12
Sample 33:-36
Sample 34:-36
Sample 35:-36
Sample 36:-36
Sample 37:-36
Sample 38:-36
Sample 39:-14
Sample 40:-14
Sample 41:-36
Sample 42:-14
Sample 43:-36
Sample 44:-36
Sample 45:12
Sample 46:-14
Sample 47:-14
Sample 48:-14
Sample 49:-14
Sample 50:-14
Sample 51:-36
Sample 52:-36
Sample 53:-36
Sample 54:-14
Sample 55:-36
Sample 56:12
Sample 57:-36
Sample 58:-14
Sample 59:-14
Sample 60:-36
Sample 61:-36
Sample 62:12
Sample 63:-14
Sample 64:-14
Sample 65:-36
Sample 66:-36
Sample 67:12
Sample 68:12
Sample 69:12
Sample 70:-14
Sample 71:-14
Sample 72:-14
Sample 73:-36
Sample 74:12
Sample 75:-14
Sample 76:-14
Sample 77:-14
Sample 78:-14
Sample 79:-36
Sample 80:-14
Sample 81:-14
Sample 82:-14
Sample 83:-36
Sample 84:-14
Sample 85:-36
Sample 86:-36
Sample 87:-36
Sample 88:12
Sample 89:-14
Sample 90:-36
Sample 91:12
Sample 92:-14
Sample 93:-36
Sample 94:-36
Sample 95:-36
Sample 96:-14
Sample 97:-36
Sample 98:12
Sample 99:-36
Best Ham: -36
Sucess Probability: 0
Ham Average: -19.88
