[[ 1  0  0 ...  0  0  7]
 [ 1  0  0 ...  0  7  0]
 [ 1  0  0 ...  7  0  0]
 ...
 [ 1 -6  7 ...  0  0  0]
 [ 1  7 -7 ...  0  0  0]
 [ 7  1  1 ...  1  1  1]]
-7
test

{(1, 31): 6, (1, 28): -11, (1, 26): -2, (1, 21): -4, (1, 20): 5, (1, 18): 7, (1, 17): 6, (1, 16): 6, (1, 14): -12, (1, 11): -9, (1, 9): -4, (1, 7): 10, (1, 5): 14, (1, 3): 14, (1, 2): 13, (2, 30): -7, (2, 28): 12, (2, 26): 11, (2, 24): 9, (2, 23): 6, (2, 22): -6, (2, 21): -12, (2, 20): -4, (2, 19): -9, (2, 17): -13, (2, 15): 4, (2, 13): 12, (2, 11): -4, (2, 9): -10, (2, 7): -13, (2, 6): -12, (2, 4): -1, (2, 3): -3, (3, 31): -2, (3, 30): 8, (3, 29): 7, (3, 28): -6, (3, 26): -14, (3, 25): -1, (3, 24): 7, (3, 22): -4, (3, 20): -12, (3, 19): -6, (3, 18): 4, (3, 15): 9, (3, 12): -11, (3, 10): 2, (3, 9): -12, (3, 8): -2, (3, 7): -12, (3, 6): -2, (3, 4): 5, (4, 31): 13, (4, 29): -9, (4, 25): -5, (4, 22): 6, (4, 19): -7, (4, 18): -11, (4, 17): -11, (4, 16): 8, (4, 14): 4, (4, 13): -12, (4, 12): -14, (4, 11): 9, (4, 10): -12, (4, 9): 4, (4, 6): -13, (4, 5): -13, (5, 30): 12, (5, 27): -11, (5, 24): 11, (5, 22): -10, (5, 21): 9, (5, 20): 1, (5, 15): -1, (5, 14): -8, (5, 12): 14, (5, 10): -3, (5, 9): 11, (5, 8): 1, (5, 7): -4, (6, 28): -7, (6, 25): -6, (6, 24): 6, (6, 23): -8, (6, 21): 14, (6, 18): -2, (6, 17): 4, (6, 16): -13, (6, 14): -3, (6, 13): 4, (6, 12): 1, (6, 11): -10, (6, 10): 3, (6, 8): -2, (7, 31): -4, (7, 28): 12, (7, 27): 8, (7, 25): 13, (7, 24): 7, (7, 22): 11, (7, 20): 8, (7, 18): -8, (7, 17): 6, (7, 16): -5, (7, 15): -8, (7, 12): -5, (7, 11): -4, (7, 10): 8, (7, 9): -2, (7, 8): 3, (8, 27): 10, (8, 26): 14, (8, 21): 4, (8, 19): -2, (8, 18): 5, (8, 17): -7, (8, 16): -12, (8, 15): -12, (8, 13): 7, (8, 12): 11, (8, 11): -3, (8, 10): -4, (8, 9): 3, (9, 31): 10, (9, 30): -14, (9, 29): 3, (9, 28): 12, (9, 27): 12, (9, 26): -12, (9, 23): 1, (9, 20): 2, (9, 17): -13, (9, 16): -8, (9, 12): 3, (9, 11): 3, (9, 10): 5, (10, 31): 8, (10, 29): -9, (10, 28): -10, (10, 25): 4, (10, 22): -12, (10, 21): 1, (10, 20): -3, (10, 18): 5, (10, 16): 7, (10, 15): 9, (10, 14): 8, (10, 13): -3, (10, 12): 6, (11, 29): 12, (11, 28): 10, (11, 26): -3, (11, 24): -13, (11, 23): 12, (11, 22): -11, (11, 20): 14, (11, 19): -12, (11, 16): -6, (11, 14): 1, (11, 13): -11, (12, 31): -13, (12, 29): 6, (12, 26): 2, (12, 25): -3, (12, 24): 4, (12, 21): 13, (12, 19): -12, (12, 18): -12, (12, 17): -13, (12, 14): -1, (12, 13): 12, (13, 31): 9, (13, 30): -13, (13, 29): -14, (13, 28): -13, (13, 27): 8, (13, 24): -5, (13, 23): -3, (13, 21): 1, (13, 20): -5, (13, 19): 2, (13, 17): 9, (13, 16): -10, (13, 14): 14, (14, 30): -9, (14, 28): 7, (14, 27): 4, (14, 26): -10, (14, 25): -9, (14, 24): 6, (14, 23): -14, (14, 21): -6, (14, 20): -13, (14, 19): 8, (14, 18): -5, (14, 17): -8, (14, 16): 12, (15, 31): -8, (15, 29): 12, (15, 27): -14, (15, 24): 8, (15, 23): -11, (15, 19): -10, (15, 17): 14, (16, 31): 12, (16, 30): 7, (16, 29): 8, (16, 28): -3, (16, 26): -5, (16, 25): -9, (16, 23): -5, (16, 20): 8, (16, 19): 5, (16, 17): -11, (17, 31): 2, (17, 28): -10, (17, 27): 3, (17, 25): -7, (17, 24): 1, (17, 23): -14, (17, 22): -1, (17, 21): -12, (17, 19): -5, (17, 18): 8, (18, 31): -10, (18, 30): 6, (18, 29): 14, (18, 28): 10, (18, 27): 14, (18, 26): 10, (18, 24): -1, (18, 22): -3, (19, 30): -8, (19, 29): -13, (19, 26): -5, (19, 25): -5, (19, 24): 11, (19, 21): 4, (20, 29): -13, (20, 28): 9, (20, 27): 13, (20, 22): -6, (21, 31): -11, (21, 30): 6, (21, 29): 3, (21, 27): -14, (21, 26): -8, (21, 25): -5, (21, 24): -11, (21, 22): -11, (22, 30): -1, (22, 29): -1, (22, 28): 10, (22, 27): 11, (22, 26): -14, (22, 24): -12, (22, 23): -11, (23, 31): 6, (23, 30): 13, (23, 27): 1, (23, 26): 13, (23, 25): -13, (24, 31): 3, (24, 29): -10, (24, 27): 10, (24, 26): -12, (24, 25): -3, (25, 30): 3, (25, 29): 14, (25, 28): 2, (25, 27): 9, (25, 26): -11, (26, 29): 3, (26, 27): 3, (27, 30): 7, (27, 29): -9, (28, 30): 9, (29, 30): -12}
test1

{}
   1 31 28 26 21 20 18 17 16 14 11  9  7  5  3  2 30 24 ... 27 energy num_oc.
0 +1 -1 +1 -1 -1 -1 -1 -1 -1 -1 -1 -1 -1 +1 -1 -1 +1 +1 ... +1 -790.0      12
1 -1 +1 -1 +1 +1 +1 +1 +1 +1 +1 +1 +1 +1 -1 +1 +1 -1 -1 ... -1 -790.0      28
2 -1 +1 -1 -1 -1 +1 +1 +1 +1 +1 -1 +1 +1 +1 +1 +1 -1 -1 ... -1 -788.0       2
3 +1 -1 +1 +1 +1 -1 -1 -1 -1 -1 +1 -1 -1 -1 -1 -1 +1 +1 ... +1 -788.0      10
4 -1 +1 -1 +1 +1 +1 +1 +1 -1 +1 +1 +1 +1 -1 +1 +1 +1 +1 ... -1 -786.0       2
['SPIN', 5 rows, 54 samples, 31 variables]
energies=[-790.0, -790.0, -788.0, -788.0, -786.0]
