Sample 0:-81
Sample 1:-173
Sample 2:-293
Sample 3:-291
Sample 4:-333
Sample 5:-237
Sample 6:-249
Sample 7:-291
Sample 8:-291
Sample 9:-303
Sample 10:-347
Sample 11:-331
Sample 12:-333
Sample 13:-293
Sample 14:-319
Sample 15:-291
Sample 16:-221
Sample 17:-331
Sample 18:23
Sample 19:-223
Sample 20:-233
Sample 21:-225
Sample 22:-261
Sample 23:-163
Sample 24:-155
Sample 25:-311
Sample 26:-249
Sample 27:-293
Sample 28:-81
Sample 29:-261
Sample 30:-291
Sample 31:-261
Sample 32:-331
Sample 33:-311
Sample 34:-233
Sample 35:-329
Sample 36:-289
Sample 37:-293
Sample 38:-291
Sample 39:-221
Sample 40:-103
Sample 41:-363
Sample 42:-355
Sample 43:-291
Sample 44:-167
Sample 45:-303
Sample 46:-331
Sample 47:-35
Sample 48:-347
Sample 49:-181
Sample 50:-319
Sample 51:-139
Sample 52:-107
Sample 53:-293
Sample 54:-291
Sample 55:-331
Sample 56:-293
Sample 57:-261
Sample 58:-261
Sample 59:-291
Sample 60:23
Sample 61:-303
Sample 62:-291
Sample 63:-301
Sample 64:-163
Sample 65:-319
Sample 66:-311
Sample 67:-291
Sample 68:-293
Sample 69:-331
Sample 70:-35
Sample 71:-331
Sample 72:-261
Sample 73:-293
Sample 74:-333
Sample 75:-293
Sample 76:-347
Sample 77:-261
Sample 78:-331
Sample 79:-295
Sample 80:-167
Sample 81:-153
Sample 82:-23
Sample 83:-293
Sample 84:-237
Sample 85:-315
Sample 86:-233
Sample 87:-331
Sample 88:-103
Sample 89:-333
Sample 90:-261
Sample 91:-311
Sample 92:-293
Sample 93:-249
Sample 94:-291
Sample 95:-261
Sample 96:-293
Sample 97:-331
Sample 98:-153
Sample 99:-309
Best Ham: -363
Sucess Probability: 89
Ham Average: -256.52
