Sample 0:-1137
Sample 1:-979
Sample 2:-1025
Sample 3:-1047
Sample 4:-837
Sample 5:-699
Sample 6:-837
Sample 7:-619
Sample 8:-445
Sample 9:-663
Sample 10:-913
Sample 11:-503
Sample 12:-889
Sample 13:-957
Sample 14:-273
Sample 15:-699
Sample 16:-737
Sample 17:-933
Sample 18:-385
Sample 19:-929
Sample 20:-657
Sample 21:-875
Sample 22:-817
Sample 23:-977
Sample 24:-875
Sample 25:-601
Sample 26:-875
Sample 27:-977
Sample 28:-977
Sample 29:-977
Sample 30:-977
Sample 31:-875
Sample 32:-977
Sample 33:195
Sample 34:-977
Sample 35:-875
Sample 36:-977
Sample 37:-641
Sample 38:-875
Sample 39:-875
Sample 40:-977
Sample 41:-977
Sample 42:-875
Sample 43:-875
Sample 44:-817
Sample 45:-977
Sample 46:-977
Sample 47:-977
Sample 48:-977
Sample 49:-977
Sample 50:-875
Sample 51:-875
Sample 52:-977
Sample 53:-875
Sample 54:-977
Sample 55:-977
Sample 56:-875
Sample 57:-875
Sample 58:-977
Sample 59:-977
Sample 60:-977
Sample 61:-977
Sample 62:-977
Sample 63:-977
Sample 64:-977
Sample 65:-977
Sample 66:-977
Sample 67:-977
Sample 68:-977
Sample 69:-977
Sample 70:-977
Sample 71:-875
Sample 72:-977
Sample 73:-977
Sample 74:-977
Sample 75:-977
Sample 76:-875
Sample 77:-977
Sample 78:-977
Sample 79:-977
Sample 80:-875
Sample 81:-977
Sample 82:-875
Sample 83:-977
Sample 84:-977
Sample 85:-977
Sample 86:-977
Sample 87:-977
Sample 88:-977
Sample 89:-977
Sample 90:-977
Sample 91:-977
Sample 92:-977
Sample 93:-977
Sample 94:-875
Sample 95:-663
Sample 96:-977
Sample 97:-977
Sample 98:-977
Sample 99:-977
Best Ham: -1137
Sucess Probability: 99
Ham Average: -888.9
