Sample 0:-129
Sample 1:1
Sample 2:-129
Sample 3:-129
Sample 4:-129
Sample 5:-129
Sample 6:-129
Sample 7:-129
Sample 8:-129
Sample 9:-129
Sample 10:-129
Sample 11:-129
Sample 12:-129
Sample 13:-129
Sample 14:-129
Sample 15:-129
Sample 16:-129
Sample 17:-129
Sample 18:-129
Sample 19:-129
Sample 20:-129
Sample 21:-129
Sample 22:-129
Sample 23:-129
Sample 24:-129
Sample 25:-129
Sample 26:-129
Sample 27:-129
Sample 28:-129
Sample 29:-129
Sample 30:-129
Sample 31:-129
Sample 32:-129
Sample 33:-129
Sample 34:-129
Sample 35:-129
Sample 36:-129
Sample 37:-129
Sample 38:-129
Sample 39:-129
Sample 40:-129
Sample 41:-129
Sample 42:-129
Sample 43:-129
Sample 44:-129
Sample 45:-129
Sample 46:-129
Sample 47:-129
Sample 48:-129
Sample 49:-129
Sample 50:-129
Sample 51:-129
Sample 52:-129
Sample 53:-129
Sample 54:-129
Sample 55:-129
Sample 56:-129
Sample 57:-129
Sample 58:-129
Sample 59:-129
Sample 60:-129
Sample 61:-129
Sample 62:-129
Sample 63:-129
Sample 64:-129
Sample 65:-129
Sample 66:-129
Sample 67:-129
Sample 68:-129
Sample 69:-129
Sample 70:-129
Sample 71:-129
Sample 72:-129
Sample 73:-129
Sample 74:-129
Sample 75:-129
Sample 76:-129
Sample 77:-129
Sample 78:-129
Sample 79:-129
Sample 80:-129
Sample 81:-129
Sample 82:-129
Sample 83:-129
Sample 84:-129
Sample 85:-129
Sample 86:-129
Sample 87:-129
Sample 88:-129
Sample 89:-129
Sample 90:-129
Sample 91:-129
Sample 92:-129
Sample 93:-129
Sample 94:-129
Sample 95:-129
Sample 96:-129
Sample 97:-129
Sample 98:-129
Sample 99:-129
Best Ham: -129
Sucess Probability: 0
Ham Average: -127.7
