[[1 0 0 ... 0 0 7]
 [1 0 0 ... 0 7 0]
 [1 0 0 ... 7 0 0]
 ...
 [1 0 7 ... 0 0 0]
 [1 7 0 ... 0 0 0]
 [7 1 1 ... 1 1 1]]
0
test

{(1, 12): 7, (1, 8): 12, (1, 7): 13, (1, 5): -8, (1, 3): -1, (2, 11): -10, (2, 9): -4, (2, 8): 5, (2, 5): 11, (2, 4): 5, (3, 12): 3, (3, 10): 10, (3, 8): -14, (3, 7): -7, (3, 6): 4, (4, 11): -5, (4, 9): -6, (4, 7): 1, (4, 5): -5, (5, 12): 5, (5, 11): 9, (5, 10): 12, (5, 9): -11, (5, 6): 13, (6, 12): 2, (6, 11): 8, (6, 10): -12, (6, 9): -4, (7, 12): -10, (7, 11): -13, (7, 10): -6, (7, 9): -9, (7, 8): -5, (8, 11): 1, (8, 10): 13, (8, 9): -6, (9, 12): -2, (9, 11): 2, (10, 12): 4, (10, 11): -1}
test1

{}
   1 12  8  7  5  3  2 11  9  4 10  6 energy num_oc.
0 -1 +1 +1 +1 +1 +1 -1 +1 +1 +1 -1 -1 -169.0      19
1 +1 -1 -1 -1 -1 -1 +1 -1 -1 -1 +1 +1 -169.0      24
2 +1 -1 +1 -1 +1 +1 -1 -1 +1 +1 -1 -1 -155.0       6
3 -1 +1 -1 +1 -1 -1 +1 +1 -1 -1 +1 +1 -155.0       3
4 -1 +1 -1 +1 -1 -1 +1 +1 +1 +1 +1 +1 -143.0       1
5 +1 -1 +1 -1 +1 +1 -1 -1 -1 -1 -1 -1 -143.0       2
['SPIN', 6 rows, 55 samples, 12 variables]
energies=[-169.0, -169.0, -155.0, -155.0, -143.0, -143.0]
