Sample 0:-554
Sample 1:-714
Sample 2:-694
Sample 3:-408
Sample 4:-538
Sample 5:-488
Sample 6:-626
Sample 7:-402
Sample 8:-724
Sample 9:-694
Sample 10:-670
Sample 11:-502
Sample 12:-644
Sample 13:-628
Sample 14:-278
Sample 15:-464
Sample 16:-384
Sample 17:-414
Sample 18:-616
Sample 19:-576
Sample 20:-706
Sample 21:-306
Sample 22:-588
Sample 23:-478
Sample 24:-600
Sample 25:-342
Sample 26:-744
Sample 27:-532
Sample 28:-558
Sample 29:-514
Sample 30:-532
Sample 31:-572
Sample 32:-638
Sample 33:-360
Sample 34:-698
Sample 35:-294
Sample 36:-454
Sample 37:-422
Sample 38:-452
Sample 39:-568
Sample 40:-794
Sample 41:-750
Sample 42:-616
Sample 43:-678
Sample 44:-678
Sample 45:-388
Sample 46:-520
Sample 47:-648
Sample 48:-732
Sample 49:-668
Sample 50:-546
Sample 51:-492
Sample 52:-714
Sample 53:-316
Sample 54:-536
Sample 55:-480
Sample 56:-502
Sample 57:-596
Sample 58:-456
Sample 59:-578
Sample 60:-618
Sample 61:-428
Sample 62:70
Sample 63:-238
Sample 64:-492
Sample 65:-398
Sample 66:-368
Sample 67:-244
Sample 68:-312
Sample 69:-638
Sample 70:-644
Sample 71:-440
Sample 72:-416
Sample 73:-328
Sample 74:-764
Sample 75:-652
Sample 76:-328
Sample 77:-346
Sample 78:-582
Sample 79:-562
Sample 80:-514
Sample 81:-314
Sample 82:-450
Sample 83:-254
Sample 84:-622
Sample 85:-424
Sample 86:-412
Sample 87:-336
Sample 88:-550
Sample 89:-588
Sample 90:-494
Sample 91:-462
Sample 92:-476
Sample 93:-122
Sample 94:-572
Sample 95:-470
Sample 96:-606
Sample 97:-596
Sample 98:-452
Sample 99:-510
Best Ham: -794
Sucess Probability: 98
Ham Average: -510.16
