[[1 0 0 ... 0 0 7]
 [1 0 0 ... 0 7 0]
 [1 0 0 ... 7 0 0]
 ...
 [1 0 7 ... 0 0 0]
 [1 7 0 ... 0 0 0]
 [7 1 1 ... 1 1 1]]
0
test

{(1, 43): 14, (1, 41): 14, (1, 36): -13, (1, 32): 3, (1, 31): -9, (1, 29): 6, (1, 27): 13, (1, 25): 8, (1, 24): 3, (1, 19): -4, (1, 15): -2, (1, 10): 10, (1, 9): -2, (1, 5): -10, (1, 3): 4, (2, 43): -14, (2, 41): -5, (2, 37): 2, (2, 34): 6, (2, 31): -7, (2, 30): 3, (2, 29): -12, (2, 27): 11, (2, 24): -6, (2, 23): 14, (2, 19): 2, (2, 18): 13, (2, 17): 5, (2, 16): -13, (2, 14): 14, (2, 12): -13, (2, 11): 9, (2, 10): -12, (2, 9): -3, (2, 5): 1, (2, 4): 10, (3, 43): -10, (3, 40): 2, (3, 39): 14, (3, 37): -12, (3, 31): -1, (3, 22): 13, (3, 18): 10, (3, 17): -3, (3, 10): -10, (4, 42): 14, (4, 39): -10, (4, 38): 5, (4, 36): -4, (4, 35): -8, (4, 34): -3, (4, 32): 1, (4, 29): -14, (4, 28): 9, (4, 27): 6, (4, 22): 10, (4, 21): -13, (4, 18): 6, (4, 15): 3, (4, 13): 10, (4, 12): -5, (4, 10): 9, (4, 7): 14, (4, 6): -2, (4, 5): -14, (5, 43): 3, (5, 42): 13, (5, 41): 13, (5, 40): -3, (5, 39): -5, (5, 37): 13, (5, 36): 14, (5, 34): 6, (5, 33): -1, (5, 32): 6, (5, 31): 10, (5, 27): 2, (5, 24): -5, (5, 23): 13, (5, 14): 1, (5, 13): -14, (5, 10): 6, (5, 7): -14, (5, 6): 9, (6, 43): -1, (6, 41): 5, (6, 36): -6, (6, 34): -10, (6, 32): 1, (6, 30): 9, (6, 28): 3, (6, 27): 1, (6, 25): -13, (6, 23): 8, (6, 21): -11, (6, 19): 8, (6, 18): -12, (6, 17): -5, (6, 16): 4, (6, 9): 9, (6, 8): -1, (7, 43): -8, (7, 41): 5, (7, 39): -14, (7, 38): -11, (7, 33): -12, (7, 32): 5, (7, 28): 5, (7, 27): -12, (7, 26): 13, (7, 24): 11, (7, 18): 9, (7, 16): -14, (7, 15): -3, (7, 13): -5, (7, 12): 14, (7, 11): 13, (7, 10): -7, (8, 41): 10, (8, 40): 13, (8, 39): -13, (8, 37): 3, (8, 36): 11, (8, 35): -8, (8, 29): -14, (8, 27): 14, (8, 26): -11, (8, 22): 12, (8, 20): -3, (8, 19): -3, (8, 18): -11, (8, 16): 10, (8, 13): 1, (8, 12): -5, (8, 9): 2, (9, 37): 5, (9, 34): -7, (9, 31): 12, (9, 23): 14, (9, 21): 12, (9, 19): 11, (9, 16): 12, (9, 14): -8, (9, 11): -11, (9, 10): -5, (10, 38): -13, (10, 36): -11, (10, 28): -2, (10, 27): -2, (10, 26): -11, (10, 25): -10, (10, 21): -13, (10, 20): -12, (10, 19): -6, (10, 18): 1, (11, 38): -3, (11, 37): -8, (11, 36): -7, (11, 35): -2, (11, 28): -10, (11, 23): -12, (11, 18): -2, (11, 17): -7, (12, 41): 6, (12, 40): -9, (12, 38): -12, (12, 30): -1, (12, 26): -7, (12, 25): -13, (12, 24): 12, (12, 22): 2, (12, 20): -8, (12, 18): -8, (12, 17): 13, (12, 16): 2, (12, 13): 12, (13, 43): 14, (13, 41): 3, (13, 38): 13, (13, 37): 14, (13, 36): -9, (13, 35): -8, (13, 33): 4, (13, 32): 4, (13, 27): 8, (13, 26): -10, (13, 23): -13, (13, 22): 4, (13, 17): 3, (13, 16): 11, (14, 39): -9, (14, 35): 2, (14, 32): 2, (14, 29): 1, (14, 27): -6, (14, 24): -3, (14, 16): -2, (15, 42): 13, (15, 40): 6, (15, 37): 8, (15, 35): 2, (15, 34): -11, (15, 32): -4, (15, 31): -7, (15, 29): -1, (15, 23): -7, (15, 20): 10, (15, 19): -2, (16, 43): 8, (16, 40): -10, (16, 39): -1, (16, 34): 10, (16, 32): -3, (16, 31): 3, (16, 29): 9, (16, 25): -4, (17, 43): -11, (17, 42): -4, (17, 40): -7, (17, 32): 3, (17, 30): -10, (17, 28): -9, (17, 26): -8, (17, 24): 10, (17, 22): 6, (17, 21): -7, (17, 20): -6, (17, 18): 8, (18, 42): -11, (18, 41): -6, (18, 40): 1, (18, 30): 7, (18, 20): 3, (19, 42): 1, (19, 41): -10, (19, 39): 11, (19, 38): -12, (19, 37): -7, (19, 33): -5, (19, 32): 5, (19, 31): 7, (19, 30): 8, (19, 29): 6, (19, 26): -8, (19, 22): 8, (19, 21): 8, (20, 40): 7, (20, 39): -5, (20, 38): 2, (20, 37): -9, (20, 36): 12, (20, 33): 7, (20, 32): -3, (20, 30): 12, (20, 29): 6, (20, 28): 8, (20, 27): 7, (20, 23): 2, (20, 22): 11, (21, 43): 11, (21, 42): -14, (21, 36): 8, (21, 34): 6, (21, 32): 6, (21, 30): 6, (21, 26): 9, (21, 25): -2, (21, 23): 5, (22, 39): 8, (22, 37): 14, (22, 36): 1, (22, 35): -6, (22, 31): 8, (22, 30): 3, (22, 28): 13, (22, 26): 4, (22, 24): -12, (22, 23): -9, (23, 43): -14, (23, 42): 13, (23, 41): 10, (23, 38): -4, (23, 36): -9, (23, 34): -12, (23, 29): 10, (23, 28): -12, (23, 25): 6, (24, 42): -14, (24, 41): 13, (24, 40): -7, (24, 35): -10, (24, 33): 3, (24, 30): 13, (24, 29): 1, (24, 28): -2, (25, 43): 5, (25, 40): -9, (25, 39): 10, (25, 37): 10, (25, 36): -8, (25, 29): -1, (26, 43): -1, (26, 42): 3, (26, 40): -9, (26, 37): -14, (26, 36): -12, (26, 33): 6, (26, 32): -3, (26, 29): 6, (26, 28): 6, (27, 41): 5, (27, 39): -8, (27, 38): 10, (27, 33): -2, (27, 32): -1, (27, 31): 1, (27, 29): -13, (28, 42): 1, (28, 39): 8, (28, 38): 12, (28, 37): -1, (28, 35): -10, (28, 31): -8, (29, 41): -13, (29, 36): -5, (29, 35): 5, (29, 34): 6, (29, 31): -1, (30, 42): -8, (30, 41): -2, (30, 36): 11, (31, 43): -2, (31, 40): -8, (31, 37): -14, (31, 33): -3, (32, 42): 6, (32, 41): 6, (32, 37): -8, (32, 36): -12, (33, 43): 3, (33, 41): 4, (33, 40): -8, (33, 37): -9, (33, 36): 14, (34, 39): 2, (34, 36): -8, (35, 43): -4, (35, 41): -7, (35, 40): 8, (35, 39): -1, (35, 37): 2, (36, 43): 6, (36, 39): -5, (37, 43): 8, (37, 42): -14, (38, 43): 10, (38, 42): -2, (39, 42): 4, (39, 40): -10, (41, 43): 14, (41, 42): 4}
test1

{}
   1 43 41 36 32 31 29 27 25 24 19 15 10  9  5  3  2 37 ... 20  energy num_oc.
0 -1 +1 +1 -1 -1 +1 +1 +1 +1 -1 +1 -1 +1 -1 -1 +1 +1 +1 ... +1 -1002.0      35
1 +1 -1 -1 +1 +1 -1 -1 -1 -1 +1 -1 +1 -1 +1 +1 -1 -1 -1 ... -1 -1002.0      15
2 -1 -1 +1 +1 +1 +1 +1 -1 +1 +1 +1 -1 +1 -1 -1 +1 +1 +1 ... +1  -990.0       2
3 +1 +1 -1 -1 -1 -1 -1 +1 -1 -1 -1 +1 -1 +1 +1 -1 -1 -1 ... -1  -990.0       1
4 -1 -1 +1 +1 +1 +1 +1 -1 +1 +1 +1 -1 +1 -1 -1 +1 +1 +1 ... +1  -974.0       1
5 +1 -1 -1 +1 +1 +1 -1 -1 +1 +1 +1 +1 +1 -1 -1 +1 -1 +1 ... +1  -956.0       1
['SPIN', 6 rows, 55 samples, 43 variables]
energies=[-1002.0, -1002.0, -990.0, -990.0, -974.0, -956.0]
