[[ 1  0  0 ...  0  0  7]
 [ 1  0  0 ...  0  7  0]
 [ 1  0  0 ...  7  0  0]
 ...
 [ 1 -4  7 ...  0  0  0]
 [ 1  7 -4 ...  0  0  0]
 [ 7  1  1 ...  1  1  1]]
-4
test

{(1, 21): -13, (1, 20): -2, (1, 14): 8, (1, 11): 1, (1, 9): 13, (1, 7): -13, (1, 5): -4, (1, 2): 8, (2, 18): -11, (2, 17): 10, (2, 16): 12, (2, 15): 4, (2, 12): -8, (2, 11): 4, (2, 10): 8, (2, 7): -6, (3, 20): -10, (3, 17): 3, (3, 15): 9, (3, 13): -12, (3, 10): 9, (3, 7): 1, (3, 6): 5, (3, 5): 5, (4, 21): 10, (4, 19): -7, (4, 16): 12, (4, 15): 7, (4, 14): 11, (4, 10): -7, (4, 9): -14, (4, 8): 5, (4, 5): -6, (5, 21): 5, (5, 19): -3, (5, 17): -1, (5, 16): -8, (5, 14): -8, (5, 13): -9, (5, 11): 12, (5, 10): -10, (5, 9): 9, (5, 8): -4, (5, 7): 14, (6, 19): -14, (6, 17): 7, (6, 15): -4, (6, 14): 12, (6, 12): -5, (6, 11): 5, (6, 10): 8, (6, 9): -13, (6, 7): 4, (7, 21): 12, (7, 20): -8, (7, 19): -9, (7, 16): 13, (7, 14): 4, (7, 12): -1, (7, 11): -9, (7, 10): 7, (8, 20): -13, (8, 19): -1, (8, 18): 1, (8, 16): -8, (8, 15): 2, (8, 14): 8, (8, 12): -14, (8, 10): -11, (9, 21): -7, (9, 20): 14, (9, 17): -2, (9, 16): 1, (9, 14): -4, (9, 13): -12, (10, 20): 9, (10, 18): -9, (10, 17): -7, (10, 16): -6, (10, 14): 13, (11, 20): 1, (11, 17): -3, (11, 14): 10, (12, 21): 9, (12, 19): -8, (12, 18): 11, (12, 17): -13, (12, 16): 8, (12, 14): -4, (13, 20): 3, (13, 19): -5, (13, 16): 13, (13, 15): -6, (14, 21): -9, (14, 19): 13, (14, 18): -7, (14, 17): 5, (14, 15): 7, (15, 21): -5, (15, 18): 5, (15, 16): -1, (16, 21): -8, (16, 19): 7, (16, 17): 12, (17, 18): 11}
test1

{}
   1 21 20 14 11  9  7  5  2 18 17 16 15 12 10  3 13  6  4 19  8 energy num_oc.
0 -1 -1 +1 -1 +1 +1 +1 -1 +1 -1 +1 -1 -1 +1 -1 +1 +1 +1 +1 +1 +1 -388.0      26
1 +1 +1 -1 +1 -1 -1 -1 +1 -1 +1 -1 +1 +1 -1 +1 -1 -1 -1 -1 -1 -1 -388.0      15
2 +1 +1 +1 +1 -1 -1 -1 +1 -1 +1 -1 +1 -1 -1 +1 +1 -1 -1 -1 -1 +1 -378.0       1
3 -1 -1 -1 -1 +1 +1 +1 -1 +1 -1 +1 -1 -1 +1 -1 +1 +1 +1 +1 +1 -1 -378.0       9
4 +1 +1 +1 +1 -1 -1 -1 +1 -1 +1 -1 +1 +1 -1 +1 -1 -1 -1 -1 -1 +1 -378.0      11
['SPIN', 5 rows, 62 samples, 21 variables]
energies=[-388.0, -388.0, -378.0, -378.0, -378.0]
