[[1 0 0 ... 0 0 7]
 [1 0 0 ... 0 7 0]
 [1 0 0 ... 7 0 0]
 ...
 [1 0 7 ... 0 0 0]
 [1 7 0 ... 0 0 0]
 [7 1 1 ... 1 1 1]]
0
test

{(1, 34): -7, (1, 29): 10, (1, 25): 7, (1, 23): 10, (1, 21): -14, (1, 18): 2, (1, 15): 6, (1, 14): -5, (1, 11): -2, (1, 9): 1, (1, 8): -13, (1, 7): 11, (1, 6): 13, (1, 4): 12, (1, 3): 3, (2, 35): -4, (2, 32): 10, (2, 31): -9, (2, 30): -12, (2, 25): 8, (2, 24): -2, (2, 23): -8, (2, 20): 9, (2, 17): -12, (2, 13): -1, (2, 11): -1, (2, 9): 4, (2, 8): -11, (2, 5): 3, (2, 3): -5, (3, 35): 5, (3, 34): -7, (3, 33): -9, (3, 30): 4, (3, 28): -11, (3, 27): 6, (3, 26): 12, (3, 25): -11, (3, 24): -7, (3, 22): -2, (3, 20): -2, (3, 19): 12, (3, 18): -5, (3, 15): 3, (3, 14): -3, (3, 13): -5, (3, 7): -8, (3, 6): -3, (4, 35): 8, (4, 33): 13, (4, 32): -14, (4, 31): -10, (4, 30): -7, (4, 29): 5, (4, 28): 10, (4, 24): 10, (4, 22): -10, (4, 21): -8, (4, 19): 8, (4, 18): -6, (4, 17): 9, (4, 14): -1, (4, 13): -6, (4, 11): -2, (4, 9): -5, (4, 8): 9, (4, 6): -4, (5, 35): -14, (5, 34): 13, (5, 30): -6, (5, 29): 14, (5, 26): -4, (5, 25): -9, (5, 24): 2, (5, 22): -11, (5, 21): 8, (5, 17): 7, (5, 16): 2, (5, 12): 6, (5, 11): 8, (5, 10): -5, (5, 9): -1, (5, 8): 4, (6, 35): -14, (6, 32): -5, (6, 30): 7, (6, 27): 2, (6, 26): -4, (6, 23): 11, (6, 22): 3, (6, 21): 9, (6, 18): -4, (6, 16): -12, (6, 14): 4, (6, 13): 2, (6, 9): 12, (6, 8): -5, (6, 7): 10, (7, 34): -4, (7, 31): -13, (7, 29): -9, (7, 26): 1, (7, 25): 13, (7, 24): -13, (7, 22): -9, (7, 21): 7, (7, 19): -9, (7, 18): 4, (7, 17): -4, (7, 14): 7, (7, 11): -7, (7, 10): 11, (7, 9): 2, (7, 8): -11, (8, 35): -9, (8, 34): 10, (8, 32): 4, (8, 30): 6, (8, 29): -10, (8, 23): 2, (8, 22): -3, (8, 21): -14, (8, 20): 8, (8, 18): 2, (8, 17): -7, (8, 15): -6, (8, 14): 10, (8, 13): -7, (8, 11): -6, (8, 10): 8, (9, 35): 5, (9, 34): 4, (9, 31): 9, (9, 28): -13, (9, 26): 3, (9, 23): 9, (9, 21): 11, (9, 18): -10, (9, 16): -5, (9, 15): -9, (9, 12): -13, (9, 11): 7, (10, 34): -11, (10, 31): 14, (10, 29): 13, (10, 28): -1, (10, 26): 4, (10, 22): 4, (10, 19): -2, (10, 15): 6, (10, 13): -13, (11, 35): 11, (11, 34): 12, (11, 32): -1, (11, 31): -4, (11, 30): -14, (11, 29): 13, (11, 27): -2, (11, 24): -8, (11, 22): -5, (11, 19): 5, (11, 17): 11, (11, 14): 5, (11, 13): 7, (11, 12): 11, (12, 34): 4, (12, 33): -13, (12, 32): -3, (12, 31): -12, (12, 28): 2, (12, 25): -13, (12, 24): 3, (12, 23): -14, (12, 21): -6, (12, 19): 6, (12, 17): -7, (12, 16): -14, (12, 15): -5, (12, 14): 12, (13, 35): -8, (13, 34): 2, (13, 33): 5, (13, 30): 6, (13, 29): -2, (13, 28): 6, (13, 27): -1, (13, 25): 9, (13, 17): 8, (13, 16): 5, (13, 15): 4, (13, 14): 2, (14, 33): 14, (14, 31): -8, (14, 28): -8, (14, 24): -8, (14, 21): 2, (14, 19): 14, (14, 18): 9, (14, 16): 12, (14, 15): 2, (15, 34): 10, (15, 33): 12, (15, 28): 7, (15, 27): -2, (15, 24): 6, (15, 23): -9, (15, 22): -14, (15, 20): -4, (15, 17): -13, (16, 35): -7, (16, 32): -1, (16, 30): 14, (16, 28): -1, (16, 27): 14, (16, 26): 7, (16, 25): -1, (16, 24): 7, (16, 23): 12, (16, 22): -1, (17, 35): -2, (17, 33): -10, (17, 32): -12, (17, 25): 8, (17, 24): 11, (17, 19): 13, (17, 18): 14, (18, 33): -13, (18, 31): 5, (18, 29): 14, (18, 24): 1, (18, 23): 10, (18, 20): -12, (19, 35): -7, (19, 33): -3, (19, 30): -7, (19, 25): 13, (19, 23): 11, (19, 21): -13, (20, 32): 5, (20, 25): -12, (20, 24): 10, (20, 23): 10, (20, 21): 5, (21, 34): 6, (21, 33): -11, (21, 31): 2, (21, 30): -14, (21, 29): -10, (21, 27): 6, (21, 24): 13, (21, 22): -3, (22, 35): -11, (22, 34): 2, (22, 33): -4, (22, 30): 11, (22, 26): 14, (22, 24): -12, (23, 35): -11, (23, 28): 5, (23, 27): -1, (23, 25): 13, (24, 35): -4, (24, 33): -6, (24, 32): 4, (24, 31): 2, (24, 30): -2, (24, 29): -4, (24, 25): -10, (25, 35): 3, (25, 30): -2, (25, 29): 4, (25, 28): 3, (25, 27): -11, (25, 26): -12, (26, 35): 9, (26, 32): -4, (26, 31): -3, (26, 29): -7, (27, 34): 2, (27, 31): -13, (27, 30): -5, (27, 29): -6, (27, 28): -10, (28, 33): -6, (29, 35): 6, (29, 34): 8, (29, 33): -8, (29, 30): 9, (30, 33): -10, (30, 32): 11, (31, 35): 12, (31, 34): 5, (31, 32): 6, (32, 34): 8, (32, 33): 14, (33, 35): -1, (34, 35): 6}
test1

{}
   1 34 29 25 23 21 18 15 14 11  9  8  7  6  4  3  2 35 ... 10 energy num_oc.
0 +1 -1 +1 -1 +1 +1 -1 +1 -1 +1 -1 +1 +1 -1 -1 -1 +1 -1 ... -1 -863.0      15
1 -1 +1 -1 +1 -1 -1 +1 -1 +1 -1 +1 -1 -1 +1 +1 +1 -1 +1 ... +1 -863.0      22
2 -1 +1 -1 +1 -1 -1 +1 -1 +1 -1 +1 -1 -1 +1 +1 +1 -1 -1 ... +1 -861.0      10
3 +1 -1 +1 -1 +1 +1 -1 +1 -1 +1 -1 +1 +1 -1 -1 -1 +1 +1 ... -1 -861.0       5
4 +1 +1 -1 +1 -1 -1 +1 -1 +1 +1 +1 -1 -1 -1 -1 +1 -1 -1 ... +1 -861.0       2
['SPIN', 5 rows, 54 samples, 35 variables]
energies=[-863.0, -863.0, -861.0, -861.0, -861.0]
