[[1 0 0 ... 0 0 7]
 [1 0 0 ... 0 7 0]
 [1 0 0 ... 7 0 0]
 ...
 [1 0 7 ... 0 0 0]
 [1 7 0 ... 0 0 0]
 [7 1 1 ... 1 1 1]]
0
test

{(1, 12): 5, (1, 11): 3, (1, 10): -2, (1, 9): -8, (1, 8): 1, (1, 7): -4, (1, 6): 1, (1, 5): -4, (1, 4): 3, (1, 3): 4, (2, 16): 8, (2, 15): -5, (2, 14): -5, (2, 13): -14, (2, 12): 7, (2, 11): 4, (2, 10): 11, (2, 9): -3, (2, 8): 3, (2, 6): 7, (2, 5): 12, (2, 3): -13, (3, 15): -4, (3, 14): 4, (3, 13): 7, (3, 12): -14, (3, 10): -5, (3, 8): -13, (3, 7): 10, (3, 6): -2, (3, 5): 5, (3, 4): -7, (4, 15): 7, (4, 14): 7, (4, 12): -3, (4, 11): 11, (4, 10): -8, (4, 9): -7, (4, 8): -1, (4, 7): 1, (4, 6): 8, (4, 5): 4, (5, 14): -1, (5, 13): -13, (5, 12): 1, (5, 11): 11, (5, 10): 10, (5, 9): -10, (5, 7): -12, (5, 6): -3, (6, 16): 9, (6, 15): 1, (6, 14): -3, (6, 13): -7, (6, 12): -6, (6, 11): 14, (6, 10): 8, (6, 8): -7, (6, 7): -14, (7, 16): 11, (7, 13): -4, (7, 12): 1, (7, 11): 4, (7, 10): 9, (7, 9): -9, (7, 8): 3, (8, 16): -1, (8, 15): -7, (8, 14): -10, (8, 13): -9, (8, 11): -1, (8, 10): -12, (9, 16): 2, (9, 15): 8, (9, 14): -1, (9, 13): 3, (9, 12): -14, (9, 10): 1, (10, 16): 1, (10, 15): 3, (10, 13): -5, (10, 12): -6, (10, 11): -5, (11, 16): -12, (11, 15): 5, (11, 14): -9, (11, 12): 10, (12, 16): 11, (12, 15): 13, (12, 14): -13, (12, 13): -7, (13, 16): 2, (13, 15): -3, (13, 14): -6, (14, 15): 11, (15, 16): 3}
test1

{}
   1 12 11 10  9  8  7  6  5  4  3  2 16 15 14 13 energy num_oc.
0 -1 -1 +1 +1 -1 +1 -1 -1 -1 +1 +1 -1 +1 +1 -1 -1 -296.0      23
1 +1 +1 -1 -1 +1 -1 +1 +1 +1 -1 -1 +1 -1 -1 +1 +1 -296.0       7
2 +1 +1 -1 +1 +1 +1 +1 +1 +1 +1 -1 -1 -1 -1 +1 +1 -270.0      12
3 -1 +1 +1 +1 -1 +1 -1 -1 -1 +1 +1 -1 +1 -1 +1 -1 -270.0       9
4 -1 -1 +1 -1 -1 -1 -1 -1 -1 -1 +1 +1 +1 +1 -1 -1 -270.0      11
['SPIN', 5 rows, 62 samples, 16 variables]
energies=[-296.0, -296.0, -270.0, -270.0, -270.0]
