[[1 0 0 ... 0 0 7]
 [1 0 0 ... 0 7 0]
 [1 0 0 ... 7 0 0]
 ...
 [1 0 7 ... 0 0 0]
 [1 7 0 ... 0 0 0]
 [7 1 1 ... 1 1 1]]
0
test

{(1, 11): -4, (1, 9): 9, (1, 6): -4, (1, 5): 14, (1, 4): -5, (1, 3): -1, (2, 9): -7, (2, 7): 10, (2, 6): -11, (3, 11): -8, (3, 9): -13, (3, 7): -3, (3, 6): -14, (3, 5): 12, (4, 9): -7, (4, 8): 14, (4, 7): -4, (4, 6): -10, (5, 8): 10, (5, 6): -13, (6, 11): 1, (6, 8): -8, (6, 7): -4, (7, 11): -8, (7, 9): 9, (8, 10): -9, (9, 11): -10}
test1

{}
   1 11  9  6  5  4  3  2  7  8 10 energy num_oc.
0 -1 +1 +1 +1 +1 +1 +1 +1 +1 -1 -1 -114.0      12
1 +1 -1 -1 -1 -1 -1 -1 -1 +1 +1 +1 -114.0      13
2 -1 +1 +1 +1 +1 +1 +1 +1 -1 -1 -1 -114.0      11
3 +1 -1 -1 -1 -1 -1 -1 -1 -1 +1 +1 -114.0      10
4 -1 -1 -1 -1 +1 -1 -1 -1 -1 -1 -1 -110.0       6
['SPIN', 5 rows, 52 samples, 11 variables]
energies=[-114.0, -114.0, -114.0, -114.0, -110.0]
