[[1 0 0 ... 0 0 7]
 [1 0 0 ... 0 7 0]
 [1 0 0 ... 7 0 0]
 ...
 [1 3 7 ... 0 0 0]
 [1 7 3 ... 0 0 0]
 [7 1 1 ... 1 1 1]]
3
test

{(1, 12): 12, (1, 11): 3, (1, 10): -8, (1, 9): -7, (1, 8): 12, (1, 7): -12, (1, 6): -2, (1, 5): -9, (1, 4): 11, (1, 3): -8, (1, 2): -6, (2, 12): -3, (2, 11): 13, (2, 10): 2, (2, 9): -6, (2, 8): 14, (2, 7): 8, (2, 6): -14, (2, 5): 12, (2, 4): -14, (2, 3): -9, (3, 12): 14, (3, 11): 11, (3, 10): -13, (3, 9): -8, (3, 8): 14, (3, 7): 1, (3, 6): 7, (3, 5): 13, (3, 4): 12, (4, 12): -4, (4, 11): -5, (4, 10): -5, (4, 9): -6, (4, 8): -11, (4, 7): -5, (4, 6): 9, (4, 5): 10, (5, 12): -7, (5, 11): 14, (5, 10): -7, (5, 9): 6, (5, 8): -6, (5, 7): -3, (5, 6): 12, (6, 12): -9, (6, 11): -11, (6, 10): -6, (6, 9): -11, (6, 8): 7, (6, 7): 5, (7, 12): -8, (7, 11): 4, (7, 10): 6, (7, 9): -1, (7, 8): -1, (8, 12): -1, (8, 11): -11, (8, 10): 14, (8, 9): -14, (9, 12): 14, (9, 11): 14, (9, 10): 1, (10, 12): -6, (10, 11): 4, (11, 12): 8}
test1

{}
   1 12 11 10  9  8  7  6  5  4  3  2 energy num_oc.
0 +1 -1 -1 +1 +1 -1 -1 +1 -1 -1 +1 +1 -258.0      18
1 -1 +1 +1 -1 -1 +1 +1 -1 +1 +1 -1 -1 -258.0      22
2 -1 +1 +1 -1 +1 +1 -1 +1 -1 +1 -1 +1 -192.0       3
3 +1 -1 -1 +1 +1 -1 +1 -1 +1 -1 +1 -1 -192.0       8
4 +1 -1 -1 +1 -1 -1 +1 -1 +1 -1 +1 -1 -192.0       3
['SPIN', 5 rows, 54 samples, 12 variables]
energies=[-258.0, -258.0, -192.0, -192.0, -192.0]
