[[1 0 0 ... 0 0 7]
 [1 0 0 ... 0 7 0]
 [1 0 0 ... 7 0 0]
 ...
 [1 6 7 ... 0 0 0]
 [1 7 6 ... 0 0 0]
 [7 1 1 ... 1 1 1]]
6
test

{(1, 19): 6, (1, 18): -1, (1, 17): 14, (1, 16): 12, (1, 14): 7, (1, 13): 4, (1, 12): -3, (1, 11): 1, (1, 10): -2, (1, 9): 4, (1, 8): -4, (1, 7): 7, (1, 6): -13, (1, 5): -11, (1, 4): -5, (1, 2): -12, (2, 19): -5, (2, 18): 6, (2, 17): 13, (2, 15): -6, (2, 14): -4, (2, 12): 13, (2, 11): -7, (2, 10): -1, (2, 9): -14, (2, 8): 5, (2, 7): -7, (2, 6): 2, (2, 3): 5, (3, 19): -13, (3, 17): -9, (3, 15): -1, (3, 14): -1, (3, 13): -1, (3, 12): -1, (3, 11): -3, (3, 9): 1, (3, 8): 4, (3, 6): -9, (3, 5): -7, (3, 4): -11, (4, 19): 8, (4, 18): 7, (4, 17): -10, (4, 16): 1, (4, 15): 13, (4, 13): -2, (4, 12): 14, (4, 10): -2, (4, 9): 2, (4, 8): -7, (4, 7): 5, (4, 6): 5, (4, 5): 14, (5, 18): -9, (5, 17): -11, (5, 16): -5, (5, 15): -10, (5, 14): -4, (5, 12): -14, (5, 11): 8, (5, 10): 13, (5, 8): -1, (5, 7): 1, (5, 6): 5, (6, 19): 2, (6, 18): 9, (6, 16): 4, (6, 15): -9, (6, 13): -2, (6, 12): 10, (6, 11): 9, (6, 10): 3, (6, 8): 5, (6, 7): 1, (7, 19): 2, (7, 18): -1, (7, 17): 5, (7, 15): 11, (7, 14): 5, (7, 13): 1, (7, 12): 7, (7, 11): -11, (7, 10): 7, (7, 9): 1, (7, 8): 4, (8, 19): 1, (8, 18): -12, (8, 17): -10, (8, 16): -8, (8, 15): 8, (8, 14): -8, (8, 13): 9, (8, 12): 6, (8, 11): -10, (8, 10): 14, (9, 19): -11, (9, 18): 6, (9, 17): -11, (9, 16): 5, (9, 15): 12, (9, 14): 2, (9, 13): 13, (9, 10): 3, (10, 19): -7, (10, 18): -11, (10, 17): 4, (10, 15): 9, (10, 14): 3, (10, 13): 14, (10, 12): -14, (10, 11): -11, (11, 19): 11, (11, 18): -10, (11, 17): -8, (11, 16): 4, (11, 15): -10, (11, 13): 8, (11, 12): -3, (12, 19): 2, (12, 18): 9, (12, 17): -8, (12, 16): 3, (12, 15): 12, (12, 14): 3, (13, 18): -1, (13, 17): 12, (13, 16): 14, (13, 15): 14, (14, 19): -4, (14, 17): -13, (14, 16): -10, (14, 15): -11, (15, 19): 14, (15, 17): 6, (15, 16): -1, (18, 19): -7}
test1

{}
   1 19 18 17 16 14 13 12 11 10  9  8  7  6  5  4  2 15  3 energy num_oc.
0 +1 +1 -1 -1 -1 -1 +1 -1 -1 -1 +1 -1 +1 +1 -1 +1 +1 -1 +1 -351.0      16
1 -1 -1 +1 +1 +1 +1 -1 +1 +1 +1 -1 +1 -1 -1 +1 -1 -1 +1 -1 -351.0       6
2 -1 +1 +1 +1 +1 +1 -1 +1 +1 +1 +1 +1 -1 -1 +1 -1 -1 -1 +1 -349.0       9
3 -1 +1 +1 +1 +1 +1 -1 +1 +1 +1 +1 +1 -1 -1 +1 +1 -1 -1 +1 -349.0       9
4 +1 -1 -1 -1 -1 -1 +1 -1 -1 -1 -1 -1 +1 +1 -1 -1 +1 +1 -1 -349.0      11
5 +1 -1 -1 -1 -1 -1 +1 -1 -1 -1 -1 -1 +1 +1 -1 +1 +1 +1 -1 -349.0      12
['SPIN', 6 rows, 63 samples, 19 variables]
energies=[-351.0, -351.0, -349.0, -349.0, -349.0, -349.0]
