Sample 0:-494
Sample 1:-414
Sample 2:36
Sample 3:-830
Sample 4:-678
Sample 5:-600
Sample 6:-688
Sample 7:-356
Sample 8:-650
Sample 9:-536
Sample 10:-654
Sample 11:-654
Sample 12:-740
Sample 13:-538
Sample 14:-716
Sample 15:-638
Sample 16:-624
Sample 17:-598
Sample 18:-936
Sample 19:-294
Sample 20:-604
Sample 21:-618
Sample 22:-526
Sample 23:-616
Sample 24:-822
Sample 25:-766
Sample 26:-702
Sample 27:-738
Sample 28:-684
Sample 29:-530
Sample 30:-536
Sample 31:-620
Sample 32:-558
Sample 33:-600
Sample 34:-514
Sample 35:-796
Sample 36:-710
Sample 37:-772
Sample 38:-618
Sample 39:-486
Sample 40:-452
Sample 41:-664
Sample 42:-684
Sample 43:-722
Sample 44:-466
Sample 45:-628
Sample 46:-528
Sample 47:-732
Sample 48:-702
Sample 49:-586
Sample 50:-668
Sample 51:-654
Sample 52:-490
Sample 53:-502
Sample 54:-702
Sample 55:-470
Sample 56:-780
Sample 57:-750
Sample 58:-672
Sample 59:-596
Sample 60:-766
Sample 61:-492
Sample 62:-774
Sample 63:-818
Sample 64:-678
Sample 65:-698
Sample 66:-734
Sample 67:-562
Sample 68:-658
Sample 69:-608
Sample 70:-802
Sample 71:-488
Sample 72:-378
Sample 73:-494
Sample 74:-788
Sample 75:-748
Sample 76:-522
Sample 77:-320
Sample 78:-794
Sample 79:-374
Sample 80:-706
Sample 81:-730
Sample 82:-388
Sample 83:-626
Sample 84:-500
Sample 85:-838
Sample 86:-630
Sample 87:-764
Sample 88:-768
Sample 89:-462
Sample 90:-746
Sample 91:-726
Sample 92:-656
Sample 93:-560
Sample 94:-356
Sample 95:-120
Sample 96:-702
Sample 97:-614
Sample 98:-524
Sample 99:-700
Best Ham: -936
Sucess Probability: 98
Ham Average: -614.78
