Sample 0:-286
Sample 1:-358
Sample 2:-302
Sample 3:-442
Sample 4:-494
Sample 5:-312
Sample 6:-406
Sample 7:-516
Sample 8:-502
Sample 9:-546
Sample 10:-454
Sample 11:-548
Sample 12:-464
Sample 13:-330
Sample 14:92
Sample 15:-368
Sample 16:-630
Sample 17:-460
Sample 18:-460
Sample 19:-384
Sample 20:-240
Sample 21:-368
Sample 22:-548
Sample 23:-382
Sample 24:-564
Sample 25:-604
Sample 26:-330
Sample 27:-364
Sample 28:-422
Sample 29:-260
Sample 30:-464
Sample 31:-564
Sample 32:-662
Sample 33:-428
Sample 34:-364
Sample 35:-604
Sample 36:-378
Sample 37:-548
Sample 38:-344
Sample 39:-548
Sample 40:-538
Sample 41:-308
Sample 42:-492
Sample 43:-264
Sample 44:-512
Sample 45:-308
Sample 46:-184
Sample 47:-390
Sample 48:-482
Sample 49:-450
Sample 50:-548
Sample 51:-390
Sample 52:-506
Sample 53:-412
Sample 54:-344
Sample 55:-426
Sample 56:-160
Sample 57:-470
Sample 58:-440
Sample 59:-60
Sample 60:-478
Sample 61:-548
Sample 62:-494
Sample 63:-416
Sample 64:-102
Sample 65:-452
Sample 66:-126
Sample 67:-568
Sample 68:-404
Sample 69:-468
Sample 70:-490
Sample 71:-500
Sample 72:-480
Sample 73:-306
Sample 74:-436
Sample 75:-548
Sample 76:-490
Sample 77:-450
Sample 78:-212
Sample 79:-448
Sample 80:-334
Sample 81:-96
Sample 82:-430
Sample 83:-264
Sample 84:-544
Sample 85:-264
Sample 86:-426
Sample 87:-544
Sample 88:-500
Sample 89:-490
Sample 90:-314
Sample 91:-516
Sample 92:-460
Sample 93:-302
Sample 94:-316
Sample 95:-314
Sample 96:-312
Sample 97:-548
Sample 98:-516
Sample 99:-584
Best Ham: -662
Sucess Probability: 95
Ham Average: -413.3
