Sample 0:-8
Sample 1:-8
Sample 2:-16
Sample 3:-16
Sample 4:-8
Sample 5:-16
Sample 6:-8
Sample 7:-8
Sample 8:8
Sample 9:-16
Sample 10:8
Sample 11:8
Sample 12:-8
Sample 13:-16
Sample 14:-8
Sample 15:-16
Sample 16:-16
Sample 17:-16
Sample 18:-16
Sample 19:-8
Sample 20:-16
Sample 21:8
Sample 22:-16
Sample 23:-16
Sample 24:-16
Sample 25:-16
Sample 26:-16
Sample 27:-16
Sample 28:-8
Sample 29:8
Sample 30:-16
Sample 31:-8
Sample 32:-16
Sample 33:-16
Sample 34:-16
Sample 35:-8
Sample 36:-16
Sample 37:-8
Sample 38:-16
Sample 39:-16
Sample 40:-16
Sample 41:-16
Sample 42:-8
Sample 43:-8
Sample 44:-16
Sample 45:-16
Sample 46:-16
Sample 47:-16
Sample 48:-8
Sample 49:-16
Sample 50:-8
Sample 51:-8
Sample 52:-8
Sample 53:-16
Sample 54:-8
Sample 55:-8
Sample 56:-8
Sample 57:-16
Sample 58:-16
Sample 59:-8
Sample 60:-8
Sample 61:-16
Sample 62:-16
Sample 63:-16
Sample 64:-8
Sample 65:-16
Sample 66:-8
Sample 67:-16
Sample 68:-16
Sample 69:-16
Sample 70:-8
Sample 71:-16
Sample 72:-16
Sample 73:-8
Sample 74:-16
Sample 75:-8
Sample 76:-8
Sample 77:-8
Sample 78:-16
Sample 79:-16
Sample 80:-8
Sample 81:-16
Sample 82:-16
Sample 83:-16
Sample 84:-8
Sample 85:-16
Sample 86:-16
Sample 87:-16
Sample 88:8
Sample 89:-16
Sample 90:-16
Sample 91:-8
Sample 92:-8
Sample 93:-16
Sample 94:-16
Sample 95:-8
Sample 96:-8
Sample 97:-8
Sample 98:-16
Sample 99:-16
Best Ham: -16
Sucess Probability: 0
Ham Average: -11.6
