Sample 0:-139
Sample 1:-121
Sample 2:-151
Sample 3:1
Sample 4:-97
Sample 5:-105
Sample 6:-151
Sample 7:-113
Sample 8:-113
Sample 9:-83
Sample 10:-95
Sample 11:-39
Sample 12:-9
Sample 13:-93
Sample 14:15
Sample 15:-105
Sample 16:-25
Sample 17:-99
Sample 18:-39
Sample 19:-151
Sample 20:-75
Sample 21:-47
Sample 22:-9
Sample 23:-151
Sample 24:-113
Sample 25:-99
Sample 26:-43
Sample 27:-101
Sample 28:-99
Sample 29:-99
Sample 30:-139
Sample 31:-105
Sample 32:-25
Sample 33:-71
Sample 34:-105
Sample 35:-151
Sample 36:-47
Sample 37:-151
Sample 38:-97
Sample 39:-139
Sample 40:-25
Sample 41:-99
Sample 42:-121
Sample 43:-113
Sample 44:-107
Sample 45:-121
Sample 46:-89
Sample 47:-99
Sample 48:-25
Sample 49:-17
Sample 50:-101
Sample 51:-9
Sample 52:-113
Sample 53:-47
Sample 54:-113
Sample 55:-95
Sample 56:-101
Sample 57:-25
Sample 58:-93
Sample 59:-105
Sample 60:-67
Sample 61:-99
Sample 62:-151
Sample 63:-99
Sample 64:-85
Sample 65:-69
Sample 66:-151
Sample 67:-43
Sample 68:-107
Sample 69:-151
Sample 70:-113
Sample 71:-113
Sample 72:-99
Sample 73:-93
Sample 74:-47
Sample 75:-113
Sample 76:-101
Sample 77:-113
Sample 78:-147
Sample 79:-71
Sample 80:-113
Sample 81:-105
Sample 82:-139
Sample 83:-25
Sample 84:-95
Sample 85:-105
Sample 86:-47
Sample 87:-103
Sample 88:-151
Sample 89:-99
Sample 90:-151
Sample 91:-139
Sample 92:-139
Sample 93:-105
Sample 94:-75
Sample 95:-39
Sample 96:-101
Sample 97:-151
Sample 98:-139
Sample 99:-99
Best Ham: -151
Sucess Probability: 12
Ham Average: -93.48
