[[ 1  0  0 ...  0  0  7]
 [ 1  0  0 ...  0  7  0]
 [ 1  0  0 ...  7  0  0]
 ...
 [ 1 -3  7 ...  0  0  0]
 [ 1  7 -4 ...  0  0  0]
 [ 7  1  1 ...  1  1  1]]
-4
test

{(1, 12): 8, (1, 11): -10, (1, 10): 4, (1, 5): -13, (1, 3): 7, (1, 2): 7, (2, 9): 9, (2, 4): 13, (2, 3): 10, (3, 12): -7, (3, 11): -14, (3, 8): -13, (3, 6): 11, (4, 12): 3, (4, 11): -10, (4, 9): -2, (4, 8): 14, (4, 7): -11, (4, 6): -8, (5, 10): 9, (5, 7): -10, (5, 6): 9, (6, 12): -8, (6, 11): 4, (6, 8): 13, (6, 7): -6, (7, 12): -14, (7, 10): -1, (8, 12): -12, (8, 11): -3, (8, 10): -3, (9, 10): 8, (11, 12): -1}
test1

{}
   1 12 11 10  5  3  2  9  4  8  6  7 energy num_oc.
0 +1 +1 +1 -1 +1 +1 -1 +1 +1 +1 -1 +1 -159.0      22
1 -1 -1 -1 +1 -1 -1 +1 -1 -1 -1 +1 -1 -159.0      25
2 +1 -1 -1 -1 +1 -1 -1 +1 +1 -1 +1 +1 -151.0       2
3 -1 +1 +1 +1 -1 +1 +1 -1 -1 +1 -1 -1 -151.0       4
4 +1 -1 +1 -1 +1 +1 -1 +1 -1 +1 -1 -1 -139.0       1
5 -1 +1 -1 +1 -1 -1 +1 -1 +1 -1 +1 +1 -139.0       1
['SPIN', 6 rows, 55 samples, 12 variables]
energies=[-159.0, -159.0, -151.0, -151.0, -139.0, -139.0]
