[[ 1  0  0 ...  0  0  7]
 [ 1  0  0 ...  0  7  0]
 [ 1  0  0 ...  7  0  0]
 ...
 [ 1 -6  7 ...  0  0  0]
 [ 1  7 -6 ...  0  0  0]
 [ 7  1  1 ...  1  1  1]]
-6
test

{(1, 26): 14, (1, 25): 4, (1, 24): 13, (1, 23): 4, (1, 22): -5, (1, 21): 12, (1, 20): -5, (1, 19): 9, (1, 18): 5, (1, 17): 1, (1, 16): 9, (1, 15): -2, (1, 14): 14, (1, 13): 11, (1, 12): -11, (1, 11): 2, (1, 10): -1, (1, 9): -13, (1, 8): 12, (1, 7): -11, (1, 6): 5, (1, 5): 2, (1, 4): 8, (1, 3): 11, (1, 2): 12, (2, 26): 6, (2, 25): 4, (2, 24): -8, (2, 23): -9, (2, 22): -10, (2, 21): 6, (2, 20): -11, (2, 19): -7, (2, 18): 11, (2, 17): 3, (2, 16): 9, (2, 15): 8, (2, 14): -4, (2, 13): -8, (2, 12): 13, (2, 11): 8, (2, 10): -13, (2, 9): -5, (2, 8): -7, (2, 7): -13, (2, 6): 12, (2, 5): -8, (2, 4): 7, (2, 3): -9, (3, 26): 5, (3, 25): -4, (3, 24): -3, (3, 23): -1, (3, 22): 6, (3, 21): -13, (3, 20): 14, (3, 19): 8, (3, 18): 6, (3, 17): 4, (3, 16): 4, (3, 15): 1, (3, 14): 4, (3, 13): 12, (3, 12): 2, (3, 11): 9, (3, 10): -5, (3, 9): 4, (3, 8): 2, (3, 7): 6, (3, 6): 11, (3, 5): -8, (3, 4): 7, (4, 26): 14, (4, 25): -9, (4, 24): -5, (4, 23): 6, (4, 22): -8, (4, 21): 9, (4, 20): -10, (4, 19): -6, (4, 18): 4, (4, 17): 12, (4, 16): 1, (4, 15): 4, (4, 14): 7, (4, 13): -5, (4, 12): 1, (4, 11): 8, (4, 10): 11, (4, 9): 7, (4, 8): -9, (4, 7): -5, (4, 6): -13, (4, 5): 10, (5, 26): -1, (5, 25): 9, (5, 24): -14, (5, 23): -7, (5, 22): -7, (5, 21): 2, (5, 20): 7, (5, 19): -5, (5, 18): 8, (5, 17): 14, (5, 16): -14, (5, 15): -6, (5, 14): -10, (5, 13): 2, (5, 12): 6, (5, 11): -5, (5, 10): -4, (5, 9): -11, (5, 8): 3, (5, 7): 8, (5, 6): -6, (6, 26): -13, (6, 25): -2, (6, 24): -2, (6, 23): -8, (6, 22): 3, (6, 21): -14, (6, 20): 4, (6, 19): -14, (6, 18): 11, (6, 17): 11, (6, 16): 12, (6, 15): 7, (6, 14): -9, (6, 13): -11, (6, 12): 1, (6, 11): 9, (6, 10): 6, (6, 9): 6, (6, 8): -14, (6, 7): 14, (7, 26): -10, (7, 25): -6, (7, 24): -6, (7, 23): -11, (7, 22): 8, (7, 21): -14, (7, 20): 5, (7, 19): 6, (7, 18): -4, (7, 17): 8, (7, 16): 12, (7, 15): 5, (7, 14): 14, (7, 13): -12, (7, 12): 14, (7, 11): -4, (7, 10): -5, (7, 9): 10, (7, 8): -9, (8, 26): -5, (8, 25): -4, (8, 24): 9, (8, 23): -4, (8, 22): -4, (8, 21): 3, (8, 20): 4, (8, 19): 4, (8, 18): -8, (8, 17): 6, (8, 16): -9, (8, 15): 8, (8, 14): 9, (8, 13): 13, (8, 12): -14, (8, 11): -14, (8, 10): 1, (8, 9): -6, (9, 26): 12, (9, 25): 1, (9, 24): 14, (9, 23): -14, (9, 22): 4, (9, 21): 11, (9, 20): -6, (9, 19): 4, (9, 18): 4, (9, 17): -12, (9, 16): 13, (9, 15): -12, (9, 14): -7, (9, 13): -14, (9, 12): -10, (9, 11): 12, (9, 10): 14, (10, 26): -2, (10, 25): 9, (10, 24): -2, (10, 23): 13, (10, 22): 11, (10, 21): 6, (10, 20): 6, (10, 19): -13, (10, 18): 8, (10, 17): -1, (10, 16): 2, (10, 15): -12, (10, 14): 7, (10, 13): 4, (10, 12): 6, (10, 11): 12, (11, 26): 9, (11, 25): -12, (11, 24): -13, (11, 23): 13, (11, 22): -3, (11, 21): -8, (11, 20): 9, (11, 19): 5, (11, 18): 3, (11, 17): 6, (11, 16): 10, (11, 15): 4, (11, 14): 7, (11, 13): -3, (11, 12): -6, (12, 26): 11, (12, 25): 9, (12, 24): 1, (12, 23): -4, (12, 22): 3, (12, 21): 5, (12, 20): -6, (12, 19): -11, (12, 18): -4, (12, 17): -4, (12, 16): -8, (12, 15): 5, (12, 14): -6, (12, 13): -5, (13, 26): -13, (13, 25): 13, (13, 24): 7, (13, 23): 6, (13, 22): -7, (13, 21): 6, (13, 20): -6, (13, 19): -11, (13, 18): -7, (13, 17): 1, (13, 16): 6, (13, 15): 13, (13, 14): -10, (14, 26): -11, (14, 25): -9, (14, 24): -10, (14, 23): 5, (14, 22): -12, (14, 21): -3, (14, 20): 4, (14, 19): 1, (14, 18): -6, (14, 17): 14, (14, 16): -11, (14, 15): 4, (15, 26): -8, (15, 25): 12, (15, 24): -2, (15, 23): -12, (15, 22): -1, (15, 21): 12, (15, 20): 4, (15, 19): 9, (15, 18): -9, (15, 17): 2, (15, 16): 8, (16, 26): -1, (16, 25): -13, (16, 24): 3, (16, 23): -2, (16, 22): 7, (16, 21): -5, (16, 20): -3, (16, 19): 2, (16, 18): -14, (16, 17): 12, (17, 26): -8, (17, 25): -6, (17, 24): -10, (17, 23): 14, (17, 22): -13, (17, 21): -2, (17, 20): 5, (17, 19): -12, (17, 18): 2, (18, 26): -3, (18, 25): 6, (18, 24): 1, (18, 23): -12, (18, 22): -4, (18, 21): 7, (18, 20): -2, (18, 19): -1, (19, 26): 1, (19, 25): 14, (19, 24): 5, (19, 23): -9, (19, 22): 2, (19, 21): 5, (19, 20): -5, (20, 26): -6, (20, 25): 6, (20, 24): -3, (20, 23): 13, (20, 22): 10, (20, 21): -12, (21, 26): 1, (21, 25): 3, (21, 24): 11, (21, 23): 10, (21, 22): -14, (22, 26): 6, (22, 25): -13, (22, 24): -5, (22, 23): -11, (23, 26): -8, (23, 25): 12, (23, 24): 13, (24, 26): -7, (24, 25): 11, (25, 26): 9}
test1

{}
   1 26 25 24 23 22 21 20 19 18 17 16 15 14 13 12 11 10 ...  2 energy num_oc.
0 -1 +1 -1 -1 +1 -1 -1 +1 +1 +1 -1 +1 +1 +1 +1 +1 -1 -1 ... -1 -681.0      13
1 +1 -1 +1 +1 -1 +1 +1 -1 -1 -1 +1 -1 -1 -1 -1 -1 +1 +1 ... +1 -681.0      13
2 -1 -1 +1 +1 -1 +1 +1 -1 -1 -1 -1 +1 -1 +1 -1 -1 +1 -1 ... -1 -673.0      16
3 +1 +1 -1 -1 +1 -1 -1 +1 +1 +1 +1 -1 +1 -1 +1 +1 -1 +1 ... +1 -673.0      11
4 +1 -1 -1 -1 +1 -1 -1 -1 -1 -1 -1 -1 +1 -1 -1 -1 -1 +1 ... +1 -665.0       1
['SPIN', 5 rows, 54 samples, 26 variables]
energies=[-681.0, -681.0, -673.0, -673.0, -665.0]
