Sample 0:31
Sample 1:-123
Sample 2:-93
Sample 3:23
Sample 4:-77
Sample 5:-123
Sample 6:-5
Sample 7:-131
Sample 8:-145
Sample 9:-123
Sample 10:-103
Sample 11:-83
Sample 12:-125
Sample 13:-123
Sample 14:-101
Sample 15:-101
Sample 16:-125
Sample 17:-171
Sample 18:-125
Sample 19:-125
Sample 20:-171
Sample 21:-131
Sample 22:-123
Sample 23:-171
Sample 24:-155
Sample 25:-171
Sample 26:-145
Sample 27:31
Sample 28:-145
Sample 29:-123
Sample 30:-131
Sample 31:-77
Sample 32:-123
Sample 33:-145
Sample 34:-125
Sample 35:-123
Sample 36:-123
Sample 37:-131
Sample 38:-5
Sample 39:-123
Sample 40:-123
Sample 41:-171
Sample 42:-123
Sample 43:-171
Sample 44:-93
Sample 45:31
Sample 46:-125
Sample 47:-123
Sample 48:-77
Sample 49:-125
Sample 50:-171
Sample 51:-123
Sample 52:-171
Sample 53:-25
Sample 54:31
Sample 55:-171
Sample 56:-123
Sample 57:-131
Sample 58:-123
Sample 59:23
Sample 60:-145
Sample 61:-101
Sample 62:-123
Sample 63:-171
Sample 64:-123
Sample 65:-123
Sample 66:-123
Sample 67:-125
Sample 68:-123
Sample 69:-145
Sample 70:-123
Sample 71:-125
Sample 72:-155
Sample 73:-125
Sample 74:-101
Sample 75:-155
Sample 76:-77
Sample 77:-125
Sample 78:-125
Sample 79:-123
Sample 80:-103
Sample 81:-123
Sample 82:-83
Sample 83:-123
Sample 84:-125
Sample 85:-171
Sample 86:-93
Sample 87:-171
Sample 88:-145
Sample 89:31
Sample 90:-123
Sample 91:-123
Sample 92:-155
Sample 93:-103
Sample 94:-123
Sample 95:-145
Sample 96:-125
Sample 97:31
Sample 98:-125
Sample 99:31
Best Ham: -171
Sucess Probability: 16
Ham Average: -110.44
