[[ 1  0  0 ...  0  0  7]
 [ 1  0  0 ...  0  7  0]
 [ 1  0  0 ...  7  0  0]
 ...
 [ 1 -5  7 ...  0  0  0]
 [ 1  7 -6 ...  0  0  0]
 [ 7  1  1 ...  1  1  1]]
-6
test

{(1, 21): -7, (1, 20): 13, (1, 19): -5, (1, 18): -11, (1, 17): -9, (1, 16): 8, (1, 15): -11, (1, 14): -1, (1, 13): -13, (1, 12): 4, (1, 11): 3, (1, 10): -12, (1, 9): 13, (1, 8): -7, (1, 7): 6, (1, 6): 1, (1, 5): 14, (1, 4): -3, (1, 3): -11, (1, 2): 11, (2, 21): -4, (2, 20): -12, (2, 19): -12, (2, 18): -14, (2, 17): -10, (2, 16): -10, (2, 15): -11, (2, 14): -6, (2, 13): -14, (2, 12): -8, (2, 11): 7, (2, 10): 6, (2, 9): 7, (2, 8): 4, (2, 7): -11, (2, 6): 7, (2, 5): -4, (2, 4): 1, (2, 3): -1, (3, 21): -12, (3, 20): 1, (3, 19): 10, (3, 18): 2, (3, 17): -10, (3, 16): -2, (3, 15): -2, (3, 14): -5, (3, 13): -2, (3, 12): 14, (3, 11): -2, (3, 10): 11, (3, 9): 6, (3, 8): 9, (3, 7): 6, (3, 6): 14, (3, 5): -12, (3, 4): -6, (4, 21): -13, (4, 20): 8, (4, 19): -12, (4, 18): 10, (4, 17): -9, (4, 16): 5, (4, 15): 13, (4, 14): 11, (4, 13): -5, (4, 12): -7, (4, 11): -5, (4, 10): 11, (4, 9): -7, (4, 8): -7, (4, 7): 8, (4, 6): 10, (4, 5): -11, (5, 21): -7, (5, 20): -12, (5, 19): -5, (5, 18): 3, (5, 17): -1, (5, 16): 3, (5, 15): -8, (5, 14): 3, (5, 13): 6, (5, 12): 13, (5, 11): -2, (5, 10): -13, (5, 9): 11, (5, 8): 8, (5, 7): -4, (5, 6): 7, (6, 21): 4, (6, 20): -8, (6, 19): 12, (6, 18): -6, (6, 17): 9, (6, 16): -4, (6, 15): -9, (6, 14): 8, (6, 13): 6, (6, 12): 9, (6, 11): 2, (6, 10): -8, (6, 9): 1, (6, 8): -1, (6, 7): -3, (7, 21): 11, (7, 20): 13, (7, 19): 4, (7, 18): 10, (7, 17): -2, (7, 16): 6, (7, 15): -10, (7, 14): -14, (7, 13): -12, (7, 12): 1, (7, 11): -14, (7, 10): -10, (7, 9): 2, (7, 8): 8, (8, 21): -8, (8, 20): 2, (8, 19): -3, (8, 18): -1, (8, 17): 10, (8, 16): -4, (8, 15): -3, (8, 14): -7, (8, 13): -6, (8, 12): 10, (8, 11): 3, (8, 10): -2, (8, 9): -13, (9, 21): -12, (9, 20): 9, (9, 19): -4, (9, 18): 5, (9, 17): 11, (9, 16): -6, (9, 15): 5, (9, 14): 14, (9, 13): 13, (9, 12): 3, (9, 11): -10, (9, 10): -2, (10, 21): -3, (10, 20): -11, (10, 19): -14, (10, 18): -9, (10, 17): -7, (10, 16): 8, (10, 15): -4, (10, 14): -10, (10, 13): -4, (10, 12): 3, (10, 11): 11, (11, 21): 8, (11, 20): 6, (11, 19): -3, (11, 18): 6, (11, 17): 5, (11, 16): -3, (11, 15): 2, (11, 14): -4, (11, 13): -7, (11, 12): 2, (12, 21): -1, (12, 20): -2, (12, 19): 14, (12, 18): -11, (12, 17): 11, (12, 16): 4, (12, 15): 5, (12, 14): -4, (12, 13): 4, (13, 21): 8, (13, 20): 4, (13, 19): -5, (13, 18): 4, (13, 17): -8, (13, 16): -4, (13, 15): 3, (13, 14): -9, (14, 21): 9, (14, 20): -10, (14, 19): -8, (14, 18): 9, (14, 17): -5, (14, 16): 12, (14, 15): -9, (15, 21): 7, (15, 20): 6, (15, 19): 5, (15, 18): -7, (15, 17): 10, (15, 16): 7, (16, 21): -8, (16, 20): -14, (16, 19): 3, (16, 18): -1, (16, 17): -14, (17, 21): 3, (17, 20): -1, (17, 19): -7, (17, 18): -1, (18, 21): 13, (18, 20): -4, (18, 19): 5, (19, 21): -14, (19, 20): -5, (20, 21): -14}
test1

{}
   1 21 20 19 18 17 16 15 14 13 12 11 10  9  8  7  6  5  4  3  2 energy num_oc.
0 +1 +1 -1 +1 -1 +1 +1 -1 -1 +1 -1 +1 -1 +1 +1 -1 -1 -1 +1 +1 -1 -515.0      23
1 -1 -1 +1 -1 +1 -1 -1 +1 +1 -1 +1 -1 +1 -1 -1 +1 +1 +1 -1 -1 +1 -515.0      10
2 -1 +1 +1 +1 -1 +1 +1 -1 -1 -1 -1 +1 -1 +1 -1 -1 -1 +1 +1 +1 +1 -511.0       6
3 +1 -1 -1 -1 +1 -1 -1 +1 +1 +1 +1 -1 +1 -1 +1 +1 +1 -1 -1 -1 -1 -511.0      14
4 +1 -1 +1 +1 +1 +1 -1 +1 +1 +1 -1 -1 +1 -1 -1 +1 -1 +1 -1 +1 +1 -503.0       1
['SPIN', 5 rows, 54 samples, 21 variables]
energies=[-515.0, -515.0, -511.0, -511.0, -503.0]
