[[ 1  0  0 ...  0  0  7]
 [ 1  0  0 ...  0  7  0]
 [ 1  0  0 ...  7  0  0]
 ...
 [ 1 -2  7 ...  0  0  0]
 [ 1  7 -3 ...  0  0  0]
 [ 7  1  1 ...  1  1  1]]
-3
test

{(1, 29): 4, (1, 28): 9, (1, 26): -13, (1, 23): -9, (1, 22): 2, (1, 20): -13, (1, 18): 11, (1, 16): -12, (1, 12): 4, (1, 11): -11, (1, 7): 2, (1, 6): -9, (1, 4): 12, (1, 3): 4, (1, 2): 5, (2, 30): 10, (2, 29): -4, (2, 28): 3, (2, 25): -9, (2, 24): -12, (2, 19): 12, (2, 16): 11, (2, 15): 6, (2, 14): 10, (2, 13): 1, (2, 11): 4, (2, 10): 10, (2, 6): 6, (2, 5): -9, (2, 3): -10, (3, 30): -3, (3, 29): 7, (3, 27): -10, (3, 25): -8, (3, 23): 6, (3, 20): -14, (3, 19): 11, (3, 14): -14, (3, 12): -3, (3, 10): -4, (3, 9): 3, (3, 8): -14, (3, 7): -14, (3, 6): -1, (3, 5): 8, (3, 4): 4, (4, 30): -10, (4, 29): -10, (4, 23): -2, (4, 22): 6, (4, 21): 1, (4, 19): -2, (4, 15): -5, (4, 12): -1, (4, 7): 14, (4, 6): -7, (4, 5): 1, (5, 30): -8, (5, 25): -3, (5, 24): -14, (5, 23): -13, (5, 20): -4, (5, 18): 14, (5, 15): -3, (5, 12): -10, (5, 11): 3, (5, 9): 5, (5, 8): -13, (6, 30): -4, (6, 28): 11, (6, 27): 14, (6, 25): 12, (6, 20): -14, (6, 18): -3, (6, 16): 13, (6, 13): -3, (6, 10): 5, (6, 9): -11, (6, 8): -4, (7, 27): -10, (7, 22): 1, (7, 21): 7, (7, 18): 9, (7, 17): 10, (7, 16): -6, (7, 15): -6, (7, 14): -1, (7, 13): -5, (7, 9): -13, (8, 30): -10, (8, 28): 3, (8, 27): -8, (8, 23): 10, (8, 21): -9, (8, 20): 6, (8, 19): 12, (8, 17): 10, (8, 16): 5, (8, 15): -13, (8, 13): 10, (8, 11): -9, (9, 28): -2, (9, 25): -5, (9, 24): -9, (9, 23): -1, (9, 18): -11, (9, 17): 2, (9, 14): 5, (9, 13): 13, (9, 12): -14, (10, 29): -6, (10, 27): 5, (10, 24): 2, (10, 23): 11, (10, 21): -11, (10, 17): 6, (10, 14): -5, (10, 13): 7, (10, 12): 6, (11, 29): 8, (11, 28): -12, (11, 26): 6, (11, 20): 1, (11, 17): 2, (11, 14): -2, (11, 12): 9, (12, 30): -2, (12, 26): 7, (12, 24): -10, (12, 23): -3, (12, 22): 8, (12, 19): 4, (12, 18): -4, (12, 17): -7, (12, 15): 3, (13, 30): -7, (13, 29): -8, (13, 28): 9, (13, 25): 7, (13, 24): -8, (13, 22): -9, (13, 21): 1, (13, 20): -1, (13, 19): 5, (13, 17): 5, (13, 15): -2, (14, 30): 3, (14, 28): -4, (14, 27): 9, (14, 26): -12, (14, 24): 12, (14, 21): 2, (14, 16): -10, (14, 15): -4, (15, 30): 9, (15, 29): 10, (15, 28): -11, (15, 26): 2, (15, 25): 14, (15, 24): -6, (15, 23): 4, (15, 20): -2, (16, 30): -6, (16, 28): 4, (16, 26): 12, (16, 25): -11, (16, 22): -9, (16, 20): -5, (16, 18): -12, (17, 29): -8, (17, 27): -3, (17, 25): 4, (17, 22): 13, (17, 20): -9, (17, 19): 10, (17, 18): 9, (18, 29): -8, (18, 28): 4, (18, 27): 11, (18, 26): 12, (18, 24): -11, (18, 23): -8, (18, 22): 8, (18, 20): 8, (18, 19): 4, (19, 29): 5, (19, 24): 5, (19, 22): -7, (19, 20): -6, (20, 29): -4, (20, 28): 5, (20, 26): -13, (20, 24): 2, (20, 23): 14, (20, 22): -7, (20, 21): -10, (21, 30): 4, (21, 28): -8, (21, 24): -11, (21, 23): -14, (21, 22): 5, (22, 28): 10, (22, 27): 4, (22, 26): 8, (22, 24): -10, (22, 23): -2, (23, 28): -9, (24, 30): -11, (24, 25): -1, (25, 30): 14, (25, 28): -10, (26, 30): -13, (26, 29): 12, (26, 27): -14, (27, 30): -5, (27, 29): -1, (29, 30): -9}
test1

{}
   1 29 28 26 23 22 20 18 16 12 11  7  6  4  3  2 30 25 ... 17 energy num_oc.
0 +1 -1 +1 +1 -1 +1 +1 -1 +1 -1 +1 +1 -1 -1 +1 -1 -1 +1 ... -1 -672.0      19
1 -1 +1 -1 -1 +1 -1 -1 +1 -1 +1 -1 -1 +1 +1 -1 +1 +1 -1 ... +1 -672.0      22
2 -1 +1 +1 -1 +1 -1 -1 +1 -1 +1 -1 -1 -1 +1 -1 +1 -1 +1 ... +1 -670.0       3
3 +1 -1 -1 +1 -1 +1 +1 -1 +1 -1 +1 +1 +1 -1 +1 -1 +1 -1 ... -1 -670.0       9
4 +1 +1 -1 +1 -1 +1 +1 -1 +1 -1 -1 -1 +1 +1 -1 -1 +1 -1 ... +1 -598.0       1
['SPIN', 5 rows, 54 samples, 30 variables]
energies=[-672.0, -672.0, -670.0, -670.0, -598.0]
