Sample 0:-183
Sample 1:-185
Sample 2:-225
Sample 3:-87
Sample 4:-129
Sample 5:-193
Sample 6:-149
Sample 7:-179
Sample 8:-201
Sample 9:-101
Sample 10:-163
Sample 11:-243
Sample 12:-41
Sample 13:-205
Sample 14:-193
Sample 15:-215
Sample 16:-115
Sample 17:-75
Sample 18:-75
Sample 19:-189
Sample 20:-49
Sample 21:-229
Sample 22:-139
Sample 23:-75
Sample 24:-55
Sample 25:-71
Sample 26:-193
Sample 27:-149
Sample 28:-59
Sample 29:-193
Sample 30:-193
Sample 31:-155
Sample 32:-185
Sample 33:-149
Sample 34:-149
Sample 35:-119
Sample 36:-189
Sample 37:-189
Sample 38:9
Sample 39:-115
Sample 40:-193
Sample 41:-165
Sample 42:-75
Sample 43:-135
Sample 44:-129
Sample 45:-149
Sample 46:-193
Sample 47:-127
Sample 48:-193
Sample 49:-139
Sample 50:-183
Sample 51:-223
Sample 52:-193
Sample 53:-165
Sample 54:-187
Sample 55:-79
Sample 56:-149
Sample 57:-183
Sample 58:-115
Sample 59:-75
Sample 60:-143
Sample 61:-225
Sample 62:-193
Sample 63:-193
Sample 64:-225
Sample 65:-209
Sample 66:-223
Sample 67:-205
Sample 68:-91
Sample 69:-119
Sample 70:-149
Sample 71:-163
Sample 72:-173
Sample 73:-149
Sample 74:-163
Sample 75:-193
Sample 76:-163
Sample 77:-225
Sample 78:-169
Sample 79:-169
Sample 80:-193
Sample 81:-209
Sample 82:-75
Sample 83:-229
Sample 84:-111
Sample 85:-229
Sample 86:-135
Sample 87:-117
Sample 88:-137
Sample 89:-193
Sample 90:-57
Sample 91:-191
Sample 92:-75
Sample 93:-225
Sample 94:-189
Sample 95:-97
Sample 96:-149
Sample 97:-193
Sample 98:-41
Sample 99:-135
Best Ham: -243
Sucess Probability: 63
Ham Average: -153.64
