Sample 0:-872
Sample 1:-872
Sample 2:-872
Sample 3:-872
Sample 4:-872
Sample 5:-872
Sample 6:-872
Sample 7:-872
Sample 8:-790
Sample 9:-872
Sample 10:-872
Sample 11:-872
Sample 12:-872
Sample 13:-872
Sample 14:-872
Sample 15:-872
Sample 16:-872
Sample 17:-872
Sample 18:-872
Sample 19:-872
Sample 20:-872
Sample 21:-872
Sample 22:-790
Sample 23:-790
Sample 24:-872
Sample 25:-872
Sample 26:-872
Sample 27:-872
Sample 28:-872
Sample 29:-872
Sample 30:-790
Sample 31:-872
Sample 32:-790
Sample 33:-872
Sample 34:-872
Sample 35:-872
Sample 36:-872
Sample 37:-872
Sample 38:-872
Sample 39:-872
Sample 40:-872
Sample 41:-872
Sample 42:-790
Sample 43:-872
Sample 44:-872
Sample 45:-790
Sample 46:-872
Sample 47:-790
Sample 48:-790
Sample 49:294
Sample 50:-872
Sample 51:-872
Sample 52:-872
Sample 53:-790
Sample 54:-790
Sample 55:-872
Sample 56:-872
Sample 57:-790
Sample 58:-872
Sample 59:-790
Sample 60:-790
Sample 61:-872
Sample 62:-872
Sample 63:-872
Sample 64:-872
Sample 65:-872
Sample 66:-790
Sample 67:-872
Sample 68:-872
Sample 69:294
Sample 70:-872
Sample 71:-790
Sample 72:-872
Sample 73:-872
Sample 74:-872
Sample 75:-872
Sample 76:-790
Sample 77:-872
Sample 78:-872
Sample 79:-872
Sample 80:-872
Sample 81:-872
Sample 82:-790
Sample 83:-790
Sample 84:-872
Sample 85:-872
Sample 86:-872
Sample 87:-872
Sample 88:-872
Sample 89:-872
Sample 90:-790
Sample 91:-872
Sample 92:-872
Sample 93:-872
Sample 94:-790
Sample 95:-872
Sample 96:-872
Sample 97:-872
Sample 98:-872
Sample 99:-872
Best Ham: -872
Sucess Probability: 98
Ham Average: -831.46
