[[1 0 0 ... 0 0 7]
 [1 0 0 ... 0 7 0]
 [1 0 0 ... 7 0 0]
 ...
 [1 0 7 ... 0 0 0]
 [1 7 0 ... 0 0 0]
 [7 1 1 ... 1 1 1]]
0
test

{(1, 6): -12, (1, 4): -8, (2, 10): 13, (2, 9): 11, (2, 8): -3, (2, 5): -1, (3, 10): 3, (3, 9): -5, (4, 9): 10, (4, 6): 2, (5, 8): 5, (6, 10): -4, (6, 7): 13, (7, 8): -2}
test1

{}
   1  6  4  2 10  9  8  5  3  7 energy num_oc.
0 +1 +1 +1 +1 -1 -1 +1 -1 -1 -1  -68.0      13
1 +1 +1 -1 -1 +1 +1 -1 +1 +1 -1  -68.0      10
2 +1 +1 +1 +1 -1 -1 -1 +1 -1 -1  -68.0       4
3 -1 -1 +1 +1 -1 -1 +1 -1 -1 +1  -68.0       8
4 -1 -1 -1 -1 +1 +1 +1 -1 +1 +1  -68.0       2
5 -1 -1 -1 -1 +1 +1 -1 +1 +1 +1  -68.0      14
['SPIN', 6 rows, 51 samples, 10 variables]
energies=[-68.0, -68.0, -68.0, -68.0, -68.0, -68.0]
