Sample 0:-1157
Sample 1:-1157
Sample 2:-1157
Sample 3:-1157
Sample 4:-1157
Sample 5:-1157
Sample 6:-1157
Sample 7:-1157
Sample 8:-1157
Sample 9:-1157
Sample 10:-1157
Sample 11:-1269
Sample 12:-1269
Sample 13:-1269
Sample 14:-1269
Sample 15:-1269
Sample 16:-1269
Sample 17:105
Sample 18:-1615
Sample 19:-1615
Sample 20:-1615
Sample 21:-1615
Sample 22:-1615
Sample 23:-1615
Sample 24:-1615
Sample 25:-1615
Sample 26:-1615
Sample 27:-1615
Sample 28:-1615
Sample 29:-1615
Sample 30:-1615
Sample 31:-1615
Sample 32:-1615
Sample 33:-1615
Sample 34:-1615
Sample 35:-1615
Sample 36:-1615
Sample 37:-1615
Sample 38:-1615
Sample 39:-1615
Sample 40:-1615
Sample 41:-1301
Sample 42:-783
Sample 43:-783
Sample 44:-885
Sample 45:-1275
Sample 46:-783
Sample 47:-783
Sample 48:-1055
Sample 49:-783
Sample 50:-1055
Sample 51:-905
Sample 52:-885
Sample 53:-885
Sample 54:-801
Sample 55:-905
Sample 56:-905
Sample 57:-783
Sample 58:-905
Sample 59:-823
Sample 60:-783
Sample 61:-783
Sample 62:-783
Sample 63:-1047
Sample 64:-905
Sample 65:-783
Sample 66:-783
Sample 67:-801
Sample 68:-885
Sample 69:-761
Sample 70:-905
Sample 71:-783
Sample 72:-783
Sample 73:-823
Sample 74:-871
Sample 75:-905
Sample 76:-1275
Sample 77:-783
Sample 78:-783
Sample 79:-801
Sample 80:-837
Sample 81:-1047
Sample 82:-783
Sample 83:-1275
Sample 84:-837
Sample 85:-783
Sample 86:-783
Sample 87:-837
Sample 88:-1055
Sample 89:-783
Sample 90:-837
Sample 91:-1181
Sample 92:-783
Sample 93:-1275
Sample 94:-905
Sample 95:-1275
Sample 96:-837
Sample 97:-761
Sample 98:-1181
Sample 99:-783
Best Ham: -1615
Sucess Probability: 99
Ham Average: -1105.28
