Sample 0:-604
Sample 1:-1066
Sample 2:-700
Sample 3:-510
Sample 4:-570
Sample 5:-1038
Sample 6:-810
Sample 7:-948
Sample 8:-394
Sample 9:-172
Sample 10:-832
Sample 11:-694
Sample 12:-686
Sample 13:-1028
Sample 14:-476
Sample 15:-620
Sample 16:-1042
Sample 17:-732
Sample 18:-744
Sample 19:-990
Sample 20:-814
Sample 21:-694
Sample 22:-658
Sample 23:-930
Sample 24:20
Sample 25:-996
Sample 26:-832
Sample 27:-796
Sample 28:-536
Sample 29:-968
Sample 30:-726
Sample 31:-898
Sample 32:-552
Sample 33:-1058
Sample 34:-702
Sample 35:-940
Sample 36:-812
Sample 37:-676
Sample 38:-998
Sample 39:-586
Sample 40:-594
Sample 41:-992
Sample 42:-842
Sample 43:-846
Sample 44:-826
Sample 45:-988
Sample 46:-340
Sample 47:-926
Sample 48:-420
Sample 49:-832
Sample 50:-892
Sample 51:-872
Sample 52:-840
Sample 53:-1040
Sample 54:-854
Sample 55:-754
Sample 56:-618
Sample 57:-718
Sample 58:-774
Sample 59:-1112
Sample 60:-790
Sample 61:-966
Sample 62:-680
Sample 63:-426
Sample 64:-538
Sample 65:-1036
Sample 66:-732
Sample 67:-780
Sample 68:-976
Sample 69:-926
Sample 70:-674
Sample 71:-776
Sample 72:-854
Sample 73:-606
Sample 74:-496
Sample 75:-740
Sample 76:-1140
Sample 77:-1010
Sample 78:-692
Sample 79:-636
Sample 80:-894
Sample 81:-1060
Sample 82:-950
Sample 83:-954
Sample 84:-720
Sample 85:-898
Sample 86:-904
Sample 87:-822
Sample 88:-870
Sample 89:-906
Sample 90:-738
Sample 91:-882
Sample 92:-1152
Sample 93:-656
Sample 94:-608
Sample 95:-560
Sample 96:-704
Sample 97:-754
Sample 98:-462
Sample 99:-578
Best Ham: -1152
Sucess Probability: 99
Ham Average: -774.34
