Sample 0:-1971
Sample 1:-1309
Sample 2:-1117
Sample 3:-1073
Sample 4:-2167
Sample 5:-2167
Sample 6:-2167
Sample 7:-2167
Sample 8:-2167
Sample 9:-2167
Sample 10:-2167
Sample 11:-2167
Sample 12:-2167
Sample 13:-2167
Sample 14:-2167
Sample 15:-2167
Sample 16:-2167
Sample 17:-2167
Sample 18:-2167
Sample 19:-2167
Sample 20:-2167
Sample 21:-2167
Sample 22:-2167
Sample 23:-2167
Sample 24:-2167
Sample 25:-2167
Sample 26:-2167
Sample 27:-2167
Sample 28:-2167
Sample 29:-2167
Sample 30:-2167
Sample 31:-2167
Sample 32:-2167
Sample 33:-2167
Sample 34:-2167
Sample 35:-2167
Sample 36:-2167
Sample 37:-2167
Sample 38:-2167
Sample 39:-2167
Sample 40:-2167
Sample 41:-2167
Sample 42:-2167
Sample 43:-2167
Sample 44:-2167
Sample 45:-2167
Sample 46:-2167
Sample 47:-2167
Sample 48:-2167
Sample 49:-2167
Sample 50:-2167
Sample 51:-2167
Sample 52:-2167
Sample 53:-2167
Sample 54:-2167
Sample 55:-2167
Sample 56:-2167
Sample 57:-2167
Sample 58:-2167
Sample 59:-2167
Sample 60:-2167
Sample 61:-2167
Sample 62:-2167
Sample 63:-2167
Sample 64:-2167
Sample 65:-2167
Sample 66:-2167
Sample 67:-2167
Sample 68:-2167
Sample 69:-2167
Sample 70:-2167
Sample 71:-2167
Sample 72:-2167
Sample 73:-2167
Sample 74:-2167
Sample 75:-2167
Sample 76:-2167
Sample 77:-2167
Sample 78:-2167
Sample 79:-2167
Sample 80:-2167
Sample 81:-2167
Sample 82:-2167
Sample 83:349
Sample 84:-2167
Sample 85:-2167
Sample 86:-2167
Sample 87:-2167
Sample 88:-2167
Sample 89:-2167
Sample 90:-2167
Sample 91:-2167
Sample 92:-2167
Sample 93:-2167
Sample 94:-2167
Sample 95:-2167
Sample 96:-2167
Sample 97:-2167
Sample 98:-2167
Sample 99:-2167
Best Ham: -2167
Sucess Probability: 99
Ham Average: -2109.86
