[[1 0 0 ... 0 0 7]
 [1 0 0 ... 0 7 0]
 [1 0 0 ... 7 0 0]
 ...
 [1 0 7 ... 0 0 0]
 [1 7 0 ... 0 0 0]
 [7 1 1 ... 1 1 1]]
0
test

{(1, 37): -6, (1, 36): 13, (1, 35): 5, (1, 34): 11, (1, 27): -4, (1, 24): -6, (1, 23): 12, (1, 22): 1, (1, 21): 11, (1, 14): 12, (1, 13): -11, (1, 5): -12, (2, 41): 3, (2, 34): -4, (2, 31): 11, (2, 27): -8, (2, 26): -7, (2, 23): -9, (2, 21): -14, (2, 20): 1, (2, 15): 11, (2, 14): 14, (2, 10): -10, (2, 5): -5, (2, 4): -13, (3, 42): -11, (3, 40): -6, (3, 38): 2, (3, 37): 7, (3, 35): -1, (3, 34): -10, (3, 33): -8, (3, 30): 2, (3, 29): -1, (3, 25): 13, (3, 24): -6, (3, 20): 10, (3, 17): 4, (3, 14): 5, (3, 10): 12, (3, 4): 11, (4, 42): 12, (4, 40): 13, (4, 39): -13, (4, 38): 9, (4, 36): -10, (4, 34): -8, (4, 33): 6, (4, 32): -13, (4, 23): -12, (4, 18): -5, (4, 15): -1, (4, 14): -7, (4, 10): -10, (4, 9): -6, (5, 41): 14, (5, 40): 6, (5, 37): 13, (5, 35): -4, (5, 32): -10, (5, 26): 3, (5, 20): 12, (5, 14): 1, (5, 8): 11, (5, 7): -2, (5, 6): 14, (6, 39): 7, (6, 38): -5, (6, 30): 12, (6, 29): 8, (6, 22): -12, (6, 21): 13, (6, 18): -1, (6, 15): -2, (6, 13): -6, (6, 12): -1, (6, 11): -3, (7, 42): 5, (7, 40): -10, (7, 38): 5, (7, 30): 2, (7, 25): 8, (7, 24): 3, (7, 21): -1, (7, 18): 5, (7, 11): 9, (8, 42): -3, (8, 41): 11, (8, 38): 5, (8, 33): 4, (8, 31): -9, (8, 29): 6, (8, 27): 10, (8, 22): -4, (8, 19): -5, (8, 18): 9, (8, 17): 10, (8, 16): 7, (8, 13): 14, (8, 11): 10, (9, 42): 11, (9, 41): -3, (9, 37): 11, (9, 34): 4, (9, 33): 10, (9, 28): 10, (9, 11): 3, (9, 10): 4, (10, 42): -2, (10, 40): -14, (10, 37): 11, (10, 36): -12, (10, 35): 8, (10, 32): 8, (10, 30): -14, (10, 21): -6, (10, 15): -11, (11, 42): -10, (11, 41): -11, (11, 37): 7, (11, 35): -13, (11, 32): 9, (11, 30): -3, (11, 29): 9, (11, 26): -11, (11, 22): -6, (11, 21): 11, (11, 17): 7, (11, 15): 8, (12, 37): -11, (12, 32): -9, (12, 30): 14, (12, 28): -8, (12, 25): -13, (12, 21): -10, (12, 19): 8, (13, 36): -11, (13, 33): -1, (13, 32): 7, (13, 29): -3, (13, 28): -5, (13, 25): 7, (13, 22): 5, (13, 18): -2, (13, 16): -4, (13, 15): -3, (14, 41): 10, (14, 40): 5, (14, 33): -14, (14, 28): 2, (14, 26): 6, (14, 20): -5, (14, 18): 14, (14, 17): -10, (15, 41): 10, (15, 40): -1, (15, 39): 7, (15, 38): -2, (15, 37): 1, (15, 36): 3, (16, 34): 7, (16, 32): -14, (16, 30): -4, (16, 29): -4, (16, 26): -10, (16, 20): 10, (17, 38): -14, (17, 35): 4, (17, 33): -1, (17, 30): 12, (17, 27): -6, (17, 24): -10, (17, 21): 2, (17, 18): 8, (18, 42): -10, (18, 38): 5, (18, 37): -8, (18, 31): -9, (18, 28): -1, (18, 27): -5, (19, 38): 10, (19, 37): 3, (19, 36): 7, (19, 34): -14, (19, 32): -4, (19, 23): -14, (20, 42): -10, (20, 38): -11, (20, 31): 13, (20, 30): 11, (20, 27): -8, (20, 26): -4, (20, 25): 3, (20, 22): -1, (20, 21): -2, (21, 40): -5, (21, 36): -5, (21, 34): 2, (21, 30): 4, (21, 27): -7, (21, 25): -10, (21, 22): 8, (22, 26): -10, (22, 23): 10, (23, 42): -5, (23, 35): 2, (23, 33): 9, (23, 30): 4, (24, 39): -5, (24, 37): 14, (24, 32): -2, (24, 31): 2, (24, 29): 8, (24, 26): -3, (24, 25): -12, (25, 34): 10, (25, 33): -6, (25, 30): 5, (25, 27): -14, (26, 42): -14, (26, 39): -9, (26, 32): 10, (26, 28): -6, (27, 42): 7, (27, 30): 14, (27, 29): 10, (28, 42): 7, (28, 39): 7, (28, 35): -2, (28, 30): 5, (29, 42): -10, (29, 41): 5, (29, 40): -11, (29, 37): -3, (30, 31): -13, (31, 37): -2, (31, 36): 10, (31, 35): -11, (31, 33): -2, (31, 32): -6, (32, 42): 6, (32, 41): -12, (32, 38): -2, (32, 35): -7, (33, 42): -4, (33, 38): 4, (33, 35): 4, (34, 41): 7, (34, 36): -5, (35, 39): -10, (35, 36): -2, (36, 37): 10, (37, 41): -2, (37, 39): 6, (38, 42): 12, (38, 39): 14, (39, 42): 13, (40, 41): 5}
test1

{}
   1 37 36 35 34 27 24 23 22 21 14 13  5  2 41 31 26 20 ... 28 energy num_oc.
0 +1 +1 -1 -1 -1 +1 +1 -1 +1 -1 +1 +1 -1 -1 +1 -1 +1 +1 ... +1 -889.0      13
1 -1 -1 +1 +1 +1 -1 -1 +1 -1 +1 -1 -1 +1 +1 -1 +1 -1 -1 ... -1 -889.0       7
2 +1 +1 -1 -1 -1 +1 +1 -1 +1 -1 +1 +1 -1 -1 +1 -1 +1 +1 ... +1 -889.0       5
3 -1 -1 +1 +1 +1 -1 -1 +1 -1 +1 -1 -1 +1 +1 -1 +1 -1 -1 ... -1 -889.0      17
4 +1 +1 -1 +1 -1 -1 -1 -1 +1 -1 -1 +1 -1 -1 +1 +1 +1 -1 ... +1 -869.0      10
['SPIN', 5 rows, 52 samples, 42 variables]
energies=[-889.0, -889.0, -889.0, -889.0, -869.0]
