Sample 0:-730
Sample 1:-766
Sample 2:-556
Sample 3:-618
Sample 4:-606
Sample 5:-606
Sample 6:-606
Sample 7:-690
Sample 8:-606
Sample 9:-606
Sample 10:-600
Sample 11:-606
Sample 12:-600
Sample 13:-606
Sample 14:-606
Sample 15:-684
Sample 16:-600
Sample 17:-636
Sample 18:-606
Sample 19:-606
Sample 20:-606
Sample 21:-684
Sample 22:-578
Sample 23:-704
Sample 24:-696
Sample 25:-606
Sample 26:-578
Sample 27:-600
Sample 28:-684
Sample 29:-636
Sample 30:-606
Sample 31:-684
Sample 32:-578
Sample 33:-690
Sample 34:-606
Sample 35:-600
Sample 36:-578
Sample 37:-690
Sample 38:-704
Sample 39:-704
Sample 40:-606
Sample 41:-606
Sample 42:-600
Sample 43:-804
Sample 44:-690
Sample 45:-662
Sample 46:-606
Sample 47:-684
Sample 48:-690
Sample 49:-578
Sample 50:-684
Sample 51:-606
Sample 52:-690
Sample 53:-606
Sample 54:-600
Sample 55:-690
Sample 56:-636
Sample 57:-606
Sample 58:-704
Sample 59:-690
Sample 60:-662
Sample 61:-690
Sample 62:-578
Sample 63:-578
Sample 64:-684
Sample 65:-606
Sample 66:-578
Sample 67:-600
Sample 68:-606
Sample 69:-550
Sample 70:-804
Sample 71:-578
Sample 72:-606
Sample 73:-600
Sample 74:-636
Sample 75:-600
Sample 76:-578
Sample 77:-606
Sample 78:-636
Sample 79:-636
Sample 80:-606
Sample 81:-550
Sample 82:-550
Sample 83:-600
Sample 84:-578
Sample 85:68
Sample 86:-690
Sample 87:-704
Sample 88:-600
Sample 89:-578
Sample 90:-690
Sample 91:-684
Sample 92:-662
Sample 93:-600
Sample 94:-636
Sample 95:-662
Sample 96:-606
Sample 97:-578
Sample 98:-662
Sample 99:-606
Best Ham: -804
Sucess Probability: 99
Ham Average: -625.76
