Sample 0:-28
Sample 1:-40
Sample 2:-2
Sample 3:-40
Sample 4:-40
Sample 5:-40
Sample 6:-28
Sample 7:-28
Sample 8:-30
Sample 9:-28
Sample 10:-28
Sample 11:-28
Sample 12:-28
Sample 13:-40
Sample 14:-2
Sample 15:-40
Sample 16:-28
Sample 17:-40
Sample 18:-40
Sample 19:-30
Sample 20:-40
Sample 21:-30
Sample 22:-2
Sample 23:-30
Sample 24:-40
Sample 25:-40
Sample 26:-28
Sample 27:-30
Sample 28:-2
Sample 29:-40
Sample 30:-30
Sample 31:-28
Sample 32:2
Sample 33:-28
Sample 34:-40
Sample 35:-40
Sample 36:-28
Sample 37:-30
Sample 38:-40
Sample 39:-40
Sample 40:-28
Sample 41:-28
Sample 42:-40
Sample 43:-40
Sample 44:-30
Sample 45:-40
Sample 46:-40
Sample 47:-28
Sample 48:-40
Sample 49:-40
Sample 50:-40
Sample 51:-30
Sample 52:-30
Sample 53:-40
Sample 54:2
Sample 55:-28
Sample 56:-2
Sample 57:-28
Sample 58:2
Sample 59:-28
Sample 60:-30
Sample 61:-28
Sample 62:-40
Sample 63:-40
Sample 64:-40
Sample 65:-40
Sample 66:-40
Sample 67:-28
Sample 68:-40
Sample 69:-28
Sample 70:-40
Sample 71:-40
Sample 72:-28
Sample 73:-28
Sample 74:-28
Sample 75:-40
Sample 76:-40
Sample 77:-40
Sample 78:-40
Sample 79:-28
Sample 80:-28
Sample 81:-40
Sample 82:-28
Sample 83:-28
Sample 84:-40
Sample 85:-40
Sample 86:-40
Sample 87:-40
Sample 88:-28
Sample 89:-40
Sample 90:-30
Sample 91:-40
Sample 92:-40
Sample 93:-30
Sample 94:-40
Sample 95:-30
Sample 96:-40
Sample 97:-40
Sample 98:-30
Sample 99:-40
Best Ham: -40
Sucess Probability: 0
Ham Average: -31.86
