[[1 0 0 ... 0 0 7]
 [1 0 0 ... 0 7 0]
 [1 0 0 ... 7 0 0]
 ...
 [1 6 7 ... 0 0 0]
 [1 7 6 ... 0 0 0]
 [7 1 1 ... 1 1 1]]
6
test

{(1, 18): 13, (1, 17): 7, (1, 16): -11, (1, 15): 3, (1, 13): -13, (1, 11): 6, (1, 9): 5, (1, 8): 4, (1, 7): -12, (1, 5): -2, (1, 2): -12, (2, 18): 10, (2, 17): 1, (2, 16): 13, (2, 15): 3, (2, 14): 1, (2, 13): -11, (2, 12): -2, (2, 11): -9, (2, 10): 5, (2, 9): -1, (2, 8): -7, (2, 7): -4, (2, 3): 5, (3, 18): -11, (3, 17): -13, (3, 15): -10, (3, 13): 9, (3, 11): -9, (3, 10): -3, (3, 9): -1, (3, 7): 9, (3, 6): 5, (3, 5): -4, (3, 4): 11, (4, 18): 14, (4, 16): -13, (4, 15): 4, (4, 14): 4, (4, 13): 9, (4, 12): -5, (4, 10): 13, (4, 9): 12, (4, 8): -8, (4, 7): 8, (4, 6): -7, (5, 18): 1, (5, 16): -4, (5, 15): 8, (5, 14): -4, (5, 13): 10, (5, 12): -1, (5, 8): 6, (5, 7): 7, (5, 6): 10, (6, 18): 11, (6, 17): -2, (6, 16): 11, (6, 15): 6, (6, 14): 13, (6, 11): 11, (6, 9): 11, (6, 7): 7, (7, 18): -14, (7, 17): -11, (7, 14): -14, (7, 12): -14, (7, 11): -2, (7, 10): -9, (7, 9): 9, (8, 17): 7, (8, 15): -6, (8, 12): 7, (8, 11): -1, (8, 10): 5, (9, 18): 5, (9, 17): 5, (9, 16): -10, (9, 15): 5, (9, 13): 10, (9, 12): -10, (9, 11): -8, (9, 10): 6, (10, 18): -5, (10, 16): -2, (10, 14): -12, (10, 11): 13, (11, 18): 3, (11, 17): 7, (11, 16): 9, (11, 15): -6, (11, 14): 14, (11, 12): -2, (12, 17): 8, (12, 16): -2, (12, 15): 3, (12, 14): -13, (12, 13): 5, (13, 17): -9, (13, 16): -12, (13, 15): -3, (13, 14): -12, (14, 18): 11, (14, 16): -4, (15, 18): 11, (16, 18): 2, (16, 17): 8}
test1

{}
   1 18 17 16 15 13 11  9  8  7  5  2 14 12 10  3  6  4 energy num_oc.
0 -1 +1 +1 +1 -1 -1 -1 +1 -1 +1 +1 -1 +1 +1 +1 +1 -1 -1 -333.0      18
1 +1 -1 -1 -1 +1 +1 +1 -1 +1 -1 -1 +1 -1 -1 -1 -1 +1 +1 -333.0      13
2 +1 +1 +1 +1 -1 +1 -1 +1 -1 +1 +1 -1 +1 +1 +1 +1 -1 -1 -323.0      10
3 -1 -1 -1 -1 +1 -1 +1 -1 +1 -1 -1 +1 -1 -1 -1 -1 +1 +1 -323.0      11
4 +1 -1 -1 +1 -1 +1 -1 -1 +1 +1 -1 +1 +1 +1 +1 -1 +1 +1 -301.0       1
5 -1 +1 +1 -1 +1 -1 +1 +1 -1 -1 +1 -1 -1 -1 -1 +1 -1 -1 -301.0       2
['SPIN', 6 rows, 55 samples, 18 variables]
energies=[-333.0, -333.0, -323.0, -323.0, -301.0, -301.0]
