Sample 0:-208
Sample 1:-208
Sample 2:-208
Sample 3:-54
Sample 4:-162
Sample 5:-130
Sample 6:-80
Sample 7:-234
Sample 8:-186
Sample 9:-162
Sample 10:-186
Sample 11:-106
Sample 12:-234
Sample 13:-130
Sample 14:-162
Sample 15:-234
Sample 16:28
Sample 17:-190
Sample 18:-130
Sample 19:-206
Sample 20:-236
Sample 21:-208
Sample 22:-86
Sample 23:-130
Sample 24:-234
Sample 25:-206
Sample 26:-206
Sample 27:-208
Sample 28:-162
Sample 29:-130
Sample 30:-106
Sample 31:-106
Sample 32:-206
Sample 33:-98
Sample 34:-206
Sample 35:-106
Sample 36:-206
Sample 37:-162
Sample 38:-162
Sample 39:-234
Sample 40:-208
Sample 41:-234
Sample 42:-208
Sample 43:-190
Sample 44:-186
Sample 45:-130
Sample 46:-186
Sample 47:-190
Sample 48:-234
Sample 49:-186
Sample 50:-98
Sample 51:-208
Sample 52:-208
Sample 53:-190
Sample 54:-120
Sample 55:-106
Sample 56:-190
Sample 57:-106
Sample 58:-206
Sample 59:-206
Sample 60:66
Sample 61:-206
Sample 62:-186
Sample 63:-162
Sample 64:-208
Sample 65:-208
Sample 66:-130
Sample 67:-206
Sample 68:-162
Sample 69:-162
Sample 70:-206
Sample 71:-234
Sample 72:-36
Sample 73:-36
Sample 74:-206
Sample 75:-206
Sample 76:-206
Sample 77:-208
Sample 78:-106
Sample 79:28
Sample 80:-190
Sample 81:-236
Sample 82:-86
Sample 83:-70
Sample 84:-120
Sample 85:-208
Sample 86:-98
Sample 87:-162
Sample 88:-106
Sample 89:-234
Sample 90:-206
Sample 91:28
Sample 92:-20
Sample 93:-236
Sample 94:6
Sample 95:-206
Sample 96:-208
Sample 97:-106
Sample 98:-236
Sample 99:-208
Best Ham: -236
Sucess Probability: 66
Ham Average: -160.52
