Sample 0:-1106
Sample 1:-1666
Sample 2:-1244
Sample 3:-1086
Sample 4:-1176
Sample 5:-1176
Sample 6:-1148
Sample 7:-1086
Sample 8:-1148
Sample 9:-1606
Sample 10:-1022
Sample 11:-1086
Sample 12:-1086
Sample 13:-1086
Sample 14:-1176
Sample 15:-1058
Sample 16:-1086
Sample 17:-1086
Sample 18:-1022
Sample 19:-1302
Sample 20:-1176
Sample 21:-1176
Sample 22:-1448
Sample 23:-1092
Sample 24:-1086
Sample 25:-1176
Sample 26:-1022
Sample 27:-1086
Sample 28:-1302
Sample 29:-1302
Sample 30:-1022
Sample 31:-1086
Sample 32:-1086
Sample 33:-1086
Sample 34:-1082
Sample 35:-1176
Sample 36:-1058
Sample 37:-1092
Sample 38:-1176
Sample 39:-1022
Sample 40:-1448
Sample 41:-1176
Sample 42:-1176
Sample 43:-1176
Sample 44:-1176
Sample 45:-1058
Sample 46:-1086
Sample 47:-1086
Sample 48:-1086
Sample 49:-1086
Sample 50:-1086
Sample 51:-1448
Sample 52:-1176
Sample 53:-1092
Sample 54:-1302
Sample 55:-1448
Sample 56:-1176
Sample 57:-1176
Sample 58:-1448
Sample 59:-1086
Sample 60:-1176
Sample 61:-1176
Sample 62:-1058
Sample 63:-1176
Sample 64:-1176
Sample 65:-1176
Sample 66:-1176
Sample 67:-1176
Sample 68:-1176
Sample 69:-1448
Sample 70:-1176
Sample 71:-1448
Sample 72:-1176
Sample 73:-1176
Sample 74:-1082
Sample 75:-1022
Sample 76:-1022
Sample 77:-1086
Sample 78:-1022
Sample 79:-1082
Sample 80:-1176
Sample 81:-1086
Sample 82:-1176
Sample 83:-1176
Sample 84:-1092
Sample 85:-1176
Sample 86:-1176
Sample 87:-1022
Sample 88:-1086
Sample 89:-1176
Sample 90:-1176
Sample 91:-1176
Sample 92:-1176
Sample 93:-1176
Sample 94:76
Sample 95:-1086
Sample 96:-1176
Sample 97:-1022
Sample 98:-1022
Sample 99:-1176
Best Ham: -1666
Sucess Probability: 99
Ham Average: -1148.54
