Sample 0:-133
Sample 1:-133
Sample 2:-131
Sample 3:-133
Sample 4:-133
Sample 5:-131
Sample 6:-131
Sample 7:-133
Sample 8:-133
Sample 9:-133
Sample 10:-131
Sample 11:-133
Sample 12:-133
Sample 13:-131
Sample 14:-133
Sample 15:-131
Sample 16:-133
Sample 17:-131
Sample 18:-133
Sample 19:-131
Sample 20:-133
Sample 21:-133
Sample 22:-133
Sample 23:-131
Sample 24:-131
Sample 25:-133
Sample 26:-131
Sample 27:-131
Sample 28:-133
Sample 29:-133
Sample 30:-131
Sample 31:-131
Sample 32:-131
Sample 33:-133
Sample 34:-131
Sample 35:-133
Sample 36:-133
Sample 37:-131
Sample 38:-133
Sample 39:-131
Sample 40:-133
Sample 41:-131
Sample 42:-133
Sample 43:-133
Sample 44:-133
Sample 45:-133
Sample 46:-133
Sample 47:-131
Sample 48:-131
Sample 49:-133
Sample 50:-131
Sample 51:-131
Sample 52:-133
Sample 53:-131
Sample 54:-131
Sample 55:-131
Sample 56:-131
Sample 57:-133
Sample 58:-131
Sample 59:-131
Sample 60:-133
Sample 61:-133
Sample 62:-131
Sample 63:-131
Sample 64:-133
Sample 65:97
Sample 66:-131
Sample 67:-133
Sample 68:-131
Sample 69:-131
Sample 70:-131
Sample 71:-133
Sample 72:-133
Sample 73:-133
Sample 74:-131
Sample 75:-133
Sample 76:-131
Sample 77:-131
Sample 78:-133
Sample 79:-133
Sample 80:-133
Sample 81:-131
Sample 82:-133
Sample 83:-133
Sample 84:-133
Sample 85:-133
Sample 86:-133
Sample 87:-133
Sample 88:-131
Sample 89:-133
Sample 90:-133
Sample 91:-131
Sample 92:-133
Sample 93:-131
Sample 94:-133
Sample 95:-131
Sample 96:-131
Sample 97:-133
Sample 98:-133
Sample 99:-131
Best Ham: -133
Sucess Probability: 0
Ham Average: -129.8
