[[1 0 0 ... 0 0 7]
 [1 0 0 ... 0 7 0]
 [1 0 0 ... 7 0 0]
 ...
 [1 5 7 ... 0 0 0]
 [1 7 4 ... 0 0 0]
 [7 1 1 ... 1 1 1]]
4
test

{(1, 39): 1, (1, 37): -1, (1, 34): 14, (1, 29): 2, (1, 27): -10, (1, 25): -14, (1, 24): -5, (1, 19): -10, (1, 15): 2, (1, 14): -7, (1, 5): 5, (1, 4): 7, (1, 2): -9, (2, 40): -14, (2, 39): -12, (2, 37): 11, (2, 34): -11, (2, 22): 14, (2, 19): -12, (2, 18): -6, (2, 17): -5, (2, 15): -6, (2, 9): 6, (2, 7): 13, (3, 39): -6, (3, 38): 8, (3, 34): 12, (3, 28): 11, (3, 27): 8, (3, 25): 14, (3, 24): 9, (3, 17): -1, (3, 16): 5, (3, 12): -12, (3, 10): -5, (3, 8): -4, (4, 39): 5, (4, 37): 11, (4, 36): -7, (4, 33): -2, (4, 32): -4, (4, 31): -6, (4, 30): -1, (4, 29): -4, (4, 24): 5, (4, 23): -11, (4, 18): 14, (4, 15): 2, (4, 5): 7, (5, 39): -14, (5, 37): -5, (5, 36): -6, (5, 29): 13, (5, 27): 6, (5, 18): 13, (5, 16): -1, (5, 14): -7, (5, 11): 7, (5, 7): 6, (6, 39): 3, (6, 35): 13, (6, 32): -4, (6, 30): -10, (6, 28): 6, (6, 27): -6, (6, 22): -8, (6, 18): 7, (6, 14): -2, (6, 9): 6, (6, 7): -10, (7, 31): 4, (7, 27): 4, (7, 25): -3, (7, 23): 1, (7, 22): 6, (7, 20): 12, (7, 15): -10, (7, 12): -10, (8, 39): 10, (8, 38): 10, (8, 33): 13, (8, 32): 14, (8, 30): 3, (8, 29): 3, (8, 28): -5, (8, 20): -9, (8, 19): -7, (8, 17): 4, (8, 14): 13, (9, 39): 9, (9, 37): -3, (9, 35): 2, (9, 33): -6, (9, 23): -1, (9, 22): -10, (9, 13): 11, (9, 11): 12, (10, 40): -9, (10, 37): -14, (10, 36): -5, (10, 35): 13, (10, 33): -2, (10, 32): -10, (10, 29): 13, (10, 28): -2, (10, 24): -14, (10, 22): -12, (10, 19): 9, (10, 17): 10, (10, 16): 7, (10, 12): -11, (11, 40): -9, (11, 20): -11, (11, 16): -13, (12, 34): -11, (12, 33): 4, (12, 27): -14, (12, 26): -2, (12, 25): -8, (12, 24): -1, (12, 20): -9, (12, 18): -7, (12, 16): 1, (13, 40): -3, (13, 37): 10, (13, 31): -7, (13, 30): -5, (13, 29): -12, (13, 24): 6, (13, 21): 1, (13, 19): 2, (14, 39): 8, (14, 38): 8, (14, 36): -11, (14, 34): -9, (14, 28): -5, (14, 27): -6, (14, 25): 9, (14, 22): -5, (14, 19): -5, (15, 39): -5, (15, 36): -12, (15, 33): 3, (15, 31): -9, (15, 29): 14, (15, 25): 3, (15, 23): -5, (15, 22): 5, (15, 21): -14, (15, 16): 14, (16, 39): -2, (16, 35): 10, (16, 31): -8, (16, 30): -3, (16, 29): -1, (16, 19): -4, (16, 18): 3, (17, 40): -9, (17, 39): -8, (17, 37): 5, (17, 32): -6, (17, 28): 14, (17, 23): 12, (17, 18): -12, (18, 35): -2, (18, 32): 11, (18, 28): 12, (18, 24): 4, (18, 22): -9, (18, 19): -6, (19, 39): 10, (19, 36): -11, (19, 34): -14, (19, 31): 3, (19, 28): 4, (19, 27): -1, (19, 24): -2, (19, 22): 2, (20, 40): 7, (20, 39): -7, (20, 37): -12, (20, 29): -4, (20, 25): -3, (21, 39): 12, (21, 36): 3, (21, 32): 7, (21, 29): -9, (21, 27): -3, (22, 40): -10, (22, 28): -2, (22, 27): -10, (23, 37): -14, (23, 34): -10, (23, 29): 11, (23, 27): 7, (23, 25): 7, (24, 40): -13, (24, 37): -8, (24, 34): -7, (24, 28): -10, (24, 26): -2, (25, 40): -12, (25, 35): 4, (25, 31): 3, (26, 39): 9, (26, 38): 11, (26, 35): -13, (26, 34): -12, (26, 31): -4, (26, 28): -12, (27, 39): -8, (27, 38): 12, (27, 33): 11, (27, 31): 1, (28, 35): -6, (28, 30): -4, (28, 29): -4, (29, 34): 2, (30, 40): 7, (30, 39): 13, (30, 38): -12, (31, 39): -14, (31, 37): -12, (31, 34): 9, (32, 40): -2, (32, 39): 1, (32, 37): 13, (32, 35): 13, (33, 40): -10, (33, 37): 3, (35, 40): 14, (36, 40): -12, (37, 40): 9, (38, 39): -5}
test1

{}
   1 39 37 34 29 27 25 24 19 15 14  5  4  2 40 22 18 17 ... 21 energy num_oc.
0 +1 -1 +1 +1 -1 +1 +1 +1 +1 +1 +1 +1 -1 +1 +1 +1 +1 -1 ... +1 -797.0      28
1 -1 +1 -1 -1 +1 -1 -1 -1 -1 -1 -1 -1 +1 -1 -1 -1 -1 +1 ... -1 -797.0      18
2 -1 +1 -1 -1 +1 -1 -1 -1 -1 -1 -1 -1 +1 +1 +1 -1 -1 +1 ... -1 -781.0       5
3 +1 -1 +1 +1 -1 +1 +1 +1 +1 +1 +1 +1 -1 -1 -1 +1 +1 -1 ... +1 -781.0       1
4 -1 +1 -1 -1 +1 -1 -1 -1 -1 -1 -1 +1 +1 +1 +1 -1 -1 +1 ... -1 -781.0       2
['SPIN', 5 rows, 54 samples, 40 variables]
energies=[-797.0, -797.0, -781.0, -781.0, -781.0]
