[[ 1  0  0 ...  0  0  7]
 [ 1  0  0 ...  0  7  0]
 [ 1  0  0 ...  7  0  0]
 ...
 [ 1 -1  7 ...  0  0  0]
 [ 1  7 -2 ...  0  0  0]
 [ 7  1  1 ...  1  1  1]]
-2
test

{(1, 51): -7, (1, 48): -13, (1, 39): 2, (1, 32): -2, (1, 30): -4, (1, 24): 7, (1, 21): -9, (1, 14): -13, (1, 13): 9, (1, 6): 7, (1, 5): 9, (1, 3): -8, (1, 2): 3, (2, 43): 4, (2, 41): -14, (2, 40): -4, (2, 38): -9, (2, 32): -14, (2, 27): 8, (2, 20): -12, (2, 19): 4, (2, 16): -14, (2, 12): -4, (2, 7): 13, (2, 4): 9, (3, 47): -4, (3, 45): 10, (3, 44): -7, (3, 42): 7, (3, 37): 12, (3, 34): -6, (3, 33): -14, (3, 27): -5, (3, 19): 7, (3, 16): 13, (3, 13): -2, (3, 11): 7, (3, 10): 6, (3, 9): -4, (3, 8): 6, (3, 7): 6, (4, 42): 7, (4, 41): -11, (4, 40): -6, (4, 38): -2, (4, 35): 6, (4, 30): -10, (4, 29): -6, (4, 28): 9, (4, 22): -14, (4, 19): 11, (4, 10): 12, (4, 7): -8, (4, 6): 4, (5, 43): -4, (5, 32): 2, (5, 30): -6, (5, 29): 11, (5, 28): 6, (5, 25): 2, (5, 22): 13, (5, 20): 13, (5, 13): 1, (5, 9): 7, (5, 8): 8, (6, 47): -11, (6, 45): 11, (6, 43): -8, (6, 42): -7, (6, 40): -13, (6, 33): 5, (6, 31): 8, (6, 28): -2, (6, 26): 2, (6, 22): -5, (6, 17): 14, (6, 13): -9, (6, 10): -5, (6, 8): -2, (7, 48): 13, (7, 47): -1, (7, 46): 9, (7, 44): 6, (7, 40): -5, (7, 36): -10, (7, 33): 14, (7, 32): -10, (7, 19): -10, (7, 17): -14, (7, 16): -1, (7, 14): 5, (7, 12): -11, (8, 48): -5, (8, 45): -7, (8, 43): 11, (8, 41): -4, (8, 40): -4, (8, 39): 9, (8, 37): -7, (8, 32): 11, (8, 25): -3, (8, 24): 4, (8, 21): -7, (8, 12): 13, (9, 47): -2, (9, 40): -5, (9, 37): 1, (9, 36): 11, (9, 35): 12, (9, 34): -13, (9, 33): -3, (9, 23): 13, (9, 14): 10, (9, 11): 6, (9, 10): 6, (10, 50): 2, (10, 44): 8, (10, 40): 2, (10, 39): 8, (10, 37): 1, (10, 35): -1, (10, 34): 8, (10, 30): 11, (10, 25): -5, (10, 19): -4, (10, 17): -9, (10, 16): -10, (10, 12): -1, (11, 50): -4, (11, 49): -5, (11, 48): 5, (11, 45): -14, (11, 38): 7, (11, 37): -14, (11, 35): 1, (11, 33): 2, (11, 27): -8, (11, 24): -10, (11, 21): 9, (11, 18): 10, (11, 16): -5, (12, 47): 9, (12, 46): 8, (12, 40): -13, (12, 35): -12, (12, 25): 5, (12, 19): -12, (12, 17): 14, (12, 14): -9, (13, 50): 1, (13, 49): 12, (13, 44): -14, (13, 43): 13, (13, 41): -6, (13, 40): 6, (13, 39): -10, (13, 35): -3, (13, 34): 7, (13, 29): -11, (13, 22): -11, (13, 21): -2, (13, 18): -7, (13, 17): -4, (13, 16): -9, (14, 50): -13, (14, 48): -1, (14, 47): -12, (14, 46): -4, (14, 45): 14, (14, 39): -4, (14, 38): 3, (14, 36): -2, (14, 35): 12, (14, 33): -2, (14, 32): -10, (14, 25): 5, (14, 20): 5, (14, 16): 14, (14, 15): 1, (15, 47): -6, (15, 42): 14, (15, 41): -14, (15, 39): 12, (15, 36): -10, (15, 35): -12, (15, 31): 1, (15, 30): -9, (15, 27): 4, (15, 19): -7, (15, 18): 6, (16, 49): 12, (16, 48): 4, (16, 46): 8, (16, 45): 7, (16, 43): -9, (16, 39): 11, (16, 35): -8, (16, 34): -1, (16, 30): 14, (16, 29): 13, (16, 28): 9, (16, 27): 13, (16, 26): 1, (16, 25): 6, (16, 24): 5, (16, 21): -12, (17, 51): 4, (17, 49): 10, (17, 36): -2, (17, 34): -14, (17, 29): -9, (17, 24): -12, (17, 22): -14, (18, 46): 11, (18, 43): -7, (18, 42): -13, (18, 40): -14, (18, 36): 13, (18, 35): 11, (18, 26): -8, (18, 20): 8, (18, 19): -3, (19, 50): 1, (19, 47): -6, (19, 43): 10, (19, 36): 1, (19, 25): -3, (19, 23): 11, (20, 50): -1, (20, 41): -11, (20, 33): 3, (20, 30): -10, (20, 28): -4, (20, 24): 14, (20, 21): 7, (21, 46): 6, (21, 44): 13, (21, 42): 2, (21, 41): 5, (21, 39): -3, (21, 38): -5, (21, 32): 6, (21, 30): -1, (21, 29): 13, (21, 28): 5, (21, 23): 4, (22, 48): 8, (22, 41): -10, (22, 37): -11, (22, 35): -5, (22, 30): 10, (22, 29): -8, (22, 28): -2, (22, 26): -1, (23, 42): -6, (23, 38): -5, (23, 36): -3, (24, 51): 2, (24, 49): -1, (24, 38): 10, (24, 31): 5, (24, 30): 3, (24, 29): -6, (24, 25): -8, (25, 47): 10, (25, 34): -1, (25, 28): -2, (26, 50): 1, (26, 48): -2, (26, 43): 10, (26, 42): -14, (26, 41): 10, (26, 37): 12, (26, 36): -8, (26, 34): 10, (26, 33): 6, (26, 30): -7, (26, 29): -12, (27, 51): -7, (27, 49): -8, (27, 46): -6, (27, 39): -11, (27, 38): 6, (27, 36): -3, (27, 32): -4, (27, 30): 13, (28, 50): -5, (28, 46): 3, (28, 37): -7, (28, 36): 12, (29, 48): 7, (29, 47): 6, (29, 44): -11, (29, 38): -9, (29, 37): -3, (29, 36): -3, (29, 34): -8, (30, 49): -8, (30, 43): -1, (30, 42): -7, (30, 41): 6, (30, 38): -1, (30, 32): -2, (31, 50): -11, (31, 46): 10, (31, 41): -8, (31, 40): -9, (31, 39): 6, (31, 36): -5, (31, 35): -12, (32, 51): -13, (32, 50): 7, (32, 48): 8, (32, 41): 13, (32, 40): 4, (32, 36): -7, (33, 50): -5, (33, 48): 9, (33, 42): -12, (33, 40): 3, (33, 35): 3, (34, 50): -11, (34, 48): -2, (34, 45): 13, (34, 42): -3, (34, 40): -9, (34, 39): 6, (34, 36): 5, (35, 51): 6, (35, 50): 9, (35, 49): -11, (35, 46): -14, (35, 41): -5, (35, 37): -3, (35, 36): -4, (36, 49): -1, (36, 46): -11, (36, 45): -8, (36, 44): -8, (36, 41): -5, (36, 40): -9, (36, 38): 9, (36, 37): 14, (37, 50): 5, (37, 48): 14, (37, 40): -4, (37, 39): 4, (37, 38): 9, (38, 51): -13, (38, 50): -7, (39, 51): -1, (39, 50): -1, (39, 47): -1, (39, 46): 6, (39, 44): -13, (39, 43): -6, (39, 41): 3, (39, 40): -6, (40, 48): 10, (40, 47): -13, (40, 46): 3, (40, 45): 4, (40, 43): -13, (40, 42): -4, (40, 41): -9, (41, 50): -10, (41, 45): -13, (41, 44): 6, (41, 43): -2, (41, 42): 3, (42, 51): 6, (42, 50): 9, (42, 48): -2, (42, 44): 3, (43, 50): 14, (44, 46): 9, (45, 50): 5, (46, 50): -6, (46, 49): 12, (46, 47): 11, (47, 49): -7, (48, 49): -3, (49, 50): 2}
test1

{}
   1 51 48 39 32 30 24 21 14 13  6  5  3  2 43 41 40 38 ... 15  energy num_oc.
0 +1 +1 +1 +1 +1 +1 -1 -1 +1 -1 +1 -1 +1 +1 +1 -1 +1 +1 ... -1 -1190.0      21
1 -1 -1 -1 -1 -1 -1 +1 +1 -1 +1 -1 +1 -1 -1 -1 +1 -1 -1 ... +1 -1190.0      26
2 -1 -1 -1 -1 -1 -1 +1 -1 -1 +1 -1 -1 -1 +1 -1 +1 -1 -1 ... +1 -1186.0       2
3 +1 +1 +1 +1 +1 +1 -1 +1 +1 -1 +1 +1 +1 -1 +1 -1 +1 +1 ... -1 -1186.0       4
4 -1 -1 -1 -1 -1 -1 +1 -1 -1 +1 -1 -1 -1 +1 -1 +1 -1 -1 ... +1 -1186.0       1
['SPIN', 5 rows, 54 samples, 51 variables]
energies=[-1190.0, -1190.0, -1186.0, -1186.0, -1186.0]
