Sample 0:-187
Sample 1:-127
Sample 2:-333
Sample 3:-333
Sample 4:-199
Sample 5:-263
Sample 6:-333
Sample 7:-199
Sample 8:-203
Sample 9:-243
Sample 10:-333
Sample 11:-333
Sample 12:-333
Sample 13:-333
Sample 14:-133
Sample 15:-333
Sample 16:-333
Sample 17:-263
Sample 18:-263
Sample 19:-263
Sample 20:-263
Sample 21:-263
Sample 22:-263
Sample 23:-263
Sample 24:-263
Sample 25:-263
Sample 26:-263
Sample 27:-263
Sample 28:-263
Sample 29:-263
Sample 30:-263
Sample 31:-263
Sample 32:-263
Sample 33:-263
Sample 34:-263
Sample 35:-263
Sample 36:-263
Sample 37:-263
Sample 38:-263
Sample 39:-263
Sample 40:-263
Sample 41:-203
Sample 42:-273
Sample 43:-295
Sample 44:-303
Sample 45:-289
Sample 46:-303
Sample 47:-303
Sample 48:-303
Sample 49:-303
Sample 50:-265
Sample 51:7
Sample 52:7
Sample 53:-133
Sample 54:-295
Sample 55:-77
Sample 56:-265
Sample 57:-303
Sample 58:-105
Sample 59:-303
Sample 60:-303
Sample 61:-303
Sample 62:-237
Sample 63:-303
Sample 64:-303
Sample 65:-303
Sample 66:-303
Sample 67:-295
Sample 68:-159
Sample 69:-239
Sample 70:-245
Sample 71:-213
Sample 72:-303
Sample 73:-295
Sample 74:-303
Sample 75:-303
Sample 76:-211
Sample 77:-289
Sample 78:-303
Sample 79:-313
Sample 80:7
Sample 81:-303
Sample 82:-303
Sample 83:-303
Sample 84:-303
Sample 85:-289
Sample 86:-303
Sample 87:-303
Sample 88:-303
Sample 89:-303
Sample 90:-105
Sample 91:-227
Sample 92:-303
Sample 93:-295
Sample 94:-95
Sample 95:-169
Sample 96:-295
Sample 97:-303
Sample 98:-289
Sample 99:-237
Best Ham: -333
Sucess Probability: 90
Ham Average: -257.2
