[[1 0 0 ... 0 0 7]
 [1 0 0 ... 0 7 0]
 [1 0 0 ... 7 0 0]
 ...
 [1 0 7 ... 0 0 0]
 [1 7 0 ... 0 0 0]
 [7 1 1 ... 1 1 1]]
0
test

{(1, 40): -2, (1, 39): 11, (1, 37): -13, (1, 35): 4, (1, 34): 7, (1, 33): 13, (1, 29): -13, (1, 28): 12, (1, 27): -4, (1, 20): 12, (1, 19): -5, (1, 9): -13, (1, 7): -14, (1, 6): -1, (1, 5): -5, (2, 41): -1, (2, 40): 11, (2, 35): -8, (2, 34): 8, (2, 32): -10, (2, 28): 7, (2, 22): 12, (2, 18): 1, (2, 15): -8, (2, 14): -8, (2, 13): 14, (2, 11): -13, (2, 8): 10, (2, 7): 2, (2, 5): 10, (2, 3): -10, (3, 37): 7, (3, 32): 8, (3, 29): -1, (3, 28): -3, (3, 26): 1, (3, 21): 13, (3, 19): 8, (3, 16): 5, (3, 11): 14, (3, 8): 14, (3, 7): 2, (3, 6): 11, (4, 38): -1, (4, 33): 14, (4, 30): -6, (4, 28): -5, (4, 26): 5, (4, 25): 2, (4, 24): 12, (4, 23): -7, (4, 22): -11, (4, 16): -14, (4, 14): -10, (4, 12): 11, (4, 11): -6, (4, 8): -13, (4, 5): -5, (5, 35): 4, (5, 34): -9, (5, 32): -14, (5, 29): -9, (5, 24): 5, (5, 23): 5, (5, 22): -2, (5, 21): -5, (5, 18): 14, (5, 15): 1, (5, 14): -12, (5, 12): 10, (5, 10): 9, (5, 9): 9, (5, 7): -5, (5, 6): -3, (6, 40): -1, (6, 38): -10, (6, 36): -2, (6, 34): 4, (6, 33): 14, (6, 32): 14, (6, 30): -8, (6, 26): 7, (6, 23): -12, (6, 21): 3, (6, 18): 3, (6, 16): -12, (6, 14): -5, (6, 12): 13, (6, 9): 6, (7, 39): -13, (7, 34): -2, (7, 30): 10, (7, 26): 6, (7, 24): 9, (7, 23): -4, (7, 18): -9, (7, 15): -8, (7, 10): 12, (7, 8): -8, (8, 39): -1, (8, 34): -8, (8, 31): 5, (8, 29): 11, (8, 28): -8, (8, 23): 2, (8, 22): 6, (8, 21): 9, (8, 20): -4, (8, 15): 7, (8, 14): -9, (8, 10): -6, (9, 39): -6, (9, 38): 9, (9, 37): -13, (9, 35): 2, (9, 30): -11, (9, 21): 4, (9, 18): -13, (9, 15): -4, (9, 11): -5, (10, 39): 4, (10, 38): -1, (10, 37): -9, (10, 36): 8, (10, 35): -3, (10, 33): 5, (10, 32): -7, (10, 31): -11, (10, 30): 3, (10, 27): 4, (10, 26): -9, (10, 24): 3, (10, 23): 7, (10, 20): -2, (10, 16): -11, (10, 12): 11, (10, 11): 7, (11, 39): 9, (11, 31): -10, (11, 30): -2, (11, 28): -6, (11, 27): 14, (11, 26): -8, (11, 24): -1, (11, 23): 1, (11, 22): 2, (11, 21): 9, (11, 18): -8, (11, 16): -7, (11, 14): -1, (11, 12): -14, (12, 39): 10, (12, 38): -2, (12, 35): 4, (12, 27): 6, (12, 23): 6, (12, 21): -2, (12, 19): -9, (12, 14): 11, (13, 41): 10, (13, 40): 4, (13, 36): -7, (13, 34): -5, (13, 31): -8, (13, 30): 13, (13, 26): 6, (13, 24): 1, (13, 23): 8, (13, 20): -11, (13, 19): 5, (13, 16): 7, (13, 15): -8, (14, 41): 11, (14, 40): -6, (14, 39): -12, (14, 38): 2, (14, 36): -11, (14, 32): -14, (14, 31): -7, (14, 30): 8, (14, 27): 3, (14, 25): 12, (14, 24): -13, (14, 23): -5, (14, 22): 10, (14, 21): 6, (14, 20): -7, (14, 19): -12, (14, 17): 4, (14, 16): 7, (14, 15): 7, (15, 40): 1, (15, 39): 12, (15, 37): 1, (15, 36): 10, (15, 34): -8, (15, 31): -1, (15, 21): -3, (15, 20): -12, (15, 19): 8, (15, 17): -12, (16, 40): -10, (16, 39): 7, (16, 37): -2, (16, 34): -12, (16, 33): -5, (16, 32): -3, (16, 27): -9, (16, 24): -14, (16, 20): 13, (16, 18): -10, (17, 40): -7, (17, 36): 8, (17, 35): 2, (17, 34): 1, (17, 33): -9, (17, 32): 8, (17, 31): -1, (17, 29): -13, (17, 28): -7, (17, 27): 7, (17, 26): 7, (17, 25): 4, (17, 24): -2, (17, 19): 9, (18, 41): -8, (18, 39): -2, (18, 37): -10, (18, 36): 3, (18, 35): 14, (18, 33): 11, (18, 29): 2, (18, 23): 14, (18, 22): 11, (19, 41): 8, (19, 37): -12, (19, 36): 4, (19, 35): -5, (19, 33): -8, (19, 32): 9, (19, 27): 8, (19, 21): -1, (20, 38): 10, (20, 36): -10, (20, 35): 5, (20, 33): -11, (20, 29): -3, (20, 25): -9, (20, 24): -10, (20, 21): -2, (21, 38): -4, (21, 36): 4, (21, 35): -12, (21, 32): -1, (21, 30): -6, (21, 29): 4, (21, 27): 6, (21, 23): -7, (21, 22): -9, (22, 39): 11, (22, 37): -5, (22, 35): 10, (22, 34): 2, (22, 33): 4, (22, 29): 9, (22, 26): -14, (22, 25): 6, (22, 23): 4, (23, 38): 14, (23, 36): -2, (23, 32): -12, (23, 28): -4, (23, 27): 4, (24, 40): -5, (24, 38): 7, (24, 36): 3, (24, 34): 12, (24, 30): -14, (24, 28): -7, (24, 27): 3, (25, 41): -3, (25, 40): 6, (25, 37): -4, (25, 36): 3, (25, 35): -2, (25, 33): -4, (25, 32): -8, (25, 31): 8, (25, 30): 13, (25, 27): -1, (25, 26): -3, (26, 41): 4, (26, 40): 14, (26, 39): 6, (26, 38): 13, (26, 36): 2, (26, 30): -7, (26, 28): -13, (26, 27): 14, (27, 32): 3, (27, 31): -2, (28, 39): 14, (28, 38): 9, (28, 34): 1, (28, 32): 4, (29, 36): 4, (29, 35): 8, (29, 30): 7, (30, 41): 8, (30, 33): -5, (31, 39): 12, (31, 36): 6, (32, 41): -8, (32, 39): -14, (32, 33): 12, (33, 39): -3, (33, 34): -6, (34, 40): 4, (34, 39): 14, (35, 40): 12, (36, 39): 11, (36, 38): 12, (37, 41): -11, (37, 40): 13, (37, 39): -3, (37, 38): -8, (39, 40): 9, (40, 41): -8}
test1

{}
   1 40 39 37 35 34 33 29 28 27 20 19  9  7  6  5  2 41 ... 17 energy num_oc.
0 +1 -1 +1 +1 -1 -1 +1 +1 -1 +1 +1 -1 +1 +1 -1 -1 +1 +1 ... +1 -900.0      18
1 -1 +1 -1 -1 +1 +1 -1 -1 +1 -1 -1 +1 -1 -1 +1 +1 -1 -1 ... -1 -900.0      23
2 +1 +1 +1 +1 -1 +1 -1 +1 -1 +1 -1 +1 +1 +1 +1 +1 -1 +1 ... -1 -892.0       1
3 -1 -1 -1 -1 +1 -1 +1 -1 +1 -1 +1 -1 -1 -1 -1 -1 +1 -1 ... +1 -892.0       9
4 -1 +1 -1 -1 +1 +1 +1 -1 +1 -1 +1 +1 -1 -1 +1 +1 -1 -1 ... +1 -882.0       3
['SPIN', 5 rows, 54 samples, 41 variables]
energies=[-900.0, -900.0, -892.0, -892.0, -882.0]
