Sample 0:-205
Sample 1:-205
Sample 2:-205
Sample 3:-205
Sample 4:-205
Sample 5:-205
Sample 6:-205
Sample 7:-205
Sample 8:-205
Sample 9:-205
Sample 10:-205
Sample 11:-205
Sample 12:-205
Sample 13:-205
Sample 14:-205
Sample 15:-205
Sample 16:-205
Sample 17:-205
Sample 18:-205
Sample 19:-205
Sample 20:-205
Sample 21:-205
Sample 22:-205
Sample 23:-205
Sample 24:-205
Sample 25:-205
Sample 26:-205
Sample 27:-205
Sample 28:-205
Sample 29:-205
Sample 30:-205
Sample 31:-205
Sample 32:-205
Sample 33:-205
Sample 34:-205
Sample 35:-205
Sample 36:-205
Sample 37:-205
Sample 38:-205
Sample 39:-205
Sample 40:-205
Sample 41:-205
Sample 42:-205
Sample 43:-205
Sample 44:-205
Sample 45:-205
Sample 46:-205
Sample 47:-205
Sample 48:-205
Sample 49:-205
Sample 50:-205
Sample 51:-205
Sample 52:-205
Sample 53:-205
Sample 54:-205
Sample 55:-205
Sample 56:-205
Sample 57:-205
Sample 58:-205
Sample 59:-205
Sample 60:-205
Sample 61:-205
Sample 62:-205
Sample 63:-205
Sample 64:-205
Sample 65:-205
Sample 66:-205
Sample 67:-205
Sample 68:-205
Sample 69:-205
Sample 70:-205
Sample 71:-205
Sample 72:-205
Sample 73:-205
Sample 74:-205
Sample 75:-205
Sample 76:61
Sample 77:-205
Sample 78:-205
Sample 79:-205
Sample 80:-205
Sample 81:-205
Sample 82:-205
Sample 83:-205
Sample 84:-205
Sample 85:-205
Sample 86:-205
Sample 87:-205
Sample 88:-205
Sample 89:-205
Sample 90:-205
Sample 91:-205
Sample 92:-205
Sample 93:-205
Sample 94:-205
Sample 95:-205
Sample 96:-205
Sample 97:-205
Sample 98:-205
Sample 99:-205
Best Ham: -205
Sucess Probability: 99
Ham Average: -202.34
