Sample 0:-136
Sample 1:-514
Sample 2:-66
Sample 3:-302
Sample 4:-248
Sample 5:-206
Sample 6:-200
Sample 7:-322
Sample 8:-422
Sample 9:-82
Sample 10:-288
Sample 11:-356
Sample 12:-292
Sample 13:-372
Sample 14:-318
Sample 15:-308
Sample 16:-336
Sample 17:-350
Sample 18:-214
Sample 19:-410
Sample 20:-246
Sample 21:-324
Sample 22:-294
Sample 23:-354
Sample 24:-296
Sample 25:-432
Sample 26:-278
Sample 27:-14
Sample 28:-296
Sample 29:-308
Sample 30:-314
Sample 31:-308
Sample 32:-364
Sample 33:-206
Sample 34:-308
Sample 35:-186
Sample 36:-488
Sample 37:-254
Sample 38:-296
Sample 39:-184
Sample 40:-308
Sample 41:-312
Sample 42:-332
Sample 43:-196
Sample 44:-334
Sample 45:-110
Sample 46:-24
Sample 47:-354
Sample 48:-296
Sample 49:-332
Sample 50:-274
Sample 51:-344
Sample 52:-246
Sample 53:72
Sample 54:-246
Sample 55:-258
Sample 56:-196
Sample 57:-398
Sample 58:-456
Sample 59:-210
Sample 60:-296
Sample 61:-258
Sample 62:-372
Sample 63:-308
Sample 64:-296
Sample 65:-258
Sample 66:-24
Sample 67:-202
Sample 68:-436
Sample 69:-240
Sample 70:-372
Sample 71:-258
Sample 72:-226
Sample 73:-322
Sample 74:-8
Sample 75:-264
Sample 76:-328
Sample 77:-354
Sample 78:-372
Sample 79:-278
Sample 80:-478
Sample 81:-194
Sample 82:-308
Sample 83:-296
Sample 84:-308
Sample 85:-302
Sample 86:-386
Sample 87:-258
Sample 88:-258
Sample 89:-366
Sample 90:-110
Sample 91:-200
Sample 92:-294
Sample 93:-172
Sample 94:-260
Sample 95:-246
Sample 96:-258
Sample 97:-108
Sample 98:-308
Sample 99:-146
Best Ham: -514
Sucess Probability: 88
Ham Average: -273.74
