[[1 0 0 ... 0 0 7]
 [1 0 0 ... 0 7 0]
 [1 0 0 ... 7 0 0]
 ...
 [1 0 7 ... 0 0 0]
 [1 7 0 ... 0 0 0]
 [7 1 1 ... 1 1 1]]
0
test

{(1, 28): -9, (1, 27): -1, (1, 26): 8, (1, 23): 7, (1, 19): 11, (1, 18): -9, (1, 11): -12, (1, 10): 13, (1, 5): 13, (1, 4): 4, (2, 28): -6, (2, 26): 5, (2, 25): 12, (2, 15): 11, (2, 12): 9, (2, 10): 5, (2, 8): 8, (2, 7): 1, (2, 6): 12, (2, 5): -5, (2, 4): -8, (2, 3): -13, (3, 28): -7, (3, 27): 2, (3, 26): 13, (3, 25): 13, (3, 24): 6, (3, 23): 14, (3, 22): -2, (3, 21): 7, (3, 19): -12, (3, 18): -13, (3, 12): 6, (3, 11): -9, (3, 10): 7, (3, 7): -12, (3, 6): -4, (4, 23): -4, (4, 22): 12, (4, 21): -6, (4, 20): -1, (4, 16): 8, (4, 15): 4, (4, 13): -2, (4, 10): 13, (4, 9): 3, (4, 6): 7, (5, 27): 6, (5, 26): -14, (5, 25): -13, (5, 24): 9, (5, 23): 4, (5, 20): -3, (5, 19): 3, (5, 17): -10, (5, 14): 10, (5, 12): 3, (5, 9): 2, (5, 7): -1, (5, 6): -9, (6, 27): -12, (6, 24): -4, (6, 23): -8, (6, 22): 4, (6, 21): -1, (6, 20): 13, (6, 15): 3, (6, 13): -14, (7, 26): 12, (7, 25): 1, (7, 24): -1, (7, 22): -11, (7, 21): -8, (7, 20): 1, (7, 19): 10, (7, 18): 6, (7, 10): -2, (7, 9): 6, (8, 28): 2, (8, 26): 13, (8, 23): -5, (8, 22): -2, (8, 18): 8, (8, 15): -14, (8, 13): 8, (8, 10): -2, (9, 28): 7, (9, 26): 5, (9, 24): -14, (9, 23): -4, (9, 22): 12, (9, 20): -5, (9, 16): -3, (9, 15): 11, (9, 14): -8, (9, 13): -9, (9, 12): 8, (10, 28): 9, (10, 26): -8, (10, 25): 14, (10, 23): -9, (10, 22): 11, (10, 21): 9, (10, 20): 3, (10, 16): 11, (10, 15): -10, (10, 14): -5, (10, 12): 12, (11, 28): 13, (11, 25): 12, (11, 23): 2, (11, 21): -6, (11, 18): -4, (11, 17): 9, (11, 16): 6, (11, 15): -3, (11, 12): 10, (12, 28): -5, (12, 27): -9, (12, 25): -1, (12, 16): 6, (12, 14): 5, (12, 13): -2, (13, 27): 8, (13, 25): 3, (13, 24): -1, (13, 22): 4, (13, 21): -12, (13, 18): 8, (13, 17): -10, (14, 26): -6, (14, 24): -1, (14, 17): 6, (14, 16): 3, (15, 25): -3, (15, 22): 13, (15, 20): 12, (15, 18): 4, (15, 17): -6, (15, 16): -8, (16, 28): -11, (16, 27): -3, (16, 26): -12, (16, 25): 7, (16, 24): 10, (16, 21): -3, (16, 19): -7, (16, 18): 13, (17, 28): -3, (17, 25): 13, (17, 22): -8, (17, 21): -1, (17, 20): -12, (17, 18): 11, (18, 28): -9, (18, 27): -14, (18, 26): -11, (18, 25): -9, (18, 24): 7, (18, 23): -5, (18, 21): 14, (18, 20): -2, (18, 19): 3, (19, 27): 1, (19, 26): 7, (19, 24): 1, (19, 23): -6, (19, 22): -5, (19, 21): 10, (20, 27): -7, (20, 25): -5, (20, 23): -11, (20, 22): -8, (20, 21): 14, (21, 28): -11, (21, 27): 10, (21, 25): -11, (21, 24): 13, (21, 23): 11, (22, 28): -1, (22, 24): 9, (22, 23): 5, (23, 28): -4, (23, 27): -4, (23, 26): 12, (23, 25): 1, (24, 26): -2, (25, 28): -3, (25, 27): -7}
test1

{}
   1 28 27 26 23 19 18 11 10  5  4  2 25 15 12  8  7  6 ... 14 energy num_oc.
0 -1 -1 +1 -1 +1 +1 +1 +1 +1 -1 +1 +1 -1 -1 -1 -1 -1 -1 ... +1 -542.0      26
1 +1 +1 -1 +1 -1 -1 -1 -1 -1 +1 -1 -1 +1 +1 +1 +1 +1 +1 ... -1 -542.0       7
2 +1 -1 +1 -1 +1 +1 +1 +1 +1 -1 -1 -1 -1 +1 -1 +1 -1 +1 ... +1 -526.0       4
3 -1 +1 -1 -1 -1 +1 -1 -1 -1 +1 +1 +1 -1 -1 +1 -1 +1 -1 ... -1 -522.0       9
4 -1 -1 -1 +1 +1 +1 -1 -1 +1 +1 -1 -1 -1 +1 -1 +1 -1 +1 ... +1 -516.0       3
5 +1 +1 +1 -1 -1 -1 +1 +1 -1 -1 +1 +1 +1 -1 +1 -1 +1 -1 ... -1 -516.0       6
['SPIN', 6 rows, 55 samples, 28 variables]
energies=[-542.0, -542.0, -526.0, -522.0, -516.0, -516.0]
