Sample 0:-18
Sample 1:-184
Sample 2:-140
Sample 3:20
Sample 4:-184
Sample 5:-184
Sample 6:-184
Sample 7:-12
Sample 8:-176
Sample 9:-184
Sample 10:-140
Sample 11:16
Sample 12:-184
Sample 13:-28
Sample 14:-12
Sample 15:-140
Sample 16:-18
Sample 17:-146
Sample 18:-184
Sample 19:-12
Sample 20:-174
Sample 21:-12
Sample 22:-12
Sample 23:-184
Sample 24:-18
Sample 25:-68
Sample 26:-184
Sample 27:-176
Sample 28:-12
Sample 29:-18
Sample 30:-140
Sample 31:-18
Sample 32:-184
Sample 33:-184
Sample 34:-184
Sample 35:-184
Sample 36:-140
Sample 37:-184
Sample 38:-184
Sample 39:-184
Sample 40:-184
Sample 41:20
Sample 42:-140
Sample 43:16
Sample 44:-184
Sample 45:-140
Sample 46:16
Sample 47:-184
Sample 48:-18
Sample 49:-140
Sample 50:-140
Sample 51:-68
Sample 52:-140
Sample 53:-18
Sample 54:20
Sample 55:6
Sample 56:-140
Sample 57:-184
Sample 58:-184
Sample 59:-54
Sample 60:-12
Sample 61:-184
Sample 62:-184
Sample 63:-140
Sample 64:-184
Sample 65:16
Sample 66:-88
Sample 67:-18
Sample 68:6
Sample 69:16
Sample 70:-146
Sample 71:-140
Sample 72:-28
Sample 73:-184
Sample 74:-184
Sample 75:-18
Sample 76:-184
Sample 77:-12
Sample 78:-184
Sample 79:-140
Sample 80:-184
Sample 81:-140
Sample 82:-146
Sample 83:-184
Sample 84:-12
Sample 85:-54
Sample 86:-184
Sample 87:-184
Sample 88:-140
Sample 89:-12
Sample 90:-184
Sample 91:-140
Sample 92:-140
Sample 93:-184
Sample 94:-140
Sample 95:-174
Sample 96:-184
Sample 97:-88
Sample 98:-22
Sample 99:-140
Best Ham: -184
Sucess Probability: 39
Ham Average: -110.06
