[[1 0 0 ... 0 0 7]
 [1 0 0 ... 0 7 0]
 [1 0 0 ... 7 0 0]
 ...
 [1 3 7 ... 0 0 0]
 [1 7 2 ... 0 0 0]
 [7 1 1 ... 1 1 1]]
2
test

{(1, 11): 10, (1, 10): -7, (1, 9): -12, (1, 8): 14, (1, 7): -11, (1, 6): -6, (1, 5): 1, (1, 4): -12, (1, 3): -3, (1, 2): -5, (2, 11): -7, (2, 10): 14, (2, 9): -14, (2, 8): 2, (2, 7): 10, (2, 6): -3, (2, 5): 1, (2, 4): 14, (2, 3): -1, (3, 11): -5, (3, 10): 9, (3, 9): 6, (3, 8): 10, (3, 7): -3, (3, 6): -5, (3, 5): 13, (3, 4): 5, (4, 11): -14, (4, 10): 11, (4, 9): -5, (4, 8): 2, (4, 7): 14, (4, 6): 8, (4, 5): 1, (5, 11): -8, (5, 10): 9, (5, 9): -3, (5, 8): -10, (5, 7): -1, (5, 6): 12, (6, 11): 8, (6, 10): 12, (6, 9): 9, (6, 8): 1, (6, 7): -5, (7, 11): -13, (7, 10): -14, (7, 9): 14, (7, 8): -10, (8, 11): -4, (8, 10): -14, (8, 9): -12, (9, 11): -12, (9, 10): 13, (10, 11): 12}
test1

{}
   1 11 10  9  8  7  6  5  4  3  2 energy num_oc.
0 -1 +1 -1 +1 +1 -1 -1 +1 +1 -1 +1 -220.0      19
1 +1 -1 +1 -1 -1 +1 +1 -1 -1 +1 -1 -220.0       8
2 -1 -1 +1 -1 +1 +1 -1 +1 -1 -1 -1 -184.0      14
3 -1 -1 +1 -1 +1 +1 +1 -1 -1 +1 -1 -184.0      11
4 +1 +1 -1 +1 -1 -1 +1 -1 +1 +1 +1 -184.0       2
['SPIN', 5 rows, 54 samples, 11 variables]
energies=[-220.0, -220.0, -184.0, -184.0, -184.0]
