[[1 0 0 ... 0 0 7]
 [1 0 0 ... 0 7 0]
 [1 0 0 ... 7 0 0]
 ...
 [1 6 7 ... 0 0 0]
 [1 7 5 ... 0 0 0]
 [7 1 1 ... 1 1 1]]
5
test

{(1, 36): 5, (1, 35): 3, (1, 34): 6, (1, 33): -6, (1, 32): 8, (1, 31): 7, (1, 28): -13, (1, 27): -3, (1, 26): 10, (1, 25): -1, (1, 23): 12, (1, 22): 10, (1, 20): -5, (1, 19): 13, (1, 18): -8, (1, 17): -12, (1, 16): -10, (1, 14): 4, (1, 12): -7, (1, 10): 2, (1, 9): -3, (1, 8): -5, (1, 7): 5, (1, 6): -10, (1, 5): -13, (1, 2): -11, (2, 36): 6, (2, 34): 2, (2, 33): 6, (2, 32): -8, (2, 30): 1, (2, 29): -10, (2, 26): 5, (2, 25): -8, (2, 24): -4, (2, 23): -8, (2, 22): -4, (2, 21): -3, (2, 20): -6, (2, 18): -12, (2, 17): 13, (2, 16): 7, (2, 15): -2, (2, 13): -10, (2, 11): 12, (2, 10): 13, (2, 8): 11, (2, 7): 13, (2, 6): 3, (2, 5): -12, (2, 3): -2, (3, 36): -1, (3, 35): -8, (3, 34): -11, (3, 31): -8, (3, 29): -6, (3, 28): 3, (3, 27): 9, (3, 26): 3, (3, 25): -13, (3, 23): -2, (3, 22): -1, (3, 21): -3, (3, 20): -6, (3, 18): -2, (3, 17): 4, (3, 15): 9, (3, 14): -14, (3, 13): 14, (3, 12): 11, (3, 10): -8, (3, 9): 8, (3, 8): 12, (3, 7): -14, (3, 4): 10, (4, 36): -9, (4, 35): 5, (4, 33): -4, (4, 32): -13, (4, 31): -13, (4, 30): 9, (4, 29): -8, (4, 25): 14, (4, 23): -4, (4, 21): -10, (4, 20): -14, (4, 18): 6, (4, 17): -3, (4, 16): 13, (4, 15): -11, (4, 14): -8, (4, 11): -3, (4, 10): 9, (4, 9): 13, (4, 8): -9, (4, 7): -10, (4, 6): -8, (5, 36): -6, (5, 35): -5, (5, 34): 7, (5, 33): 8, (5, 28): -4, (5, 27): 1, (5, 26): -11, (5, 25): 14, (5, 23): -11, (5, 21): -2, (5, 18): -1, (5, 16): 6, (5, 15): -3, (5, 12): -8, (5, 11): 1, (5, 6): -5, (6, 35): -3, (6, 34): -1, (6, 33): -1, (6, 32): -3, (6, 31): 5, (6, 30): 9, (6, 29): -4, (6, 28): 2, (6, 27): 2, (6, 26): 10, (6, 25): -3, (6, 24): -3, (6, 22): -2, (6, 21): 13, (6, 20): -13, (6, 19): -8, (6, 18): 7, (6, 17): -2, (6, 16): 14, (6, 15): -11, (6, 12): 4, (6, 10): 13, (6, 8): 9, (6, 7): -14, (7, 35): 8, (7, 32): -4, (7, 31): -4, (7, 30): 4, (7, 29): 8, (7, 28): -5, (7, 26): -2, (7, 25): 10, (7, 24): 1, (7, 23): -9, (7, 22): 12, (7, 21): 5, (7, 20): -3, (7, 18): -6, (7, 16): 7, (7, 14): 8, (7, 13): -3, (7, 12): -2, (7, 10): 6, (7, 9): -7, (7, 8): 8, (8, 35): 10, (8, 33): 6, (8, 32): -14, (8, 31): 14, (8, 30): 13, (8, 29): 9, (8, 26): -14, (8, 25): -10, (8, 24): -11, (8, 23): -14, (8, 22): -1, (8, 21): 9, (8, 19): -2, (8, 16): -7, (8, 14): -5, (8, 13): 9, (9, 36): 9, (9, 34): 1, (9, 33): -8, (9, 32): -3, (9, 31): -4, (9, 30): -9, (9, 29): -4, (9, 28): -10, (9, 26): 6, (9, 25): 12, (9, 24): -12, (9, 22): 11, (9, 20): 2, (9, 19): -8, (9, 18): -11, (9, 17): -5, (9, 16): 2, (9, 14): -6, (9, 12): -2, (9, 10): 5, (10, 36): 12, (10, 34): 8, (10, 33): -8, (10, 31): -1, (10, 30): 9, (10, 28): -7, (10, 27): -2, (10, 25): -11, (10, 24): -12, (10, 22): 13, (10, 21): 1, (10, 18): -8, (10, 16): -2, (10, 15): 6, (10, 14): 9, (10, 13): -2, (10, 12): -6, (10, 11): 9, (11, 35): -2, (11, 34): 3, (11, 32): -9, (11, 30): -6, (11, 28): -2, (11, 27): -3, (11, 26): -12, (11, 24): 11, (11, 23): 13, (11, 22): -12, (11, 21): 7, (11, 19): -8, (11, 17): -10, (11, 16): -10, (11, 15): -7, (11, 14): -5, (11, 13): 10, (11, 12): -11, (12, 36): 12, (12, 35): 1, (12, 32): -12, (12, 29): -4, (12, 25): -9, (12, 24): 4, (12, 22): -8, (12, 21): 3, (12, 18): 5, (12, 17): 8, (12, 16): 12, (12, 15): -5, (12, 14): -14, (13, 35): -4, (13, 34): -3, (13, 33): 5, (13, 32): 12, (13, 31): 8, (13, 30): -9, (13, 29): 7, (13, 28): -5, (13, 27): 11, (13, 26): 10, (13, 25): 14, (13, 24): 10, (13, 23): -11, (13, 22): -6, (13, 21): 2, (13, 19): 1, (13, 18): -3, (13, 17): 11, (13, 16): 14, (14, 31): -11, (14, 28): -10, (14, 27): -9, (14, 26): -7, (14, 25): 4, (14, 24): -6, (14, 23): 12, (14, 22): 13, (14, 21): -5, (14, 19): -3, (14, 18): -8, (14, 16): -12, (14, 15): 5, (15, 36): -8, (15, 35): -13, (15, 34): -12, (15, 32): 4, (15, 31): -10, (15, 29): 13, (15, 26): 9, (15, 25): -12, (15, 24): -9, (15, 23): 2, (15, 22): 6, (15, 20): 14, (15, 19): -12, (15, 16): -11, (16, 35): -6, (16, 32): -1, (16, 30): 7, (16, 29): -3, (16, 28): -9, (16, 27): -7, (16, 25): -4, (16, 24): 5, (16, 22): -2, (16, 21): 4, (16, 20): -2, (16, 18): -4, (17, 35): 12, (17, 34): -13, (17, 32): -14, (17, 31): 11, (17, 29): -12, (17, 28): 9, (17, 27): 6, (17, 24): 9, (17, 23): 13, (17, 22): 9, (17, 19): 13, (17, 18): 10, (18, 35): 2, (18, 34): -1, (18, 33): 2, (18, 32): -12, (18, 31): -11, (18, 30): -8, (18, 28): 7, (18, 27): 13, (18, 26): -8, (18, 25): 11, (18, 24): -12, (18, 23): 9, (18, 22): 14, (18, 21): 9, (18, 19): -7, (19, 35): -13, (19, 34): -13, (19, 33): -7, (19, 32): -14, (19, 31): -4, (19, 30): -12, (19, 28): -4, (19, 27): -14, (19, 26): -1, (19, 24): 11, (19, 23): 9, (19, 22): -9, (19, 21): -14, (19, 20): 4, (20, 36): 8, (20, 33): 3, (20, 31): 5, (20, 29): -3, (20, 26): -6, (20, 25): -4, (20, 23): 12, (20, 22): 14, (20, 21): -2, (21, 36): -14, (21, 35): 3, (21, 34): 5, (21, 33): 9, (21, 32): -12, (21, 31): -5, (21, 29): 10, (21, 26): 6, (21, 25): -13, (21, 24): 3, (21, 23): -12, (21, 22): 2, (22, 36): 9, (22, 35): 8, (22, 33): 10, (22, 32): -14, (22, 31): -1, (22, 30): 3, (22, 29): 1, (22, 28): 14, (22, 27): 5, (22, 25): -9, (22, 24): 11, (22, 23): -11, (23, 36): -6, (23, 35): -8, (23, 30): 11, (23, 27): 2, (23, 26): 2, (23, 25): -10, (24, 36): -3, (24, 35): 8, (24, 34): -5, (24, 31): 8, (24, 29): -2, (24, 27): 5, (24, 26): 1, (24, 25): -7, (25, 36): 2, (25, 34): 14, (25, 32): 9, (25, 31): -3, (25, 30): 2, (25, 28): -7, (25, 27): -12, (26, 36): 2, (26, 35): -3, (26, 34): -6, (26, 33): 1, (26, 32): 14, (26, 31): 6, (26, 30): 5, (26, 28): 2, (26, 27): -11, (27, 36): -3, (27, 35): -2, (27, 34): 3, (27, 33): 12, (27, 32): 13, (27, 31): -7, (27, 30): 11, (27, 29): -5, (28, 36): 14, (28, 35): -9, (28, 34): 6, (28, 31): -6, (28, 30): 6, (28, 29): 7, (29, 36): -14, (29, 35): 5, (29, 33): 10, (29, 32): -9, (29, 30): -4, (30, 35): 4, (30, 33): 1, (30, 32): -7, (30, 31): 7, (31, 36): -7, (31, 35): -7, (31, 34): -1, (31, 33): -6, (31, 32): 2, (32, 36): -2, (32, 35): 12, (32, 34): 6, (33, 36): -6, (33, 35): 14, (34, 36): -1, (34, 35): 12, (35, 36): -10}
test1

{}
    1 36 35 34 33 32 31 28 27 26 25 23 22 20 19 18 17 16 ...  4 energy num_oc.
0  -1 +1 +1 -1 -1 +1 +1 +1 +1 +1 +1 +1 +1 -1 +1 -1 -1 +1 ... +1 -981.0       9
1  +1 -1 -1 -1 +1 -1 -1 +1 +1 +1 +1 -1 -1 +1 -1 -1 +1 +1 ... -1 -981.0      12
2  +1 -1 -1 +1 +1 -1 -1 -1 -1 -1 -1 -1 -1 +1 -1 +1 +1 -1 ... -1 -981.0       4
3  -1 +1 +1 -1 -1 +1 +1 +1 +1 +1 +1 +1 +1 -1 +1 -1 -1 +1 ... +1 -981.0       3
4  +1 -1 -1 +1 +1 -1 -1 -1 -1 -1 -1 -1 -1 +1 -1 +1 +1 -1 ... -1 -981.0       3
5  -1 +1 +1 +1 -1 +1 +1 -1 -1 -1 -1 +1 +1 -1 +1 +1 -1 -1 ... +1 -981.0      17
6  -1 -1 +1 -1 -1 -1 +1 +1 +1 +1 +1 +1 +1 -1 +1 -1 -1 +1 ... -1 -961.0       2
7  -1 +1 +1 +1 -1 -1 +1 -1 +1 -1 +1 +1 +1 -1 +1 -1 -1 -1 ... +1 -957.0       1
8  -1 +1 -1 +1 +1 +1 +1 -1 -1 -1 -1 -1 -1 +1 +1 +1 +1 -1 ... +1 -953.0       2
9  +1 -1 +1 -1 -1 -1 -1 +1 +1 +1 +1 +1 +1 -1 -1 -1 -1 +1 ... -1 -953.0       2
10 -1 +1 -1 +1 -1 +1 -1 -1 -1 -1 -1 +1 +1 +1 -1 -1 +1 -1 ... +1 -953.0       1
['SPIN', 11 rows, 56 samples, 36 variables]
energies=[-981.0, -981.0, -981.0, -981.0, -981.0, -981.0, -961.0, -957.0, -953.0, -953.0, -953.0]
