[[1 0 0 ... 0 0 7]
 [1 0 0 ... 0 7 0]
 [1 0 0 ... 7 0 0]
 ...
 [1 3 7 ... 0 0 0]
 [1 7 2 ... 0 0 0]
 [7 1 1 ... 1 1 1]]
2
test

{(1, 21): -14, (1, 20): 14, (1, 18): 2, (1, 15): -8, (1, 14): -2, (1, 9): 9, (1, 8): -9, (1, 7): 8, (1, 6): 1, (1, 4): 3, (1, 3): -5, (1, 2): -5, (2, 22): -12, (2, 21): -4, (2, 20): -10, (2, 19): 12, (2, 18): -2, (2, 17): 1, (2, 16): 3, (2, 14): 5, (2, 13): -2, (2, 12): -11, (2, 11): -11, (2, 10): -14, (2, 7): -7, (2, 6): -1, (2, 5): -7, (3, 22): -12, (3, 21): 14, (3, 19): -11, (3, 17): 12, (3, 16): -1, (3, 13): 13, (3, 12): -7, (3, 10): 3, (3, 9): 13, (3, 8): 6, (3, 7): -10, (3, 5): -14, (3, 4): 3, (4, 18): 13, (4, 17): 14, (4, 13): -12, (4, 12): -7, (4, 10): -3, (4, 9): -8, (4, 8): -9, (4, 7): 12, (4, 6): 11, (5, 21): -13, (5, 20): -5, (5, 17): -1, (5, 16): 14, (5, 14): 5, (5, 13): -12, (5, 10): -13, (5, 7): 13, (5, 6): -6, (6, 22): 14, (6, 21): 12, (6, 20): 3, (6, 19): -1, (6, 18): -11, (6, 17): 11, (6, 16): -2, (6, 15): 1, (6, 12): -9, (6, 11): 6, (6, 10): -14, (6, 8): 5, (7, 22): -10, (7, 20): 13, (7, 19): -1, (7, 18): -3, (7, 16): -12, (7, 15): -9, (7, 13): -6, (7, 10): 1, (7, 9): 12, (8, 21): -7, (8, 18): -13, (8, 16): 12, (8, 14): 5, (8, 13): -10, (8, 12): -3, (9, 22): -3, (9, 21): 2, (9, 17): -3, (9, 15): -5, (9, 14): -1, (9, 13): 11, (9, 12): 7, (9, 11): 8, (9, 10): 14, (10, 17): -6, (10, 16): -4, (10, 15): -5, (10, 12): -12, (10, 11): -14, (11, 22): 8, (11, 21): 14, (11, 20): 14, (11, 18): 14, (11, 17): -10, (11, 16): -5, (11, 15): 4, (11, 12): -10, (12, 21): 1, (12, 19): 8, (12, 18): 9, (12, 17): 3, (12, 16): 14, (12, 15): -9, (12, 14): -7, (13, 21): -10, (13, 17): 4, (13, 16): -12, (13, 15): -8, (13, 14): -9, (14, 21): -4, (14, 19): -8, (14, 18): 13, (14, 15): -4, (15, 21): -10, (15, 20): -12, (15, 18): -6, (15, 17): -4, (16, 21): 14, (16, 20): 6, (16, 18): -13, (17, 21): 13, (17, 20): 13, (17, 18): 6, (18, 20): -10, (19, 22): 9, (19, 21): -5, (20, 22): -14, (20, 21): 1, (21, 22): -2}
test1

{}
   1 21 20 18 15 14  9  8  7  6  4  3  2 22 19 17 16 13 ...  5 energy num_oc.
0 -1 -1 -1 +1 -1 -1 +1 -1 +1 +1 -1 -1 -1 -1 +1 +1 +1 -1 ... -1 -455.0      16
1 -1 -1 -1 -1 -1 +1 +1 -1 -1 -1 +1 -1 -1 -1 +1 +1 +1 -1 ... -1 -455.0       4
2 +1 +1 +1 -1 +1 +1 -1 +1 -1 -1 +1 +1 +1 +1 -1 -1 -1 +1 ... +1 -455.0      11
3 +1 +1 +1 +1 +1 -1 -1 +1 +1 +1 -1 +1 +1 +1 -1 -1 -1 +1 ... +1 -455.0      20
4 +1 +1 +1 -1 +1 +1 -1 +1 -1 +1 +1 -1 +1 -1 -1 -1 -1 +1 ... +1 -419.0       1
['SPIN', 5 rows, 52 samples, 22 variables]
energies=[-455.0, -455.0, -455.0, -455.0, -419.0]
