[[1 0 0 ... 0 0 7]
 [1 0 0 ... 0 7 0]
 [1 0 0 ... 7 0 0]
 ...
 [1 0 7 ... 0 0 0]
 [1 7 0 ... 0 0 0]
 [7 1 1 ... 1 1 1]]
0
test

{(1, 40): 7, (1, 39): 4, (1, 36): 2, (1, 35): -10, (1, 32): 2, (1, 30): 14, (1, 26): -1, (1, 23): 10, (1, 21): 6, (1, 19): -6, (1, 18): -9, (1, 17): 8, (1, 16): -2, (1, 14): 13, (1, 11): 12, (1, 10): -12, (1, 5): 8, (1, 3): -9, (2, 43): -6, (2, 34): 11, (2, 31): -11, (2, 25): 2, (2, 22): -12, (2, 21): 13, (2, 17): -5, (2, 15): -7, (2, 14): 12, (2, 13): 2, (2, 6): 3, (2, 3): -9, (3, 42): 4, (3, 36): 1, (3, 34): -6, (3, 30): 6, (3, 29): -9, (3, 26): -4, (3, 25): 3, (3, 23): -1, (3, 20): -8, (3, 17): 1, (3, 15): -10, (3, 10): -2, (3, 9): -1, (3, 8): -11, (3, 4): 8, (4, 42): 1, (4, 40): -6, (4, 38): -3, (4, 36): 14, (4, 31): 7, (4, 30): 3, (4, 29): -5, (4, 28): 11, (4, 17): -5, (4, 8): -3, (4, 7): 10, (4, 6): -7, (5, 40): 5, (5, 38): -13, (5, 35): 12, (5, 29): 4, (5, 28): 12, (5, 26): 1, (5, 23): -11, (5, 22): -1, (5, 20): 6, (5, 19): 6, (5, 17): -3, (5, 15): -8, (5, 12): 11, (5, 10): 9, (5, 7): -12, (6, 41): -7, (6, 34): -11, (6, 33): 14, (6, 31): -6, (6, 29): -1, (6, 28): 9, (6, 24): 3, (6, 23): 13, (6, 21): -6, (6, 14): 11, (6, 13): 13, (6, 8): -7, (6, 7): -3, (7, 43): -3, (7, 41): 6, (7, 40): 11, (7, 38): 5, (7, 37): 14, (7, 36): 6, (7, 35): 6, (7, 34): -4, (7, 32): -10, (7, 31): 3, (7, 27): 13, (7, 23): 6, (7, 14): -14, (7, 13): 2, (7, 9): -8, (7, 8): 6, (8, 43): -7, (8, 42): -6, (8, 41): -12, (8, 39): -12, (8, 38): -10, (8, 36): 14, (8, 33): 5, (8, 30): -9, (8, 26): -1, (8, 25): 11, (8, 23): 12, (8, 19): 1, (8, 15): 12, (8, 9): -4, (9, 43): 7, (9, 41): -4, (9, 37): -6, (9, 35): 5, (9, 34): 14, (9, 31): -3, (9, 30): -9, (9, 27): -10, (9, 26): -6, (9, 23): -1, (9, 21): -2, (9, 19): 3, (9, 18): 2, (9, 17): -13, (9, 16): 11, (9, 14): 3, (9, 13): -7, (9, 12): 11, (10, 42): 8, (10, 40): -12, (10, 39): -6, (10, 36): -8, (10, 33): -4, (10, 32): -10, (10, 30): -1, (10, 29): 13, (10, 27): -4, (10, 25): 11, (10, 22): -14, (10, 19): 6, (10, 18): 11, (10, 17): 7, (10, 15): -3, (10, 14): -11, (10, 13): 6, (11, 43): 9, (11, 35): 6, (11, 33): -2, (11, 28): 6, (11, 27): 11, (11, 23): -13, (11, 22): 14, (11, 20): -2, (11, 19): 14, (11, 16): -4, (11, 13): 14, (12, 41): -11, (12, 36): 8, (12, 35): -6, (12, 34): -11, (12, 26): 10, (12, 25): 14, (12, 24): -8, (12, 23): 5, (12, 22): -13, (12, 20): -11, (12, 19): 4, (12, 17): -10, (12, 16): -1, (12, 15): -14, (13, 43): 3, (13, 41): -11, (13, 40): -3, (13, 37): -4, (13, 35): -7, (13, 34): -13, (13, 33): 12, (13, 32): -10, (13, 31): 1, (13, 28): 6, (13, 25): 11, (13, 21): -9, (13, 18): -6, (14, 39): -4, (14, 38): 13, (14, 34): 8, (14, 32): 10, (14, 31): -12, (14, 27): -2, (14, 19): -6, (14, 17): 12, (15, 39): 4, (15, 38): 14, (15, 37): 10, (15, 32): 2, (15, 31): 8, (15, 28): 10, (15, 26): 5, (15, 22): 5, (15, 21): 8, (15, 18): -4, (15, 17): 4, (16, 42): 14, (16, 40): 12, (16, 38): -5, (16, 37): -6, (16, 35): -11, (16, 34): -8, (16, 32): 6, (16, 30): -11, (16, 28): -6, (16, 27): 11, (16, 25): 7, (16, 24): -6, (16, 23): -5, (16, 20): -14, (16, 19): 9, (16, 18): 14, (17, 41): -14, (17, 36): -9, (17, 35): 8, (17, 33): -12, (17, 32): -14, (17, 30): 9, (17, 28): 8, (17, 24): 9, (17, 23): -3, (17, 19): -5, (18, 39): -12, (18, 37): -8, (18, 36): 14, (18, 35): -8, (18, 32): 5, (18, 31): -8, (18, 27): -9, (18, 25): 14, (18, 24): -5, (18, 21): -7, (19, 41): -2, (19, 40): -2, (19, 39): -14, (19, 35): -1, (19, 33): -6, (19, 32): -12, (19, 29): -12, (19, 24): -1, (19, 23): 3, (19, 20): -2, (20, 38): -1, (20, 37): 8, (20, 35): 12, (20, 30): -9, (20, 27): 3, (20, 26): 6, (20, 22): 1, (20, 21): -10, (21, 42): -13, (21, 40): 6, (21, 39): 14, (21, 38): 5, (21, 37): 14, (21, 36): -14, (21, 35): 10, (21, 34): -12, (21, 32): -6, (21, 30): 1, (21, 29): 3, (21, 28): 10, (21, 27): -1, (21, 25): -1, (21, 23): 12, (22, 43): -10, (22, 42): -7, (22, 38): 4, (22, 35): 9, (22, 33): -10, (22, 32): -2, (22, 29): 14, (22, 28): -1, (22, 27): -4, (22, 26): 7, (22, 25): 6, (22, 23): 1, (23, 43): -3, (23, 42): -3, (23, 39): -14, (23, 38): 3, (23, 37): 2, (23, 34): -9, (23, 27): 11, (23, 24): -14, (24, 41): -14, (24, 32): -3, (24, 26): -4, (25, 43): 4, (25, 35): -9, (25, 33): 5, (25, 32): -3, (25, 30): 2, (25, 29): 14, (26, 40): 1, (26, 39): -13, (26, 38): -11, (26, 34): 10, (26, 33): 14, (26, 32): 10, (26, 29): -7, (26, 28): -4, (27, 41): 9, (27, 38): -3, (27, 36): 1, (27, 35): 12, (27, 29): 9, (27, 28): 5, (28, 43): -14, (28, 42): -8, (28, 41): 8, (28, 37): 4, (28, 35): 11, (28, 29): 5, (29, 41): 9, (29, 35): -13, (29, 34): 13, (29, 33): 8, (29, 32): -4, (29, 31): 13, (30, 43): -13, (30, 39): -11, (30, 37): 9, (31, 42): 12, (31, 41): -6, (31, 40): 2, (31, 35): -11, (31, 34): 10, (31, 32): 6, (32, 40): 8, (32, 37): 13, (32, 35): -12, (33, 40): 6, (34, 43): -4, (34, 39): -8, (34, 38): -4, (34, 36): 11, (35, 38): -6, (35, 36): -10, (36, 42): -11, (36, 39): 11, (37, 43): 5, (37, 41): 4, (37, 40): 14, (37, 39): -3, (38, 41): -12, (39, 41): 5, (40, 42): -11, (40, 41): -3, (41, 42): -1}
test1

{}
   1 40 39 36 35 32 30 26 23 21 19 18 17 16 14 11 10  5 ... 27  energy num_oc.
0 -1 -1 -1 +1 -1 +1 +1 -1 +1 +1 -1 -1 -1 +1 +1 +1 +1 +1 ... -1 -1031.0      26
1 +1 +1 +1 -1 +1 -1 -1 +1 -1 -1 +1 +1 +1 -1 -1 -1 -1 -1 ... +1 -1031.0      23
2 +1 -1 +1 -1 +1 +1 -1 +1 -1 -1 +1 +1 +1 -1 -1 -1 -1 -1 ... +1 -1027.0       1
3 -1 +1 -1 +1 -1 -1 +1 -1 +1 +1 -1 -1 -1 +1 +1 +1 +1 +1 ... -1 -1027.0       2
4 -1 -1 +1 -1 -1 -1 +1 -1 +1 -1 -1 -1 -1 +1 +1 +1 +1 +1 ... -1 -1009.0       2
['SPIN', 5 rows, 54 samples, 43 variables]
energies=[-1031.0, -1031.0, -1027.0, -1027.0, -1009.0]
