[[ 1  0  0 ...  0  0  7]
 [ 1  0  0 ...  0  7  0]
 [ 1  0  0 ...  7  0  0]
 ...
 [ 1 -4  7 ...  0  0  0]
 [ 1  7 -4 ...  0  0  0]
 [ 7  1  1 ...  1  1  1]]
-4
test

{(1, 50): -1, (1, 45): 6, (1, 40): -6, (1, 36): -3, (1, 34): 7, (1, 32): 1, (1, 31): -4, (1, 26): 6, (1, 25): -10, (1, 21): 2, (1, 20): 8, (1, 18): -7, (1, 16): -3, (1, 14): -2, (1, 12): 1, (1, 11): 13, (1, 10): -4, (1, 9): -1, (1, 6): 5, (1, 2): 8, (2, 51): 6, (2, 50): -4, (2, 48): -14, (2, 47): -9, (2, 38): 12, (2, 36): -8, (2, 25): 9, (2, 22): 2, (2, 21): -1, (2, 18): 11, (2, 17): 5, (2, 16): 8, (2, 14): 9, (2, 10): -4, (2, 8): -4, (2, 6): 3, (2, 5): 9, (3, 49): -7, (3, 47): 2, (3, 46): -8, (3, 43): -5, (3, 39): -11, (3, 34): 14, (3, 32): -9, (3, 31): 12, (3, 30): 8, (3, 26): -7, (3, 24): 11, (3, 20): -6, (3, 18): -4, (3, 16): 2, (3, 11): -5, (3, 10): 2, (4, 51): 1, (4, 50): 5, (4, 43): -9, (4, 41): 11, (4, 39): -7, (4, 34): -9, (4, 32): -4, (4, 31): 14, (4, 22): -9, (4, 20): 14, (4, 17): 6, (4, 16): 6, (4, 15): 4, (4, 13): -12, (4, 11): -6, (4, 9): 9, (4, 7): -3, (5, 50): 9, (5, 48): 7, (5, 44): -9, (5, 41): -3, (5, 34): -3, (5, 32): 6, (5, 31): 14, (5, 30): -7, (5, 26): 7, (5, 24): -5, (5, 21): 6, (5, 17): -1, (5, 14): -11, (5, 11): -5, (5, 8): -10, (6, 51): 12, (6, 49): 7, (6, 45): 6, (6, 39): 14, (6, 35): -1, (6, 34): 12, (6, 32): -9, (6, 31): 13, (6, 25): -10, (6, 22): 12, (6, 19): -10, (6, 18): -9, (6, 14): -11, (6, 11): 11, (6, 9): 6, (6, 8): -12, (7, 48): 14, (7, 47): -11, (7, 46): 4, (7, 30): 9, (7, 21): 1, (7, 19): 5, (7, 17): -5, (7, 16): 2, (7, 14): 1, (7, 12): 4, (7, 9): 2, (7, 8): 7, (8, 48): 3, (8, 47): -4, (8, 42): 2, (8, 41): 14, (8, 39): 7, (8, 30): 2, (8, 29): 2, (8, 24): 12, (8, 19): 9, (8, 18): -7, (8, 16): -11, (8, 14): -6, (8, 12): 9, (8, 9): 7, (9, 49): 1, (9, 48): -12, (9, 38): -8, (9, 35): -3, (9, 32): 13, (9, 26): -5, (9, 24): 12, (9, 23): 5, (9, 21): 13, (9, 20): -7, (9, 16): 11, (9, 13): 1, (10, 50): -8, (10, 48): 10, (10, 47): 10, (10, 45): -6, (10, 34): -7, (10, 33): 7, (10, 28): -3, (10, 25): 10, (10, 23): -5, (10, 20): -4, (10, 19): -3, (10, 14): -9, (10, 13): -13, (10, 11): 9, (11, 44): -6, (11, 43): 4, (11, 40): 12, (11, 35): -2, (11, 34): -11, (11, 29): 3, (11, 28): -13, (11, 25): -13, (11, 20): -9, (11, 19): -7, (11, 17): 6, (11, 15): 7, (11, 14): 3, (12, 51): 3, (12, 49): -6, (12, 41): -12, (12, 40): -12, (12, 32): -6, (12, 22): 1, (12, 20): 1, (12, 18): 3, (12, 16): 5, (12, 14): 7, (12, 13): -10, (13, 50): -14, (13, 49): -7, (13, 45): 1, (13, 43): 9, (13, 41): 14, (13, 38): 3, (13, 35): -11, (13, 33): -3, (13, 30): 7, (13, 24): -1, (13, 22): -4, (13, 19): 13, (14, 51): -2, (14, 46): 6, (14, 45): -14, (14, 44): -2, (14, 41): -14, (14, 40): -12, (14, 39): -5, (14, 37): -10, (14, 34): -4, (14, 31): -13, (14, 28): -2, (14, 23): 10, (14, 17): 3, (14, 16): -4, (15, 51): -4, (15, 50): 1, (15, 46): 7, (15, 45): -13, (15, 42): -7, (15, 41): -13, (15, 39): 10, (15, 38): -7, (15, 37): -7, (15, 36): 11, (15, 35): -12, (15, 34): -4, (15, 33): -13, (15, 32): -4, (15, 27): -2, (15, 23): -7, (15, 21): 8, (15, 20): -2, (16, 48): 1, (16, 47): -9, (16, 46): -9, (16, 41): -3, (16, 30): 11, (16, 23): 13, (16, 22): -8, (16, 18): 8, (17, 50): 9, (17, 49): -5, (17, 46): -11, (17, 45): 3, (17, 44): -9, (17, 40): 8, (17, 38): -6, (17, 37): 1, (17, 36): 6, (17, 25): 8, (17, 23): 7, (17, 22): -3, (17, 21): 2, (17, 19): -12, (18, 50): 7, (18, 49): 2, (18, 48): 9, (18, 41): -6, (18, 35): -2, (18, 34): 14, (18, 27): -13, (19, 44): 2, (19, 41): -9, (19, 40): -10, (19, 39): 13, (19, 38): -10, (19, 37): 10, (19, 30): -5, (19, 25): -1, (19, 24): -9, (19, 23): -14, (19, 22): 5, (19, 21): 2, (20, 48): 5, (20, 36): -3, (20, 34): -6, (20, 31): 12, (20, 30): 5, (20, 24): -1, (21, 46): -6, (21, 45): 6, (21, 38): 7, (21, 37): -9, (21, 36): -14, (21, 30): 7, (21, 29): -12, (21, 28): -5, (21, 27): 5, (22, 51): -4, (22, 50): -1, (22, 48): 7, (22, 47): 2, (22, 46): -13, (22, 42): 13, (22, 39): 14, (22, 37): -7, (22, 34): -9, (22, 30): -13, (22, 27): -10, (23, 51): 10, (23, 45): 13, (23, 44): 6, (23, 43): 14, (23, 41): 1, (23, 40): -4, (23, 38): 9, (23, 37): -7, (23, 31): 1, (24, 50): 10, (24, 49): -13, (24, 37): -10, (25, 42): -2, (25, 39): 9, (25, 36): -2, (25, 34): 13, (25, 32): 9, (26, 46): 9, (26, 43): 1, (26, 33): 2, (26, 30): -8, (26, 27): -12, (27, 49): -8, (27, 46): 3, (27, 43): 13, (27, 42): -5, (27, 40): 3, (27, 38): -8, (27, 35): 3, (27, 33): 3, (27, 28): 1, (28, 51): -9, (28, 46): 11, (28, 37): 13, (28, 35): 7, (28, 32): 10, (28, 31): 10, (28, 30): 12, (29, 47): 13, (29, 45): -7, (29, 39): -14, (29, 30): -6, (30, 41): 11, (30, 36): 2, (30, 35): 14, (31, 47): 5, (31, 40): -2, (32, 51): 6, (32, 50): 8, (32, 49): -3, (32, 34): 7, (33, 45): 12, (33, 35): 8, (34, 51): -9, (34, 47): -13, (34, 45): -8, (35, 36): -6, (36, 50): 2, (36, 48): 12, (36, 47): -9, (36, 46): 4, (36, 41): 13, (37, 48): -1, (37, 46): -1, (37, 39): -2, (38, 49): -10, (38, 47): -1, (38, 44): -14, (38, 39): -2, (39, 50): -11, (39, 44): 3, (39, 43): 4, (39, 42): 11, (39, 40): -7, (40, 50): -3, (40, 48): -1, (40, 42): 5, (41, 49): -8, (41, 47): -8, (41, 46): -7, (41, 45): 14, (42, 50): 7, (42, 49): -2, (42, 47): -14, (42, 46): 3, (42, 45): 4, (42, 44): 12, (43, 50): -12, (44, 48): 10, (44, 47): 3, (44, 46): -3, (45, 48): 8, (47, 51): -6, (47, 49): -14, (47, 48): 13}
test1

{}
   1 50 45 40 36 34 32 31 26 25 21 20 18 16 14 12 11 10 ... 27  energy num_oc.
0 +1 -1 -1 +1 -1 -1 +1 +1 +1 +1 -1 -1 +1 -1 -1 +1 -1 -1 ... +1 -1156.0      13
1 -1 +1 +1 -1 +1 +1 -1 -1 -1 -1 +1 +1 -1 +1 +1 -1 +1 +1 ... -1 -1156.0      10
2 +1 -1 -1 +1 -1 -1 +1 +1 +1 +1 -1 -1 +1 -1 +1 +1 -1 -1 ... +1 -1156.0      12
3 -1 +1 +1 -1 +1 +1 -1 -1 -1 -1 +1 +1 -1 +1 -1 -1 +1 +1 ... -1 -1156.0      16
4 +1 -1 -1 +1 -1 -1 +1 +1 -1 +1 -1 -1 +1 +1 +1 +1 -1 -1 ... +1 -1134.0       1
['SPIN', 5 rows, 52 samples, 51 variables]
energies=[-1156.0, -1156.0, -1156.0, -1156.0, -1134.0]
