Sample 0:-1067
Sample 1:-1067
Sample 2:-1067
Sample 3:-1067
Sample 4:-1067
Sample 5:-1067
Sample 6:-1067
Sample 7:-1067
Sample 8:-1067
Sample 9:-1067
Sample 10:-1067
Sample 11:-1067
Sample 12:-1067
Sample 13:-1067
Sample 14:-1067
Sample 15:-1067
Sample 16:-1067
Sample 17:-1067
Sample 18:-1067
Sample 19:-1067
Sample 20:-1067
Sample 21:-1067
Sample 22:-1067
Sample 23:-1067
Sample 24:-1067
Sample 25:-1067
Sample 26:-1067
Sample 27:-1067
Sample 28:-1067
Sample 29:-1067
Sample 30:-1067
Sample 31:-1067
Sample 32:-1067
Sample 33:-1067
Sample 34:-1067
Sample 35:-1067
Sample 36:-1067
Sample 37:-1067
Sample 38:-1067
Sample 39:-1067
Sample 40:-1067
Sample 41:-1067
Sample 42:-1067
Sample 43:-1067
Sample 44:-1067
Sample 45:-1067
Sample 46:-1067
Sample 47:-1067
Sample 48:-1067
Sample 49:-1067
Sample 50:-1067
Sample 51:-1067
Sample 52:-1067
Sample 53:77
Sample 54:-1067
Sample 55:-1067
Sample 56:-1067
Sample 57:-1067
Sample 58:-1067
Sample 59:-1067
Sample 60:-1067
Sample 61:-1067
Sample 62:-1067
Sample 63:-1067
Sample 64:-1067
Sample 65:-1067
Sample 66:-1067
Sample 67:-1067
Sample 68:-1067
Sample 69:-1067
Sample 70:-1067
Sample 71:-1067
Sample 72:-1067
Sample 73:-1067
Sample 74:-1067
Sample 75:-1067
Sample 76:-1067
Sample 77:-1067
Sample 78:-1067
Sample 79:-1067
Sample 80:-1067
Sample 81:-1067
Sample 82:-1067
Sample 83:-1067
Sample 84:-1067
Sample 85:-1067
Sample 86:-1067
Sample 87:-1067
Sample 88:-1067
Sample 89:-1067
Sample 90:-1067
Sample 91:-1067
Sample 92:-1067
Sample 93:-1067
Sample 94:-1067
Sample 95:-1067
Sample 96:-1067
Sample 97:-1067
Sample 98:-1067
Sample 99:-1067
Best Ham: -1067
Sucess Probability: 99
Ham Average: -1055.56
