Sample 0:-39
Sample 1:-39
Sample 2:-39
Sample 3:-39
Sample 4:-39
Sample 5:-39
Sample 6:-39
Sample 7:-39
Sample 8:-39
Sample 9:-39
Sample 10:-39
Sample 11:-39
Sample 12:-39
Sample 13:-39
Sample 14:-39
Sample 15:-39
Sample 16:-39
Sample 17:-39
Sample 18:-39
Sample 19:-39
Sample 20:-39
Sample 21:-39
Sample 22:-39
Sample 23:-39
Sample 24:-39
Sample 25:-39
Sample 26:-39
Sample 27:-39
Sample 28:-39
Sample 29:-39
Sample 30:-39
Sample 31:-39
Sample 32:-39
Sample 33:-39
Sample 34:-39
Sample 35:-39
Sample 36:-39
Sample 37:-39
Sample 38:-39
Sample 39:-39
Sample 40:-39
Sample 41:-39
Sample 42:-39
Sample 43:-39
Sample 44:-39
Sample 45:-39
Sample 46:-39
Sample 47:-39
Sample 48:-39
Sample 49:-39
Sample 50:-39
Sample 51:-39
Sample 52:-39
Sample 53:-39
Sample 54:-39
Sample 55:-39
Sample 56:-39
Sample 57:-39
Sample 58:-39
Sample 59:-39
Sample 60:-39
Sample 61:-39
Sample 62:-39
Sample 63:-39
Sample 64:-39
Sample 65:29
Sample 66:-39
Sample 67:-39
Sample 68:-39
Sample 69:-39
Sample 70:-39
Sample 71:-39
Sample 72:-39
Sample 73:-39
Sample 74:-39
Sample 75:-39
Sample 76:-39
Sample 77:-39
Sample 78:-39
Sample 79:-39
Sample 80:-39
Sample 81:-39
Sample 82:-39
Sample 83:-39
Sample 84:-39
Sample 85:-39
Sample 86:-39
Sample 87:-39
Sample 88:-39
Sample 89:-39
Sample 90:-39
Sample 91:-39
Sample 92:-39
Sample 93:-39
Sample 94:-39
Sample 95:-39
Sample 96:-39
Sample 97:-39
Sample 98:-39
Sample 99:-39
Best Ham: -39
Sucess Probability: 0
Ham Average: -38.32
