Sample 0:-54
Sample 1:-48
Sample 2:-30
Sample 3:-36
Sample 4:-30
Sample 5:-30
Sample 6:-48
Sample 7:-36
Sample 8:-54
Sample 9:-30
Sample 10:-30
Sample 11:-30
Sample 12:-30
Sample 13:-48
Sample 14:-30
Sample 15:-30
Sample 16:-36
Sample 17:-30
Sample 18:-30
Sample 19:-30
Sample 20:-54
Sample 21:-54
Sample 22:-30
Sample 23:-48
Sample 24:-30
Sample 25:-36
Sample 26:-54
Sample 27:-36
Sample 28:-54
Sample 29:-30
Sample 30:-54
Sample 31:-54
Sample 32:-30
Sample 33:-22
Sample 34:-54
Sample 35:-54
Sample 36:-54
Sample 37:-30
Sample 38:-36
Sample 39:-30
Sample 40:-48
Sample 41:-48
Sample 42:-54
Sample 43:-36
Sample 44:-30
Sample 45:-54
Sample 46:-48
Sample 47:-36
Sample 48:-30
Sample 49:-54
Sample 50:-30
Sample 51:-54
Sample 52:-54
Sample 53:-30
Sample 54:-54
Sample 55:-22
Sample 56:-30
Sample 57:-30
Sample 58:-54
Sample 59:-54
Sample 60:-30
Sample 61:-36
Sample 62:-48
Sample 63:-54
Sample 64:-36
Sample 65:-30
Sample 66:-54
Sample 67:-30
Sample 68:-30
Sample 69:-36
Sample 70:-54
Sample 71:-48
Sample 72:-54
Sample 73:-36
Sample 74:-54
Sample 75:-54
Sample 76:-30
Sample 77:-36
Sample 78:-54
Sample 79:40
Sample 80:-48
Sample 81:-54
Sample 82:-36
Sample 83:-30
Sample 84:-30
Sample 85:-36
Sample 86:-30
Sample 87:-54
Sample 88:-30
Sample 89:-30
Sample 90:-54
Sample 91:-30
Sample 92:-30
Sample 93:-48
Sample 94:-48
Sample 95:-54
Sample 96:-30
Sample 97:-54
Sample 98:-54
Sample 99:-10
Best Ham: -54
Sucess Probability: 0
Ham Average: -39.68
