[[1 0 0 ... 0 0 7]
 [1 0 0 ... 0 7 0]
 [1 0 0 ... 7 0 0]
 ...
 [1 0 7 ... 0 0 0]
 [1 7 0 ... 0 0 0]
 [7 1 1 ... 1 1 1]]
0
test

{(1, 16): -14, (1, 15): 14, (1, 12): -9, (1, 9): 14, (1, 7): -11, (1, 6): -14, (1, 4): 1, (2, 16): 9, (2, 15): 10, (2, 14): -8, (2, 12): 7, (2, 10): 14, (3, 15): 2, (3, 14): -6, (3, 13): -8, (3, 12): 8, (3, 11): -4, (3, 8): -6, (3, 7): 10, (3, 4): -13, (4, 14): 14, (4, 11): 12, (4, 9): -13, (4, 8): 4, (4, 5): -12, (5, 12): -5, (5, 7): 4, (5, 6): -4, (6, 16): -5, (6, 15): -3, (6, 14): -2, (6, 11): -5, (6, 8): -4, (7, 16): 12, (7, 10): -5, (7, 9): -12, (8, 14): 1, (8, 10): 7, (8, 9): 1, (9, 11): 6, (10, 15): 8, (10, 13): -14, (11, 14): 3, (12, 15): 14, (12, 13): 13, (13, 16): -12, (13, 14): 5, (14, 15): -13}
test1

{}
   1 16 15 12  9  7  6  4  2 14 10  3 13 11  8  5 energy num_oc.
0 +1 +1 -1 +1 +1 +1 +1 +1 -1 -1 +1 -1 +1 -1 -1 +1 -205.0      16
1 -1 -1 +1 -1 +1 +1 -1 -1 +1 +1 -1 -1 -1 -1 -1 -1 -205.0       8
2 +1 +1 -1 +1 -1 -1 +1 +1 -1 -1 +1 +1 +1 +1 +1 +1 -205.0      13
3 -1 -1 +1 -1 -1 -1 -1 -1 +1 +1 -1 +1 -1 +1 +1 -1 -205.0      14
4 -1 -1 -1 +1 +1 +1 -1 +1 -1 -1 +1 -1 -1 -1 -1 +1 -197.0       1
['SPIN', 5 rows, 52 samples, 16 variables]
energies=[-205.0, -205.0, -205.0, -205.0, -197.0]
