[[1 0 0 ... 0 0 7]
 [1 0 0 ... 0 7 0]
 [1 0 0 ... 7 0 0]
 ...
 [1 0 7 ... 0 0 0]
 [1 7 0 ... 0 0 0]
 [7 1 1 ... 1 1 1]]
0
test

{(1, 44): 6, (1, 43): -1, (1, 41): 4, (1, 39): -14, (1, 34): 13, (1, 31): 2, (1, 29): -13, (1, 27): 3, (1, 20): -11, (1, 11): -9, (1, 10): 9, (1, 8): -5, (1, 4): 1, (2, 44): 9, (2, 43): 1, (2, 42): -10, (2, 39): 5, (2, 34): -1, (2, 33): -12, (2, 32): 12, (2, 29): 7, (2, 28): -3, (2, 27): 9, (2, 20): 5, (2, 18): 6, (2, 15): -10, (2, 10): 9, (2, 8): -11, (3, 43): -11, (3, 41): -13, (3, 39): 11, (3, 34): 5, (3, 32): -10, (3, 31): 8, (3, 30): 13, (3, 27): 1, (3, 25): 8, (3, 19): -14, (3, 18): 6, (3, 7): -3, (3, 5): 13, (3, 4): -1, (4, 44): -8, (4, 43): -14, (4, 42): 1, (4, 41): 12, (4, 39): -5, (4, 36): -8, (4, 35): -10, (4, 32): -4, (4, 28): -1, (4, 22): -5, (4, 18): 3, (4, 17): 7, (4, 16): -7, (4, 13): -1, (4, 11): -2, (4, 9): -4, (4, 8): 8, (4, 6): -4, (4, 5): -3, (5, 43): 4, (5, 42): -14, (5, 37): -7, (5, 34): -4, (5, 29): -12, (5, 26): -2, (5, 21): -6, (5, 20): -2, (5, 19): 12, (5, 16): 7, (5, 12): 12, (5, 11): -1, (5, 9): 13, (6, 43): 8, (6, 41): 12, (6, 40): 4, (6, 38): -8, (6, 37): -6, (6, 31): 2, (6, 30): -1, (6, 27): -5, (6, 25): -3, (6, 24): -8, (6, 22): -13, (6, 20): -14, (6, 19): -12, (6, 18): 2, (6, 17): -9, (6, 14): 8, (6, 10): 13, (6, 9): -6, (7, 44): 14, (7, 43): 10, (7, 42): -2, (7, 40): -10, (7, 38): -10, (7, 36): 1, (7, 35): 3, (7, 30): -9, (7, 25): 3, (7, 22): 6, (7, 20): 7, (7, 18): 8, (7, 17): -12, (7, 15): -8, (7, 12): -12, (7, 10): -7, (8, 44): 9, (8, 43): -6, (8, 41): 8, (8, 35): -6, (8, 33): -1, (8, 32): 4, (8, 29): 6, (8, 28): 3, (8, 25): 4, (8, 24): 13, (8, 22): -3, (8, 18): 1, (8, 16): 12, (8, 15): 4, (8, 13): 8, (8, 12): 7, (8, 10): -2, (9, 44): 11, (9, 39): 12, (9, 35): -10, (9, 32): 7, (9, 27): -2, (9, 24): 12, (9, 22): -13, (9, 21): 4, (9, 20): -4, (9, 19): -2, (9, 13): 8, (10, 44): 14, (10, 43): -12, (10, 35): 5, (10, 33): 5, (10, 32): 7, (10, 31): 11, (10, 30): 13, (10, 24): -7, (10, 23): 8, (10, 22): -13, (10, 20): 2, (10, 18): -5, (10, 15): -8, (10, 11): -7, (11, 42): -4, (11, 41): -12, (11, 38): -9, (11, 37): -5, (11, 36): -9, (11, 32): -2, (11, 23): 10, (11, 21): -2, (11, 20): 6, (11, 14): 14, (12, 42): -12, (12, 41): 4, (12, 40): -1, (12, 37): -7, (12, 36): -2, (12, 34): 9, (12, 32): 3, (12, 31): 8, (12, 30): 8, (12, 26): -6, (12, 25): -8, (12, 24): -8, (12, 23): 5, (12, 20): 5, (12, 19): -2, (12, 17): -1, (12, 13): -3, (13, 41): 6, (13, 40): 11, (13, 37): 12, (13, 33): 9, (13, 31): -3, (13, 28): 9, (13, 21): -1, (13, 20): -8, (13, 15): -9, (14, 43): 11, (14, 40): -14, (14, 38): 14, (14, 36): 6, (14, 34): -10, (14, 33): -3, (14, 32): 13, (14, 29): -4, (14, 27): 13, (14, 24): 2, (14, 22): 14, (14, 21): -1, (14, 18): -10, (15, 43): 2, (15, 42): 6, (15, 36): 4, (15, 34): 6, (15, 33): -4, (15, 32): -14, (15, 30): -6, (15, 28): -14, (15, 27): -13, (15, 23): -9, (15, 21): 2, (15, 18): 4, (15, 16): -1, (16, 41): 3, (16, 40): -3, (16, 39): -6, (16, 37): -11, (16, 33): -13, (16, 27): 13, (16, 25): -9, (16, 22): -4, (16, 17): -14, (17, 42): 2, (17, 40): -2, (17, 39): -14, (17, 37): 3, (17, 36): 7, (17, 34): 2, (17, 33): 9, (17, 28): -9, (17, 27): -8, (17, 26): 11, (17, 24): -1, (17, 22): 12, (17, 18): -7, (18, 44): 1, (18, 43): -14, (18, 42): 4, (18, 41): 8, (18, 40): -14, (18, 38): 11, (18, 36): -14, (18, 34): -13, (18, 32): 10, (18, 31): 14, (18, 27): 7, (18, 26): 8, (19, 44): -10, (19, 40): -13, (19, 39): -3, (19, 38): -11, (19, 33): 7, (19, 30): -4, (19, 27): -3, (19, 26): 5, (19, 24): -7, (19, 22): -9, (19, 21): -10, (20, 43): -6, (20, 40): 7, (20, 37): 3, (20, 35): -11, (20, 33): 5, (20, 31): -2, (20, 29): -1, (20, 26): 14, (20, 25): 2, (20, 24): 4, (20, 21): -4, (21, 44): -5, (21, 43): 9, (21, 41): 10, (21, 39): 13, (21, 38): 4, (21, 36): -7, (21, 31): -8, (21, 29): 11, (22, 41): 13, (22, 39): -13, (22, 38): 12, (22, 37): -3, (22, 34): 14, (22, 33): 4, (22, 32): 3, (22, 27): 11, (23, 37): -13, (23, 36): -12, (23, 32): 14, (23, 28): -9, (23, 24): 1, (24, 43): 7, (24, 41): 7, (24, 39): -13, (24, 38): 6, (24, 36): -10, (24, 35): -7, (24, 33): 9, (24, 31): 11, (24, 30): 11, (24, 27): 10, (24, 26): 11, (24, 25): -11, (25, 44): -9, (25, 41): 12, (25, 40): 11, (25, 39): -12, (25, 36): -12, (25, 35): -9, (25, 33): 8, (25, 31): 7, (25, 28): 9, (25, 27): 14, (26, 44): 14, (26, 43): -5, (26, 41): 11, (26, 38): 2, (26, 29): 6, (26, 28): -6, (26, 27): -2, (27, 42): 14, (27, 40): -3, (27, 39): 6, (27, 37): 7, (27, 35): 6, (27, 34): -9, (27, 33): 1, (27, 31): -4, (27, 30): -2, (28, 44): -6, (28, 42): 3, (28, 40): -2, (28, 37): -11, (28, 36): -9, (28, 33): 1, (29, 43): -4, (29, 41): -9, (29, 40): 5, (29, 38): 11, (29, 31): -3, (29, 30): -6, (30, 43): 11, (30, 37): -5, (31, 42): -12, (31, 37): 13, (31, 35): 14, (32, 44): 10, (32, 43): 11, (32, 41): -13, (32, 39): 14, (32, 37): 4, (33, 43): -3, (33, 42): -9, (33, 40): -1, (33, 39): 6, (33, 37): -6, (34, 40): -14, (34, 37): -6, (34, 36): -10, (35, 43): 5, (35, 36): -3, (36, 44): -13, (36, 42): -10, (36, 39): -2, (36, 37): -1, (37, 39): -11, (38, 44): 7, (38, 43): 1, (38, 42): 6, (38, 41): -2, (38, 40): -7, (39, 42): 5, (39, 40): -4, (40, 44): -2, (40, 42): 3, (40, 41): 6, (41, 44): -1, (41, 43): -10, (41, 42): 2, (42, 44): 6}
test1

{}
   1 44 43 41 39 34 31 29 27 20 11 10  8  4  2 42 33 32 ... 23  energy num_oc.
0 -1 -1 +1 +1 -1 -1 +1 -1 +1 -1 +1 +1 +1 -1 +1 +1 +1 +1 ... -1 -1157.0      16
1 +1 +1 -1 -1 +1 +1 -1 +1 -1 +1 -1 -1 -1 +1 -1 -1 -1 -1 ... +1 -1157.0      11
2 +1 +1 -1 -1 +1 +1 -1 +1 -1 +1 -1 -1 -1 +1 -1 -1 -1 -1 ... +1 -1157.0       9
3 -1 -1 +1 +1 -1 -1 +1 -1 +1 -1 +1 +1 +1 -1 +1 +1 +1 +1 ... -1 -1157.0      13
4 +1 -1 -1 +1 -1 -1 +1 +1 +1 -1 +1 -1 +1 -1 +1 +1 +1 +1 ... -1 -1139.0       2
5 -1 -1 -1 +1 -1 -1 +1 -1 +1 -1 +1 -1 +1 -1 +1 +1 +1 +1 ... -1 -1131.0       2
6 +1 +1 +1 -1 +1 +1 -1 +1 -1 +1 -1 +1 -1 +1 -1 -1 -1 -1 ... +1 -1131.0       1
['SPIN', 7 rows, 54 samples, 44 variables]
energies=[-1157.0, -1157.0, -1157.0, -1157.0, -1139.0, -1131.0, -1131.0]
