Sample 0:-836
Sample 1:-624
Sample 2:-486
Sample 3:-824
Sample 4:-406
Sample 5:-622
Sample 6:-276
Sample 7:-662
Sample 8:-728
Sample 9:-372
Sample 10:-782
Sample 11:-562
Sample 12:-878
Sample 13:-438
Sample 14:-838
Sample 15:-498
Sample 16:-654
Sample 17:-254
Sample 18:-594
Sample 19:-518
Sample 20:-646
Sample 21:-612
Sample 22:-710
Sample 23:-758
Sample 24:-618
Sample 25:-516
Sample 26:260
Sample 27:-776
Sample 28:-554
Sample 29:-548
Sample 30:-394
Sample 31:-722
Sample 32:-490
Sample 33:-482
Sample 34:-540
Sample 35:-464
Sample 36:-740
Sample 37:-782
Sample 38:-540
Sample 39:-758
Sample 40:-640
Sample 41:-500
Sample 42:-554
Sample 43:-392
Sample 44:-548
Sample 45:-926
Sample 46:-764
Sample 47:-320
Sample 48:-488
Sample 49:-606
Sample 50:-948
Sample 51:-814
Sample 52:-814
Sample 53:-608
Sample 54:-386
Sample 55:-410
Sample 56:-498
Sample 57:-528
Sample 58:-764
Sample 59:-660
Sample 60:-678
Sample 61:-604
Sample 62:-812
Sample 63:-702
Sample 64:-544
Sample 65:-576
Sample 66:-706
Sample 67:-738
Sample 68:-800
Sample 69:-862
Sample 70:-776
Sample 71:-338
Sample 72:-474
Sample 73:-468
Sample 74:-444
Sample 75:-614
Sample 76:-574
Sample 77:-500
Sample 78:-758
Sample 79:-806
Sample 80:-878
Sample 81:-280
Sample 82:-764
Sample 83:-516
Sample 84:-876
Sample 85:-568
Sample 86:-628
Sample 87:-530
Sample 88:-598
Sample 89:-422
Sample 90:-930
Sample 91:-616
Sample 92:-712
Sample 93:-680
Sample 94:-606
Sample 95:-914
Sample 96:-682
Sample 97:-730
Sample 98:-618
Sample 99:-556
Best Ham: -948
Sucess Probability: 99
Ham Average: -612.88
