Sample 0:-15
Sample 1:-61
Sample 2:-91
Sample 3:-35
Sample 4:-53
Sample 5:-89
Sample 6:-57
Sample 7:-129
Sample 8:-41
Sample 9:-101
Sample 10:-23
Sample 11:-141
Sample 12:-99
Sample 13:-59
Sample 14:-5
Sample 15:-83
Sample 16:-57
Sample 17:-53
Sample 18:1
Sample 19:-83
Sample 20:43
Sample 21:-57
Sample 22:-93
Sample 23:-77
Sample 24:-87
Sample 25:1
Sample 26:-95
Sample 27:-95
Sample 28:-101
Sample 29:-47
Sample 30:-115
Sample 31:-57
Sample 32:-101
Sample 33:-39
Sample 34:-59
Sample 35:-103
Sample 36:-65
Sample 37:-79
Sample 38:-87
Sample 39:-73
Sample 40:-79
Sample 41:-71
Sample 42:-61
Sample 43:-87
Sample 44:-91
Sample 45:-101
Sample 46:-123
Sample 47:13
Sample 48:-129
Sample 49:-39
Sample 50:-31
Sample 51:-53
Sample 52:-129
Sample 53:-109
Sample 54:-91
Sample 55:-41
Sample 56:-87
Sample 57:-25
Sample 58:-89
Sample 59:-101
Sample 60:-129
Sample 61:-71
Sample 62:-101
Sample 63:-71
Sample 64:-79
Sample 65:-107
Sample 66:-31
Sample 67:-41
Sample 68:-65
Sample 69:-45
Sample 70:-69
Sample 71:-99
Sample 72:-31
Sample 73:-129
Sample 74:-63
Sample 75:-73
Sample 76:-123
Sample 77:-101
Sample 78:9
Sample 79:-61
Sample 80:-57
Sample 81:-91
Sample 82:-69
Sample 83:-99
Sample 84:-15
Sample 85:-141
Sample 86:-89
Sample 87:-47
Sample 88:-61
Sample 89:-85
Sample 90:-113
Sample 91:-37
Sample 92:-125
Sample 93:-129
Sample 94:-101
Sample 95:-121
Sample 96:-31
Sample 97:-59
Sample 98:-129
Sample 99:-107
Best Ham: -141
Sucess Probability: 0
Ham Average: -73.7
