[[1 0 0 ... 0 0 7]
 [1 0 0 ... 0 7 0]
 [1 0 0 ... 7 0 0]
 ...
 [1 6 7 ... 0 0 0]
 [1 7 6 ... 0 0 0]
 [7 1 1 ... 1 1 1]]
6
test

{(1, 12): 14, (1, 11): -5, (1, 10): 10, (1, 9): -1, (1, 8): -7, (1, 7): 9, (1, 6): -11, (1, 5): 7, (1, 4): 1, (1, 3): 8, (1, 2): -12, (2, 11): 14, (2, 10): -12, (2, 9): -2, (2, 7): 1, (2, 5): 4, (2, 4): -1, (2, 3): 13, (3, 12): -10, (3, 10): 1, (3, 6): -9, (3, 5): 7, (3, 4): -1, (4, 12): 9, (4, 11): -11, (4, 8): 8, (5, 12): 9, (5, 11): 12, (5, 10): -14, (5, 9): 6, (5, 8): -1, (5, 6): -4, (6, 12): -7, (6, 11): 11, (6, 10): 9, (6, 7): -10, (7, 12): 6, (7, 11): -10, (7, 10): 9, (7, 9): -9, (8, 9): -10, (9, 11): 6, (9, 10): -10, (10, 12): -6, (10, 11): -10, (11, 12): 8}
test1

{}
   1 12 11 10  9  8  7  6  5  4  3  2 energy num_oc.
0 -1 +1 -1 -1 +1 +1 +1 +1 -1 -1 +1 -1 -141.0      12
1 +1 -1 +1 +1 -1 -1 -1 -1 +1 +1 -1 +1 -141.0       4
2 -1 +1 +1 -1 -1 -1 +1 +1 -1 +1 +1 -1 -141.0       3
3 +1 -1 -1 +1 +1 +1 -1 -1 +1 -1 -1 +1 -141.0      15
4 +1 -1 -1 -1 +1 +1 +1 +1 +1 -1 -1 +1 -129.0       9
5 -1 +1 +1 +1 -1 -1 -1 -1 -1 +1 +1 -1 -129.0      10
['SPIN', 6 rows, 53 samples, 12 variables]
energies=[-141.0, -141.0, -141.0, -141.0, -129.0, -129.0]
