[[1 0 0 ... 0 0 7]
 [1 0 0 ... 0 7 0]
 [1 0 0 ... 7 0 0]
 ...
 [1 7 7 ... 0 0 0]
 [1 7 6 ... 0 0 0]
 [7 1 1 ... 1 1 1]]
6
test

{(1, 29): -2, (1, 26): 10, (1, 24): -12, (1, 22): 5, (1, 21): -13, (1, 17): -5, (1, 14): 11, (1, 13): 8, (1, 12): -10, (1, 11): -12, (1, 10): -12, (1, 8): 14, (1, 7): 8, (1, 6): -3, (1, 4): -2, (1, 3): -6, (1, 2): -13, (2, 28): -14, (2, 26): -7, (2, 25): 12, (2, 24): 7, (2, 23): 6, (2, 22): 5, (2, 20): 8, (2, 18): -7, (2, 17): -11, (2, 16): 7, (2, 15): 14, (2, 13): -11, (2, 12): -6, (2, 11): 5, (2, 10): -9, (2, 9): -13, (2, 8): -7, (2, 7): -10, (2, 6): -3, (2, 5): 8, (2, 4): -4, (2, 3): 1, (3, 29): 13, (3, 26): 8, (3, 25): -14, (3, 24): 14, (3, 22): -12, (3, 21): -1, (3, 20): 6, (3, 19): -12, (3, 18): 1, (3, 16): 13, (3, 15): -3, (3, 14): 11, (3, 13): 1, (3, 12): -10, (3, 11): -13, (3, 9): -13, (3, 7): -10, (3, 6): -9, (3, 4): 8, (4, 29): -14, (4, 28): -14, (4, 27): -13, (4, 26): -4, (4, 25): 9, (4, 24): -10, (4, 23): -5, (4, 20): -11, (4, 19): 9, (4, 18): -10, (4, 17): 8, (4, 16): 4, (4, 15): 9, (4, 13): 9, (4, 11): -6, (4, 9): -10, (4, 8): 3, (4, 5): 8, (5, 29): 3, (5, 28): 9, (5, 26): -2, (5, 22): -10, (5, 21): 13, (5, 20): 8, (5, 19): -7, (5, 18): -6, (5, 16): 3, (5, 15): -2, (5, 13): 11, (5, 12): -6, (5, 11): 9, (5, 9): -9, (5, 8): 6, (5, 7): 3, (6, 29): -14, (6, 28): -5, (6, 26): -3, (6, 24): -12, (6, 23): 13, (6, 22): -8, (6, 21): -3, (6, 20): 3, (6, 19): 6, (6, 18): 6, (6, 17): 11, (6, 16): 9, (6, 15): 2, (6, 10): -4, (7, 29): -7, (7, 28): -14, (7, 27): 5, (7, 25): 6, (7, 24): 14, (7, 23): 6, (7, 22): -10, (7, 20): 2, (7, 18): -4, (7, 13): -12, (7, 12): 6, (7, 11): -1, (7, 10): 12, (7, 8): 3, (8, 28): -6, (8, 27): -7, (8, 26): -5, (8, 25): 7, (8, 24): -4, (8, 23): 5, (8, 22): -2, (8, 21): -3, (8, 20): 7, (8, 19): -12, (8, 18): 14, (8, 17): 13, (8, 16): -4, (8, 15): 2, (8, 14): 7, (8, 12): -9, (8, 11): -9, (8, 10): -14, (8, 9): -2, (9, 29): -13, (9, 28): 11, (9, 27): -3, (9, 26): -3, (9, 23): -2, (9, 22): 4, (9, 19): -10, (9, 18): -12, (9, 17): 14, (9, 16): -4, (9, 14): 12, (9, 13): 10, (9, 12): 6, (9, 11): -6, (9, 10): 7, (10, 29): 6, (10, 28): 2, (10, 26): 13, (10, 25): -13, (10, 24): 5, (10, 23): 4, (10, 22): -4, (10, 20): 4, (10, 19): -14, (10, 18): -10, (10, 16): -2, (10, 14): 11, (10, 12): 5, (10, 11): -1, (11, 29): 5, (11, 28): 12, (11, 27): 2, (11, 26): -5, (11, 25): -4, (11, 24): 9, (11, 23): 9, (11, 21): -8, (11, 20): 13, (11, 19): 13, (11, 18): -14, (11, 15): 9, (11, 14): -11, (11, 13): -11, (11, 12): 3, (12, 29): 11, (12, 28): -6, (12, 26): -6, (12, 25): 6, (12, 23): -3, (12, 22): -10, (12, 17): 8, (12, 16): -6, (12, 15): 4, (12, 13): -7, (13, 29): 5, (13, 27): -1, (13, 26): -14, (13, 25): 7, (13, 24): 3, (13, 23): -10, (13, 22): 6, (13, 20): -5, (13, 16): 10, (13, 15): 8, (14, 29): -13, (14, 28): -7, (14, 27): 7, (14, 26): 6, (14, 25): -2, (14, 21): -1, (14, 20): 13, (14, 18): 11, (15, 29): 1, (15, 27): -12, (15, 25): 5, (15, 24): -11, (15, 23): -12, (15, 22): -13, (15, 21): -13, (15, 20): -12, (15, 19): 1, (15, 18): -7, (15, 16): -8, (16, 29): 6, (16, 28): -7, (16, 27): -3, (16, 26): -12, (16, 24): 14, (16, 21): 4, (16, 20): -12, (16, 19): 4, (16, 17): -8, (17, 29): 11, (17, 28): -13, (17, 26): 11, (17, 24): -13, (17, 23): 1, (17, 21): 9, (17, 20): -11, (17, 19): 3, (17, 18): -2, (18, 29): -8, (18, 28): 13, (18, 27): -13, (18, 26): -14, (18, 25): 4, (18, 23): -8, (18, 21): 5, (18, 20): 6, (18, 19): -5, (19, 28): -2, (19, 27): -6, (19, 25): -13, (19, 21): -8, (19, 20): 5, (20, 29): -5, (20, 28): -3, (20, 26): -4, (20, 25): 4, (20, 24): 9, (20, 22): -1, (21, 29): -2, (21, 28): -10, (21, 27): 5, (21, 26): 7, (21, 23): 1, (21, 22): -5, (22, 29): -3, (22, 28): -14, (22, 27): -10, (22, 25): 7, (22, 24): 1, (22, 23): 13, (23, 29): 11, (23, 28): 14, (23, 27): 14, (23, 26): 11, (24, 29): -2, (24, 27): 10, (25, 28): 12, (25, 26): 7, (26, 29): -5, (26, 28): 1, (26, 27): -4, (27, 29): -6}
test1

{}
   1 29 26 24 22 21 17 14 13 12 11 10  8  7  6  4  3  2 ... 27 energy num_oc.
0 -1 -1 -1 +1 -1 -1 +1 +1 -1 -1 -1 -1 -1 -1 -1 -1 -1 -1 ... -1 -776.0      21
1 +1 +1 +1 -1 +1 +1 -1 -1 +1 +1 +1 +1 +1 +1 +1 +1 +1 +1 ... +1 -776.0      23
2 -1 +1 +1 -1 +1 +1 -1 +1 +1 +1 +1 -1 +1 +1 +1 +1 +1 +1 ... +1 -738.0       4
3 +1 -1 -1 +1 -1 -1 +1 -1 -1 -1 -1 +1 -1 -1 -1 -1 -1 -1 ... -1 -738.0       2
4 -1 +1 +1 -1 +1 +1 -1 +1 +1 +1 +1 -1 +1 +1 +1 +1 -1 +1 ... +1 -724.0       2
5 +1 -1 -1 +1 -1 -1 +1 -1 -1 -1 -1 +1 -1 -1 -1 -1 +1 -1 ... -1 -724.0       3
['SPIN', 6 rows, 55 samples, 29 variables]
energies=[-776.0, -776.0, -738.0, -738.0, -724.0, -724.0]
