[[1 0 0 ... 0 0 7]
 [1 0 0 ... 0 7 0]
 [1 0 0 ... 7 0 0]
 ...
 [1 0 7 ... 0 0 0]
 [1 7 0 ... 0 0 0]
 [7 1 1 ... 1 1 1]]
0
test

{(1, 14): -14, (1, 11): 6, (1, 10): 9, (1, 8): 5, (1, 7): -10, (1, 6): -10, (1, 4): -5, (1, 3): 10, (2, 13): 10, (2, 12): -11, (2, 11): 2, (2, 10): 3, (2, 9): -7, (2, 8): -8, (2, 7): 9, (2, 6): -13, (2, 5): -5, (2, 4): -11, (2, 3): 14, (3, 14): 12, (3, 13): 8, (3, 12): 13, (3, 10): 7, (3, 8): -13, (3, 7): -6, (3, 6): -12, (3, 5): -6, (3, 4): 6, (4, 14): -12, (4, 13): -1, (4, 10): -2, (4, 7): -2, (4, 5): -4, (5, 14): 13, (5, 10): 14, (5, 9): 11, (6, 14): -5, (6, 12): -1, (6, 8): -13, (7, 13): 8, (7, 11): 3, (7, 9): 9, (7, 8): -10, (8, 14): -14, (8, 11): -4, (9, 13): 8, (9, 11): -3, (9, 10): 11, (10, 14): -6, (10, 13): -5, (10, 11): 8, (11, 14): -8, (11, 13): 2, (11, 12): 6, (13, 14): -13}
test1

{}
   1 14 11 10  8  7  6  4  3  2 13 12  9  5 energy num_oc.
0 +1 +1 -1 +1 +1 +1 +1 +1 -1 +1 +1 +1 -1 -1 -213.0      16
1 -1 -1 +1 -1 -1 -1 -1 -1 +1 -1 -1 -1 +1 +1 -213.0       9
2 -1 -1 +1 -1 -1 +1 -1 -1 +1 -1 -1 -1 -1 +1 -201.0      13
3 +1 +1 -1 +1 +1 -1 +1 +1 -1 +1 +1 +1 +1 -1 -201.0      14
4 -1 -1 +1 -1 +1 -1 +1 -1 +1 +1 -1 -1 +1 +1 -193.0       2
['SPIN', 5 rows, 54 samples, 14 variables]
energies=[-213.0, -213.0, -201.0, -201.0, -193.0]
