[[1 0 0 ... 0 0 7]
 [1 0 0 ... 0 7 0]
 [1 0 0 ... 7 0 0]
 ...
 [1 0 7 ... 0 0 0]
 [1 7 0 ... 0 0 0]
 [7 1 1 ... 1 1 1]]
0
test

{(1, 44): -8, (1, 41): -10, (1, 39): -5, (1, 37): -10, (1, 31): 6, (1, 28): -12, (1, 25): -12, (1, 23): -5, (1, 18): 4, (1, 17): -6, (1, 16): -10, (1, 8): -12, (1, 3): -7, (2, 36): 7, (2, 34): -3, (2, 29): 10, (2, 25): -3, (2, 5): -1, (3, 44): 7, (3, 41): 11, (3, 40): 7, (3, 32): -12, (3, 20): -2, (3, 14): -4, (3, 13): 14, (3, 11): 9, (3, 7): -13, (3, 6): -12, (4, 44): 10, (4, 43): -9, (4, 41): -8, (4, 39): 14, (4, 36): -6, (4, 34): 7, (4, 22): 3, (4, 20): 12, (4, 19): 1, (4, 11): -10, (4, 10): 2, (4, 8): -10, (4, 6): 4, (5, 43): 3, (5, 41): -9, (5, 37): 1, (5, 36): 9, (5, 33): -1, (5, 32): 5, (5, 24): -3, (5, 21): 6, (5, 15): -12, (5, 13): -11, (5, 11): -9, (5, 10): 3, (5, 9): -5, (6, 43): 10, (6, 41): 10, (6, 40): 14, (6, 36): 3, (6, 32): -7, (6, 30): -8, (6, 28): -6, (6, 27): 6, (6, 21): -12, (6, 20): -6, (6, 19): 2, (6, 18): 5, (6, 16): 13, (6, 14): -6, (6, 12): 2, (7, 35): 12, (7, 34): 11, (7, 30): 13, (7, 26): -9, (7, 21): 13, (7, 19): 8, (7, 18): -5, (7, 14): 14, (7, 10): -13, (8, 41): -14, (8, 40): 12, (8, 37): -3, (8, 36): -8, (8, 35): 3, (8, 32): -6, (8, 26): -6, (8, 16): 8, (8, 15): -12, (8, 14): 12, (8, 11): -11, (8, 9): 1, (9, 44): -14, (9, 41): 7, (9, 38): -10, (9, 13): 6, (9, 10): -14, (10, 40): -1, (10, 38): -13, (10, 35): -1, (10, 33): 6, (10, 32): 10, (10, 29): 4, (10, 24): -8, (10, 21): -7, (10, 19): -11, (10, 18): 1, (10, 17): 5, (10, 11): -13, (11, 44): 11, (11, 42): -2, (11, 40): -11, (11, 38): 4, (11, 33): 13, (11, 20): -8, (11, 19): -13, (11, 16): -4, (11, 13): 2, (11, 12): -4, (12, 41): 13, (12, 39): -1, (12, 30): 4, (12, 29): 13, (12, 27): -3, (12, 26): -10, (12, 13): 1, (13, 43): 9, (13, 39): 1, (13, 38): 14, (13, 36): -1, (13, 35): -6, (13, 32): 8, (13, 31): -4, (13, 30): -5, (13, 27): -11, (13, 26): 6, (13, 19): 2, (13, 15): 9, (14, 44): -1, (14, 41): -8, (14, 40): 10, (14, 36): -10, (14, 32): 9, (14, 24): 7, (14, 23): -8, (14, 18): -12, (14, 16): 14, (14, 15): -12, (15, 44): -9, (15, 43): 8, (15, 41): 3, (15, 40): 9, (15, 38): -11, (15, 29): -14, (15, 28): -13, (15, 26): -6, (15, 22): 11, (15, 20): 1, (15, 18): 8, (15, 16): -7, (16, 37): -9, (16, 33): 2, (16, 32): 11, (16, 30): 6, (16, 23): -6, (17, 42): 9, (17, 41): -10, (17, 40): 8, (17, 37): 11, (17, 36): -5, (17, 35): 7, (17, 34): 11, (17, 32): -7, (17, 29): 14, (17, 28): 6, (18, 40): -8, (18, 39): -4, (18, 33): 9, (18, 32): -12, (18, 28): 3, (18, 26): 1, (18, 24): 12, (18, 19): -4, (19, 44): -11, (19, 43): 3, (19, 42): 2, (19, 38): -12, (19, 36): 1, (19, 33): 6, (19, 31): 2, (19, 29): -12, (19, 25): 9, (19, 24): -1, (20, 42): -4, (20, 40): 4, (20, 39): -4, (20, 37): 4, (20, 36): 5, (20, 25): 7, (20, 24): 9, (21, 43): 5, (21, 42): 12, (21, 41): -13, (21, 38): 14, (21, 34): -4, (21, 32): -12, (21, 28): 6, (21, 27): -2, (21, 26): 11, (21, 25): 7, (21, 22): -4, (22, 44): -12, (22, 33): 6, (22, 31): -8, (22, 30): 14, (22, 29): -5, (22, 27): -13, (23, 41): 10, (23, 40): -4, (23, 31): 10, (23, 28): -10, (23, 25): 13, (24, 42): 5, (24, 33): 9, (24, 28): 7, (24, 26): -4, (25, 40): -11, (25, 36): 12, (25, 34): -1, (25, 32): -9, (26, 44): 1, (26, 42): -2, (26, 38): -6, (26, 28): -6, (27, 41): -6, (27, 33): -4, (27, 32): -4, (27, 28): 9, (28, 40): 13, (28, 39): -10, (28, 36): 3, (28, 33): 10, (28, 32): -5, (28, 31): 4, (29, 44): -11, (29, 43): 10, (29, 40): -1, (29, 38): 8, (29, 37): 2, (29, 36): 9, (29, 34): 14, (29, 33): 6, (29, 32): -8, (29, 31): 1, (30, 44): 1, (30, 39): -10, (30, 35): -13, (31, 43): 13, (31, 36): 11, (31, 34): -7, (31, 33): 12, (32, 44): -2, (32, 43): 6, (32, 42): -6, (32, 41): -11, (32, 40): 2, (32, 39): -5, (32, 37): -6, (32, 36): -13, (32, 33): 10, (33, 39): -13, (33, 36): 1, (34, 43): -9, (34, 40): -2, (34, 38): -10, (34, 37): -1, (34, 36): 13, (34, 35): 4, (36, 43): -6, (36, 42): -7, (36, 39): 13, (36, 37): 5, (37, 44): 1, (37, 39): 4, (38, 42): 10, (39, 40): 10}
test1

{}
   1 44 41 39 37 31 28 25 23 18 17 16  8  3  2 36 34 29 ... 42 energy num_oc.
0 +1 +1 -1 +1 +1 +1 +1 +1 -1 -1 -1 +1 +1 +1 +1 -1 +1 +1 ... +1 -896.0      16
1 -1 -1 +1 -1 -1 -1 -1 -1 +1 +1 +1 -1 -1 -1 -1 +1 -1 -1 ... -1 -896.0      18
2 +1 +1 +1 +1 -1 -1 +1 -1 +1 +1 +1 -1 +1 +1 -1 +1 -1 +1 ... +1 -894.0       5
3 +1 +1 +1 +1 -1 -1 +1 -1 +1 -1 +1 -1 +1 +1 -1 +1 -1 +1 ... +1 -894.0       2
4 -1 -1 -1 -1 +1 +1 -1 +1 -1 +1 -1 +1 -1 -1 +1 -1 +1 -1 ... -1 -894.0      13
5 -1 -1 -1 +1 -1 -1 +1 -1 +1 +1 -1 -1 -1 +1 -1 +1 -1 +1 ... +1 -870.0       1
['SPIN', 6 rows, 55 samples, 44 variables]
energies=[-896.0, -896.0, -894.0, -894.0, -894.0, -870.0]
