Sample 0:-221
Sample 1:-221
Sample 2:-221
Sample 3:-189
Sample 4:-221
Sample 5:-223
Sample 6:-209
Sample 7:-209
Sample 8:-255
Sample 9:-223
Sample 10:-223
Sample 11:-223
Sample 12:-221
Sample 13:-223
Sample 14:-221
Sample 15:-221
Sample 16:-221
Sample 17:-11
Sample 18:-255
Sample 19:-221
Sample 20:-221
Sample 21:-221
Sample 22:-223
Sample 23:-257
Sample 24:-221
Sample 25:-223
Sample 26:-221
Sample 27:-223
Sample 28:-253
Sample 29:-221
Sample 30:-221
Sample 31:-223
Sample 32:-223
Sample 33:-223
Sample 34:-223
Sample 35:-223
Sample 36:-221
Sample 37:-191
Sample 38:-221
Sample 39:-221
Sample 40:-247
Sample 41:-209
Sample 42:-209
Sample 43:-221
Sample 44:-223
Sample 45:71
Sample 46:-257
Sample 47:-221
Sample 48:-223
Sample 49:-221
Sample 50:-223
Sample 51:-221
Sample 52:-253
Sample 53:-209
Sample 54:-257
Sample 55:-223
Sample 56:-209
Sample 57:-221
Sample 58:-205
Sample 59:-221
Sample 60:-223
Sample 61:-221
Sample 62:-221
Sample 63:-221
Sample 64:-221
Sample 65:-221
Sample 66:-221
Sample 67:-247
Sample 68:-221
Sample 69:-221
Sample 70:-207
Sample 71:-223
Sample 72:-221
Sample 73:-223
Sample 74:-223
Sample 75:-221
Sample 76:-221
Sample 77:-221
Sample 78:-223
Sample 79:-221
Sample 80:-223
Sample 81:-221
Sample 82:-221
Sample 83:-221
Sample 84:-223
Sample 85:-223
Sample 86:-221
Sample 87:-209
Sample 88:-221
Sample 89:-223
Sample 90:-207
Sample 91:-191
Sample 92:-247
Sample 93:-221
Sample 94:-247
Sample 95:-221
Sample 96:-189
Sample 97:-251
Sample 98:-247
Sample 99:-221
Best Ham: -257
Sucess Probability: 98
Ham Average: -217.98
