[[1 0 0 ... 0 0 7]
 [1 0 0 ... 0 7 0]
 [1 0 0 ... 7 0 0]
 ...
 [1 0 7 ... 0 0 0]
 [1 7 0 ... 0 0 0]
 [7 1 1 ... 1 1 1]]
0
test

{(1, 17): 5, (1, 15): -5, (1, 14): 14, (1, 13): -13, (1, 9): -3, (1, 8): 11, (1, 7): 11, (1, 6): -12, (1, 3): 4, (2, 17): 13, (2, 16): 9, (2, 14): -4, (2, 11): -14, (2, 10): -3, (2, 8): 1, (2, 7): -13, (2, 4): -9, (2, 3): 6, (3, 16): -4, (3, 14): -7, (3, 13): 8, (3, 12): 9, (3, 7): -1, (3, 5): 2, (3, 4): -2, (4, 17): -6, (4, 15): -11, (4, 14): 13, (4, 13): 8, (4, 11): 7, (4, 10): 8, (4, 9): -2, (4, 7): -11, (4, 6): -5, (4, 5): -8, (5, 14): 5, (5, 13): -3, (5, 11): 7, (5, 9): -3, (5, 8): 4, (5, 7): 6, (5, 6): -5, (6, 16): -9, (6, 15): 14, (6, 14): -5, (6, 13): -2, (6, 11): -1, (6, 8): -9, (7, 17): 4, (7, 15): -4, (7, 13): 1, (7, 12): 9, (7, 11): 14, (8, 17): 8, (8, 16): -3, (8, 14): -14, (8, 13): -3, (8, 9): 5, (9, 17): -7, (9, 15): -8, (9, 14): 4, (9, 13): 5, (9, 12): 11, (9, 11): 7, (9, 10): -6, (10, 17): -8, (10, 16): -5, (10, 14): 12, (10, 13): 3, (10, 11): 8, (11, 17): -14, (11, 16): 2, (11, 14): -6, (11, 13): -4, (11, 12): -7, (12, 17): 3, (12, 14): 3, (12, 13): 10, (13, 16): 14, (13, 15): 12, (13, 14): -7, (16, 17): -6}
test1

{}
   1 17 15 14 13  9  8  7  6  3  2 16 11 10  4 12  5 energy num_oc.
0 -1 +1 +1 -1 -1 +1 -1 +1 -1 +1 -1 +1 -1 +1 +1 -1 +1 -296.0      16
1 +1 -1 -1 +1 +1 -1 +1 -1 +1 -1 +1 -1 +1 -1 -1 +1 -1 -296.0      14
2 +1 +1 +1 -1 -1 +1 -1 +1 +1 +1 -1 +1 -1 +1 +1 -1 +1 -272.0       1
3 -1 +1 -1 +1 -1 -1 +1 -1 +1 +1 -1 +1 +1 -1 -1 +1 -1 -244.0      11
4 +1 -1 +1 -1 +1 +1 -1 +1 -1 -1 +1 -1 -1 +1 +1 -1 +1 -244.0      12
['SPIN', 5 rows, 54 samples, 17 variables]
energies=[-296.0, -296.0, -272.0, -244.0, -244.0]
