Sample 0:-144
Sample 1:-372
Sample 2:-346
Sample 3:-272
Sample 4:-288
Sample 5:-390
Sample 6:-144
Sample 7:-256
Sample 8:-390
Sample 9:-236
Sample 10:-346
Sample 11:-346
Sample 12:-372
Sample 13:-346
Sample 14:-236
Sample 15:-252
Sample 16:-94
Sample 17:-346
Sample 18:-372
Sample 19:-272
Sample 20:-448
Sample 21:-272
Sample 22:-252
Sample 23:-550
Sample 24:-372
Sample 25:-372
Sample 26:-372
Sample 27:-372
Sample 28:-382
Sample 29:-372
Sample 30:-346
Sample 31:174
Sample 32:-244
Sample 33:-390
Sample 34:-272
Sample 35:-372
Sample 36:-372
Sample 37:-346
Sample 38:-346
Sample 39:-346
Sample 40:-244
Sample 41:-390
Sample 42:-292
Sample 43:-272
Sample 44:-346
Sample 45:-372
Sample 46:-288
Sample 47:-372
Sample 48:-346
Sample 49:-292
Sample 50:-346
Sample 51:-252
Sample 52:-382
Sample 53:-448
Sample 54:-390
Sample 55:-346
Sample 56:-288
Sample 57:-382
Sample 58:-346
Sample 59:-252
Sample 60:-372
Sample 61:-144
Sample 62:-244
Sample 63:-382
Sample 64:-144
Sample 65:-346
Sample 66:-346
Sample 67:-346
Sample 68:-372
Sample 69:-480
Sample 70:-288
Sample 71:-536
Sample 72:-252
Sample 73:-272
Sample 74:-372
Sample 75:-372
Sample 76:-372
Sample 77:-346
Sample 78:-346
Sample 79:-372
Sample 80:-372
Sample 81:-346
Sample 82:-372
Sample 83:-244
Sample 84:-272
Sample 85:-272
Sample 86:-244
Sample 87:-252
Sample 88:-252
Sample 89:-144
Sample 90:-244
Sample 91:-292
Sample 92:-372
Sample 93:-252
Sample 94:-252
Sample 95:-244
Sample 96:-266
Sample 97:-372
Sample 98:-372
Sample 99:-390
Best Ham: -550
Sucess Probability: 93
Ham Average: -316.2
