Sample 0:-383
Sample 1:-383
Sample 2:-493
Sample 3:-383
Sample 4:-747
Sample 5:-747
Sample 6:-747
Sample 7:-747
Sample 8:-747
Sample 9:-747
Sample 10:-747
Sample 11:-747
Sample 12:-747
Sample 13:-747
Sample 14:39
Sample 15:-747
Sample 16:-747
Sample 17:-747
Sample 18:-747
Sample 19:-747
Sample 20:-747
Sample 21:-747
Sample 22:-747
Sample 23:-747
Sample 24:-747
Sample 25:-747
Sample 26:-747
Sample 27:-747
Sample 28:-747
Sample 29:-747
Sample 30:-747
Sample 31:-747
Sample 32:-747
Sample 33:-747
Sample 34:-747
Sample 35:-747
Sample 36:-747
Sample 37:-747
Sample 38:-747
Sample 39:-747
Sample 40:-747
Sample 41:-747
Sample 42:-747
Sample 43:-747
Sample 44:-747
Sample 45:-747
Sample 46:-747
Sample 47:-747
Sample 48:-747
Sample 49:-747
Sample 50:-747
Sample 51:-747
Sample 52:-747
Sample 53:-747
Sample 54:-747
Sample 55:-747
Sample 56:-747
Sample 57:-747
Sample 58:-747
Sample 59:-747
Sample 60:-747
Sample 61:-747
Sample 62:-747
Sample 63:-747
Sample 64:-747
Sample 65:-747
Sample 66:-747
Sample 67:-747
Sample 68:-747
Sample 69:-747
Sample 70:-747
Sample 71:-747
Sample 72:-747
Sample 73:-747
Sample 74:-723
Sample 75:-723
Sample 76:-723
Sample 77:-723
Sample 78:-723
Sample 79:-723
Sample 80:-723
Sample 81:-723
Sample 82:-723
Sample 83:-723
Sample 84:-723
Sample 85:-723
Sample 86:-723
Sample 87:-723
Sample 88:-723
Sample 89:-723
Sample 90:-723
Sample 91:-723
Sample 92:-723
Sample 93:-723
Sample 94:-723
Sample 95:-723
Sample 96:-723
Sample 97:-723
Sample 98:-723
Sample 99:-723
Best Ham: -747
Sucess Probability: 99
Ham Average: -719.44
