Sample 0:-199
Sample 1:-123
Sample 2:-227
Sample 3:-239
Sample 4:-179
Sample 5:-227
Sample 6:-211
Sample 7:-199
Sample 8:-181
Sample 9:-153
Sample 10:-187
Sample 11:-203
Sample 12:-187
Sample 13:-165
Sample 14:-213
Sample 15:-227
Sample 16:-199
Sample 17:-195
Sample 18:-209
Sample 19:-99
Sample 20:-187
Sample 21:-157
Sample 22:-99
Sample 23:-197
Sample 24:-109
Sample 25:-187
Sample 26:-197
Sample 27:-99
Sample 28:-153
Sample 29:-227
Sample 30:-49
Sample 31:-237
Sample 32:-137
Sample 33:-139
Sample 34:-153
Sample 35:-199
Sample 36:-179
Sample 37:-165
Sample 38:-141
Sample 39:-173
Sample 40:-189
Sample 41:-227
Sample 42:-179
Sample 43:-169
Sample 44:-169
Sample 45:-89
Sample 46:-195
Sample 47:-163
Sample 48:-201
Sample 49:-153
Sample 50:-199
Sample 51:1
Sample 52:-177
Sample 53:-225
Sample 54:-153
Sample 55:-135
Sample 56:-159
Sample 57:-209
Sample 58:-99
Sample 59:-261
Sample 60:-21
Sample 61:-129
Sample 62:-207
Sample 63:-175
Sample 64:-209
Sample 65:-127
Sample 66:-169
Sample 67:-135
Sample 68:-201
Sample 69:-153
Sample 70:-209
Sample 71:-197
Sample 72:-169
Sample 73:-227
Sample 74:-187
Sample 75:-227
Sample 76:-165
Sample 77:-159
Sample 78:-209
Sample 79:-99
Sample 80:-227
Sample 81:-203
Sample 82:-129
Sample 83:-199
Sample 84:-205
Sample 85:-209
Sample 86:-99
Sample 87:-129
Sample 88:-41
Sample 89:-183
Sample 90:-139
Sample 91:-237
Sample 92:-183
Sample 93:-29
Sample 94:-143
Sample 95:-179
Sample 96:-165
Sample 97:-147
Sample 98:-153
Sample 99:-203
Best Ham: -261
Sucess Probability: 74
Ham Average: -169.32
