Sample 0:-923
Sample 1:-699
Sample 2:-657
Sample 3:-727
Sample 4:-1031
Sample 5:-471
Sample 6:-689
Sample 7:-605
Sample 8:-847
Sample 9:-531
Sample 10:-431
Sample 11:-691
Sample 12:-857
Sample 13:-487
Sample 14:-709
Sample 15:-759
Sample 16:-779
Sample 17:-719
Sample 18:-755
Sample 19:-627
Sample 20:-611
Sample 21:-731
Sample 22:-837
Sample 23:-683
Sample 24:-553
Sample 25:-851
Sample 26:-617
Sample 27:-573
Sample 28:-735
Sample 29:-521
Sample 30:-755
Sample 31:-119
Sample 32:-783
Sample 33:-783
Sample 34:-743
Sample 35:-635
Sample 36:-715
Sample 37:-465
Sample 38:-845
Sample 39:-733
Sample 40:-629
Sample 41:-691
Sample 42:-11
Sample 43:-347
Sample 44:-785
Sample 45:-689
Sample 46:-813
Sample 47:-781
Sample 48:-615
Sample 49:-611
Sample 50:-863
Sample 51:-999
Sample 52:-791
Sample 53:-971
Sample 54:-593
Sample 55:-719
Sample 56:-645
Sample 57:-811
Sample 58:-783
Sample 59:-695
Sample 60:-793
Sample 61:-471
Sample 62:-827
Sample 63:-689
Sample 64:-657
Sample 65:-811
Sample 66:-675
Sample 67:-883
Sample 68:-863
Sample 69:-775
Sample 70:-769
Sample 71:-757
Sample 72:-945
Sample 73:-667
Sample 74:-593
Sample 75:-765
Sample 76:-695
Sample 77:-627
Sample 78:-683
Sample 79:-585
Sample 80:-923
Sample 81:-869
Sample 82:-861
Sample 83:-863
Sample 84:-765
Sample 85:-897
Sample 86:-713
Sample 87:-773
Sample 88:-553
Sample 89:-487
Sample 90:-663
Sample 91:-565
Sample 92:-827
Sample 93:167
Sample 94:-867
Sample 95:-861
Sample 96:-615
Sample 97:-941
Sample 98:-1003
Sample 99:-763
Best Ham: -1031
Sucess Probability: 97
Ham Average: -702.96
