Sample 0:-1206
Sample 1:-1206
Sample 2:-1206
Sample 3:-1206
Sample 4:-1206
Sample 5:-1206
Sample 6:-1206
Sample 7:-1206
Sample 8:-1206
Sample 9:-1206
Sample 10:-1206
Sample 11:-1206
Sample 12:-1206
Sample 13:-1206
Sample 14:-1206
Sample 15:-1206
Sample 16:-1206
Sample 17:-1206
Sample 18:-1206
Sample 19:-1206
Sample 20:-1206
Sample 21:-1206
Sample 22:-1206
Sample 23:-1206
Sample 24:-1206
Sample 25:-1206
Sample 26:-1206
Sample 27:-1206
Sample 28:-1206
Sample 29:-1206
Sample 30:-1206
Sample 31:-1206
Sample 32:-1206
Sample 33:-1206
Sample 34:-1206
Sample 35:-1206
Sample 36:-1206
Sample 37:-1206
Sample 38:-1206
Sample 39:-1206
Sample 40:-1206
Sample 41:-1206
Sample 42:-1206
Sample 43:-1206
Sample 44:-1206
Sample 45:-1206
Sample 46:-1206
Sample 47:-1206
Sample 48:-1206
Sample 49:-1206
Sample 50:-1206
Sample 51:-1206
Sample 52:-1206
Sample 53:-1206
Sample 54:-1206
Sample 55:-1206
Sample 56:-1206
Sample 57:-1206
Sample 58:-1206
Sample 59:-1206
Sample 60:-1206
Sample 61:-1206
Sample 62:316
Sample 63:-1206
Sample 64:-1206
Sample 65:-1206
Sample 66:-1206
Sample 67:-1206
Sample 68:-1206
Sample 69:-1206
Sample 70:-1206
Sample 71:-1206
Sample 72:-1206
Sample 73:-1206
Sample 74:-1206
Sample 75:-1206
Sample 76:-1206
Sample 77:-1206
Sample 78:-1206
Sample 79:-1206
Sample 80:-1206
Sample 81:-1206
Sample 82:-1206
Sample 83:-1206
Sample 84:-1206
Sample 85:-1206
Sample 86:-1206
Sample 87:-1206
Sample 88:-1206
Sample 89:-1206
Sample 90:-1206
Sample 91:-1206
Sample 92:-1206
Sample 93:-1206
Sample 94:-1206
Sample 95:-1206
Sample 96:-1206
Sample 97:-1206
Sample 98:-1206
Sample 99:-1206
Best Ham: -1206
Sucess Probability: 99
Ham Average: -1190.78
