Sample 0:-412
Sample 1:-1034
Sample 2:-822
Sample 3:-850
Sample 4:-1002
Sample 5:-960
Sample 6:-808
Sample 7:-730
Sample 8:-1086
Sample 9:-1188
Sample 10:-886
Sample 11:-1382
Sample 12:-728
Sample 13:-826
Sample 14:-1190
Sample 15:-884
Sample 16:-816
Sample 17:-898
Sample 18:-972
Sample 19:-1078
Sample 20:-776
Sample 21:-1168
Sample 22:-1028
Sample 23:-958
Sample 24:-962
Sample 25:-884
Sample 26:-1040
Sample 27:-918
Sample 28:-840
Sample 29:-980
Sample 30:-1052
Sample 31:-852
Sample 32:-752
Sample 33:-1184
Sample 34:-898
Sample 35:34
Sample 36:-650
Sample 37:-994
Sample 38:-768
Sample 39:-632
Sample 40:-1006
Sample 41:-1068
Sample 42:-1018
Sample 43:-728
Sample 44:-816
Sample 45:-820
Sample 46:-952
Sample 47:-1116
Sample 48:-1048
Sample 49:-1114
Sample 50:-434
Sample 51:-464
Sample 52:-882
Sample 53:-1066
Sample 54:-884
Sample 55:-1040
Sample 56:-838
Sample 57:-668
Sample 58:-954
Sample 59:-950
Sample 60:-1034
Sample 61:-820
Sample 62:-494
Sample 63:-1018
Sample 64:-928
Sample 65:-830
Sample 66:-722
Sample 67:-784
Sample 68:-768
Sample 69:-492
Sample 70:-644
Sample 71:-660
Sample 72:-1138
Sample 73:-952
Sample 74:-1004
Sample 75:-924
Sample 76:-706
Sample 77:-820
Sample 78:-488
Sample 79:-894
Sample 80:-976
Sample 81:-1044
Sample 82:-742
Sample 83:-884
Sample 84:-1038
Sample 85:-988
Sample 86:-922
Sample 87:-898
Sample 88:-658
Sample 89:-1012
Sample 90:-808
Sample 91:-946
Sample 92:-958
Sample 93:-1132
Sample 94:-380
Sample 95:-976
Sample 96:-992
Sample 97:-856
Sample 98:-1084
Sample 99:-896
Best Ham: -1382
Sucess Probability: 99
Ham Average: -880.3
