Sample 0:-159
Sample 1:-89
Sample 2:-23
Sample 3:-43
Sample 4:-79
Sample 5:-81
Sample 6:-233
Sample 7:11
Sample 8:-167
Sample 9:-219
Sample 10:-117
Sample 11:33
Sample 12:-87
Sample 13:-139
Sample 14:-187
Sample 15:-189
Sample 16:-141
Sample 17:-55
Sample 18:-109
Sample 19:-141
Sample 20:-29
Sample 21:-151
Sample 22:-69
Sample 23:-107
Sample 24:-185
Sample 25:-159
Sample 26:-177
Sample 27:-155
Sample 28:-181
Sample 29:-65
Sample 30:-145
Sample 31:-197
Sample 32:-27
Sample 33:-135
Sample 34:-147
Sample 35:-193
Sample 36:-43
Sample 37:-123
Sample 38:-117
Sample 39:-185
Sample 40:-101
Sample 41:-171
Sample 42:-137
Sample 43:-195
Sample 44:-209
Sample 45:-143
Sample 46:-113
Sample 47:-117
Sample 48:-115
Sample 49:-51
Sample 50:-213
Sample 51:-151
Sample 52:-101
Sample 53:-105
Sample 54:-77
Sample 55:-105
Sample 56:-127
Sample 57:-177
Sample 58:-221
Sample 59:-55
Sample 60:-181
Sample 61:-101
Sample 62:-139
Sample 63:-87
Sample 64:-169
Sample 65:-155
Sample 66:-121
Sample 67:-121
Sample 68:13
Sample 69:-231
Sample 70:-103
Sample 71:-177
Sample 72:-177
Sample 73:-233
Sample 74:-15
Sample 75:-173
Sample 76:-99
Sample 77:-11
Sample 78:-181
Sample 79:-99
Sample 80:-179
Sample 81:-155
Sample 82:-107
Sample 83:-255
Sample 84:-153
Sample 85:-91
Sample 86:-41
Sample 87:9
Sample 88:-93
Sample 89:-141
Sample 90:-213
Sample 91:-107
Sample 92:-207
Sample 93:-29
Sample 94:-207
Sample 95:-159
Sample 96:-93
Sample 97:7
Sample 98:-71
Sample 99:-109
Best Ham: -255
Sucess Probability: 39
Ham Average: -124.42
