Sample 0:-27
Sample 1:-27
Sample 2:-27
Sample 3:-27
Sample 4:-27
Sample 5:-27
Sample 6:-27
Sample 7:-27
Sample 8:-27
Sample 9:-27
Sample 10:-27
Sample 11:-27
Sample 12:-27
Sample 13:-27
Sample 14:-27
Sample 15:-27
Sample 16:-27
Sample 17:-27
Sample 18:-27
Sample 19:-27
Sample 20:-27
Sample 21:-27
Sample 22:-27
Sample 23:-27
Sample 24:-27
Sample 25:-27
Sample 26:-27
Sample 27:-27
Sample 28:-27
Sample 29:-27
Sample 30:-27
Sample 31:-27
Sample 32:-27
Sample 33:-27
Sample 34:-27
Sample 35:-27
Sample 36:-27
Sample 37:-27
Sample 38:-27
Sample 39:-27
Sample 40:-27
Sample 41:-27
Sample 42:-27
Sample 43:-27
Sample 44:-27
Sample 45:-27
Sample 46:-27
Sample 47:-27
Sample 48:-27
Sample 49:-27
Sample 50:-27
Sample 51:-27
Sample 52:-27
Sample 53:-27
Sample 54:-27
Sample 55:-27
Sample 56:-27
Sample 57:-27
Sample 58:-27
Sample 59:-27
Sample 60:-27
Sample 61:-27
Sample 62:-27
Sample 63:-27
Sample 64:-27
Sample 65:-27
Sample 66:-27
Sample 67:-27
Sample 68:-27
Sample 69:-27
Sample 70:-27
Sample 71:-27
Sample 72:-27
Sample 73:-27
Sample 74:-27
Sample 75:-27
Sample 76:-27
Sample 77:-27
Sample 78:-27
Sample 79:-27
Sample 80:-27
Sample 81:-27
Sample 82:-27
Sample 83:-27
Sample 84:-27
Sample 85:-27
Sample 86:31
Sample 87:-27
Sample 88:-27
Sample 89:-27
Sample 90:-27
Sample 91:-27
Sample 92:-27
Sample 93:-27
Sample 94:-27
Sample 95:-27
Sample 96:-27
Sample 97:-27
Sample 98:-27
Sample 99:-27
Best Ham: -27
Sucess Probability: 0
Ham Average: -26.42
