Sample 0:-100
Sample 1:68
Sample 2:-24
Sample 3:-96
Sample 4:-184
Sample 5:-290
Sample 6:-298
Sample 7:-178
Sample 8:-24
Sample 9:-178
Sample 10:-36
Sample 11:-24
Sample 12:-178
Sample 13:-178
Sample 14:68
Sample 15:-178
Sample 16:-178
Sample 17:-178
Sample 18:-178
Sample 19:-24
Sample 20:-36
Sample 21:68
Sample 22:-290
Sample 23:-298
Sample 24:-414
Sample 25:-414
Sample 26:-414
Sample 27:-414
Sample 28:-414
Sample 29:-414
Sample 30:-414
Sample 31:-414
Sample 32:-414
Sample 33:-414
Sample 34:-414
Sample 35:-414
Sample 36:-414
Sample 37:-414
Sample 38:-414
Sample 39:-414
Sample 40:-414
Sample 41:-414
Sample 42:-414
Sample 43:-414
Sample 44:-414
Sample 45:-414
Sample 46:-414
Sample 47:-414
Sample 48:-414
Sample 49:-414
Sample 50:-414
Sample 51:-414
Sample 52:-414
Sample 53:-414
Sample 54:-414
Sample 55:-414
Sample 56:-414
Sample 57:-414
Sample 58:-414
Sample 59:-414
Sample 60:-414
Sample 61:-414
Sample 62:-414
Sample 63:-414
Sample 64:-414
Sample 65:-414
Sample 66:-414
Sample 67:-414
Sample 68:-414
Sample 69:-414
Sample 70:-414
Sample 71:-414
Sample 72:-414
Sample 73:-414
Sample 74:-414
Sample 75:-414
Sample 76:-414
Sample 77:-414
Sample 78:-414
Sample 79:-414
Sample 80:-414
Sample 81:-150
Sample 82:-414
Sample 83:-414
Sample 84:-96
Sample 85:-184
Sample 86:-150
Sample 87:-184
Sample 88:-298
Sample 89:-46
Sample 90:-414
Sample 91:-414
Sample 92:-414
Sample 93:-414
Sample 94:-298
Sample 95:-198
Sample 96:-184
Sample 97:-96
Sample 98:-414
Sample 99:-414
Best Ham: -414
Sucess Probability: 86
Ham Average: -317.38
