Sample 0:-643
Sample 1:-793
Sample 2:-705
Sample 3:-795
Sample 4:-795
Sample 5:-795
Sample 6:-795
Sample 7:-795
Sample 8:-795
Sample 9:-795
Sample 10:-795
Sample 11:-795
Sample 12:-795
Sample 13:-795
Sample 14:-795
Sample 15:-795
Sample 16:-795
Sample 17:-795
Sample 18:-795
Sample 19:-795
Sample 20:-795
Sample 21:-795
Sample 22:-795
Sample 23:-795
Sample 24:-795
Sample 25:-795
Sample 26:-795
Sample 27:-795
Sample 28:-795
Sample 29:-795
Sample 30:-795
Sample 31:-795
Sample 32:-795
Sample 33:-795
Sample 34:-795
Sample 35:-795
Sample 36:-795
Sample 37:-795
Sample 38:-795
Sample 39:-795
Sample 40:175
Sample 41:-795
Sample 42:-795
Sample 43:-795
Sample 44:-795
Sample 45:-795
Sample 46:-795
Sample 47:-795
Sample 48:-795
Sample 49:-795
Sample 50:-795
Sample 51:-795
Sample 52:-795
Sample 53:-795
Sample 54:-795
Sample 55:-795
Sample 56:-795
Sample 57:-795
Sample 58:-795
Sample 59:-795
Sample 60:-795
Sample 61:-795
Sample 62:-795
Sample 63:-795
Sample 64:-795
Sample 65:-795
Sample 66:-795
Sample 67:-795
Sample 68:-795
Sample 69:-795
Sample 70:-795
Sample 71:-795
Sample 72:-795
Sample 73:-795
Sample 74:-795
Sample 75:-795
Sample 76:-795
Sample 77:-795
Sample 78:-795
Sample 79:-795
Sample 80:-795
Sample 81:-795
Sample 82:-795
Sample 83:-795
Sample 84:-795
Sample 85:-795
Sample 86:-795
Sample 87:-795
Sample 88:-795
Sample 89:-795
Sample 90:-795
Sample 91:-795
Sample 92:-795
Sample 93:-795
Sample 94:-795
Sample 95:-795
Sample 96:-795
Sample 97:-795
Sample 98:-795
Sample 99:-795
Best Ham: -795
Sucess Probability: 99
Ham Average: -782.86
