Sample 0:-246
Sample 1:-436
Sample 2:-132
Sample 3:-132
Sample 4:-132
Sample 5:-24
Sample 6:-132
Sample 7:-246
Sample 8:-246
Sample 9:-246
Sample 10:-246
Sample 11:-132
Sample 12:-132
Sample 13:-24
Sample 14:-132
Sample 15:-246
Sample 16:-132
Sample 17:-132
Sample 18:-132
Sample 19:-132
Sample 20:-24
Sample 21:-24
Sample 22:-132
Sample 23:-132
Sample 24:-132
Sample 25:-24
Sample 26:-132
Sample 27:-132
Sample 28:-164
Sample 29:-24
Sample 30:-132
Sample 31:-164
Sample 32:-24
Sample 33:-24
Sample 34:-24
Sample 35:-24
Sample 36:-220
Sample 37:-24
Sample 38:-24
Sample 39:-24
Sample 40:-132
Sample 41:-132
Sample 42:-24
Sample 43:-24
Sample 44:-132
Sample 45:-132
Sample 46:-132
Sample 47:-24
Sample 48:-24
Sample 49:-24
Sample 50:-220
Sample 51:-132
Sample 52:-132
Sample 53:-24
Sample 54:-24
Sample 55:-132
Sample 56:-132
Sample 57:-132
Sample 58:-132
Sample 59:-246
Sample 60:-132
Sample 61:-246
Sample 62:-246
Sample 63:-220
Sample 64:-246
Sample 65:-132
Sample 66:-24
Sample 67:-24
Sample 68:-132
Sample 69:-24
Sample 70:-24
Sample 71:-132
Sample 72:-132
Sample 73:-24
Sample 74:-246
Sample 75:-132
Sample 76:-132
Sample 77:-24
Sample 78:-24
Sample 79:-24
Sample 80:-24
Sample 81:-24
Sample 82:-132
Sample 83:-132
Sample 84:-132
Sample 85:-132
Sample 86:-132
Sample 87:-132
Sample 88:-132
Sample 89:-24
Sample 90:-132
Sample 91:-132
Sample 92:-24
Sample 93:-164
Sample 94:-132
Sample 95:-24
Sample 96:-132
Sample 97:-132
Sample 98:278
Sample 99:-24
Best Ham: -436
Sucess Probability: 18
Ham Average: -110.36
