[[1 0 0 ... 0 0 7]
 [1 0 0 ... 0 7 0]
 [1 0 0 ... 7 0 0]
 ...
 [1 0 7 ... 0 0 0]
 [1 7 0 ... 0 0 0]
 [7 1 1 ... 1 1 1]]
0
test

{(1, 42): 8, (1, 41): 13, (1, 37): -1, (1, 35): 8, (1, 31): -7, (1, 26): -10, (1, 23): -5, (1, 21): -5, (1, 20): 6, (1, 13): -8, (1, 11): 2, (2, 40): -13, (2, 39): 4, (2, 38): -9, (2, 37): 7, (2, 34): 5, (2, 26): 4, (2, 23): 14, (2, 21): 12, (2, 20): 8, (2, 17): 1, (2, 15): 1, (2, 9): 7, (2, 6): 9, (3, 42): 2, (3, 36): -4, (3, 33): 8, (3, 32): -6, (3, 31): -1, (3, 22): 12, (3, 21): 1, (3, 20): -5, (3, 19): -8, (3, 18): -1, (3, 14): 10, (3, 12): 3, (3, 9): -9, (3, 7): 2, (4, 40): 4, (4, 36): -4, (4, 32): -9, (4, 30): 14, (4, 26): -3, (4, 25): 9, (4, 20): 12, (4, 18): -10, (4, 16): 7, (4, 10): -14, (4, 8): 9, (4, 7): -2, (4, 5): -14, (5, 38): -10, (5, 36): 1, (5, 35): 12, (5, 33): 4, (5, 31): 3, (5, 29): 1, (5, 28): 11, (5, 25): -13, (5, 24): 10, (5, 22): 11, (5, 19): 9, (5, 18): 6, (5, 14): -2, (5, 12): -3, (5, 10): -10, (5, 8): 3, (6, 42): 7, (6, 41): 6, (6, 40): -5, (6, 38): 13, (6, 37): 13, (6, 36): 5, (6, 35): -12, (6, 34): 10, (6, 33): 11, (6, 20): -6, (6, 18): 5, (6, 16): -8, (6, 12): -12, (7, 41): 11, (7, 38): -1, (7, 32): -10, (7, 30): -10, (7, 19): -8, (7, 18): 2, (7, 15): -2, (7, 11): 12, (7, 8): -6, (8, 36): 9, (8, 35): 10, (8, 34): 4, (8, 31): 11, (8, 26): -6, (8, 24): 2, (8, 22): -7, (8, 21): 2, (8, 9): 10, (9, 40): -10, (9, 37): 13, (9, 33): 10, (9, 29): -4, (9, 18): -6, (9, 16): -3, (9, 13): -10, (9, 11): 1, (10, 32): 14, (10, 30): -10, (10, 17): 2, (10, 16): -11, (10, 13): -8, (11, 42): -9, (11, 38): -14, (11, 37): 6, (11, 28): -7, (11, 27): 7, (11, 23): 7, (11, 18): -13, (11, 15): 5, (12, 42): 11, (12, 40): -10, (12, 35): 3, (12, 33): -10, (12, 31): 1, (12, 29): -14, (12, 28): 6, (12, 21): -3, (12, 18): -10, (12, 16): 7, (13, 42): -13, (13, 39): -14, (13, 36): 2, (13, 35): -14, (13, 33): -9, (13, 32): 5, (13, 29): 13, (13, 25): -4, (13, 22): -14, (13, 16): -6, (13, 15): -6, (13, 14): 1, (14, 34): 10, (14, 24): -14, (14, 23): -9, (14, 22): -5, (14, 21): -14, (14, 20): 4, (14, 18): -9, (14, 17): -10, (14, 16): 14, (14, 15): -5, (15, 42): -5, (15, 41): 11, (15, 37): 3, (15, 26): -4, (15, 23): -10, (15, 20): 5, (15, 19): 4, (15, 18): -7, (15, 16): -6, (16, 37): 4, (16, 36): -3, (16, 34): -7, (16, 32): 8, (16, 28): 6, (16, 27): 1, (16, 21): 7, (16, 19): -10, (17, 40): 5, (17, 38): 7, (17, 32): 14, (17, 30): -10, (17, 28): 11, (17, 21): 4, (17, 18): 1, (18, 40): 9, (18, 34): -3, (18, 23): -7, (18, 19): -5, (19, 42): 8, (19, 40): 5, (19, 37): -6, (19, 31): 3, (19, 30): -14, (19, 22): 9, (19, 21): -13, (20, 41): -5, (20, 36): 11, (20, 34): 5, (20, 31): -7, (20, 28): 6, (20, 27): -6, (20, 21): 6, (21, 35): 2, (21, 32): 1, (21, 29): 5, (21, 28): 9, (21, 24): 11, (21, 23): 14, (22, 38): -14, (22, 35): -3, (22, 31): 13, (22, 29): -8, (22, 28): -8, (22, 25): 11, (22, 24): -5, (23, 39): -14, (23, 37): -13, (23, 35): -13, (23, 34): 14, (23, 32): 10, (23, 26): 3, (24, 41): 5, (24, 40): 1, (24, 31): 5, (24, 27): -8, (25, 41): -12, (25, 38): 6, (25, 37): -2, (25, 29): 7, (26, 38): 9, (26, 34): 8, (26, 31): -2, (26, 29): 6, (27, 42): -14, (27, 41): 14, (27, 40): 7, (27, 37): 10, (27, 36): 3, (27, 34): -11, (27, 32): -8, (27, 31): -6, (27, 29): -13, (28, 42): -1, (28, 36): -6, (29, 36): -13, (29, 30): -7, (30, 42): -14, (30, 40): -1, (30, 39): 12, (31, 40): -6, (31, 39): 8, (31, 35): 10, (31, 33): 9, (32, 39): -13, (32, 36): -5, (33, 42): -5, (33, 35): 13, (34, 41): -12, (34, 40): 7, (34, 37): -7, (35, 36): 12, (36, 42): -2, (36, 41): -7, (37, 39): -5, (37, 38): -8, (38, 42): 13, (40, 41): -6}
test1

{}
   1 42 41 37 35 31 26 23 21 20 13 11  2 40 39 38 34 17 ... 27 energy num_oc.
0 +1 +1 -1 -1 +1 +1 +1 -1 +1 +1 +1 -1 -1 -1 -1 -1 +1 +1 ... +1 -810.0      14
1 -1 -1 +1 +1 -1 -1 -1 +1 -1 -1 -1 +1 +1 +1 +1 +1 -1 -1 ... -1 -810.0       6
2 -1 -1 +1 +1 -1 -1 -1 -1 -1 -1 -1 +1 +1 +1 +1 +1 +1 -1 ... -1 -810.0       8
3 +1 +1 -1 -1 +1 +1 +1 +1 +1 +1 +1 -1 -1 -1 -1 -1 -1 +1 ... +1 -810.0      15
4 +1 -1 -1 +1 -1 -1 +1 +1 +1 -1 -1 -1 -1 -1 +1 +1 -1 -1 ... +1 -808.0       1
5 -1 -1 +1 +1 -1 +1 -1 -1 -1 -1 -1 +1 +1 +1 -1 +1 +1 -1 ... -1 -804.0       9
['SPIN', 6 rows, 53 samples, 42 variables]
energies=[-810.0, -810.0, -810.0, -810.0, -808.0, -804.0]
