Sample 0:-15
Sample 1:-1
Sample 2:-11
Sample 3:7
Sample 4:-1
Sample 5:-3
Sample 6:11
Sample 7:7
Sample 8:-15
Sample 9:-11
Sample 10:-15
Sample 11:3
Sample 12:-7
Sample 13:-15
Sample 14:-11
Sample 15:-11
Sample 16:-11
Sample 17:3
Sample 18:7
Sample 19:-11
Sample 20:7
Sample 21:-11
Sample 22:-15
Sample 23:3
Sample 24:-7
Sample 25:3
Sample 26:7
Sample 27:7
Sample 28:-15
Sample 29:-11
Sample 30:-3
Sample 31:3
Sample 32:-11
Sample 33:-3
Sample 34:-11
Sample 35:-3
Sample 36:-3
Sample 37:7
Sample 38:-7
Sample 39:-11
Sample 40:7
Sample 41:7
Sample 42:-15
Sample 43:-7
Sample 44:-11
Sample 45:3
Sample 46:3
Sample 47:-11
Sample 48:-3
Sample 49:-15
Sample 50:-11
Sample 51:-15
Sample 52:7
Sample 53:-7
Sample 54:7
Sample 55:-15
Sample 56:-11
Sample 57:-11
Sample 58:-15
Sample 59:3
Sample 60:7
Sample 61:7
Sample 62:-15
Sample 63:3
Sample 64:-11
Sample 65:3
Sample 66:-11
Sample 67:-3
Sample 68:3
Sample 69:7
Sample 70:1
Sample 71:1
Sample 72:-11
Sample 73:1
Sample 74:-7
Sample 75:3
Sample 76:-15
Sample 77:-15
Sample 78:7
Sample 79:-11
Sample 80:1
Sample 81:-11
Sample 82:-15
Sample 83:7
Sample 84:3
Sample 85:3
Sample 86:-1
Sample 87:3
Sample 88:-7
Sample 89:-15
Sample 90:-11
Sample 91:-7
Sample 92:3
Sample 93:3
Sample 94:-15
Sample 95:7
Sample 96:-7
Sample 97:-11
Sample 98:-11
Sample 99:-11
Best Ham: -15
Sucess Probability: 0
Ham Average: -4.32
