Sample 0:-115
Sample 1:-139
Sample 2:-227
Sample 3:-153
Sample 4:-159
Sample 5:-145
Sample 6:-219
Sample 7:-139
Sample 8:33
Sample 9:-91
Sample 10:-165
Sample 11:-207
Sample 12:-71
Sample 13:-131
Sample 14:-159
Sample 15:-143
Sample 16:-195
Sample 17:-81
Sample 18:-139
Sample 19:-81
Sample 20:-203
Sample 21:-91
Sample 22:-143
Sample 23:-157
Sample 24:-157
Sample 25:-79
Sample 26:-185
Sample 27:-205
Sample 28:-145
Sample 29:-141
Sample 30:-91
Sample 31:-141
Sample 32:-201
Sample 33:-133
Sample 34:-161
Sample 35:-151
Sample 36:-147
Sample 37:-99
Sample 38:-169
Sample 39:-207
Sample 40:-213
Sample 41:-157
Sample 42:-129
Sample 43:-219
Sample 44:-179
Sample 45:-139
Sample 46:-217
Sample 47:-137
Sample 48:-207
Sample 49:-169
Sample 50:-213
Sample 51:-139
Sample 52:-253
Sample 53:-145
Sample 54:-141
Sample 55:-183
Sample 56:-199
Sample 57:-113
Sample 58:-127
Sample 59:-141
Sample 60:-185
Sample 61:-55
Sample 62:-141
Sample 63:-151
Sample 64:-181
Sample 65:-159
Sample 66:-81
Sample 67:-91
Sample 68:-81
Sample 69:-153
Sample 70:-105
Sample 71:-47
Sample 72:-139
Sample 73:-187
Sample 74:-207
Sample 75:-151
Sample 76:-113
Sample 77:-213
Sample 78:-155
Sample 79:-215
Sample 80:-225
Sample 81:-141
Sample 82:-123
Sample 83:-197
Sample 84:-39
Sample 85:-139
Sample 86:-177
Sample 87:-205
Sample 88:-169
Sample 89:75
Sample 90:-137
Sample 91:-169
Sample 92:-123
Sample 93:-121
Sample 94:-167
Sample 95:-113
Sample 96:-113
Sample 97:-61
Sample 98:-117
Sample 99:-157
Best Ham: -253
Sucess Probability: 48
Ham Average: -145.8
