Sample 0:-177
Sample 1:-77
Sample 2:-241
Sample 3:-151
Sample 4:-189
Sample 5:49
Sample 6:-217
Sample 7:-157
Sample 8:-181
Sample 9:-25
Sample 10:-183
Sample 11:-105
Sample 12:-145
Sample 13:-159
Sample 14:-109
Sample 15:-223
Sample 16:-95
Sample 17:-159
Sample 18:-113
Sample 19:-73
Sample 20:-121
Sample 21:-189
Sample 22:-85
Sample 23:-187
Sample 24:-109
Sample 25:-39
Sample 26:-173
Sample 27:-131
Sample 28:-261
Sample 29:-227
Sample 30:-179
Sample 31:-197
Sample 32:-159
Sample 33:-167
Sample 34:-183
Sample 35:-145
Sample 36:-209
Sample 37:-191
Sample 38:-117
Sample 39:-113
Sample 40:-79
Sample 41:-107
Sample 42:-123
Sample 43:-227
Sample 44:-145
Sample 45:-147
Sample 46:-201
Sample 47:-145
Sample 48:-223
Sample 49:-103
Sample 50:-175
Sample 51:-105
Sample 52:-115
Sample 53:29
Sample 54:-197
Sample 55:-153
Sample 56:-149
Sample 57:-163
Sample 58:-185
Sample 59:-1
Sample 60:-193
Sample 61:-155
Sample 62:-227
Sample 63:-195
Sample 64:-143
Sample 65:-155
Sample 66:-101
Sample 67:-195
Sample 68:-109
Sample 69:-157
Sample 70:-219
Sample 71:-223
Sample 72:-51
Sample 73:-105
Sample 74:-173
Sample 75:-143
Sample 76:-95
Sample 77:-63
Sample 78:-155
Sample 79:-175
Sample 80:-171
Sample 81:-159
Sample 82:-111
Sample 83:-141
Sample 84:-183
Sample 85:-49
Sample 86:-173
Sample 87:-107
Sample 88:-147
Sample 89:-65
Sample 90:-105
Sample 91:-79
Sample 92:-165
Sample 93:-203
Sample 94:-181
Sample 95:-157
Sample 96:-155
Sample 97:-147
Sample 98:-51
Sample 99:-139
Best Ham: -261
Sucess Probability: 53
Ham Average: -143.46
