Sample 0:-9
Sample 1:-9
Sample 2:-13
Sample 3:-13
Sample 4:-9
Sample 5:-13
Sample 6:-9
Sample 7:-13
Sample 8:-9
Sample 9:-9
Sample 10:-9
Sample 11:-13
Sample 12:-9
Sample 13:-9
Sample 14:-9
Sample 15:13
Sample 16:-9
Sample 17:-9
Sample 18:-13
Sample 19:-13
Sample 20:-9
Sample 21:-13
Sample 22:-13
Sample 23:-9
Sample 24:-9
Sample 25:-9
Sample 26:-13
Sample 27:-13
Sample 28:-13
Sample 29:-13
Sample 30:-9
Sample 31:-13
Sample 32:-9
Sample 33:-13
Sample 34:-13
Sample 35:-13
Sample 36:-13
Sample 37:-13
Sample 38:-9
Sample 39:-13
Sample 40:-9
Sample 41:-9
Sample 42:9
Sample 43:-9
Sample 44:-13
Sample 45:-13
Sample 46:9
Sample 47:-9
Sample 48:-13
Sample 49:-13
Sample 50:-13
Sample 51:-13
Sample 52:-9
Sample 53:-13
Sample 54:-13
Sample 55:-9
Sample 56:-13
Sample 57:-13
Sample 58:-13
Sample 59:-9
Sample 60:-13
Sample 61:-13
Sample 62:-9
Sample 63:-9
Sample 64:-9
Sample 65:-9
Sample 66:-13
Sample 67:-9
Sample 68:-9
Sample 69:-13
Sample 70:-9
Sample 71:-13
Sample 72:-9
Sample 73:-13
Sample 74:-9
Sample 75:-13
Sample 76:-9
Sample 77:-9
Sample 78:-13
Sample 79:-9
Sample 80:-9
Sample 81:-9
Sample 82:-13
Sample 83:-9
Sample 84:-13
Sample 85:13
Sample 86:-13
Sample 87:-9
Sample 88:-9
Sample 89:-13
Sample 90:-9
Sample 91:-9
Sample 92:-9
Sample 93:-9
Sample 94:-13
Sample 95:-13
Sample 96:-13
Sample 97:-13
Sample 98:-13
Sample 99:-13
Best Ham: -13
Sucess Probability: 0
Ham Average: -10.16
