Sample 0:-1354
Sample 1:-1354
Sample 2:-1354
Sample 3:-1354
Sample 4:-1368
Sample 5:-1368
Sample 6:-1426
Sample 7:-1426
Sample 8:-1368
Sample 9:-1426
Sample 10:-1354
Sample 11:-1354
Sample 12:-1426
Sample 13:-1368
Sample 14:-1368
Sample 15:-1354
Sample 16:-1354
Sample 17:-1354
Sample 18:-1368
Sample 19:-1368
Sample 20:-1426
Sample 21:-1426
Sample 22:-1426
Sample 23:-1368
Sample 24:-1368
Sample 25:-1354
Sample 26:-1354
Sample 27:-1354
Sample 28:-1368
Sample 29:-1426
Sample 30:-1354
Sample 31:-1354
Sample 32:-1354
Sample 33:-1354
Sample 34:-1426
Sample 35:-1426
Sample 36:-1354
Sample 37:-1426
Sample 38:-1426
Sample 39:-1368
Sample 40:-1426
Sample 41:-1368
Sample 42:-1354
Sample 43:-1426
Sample 44:-1426
Sample 45:-1368
Sample 46:-1426
Sample 47:-1368
Sample 48:-1368
Sample 49:-1368
Sample 50:-1354
Sample 51:-1426
Sample 52:-1368
Sample 53:-1368
Sample 54:-1354
Sample 55:-1354
Sample 56:-1426
Sample 57:-1426
Sample 58:-1426
Sample 59:-1368
Sample 60:-1426
Sample 61:-1354
Sample 62:-1426
Sample 63:-1368
Sample 64:-1426
Sample 65:-1426
Sample 66:-1368
Sample 67:-1426
Sample 68:-1368
Sample 69:-1354
Sample 70:-1354
Sample 71:-1354
Sample 72:-1354
Sample 73:-1426
Sample 74:-1354
Sample 75:-1368
Sample 76:-1426
Sample 77:-1354
Sample 78:-1354
Sample 79:-1426
Sample 80:-1368
Sample 81:-1426
Sample 82:-1368
Sample 83:-1426
Sample 84:52
Sample 85:-1426
Sample 86:-1354
Sample 87:-1368
Sample 88:-1426
Sample 89:-1426
Sample 90:-1368
Sample 91:-1354
Sample 92:-1354
Sample 93:-1354
Sample 94:-1354
Sample 95:-1426
Sample 96:-1354
Sample 97:-1426
Sample 98:-1426
Sample 99:-1368
Best Ham: -1426
Sucess Probability: 99
Ham Average: -1369.78
