Sample 0:-238
Sample 1:-124
Sample 2:-20
Sample 3:-262
Sample 4:-246
Sample 5:-144
Sample 6:-196
Sample 7:-72
Sample 8:-132
Sample 9:-148
Sample 10:-254
Sample 11:-198
Sample 12:-230
Sample 13:-276
Sample 14:-96
Sample 15:-192
Sample 16:-234
Sample 17:-64
Sample 18:-214
Sample 19:-180
Sample 20:-220
Sample 21:-160
Sample 22:-196
Sample 23:-288
Sample 24:-254
Sample 25:-142
Sample 26:-196
Sample 27:-190
Sample 28:-196
Sample 29:-46
Sample 30:16
Sample 31:-174
Sample 32:-86
Sample 33:-188
Sample 34:-218
Sample 35:-218
Sample 36:-50
Sample 37:-116
Sample 38:-96
Sample 39:-206
Sample 40:-136
Sample 41:-258
Sample 42:-184
Sample 43:-218
Sample 44:-152
Sample 45:-172
Sample 46:-152
Sample 47:-198
Sample 48:-58
Sample 49:-212
Sample 50:-92
Sample 51:-100
Sample 52:-254
Sample 53:-192
Sample 54:-192
Sample 55:-230
Sample 56:-216
Sample 57:-194
Sample 58:-132
Sample 59:-124
Sample 60:-230
Sample 61:-254
Sample 62:-252
Sample 63:-212
Sample 64:-218
Sample 65:-284
Sample 66:-226
Sample 67:-50
Sample 68:-48
Sample 69:-80
Sample 70:-214
Sample 71:-262
Sample 72:-242
Sample 73:-272
Sample 74:-28
Sample 75:-276
Sample 76:-252
Sample 77:-172
Sample 78:-242
Sample 79:-76
Sample 80:-196
Sample 81:-194
Sample 82:-146
Sample 83:-228
Sample 84:-76
Sample 85:-178
Sample 86:-126
Sample 87:-130
Sample 88:-202
Sample 89:-124
Sample 90:-206
Sample 91:-178
Sample 92:-158
Sample 93:-214
Sample 94:-172
Sample 95:-154
Sample 96:-190
Sample 97:-128
Sample 98:-132
Sample 99:-188
Best Ham: -288
Sucess Probability: 67
Ham Average: -174.2
