Sample 0:-156
Sample 1:-156
Sample 2:-156
Sample 3:-156
Sample 4:-156
Sample 5:-156
Sample 6:-156
Sample 7:-156
Sample 8:-156
Sample 9:-156
Sample 10:-156
Sample 11:-156
Sample 12:-156
Sample 13:-156
Sample 14:-156
Sample 15:-156
Sample 16:-156
Sample 17:-156
Sample 18:-156
Sample 19:-156
Sample 20:-156
Sample 21:-156
Sample 22:-156
Sample 23:-156
Sample 24:-156
Sample 25:-156
Sample 26:-156
Sample 27:-156
Sample 28:-156
Sample 29:-156
Sample 30:-156
Sample 31:-156
Sample 32:-156
Sample 33:-156
Sample 34:-156
Sample 35:-156
Sample 36:-156
Sample 37:-156
Sample 38:-156
Sample 39:-156
Sample 40:-156
Sample 41:-156
Sample 42:-156
Sample 43:-156
Sample 44:-156
Sample 45:-156
Sample 46:-156
Sample 47:-156
Sample 48:-156
Sample 49:-156
Sample 50:-156
Sample 51:-156
Sample 52:-156
Sample 53:-156
Sample 54:-156
Sample 55:-156
Sample 56:-156
Sample 57:-156
Sample 58:-156
Sample 59:-156
Sample 60:-156
Sample 61:-156
Sample 62:-156
Sample 63:-156
Sample 64:-156
Sample 65:-156
Sample 66:-156
Sample 67:-156
Sample 68:-156
Sample 69:-156
Sample 70:-156
Sample 71:-156
Sample 72:-156
Sample 73:-156
Sample 74:-156
Sample 75:-156
Sample 76:-156
Sample 77:-156
Sample 78:-156
Sample 79:-156
Sample 80:-156
Sample 81:-156
Sample 82:-156
Sample 83:-156
Sample 84:-156
Sample 85:-156
Sample 86:-156
Sample 87:4
Sample 88:-156
Sample 89:-156
Sample 90:-156
Sample 91:-156
Sample 92:-156
Sample 93:-156
Sample 94:-156
Sample 95:-156
Sample 96:-156
Sample 97:-156
Sample 98:-156
Sample 99:-156
Best Ham: -156
Sucess Probability: 99
Ham Average: -154.4
