Sample 0:-283
Sample 1:-871
Sample 2:-871
Sample 3:-871
Sample 4:-885
Sample 5:-885
Sample 6:-885
Sample 7:-885
Sample 8:-885
Sample 9:-871
Sample 10:-885
Sample 11:-885
Sample 12:33
Sample 13:-25
Sample 14:97
Sample 15:-89
Sample 16:-271
Sample 17:-151
Sample 18:-89
Sample 19:-89
Sample 20:-25
Sample 21:145
Sample 22:-175
Sample 23:33
Sample 24:-151
Sample 25:-89
Sample 26:-29
Sample 27:-29
Sample 28:-151
Sample 29:-89
Sample 30:-29
Sample 31:-151
Sample 32:-29
Sample 33:-89
Sample 34:-25
Sample 35:-25
Sample 36:-89
Sample 37:-89
Sample 38:97
Sample 39:-151
Sample 40:179
Sample 41:97
Sample 42:205
Sample 43:-89
Sample 44:-89
Sample 45:-151
Sample 46:-25
Sample 47:97
Sample 48:-89
Sample 49:97
Sample 50:-89
Sample 51:97
Sample 52:-89
Sample 53:33
Sample 54:221
Sample 55:-89
Sample 56:221
Sample 57:-89
Sample 58:97
Sample 59:221
Sample 60:33
Sample 61:-151
Sample 62:-151
Sample 63:179
Sample 64:-89
Sample 65:-25
Sample 66:97
Sample 67:-29
Sample 68:97
Sample 69:-29
Sample 70:-89
Sample 71:33
Sample 72:-65
Sample 73:-89
Sample 74:-151
Sample 75:-89
Sample 76:-151
Sample 77:-89
Sample 78:-89
Sample 79:107
Sample 80:-25
Sample 81:179
Sample 82:33
Sample 83:-25
Sample 84:-151
Sample 85:221
Sample 86:221
Sample 87:221
Sample 88:-151
Sample 89:205
Sample 90:-29
Sample 91:-89
Sample 92:33
Sample 93:97
Sample 94:-29
Sample 95:-65
Sample 96:97
Sample 97:-29
Sample 98:-89
Sample 99:97
Best Ham: -885
Sucess Probability: 26
Ham Average: -109.38
