Sample 0:-272
Sample 1:-230
Sample 2:-272
Sample 3:-436
Sample 4:-362
Sample 5:-270
Sample 6:-370
Sample 7:-268
Sample 8:-204
Sample 9:-254
Sample 10:-234
Sample 11:-134
Sample 12:-268
Sample 13:-268
Sample 14:-84
Sample 15:-268
Sample 16:-268
Sample 17:-268
Sample 18:-286
Sample 19:-438
Sample 20:-330
Sample 21:-322
Sample 22:-388
Sample 23:-426
Sample 24:-268
Sample 25:-286
Sample 26:-228
Sample 27:-242
Sample 28:-394
Sample 29:-298
Sample 30:-286
Sample 31:-286
Sample 32:-268
Sample 33:-66
Sample 34:-268
Sample 35:-376
Sample 36:-372
Sample 37:-280
Sample 38:-344
Sample 39:-370
Sample 40:-334
Sample 41:-286
Sample 42:-268
Sample 43:-264
Sample 44:-268
Sample 45:-286
Sample 46:-268
Sample 47:-330
Sample 48:-410
Sample 49:-268
Sample 50:340
Sample 51:-268
Sample 52:-268
Sample 53:-268
Sample 54:-374
Sample 55:-306
Sample 56:-286
Sample 57:-268
Sample 58:-268
Sample 59:-268
Sample 60:-286
Sample 61:-268
Sample 62:-268
Sample 63:-268
Sample 64:-268
Sample 65:-286
Sample 66:-286
Sample 67:-286
Sample 68:-286
Sample 69:-268
Sample 70:-268
Sample 71:-268
Sample 72:-268
Sample 73:-286
Sample 74:-268
Sample 75:-268
Sample 76:-268
Sample 77:-286
Sample 78:-286
Sample 79:-370
Sample 80:-286
Sample 81:-282
Sample 82:-470
Sample 83:-262
Sample 84:-286
Sample 85:-286
Sample 86:-268
Sample 87:-268
Sample 88:-268
Sample 89:-268
Sample 90:-268
Sample 91:-268
Sample 92:-456
Sample 93:-268
Sample 94:-268
Sample 95:-268
Sample 96:-268
Sample 97:-286
Sample 98:-268
Sample 99:-286
Best Ham: -470
Sucess Probability: 96
Ham Average: -282.22
