Sample 0:-9
Sample 1:-9
Sample 2:-9
Sample 3:-9
Sample 4:-9
Sample 5:-9
Sample 6:-9
Sample 7:-9
Sample 8:-13
Sample 9:-9
Sample 10:-13
Sample 11:-9
Sample 12:-9
Sample 13:-9
Sample 14:-9
Sample 15:-9
Sample 16:1
Sample 17:-13
Sample 18:-9
Sample 19:-9
Sample 20:-13
Sample 21:-13
Sample 22:-13
Sample 23:-13
Sample 24:-9
Sample 25:-9
Sample 26:-9
Sample 27:-13
Sample 28:1
Sample 29:-9
Sample 30:-9
Sample 31:-9
Sample 32:-9
Sample 33:-9
Sample 34:-13
Sample 35:-9
Sample 36:-9
Sample 37:-9
Sample 38:-13
Sample 39:-9
Sample 40:-9
Sample 41:-9
Sample 42:-13
Sample 43:-9
Sample 44:-9
Sample 45:-9
Sample 46:-9
Sample 47:-9
Sample 48:-13
Sample 49:-9
Sample 50:-13
Sample 51:-9
Sample 52:-13
Sample 53:-9
Sample 54:-9
Sample 55:-13
Sample 56:-13
Sample 57:-9
Sample 58:-13
Sample 59:-13
Sample 60:-9
Sample 61:-13
Sample 62:-9
Sample 63:-9
Sample 64:1
Sample 65:-9
Sample 66:-13
Sample 67:-9
Sample 68:-9
Sample 69:-9
Sample 70:1
Sample 71:-13
Sample 72:-13
Sample 73:-13
Sample 74:-9
Sample 75:-9
Sample 76:-9
Sample 77:-13
Sample 78:-9
Sample 79:-9
Sample 80:-9
Sample 81:-13
Sample 82:-9
Sample 83:-13
Sample 84:1
Sample 85:-9
Sample 86:-9
Sample 87:-9
Sample 88:-9
Sample 89:-13
Sample 90:-9
Sample 91:-9
Sample 92:-9
Sample 93:-13
Sample 94:-9
Sample 95:-9
Sample 96:-9
Sample 97:1
Sample 98:-13
Sample 99:-9
Best Ham: -13
Sucess Probability: 0
Ham Average: -9.56
