Sample 0:-17
Sample 1:-17
Sample 2:-17
Sample 3:-17
Sample 4:-9
Sample 5:-17
Sample 6:-17
Sample 7:-17
Sample 8:-17
Sample 9:-17
Sample 10:-9
Sample 11:-17
Sample 12:-17
Sample 13:-17
Sample 14:-17
Sample 15:-17
Sample 16:-17
Sample 17:-9
Sample 18:3
Sample 19:-17
Sample 20:-17
Sample 21:-17
Sample 22:-17
Sample 23:-17
Sample 24:-17
Sample 25:-17
Sample 26:-9
Sample 27:-17
Sample 28:-9
Sample 29:-17
Sample 30:-9
Sample 31:-17
Sample 32:3
Sample 33:-17
Sample 34:-17
Sample 35:-17
Sample 36:-9
Sample 37:3
Sample 38:-17
Sample 39:-17
Sample 40:3
Sample 41:-17
Sample 42:-17
Sample 43:-17
Sample 44:-9
Sample 45:-17
Sample 46:-17
Sample 47:-9
Sample 48:-17
Sample 49:-9
Sample 50:-9
Sample 51:-9
Sample 52:-17
Sample 53:-17
Sample 54:-23
Sample 55:3
Sample 56:-17
Sample 57:-9
Sample 58:-9
Sample 59:-17
Sample 60:-9
Sample 61:-17
Sample 62:3
Sample 63:-9
Sample 64:3
Sample 65:-17
Sample 66:-17
Sample 67:-17
Sample 68:-17
Sample 69:-17
Sample 70:3
Sample 71:-17
Sample 72:3
Sample 73:-17
Sample 74:-9
Sample 75:-9
Sample 76:-17
Sample 77:-17
Sample 78:-17
Sample 79:-17
Sample 80:-17
Sample 81:-17
Sample 82:-17
Sample 83:-17
Sample 84:-17
Sample 85:-17
Sample 86:-17
Sample 87:-17
Sample 88:-17
Sample 89:-17
Sample 90:-9
Sample 91:-9
Sample 92:-17
Sample 93:-17
Sample 94:-17
Sample 95:-17
Sample 96:-17
Sample 97:-9
Sample 98:-9
Sample 99:-17
Best Ham: -23
Sucess Probability: 0
Ham Average: -13.5
