Sample 0:-80
Sample 1:-80
Sample 2:-80
Sample 3:-80
Sample 4:-80
Sample 5:-80
Sample 6:-80
Sample 7:-80
Sample 8:-80
Sample 9:-80
Sample 10:-80
Sample 11:-80
Sample 12:-80
Sample 13:-80
Sample 14:-80
Sample 15:-80
Sample 16:-80
Sample 17:-80
Sample 18:8
Sample 19:-80
Sample 20:-80
Sample 21:-80
Sample 22:-80
Sample 23:-80
Sample 24:-80
Sample 25:-80
Sample 26:-80
Sample 27:-80
Sample 28:-80
Sample 29:-80
Sample 30:-80
Sample 31:-80
Sample 32:-80
Sample 33:-80
Sample 34:-80
Sample 35:-80
Sample 36:-80
Sample 37:-80
Sample 38:-80
Sample 39:-80
Sample 40:-80
Sample 41:-80
Sample 42:-80
Sample 43:-80
Sample 44:-80
Sample 45:-80
Sample 46:-80
Sample 47:-80
Sample 48:-80
Sample 49:-80
Sample 50:-80
Sample 51:-80
Sample 52:-80
Sample 53:-80
Sample 54:-80
Sample 55:-80
Sample 56:-80
Sample 57:-80
Sample 58:-80
Sample 59:-80
Sample 60:-80
Sample 61:-80
Sample 62:-80
Sample 63:-80
Sample 64:-80
Sample 65:-80
Sample 66:-80
Sample 67:-80
Sample 68:-80
Sample 69:-80
Sample 70:-80
Sample 71:-80
Sample 72:-80
Sample 73:-80
Sample 74:-80
Sample 75:-80
Sample 76:-80
Sample 77:-80
Sample 78:-80
Sample 79:-80
Sample 80:-80
Sample 81:-80
Sample 82:-80
Sample 83:-80
Sample 84:-80
Sample 85:-80
Sample 86:-80
Sample 87:-80
Sample 88:-80
Sample 89:-80
Sample 90:-80
Sample 91:-80
Sample 92:-80
Sample 93:-80
Sample 94:-80
Sample 95:-80
Sample 96:-80
Sample 97:-80
Sample 98:-80
Sample 99:-80
Best Ham: -80
Sucess Probability: 0
Ham Average: -79.12
