Sample 0:-173
Sample 1:-173
Sample 2:-133
Sample 3:-173
Sample 4:-73
Sample 5:-73
Sample 6:-73
Sample 7:-27
Sample 8:-27
Sample 9:-27
Sample 10:-73
Sample 11:-27
Sample 12:-73
Sample 13:-27
Sample 14:-73
Sample 15:-73
Sample 16:-73
Sample 17:-73
Sample 18:-73
Sample 19:-73
Sample 20:-27
Sample 21:-73
Sample 22:-73
Sample 23:-73
Sample 24:-27
Sample 25:-27
Sample 26:-73
Sample 27:-73
Sample 28:-73
Sample 29:-27
Sample 30:-73
Sample 31:-27
Sample 32:-73
Sample 33:-73
Sample 34:-27
Sample 35:-27
Sample 36:1
Sample 37:-73
Sample 38:-73
Sample 39:-27
Sample 40:-27
Sample 41:-73
Sample 42:-27
Sample 43:-73
Sample 44:-73
Sample 45:-73
Sample 46:-27
Sample 47:-73
Sample 48:-27
Sample 49:-27
Sample 50:-73
Sample 51:-73
Sample 52:-73
Sample 53:-73
Sample 54:-73
Sample 55:-73
Sample 56:-73
Sample 57:-73
Sample 58:-73
Sample 59:-73
Sample 60:-73
Sample 61:-27
Sample 62:-73
Sample 63:-73
Sample 64:-73
Sample 65:-73
Sample 66:-73
Sample 67:-73
Sample 68:-73
Sample 69:-73
Sample 70:-73
Sample 71:-27
Sample 72:-73
Sample 73:-73
Sample 74:-73
Sample 75:-73
Sample 76:-27
Sample 77:-27
Sample 78:-73
Sample 79:-73
Sample 80:-27
Sample 81:-73
Sample 82:-27
Sample 83:-73
Sample 84:-27
Sample 85:-73
Sample 86:-73
Sample 87:-27
Sample 88:-73
Sample 89:-27
Sample 90:-73
Sample 91:-73
Sample 92:-73
Sample 93:-27
Sample 94:-73
Sample 95:-27
Sample 96:-73
Sample 97:-27
Sample 98:-27
Sample 99:-27
Best Ham: -173
Sucess Probability: 3
Ham Average: -61.14
