Sample 0:-24
Sample 1:-24
Sample 2:-24
Sample 3:-24
Sample 4:-24
Sample 5:2
Sample 6:-12
Sample 7:-24
Sample 8:-24
Sample 9:-24
Sample 10:-24
Sample 11:-24
Sample 12:-24
Sample 13:2
Sample 14:-24
Sample 15:-24
Sample 16:-24
Sample 17:-30
Sample 18:-24
Sample 19:-30
Sample 20:-24
Sample 21:-24
Sample 22:-24
Sample 23:-24
Sample 24:-24
Sample 25:-24
Sample 26:2
Sample 27:-24
Sample 28:-24
Sample 29:-30
Sample 30:-24
Sample 31:-30
Sample 32:-24
Sample 33:-30
Sample 34:-30
Sample 35:-24
Sample 36:-24
Sample 37:-24
Sample 38:-24
Sample 39:-24
Sample 40:-24
Sample 41:-24
Sample 42:-24
Sample 43:-24
Sample 44:2
Sample 45:-24
Sample 46:-30
Sample 47:-24
Sample 48:2
Sample 49:-24
Sample 50:2
Sample 51:-30
Sample 52:-24
Sample 53:-24
Sample 54:-30
Sample 55:-24
Sample 56:-24
Sample 57:-30
Sample 58:-30
Sample 59:-30
Sample 60:-24
Sample 61:-24
Sample 62:2
Sample 63:-12
Sample 64:-24
Sample 65:-24
Sample 66:-24
Sample 67:-30
Sample 68:-24
Sample 69:-24
Sample 70:-24
Sample 71:-30
Sample 72:-24
Sample 73:-24
Sample 74:-30
Sample 75:-30
Sample 76:-24
Sample 77:-24
Sample 78:-10
Sample 79:-24
Sample 80:-12
Sample 81:-24
Sample 82:-24
Sample 83:-24
Sample 84:-24
Sample 85:-24
Sample 86:-30
Sample 87:-24
Sample 88:-30
Sample 89:-24
Sample 90:-12
Sample 91:-30
Sample 92:2
Sample 93:2
Sample 94:-30
Sample 95:-24
Sample 96:-24
Sample 97:-30
Sample 98:-30
Sample 99:-30
Best Ham: -30
Sucess Probability: 0
Ham Average: -22.42
