Sample 0:8
Sample 1:-190
Sample 2:-190
Sample 3:-148
Sample 4:-190
Sample 5:-200
Sample 6:-200
Sample 7:-208
Sample 8:42
Sample 9:-200
Sample 10:-190
Sample 11:-148
Sample 12:-200
Sample 13:34
Sample 14:-148
Sample 15:-200
Sample 16:-10
Sample 17:-186
Sample 18:-200
Sample 19:-200
Sample 20:-152
Sample 21:-148
Sample 22:-200
Sample 23:-200
Sample 24:-200
Sample 25:-84
Sample 26:-186
Sample 27:-200
Sample 28:-200
Sample 29:-190
Sample 30:-148
Sample 31:-60
Sample 32:-10
Sample 33:-190
Sample 34:-192
Sample 35:-148
Sample 36:-148
Sample 37:-186
Sample 38:-148
Sample 39:-186
Sample 40:-126
Sample 41:-192
Sample 42:-148
Sample 43:-208
Sample 44:-186
Sample 45:-200
Sample 46:-190
Sample 47:-190
Sample 48:-200
Sample 49:8
Sample 50:-148
Sample 51:-178
Sample 52:-118
Sample 53:-190
Sample 54:-148
Sample 55:-208
Sample 56:8
Sample 57:-190
Sample 58:-208
Sample 59:-190
Sample 60:-186
Sample 61:-190
Sample 62:-186
Sample 63:-190
Sample 64:-110
Sample 65:-186
Sample 66:-200
Sample 67:-192
Sample 68:-208
Sample 69:-148
Sample 70:-186
Sample 71:-200
Sample 72:-190
Sample 73:-200
Sample 74:42
Sample 75:-190
Sample 76:-192
Sample 77:-190
Sample 78:-148
Sample 79:-190
Sample 80:-118
Sample 81:-152
Sample 82:-200
Sample 83:-186
Sample 84:-190
Sample 85:-190
Sample 86:-200
Sample 87:42
Sample 88:-190
Sample 89:-148
Sample 90:-200
Sample 91:-186
Sample 92:-208
Sample 93:-118
Sample 94:-148
Sample 95:56
Sample 96:-190
Sample 97:8
Sample 98:56
Sample 99:-84
Best Ham: -208
Sucess Probability: 65
Ham Average: -152.88
