Sample 0:-545
Sample 1:-545
Sample 2:-515
Sample 3:-515
Sample 4:-429
Sample 5:-457
Sample 6:-457
Sample 7:-515
Sample 8:-429
Sample 9:-457
Sample 10:-457
Sample 11:-457
Sample 12:-457
Sample 13:-429
Sample 14:-429
Sample 15:-515
Sample 16:-515
Sample 17:-429
Sample 18:-515
Sample 19:-515
Sample 20:-515
Sample 21:-457
Sample 22:-515
Sample 23:-457
Sample 24:-429
Sample 25:-429
Sample 26:-457
Sample 27:-457
Sample 28:-515
Sample 29:-515
Sample 30:-429
Sample 31:-429
Sample 32:-515
Sample 33:-429
Sample 34:-515
Sample 35:-429
Sample 36:-515
Sample 37:-515
Sample 38:-457
Sample 39:-429
Sample 40:-515
Sample 41:-429
Sample 42:-515
Sample 43:-457
Sample 44:-457
Sample 45:-457
Sample 46:-457
Sample 47:-429
Sample 48:-515
Sample 49:-429
Sample 50:-429
Sample 51:-457
Sample 52:-457
Sample 53:-429
Sample 54:-429
Sample 55:-429
Sample 56:-429
Sample 57:-319
Sample 58:-429
Sample 59:55
Sample 60:-457
Sample 61:-429
Sample 62:-515
Sample 63:-515
Sample 64:-429
Sample 65:-457
Sample 66:-429
Sample 67:-515
Sample 68:-515
Sample 69:-429
Sample 70:-429
Sample 71:-429
Sample 72:-319
Sample 73:-429
Sample 74:-457
Sample 75:-515
Sample 76:-429
Sample 77:-515
Sample 78:-457
Sample 79:-429
Sample 80:-429
Sample 81:-515
Sample 82:-429
Sample 83:-515
Sample 84:-515
Sample 85:-515
Sample 86:-515
Sample 87:-515
Sample 88:-319
Sample 89:-457
Sample 90:-515
Sample 91:-457
Sample 92:-429
Sample 93:-429
Sample 94:-457
Sample 95:-429
Sample 96:-429
Sample 97:-515
Sample 98:-515
Sample 99:-429
Best Ham: -545
Sucess Probability: 99
Ham Average: -458.28
