[[1 0 0 ... 0 0 7]
 [1 0 0 ... 0 7 0]
 [1 0 0 ... 7 0 0]
 ...
 [1 2 7 ... 0 0 0]
 [1 7 2 ... 0 0 0]
 [7 1 1 ... 1 1 1]]
2
test

{(1, 10): 10, (1, 7): 9, (1, 5): 5, (1, 4): -8, (1, 3): -6, (1, 2): -4, (2, 14): 8, (2, 10): 9, (2, 8): 5, (2, 5): -1, (3, 14): -4, (3, 13): 14, (3, 12): 10, (3, 10): 13, (3, 7): -8, (3, 5): 12, (4, 14): 5, (4, 13): -8, (4, 11): 1, (4, 7): -7, (5, 14): -10, (5, 10): 11, (5, 9): -5, (5, 7): -1, (6, 11): 12, (6, 9): -6, (7, 14): 8, (7, 8): -3, (8, 11): 12, (8, 10): 1, (8, 9): 3, (9, 13): 4, (9, 11): -2, (10, 13): -5, (10, 12): 5, (12, 14): -3}
test1

{}
   1 10  7  5  4  3  2 14  8 13 12 11  9  6 energy num_oc.
0 -1 +1 -1 +1 -1 -1 -1 +1 +1 +1 +1 -1 +1 +1 -132.0       9
1 +1 -1 +1 -1 +1 +1 +1 -1 -1 -1 -1 +1 -1 -1 -132.0      13
2 +1 -1 +1 -1 +1 +1 +1 -1 +1 -1 -1 -1 -1 +1 -130.0       9
3 +1 -1 -1 +1 -1 +1 +1 +1 -1 -1 -1 +1 +1 -1 -124.0      11
4 -1 +1 +1 -1 +1 -1 -1 -1 +1 +1 +1 -1 -1 +1 -124.0      12
['SPIN', 5 rows, 54 samples, 14 variables]
energies=[-132.0, -132.0, -130.0, -124.0, -124.0]
