Sample 0:-49
Sample 1:-43
Sample 2:-65
Sample 3:-13
Sample 4:-65
Sample 5:-43
Sample 6:-13
Sample 7:-53
Sample 8:-49
Sample 9:-13
Sample 10:-49
Sample 11:-13
Sample 12:-65
Sample 13:-49
Sample 14:-65
Sample 15:-49
Sample 16:-43
Sample 17:-49
Sample 18:-3
Sample 19:-65
Sample 20:-13
Sample 21:-53
Sample 22:-65
Sample 23:-43
Sample 24:-49
Sample 25:-3
Sample 26:-39
Sample 27:9
Sample 28:-31
Sample 29:-31
Sample 30:-43
Sample 31:-53
Sample 32:-31
Sample 33:-43
Sample 34:-13
Sample 35:-65
Sample 36:-5
Sample 37:-65
Sample 38:-65
Sample 39:-49
Sample 40:-53
Sample 41:-13
Sample 42:-53
Sample 43:-43
Sample 44:-65
Sample 45:-31
Sample 46:-53
Sample 47:-53
Sample 48:-53
Sample 49:-31
Sample 50:-53
Sample 51:-53
Sample 52:-65
Sample 53:-65
Sample 54:-43
Sample 55:21
Sample 56:-3
Sample 57:-53
Sample 58:-49
Sample 59:-29
Sample 60:-49
Sample 61:-43
Sample 62:-53
Sample 63:-43
Sample 64:-65
Sample 65:-43
Sample 66:-65
Sample 67:-53
Sample 68:-13
Sample 69:-31
Sample 70:-43
Sample 71:-65
Sample 72:-53
Sample 73:-49
Sample 74:-65
Sample 75:-43
Sample 76:-65
Sample 77:-49
Sample 78:-13
Sample 79:-53
Sample 80:-53
Sample 81:-49
Sample 82:-43
Sample 83:-5
Sample 84:21
Sample 85:-43
Sample 86:-43
Sample 87:-13
Sample 88:-43
Sample 89:-53
Sample 90:-65
Sample 91:-13
Sample 92:-49
Sample 93:-53
Sample 94:-49
Sample 95:-13
Sample 96:-53
Sample 97:-13
Sample 98:-65
Sample 99:-47
Best Ham: -65
Sucess Probability: 0
Ham Average: -41.46
