Sample 0:-45
Sample 1:-51
Sample 2:-51
Sample 3:-37
Sample 4:-49
Sample 5:-43
Sample 6:-55
Sample 7:-45
Sample 8:-31
Sample 9:-21
Sample 10:-37
Sample 11:-61
Sample 12:-29
Sample 13:5
Sample 14:-55
Sample 15:-37
Sample 16:-53
Sample 17:-37
Sample 18:-21
Sample 19:-61
Sample 20:-49
Sample 21:-55
Sample 22:-43
Sample 23:-21
Sample 24:-55
Sample 25:-39
Sample 26:-33
Sample 27:-67
Sample 28:-27
Sample 29:-61
Sample 30:-49
Sample 31:-55
Sample 32:-33
Sample 33:-55
Sample 34:-33
Sample 35:-55
Sample 36:-21
Sample 37:-51
Sample 38:-37
Sample 39:-21
Sample 40:-45
Sample 41:-11
Sample 42:-43
Sample 43:-51
Sample 44:-43
Sample 45:-37
Sample 46:-39
Sample 47:-55
Sample 48:-51
Sample 49:-51
Sample 50:-27
Sample 51:-35
Sample 52:-43
Sample 53:7
Sample 54:-15
Sample 55:-49
Sample 56:-21
Sample 57:-45
Sample 58:-61
Sample 59:-35
Sample 60:-27
Sample 61:-33
Sample 62:-59
Sample 63:-31
Sample 64:-49
Sample 65:-61
Sample 66:-51
Sample 67:-33
Sample 68:-39
Sample 69:-61
Sample 70:-51
Sample 71:-47
Sample 72:-27
Sample 73:-11
Sample 74:-51
Sample 75:-21
Sample 76:-61
Sample 77:-61
Sample 78:-37
Sample 79:-63
Sample 80:-67
Sample 81:-61
Sample 82:-61
Sample 83:-37
Sample 84:-49
Sample 85:-31
Sample 86:-27
Sample 87:-51
Sample 88:-45
Sample 89:-31
Sample 90:-37
Sample 91:-47
Sample 92:-29
Sample 93:-35
Sample 94:-21
Sample 95:-45
Sample 96:-61
Sample 97:-29
Sample 98:-61
Sample 99:-55
Best Ham: -67
Sucess Probability: 0
Ham Average: -41.78
