Sample 0:-26
Sample 1:-26
Sample 2:16
Sample 3:-26
Sample 4:-2
Sample 5:-26
Sample 6:-26
Sample 7:-4
Sample 8:-24
Sample 9:-26
Sample 10:-24
Sample 11:-26
Sample 12:-24
Sample 13:-24
Sample 14:-24
Sample 15:-24
Sample 16:-26
Sample 17:-26
Sample 18:-24
Sample 19:-26
Sample 20:-24
Sample 21:-24
Sample 22:-2
Sample 23:-26
Sample 24:-24
Sample 25:-26
Sample 26:-24
Sample 27:-26
Sample 28:-26
Sample 29:-26
Sample 30:-2
Sample 31:-26
Sample 32:-24
Sample 33:-24
Sample 34:-24
Sample 35:-26
Sample 36:-24
Sample 37:-2
Sample 38:-24
Sample 39:-24
Sample 40:-24
Sample 41:-26
Sample 42:-26
Sample 43:-24
Sample 44:-24
Sample 45:-24
Sample 46:-24
Sample 47:-4
Sample 48:-26
Sample 49:-26
Sample 50:-26
Sample 51:-26
Sample 52:-24
Sample 53:-26
Sample 54:-4
Sample 55:-24
Sample 56:-26
Sample 57:-2
Sample 58:-26
Sample 59:-26
Sample 60:-26
Sample 61:-26
Sample 62:-24
Sample 63:-24
Sample 64:-24
Sample 65:-26
Sample 66:-24
Sample 67:-26
Sample 68:-26
Sample 69:-2
Sample 70:-24
Sample 71:-24
Sample 72:-2
Sample 73:-4
Sample 74:-2
Sample 75:-24
Sample 76:-24
Sample 77:-24
Sample 78:-2
Sample 79:-24
Sample 80:-24
Sample 81:-24
Sample 82:-24
Sample 83:-24
Sample 84:-26
Sample 85:-24
Sample 86:-24
Sample 87:-24
Sample 88:-24
Sample 89:-24
Sample 90:-24
Sample 91:-24
Sample 92:-2
Sample 93:-24
Sample 94:-2
Sample 95:-26
Sample 96:-26
Sample 97:-24
Sample 98:-24
Sample 99:-24
Best Ham: -26
Sucess Probability: 0
Ham Average: -21.08
