[[ 1  0  0 ...  0  0  7]
 [ 1  0  0 ...  0  7  0]
 [ 1  0  0 ...  7  0  0]
 ...
 [ 1 -4  7 ...  0  0  0]
 [ 1  7 -4 ...  0  0  0]
 [ 7  1  1 ...  1  1  1]]
-4
test

{(1, 21): 13, (1, 19): -4, (1, 17): -13, (1, 15): -7, (1, 14): -3, (1, 12): -12, (1, 11): -2, (1, 7): -2, (1, 6): -5, (1, 4): -7, (1, 3): -4, (1, 2): 8, (2, 21): -13, (2, 20): -6, (2, 19): 12, (2, 18): -12, (2, 17): 13, (2, 16): -11, (2, 15): -10, (2, 14): 8, (2, 9): -1, (2, 8): -5, (2, 6): -11, (2, 4): 7, (2, 3): 6, (3, 21): -13, (3, 20): -9, (3, 19): -2, (3, 18): -9, (3, 15): -6, (3, 13): -11, (3, 12): -5, (3, 11): 11, (3, 8): -1, (3, 5): -13, (4, 21): 10, (4, 20): -8, (4, 18): 10, (4, 17): -4, (4, 16): -9, (4, 15): 13, (4, 13): 5, (4, 12): -11, (4, 10): -11, (4, 9): -4, (4, 7): -3, (4, 6): 8, (4, 5): -8, (5, 19): -2, (5, 18): -14, (5, 17): -12, (5, 16): 7, (5, 14): 14, (5, 13): 6, (5, 12): 1, (5, 9): -3, (6, 21): -9, (6, 20): 4, (6, 19): 6, (6, 18): -11, (6, 17): -5, (6, 16): 1, (6, 14): 11, (6, 13): 9, (6, 12): -14, (6, 11): 11, (6, 10): 5, (6, 9): 9, (7, 21): -9, (7, 20): -6, (7, 19): 1, (7, 18): -7, (7, 17): 3, (7, 16): -7, (7, 15): -2, (7, 13): -9, (7, 9): 6, (7, 8): -14, (8, 21): 3, (8, 20): -12, (8, 19): -2, (8, 15): -3, (8, 14): -2, (8, 12): 11, (8, 11): 4, (8, 10): -6, (8, 9): 6, (9, 21): 1, (9, 20): 11, (9, 19): 4, (9, 18): 1, (9, 16): 1, (9, 15): -2, (9, 14): -13, (9, 13): -11, (9, 11): -1, (10, 21): 14, (10, 20): 5, (10, 17): 9, (10, 16): -7, (10, 15): 12, (10, 14): -6, (10, 13): -11, (10, 11): -9, (11, 21): -3, (11, 19): 2, (11, 17): -7, (11, 16): 9, (11, 15): 13, (11, 12): -5, (12, 21): -10, (12, 20): -1, (12, 18): -12, (12, 17): -14, (12, 16): 1, (12, 15): -3, (12, 14): -1, (12, 13): -13, (13, 21): -14, (13, 19): -6, (13, 17): -4, (13, 16): 4, (13, 15): -1, (14, 21): 6, (14, 20): 8, (14, 19): 12, (14, 18): -5, (14, 17): -3, (14, 16): 7, (14, 15): -12, (15, 21): 12, (15, 20): -7, (15, 19): 6, (15, 18): -6, (16, 21): -3, (16, 20): 13, (16, 19): -14, (16, 18): 6, (16, 17): 8, (17, 21): 13, (17, 19): 11, (17, 18): 9, (18, 21): -12, (18, 20): -11, (19, 21): 10, (19, 20): 3, (20, 21): 3}
test1

{}
   1 21 19 17 15 14 12 11  7  6  4  3  2 20 18 16  9  8 13  5 10 energy num_oc.
0 -1 +1 -1 -1 +1 -1 -1 -1 +1 +1 -1 +1 +1 +1 +1 -1 -1 +1 -1 +1 -1 -495.0      24
1 +1 -1 +1 +1 -1 +1 +1 +1 -1 -1 +1 -1 -1 -1 -1 +1 +1 -1 +1 -1 +1 -495.0      26
2 -1 +1 +1 -1 +1 -1 -1 -1 +1 +1 -1 +1 +1 +1 +1 +1 -1 +1 -1 +1 -1 -485.0       1
3 +1 +1 -1 +1 +1 -1 +1 -1 +1 +1 -1 +1 +1 +1 +1 -1 -1 +1 +1 +1 -1 -479.0       1
4 -1 -1 +1 -1 -1 +1 -1 +1 -1 -1 +1 -1 -1 -1 -1 +1 +1 -1 -1 -1 +1 -479.0       2
['SPIN', 5 rows, 54 samples, 21 variables]
energies=[-495.0, -495.0, -485.0, -479.0, -479.0]
