Sample 0:-1652
Sample 1:-1652
Sample 2:-1662
Sample 3:-1652
Sample 4:-1652
Sample 5:-1652
Sample 6:-1662
Sample 7:-1662
Sample 8:-1652
Sample 9:-1652
Sample 10:-1662
Sample 11:-1652
Sample 12:-1662
Sample 13:-1662
Sample 14:-1652
Sample 15:-1652
Sample 16:-1652
Sample 17:-1652
Sample 18:-1662
Sample 19:-1652
Sample 20:-1662
Sample 21:-1652
Sample 22:-1662
Sample 23:-1662
Sample 24:-1652
Sample 25:-1662
Sample 26:-1662
Sample 27:-1662
Sample 28:-1662
Sample 29:-1652
Sample 30:-1662
Sample 31:-1652
Sample 32:-1652
Sample 33:-1662
Sample 34:-1662
Sample 35:-1652
Sample 36:-1662
Sample 37:-1652
Sample 38:-1652
Sample 39:-1662
Sample 40:-1662
Sample 41:20
Sample 42:-1662
Sample 43:-1662
Sample 44:-1662
Sample 45:-1652
Sample 46:-1662
Sample 47:-1662
Sample 48:-1662
Sample 49:-1652
Sample 50:-1652
Sample 51:-1652
Sample 52:-1652
Sample 53:-1652
Sample 54:-1662
Sample 55:-1662
Sample 56:-1652
Sample 57:-1662
Sample 58:-1662
Sample 59:-1662
Sample 60:-1662
Sample 61:-1662
Sample 62:-1652
Sample 63:-1652
Sample 64:-1662
Sample 65:-1652
Sample 66:-1652
Sample 67:-1662
Sample 68:-1652
Sample 69:-1652
Sample 70:-1652
Sample 71:-1652
Sample 72:-1662
Sample 73:-1662
Sample 74:-1662
Sample 75:-1662
Sample 76:-1662
Sample 77:-1652
Sample 78:-1662
Sample 79:-1652
Sample 80:-1652
Sample 81:-1662
Sample 82:-1662
Sample 83:-1662
Sample 84:-1662
Sample 85:-1662
Sample 86:-1662
Sample 87:-1662
Sample 88:-1662
Sample 89:-1662
Sample 90:-1662
Sample 91:-1652
Sample 92:-1662
Sample 93:-1662
Sample 94:-1652
Sample 95:-1662
Sample 96:-1652
Sample 97:-1662
Sample 98:-1662
Sample 99:-1652
Best Ham: -1662
Sucess Probability: 99
Ham Average: -1640.88
