Sample 0:-9
Sample 1:-9
Sample 2:-9
Sample 3:11
Sample 4:11
Sample 5:9
Sample 6:-11
Sample 7:9
Sample 8:-9
Sample 9:11
Sample 10:-11
Sample 11:-9
Sample 12:11
Sample 13:-9
Sample 14:-9
Sample 15:-9
Sample 16:-9
Sample 17:11
Sample 18:-9
Sample 19:-9
Sample 20:11
Sample 21:-9
Sample 22:9
Sample 23:-11
Sample 24:-11
Sample 25:-9
Sample 26:9
Sample 27:-9
Sample 28:-9
Sample 29:-11
Sample 30:-11
Sample 31:11
Sample 32:11
Sample 33:11
Sample 34:-9
Sample 35:9
Sample 36:9
Sample 37:-9
Sample 38:-9
Sample 39:-9
Sample 40:-11
Sample 41:-11
Sample 42:9
Sample 43:-9
Sample 44:9
Sample 45:9
Sample 46:9
Sample 47:-9
Sample 48:-11
Sample 49:11
Sample 50:9
Sample 51:11
Sample 52:-9
Sample 53:9
Sample 54:-9
Sample 55:11
Sample 56:11
Sample 57:-11
Sample 58:-9
Sample 59:11
Sample 60:9
Sample 61:-11
Sample 62:9
Sample 63:-11
Sample 64:9
Sample 65:-11
Sample 66:11
Sample 67:-11
Sample 68:11
Sample 69:11
Sample 70:-9
Sample 71:-9
Sample 72:9
Sample 73:-11
Sample 74:11
Sample 75:-11
Sample 76:-9
Sample 77:-9
Sample 78:-11
Sample 79:11
Sample 80:-9
Sample 81:-11
Sample 82:-9
Sample 83:9
Sample 84:9
Sample 85:9
Sample 86:9
Sample 87:-9
Sample 88:-11
Sample 89:9
Sample 90:-11
Sample 91:-11
Sample 92:-9
Sample 93:9
Sample 94:-11
Sample 95:9
Sample 96:-11
Sample 97:11
Sample 98:9
Sample 99:9
Best Ham: -11
Sucess Probability: 0
Ham Average: -0.96
