Sample 0:-1992
Sample 1:-1710
Sample 2:-1710
Sample 3:-1710
Sample 4:-1710
Sample 5:-1710
Sample 6:-1710
Sample 7:-1710
Sample 8:-1710
Sample 9:-1710
Sample 10:-1710
Sample 11:-1710
Sample 12:-1710
Sample 13:-1710
Sample 14:-1710
Sample 15:-1710
Sample 16:-1710
Sample 17:-1710
Sample 18:-1710
Sample 19:-1710
Sample 20:-1710
Sample 21:-1710
Sample 22:-1710
Sample 23:-1710
Sample 24:-1710
Sample 25:-1710
Sample 26:-1710
Sample 27:-1710
Sample 28:-1710
Sample 29:-1710
Sample 30:-1710
Sample 31:-1710
Sample 32:-1710
Sample 33:-1710
Sample 34:-1710
Sample 35:-1710
Sample 36:-1710
Sample 37:-1710
Sample 38:-1710
Sample 39:-1710
Sample 40:-1710
Sample 41:-1710
Sample 42:-1710
Sample 43:-1710
Sample 44:-1710
Sample 45:-1710
Sample 46:-1710
Sample 47:-1710
Sample 48:-1710
Sample 49:-1710
Sample 50:-1710
Sample 51:-1710
Sample 52:-1710
Sample 53:-1710
Sample 54:-1710
Sample 55:-1710
Sample 56:-1710
Sample 57:-1710
Sample 58:-1710
Sample 59:-1710
Sample 60:-1710
Sample 61:-1710
Sample 62:-1710
Sample 63:-1710
Sample 64:-1710
Sample 65:-1710
Sample 66:-1710
Sample 67:-1710
Sample 68:-1710
Sample 69:-1710
Sample 70:-1710
Sample 71:-1710
Sample 72:-1710
Sample 73:-1710
Sample 74:-1710
Sample 75:-1710
Sample 76:-1710
Sample 77:-1710
Sample 78:-1710
Sample 79:-1710
Sample 80:-1710
Sample 81:-1710
Sample 82:-1710
Sample 83:-1710
Sample 84:-1710
Sample 85:-1710
Sample 86:-1710
Sample 87:-1710
Sample 88:-1710
Sample 89:-1710
Sample 90:-1710
Sample 91:94
Sample 92:-1710
Sample 93:-1710
Sample 94:-1710
Sample 95:94
Sample 96:-1710
Sample 97:-1710
Sample 98:-1710
Sample 99:-1710
Best Ham: -1992
Sucess Probability: 98
Ham Average: -1676.74
