Sample 0:-266
Sample 1:-324
Sample 2:-274
Sample 3:-258
Sample 4:-276
Sample 5:-346
Sample 6:-128
Sample 7:-380
Sample 8:-274
Sample 9:-324
Sample 10:-282
Sample 11:-346
Sample 12:-346
Sample 13:-346
Sample 14:-346
Sample 15:-276
Sample 16:-324
Sample 17:-320
Sample 18:-128
Sample 19:-380
Sample 20:-346
Sample 21:-268
Sample 22:-72
Sample 23:-42
Sample 24:-258
Sample 25:-282
Sample 26:-274
Sample 27:-76
Sample 28:-128
Sample 29:-346
Sample 30:-252
Sample 31:-346
Sample 32:-324
Sample 33:-324
Sample 34:-128
Sample 35:-364
Sample 36:-274
Sample 37:-64
Sample 38:-346
Sample 39:-316
Sample 40:-128
Sample 41:-264
Sample 42:-128
Sample 43:-346
Sample 44:0
Sample 45:-346
Sample 46:-346
Sample 47:-282
Sample 48:-282
Sample 49:-346
Sample 50:-128
Sample 51:-324
Sample 52:-46
Sample 53:-316
Sample 54:-154
Sample 55:-346
Sample 56:-282
Sample 57:-252
Sample 58:-276
Sample 59:-282
Sample 60:-282
Sample 61:-346
Sample 62:-346
Sample 63:-258
Sample 64:-128
Sample 65:-128
Sample 66:-282
Sample 67:-140
Sample 68:-316
Sample 69:-282
Sample 70:-346
Sample 71:-324
Sample 72:-316
Sample 73:-128
Sample 74:-282
Sample 75:-282
Sample 76:-282
Sample 77:-128
Sample 78:-48
Sample 79:-64
Sample 80:-346
Sample 81:-276
Sample 82:-320
Sample 83:-276
Sample 84:-128
Sample 85:-76
Sample 86:-316
Sample 87:-154
Sample 88:-346
Sample 89:-154
Sample 90:-128
Sample 91:-346
Sample 92:-324
Sample 93:-346
Sample 94:-346
Sample 95:-128
Sample 96:-276
Sample 97:-274
Sample 98:-282
Sample 99:-356
Best Ham: -380
Sucess Probability: 76
Ham Average: -255.54
