[[1 0 0 ... 0 0 7]
 [1 0 0 ... 0 7 0]
 [1 0 0 ... 7 0 0]
 ...
 [1 0 7 ... 0 0 0]
 [1 7 0 ... 0 0 0]
 [7 1 1 ... 1 1 1]]
0
test

{(1, 33): 9, (1, 27): -8, (1, 26): 14, (1, 19): 5, (1, 15): 5, (1, 14): 4, (1, 13): 10, (1, 12): 10, (1, 6): -9, (2, 33): 8, (2, 31): 10, (2, 22): -5, (2, 20): 12, (2, 19): -7, (2, 15): 14, (2, 13): 9, (2, 10): -13, (2, 4): -2, (2, 3): -9, (3, 35): 9, (3, 30): -13, (3, 29): -4, (3, 27): -11, (3, 25): 11, (3, 22): 2, (3, 15): 1, (3, 13): -13, (3, 11): 3, (3, 10): -1, (3, 8): 14, (3, 6): 13, (4, 33): -8, (4, 29): -4, (4, 28): -5, (4, 24): 10, (4, 23): -8, (4, 20): -5, (4, 18): -12, (4, 16): 12, (4, 14): -2, (4, 9): 1, (5, 34): 8, (5, 30): 3, (5, 29): -8, (5, 23): -14, (5, 20): 8, (5, 16): -6, (5, 13): -4, (5, 12): -12, (6, 35): -5, (6, 32): 10, (6, 29): 9, (6, 27): -3, (6, 20): 11, (6, 18): 2, (6, 11): -11, (6, 8): -14, (6, 7): -6, (7, 34): -7, (7, 28): -12, (7, 18): -10, (7, 14): -12, (7, 11): -9, (7, 9): -9, (7, 8): 5, (8, 34): -5, (8, 28): -1, (8, 25): 12, (8, 23): -7, (8, 19): -2, (8, 14): 8, (9, 33): -14, (9, 32): -4, (9, 28): -14, (9, 26): 7, (9, 25): 6, (9, 20): 4, (9, 17): 13, (9, 16): -12, (9, 15): -6, (9, 11): -14, (10, 35): 6, (10, 31): -6, (10, 22): 7, (10, 21): -8, (10, 20): 7, (10, 19): 12, (10, 18): 10, (10, 17): 9, (10, 16): -1, (10, 11): 6, (11, 34): -1, (11, 32): 4, (11, 26): -2, (11, 24): 10, (11, 22): -6, (11, 15): -5, (11, 13): 14, (12, 33): 2, (12, 32): -13, (12, 31): 9, (12, 30): 9, (12, 25): -5, (12, 23): -3, (12, 14): 14, (12, 13): -12, (13, 35): -12, (13, 32): 12, (13, 25): 6, (13, 22): 14, (13, 19): -14, (14, 35): 13, (14, 34): 7, (14, 29): 14, (14, 19): -12, (15, 35): 5, (15, 34): 8, (15, 30): -5, (15, 28): -11, (15, 27): 6, (15, 23): 9, (15, 17): 12, (15, 16): 11, (16, 32): -12, (16, 27): -8, (16, 26): -3, (16, 22): -8, (16, 18): 10, (16, 17): -9, (17, 34): 7, (17, 33): -11, (17, 32): 2, (17, 29): -4, (17, 27): -13, (17, 26): 13, (17, 25): 12, (17, 20): 13, (17, 19): 7, (18, 34): -7, (18, 32): 12, (18, 30): -2, (18, 21): -13, (19, 33): -5, (19, 25): 7, (20, 35): -7, (20, 34): -8, (20, 32): 5, (20, 29): -4, (20, 27): -12, (20, 24): -4, (20, 23): -6, (20, 21): -14, (21, 29): 5, (21, 24): -7, (21, 23): -9, (22, 35): 11, (22, 32): -14, (22, 26): -5, (22, 24): 9, (23, 34): -4, (23, 33): -11, (23, 30): 4, (23, 27): -3, (23, 24): -10, (24, 32): -4, (24, 30): 6, (24, 26): -13, (25, 34): -14, (25, 32): 1, (25, 31): 8, (26, 35): 14, (26, 33): -1, (27, 30): 13, (28, 32): 8, (28, 30): 2, (29, 34): 2, (29, 33): -7, (30, 32): 10, (33, 35): -14}
test1

{}
   1 33 27 26 19 15 14 13 12  6  2 31 22 20 10  4  3 35 ... 21 energy num_oc.
0 +1 -1 +1 -1 -1 -1 -1 -1 +1 -1 +1 -1 +1 -1 +1 -1 +1 -1 ... -1 -697.0      20
1 -1 +1 -1 +1 +1 +1 +1 +1 -1 +1 -1 +1 -1 +1 -1 +1 -1 +1 ... +1 -697.0      16
2 -1 +1 -1 -1 +1 +1 +1 +1 -1 +1 -1 +1 -1 +1 -1 +1 -1 +1 ... +1 -695.0      13
3 -1 +1 -1 +1 +1 +1 -1 +1 +1 +1 -1 -1 -1 +1 -1 +1 -1 +1 ... +1 -683.0       2
4 +1 -1 +1 -1 -1 -1 +1 -1 -1 -1 +1 +1 +1 -1 +1 -1 +1 -1 ... -1 -683.0       3
['SPIN', 5 rows, 54 samples, 35 variables]
energies=[-697.0, -697.0, -695.0, -683.0, -683.0]
