Sample 0:-22
Sample 1:-42
Sample 2:-22
Sample 3:-22
Sample 4:-42
Sample 5:-42
Sample 6:-42
Sample 7:-28
Sample 8:-28
Sample 9:-42
Sample 10:-26
Sample 11:-22
Sample 12:-42
Sample 13:-42
Sample 14:-22
Sample 15:-28
Sample 16:-22
Sample 17:-42
Sample 18:-22
Sample 19:-42
Sample 20:8
Sample 21:-28
Sample 22:-26
Sample 23:-28
Sample 24:-22
Sample 25:-8
Sample 26:-28
Sample 27:-42
Sample 28:-42
Sample 29:-42
Sample 30:-22
Sample 31:-28
Sample 32:-22
Sample 33:-8
Sample 34:-28
Sample 35:-8
Sample 36:-28
Sample 37:-42
Sample 38:-22
Sample 39:-42
Sample 40:-42
Sample 41:-22
Sample 42:-8
Sample 43:-42
Sample 44:-42
Sample 45:-28
Sample 46:-22
Sample 47:-42
Sample 48:-42
Sample 49:-42
Sample 50:-42
Sample 51:-42
Sample 52:-42
Sample 53:-22
Sample 54:-42
Sample 55:-22
Sample 56:-42
Sample 57:-22
Sample 58:-42
Sample 59:-42
Sample 60:-22
Sample 61:-42
Sample 62:-22
Sample 63:-22
Sample 64:-22
Sample 65:-28
Sample 66:-42
Sample 67:-42
Sample 68:-22
Sample 69:-26
Sample 70:-28
Sample 71:-22
Sample 72:-28
Sample 73:-22
Sample 74:-42
Sample 75:-28
Sample 76:-22
Sample 77:-42
Sample 78:-42
Sample 79:-28
Sample 80:-22
Sample 81:-22
Sample 82:-42
Sample 83:-42
Sample 84:-28
Sample 85:-42
Sample 86:-28
Sample 87:-8
Sample 88:-8
Sample 89:-22
Sample 90:-42
Sample 91:-42
Sample 92:-22
Sample 93:-42
Sample 94:-28
Sample 95:-22
Sample 96:-28
Sample 97:8
Sample 98:-28
Sample 99:-42
Best Ham: -42
Sucess Probability: 0
Ham Average: -29.88
