Sample 0:9
Sample 1:-1
Sample 2:9
Sample 3:-1
Sample 4:1
Sample 5:-1
Sample 6:1
Sample 7:1
Sample 8:9
Sample 9:1
Sample 10:1
Sample 11:1
Sample 12:-1
Sample 13:-9
Sample 14:1
Sample 15:1
Sample 16:-9
Sample 17:1
Sample 18:1
Sample 19:-1
Sample 20:9
Sample 21:1
Sample 22:1
Sample 23:1
Sample 24:9
Sample 25:1
Sample 26:-9
Sample 27:1
Sample 28:1
Sample 29:1
Sample 30:-1
Sample 31:-1
Sample 32:-9
Sample 33:9
Sample 34:1
Sample 35:1
Sample 36:1
Sample 37:-1
Sample 38:9
Sample 39:1
Sample 40:1
Sample 41:-1
Sample 42:-9
Sample 43:9
Sample 44:1
Sample 45:1
Sample 46:-1
Sample 47:1
Sample 48:1
Sample 49:-1
Sample 50:-9
Sample 51:-9
Sample 52:9
Sample 53:-1
Sample 54:1
Sample 55:-9
Sample 56:1
Sample 57:1
Sample 58:-9
Sample 59:9
Sample 60:-9
Sample 61:9
Sample 62:1
Sample 63:-9
Sample 64:-1
Sample 65:-1
Sample 66:-1
Sample 67:1
Sample 68:-1
Sample 69:1
Sample 70:-1
Sample 71:-9
Sample 72:1
Sample 73:-1
Sample 74:-9
Sample 75:-1
Sample 76:-9
Sample 77:-1
Sample 78:-1
Sample 79:-1
Sample 80:-1
Sample 81:1
Sample 82:-9
Sample 83:1
Sample 84:-9
Sample 85:9
Sample 86:1
Sample 87:1
Sample 88:1
Sample 89:-1
Sample 90:-9
Sample 91:-1
Sample 92:-1
Sample 93:-1
Sample 94:1
Sample 95:1
Sample 96:-1
Sample 97:1
Sample 98:1
Sample 99:1
Best Ham: -9
Sucess Probability: 0
Ham Average: -0.3
