[[1 0 0 ... 0 0 7]
 [1 0 0 ... 0 7 0]
 [1 0 0 ... 7 0 0]
 ...
 [1 0 7 ... 0 0 0]
 [1 7 0 ... 0 0 0]
 [7 1 1 ... 1 1 1]]
0
test

{(1, 17): -8, (1, 11): -13, (1, 10): -11, (1, 6): -10, (2, 18): -13, (2, 13): -2, (2, 12): -10, (2, 9): 11, (2, 8): 10, (2, 7): -5, (2, 6): 11, (2, 3): -7, (3, 19): -7, (3, 17): 9, (3, 12): -13, (3, 10): -7, (3, 8): 1, (4, 19): 3, (4, 13): -7, (4, 8): -1, (4, 7): -11, (5, 13): 11, (5, 10): 1, (5, 9): 12, (5, 8): 11, (5, 7): -2, (5, 6): 14, (6, 15): 4, (6, 13): -13, (6, 10): -10, (6, 7): 14, (7, 18): -10, (7, 17): -11, (7, 14): -10, (7, 8): -7, (8, 18): 12, (8, 16): 10, (8, 12): -5, (9, 18): -5, (9, 17): -9, (9, 16): 11, (9, 15): -10, (9, 13): 14, (10, 18): -5, (10, 17): -7, (10, 16): -7, (10, 13): 14, (10, 12): 4, (10, 11): -1, (11, 17): -10, (11, 13): -9, (12, 18): -11, (12, 17): 3, (12, 16): 5, (12, 13): 7, (13, 19): -14, (13, 17): 5, (13, 16): -5, (13, 15): -8, (14, 19): 11, (14, 17): 7, (14, 15): 6, (15, 19): 12, (15, 18): -10, (15, 17): -9, (16, 19): -6, (16, 17): -9, (18, 19): 9}
test1

{}
   1 17 11 10  6  2 18 13 12  9  8  7  3 19  4  5 15 14 16 energy num_oc.
0 +1 +1 +1 +1 +1 -1 -1 +1 -1 -1 +1 -1 -1 +1 -1 -1 -1 -1 +1 -298.0      14
1 -1 -1 -1 -1 -1 +1 +1 -1 +1 +1 -1 +1 +1 -1 +1 +1 +1 +1 -1 -298.0      18
2 +1 +1 +1 +1 +1 -1 -1 +1 -1 +1 +1 -1 -1 +1 -1 -1 +1 -1 +1 -296.0       2
3 -1 -1 -1 -1 +1 -1 -1 +1 -1 -1 +1 -1 -1 +1 -1 -1 -1 -1 +1 -280.0      10
4 +1 +1 +1 +1 -1 +1 +1 -1 +1 +1 -1 +1 +1 -1 +1 +1 +1 +1 -1 -280.0      10
['SPIN', 5 rows, 54 samples, 19 variables]
energies=[-298.0, -298.0, -296.0, -280.0, -280.0]
