[[1 0 0 ... 0 0 7]
 [1 0 0 ... 0 7 0]
 [1 0 0 ... 7 0 0]
 ...
 [1 2 7 ... 0 0 0]
 [1 7 2 ... 0 0 0]
 [7 1 1 ... 1 1 1]]
2
test

{(1, 40): 9, (1, 37): 12, (1, 36): -14, (1, 35): -2, (1, 28): -4, (1, 21): -7, (1, 20): 1, (1, 18): -3, (1, 16): -5, (1, 15): 8, (1, 13): 11, (1, 11): 1, (1, 5): 9, (1, 4): -2, (1, 2): -4, (2, 40): -11, (2, 39): 8, (2, 38): 9, (2, 36): -9, (2, 32): 7, (2, 26): 5, (2, 22): -8, (2, 16): 6, (2, 15): -11, (2, 14): -6, (2, 9): 11, (2, 7): 11, (3, 39): 1, (3, 36): -2, (3, 30): -14, (3, 27): 12, (3, 24): -5, (3, 21): 3, (3, 20): 3, (3, 14): 2, (3, 13): 2, (3, 7): -12, (4, 39): 8, (4, 38): -5, (4, 37): 4, (4, 30): -1, (4, 28): -5, (4, 26): -7, (4, 24): -6, (4, 19): -12, (4, 16): 7, (5, 27): 1, (5, 22): -3, (5, 21): -5, (5, 20): -6, (5, 17): 2, (5, 15): -2, (5, 14): 8, (5, 13): -13, (5, 11): -9, (5, 6): -8, (6, 37): 3, (6, 32): 6, (6, 26): -14, (6, 25): -6, (6, 24): -1, (6, 14): 14, (6, 13): -13, (6, 10): 6, (6, 9): 9, (7, 41): -9, (7, 39): 6, (7, 36): 9, (7, 32): 14, (7, 29): 10, (7, 26): 10, (7, 23): 2, (7, 22): 10, (7, 15): -6, (7, 12): -14, (8, 37): 6, (8, 33): 1, (8, 32): -8, (8, 31): -2, (8, 30): -11, (8, 29): 13, (8, 23): -10, (8, 20): -11, (8, 17): 10, (8, 14): -2, (8, 12): 5, (8, 11): -14, (9, 41): -2, (9, 40): -7, (9, 31): -2, (9, 24): 3, (9, 20): -5, (9, 19): -1, (9, 15): -6, (9, 14): -3, (9, 12): -13, (10, 40): -8, (10, 37): 13, (10, 36): -3, (10, 34): 6, (10, 30): -1, (10, 27): 4, (10, 23): 1, (10, 17): 3, (10, 16): 8, (10, 14): -4, (10, 12): 8, (10, 11): -5, (11, 36): 2, (11, 31): 11, (11, 28): -11, (11, 24): 11, (11, 23): -11, (11, 12): -12, (12, 37): -11, (12, 35): 14, (12, 32): 14, (12, 25): -4, (12, 24): -2, (12, 20): 2, (12, 14): 1, (13, 41): 7, (13, 40): 7, (13, 33): 3, (13, 32): -6, (13, 23): 14, (13, 22): 4, (13, 19): -13, (13, 18): -14, (13, 17): 4, (13, 16): -11, (13, 15): -13, (14, 36): 5, (14, 35): 1, (14, 31): -7, (14, 30): -5, (14, 26): -4, (14, 23): 9, (14, 22): -11, (14, 20): 6, (14, 19): -1, (14, 18): 9, (14, 16): 5, (14, 15): 9, (15, 37): 8, (15, 35): -3, (15, 32): -7, (15, 29): 6, (15, 23): -1, (15, 18): 10, (15, 17): -5, (16, 41): 12, (16, 39): 13, (16, 38): -7, (16, 37): -13, (16, 34): 5, (16, 32): 10, (16, 25): 3, (16, 24): 4, (16, 18): -7, (17, 39): 7, (17, 36): -2, (17, 34): -12, (17, 31): 3, (17, 24): -2, (18, 36): 11, (18, 27): 2, (18, 24): 8, (18, 21): 14, (19, 37): -8, (19, 33): 1, (19, 32): 1, (19, 29): -5, (19, 27): 5, (19, 23): -9, (20, 40): -2, (20, 35): 4, (20, 32): -7, (20, 27): 4, (20, 25): -14, (21, 41): 9, (21, 37): 3, (21, 33): -11, (21, 30): -3, (21, 29): -3, (21, 27): 7, (21, 24): -11, (22, 41): 9, (22, 36): 13, (22, 35): 2, (22, 30): 14, (22, 28): 2, (22, 26): 4, (22, 25): 4, (22, 24): -13, (23, 41): -7, (23, 39): -1, (23, 35): -10, (23, 32): -3, (23, 31): 9, (23, 30): 6, (23, 29): -7, (23, 28): 4, (23, 27): 3, (23, 26): -1, (23, 24): -6, (24, 34): -12, (24, 31): 4, (24, 27): 10, (24, 25): 3, (25, 38): 10, (25, 37): 11, (25, 32): 12, (25, 26): -8, (26, 27): -8, (27, 35): -6, (27, 33): -12, (27, 32): -9, (27, 31): 8, (27, 30): -8, (27, 29): -6, (28, 38): -9, (28, 36): -9, (28, 32): 7, (29, 41): -2, (29, 35): 4, (30, 39): -2, (30, 38): -14, (30, 37): -12, (30, 34): -4, (30, 32): -7, (31, 41): -11, (31, 38): -14, (31, 36): -6, (32, 39): 4, (32, 38): -8, (32, 37): -6, (32, 34): 4, (33, 37): 10, (33, 35): 1, (34, 35): 8, (35, 39): 9, (36, 41): -5, (36, 37): 11, (37, 40): -8, (37, 39): 6}
test1

{}
   1 40 37 36 35 28 21 20 18 16 15 13 11  5  4  2 39 38 ... 34 energy num_oc.
0 -1 -1 +1 -1 +1 +1 -1 +1 +1 +1 +1 +1 +1 +1 +1 -1 -1 +1 ... -1 -729.0      11
1 -1 +1 +1 -1 +1 +1 -1 +1 +1 +1 +1 +1 +1 +1 +1 -1 -1 +1 ... -1 -729.0       8
2 +1 -1 -1 +1 -1 -1 +1 -1 -1 -1 -1 -1 -1 -1 -1 +1 +1 -1 ... +1 -729.0      10
3 +1 +1 -1 +1 -1 -1 +1 -1 -1 -1 -1 -1 -1 -1 -1 +1 +1 -1 ... +1 -729.0      14
4 +1 -1 -1 +1 -1 -1 +1 -1 -1 -1 -1 -1 -1 -1 -1 +1 +1 -1 ... +1 -727.0       1
5 +1 +1 -1 +1 -1 -1 +1 -1 -1 -1 -1 -1 -1 -1 -1 +1 +1 -1 ... +1 -727.0       9
6 -1 -1 +1 -1 +1 +1 -1 +1 +1 +1 +1 +1 +1 +1 +1 -1 -1 +1 ... -1 -727.0       1
['SPIN', 7 rows, 54 samples, 41 variables]
energies=[-729.0, -729.0, -729.0, -729.0, -727.0, -727.0, -727.0]
