Sample 0:-9
Sample 1:-103
Sample 2:-119
Sample 3:-103
Sample 4:-87
Sample 5:-95
Sample 6:-111
Sample 7:-23
Sample 8:-65
Sample 9:-1
Sample 10:-87
Sample 11:-103
Sample 12:-95
Sample 13:-111
Sample 14:-87
Sample 15:-111
Sample 16:-95
Sample 17:-87
Sample 18:-111
Sample 19:-1
Sample 20:-111
Sample 21:-95
Sample 22:-87
Sample 23:-95
Sample 24:-1
Sample 25:-111
Sample 26:-95
Sample 27:25
Sample 28:-103
Sample 29:-111
Sample 30:-111
Sample 31:-87
Sample 32:-1
Sample 33:-87
Sample 34:-95
Sample 35:-103
Sample 36:-95
Sample 37:-95
Sample 38:-119
Sample 39:-95
Sample 40:-95
Sample 41:-87
Sample 42:-103
Sample 43:-65
Sample 44:-87
Sample 45:-1
Sample 46:-103
Sample 47:-87
Sample 48:-103
Sample 49:-13
Sample 50:-103
Sample 51:-111
Sample 52:-95
Sample 53:-95
Sample 54:-111
Sample 55:-95
Sample 56:-95
Sample 57:-103
Sample 58:25
Sample 59:-103
Sample 60:-103
Sample 61:-95
Sample 62:-87
Sample 63:-87
Sample 64:-111
Sample 65:-111
Sample 66:-87
Sample 67:-119
Sample 68:33
Sample 69:-103
Sample 70:-111
Sample 71:-87
Sample 72:33
Sample 73:-87
Sample 74:-1
Sample 75:-95
Sample 76:-13
Sample 77:-87
Sample 78:-87
Sample 79:-95
Sample 80:-65
Sample 81:-119
Sample 82:-111
Sample 83:-95
Sample 84:-119
Sample 85:-95
Sample 86:-15
Sample 87:-119
Sample 88:-103
Sample 89:-103
Sample 90:-77
Sample 91:-119
Sample 92:-103
Sample 93:-103
Sample 94:-111
Sample 95:-31
Sample 96:-87
Sample 97:-103
Sample 98:-111
Sample 99:-87
Best Ham: -119
Sucess Probability: 0
Ham Average: -82.82
