[[ 1  0  0 ...  0  0  7]
 [ 1  0  0 ...  0  7  0]
 [ 1  0  0 ...  7  0  0]
 ...
 [ 1  0  7 ...  0  0  0]
 [ 1  7 -1 ...  0  0  0]
 [ 7  1  1 ...  1  1  1]]
-1
test

{(1, 46): 3, (1, 44): -14, (1, 42): -8, (1, 40): -1, (1, 29): 11, (1, 28): 2, (1, 23): -12, (1, 22): 6, (1, 17): 10, (1, 16): 6, (1, 11): -9, (1, 8): -4, (1, 2): 1, (2, 45): -5, (2, 33): -4, (2, 32): 6, (2, 27): -5, (2, 26): -4, (2, 20): -9, (2, 17): -13, (2, 16): 9, (2, 14): 12, (2, 8): 4, (2, 7): -5, (2, 6): 4, (3, 44): 11, (3, 43): 9, (3, 42): 5, (3, 33): 1, (3, 30): 8, (3, 28): 14, (3, 26): -14, (3, 17): 14, (3, 11): 12, (3, 9): 10, (3, 7): 8, (4, 45): -8, (4, 44): -13, (4, 41): -6, (4, 36): -6, (4, 33): -7, (4, 21): 8, (4, 14): -2, (4, 13): -4, (4, 12): -6, (4, 9): 14, (4, 8): -11, (4, 6): 7, (4, 5): -3, (5, 53): -7, (5, 52): -12, (5, 51): -7, (5, 50): -5, (5, 49): -6, (5, 47): 4, (5, 46): 7, (5, 45): 8, (5, 42): 12, (5, 33): 9, (5, 31): -13, (5, 23): 10, (5, 22): -7, (5, 21): 2, (5, 19): 3, (5, 16): -8, (5, 10): 8, (5, 9): -14, (5, 7): 3, (6, 49): -5, (6, 40): 1, (6, 35): 2, (6, 33): 1, (6, 30): 3, (6, 26): 3, (6, 25): -6, (6, 24): -12, (6, 22): -4, (6, 15): 8, (6, 10): -10, (7, 48): -5, (7, 45): 2, (7, 43): -13, (7, 41): 6, (7, 38): 1, (7, 35): -3, (7, 34): 7, (7, 28): 7, (7, 25): -6, (7, 22): -14, (7, 20): -13, (7, 18): -9, (7, 10): -8, (8, 52): 7, (8, 44): 9, (8, 41): 6, (8, 36): 1, (8, 34): -5, (8, 33): 9, (8, 24): -13, (8, 23): -14, (8, 22): -4, (8, 20): 7, (8, 18): -14, (8, 17): 9, (8, 16): 7, (8, 15): -11, (8, 13): -12, (8, 11): -1, (8, 9): -8, (9, 50): 13, (9, 48): -7, (9, 46): -3, (9, 41): -2, (9, 40): -7, (9, 37): 5, (9, 35): 13, (9, 34): 11, (9, 26): 11, (9, 23): 14, (9, 20): 9, (9, 17): -4, (9, 12): 1, (10, 53): 6, (10, 52): 14, (10, 46): -12, (10, 43): -7, (10, 42): -11, (10, 41): -11, (10, 40): 6, (10, 36): 5, (10, 34): 6, (10, 27): 7, (10, 23): 7, (10, 19): 6, (10, 18): -13, (10, 16): 9, (10, 15): -2, (10, 14): 1, (11, 53): -2, (11, 52): 10, (11, 49): -1, (11, 44): -6, (11, 42): -4, (11, 35): -6, (11, 34): -4, (11, 32): -13, (11, 28): 7, (11, 22): 7, (11, 17): 3, (11, 16): -7, (11, 15): 5, (11, 13): -6, (12, 53): 4, (12, 52): 3, (12, 37): 14, (12, 35): -2, (12, 33): -2, (12, 31): -13, (12, 25): -1, (12, 24): 6, (12, 23): -10, (12, 20): -10, (12, 15): 7, (12, 14): 12, (12, 13): -10, (13, 45): 6, (13, 44): -10, (13, 42): 14, (13, 40): -7, (13, 39): -12, (13, 36): -4, (13, 28): -11, (13, 25): -11, (13, 18): -3, (13, 17): -12, (13, 14): -1, (14, 49): -4, (14, 48): -11, (14, 47): 14, (14, 42): -10, (14, 39): -14, (14, 38): 1, (14, 32): -11, (14, 27): -3, (14, 24): -1, (14, 22): 7, (14, 20): -9, (14, 19): 1, (14, 16): -4, (15, 50): 7, (15, 48): 12, (15, 36): -4, (15, 32): -8, (15, 31): 5, (15, 23): 14, (15, 22): 4, (16, 53): -13, (16, 51): -8, (16, 49): -7, (16, 48): 3, (16, 41): 3, (16, 39): 7, (16, 34): -12, (16, 30): 9, (16, 23): 9, (16, 22): 13, (17, 51): 13, (17, 40): -6, (17, 32): 9, (17, 31): 2, (17, 26): 10, (17, 21): -12, (17, 19): -6, (17, 18): 1, (18, 53): -9, (18, 52): 10, (18, 50): -12, (18, 49): 2, (18, 48): -12, (18, 47): -12, (18, 43): -12, (18, 42): -10, (18, 38): -1, (18, 37): 6, (18, 36): 5, (18, 33): -4, (18, 24): 9, (19, 53): 14, (19, 48): 14, (19, 47): 13, (19, 45): -4, (19, 41): -12, (19, 40): 11, (19, 36): 10, (19, 26): -13, (19, 23): 3, (19, 21): -14, (19, 20): 2, (20, 42): -11, (20, 39): 7, (20, 37): 5, (20, 32): -7, (20, 28): -7, (20, 27): -8, (20, 26): 13, (20, 23): -11, (20, 22): 7, (21, 52): 10, (21, 50): 14, (21, 48): -2, (21, 47): 1, (21, 46): -7, (21, 43): 14, (21, 39): 11, (21, 37): 10, (21, 36): 8, (21, 35): 2, (21, 34): -10, (21, 32): 8, (21, 29): 9, (21, 27): 5, (21, 24): -14, (22, 47): 12, (22, 42): -2, (22, 40): 1, (22, 39): 8, (22, 34): -12, (22, 33): 3, (22, 25): 4, (22, 24): -2, (22, 23): -7, (23, 53): -5, (23, 52): 9, (23, 50): 1, (23, 47): -7, (23, 46): 5, (23, 45): 4, (23, 44): -10, (23, 41): -8, (23, 29): 11, (23, 24): 9, (24, 53): 5, (24, 52): 8, (24, 51): -4, (24, 50): -11, (24, 44): -6, (24, 37): -9, (24, 34): 8, (24, 31): 7, (24, 29): -5, (24, 26): 7, (25, 53): 7, (25, 50): 3, (25, 47): 5, (25, 43): -6, (25, 41): 14, (25, 40): -13, (25, 39): -2, (25, 37): 10, (25, 35): -14, (25, 29): 3, (25, 28): -13, (25, 26): 3, (26, 52): 2, (26, 47): -12, (26, 45): -14, (26, 34): 11, (26, 29): 1, (27, 51): -8, (27, 50): 3, (27, 47): -12, (27, 43): 7, (27, 39): -8, (27, 37): 12, (27, 33): 1, (27, 29): 1, (28, 52): 8, (28, 50): -2, (28, 48): -5, (28, 47): 5, (28, 38): 14, (28, 36): 14, (28, 33): -4, (28, 31): 4, (29, 53): -12, (29, 52): -7, (29, 50): 12, (29, 49): -4, (29, 46): 13, (29, 45): 3, (29, 41): -14, (29, 40): 14, (29, 39): 11, (29, 36): 11, (29, 33): -13, (30, 51): -10, (30, 47): 8, (30, 35): 13, (30, 33): 2, (30, 32): -10, (31, 53): -1, (31, 51): -6, (31, 50): 12, (31, 48): 3, (31, 44): 3, (31, 38): -12, (31, 36): -1, (31, 32): 4, (32, 52): -5, (32, 50): 4, (32, 46): -7, (32, 45): -13, (32, 38): -11, (32, 37): 14, (33, 53): 10, (33, 44): -6, (33, 39): -14, (33, 36): -2, (33, 35): -13, (34, 53): 2, (34, 51): 6, (34, 38): -14, (35, 51): 6, (35, 48): -10, (35, 47): -14, (35, 46): 10, (35, 45): 14, (35, 40): -6, (36, 52): 10, (36, 44): 7, (36, 39): 13, (36, 37): -1, (37, 52): 11, (37, 49): -10, (37, 47): 10, (37, 46): -12, (37, 44): 11, (38, 52): -8, (38, 51): -3, (38, 43): 7, (39, 49): -8, (39, 46): 5, (39, 43): 9, (40, 53): 9, (40, 50): 5, (40, 46): -6, (40, 45): -14, (41, 49): 10, (41, 47): 11, (41, 45): 14, (41, 42): -8, (42, 53): -3, (42, 50): 9, (42, 47): -7, (42, 45): 12, (42, 43): 13, (43, 53): 7, (43, 52): -14, (44, 50): -2, (44, 48): -7, (45, 51): 2, (45, 47): 2, (46, 53): 9, (46, 49): 7, (46, 47): 8, (47, 51): 6, (47, 48): -2, (49, 53): -1, (49, 51): 2, (49, 50): 5, (50, 53): -9, (51, 52): -14, (52, 53): -7}
test1

{}
   1 46 44 42 40 29 28 23 22 17 16 11  8  2 45 33 32 27 ... 39  energy num_oc.
0 -1 -1 -1 -1 -1 +1 -1 -1 -1 -1 +1 -1 -1 -1 +1 -1 +1 +1 ... +1 -1301.0      18
1 +1 +1 +1 +1 +1 -1 +1 +1 +1 +1 -1 +1 +1 +1 -1 +1 -1 -1 ... -1 -1301.0      28
2 -1 -1 -1 -1 -1 +1 -1 -1 +1 -1 +1 -1 +1 -1 -1 -1 -1 -1 ... -1 -1291.0       2
3 +1 +1 +1 +1 +1 -1 +1 +1 -1 +1 -1 +1 -1 +1 +1 +1 +1 +1 ... +1 -1291.0       3
4 +1 +1 +1 +1 +1 -1 +1 +1 -1 -1 -1 +1 +1 +1 +1 +1 +1 +1 ... +1 -1291.0       1
5 +1 +1 +1 +1 +1 -1 +1 +1 -1 -1 -1 +1 +1 +1 +1 +1 +1 +1 ... +1 -1291.0       1
6 -1 -1 -1 -1 -1 +1 -1 -1 +1 +1 +1 -1 -1 -1 -1 -1 -1 -1 ... -1 -1291.0       3
7 +1 +1 +1 +1 +1 -1 +1 +1 -1 +1 -1 +1 +1 +1 +1 +1 +1 +1 ... +1 -1287.0       1
8 -1 +1 -1 +1 -1 +1 +1 -1 +1 +1 -1 -1 -1 +1 -1 -1 -1 -1 ... -1 -1255.0       1
['SPIN', 9 rows, 58 samples, 53 variables]
energies=[-1301.0, -1301.0, -1291.0, -1291.0, -1291.0, -1291.0, -1291.0, -1287.0, -1255.0]
