Sample 0:-1727
Sample 1:-1715
Sample 2:-1715
Sample 3:-1715
Sample 4:-1715
Sample 5:-1715
Sample 6:-1715
Sample 7:-1715
Sample 8:-1715
Sample 9:-1715
Sample 10:-1715
Sample 11:-1715
Sample 12:-1715
Sample 13:-1715
Sample 14:-1715
Sample 15:-1715
Sample 16:-1715
Sample 17:-1715
Sample 18:-1715
Sample 19:-1715
Sample 20:-1715
Sample 21:37
Sample 22:-1715
Sample 23:-1715
Sample 24:-1715
Sample 25:-1715
Sample 26:-1715
Sample 27:-1715
Sample 28:-1715
Sample 29:-1715
Sample 30:-1715
Sample 31:-1715
Sample 32:-1715
Sample 33:-1715
Sample 34:-1715
Sample 35:-1715
Sample 36:-1715
Sample 37:-1715
Sample 38:-1715
Sample 39:-1715
Sample 40:-1715
Sample 41:-1715
Sample 42:-1715
Sample 43:-1715
Sample 44:-1715
Sample 45:-1715
Sample 46:-1715
Sample 47:-1715
Sample 48:-1715
Sample 49:-1715
Sample 50:-1715
Sample 51:-1715
Sample 52:-1715
Sample 53:-1715
Sample 54:-1715
Sample 55:-1715
Sample 56:-1715
Sample 57:-1715
Sample 58:-1715
Sample 59:-1715
Sample 60:-1715
Sample 61:-1715
Sample 62:-1715
Sample 63:-1715
Sample 64:-1715
Sample 65:-1715
Sample 66:-1715
Sample 67:-1715
Sample 68:-1715
Sample 69:-1715
Sample 70:-1715
Sample 71:-1715
Sample 72:-1715
Sample 73:-1715
Sample 74:-1715
Sample 75:-1715
Sample 76:-1715
Sample 77:-1715
Sample 78:-1715
Sample 79:-1715
Sample 80:-1715
Sample 81:-1715
Sample 82:-1715
Sample 83:-1715
Sample 84:-1715
Sample 85:-1715
Sample 86:-1715
Sample 87:-1715
Sample 88:-1715
Sample 89:-1715
Sample 90:-1715
Sample 91:-1715
Sample 92:-1715
Sample 93:-1715
Sample 94:-1715
Sample 95:-1715
Sample 96:-1715
Sample 97:-1715
Sample 98:-1715
Sample 99:-1715
Best Ham: -1727
Sucess Probability: 99
Ham Average: -1697.6
