Sample 0:-506
Sample 1:-410
Sample 2:-416
Sample 3:-410
Sample 4:-286
Sample 5:-506
Sample 6:-448
Sample 7:-506
Sample 8:-410
Sample 9:-264
Sample 10:-574
Sample 11:-276
Sample 12:-536
Sample 13:-416
Sample 14:-506
Sample 15:-410
Sample 16:-536
Sample 17:-368
Sample 18:-398
Sample 19:-506
Sample 20:-574
Sample 21:-416
Sample 22:-506
Sample 23:-536
Sample 24:-264
Sample 25:-320
Sample 26:-368
Sample 27:-536
Sample 28:-440
Sample 29:-416
Sample 30:-416
Sample 31:-398
Sample 32:-416
Sample 33:-414
Sample 34:-186
Sample 35:-416
Sample 36:-506
Sample 37:-536
Sample 38:-278
Sample 39:-416
Sample 40:-540
Sample 41:-370
Sample 42:-410
Sample 43:-286
Sample 44:-382
Sample 45:-286
Sample 46:-408
Sample 47:-402
Sample 48:-506
Sample 49:-286
Sample 50:-338
Sample 51:-402
Sample 52:-414
Sample 53:-410
Sample 54:-416
Sample 55:-410
Sample 56:-506
Sample 57:-536
Sample 58:-506
Sample 59:-544
Sample 60:-574
Sample 61:-402
Sample 62:-506
Sample 63:-410
Sample 64:-478
Sample 65:-420
Sample 66:-506
Sample 67:-410
Sample 68:-506
Sample 69:-478
Sample 70:-506
Sample 71:-506
Sample 72:-368
Sample 73:-506
Sample 74:-506
Sample 75:-330
Sample 76:-416
Sample 77:-410
Sample 78:-506
Sample 79:-410
Sample 80:-478
Sample 81:-414
Sample 82:-382
Sample 83:-478
Sample 84:-410
Sample 85:-478
Sample 86:-536
Sample 87:-410
Sample 88:-416
Sample 89:-416
Sample 90:-382
Sample 91:-478
Sample 92:-478
Sample 93:-410
Sample 94:28
Sample 95:-478
Sample 96:-410
Sample 97:-448
Sample 98:-574
Sample 99:-574
Best Ham: -574
Sucess Probability: 99
Ham Average: -431.8
