Sample 0:-75
Sample 1:-117
Sample 2:-85
Sample 3:-25
Sample 4:-35
Sample 5:-73
Sample 6:-107
Sample 7:-51
Sample 8:-137
Sample 9:-57
Sample 10:-107
Sample 11:-109
Sample 12:-63
Sample 13:-39
Sample 14:-121
Sample 15:-101
Sample 16:-103
Sample 17:-127
Sample 18:-93
Sample 19:-107
Sample 20:-107
Sample 21:-87
Sample 22:-109
Sample 23:-85
Sample 24:-69
Sample 25:-143
Sample 26:-91
Sample 27:-57
Sample 28:-85
Sample 29:-107
Sample 30:-81
Sample 31:-103
Sample 32:-131
Sample 33:-107
Sample 34:-85
Sample 35:-131
Sample 36:-137
Sample 37:-101
Sample 38:-35
Sample 39:-107
Sample 40:-107
Sample 41:-41
Sample 42:-51
Sample 43:-117
Sample 44:-3
Sample 45:-121
Sample 46:-53
Sample 47:-137
Sample 48:35
Sample 49:-57
Sample 50:-51
Sample 51:-51
Sample 52:-131
Sample 53:-127
Sample 54:-101
Sample 55:-137
Sample 56:-91
Sample 57:-87
Sample 58:-61
Sample 59:-109
Sample 60:-19
Sample 61:-87
Sample 62:-109
Sample 63:-107
Sample 64:-57
Sample 65:-101
Sample 66:-71
Sample 67:-51
Sample 68:-69
Sample 69:-117
Sample 70:-137
Sample 71:-19
Sample 72:-111
Sample 73:-57
Sample 74:-131
Sample 75:-75
Sample 76:-41
Sample 77:-61
Sample 78:-63
Sample 79:-69
Sample 80:-137
Sample 81:-67
Sample 82:-125
Sample 83:-67
Sample 84:-91
Sample 85:-107
Sample 86:-131
Sample 87:-111
Sample 88:-35
Sample 89:-107
Sample 90:-101
Sample 91:-131
Sample 92:-101
Sample 93:-61
Sample 94:-91
Sample 95:-103
Sample 96:-89
Sample 97:-105
Sample 98:-73
Sample 99:-85
Best Ham: -143
Sucess Probability: 0
Ham Average: -87.58
