Sample 0:-34
Sample 1:-34
Sample 2:-32
Sample 3:-34
Sample 4:-34
Sample 5:-32
Sample 6:-34
Sample 7:-32
Sample 8:-34
Sample 9:-32
Sample 10:-32
Sample 11:-32
Sample 12:-32
Sample 13:-32
Sample 14:-34
Sample 15:-32
Sample 16:-34
Sample 17:-32
Sample 18:-34
Sample 19:-34
Sample 20:-32
Sample 21:-32
Sample 22:-34
Sample 23:-32
Sample 24:-32
Sample 25:-34
Sample 26:-32
Sample 27:-32
Sample 28:-32
Sample 29:-34
Sample 30:-32
Sample 31:-32
Sample 32:-32
Sample 33:-32
Sample 34:-32
Sample 35:-34
Sample 36:-32
Sample 37:-34
Sample 38:-34
Sample 39:-34
Sample 40:-32
Sample 41:-34
Sample 42:-34
Sample 43:-32
Sample 44:-34
Sample 45:-34
Sample 46:-34
Sample 47:-32
Sample 48:-34
Sample 49:-32
Sample 50:-32
Sample 51:-34
Sample 52:-32
Sample 53:-32
Sample 54:-34
Sample 55:-34
Sample 56:-34
Sample 57:20
Sample 58:-34
Sample 59:-32
Sample 60:-34
Sample 61:-32
Sample 62:-34
Sample 63:-34
Sample 64:-32
Sample 65:-32
Sample 66:-32
Sample 67:-34
Sample 68:-34
Sample 69:-34
Sample 70:-32
Sample 71:-34
Sample 72:-34
Sample 73:-34
Sample 74:-34
Sample 75:-34
Sample 76:-32
Sample 77:-32
Sample 78:-32
Sample 79:-32
Sample 80:-34
Sample 81:-34
Sample 82:-32
Sample 83:-34
Sample 84:-34
Sample 85:-34
Sample 86:-34
Sample 87:-34
Sample 88:-34
Sample 89:-32
Sample 90:-32
Sample 91:-32
Sample 92:-34
Sample 93:-34
Sample 94:-34
Sample 95:-34
Sample 96:-32
Sample 97:-32
Sample 98:-32
Sample 99:-32
Best Ham: -34
Sucess Probability: 0
Ham Average: -32.5
