Sample 0:-15
Sample 1:21
Sample 2:-15
Sample 3:-15
Sample 4:-15
Sample 5:-15
Sample 6:-15
Sample 7:-9
Sample 8:-9
Sample 9:-9
Sample 10:-9
Sample 11:-15
Sample 12:-15
Sample 13:-15
Sample 14:-9
Sample 15:-9
Sample 16:-9
Sample 17:-15
Sample 18:-9
Sample 19:-15
Sample 20:-15
Sample 21:-15
Sample 22:-15
Sample 23:-15
Sample 24:-15
Sample 25:21
Sample 26:-15
Sample 27:-15
Sample 28:-15
Sample 29:-15
Sample 30:-9
Sample 31:-9
Sample 32:-9
Sample 33:-9
Sample 34:21
Sample 35:21
Sample 36:-9
Sample 37:-9
Sample 38:-9
Sample 39:-9
Sample 40:-15
Sample 41:21
Sample 42:-15
Sample 43:-9
Sample 44:-15
Sample 45:21
Sample 46:-15
Sample 47:-9
Sample 48:-15
Sample 49:-15
Sample 50:-15
Sample 51:-15
Sample 52:21
Sample 53:-15
Sample 54:-15
Sample 55:-9
Sample 56:-15
Sample 57:-9
Sample 58:-15
Sample 59:-15
Sample 60:-15
Sample 61:-15
Sample 62:-15
Sample 63:-15
Sample 64:-15
Sample 65:-15
Sample 66:21
Sample 67:-15
Sample 68:-15
Sample 69:-15
Sample 70:-9
Sample 71:-15
Sample 72:-9
Sample 73:21
Sample 74:-15
Sample 75:-15
Sample 76:-15
Sample 77:-15
Sample 78:-9
Sample 79:-9
Sample 80:-15
Sample 81:-15
Sample 82:-15
Sample 83:-15
Sample 84:-9
Sample 85:-15
Sample 86:-15
Sample 87:-9
Sample 88:-15
Sample 89:-15
Sample 90:-15
Sample 91:-9
Sample 92:-15
Sample 93:-15
Sample 94:-15
Sample 95:-15
Sample 96:-9
Sample 97:-15
Sample 98:-9
Sample 99:-15
Best Ham: -15
Sucess Probability: 0
Ham Average: -10.02
