Sample 0:-827
Sample 1:-827
Sample 2:-815
Sample 3:-815
Sample 4:97
Sample 5:-827
Sample 6:-815
Sample 7:-815
Sample 8:-815
Sample 9:-815
Sample 10:-815
Sample 11:-815
Sample 12:-815
Sample 13:-827
Sample 14:-815
Sample 15:-815
Sample 16:-815
Sample 17:-815
Sample 18:-827
Sample 19:-827
Sample 20:-815
Sample 21:-827
Sample 22:-815
Sample 23:-815
Sample 24:-815
Sample 25:-815
Sample 26:-827
Sample 27:-815
Sample 28:-827
Sample 29:-827
Sample 30:-827
Sample 31:-815
Sample 32:-827
Sample 33:-827
Sample 34:-815
Sample 35:-815
Sample 36:-827
Sample 37:-827
Sample 38:-815
Sample 39:-827
Sample 40:-815
Sample 41:-827
Sample 42:-815
Sample 43:-827
Sample 44:-827
Sample 45:-827
Sample 46:-815
Sample 47:-815
Sample 48:-815
Sample 49:-815
Sample 50:-815
Sample 51:-815
Sample 52:-815
Sample 53:-827
Sample 54:-827
Sample 55:-827
Sample 56:-827
Sample 57:-827
Sample 58:-827
Sample 59:-815
Sample 60:-827
Sample 61:-815
Sample 62:-827
Sample 63:-815
Sample 64:-827
Sample 65:-827
Sample 66:-815
Sample 67:-815
Sample 68:-827
Sample 69:-815
Sample 70:-827
Sample 71:-827
Sample 72:-815
Sample 73:-827
Sample 74:-815
Sample 75:-815
Sample 76:-815
Sample 77:-815
Sample 78:-815
Sample 79:-815
Sample 80:-815
Sample 81:-827
Sample 82:-815
Sample 83:-815
Sample 84:-827
Sample 85:-827
Sample 86:-815
Sample 87:-827
Sample 88:-815
Sample 89:-827
Sample 90:-827
Sample 91:-827
Sample 92:-827
Sample 93:-827
Sample 94:-815
Sample 95:-827
Sample 96:-827
Sample 97:-815
Sample 98:-815
Sample 99:-815
Best Ham: -827
Sucess Probability: 99
Ham Average: -811.28
