[[ 1  0  0 ...  0  0  7]
 [ 1  0  0 ...  0  7  0]
 [ 1  0  0 ...  7  0  0]
 ...
 [ 1 -6  7 ...  0  0  0]
 [ 1  7 -7 ...  0  0  0]
 [ 7  1  1 ...  1  1  1]]
-7
test

{(1, 13): 1, (1, 12): -9, (1, 11): -3, (1, 5): 11, (1, 2): 13, (2, 18): -8, (2, 17): -1, (2, 6): -10, (3, 16): -3, (3, 15): -1, (3, 14): 7, (3, 10): -7, (3, 6): -7, (4, 15): -8, (4, 14): 4, (4, 8): 13, (4, 7): -3, (4, 5): -2, (5, 18): 12, (5, 17): 2, (5, 11): -7, (5, 7): -2, (6, 15): 4, (6, 13): 11, (6, 11): -2, (7, 16): -11, (7, 14): -9, (7, 13): 8, (7, 12): -14, (7, 11): 2, (7, 10): 3, (7, 9): -8, (8, 17): 7, (8, 14): 2, (8, 11): -6, (8, 9): -12, (9, 18): 12, (9, 13): 12, (10, 15): 1, (10, 11): 5, (11, 15): -3, (12, 17): -5, (12, 13): -8, (13, 14): 1, (15, 18): 7, (15, 17): -3}
test1

{}
   1 13 12 11  5  2 18 17  6  3 16 15 14 10  4  8  7  9 energy num_oc.
0 -1 -1 -1 +1 +1 +1 -1 -1 +1 -1 +1 -1 +1 -1 -1 +1 +1 +1 -176.0      14
1 -1 -1 -1 +1 +1 +1 -1 -1 +1 +1 -1 -1 -1 +1 -1 +1 -1 +1 -176.0       4
2 +1 +1 +1 -1 -1 -1 +1 +1 -1 -1 +1 +1 +1 -1 +1 -1 +1 -1 -176.0       7
3 +1 +1 +1 -1 -1 -1 +1 +1 -1 +1 -1 +1 -1 +1 +1 -1 -1 -1 -176.0      20
4 +1 -1 +1 +1 +1 -1 -1 -1 -1 -1 +1 +1 +1 -1 -1 +1 +1 +1 -168.0       7
['SPIN', 5 rows, 52 samples, 18 variables]
energies=[-176.0, -176.0, -176.0, -176.0, -168.0]
