Sample 0:-1
Sample 1:-19
Sample 2:-33
Sample 3:-23
Sample 4:5
Sample 5:-27
Sample 6:15
Sample 7:-39
Sample 8:1
Sample 9:-25
Sample 10:5
Sample 11:-37
Sample 12:-39
Sample 13:-3
Sample 14:5
Sample 15:-33
Sample 16:-23
Sample 17:-37
Sample 18:-35
Sample 19:-39
Sample 20:5
Sample 21:7
Sample 22:5
Sample 23:7
Sample 24:-37
Sample 25:-19
Sample 26:-7
Sample 27:-27
Sample 28:-1
Sample 29:-29
Sample 30:-33
Sample 31:1
Sample 32:-29
Sample 33:7
Sample 34:-39
Sample 35:-7
Sample 36:-9
Sample 37:-39
Sample 38:-1
Sample 39:-9
Sample 40:-1
Sample 41:-1
Sample 42:-33
Sample 43:-37
Sample 44:-27
Sample 45:-23
Sample 46:-33
Sample 47:-27
Sample 48:-11
Sample 49:-23
Sample 50:-37
Sample 51:-37
Sample 52:-3
Sample 53:-33
Sample 54:-25
Sample 55:-33
Sample 56:-1
Sample 57:7
Sample 58:-3
Sample 59:-37
Sample 60:-33
Sample 61:-35
Sample 62:-25
Sample 63:-37
Sample 64:-9
Sample 65:-1
Sample 66:-33
Sample 67:-33
Sample 68:-39
Sample 69:23
Sample 70:-27
Sample 71:-27
Sample 72:-5
Sample 73:-21
Sample 74:-27
Sample 75:-33
Sample 76:-23
Sample 77:-37
Sample 78:-11
Sample 79:-11
Sample 80:-15
Sample 81:-21
Sample 82:7
Sample 83:-39
Sample 84:15
Sample 85:-31
Sample 86:-15
Sample 87:-13
Sample 88:13
Sample 89:-13
Sample 90:-37
Sample 91:7
Sample 92:-39
Sample 93:-39
Sample 94:-3
Sample 95:-9
Sample 96:-19
Sample 97:-13
Sample 98:5
Sample 99:-37
Best Ham: -39
Sucess Probability: 0
Ham Average: -17.94
