Sample 0:-101
Sample 1:-149
Sample 2:-113
Sample 3:-143
Sample 4:-143
Sample 5:-31
Sample 6:-149
Sample 7:-145
Sample 8:-151
Sample 9:-75
Sample 10:-127
Sample 11:-151
Sample 12:-149
Sample 13:3
Sample 14:-137
Sample 15:-151
Sample 16:-109
Sample 17:-95
Sample 18:-103
Sample 19:-125
Sample 20:-125
Sample 21:-127
Sample 22:-93
Sample 23:-125
Sample 24:-129
Sample 25:-143
Sample 26:-141
Sample 27:-135
Sample 28:-117
Sample 29:-133
Sample 30:-143
Sample 31:-125
Sample 32:-133
Sample 33:-127
Sample 34:-149
Sample 35:11
Sample 36:-151
Sample 37:-143
Sample 38:-125
Sample 39:-9
Sample 40:-127
Sample 41:-109
Sample 42:-141
Sample 43:-119
Sample 44:-133
Sample 45:-3
Sample 46:-129
Sample 47:-25
Sample 48:-125
Sample 49:-101
Sample 50:-149
Sample 51:-143
Sample 52:-111
Sample 53:-145
Sample 54:-101
Sample 55:-117
Sample 56:-127
Sample 57:-151
Sample 58:-151
Sample 59:-67
Sample 60:-125
Sample 61:-157
Sample 62:-133
Sample 63:-105
Sample 64:-17
Sample 65:-135
Sample 66:-133
Sample 67:-3
Sample 68:-109
Sample 69:-17
Sample 70:-139
Sample 71:-121
Sample 72:-119
Sample 73:-133
Sample 74:9
Sample 75:-101
Sample 76:-121
Sample 77:-117
Sample 78:-119
Sample 79:-119
Sample 80:-5
Sample 81:-101
Sample 82:-151
Sample 83:-133
Sample 84:-119
Sample 85:-145
Sample 86:-109
Sample 87:-143
Sample 88:-113
Sample 89:-119
Sample 90:-127
Sample 91:-149
Sample 92:-133
Sample 93:-133
Sample 94:-127
Sample 95:-137
Sample 96:-127
Sample 97:-111
Sample 98:-151
Sample 99:-143
Best Ham: -157
Sucess Probability: 15
Ham Average: -114.7
