[[1 0 0 ... 0 0 7]
 [1 0 0 ... 0 7 0]
 [1 0 0 ... 7 0 0]
 ...
 [1 0 7 ... 0 0 0]
 [1 7 0 ... 0 0 0]
 [7 1 1 ... 1 1 1]]
0
test

{(1, 15): -12, (1, 8): -3, (1, 6): 8, (1, 5): -11, (1, 4): -5, (2, 15): 13, (2, 11): 7, (2, 4): 4, (2, 3): -13, (3, 15): -9, (3, 14): 8, (3, 11): 9, (4, 14): 11, (4, 9): 8, (4, 6): 13, (5, 15): 5, (5, 14): -5, (6, 15): -5, (6, 9): 1, (6, 8): -6, (7, 14): -14, (7, 11): -14, (8, 14): -5, (9, 15): 14, (9, 12): 4, (10, 14): 10, (10, 12): 3, (11, 14): -9, (12, 15): -5, (12, 14): -3, (13, 15): -4}
test1

{}
   1 15  8  6  5  4  2 11  3 14  9  7 12 10 13 energy num_oc.
0 +1 +1 +1 -1 +1 +1 -1 +1 -1 +1 -1 +1 +1 -1 +1 -167.0      13
1 -1 -1 -1 +1 -1 -1 +1 -1 +1 -1 +1 -1 -1 +1 -1 -167.0      13
2 -1 -1 -1 -1 -1 +1 +1 -1 +1 -1 +1 -1 -1 +1 -1 -163.0      12
3 +1 +1 +1 +1 +1 -1 -1 +1 -1 +1 -1 +1 +1 -1 +1 -163.0      12
4 -1 +1 +1 +1 -1 -1 -1 +1 -1 +1 -1 +1 +1 -1 +1 -159.0       3
5 +1 +1 -1 -1 +1 +1 +1 -1 +1 -1 -1 -1 +1 +1 +1 -157.0       2
['SPIN', 6 rows, 55 samples, 15 variables]
energies=[-167.0, -167.0, -163.0, -163.0, -159.0, -157.0]
