Sample 0:-314
Sample 1:-212
Sample 2:-284
Sample 3:-1026
Sample 4:-1026
Sample 5:-1026
Sample 6:-992
Sample 7:-1026
Sample 8:-1026
Sample 9:-284
Sample 10:-250
Sample 11:-1026
Sample 12:-1026
Sample 13:-992
Sample 14:-992
Sample 15:-1026
Sample 16:-1026
Sample 17:-1026
Sample 18:-1026
Sample 19:-1026
Sample 20:-1026
Sample 21:-1026
Sample 22:-992
Sample 23:-992
Sample 24:-1026
Sample 25:-1026
Sample 26:-1026
Sample 27:-1026
Sample 28:-1026
Sample 29:-1026
Sample 30:-1026
Sample 31:-1026
Sample 32:-1026
Sample 33:-922
Sample 34:-1026
Sample 35:-1026
Sample 36:-1026
Sample 37:-1026
Sample 38:-992
Sample 39:-1026
Sample 40:-992
Sample 41:-992
Sample 42:-1026
Sample 43:-1026
Sample 44:-1026
Sample 45:-992
Sample 46:-1026
Sample 47:-992
Sample 48:-1026
Sample 49:-992
Sample 50:-1026
Sample 51:-992
Sample 52:-1026
Sample 53:-1026
Sample 54:-1026
Sample 55:-1026
Sample 56:-992
Sample 57:-1026
Sample 58:-1026
Sample 59:-1026
Sample 60:-1026
Sample 61:-1026
Sample 62:-1026
Sample 63:-1026
Sample 64:-1026
Sample 65:-992
Sample 66:-1026
Sample 67:-992
Sample 68:-992
Sample 69:-1026
Sample 70:-1026
Sample 71:-992
Sample 72:-1026
Sample 73:-1026
Sample 74:-1026
Sample 75:-1026
Sample 76:-1026
Sample 77:-1026
Sample 78:-1026
Sample 79:-992
Sample 80:200
Sample 81:-992
Sample 82:-1026
Sample 83:-1026
Sample 84:-1026
Sample 85:-992
Sample 86:-1026
Sample 87:-992
Sample 88:-1026
Sample 89:-1026
Sample 90:-1026
Sample 91:-992
Sample 92:-1026
Sample 93:-992
Sample 94:-1026
Sample 95:-1026
Sample 96:-1026
Sample 97:-922
Sample 98:-1026
Sample 99:-1026
Best Ham: -1026
Sucess Probability: 99
Ham Average: -965.98
