[[1 0 0 ... 0 0 7]
 [1 0 0 ... 0 7 0]
 [1 0 0 ... 7 0 0]
 ...
 [1 0 7 ... 0 0 0]
 [1 7 0 ... 0 0 0]
 [7 1 1 ... 1 1 1]]
0
test

{(1, 45): -5, (1, 42): -12, (1, 40): 1, (1, 38): -1, (1, 37): 13, (1, 33): 14, (1, 32): 13, (1, 27): 4, (1, 24): 12, (1, 21): 12, (1, 19): -11, (1, 16): -12, (1, 8): -7, (1, 7): 12, (1, 5): 1, (1, 3): 8, (2, 46): -12, (2, 43): -3, (2, 42): 10, (2, 39): 2, (2, 38): 2, (2, 37): 4, (2, 33): -13, (2, 30): 9, (2, 29): 11, (2, 28): -8, (2, 26): 12, (2, 21): -3, (2, 19): -5, (2, 15): 1, (2, 10): -2, (3, 40): -7, (3, 38): -13, (3, 37): 4, (3, 30): -11, (3, 29): -12, (3, 23): 4, (3, 21): 12, (3, 17): 11, (3, 16): -6, (3, 15): -2, (3, 7): 1, (4, 45): 3, (4, 44): -6, (4, 42): -3, (4, 40): -14, (4, 35): 3, (4, 34): -8, (4, 32): -11, (4, 30): -8, (4, 27): -2, (4, 20): -10, (4, 15): 5, (4, 14): -1, (4, 11): 7, (4, 10): -13, (4, 8): 2, (4, 6): -13, (5, 47): 11, (5, 46): 9, (5, 44): 7, (5, 40): -9, (5, 36): 4, (5, 33): -1, (5, 30): 13, (5, 25): 10, (5, 24): 2, (5, 22): 1, (5, 21): 13, (5, 19): 12, (6, 47): 8, (6, 44): 6, (6, 40): -7, (6, 39): -8, (6, 34): -5, (6, 33): 5, (6, 29): -12, (6, 26): -1, (6, 25): 10, (6, 19): 11, (6, 17): 7, (6, 16): -9, (6, 15): -14, (6, 10): -8, (6, 9): -8, (7, 44): -6, (7, 39): -3, (7, 35): 9, (7, 32): 14, (7, 29): 3, (7, 28): 9, (7, 25): -5, (7, 20): 11, (7, 19): -4, (7, 18): -8, (7, 10): 3, (8, 43): 11, (8, 37): 8, (8, 35): 10, (8, 33): 5, (8, 26): 14, (8, 23): 1, (8, 19): 1, (8, 16): 8, (8, 15): 9, (8, 14): -9, (8, 13): 9, (8, 9): -13, (9, 45): -13, (9, 43): 10, (9, 38): -8, (9, 37): 12, (9, 35): 11, (9, 34): -4, (9, 33): -5, (9, 32): 1, (9, 29): -13, (9, 28): 14, (9, 26): 13, (9, 23): 14, (9, 22): 9, (9, 20): -12, (9, 17): 6, (9, 14): -9, (9, 10): 1, (10, 47): -6, (10, 45): -3, (10, 42): 14, (10, 41): 10, (10, 40): -9, (10, 39): 14, (10, 34): 2, (10, 33): 14, (10, 31): 6, (10, 25): 9, (10, 24): 5, (10, 14): 1, (10, 11): -5, (11, 41): 2, (11, 38): 10, (11, 34): 1, (11, 29): 10, (11, 19): -5, (11, 16): 2, (11, 14): 10, (12, 41): -11, (12, 40): 2, (12, 38): -11, (12, 36): -3, (12, 32): 2, (12, 31): -4, (12, 28): -7, (12, 26): -4, (12, 25): 8, (12, 24): 2, (12, 23): -14, (12, 22): -4, (12, 21): 7, (12, 14): 8, (13, 47): -2, (13, 45): 10, (13, 41): -2, (13, 40): 5, (13, 35): 3, (13, 34): 12, (13, 26): -12, (13, 25): -6, (13, 15): -3, (13, 14): 8, (14, 47): 4, (14, 42): -3, (14, 38): 12, (14, 32): -8, (14, 24): -14, (14, 21): -3, (14, 20): 4, (14, 18): -11, (15, 42): 9, (15, 41): 3, (15, 38): 4, (15, 36): 8, (15, 35): -11, (15, 33): 4, (15, 28): 6, (15, 27): 1, (15, 23): 2, (15, 21): 3, (15, 19): 3, (15, 17): 14, (16, 44): -8, (16, 43): 12, (16, 41): -9, (16, 40): -7, (16, 30): 11, (16, 28): 2, (16, 26): 4, (17, 46): -11, (17, 42): 11, (17, 39): -6, (17, 38): 2, (17, 35): 10, (17, 26): -4, (17, 25): -3, (17, 23): 14, (17, 18): 8, (18, 45): -8, (18, 44): 9, (18, 40): -7, (18, 39): 7, (18, 34): -9, (18, 25): -5, (18, 24): 12, (18, 21): 11, (19, 47): 3, (19, 45): -8, (19, 40): -5, (19, 38): 5, (19, 37): 4, (19, 35): 6, (19, 29): -14, (19, 27): 5, (19, 25): 5, (19, 21): -12, (20, 41): -14, (20, 39): 5, (20, 35): 8, (20, 33): -13, (20, 30): 5, (20, 25): -2, (20, 23): -1, (21, 40): -14, (21, 39): 6, (21, 38): -11, (21, 35): 4, (21, 31): -7, (21, 27): -6, (21, 23): -5, (22, 46): 8, (22, 43): 10, (22, 39): -11, (22, 38): 12, (22, 32): 13, (22, 26): 13, (22, 25): -11, (22, 23): 7, (23, 42): 4, (23, 41): -5, (23, 38): 1, (23, 33): 14, (23, 29): 12, (23, 25): -8, (24, 47): 9, (24, 44): -3, (24, 43): 10, (24, 36): -1, (24, 34): -9, (24, 32): 6, (24, 28): -3, (24, 27): 13, (25, 47): 14, (25, 44): -1, (25, 42): 7, (25, 37): -12, (25, 36): 12, (26, 47): -7, (26, 42): 2, (26, 37): 9, (26, 36): 7, (26, 31): 6, (26, 30): 11, (27, 46): -6, (27, 45): 4, (27, 38): 10, (27, 29): 4, (28, 47): 1, (28, 43): 9, (28, 39): 4, (28, 37): 10, (28, 33): -13, (28, 31): 7, (29, 45): 5, (29, 38): 4, (29, 34): -5, (30, 41): -12, (30, 35): -11, (30, 32): 5, (31, 47): -2, (31, 43): -3, (31, 42): -3, (31, 41): -2, (31, 32): -1, (32, 45): 7, (32, 43): -13, (32, 42): -12, (32, 39): -12, (32, 36): -10, (32, 35): 3, (33, 47): 8, (33, 42): -9, (33, 40): -9, (33, 38): 10, (34, 42): -10, (34, 38): -2, (35, 46): 7, (35, 44): 10, (35, 36): -9, (36, 44): -6, (36, 41): 5, (37, 46): -2, (37, 41): -6, (37, 38): -10, (38, 47): 8, (38, 41): 3, (38, 40): 2, (39, 47): -7, (39, 43): 1, (40, 47): 11, (40, 43): -9, (41, 47): 9, (42, 46): -5, (42, 43): -8, (43, 44): 1, (44, 45): -8, (45, 46): 3}
test1

{}
   1 45 42 40 38 37 33 32 27 24 21 19 16  8  7  5  3  2 ... 12 energy num_oc.
0 -1 -1 -1 -1 -1 +1 -1 -1 +1 -1 -1 -1 -1 -1 +1 +1 -1 -1 ... -1 -964.0      24
1 +1 +1 +1 +1 +1 -1 +1 +1 -1 +1 +1 +1 +1 +1 -1 -1 +1 +1 ... +1 -964.0      16
2 +1 +1 +1 +1 -1 -1 +1 +1 -1 +1 +1 +1 +1 +1 -1 -1 -1 +1 ... -1 -960.0       2
3 -1 -1 -1 -1 +1 +1 -1 -1 +1 -1 -1 -1 -1 -1 +1 +1 +1 -1 ... +1 -960.0      10
4 +1 +1 +1 +1 +1 -1 +1 +1 -1 +1 +1 +1 +1 +1 -1 -1 +1 +1 ... -1 -952.0       2
['SPIN', 5 rows, 54 samples, 47 variables]
energies=[-964.0, -964.0, -960.0, -960.0, -952.0]
