[[1 0 0 ... 0 0 7]
 [1 0 0 ... 0 7 0]
 [1 0 0 ... 7 0 0]
 ...
 [1 0 7 ... 0 0 0]
 [1 7 0 ... 0 0 0]
 [7 1 1 ... 1 1 1]]
0
test

{(1, 13): -14, (1, 12): -1, (1, 10): -10, (1, 9): -2, (1, 8): 14, (1, 7): 5, (2, 10): -6, (2, 9): -3, (2, 8): 9, (2, 7): 13, (2, 4): -1, (3, 14): 14, (3, 12): 1, (3, 8): 4, (4, 15): 8, (4, 14): 14, (4, 10): -4, (4, 9): -6, (4, 5): -9, (5, 13): 4, (5, 6): -14, (6, 14): 7, (6, 11): 10, (6, 8): -9, (6, 7): 5, (7, 15): -6, (7, 13): 12, (7, 12): 5, (7, 11): -14, (8, 14): -12, (8, 9): -12, (9, 12): -5, (9, 11): 2, (9, 10): -4, (10, 15): 7, (10, 14): -2, (10, 13): 11, (10, 12): 12, (10, 11): 13, (11, 15): -2, (13, 14): -8, (14, 15): 11}
test1

{}
   1 13 12 10  9  8  7  2  4  3 14 15  5  6 11 energy num_oc.
0 +1 +1 -1 +1 -1 -1 -1 +1 +1 +1 -1 -1 +1 +1 -1 -189.0      17
1 -1 -1 +1 -1 +1 +1 +1 -1 -1 -1 +1 +1 -1 -1 +1 -189.0       2
2 -1 -1 +1 -1 -1 +1 +1 -1 -1 -1 +1 +1 -1 -1 +1 -189.0       5
3 +1 +1 -1 +1 +1 -1 -1 +1 +1 +1 -1 -1 +1 +1 -1 -189.0      16
4 +1 +1 +1 +1 +1 +1 -1 +1 +1 -1 +1 -1 +1 +1 -1 -183.0       9
5 -1 -1 +1 -1 -1 -1 +1 -1 -1 +1 -1 +1 -1 -1 +1 -183.0       1
6 -1 -1 -1 -1 -1 -1 +1 -1 -1 +1 -1 +1 -1 -1 +1 -183.0       4
['SPIN', 7 rows, 54 samples, 15 variables]
energies=[-189.0, -189.0, -189.0, -189.0, -183.0, -183.0, -183.0]
