Sample 0:-1481
Sample 1:-1579
Sample 2:-1075
Sample 3:-1445
Sample 4:-1445
Sample 5:-1445
Sample 6:-1445
Sample 7:-1445
Sample 8:-1445
Sample 9:-1445
Sample 10:-1445
Sample 11:-1445
Sample 12:-1445
Sample 13:-1445
Sample 14:-1445
Sample 15:-1445
Sample 16:-1445
Sample 17:-1445
Sample 18:-1445
Sample 19:-1445
Sample 20:-1445
Sample 21:-1445
Sample 22:189
Sample 23:-1291
Sample 24:-1291
Sample 25:-1291
Sample 26:-1279
Sample 27:-1291
Sample 28:-1125
Sample 29:-1125
Sample 30:-1125
Sample 31:-1279
Sample 32:-1279
Sample 33:-1291
Sample 34:-1279
Sample 35:-1279
Sample 36:-1125
Sample 37:-1279
Sample 38:-1279
Sample 39:-1125
Sample 40:-1291
Sample 41:-1291
Sample 42:-1279
Sample 43:-1125
Sample 44:-1125
Sample 45:-1125
Sample 46:-1125
Sample 47:-1291
Sample 48:-1291
Sample 49:-1291
Sample 50:-1279
Sample 51:189
Sample 52:-1279
Sample 53:-1125
Sample 54:-1125
Sample 55:-1125
Sample 56:-1125
Sample 57:-1125
Sample 58:-1125
Sample 59:-1279
Sample 60:-1279
Sample 61:-1279
Sample 62:-1125
Sample 63:-1279
Sample 64:-1125
Sample 65:-1279
Sample 66:-1125
Sample 67:-1291
Sample 68:-1279
Sample 69:-1291
Sample 70:-1291
Sample 71:-1125
Sample 72:-1125
Sample 73:-1291
Sample 74:-1125
Sample 75:-1279
Sample 76:-1279
Sample 77:-1279
Sample 78:-1279
Sample 79:-1279
Sample 80:-1279
Sample 81:-1279
Sample 82:-1125
Sample 83:-1291
Sample 84:-1279
Sample 85:-1279
Sample 86:-1279
Sample 87:-1279
Sample 88:-1279
Sample 89:-1279
Sample 90:-1125
Sample 91:-1125
Sample 92:-1125
Sample 93:-1125
Sample 94:-1125
Sample 95:-1279
Sample 96:-1125
Sample 97:-1279
Sample 98:-1279
Sample 99:-1125
Best Ham: -1579
Sucess Probability: 98
Ham Average: -1241.3
