Sample 0:-71
Sample 1:-127
Sample 2:-127
Sample 3:-127
Sample 4:-71
Sample 5:-71
Sample 6:-71
Sample 7:-127
Sample 8:-71
Sample 9:-127
Sample 10:-71
Sample 11:-71
Sample 12:-71
Sample 13:-75
Sample 14:-127
Sample 15:-75
Sample 16:-127
Sample 17:-69
Sample 18:-71
Sample 19:-41
Sample 20:-71
Sample 21:-71
Sample 22:-69
Sample 23:-71
Sample 24:-71
Sample 25:-71
Sample 26:-71
Sample 27:-71
Sample 28:-127
Sample 29:-75
Sample 30:-69
Sample 31:-127
Sample 32:-71
Sample 33:-127
Sample 34:-127
Sample 35:-71
Sample 36:-71
Sample 37:-49
Sample 38:-71
Sample 39:-127
Sample 40:-127
Sample 41:-127
Sample 42:-127
Sample 43:-71
Sample 44:-127
Sample 45:-127
Sample 46:-71
Sample 47:-71
Sample 48:-69
Sample 49:-71
Sample 50:-71
Sample 51:-71
Sample 52:-69
Sample 53:-127
Sample 54:-75
Sample 55:-71
Sample 56:-71
Sample 57:-71
Sample 58:11
Sample 59:-49
Sample 60:-71
Sample 61:-71
Sample 62:-127
Sample 63:-71
Sample 64:-69
Sample 65:-127
Sample 66:-71
Sample 67:-71
Sample 68:-71
Sample 69:-127
Sample 70:-71
Sample 71:-127
Sample 72:-127
Sample 73:-71
Sample 74:-127
Sample 75:-127
Sample 76:-71
Sample 77:-127
Sample 78:-127
Sample 79:-71
Sample 80:-127
Sample 81:-71
Sample 82:-127
Sample 83:-71
Sample 84:-71
Sample 85:-127
Sample 86:-41
Sample 87:-75
Sample 88:-71
Sample 89:-41
Sample 90:-127
Sample 91:-127
Sample 92:-127
Sample 93:-127
Sample 94:-65
Sample 95:-71
Sample 96:-69
Sample 97:-49
Sample 98:-41
Sample 99:-69
Best Ham: -127
Sucess Probability: 0
Ham Average: -87.34
