Sample 0:-143
Sample 1:-121
Sample 2:-95
Sample 3:-89
Sample 4:-95
Sample 5:-139
Sample 6:-149
Sample 7:-113
Sample 8:-37
Sample 9:-89
Sample 10:-135
Sample 11:-113
Sample 12:-113
Sample 13:-165
Sample 14:-121
Sample 15:-113
Sample 16:-113
Sample 17:-135
Sample 18:-57
Sample 19:-165
Sample 20:-95
Sample 21:-135
Sample 22:-121
Sample 23:-113
Sample 24:-99
Sample 25:-135
Sample 26:-95
Sample 27:-121
Sample 28:-99
Sample 29:-95
Sample 30:-139
Sample 31:-151
Sample 32:-113
Sample 33:-113
Sample 34:-95
Sample 35:-99
Sample 36:-95
Sample 37:-137
Sample 38:-131
Sample 39:-111
Sample 40:-95
Sample 41:-121
Sample 42:-113
Sample 43:-121
Sample 44:-99
Sample 45:-121
Sample 46:-95
Sample 47:-137
Sample 48:-73
Sample 49:-139
Sample 50:-113
Sample 51:-69
Sample 52:-113
Sample 53:-113
Sample 54:-143
Sample 55:-137
Sample 56:-147
Sample 57:-97
Sample 58:-65
Sample 59:-137
Sample 60:-57
Sample 61:-121
Sample 62:-135
Sample 63:-49
Sample 64:-113
Sample 65:-135
Sample 66:-49
Sample 67:-103
Sample 68:-149
Sample 69:-121
Sample 70:-95
Sample 71:-113
Sample 72:-121
Sample 73:-151
Sample 74:-113
Sample 75:-141
Sample 76:-139
Sample 77:-139
Sample 78:-147
Sample 79:-165
Sample 80:-121
Sample 81:-135
Sample 82:-109
Sample 83:-95
Sample 84:-113
Sample 85:-139
Sample 86:83
Sample 87:-113
Sample 88:-137
Sample 89:-135
Sample 90:-79
Sample 91:-139
Sample 92:-139
Sample 93:-113
Sample 94:-121
Sample 95:-121
Sample 96:-95
Sample 97:-121
Sample 98:-81
Sample 99:-165
Best Ham: -165
Sucess Probability: 8
Ham Average: -113.84
