Sample 0:-487
Sample 1:-535
Sample 2:-615
Sample 3:-655
Sample 4:-585
Sample 5:-505
Sample 6:-643
Sample 7:-413
Sample 8:-485
Sample 9:-617
Sample 10:-443
Sample 11:-417
Sample 12:-283
Sample 13:-537
Sample 14:-575
Sample 15:-549
Sample 16:-345
Sample 17:-541
Sample 18:-427
Sample 19:-533
Sample 20:-527
Sample 21:-479
Sample 22:-569
Sample 23:-373
Sample 24:-557
Sample 25:-401
Sample 26:-479
Sample 27:-513
Sample 28:-561
Sample 29:-393
Sample 30:-525
Sample 31:-479
Sample 32:-263
Sample 33:-565
Sample 34:-563
Sample 35:-669
Sample 36:-571
Sample 37:-377
Sample 38:-563
Sample 39:-493
Sample 40:-619
Sample 41:-511
Sample 42:-435
Sample 43:-547
Sample 44:-573
Sample 45:-437
Sample 46:-493
Sample 47:-209
Sample 48:-423
Sample 49:-409
Sample 50:-403
Sample 51:-465
Sample 52:-293
Sample 53:-439
Sample 54:-625
Sample 55:-593
Sample 56:-351
Sample 57:-531
Sample 58:-547
Sample 59:-447
Sample 60:-391
Sample 61:-531
Sample 62:163
Sample 63:-571
Sample 64:-675
Sample 65:-509
Sample 66:-651
Sample 67:-303
Sample 68:-615
Sample 69:-613
Sample 70:-439
Sample 71:-445
Sample 72:-509
Sample 73:-571
Sample 74:-473
Sample 75:-563
Sample 76:-413
Sample 77:-633
Sample 78:-487
Sample 79:-527
Sample 80:-659
Sample 81:-547
Sample 82:-417
Sample 83:-581
Sample 84:-499
Sample 85:-539
Sample 86:-449
Sample 87:-559
Sample 88:-351
Sample 89:-389
Sample 90:-227
Sample 91:-623
Sample 92:-485
Sample 93:-537
Sample 94:-643
Sample 95:-677
Sample 96:-679
Sample 97:-473
Sample 98:-463
Sample 99:-547
Best Ham: -679
Sucess Probability: 99
Ham Average: -495.6
