[[1 0 0 ... 0 0 7]
 [1 0 0 ... 0 7 0]
 [1 0 0 ... 7 0 0]
 ...
 [1 0 7 ... 0 0 0]
 [1 7 0 ... 0 0 0]
 [7 1 1 ... 1 1 1]]
0
test

{(1, 39): -1, (1, 37): -14, (1, 26): 7, (1, 22): -10, (1, 19): 1, (1, 15): 14, (1, 12): 7, (1, 7): 5, (1, 5): 12, (1, 4): 7, (2, 31): 13, (2, 29): 9, (2, 27): -5, (2, 24): -13, (2, 23): 12, (2, 16): -8, (2, 13): 13, (2, 10): -1, (2, 7): -2, (2, 5): 6, (2, 3): 5, (3, 39): 8, (3, 36): -6, (3, 26): -5, (3, 25): 3, (3, 20): -2, (3, 19): -2, (3, 18): -11, (3, 17): -4, (3, 11): -12, (3, 5): -12, (4, 37): 1, (4, 36): 14, (4, 32): -6, (4, 29): 9, (4, 25): -1, (4, 23): -7, (4, 20): -1, (4, 18): 1, (4, 11): -11, (4, 10): 11, (4, 9): -14, (4, 5): 8, (5, 39): 13, (5, 35): -11, (5, 23): -13, (5, 17): 2, (5, 16): 4, (5, 13): 11, (5, 12): -1, (5, 11): 6, (5, 9): 6, (5, 6): 12, (6, 40): 12, (6, 38): -11, (6, 36): -1, (6, 35): 4, (6, 31): 6, (6, 30): -4, (6, 27): 6, (6, 24): 6, (6, 22): 12, (6, 20): 5, (6, 17): 11, (6, 16): 2, (6, 13): 1, (6, 9): -6, (7, 32): 9, (7, 26): -9, (7, 24): 2, (7, 23): 2, (7, 22): -11, (7, 21): -6, (7, 19): 5, (7, 16): -4, (7, 14): 11, (7, 9): -2, (8, 37): 14, (8, 36): 14, (8, 34): 1, (8, 33): -7, (8, 29): -11, (8, 27): -4, (8, 22): 6, (8, 18): -14, (8, 17): 4, (9, 40): 1, (9, 38): -10, (9, 34): -10, (9, 18): -14, (9, 15): -11, (9, 12): -14, (10, 38): -1, (10, 27): -7, (10, 21): 9, (10, 20): 12, (10, 18): 9, (10, 14): -14, (11, 36): 13, (11, 35): -4, (11, 34): 2, (11, 31): 4, (11, 18): -8, (11, 16): 10, (11, 14): -1, (11, 12): 11, (12, 40): -5, (12, 27): 5, (12, 24): -5, (12, 17): -3, (13, 39): 4, (13, 38): -1, (13, 36): 4, (13, 33): 3, (13, 32): 12, (13, 29): 11, (13, 28): 13, (13, 26): 13, (13, 24): -12, (13, 23): 13, (13, 18): -9, (13, 15): -8, (14, 35): -1, (14, 34): -8, (14, 33): 4, (14, 29): -6, (14, 27): 11, (14, 20): 11, (14, 19): 10, (14, 17): 3, (14, 15): 7, (15, 40): -5, (15, 37): -5, (15, 36): 1, (15, 33): -10, (15, 31): 6, (15, 30): 2, (15, 25): -2, (15, 21): 3, (15, 18): -3, (16, 36): 6, (16, 33): -3, (16, 29): -4, (16, 24): 3, (16, 23): -6, (17, 40): -7, (17, 35): 14, (17, 33): -3, (17, 32): 3, (17, 31): -8, (17, 30): -3, (17, 21): 1, (17, 19): -6, (18, 40): 10, (18, 39): 2, (18, 38): -12, (18, 31): -1, (18, 28): -12, (18, 20): 1, (19, 39): -8, (19, 38): 3, (19, 31): -5, (19, 30): 12, (19, 29): -4, (19, 26): 5, (20, 40): -10, (20, 37): 11, (20, 24): -10, (20, 23): 14, (21, 39): 6, (21, 38): -6, (21, 37): 5, (21, 36): 5, (21, 35): -7, (21, 29): -10, (21, 27): 11, (21, 24): 3, (21, 22): -2, (22, 40): 2, (22, 39): 9, (22, 38): 12, (22, 32): -3, (22, 29): -12, (22, 25): 6, (23, 40): -11, (23, 37): 4, (23, 36): 4, (23, 33): -1, (23, 32): 11, (23, 28): 12, (23, 26): -1, (24, 39): 5, (24, 34): 5, (24, 28): -8, (24, 26): 3, (25, 39): 1, (25, 31): -1, (25, 30): 11, (26, 35): 13, (26, 34): -12, (27, 40): -11, (27, 37): -13, (27, 36): 1, (27, 35): -5, (27, 33): 14, (27, 29): 6, (28, 40): -2, (28, 39): -10, (28, 30): 4, (28, 29): 11, (29, 38): 2, (29, 37): -2, (29, 36): -1, (29, 35): -8, (29, 34): 5, (29, 33): -8, (29, 31): -13, (30, 38): -3, (30, 36): -11, (30, 35): 11, (30, 31): 14, (31, 38): -14, (32, 40): 12, (32, 39): 14, (32, 35): 6, (32, 34): -2, (33, 39): 5, (33, 35): 10, (34, 35): -9, (35, 40): -11, (35, 37): -5, (35, 36): 10, (36, 39): 7, (36, 38): 2}
test1

{}
   1 39 37 26 22 19 15 12  7  5  4  2 31 29 27 24 23 16 ... 28 energy num_oc.
0 +1 +1 +1 +1 -1 -1 -1 -1 -1 -1 -1 +1 -1 -1 +1 -1 -1 -1 ... +1 -773.0      15
1 -1 -1 -1 -1 +1 +1 +1 +1 +1 +1 +1 -1 +1 +1 -1 +1 +1 -1 ... -1 -773.0       7
2 -1 -1 -1 -1 +1 +1 +1 +1 +1 +1 +1 -1 +1 +1 -1 +1 +1 +1 ... -1 -773.0       5
3 +1 +1 +1 +1 -1 -1 -1 -1 -1 -1 -1 +1 -1 -1 +1 -1 -1 +1 ... +1 -773.0      23
4 -1 -1 -1 -1 -1 +1 +1 +1 -1 +1 +1 -1 +1 +1 -1 +1 +1 -1 ... -1 -763.0       1
5 -1 -1 -1 +1 -1 -1 +1 +1 +1 -1 +1 +1 -1 -1 -1 +1 -1 +1 ... +1 -743.0       2
['SPIN', 6 rows, 53 samples, 40 variables]
energies=[-773.0, -773.0, -773.0, -773.0, -763.0, -743.0]
