[[1 0 0 ... 0 0 7]
 [1 0 0 ... 0 7 0]
 [1 0 0 ... 7 0 0]
 ...
 [1 0 7 ... 0 0 0]
 [1 7 0 ... 0 0 0]
 [7 1 1 ... 1 1 1]]
0
test

{(1, 11): -2, (1, 5): 9, (2, 8): -1, (2, 7): -12, (2, 5): 13, (2, 4): -10, (3, 11): 8, (3, 7): 5, (3, 5): 3, (3, 4): 8, (4, 10): -6, (4, 7): 14, (5, 9): 3, (6, 11): -1, (6, 10): -9, (6, 9): -4, (6, 8): -7, (6, 7): 10, (7, 11): -10, (7, 9): 2, (8, 10): 3, (10, 11): -8}
test1

{}
   1 11  5  2  8  7  4  3 10  9  6 energy num_oc.
0 -1 -1 +1 -1 +1 -1 -1 +1 -1 +1 +1  -86.0      13
1 +1 +1 -1 +1 -1 +1 +1 -1 +1 -1 -1  -86.0       9
2 -1 -1 +1 -1 -1 -1 -1 +1 -1 -1 -1  -84.0      23
3 +1 +1 -1 +1 +1 +1 +1 -1 +1 +1 +1  -84.0      14
4 -1 +1 +1 -1 +1 -1 +1 -1 +1 +1 +1  -80.0       3
5 -1 +1 +1 -1 -1 +1 -1 -1 -1 -1 -1  -80.0      12
['SPIN', 6 rows, 74 samples, 11 variables]
energies=[-86.0, -86.0, -84.0, -84.0, -80.0, -80.0]
