Sample 0:-466
Sample 1:-760
Sample 2:-668
Sample 3:-694
Sample 4:-870
Sample 5:-814
Sample 6:-572
Sample 7:-838
Sample 8:-804
Sample 9:-712
Sample 10:-894
Sample 11:-730
Sample 12:-788
Sample 13:-960
Sample 14:-852
Sample 15:-1012
Sample 16:-922
Sample 17:-458
Sample 18:-436
Sample 19:-798
Sample 20:-702
Sample 21:-860
Sample 22:-732
Sample 23:-944
Sample 24:-404
Sample 25:-624
Sample 26:-892
Sample 27:-1054
Sample 28:-1002
Sample 29:-1074
Sample 30:-1076
Sample 31:-706
Sample 32:-700
Sample 33:-618
Sample 34:-658
Sample 35:-936
Sample 36:-670
Sample 37:-1060
Sample 38:-956
Sample 39:-684
Sample 40:-974
Sample 41:-716
Sample 42:-806
Sample 43:-730
Sample 44:-828
Sample 45:-710
Sample 46:-846
Sample 47:-820
Sample 48:-632
Sample 49:-684
Sample 50:-990
Sample 51:-764
Sample 52:-998
Sample 53:-462
Sample 54:-662
Sample 55:-804
Sample 56:-752
Sample 57:-628
Sample 58:-1042
Sample 59:-542
Sample 60:-586
Sample 61:-412
Sample 62:-884
Sample 63:-714
Sample 64:-864
Sample 65:-816
Sample 66:-684
Sample 67:-946
Sample 68:-494
Sample 69:-806
Sample 70:-786
Sample 71:-864
Sample 72:-558
Sample 73:-986
Sample 74:-760
Sample 75:-1076
Sample 76:-592
Sample 77:-662
Sample 78:-382
Sample 79:-1086
Sample 80:-640
Sample 81:-938
Sample 82:-872
Sample 83:-760
Sample 84:286
Sample 85:-1022
Sample 86:-768
Sample 87:-740
Sample 88:-680
Sample 89:-858
Sample 90:-512
Sample 91:-984
Sample 92:-820
Sample 93:-574
Sample 94:-910
Sample 95:-824
Sample 96:-578
Sample 97:-470
Sample 98:-870
Sample 99:-884
Best Ham: -1086
Sucess Probability: 99
Ham Average: -761.66
