Sample 0:-72
Sample 1:-72
Sample 2:-152
Sample 3:-138
Sample 4:-138
Sample 5:6
Sample 6:-2
Sample 7:-62
Sample 8:-114
Sample 9:-138
Sample 10:-86
Sample 11:-68
Sample 12:-86
Sample 13:-100
Sample 14:-62
Sample 15:-86
Sample 16:-86
Sample 17:-138
Sample 18:-142
Sample 19:-62
Sample 20:-46
Sample 21:-30
Sample 22:28
Sample 23:-138
Sample 24:-62
Sample 25:-138
Sample 26:-148
Sample 27:-106
Sample 28:-62
Sample 29:-44
Sample 30:-124
Sample 31:-98
Sample 32:-72
Sample 33:-148
Sample 34:-68
Sample 35:-86
Sample 36:-142
Sample 37:10
Sample 38:-62
Sample 39:-124
Sample 40:-142
Sample 41:-62
Sample 42:-138
Sample 43:34
Sample 44:-62
Sample 45:-98
Sample 46:-86
Sample 47:-86
Sample 48:-64
Sample 49:-86
Sample 50:70
Sample 51:-86
Sample 52:-86
Sample 53:-46
Sample 54:-86
Sample 55:-62
Sample 56:-22
Sample 57:-138
Sample 58:-62
Sample 59:70
Sample 60:-142
Sample 61:-86
Sample 62:-142
Sample 63:-138
Sample 64:-154
Sample 65:-62
Sample 66:-86
Sample 67:-142
Sample 68:-100
Sample 69:-100
Sample 70:-142
Sample 71:-68
Sample 72:-86
Sample 73:-86
Sample 74:-84
Sample 75:-30
Sample 76:-86
Sample 77:-86
Sample 78:-86
Sample 79:-62
Sample 80:-138
Sample 81:42
Sample 82:-72
Sample 83:-154
Sample 84:-64
Sample 85:-142
Sample 86:-72
Sample 87:-138
Sample 88:-142
Sample 89:-78
Sample 90:-68
Sample 91:-138
Sample 92:-124
Sample 93:-30
Sample 94:-62
Sample 95:-86
Sample 96:-36
Sample 97:-142
Sample 98:-100
Sample 99:-72
Best Ham: -154
Sucess Probability: 3
Ham Average: -84.8
