Sample 0:-45
Sample 1:-95
Sample 2:-101
Sample 3:-103
Sample 4:-69
Sample 5:-99
Sample 6:-61
Sample 7:-99
Sample 8:-61
Sample 9:-71
Sample 10:-15
Sample 11:-91
Sample 12:-81
Sample 13:-53
Sample 14:-55
Sample 15:-59
Sample 16:-89
Sample 17:9
Sample 18:-61
Sample 19:-89
Sample 20:-119
Sample 21:-77
Sample 22:-97
Sample 23:-23
Sample 24:-55
Sample 25:-79
Sample 26:-77
Sample 27:-37
Sample 28:-21
Sample 29:-73
Sample 30:-61
Sample 31:-73
Sample 32:-73
Sample 33:-89
Sample 34:-79
Sample 35:-55
Sample 36:-67
Sample 37:-101
Sample 38:-55
Sample 39:-69
Sample 40:-77
Sample 41:-95
Sample 42:-19
Sample 43:-71
Sample 44:-1
Sample 45:-105
Sample 46:-73
Sample 47:-93
Sample 48:-25
Sample 49:9
Sample 50:-95
Sample 51:-55
Sample 52:-95
Sample 53:-81
Sample 54:-41
Sample 55:-73
Sample 56:-99
Sample 57:-123
Sample 58:-81
Sample 59:-99
Sample 60:-79
Sample 61:-31
Sample 62:-81
Sample 63:-81
Sample 64:-99
Sample 65:-99
Sample 66:-73
Sample 67:-97
Sample 68:-99
Sample 69:-79
Sample 70:-95
Sample 71:-5
Sample 72:-119
Sample 73:-79
Sample 74:-5
Sample 75:-119
Sample 76:-89
Sample 77:-19
Sample 78:-71
Sample 79:-11
Sample 80:-5
Sample 81:15
Sample 82:-81
Sample 83:-99
Sample 84:-55
Sample 85:-79
Sample 86:-95
Sample 87:-99
Sample 88:-49
Sample 89:-73
Sample 90:-81
Sample 91:-87
Sample 92:-29
Sample 93:-103
Sample 94:-39
Sample 95:-77
Sample 96:-97
Sample 97:-89
Sample 98:-89
Sample 99:-79
Best Ham: -123
Sucess Probability: 0
Ham Average: -69.8
