[[ 1  0  0 ...  0  0  7]
 [ 1  0  0 ...  0  7  0]
 [ 1  0  0 ...  7  0  0]
 ...
 [ 1  0  7 ...  0  0  0]
 [ 1  7 -1 ...  0  0  0]
 [ 7  1  1 ...  1  1  1]]
-1
test

{(1, 12): -8, (1, 11): -2, (1, 7): -7, (1, 6): -6, (1, 4): -4, (1, 3): -1, (1, 2): 1, (2, 12): 7, (2, 11): -12, (2, 7): 3, (2, 6): -4, (2, 5): 6, (3, 11): 14, (3, 10): -4, (3, 6): 12, (3, 5): 13, (3, 4): -13, (4, 10): -3, (4, 8): -3, (4, 7): 11, (4, 5): -10, (5, 10): -4, (5, 9): 2, (5, 7): 11, (5, 6): 5, (6, 10): -13, (7, 12): 12, (7, 10): -12, (7, 9): 13, (8, 11): 5, (8, 9): 7, (9, 10): -12, (10, 11): 13}
test1

{}
   1 12 11  7  6  4  3  2  5 10  8  9 energy num_oc.
0 -1 +1 -1 -1 -1 +1 +1 -1 +1 +1 +1 +1 -125.0      26
1 +1 -1 +1 +1 +1 -1 -1 +1 -1 -1 -1 -1 -125.0      16
2 -1 +1 -1 -1 -1 +1 +1 -1 +1 -1 +1 -1 -119.0       1
3 +1 -1 +1 +1 +1 -1 -1 +1 -1 +1 -1 +1 -119.0       1
4 +1 +1 +1 -1 +1 +1 -1 +1 +1 +1 -1 +1 -105.0      10
5 +1 -1 -1 +1 +1 +1 +1 +1 -1 +1 +1 -1  -99.0       1
['SPIN', 6 rows, 55 samples, 12 variables]
energies=[-125.0, -125.0, -119.0, -119.0, -105.0, -99.0]
