Sample 0:-322
Sample 1:-450
Sample 2:-342
Sample 3:-298
Sample 4:-358
Sample 5:-370
Sample 6:-388
Sample 7:-218
Sample 8:-404
Sample 9:-266
Sample 10:-498
Sample 11:-422
Sample 12:-514
Sample 13:-422
Sample 14:-424
Sample 15:-534
Sample 16:-534
Sample 17:-248
Sample 18:-290
Sample 19:-394
Sample 20:-262
Sample 21:-426
Sample 22:-438
Sample 23:-300
Sample 24:-198
Sample 25:-346
Sample 26:-368
Sample 27:92
Sample 28:-426
Sample 29:-294
Sample 30:-394
Sample 31:-168
Sample 32:-550
Sample 33:-394
Sample 34:-430
Sample 35:-458
Sample 36:-372
Sample 37:-216
Sample 38:-318
Sample 39:-360
Sample 40:-386
Sample 41:-328
Sample 42:-608
Sample 43:-574
Sample 44:-472
Sample 45:-100
Sample 46:-196
Sample 47:-154
Sample 48:-360
Sample 49:-382
Sample 50:-422
Sample 51:-250
Sample 52:-304
Sample 53:-226
Sample 54:-274
Sample 55:-320
Sample 56:-246
Sample 57:-348
Sample 58:-462
Sample 59:-292
Sample 60:-196
Sample 61:-344
Sample 62:-446
Sample 63:-530
Sample 64:-528
Sample 65:-430
Sample 66:-336
Sample 67:-216
Sample 68:-518
Sample 69:-440
Sample 70:-338
Sample 71:-354
Sample 72:-400
Sample 73:-432
Sample 74:-492
Sample 75:-588
Sample 76:-444
Sample 77:-288
Sample 78:-530
Sample 79:-328
Sample 80:-328
Sample 81:-256
Sample 82:-280
Sample 83:-322
Sample 84:-514
Sample 85:-310
Sample 86:-208
Sample 87:-232
Sample 88:-322
Sample 89:-210
Sample 90:-378
Sample 91:-434
Sample 92:-442
Sample 93:-226
Sample 94:-208
Sample 95:-276
Sample 96:-410
Sample 97:-292
Sample 98:-444
Sample 99:-558
Best Ham: -608
Sucess Probability: 98
Ham Average: -358.54
