Sample 0:-197
Sample 1:-191
Sample 2:-97
Sample 3:-191
Sample 4:3
Sample 5:-197
Sample 6:-27
Sample 7:-197
Sample 8:-191
Sample 9:-167
Sample 10:-73
Sample 11:-167
Sample 12:-167
Sample 13:-51
Sample 14:-197
Sample 15:-191
Sample 16:-161
Sample 17:-73
Sample 18:-191
Sample 19:-167
Sample 20:-197
Sample 21:-167
Sample 22:-97
Sample 23:-197
Sample 24:-73
Sample 25:-73
Sample 26:-167
Sample 27:-161
Sample 28:-197
Sample 29:-191
Sample 30:-167
Sample 31:9
Sample 32:-161
Sample 33:-29
Sample 34:-191
Sample 35:-167
Sample 36:-191
Sample 37:-89
Sample 38:-191
Sample 39:-167
Sample 40:3
Sample 41:-161
Sample 42:-161
Sample 43:-191
Sample 44:-167
Sample 45:-167
Sample 46:-167
Sample 47:-191
Sample 48:9
Sample 49:-191
Sample 50:-191
Sample 51:-197
Sample 52:-167
Sample 53:3
Sample 54:-147
Sample 55:-191
Sample 56:-191
Sample 57:-97
Sample 58:-167
Sample 59:-197
Sample 60:-115
Sample 61:-161
Sample 62:-191
Sample 63:3
Sample 64:-197
Sample 65:-87
Sample 66:-191
Sample 67:-161
Sample 68:17
Sample 69:-197
Sample 70:-147
Sample 71:-115
Sample 72:-167
Sample 73:-167
Sample 74:-191
Sample 75:-167
Sample 76:-167
Sample 77:-167
Sample 78:-141
Sample 79:-191
Sample 80:-167
Sample 81:-191
Sample 82:-167
Sample 83:-191
Sample 84:-97
Sample 85:-155
Sample 86:-51
Sample 87:-191
Sample 88:9
Sample 89:-25
Sample 90:-191
Sample 91:-197
Sample 92:-197
Sample 93:-191
Sample 94:9
Sample 95:-191
Sample 96:-167
Sample 97:-167
Sample 98:-167
Sample 99:-191
Best Ham: -197
Sucess Probability: 71
Ham Average: -144.56
