Sample 0:-1047
Sample 1:-971
Sample 2:-1323
Sample 3:-695
Sample 4:-993
Sample 5:-1419
Sample 6:-1323
Sample 7:-1323
Sample 8:55
Sample 9:-1309
Sample 10:-1323
Sample 11:-1323
Sample 12:-1323
Sample 13:-1323
Sample 14:-1419
Sample 15:-1323
Sample 16:-1323
Sample 17:55
Sample 18:55
Sample 19:203
Sample 20:-1323
Sample 21:-1323
Sample 22:-1323
Sample 23:-1323
Sample 24:-1323
Sample 25:-1323
Sample 26:-1309
Sample 27:-1361
Sample 28:-1323
Sample 29:-189
Sample 30:-1335
Sample 31:-1419
Sample 32:203
Sample 33:-1323
Sample 34:-1323
Sample 35:-1147
Sample 36:-1323
Sample 37:-1323
Sample 38:-1323
Sample 39:-1323
Sample 40:-1323
Sample 41:-1323
Sample 42:-1323
Sample 43:-1323
Sample 44:-1323
Sample 45:-1323
Sample 46:-1323
Sample 47:-1323
Sample 48:-1323
Sample 49:-1323
Sample 50:-1323
Sample 51:-1323
Sample 52:-1323
Sample 53:-1323
Sample 54:-1323
Sample 55:-1323
Sample 56:-1335
Sample 57:-1323
Sample 58:-1323
Sample 59:-1323
Sample 60:-1323
Sample 61:-1323
Sample 62:-1419
Sample 63:-557
Sample 64:-1323
Sample 65:-1323
Sample 66:-1323
Sample 67:37
Sample 68:-1323
Sample 69:-1323
Sample 70:-1323
Sample 71:-1323
Sample 72:-1323
Sample 73:-1323
Sample 74:-1335
Sample 75:-1323
Sample 76:-1323
Sample 77:-1323
Sample 78:-1323
Sample 79:-1335
Sample 80:-1323
Sample 81:-1419
Sample 82:-1323
Sample 83:-1323
Sample 84:41
Sample 85:-1323
Sample 86:-1323
Sample 87:-1309
Sample 88:-1323
Sample 89:-1323
Sample 90:-1033
Sample 91:-1323
Sample 92:-1323
Sample 93:-1323
Sample 94:-1323
Sample 95:-1323
Sample 96:-93
Sample 97:-1323
Sample 98:-1419
Sample 99:-1323
Best Ham: -1419
Sucess Probability: 92
Ham Average: -1178.28
