Sample 0:-301
Sample 1:-301
Sample 2:-301
Sample 3:-301
Sample 4:-301
Sample 5:-301
Sample 6:-301
Sample 7:-301
Sample 8:-301
Sample 9:-301
Sample 10:-301
Sample 11:-301
Sample 12:-301
Sample 13:-301
Sample 14:-301
Sample 15:-301
Sample 16:-301
Sample 17:-301
Sample 18:-301
Sample 19:-301
Sample 20:-301
Sample 21:-301
Sample 22:-301
Sample 23:-301
Sample 24:-301
Sample 25:-301
Sample 26:-301
Sample 27:-301
Sample 28:-301
Sample 29:-301
Sample 30:-301
Sample 31:-301
Sample 32:-301
Sample 33:-301
Sample 34:-301
Sample 35:-301
Sample 36:-301
Sample 37:-301
Sample 38:-301
Sample 39:-301
Sample 40:-301
Sample 41:-301
Sample 42:-301
Sample 43:-301
Sample 44:-301
Sample 45:-301
Sample 46:-301
Sample 47:-301
Sample 48:-301
Sample 49:-301
Sample 50:-301
Sample 51:-301
Sample 52:-301
Sample 53:-301
Sample 54:-301
Sample 55:-301
Sample 56:-301
Sample 57:-301
Sample 58:-301
Sample 59:-301
Sample 60:-301
Sample 61:-301
Sample 62:-301
Sample 63:-301
Sample 64:-301
Sample 65:-301
Sample 66:-301
Sample 67:-301
Sample 68:-301
Sample 69:-301
Sample 70:-301
Sample 71:-301
Sample 72:-301
Sample 73:-301
Sample 74:-301
Sample 75:-301
Sample 76:-301
Sample 77:-301
Sample 78:-301
Sample 79:-301
Sample 80:-301
Sample 81:-301
Sample 82:33
Sample 83:-301
Sample 84:-301
Sample 85:-301
Sample 86:-301
Sample 87:-301
Sample 88:-301
Sample 89:-301
Sample 90:-301
Sample 91:-301
Sample 92:-301
Sample 93:-301
Sample 94:-301
Sample 95:-301
Sample 96:-301
Sample 97:-301
Sample 98:-301
Sample 99:-301
Best Ham: -301
Sucess Probability: 99
Ham Average: -297.66
