[[1 0 0 ... 0 0 7]
 [1 0 0 ... 0 7 0]
 [1 0 0 ... 7 0 0]
 ...
 [1 5 7 ... 0 0 0]
 [1 7 5 ... 0 0 0]
 [7 1 1 ... 1 1 1]]
5
test

{(1, 19): -4, (1, 17): 2, (1, 16): 10, (1, 15): 3, (1, 14): 14, (1, 13): 3, (1, 12): -3, (1, 11): 10, (1, 7): 10, (1, 6): -8, (1, 5): -13, (1, 4): 11, (1, 3): 3, (1, 2): -10, (2, 19): 14, (2, 18): 8, (2, 17): -1, (2, 15): 10, (2, 14): -12, (2, 12): 9, (2, 11): -7, (2, 8): -2, (2, 7): -10, (2, 6): 2, (2, 5): -2, (2, 4): -4, (2, 3): -5, (3, 18): -14, (3, 17): 13, (3, 16): -14, (3, 15): 10, (3, 14): -12, (3, 13): -12, (3, 9): 12, (3, 7): -11, (3, 6): -1, (3, 5): 4, (3, 4): 4, (4, 14): 12, (4, 13): 4, (4, 12): -14, (4, 11): -10, (4, 10): 7, (4, 9): -4, (4, 6): -3, (4, 5): -11, (5, 18): -9, (5, 13): -7, (5, 12): 12, (5, 11): -10, (5, 10): 7, (5, 9): 3, (5, 8): -2, (5, 7): -4, (6, 18): -14, (6, 17): 4, (6, 16): 10, (6, 15): 7, (6, 14): -7, (6, 13): -4, (6, 12): -11, (6, 11): 1, (6, 10): -6, (6, 8): -11, (6, 7): -12, (7, 19): 11, (7, 17): 13, (7, 16): 4, (7, 15): -5, (7, 13): -11, (7, 9): 4, (7, 8): 11, (8, 19): 1, (8, 18): 12, (8, 16): 8, (8, 15): 8, (8, 13): 6, (8, 10): -1, (8, 9): 9, (9, 19): 9, (9, 18): 7, (9, 17): -13, (9, 16): -5, (9, 14): 11, (9, 13): -8, (9, 12): 14, (9, 11): 7, (9, 10): 13, (10, 19): -5, (10, 18): 14, (10, 16): 2, (10, 14): -3, (10, 13): -1, (10, 11): -13, (11, 19): 7, (11, 18): -12, (11, 17): -14, (11, 16): -2, (11, 15): 3, (11, 14): -12, (11, 12): -3, (12, 19): -8, (12, 18): -13, (12, 17): -8, (12, 15): -8, (12, 14): -14, (12, 13): 8, (13, 17): -3, (13, 16): 8, (13, 15): -6, (14, 19): 9, (14, 18): -7, (14, 17): -7, (14, 16): 11, (15, 19): -1, (15, 18): 6, (15, 17): 9, (16, 18): 3, (16, 17): -13, (18, 19): -10}
test1

{}
   1 19 17 16 15 14 13 12 11  7  6  5  4  3  2 18  8  9 10 energy num_oc.
0 +1 -1 -1 -1 -1 +1 +1 -1 +1 +1 +1 +1 -1 +1 +1 +1 +1 -1 +1 -361.0      15
1 -1 +1 +1 +1 +1 -1 -1 +1 -1 -1 -1 -1 +1 -1 -1 -1 -1 +1 -1 -361.0      20
2 -1 -1 -1 -1 -1 +1 +1 +1 +1 +1 +1 +1 +1 +1 +1 +1 +1 -1 +1 -355.0       3
3 +1 +1 +1 +1 +1 -1 -1 -1 -1 -1 -1 -1 -1 -1 -1 -1 -1 +1 -1 -355.0       1
4 -1 +1 -1 -1 +1 +1 +1 +1 +1 +1 +1 -1 -1 +1 -1 +1 -1 -1 +1 -351.0       3
5 +1 -1 +1 +1 -1 -1 -1 -1 -1 -1 -1 +1 +1 -1 +1 -1 +1 +1 -1 -351.0      13
['SPIN', 6 rows, 55 samples, 19 variables]
energies=[-361.0, -361.0, -355.0, -355.0, -351.0, -351.0]
