Sample 0:-156
Sample 1:-152
Sample 2:-6
Sample 3:-130
Sample 4:-138
Sample 5:62
Sample 6:-190
Sample 7:-184
Sample 8:-124
Sample 9:-168
Sample 10:-190
Sample 11:-160
Sample 12:-210
Sample 13:-224
Sample 14:-174
Sample 15:-210
Sample 16:-188
Sample 17:-154
Sample 18:-64
Sample 19:-88
Sample 20:-176
Sample 21:-188
Sample 22:-118
Sample 23:-224
Sample 24:-230
Sample 25:-106
Sample 26:-152
Sample 27:-180
Sample 28:-124
Sample 29:2
Sample 30:-154
Sample 31:-254
Sample 32:-28
Sample 33:-196
Sample 34:-102
Sample 35:-196
Sample 36:-196
Sample 37:-2
Sample 38:-142
Sample 39:-36
Sample 40:-166
Sample 41:-192
Sample 42:-112
Sample 43:-196
Sample 44:-84
Sample 45:-192
Sample 46:-212
Sample 47:-90
Sample 48:-130
Sample 49:-190
Sample 50:-160
Sample 51:-130
Sample 52:-266
Sample 53:-202
Sample 54:-204
Sample 55:-190
Sample 56:-54
Sample 57:-126
Sample 58:-190
Sample 59:-212
Sample 60:-152
Sample 61:-146
Sample 62:-166
Sample 63:-178
Sample 64:-156
Sample 65:-158
Sample 66:-138
Sample 67:-104
Sample 68:-174
Sample 69:-118
Sample 70:-174
Sample 71:-146
Sample 72:-198
Sample 73:-248
Sample 74:-140
Sample 75:-206
Sample 76:-42
Sample 77:-154
Sample 78:-158
Sample 79:-228
Sample 80:-184
Sample 81:-204
Sample 82:-156
Sample 83:-196
Sample 84:-206
Sample 85:-158
Sample 86:-186
Sample 87:-204
Sample 88:-156
Sample 89:-62
Sample 90:-92
Sample 91:-190
Sample 92:-84
Sample 93:-116
Sample 94:-212
Sample 95:-190
Sample 96:-150
Sample 97:-108
Sample 98:-192
Sample 99:-50
Best Ham: -266
Sucess Probability: 64
Ham Average: -152.28
