Sample 0:-478
Sample 1:-418
Sample 2:-436
Sample 3:-480
Sample 4:-268
Sample 5:-484
Sample 6:-172
Sample 7:-70
Sample 8:-484
Sample 9:-436
Sample 10:-458
Sample 11:-308
Sample 12:-490
Sample 13:-504
Sample 14:-532
Sample 15:-456
Sample 16:-364
Sample 17:-458
Sample 18:-226
Sample 19:-72
Sample 20:-458
Sample 21:-480
Sample 22:-522
Sample 23:-364
Sample 24:-434
Sample 25:-346
Sample 26:-480
Sample 27:-528
Sample 28:-396
Sample 29:-528
Sample 30:-480
Sample 31:-480
Sample 32:-456
Sample 33:-468
Sample 34:-498
Sample 35:-456
Sample 36:-528
Sample 37:130
Sample 38:-490
Sample 39:-468
Sample 40:70
Sample 41:-480
Sample 42:-168
Sample 43:-418
Sample 44:-352
Sample 45:-436
Sample 46:-418
Sample 47:-444
Sample 48:-458
Sample 49:-456
Sample 50:30
Sample 51:-458
Sample 52:-412
Sample 53:-448
Sample 54:-20
Sample 55:-436
Sample 56:-530
Sample 57:-464
Sample 58:-418
Sample 59:-424
Sample 60:-412
Sample 61:-458
Sample 62:-436
Sample 63:-212
Sample 64:-464
Sample 65:-464
Sample 66:-456
Sample 67:-394
Sample 68:-500
Sample 69:-380
Sample 70:-18
Sample 71:-446
Sample 72:-480
Sample 73:-452
Sample 74:8
Sample 75:-520
Sample 76:-474
Sample 77:-470
Sample 78:-396
Sample 79:-480
Sample 80:-484
Sample 81:-404
Sample 82:-480
Sample 83:-518
Sample 84:-488
Sample 85:-474
Sample 86:-396
Sample 87:-254
Sample 88:-458
Sample 89:-458
Sample 90:-456
Sample 91:-396
Sample 92:-474
Sample 93:-440
Sample 94:-458
Sample 95:-464
Sample 96:-396
Sample 97:-110
Sample 98:-532
Sample 99:-474
Best Ham: -532
Sucess Probability: 91
Ham Average: -399.82
