Sample 0:-108
Sample 1:-142
Sample 2:-108
Sample 3:-142
Sample 4:-106
Sample 5:-128
Sample 6:-24
Sample 7:-82
Sample 8:-112
Sample 9:-90
Sample 10:-82
Sample 11:-142
Sample 12:-82
Sample 13:-112
Sample 14:-116
Sample 15:-112
Sample 16:-142
Sample 17:-128
Sample 18:-142
Sample 19:-112
Sample 20:-128
Sample 21:-116
Sample 22:-112
Sample 23:-82
Sample 24:-108
Sample 25:-112
Sample 26:-106
Sample 27:-116
Sample 28:-50
Sample 29:-142
Sample 30:-82
Sample 31:-112
Sample 32:-116
Sample 33:-108
Sample 34:-116
Sample 35:-128
Sample 36:-142
Sample 37:-18
Sample 38:-142
Sample 39:-142
Sample 40:-80
Sample 41:-112
Sample 42:-142
Sample 43:-108
Sample 44:-68
Sample 45:-82
Sample 46:-112
Sample 47:-82
Sample 48:-108
Sample 49:-106
Sample 50:-106
Sample 51:-112
Sample 52:-142
Sample 53:-142
Sample 54:-142
Sample 55:-142
Sample 56:-82
Sample 57:-82
Sample 58:-106
Sample 59:-82
Sample 60:26
Sample 61:-142
Sample 62:-116
Sample 63:-116
Sample 64:-142
Sample 65:-112
Sample 66:-82
Sample 67:-108
Sample 68:-128
Sample 69:-106
Sample 70:-108
Sample 71:-142
Sample 72:-82
Sample 73:-90
Sample 74:-112
Sample 75:-8
Sample 76:-116
Sample 77:-90
Sample 78:-106
Sample 79:-82
Sample 80:-116
Sample 81:-116
Sample 82:-142
Sample 83:-8
Sample 84:-116
Sample 85:-116
Sample 86:-106
Sample 87:-142
Sample 88:-116
Sample 89:-106
Sample 90:-82
Sample 91:-108
Sample 92:-112
Sample 93:-108
Sample 94:-112
Sample 95:-112
Sample 96:-142
Sample 97:-112
Sample 98:-128
Sample 99:-116
Best Ham: -142
Sucess Probability: 0
Ham Average: -107.06
