[[1 0 0 ... 0 0 7]
 [1 0 0 ... 0 7 0]
 [1 0 0 ... 7 0 0]
 ...
 [1 3 7 ... 0 0 0]
 [1 7 2 ... 0 0 0]
 [7 1 1 ... 1 1 1]]
2
test

{(1, 11): -5, (1, 9): -10, (1, 8): 8, (1, 6): -13, (1, 4): 14, (1, 3): 11, (1, 2): -5, (2, 11): -11, (2, 10): -13, (2, 9): -11, (2, 8): -5, (2, 7): 11, (2, 6): 13, (2, 5): 4, (2, 4): 2, (2, 3): 14, (3, 5): -3, (4, 11): -4, (4, 10): -8, (4, 8): -13, (4, 6): 8, (4, 5): -5, (5, 11): -2, (5, 10): -2, (5, 9): 10, (5, 8): 11, (6, 8): -8, (7, 11): 8, (7, 10): 2, (7, 8): -9, (8, 10): 14, (8, 9): -3, (10, 11): 6}
test1

{}
   1 11  9  8  6  4  3  2 10  7  5 energy num_oc.
0 +1 +1 +1 -1 -1 -1 -1 +1 +1 -1 -1 -142.0      16
1 -1 -1 -1 +1 +1 +1 +1 -1 -1 +1 +1 -142.0      19
2 +1 +1 +1 -1 +1 -1 -1 +1 +1 -1 -1 -142.0       3
3 -1 -1 -1 +1 -1 +1 +1 -1 -1 +1 +1 -142.0      11
4 -1 -1 -1 -1 -1 +1 +1 -1 +1 +1 +1 -138.0       1
5 +1 +1 +1 +1 +1 -1 -1 +1 -1 -1 -1 -138.0       3
['SPIN', 6 rows, 53 samples, 11 variables]
energies=[-142.0, -142.0, -142.0, -142.0, -138.0, -138.0]
