[[ 1  0  0 ...  0  0  7]
 [ 1  0  0 ...  0  7  0]
 [ 1  0  0 ...  7  0  0]
 ...
 [ 1 -6  7 ...  0  0  0]
 [ 1  7 -7 ...  0  0  0]
 [ 7  1  1 ...  1  1  1]]
-7
test

{(1, 33): -13, (1, 32): 3, (1, 31): 6, (1, 29): 11, (1, 27): 9, (1, 26): 5, (1, 25): 12, (1, 24): -10, (1, 22): 4, (1, 20): -14, (1, 18): -3, (1, 12): 7, (1, 11): 8, (1, 9): -12, (1, 8): 14, (1, 6): 9, (1, 5): -2, (1, 2): 13, (2, 34): 2, (2, 30): 4, (2, 25): -2, (2, 23): -11, (2, 19): 6, (2, 17): 10, (2, 16): 5, (2, 11): -13, (2, 10): -11, (2, 9): -1, (2, 7): -8, (2, 6): 14, (2, 4): 6, (2, 3): -6, (3, 32): -5, (3, 31): 9, (3, 30): 5, (3, 28): 9, (3, 27): -7, (3, 26): -11, (3, 25): -2, (3, 24): 1, (3, 23): -14, (3, 22): -6, (3, 21): 12, (3, 20): 4, (3, 16): 10, (3, 14): 6, (3, 13): -8, (3, 12): -5, (3, 11): 5, (3, 7): 7, (3, 6): -6, (4, 34): 2, (4, 33): -8, (4, 32): -7, (4, 31): 7, (4, 30): -4, (4, 29): -1, (4, 26): -5, (4, 22): 4, (4, 20): 14, (4, 19): -8, (4, 17): 11, (4, 15): 7, (4, 14): -8, (4, 13): -13, (4, 11): 3, (4, 10): 5, (4, 9): 1, (4, 7): 2, (5, 33): 14, (5, 30): 1, (5, 29): 9, (5, 28): -10, (5, 26): 3, (5, 25): -6, (5, 24): -6, (5, 23): 2, (5, 22): -12, (5, 21): 13, (5, 19): -1, (5, 17): 4, (5, 16): -6, (5, 15): -12, (5, 12): -7, (5, 10): -1, (6, 34): 4, (6, 33): 6, (6, 29): -13, (6, 28): -1, (6, 18): 9, (6, 16): 3, (6, 13): -10, (6, 8): -13, (7, 34): -14, (7, 31): -3, (7, 30): -5, (7, 29): -6, (7, 28): -4, (7, 25): -14, (7, 14): -6, (7, 12): -14, (7, 11): 10, (8, 30): -10, (8, 29): 9, (8, 28): -1, (8, 21): -12, (8, 19): -1, (8, 18): 10, (8, 17): 14, (8, 14): -13, (8, 13): -9, (9, 31): 4, (9, 30): 6, (9, 27): -7, (9, 25): 5, (9, 24): 6, (9, 21): -6, (9, 19): 9, (9, 18): -2, (9, 16): -14, (9, 15): 13, (9, 14): 2, (9, 12): 11, (9, 11): -4, (9, 10): -3, (10, 31): -14, (10, 29): 6, (10, 28): -8, (10, 24): -8, (10, 23): -9, (10, 22): -7, (10, 21): 13, (10, 19): 2, (10, 18): 1, (10, 17): 2, (10, 16): 5, (10, 12): 3, (11, 33): -7, (11, 32): -6, (11, 31): -12, (11, 30): -13, (11, 28): -8, (11, 27): -7, (11, 26): -1, (11, 24): 9, (11, 23): 8, (11, 22): 7, (11, 21): 14, (11, 20): -3, (11, 19): -7, (11, 17): 7, (11, 16): -5, (11, 15): 13, (11, 13): -8, (11, 12): -1, (12, 34): 10, (12, 33): -7, (12, 32): -7, (12, 31): 13, (12, 28): 4, (12, 27): 7, (12, 26): -10, (12, 21): -3, (12, 20): -12, (12, 17): -14, (12, 15): -13, (13, 33): 3, (13, 30): -4, (13, 25): 11, (13, 24): 12, (13, 23): 12, (13, 20): 1, (13, 19): 1, (13, 18): 11, (13, 16): 13, (13, 15): -6, (14, 34): -13, (14, 33): -13, (14, 32): 9, (14, 31): 8, (14, 30): -14, (14, 25): -4, (14, 23): 2, (14, 22): 11, (14, 21): 11, (14, 20): 5, (14, 19): 1, (15, 32): 5, (15, 31): 14, (15, 29): -7, (15, 27): -10, (15, 26): -12, (15, 23): -11, (15, 22): 7, (15, 21): 10, (15, 20): 14, (15, 17): -1, (16, 34): -12, (16, 32): -6, (16, 31): -10, (16, 25): -9, (16, 22): -6, (16, 21): 12, (16, 17): -3, (17, 34): -4, (17, 33): 6, (17, 32): -13, (17, 30): -1, (17, 29): -4, (17, 26): -10, (17, 24): 9, (17, 20): -3, (17, 19): -14, (17, 18): 1, (18, 34): 4, (18, 33): 4, (18, 32): -4, (18, 31): 14, (18, 30): -5, (18, 29): 8, (18, 27): 14, (18, 20): 4, (19, 34): 8, (19, 33): 8, (19, 30): 12, (19, 24): -5, (19, 23): -1, (19, 22): -2, (19, 20): 12, (20, 34): 1, (20, 32): -10, (20, 31): 8, (20, 30): -12, (20, 26): -2, (20, 24): 3, (20, 23): 9, (20, 21): 12, (21, 32): -14, (21, 29): 9, (21, 28): 8, (21, 25): -12, (21, 24): 4, (21, 22): -13, (22, 33): 10, (22, 29): 7, (22, 27): -13, (22, 26): 7, (22, 24): -12, (23, 34): 12, (23, 32): 12, (23, 29): -10, (23, 27): -13, (23, 25): 13, (24, 34): -7, (24, 33): 13, (24, 26): -5, (24, 25): -3, (25, 31): -3, (25, 28): -3, (26, 32): -9, (26, 30): 12, (26, 28): -10, (26, 27): -10, (27, 33): 13, (27, 32): 13, (27, 31): -6, (27, 29): 14, (28, 34): -1, (28, 33): 2, (28, 30): 2, (28, 29): -6, (29, 32): 9, (29, 31): 13, (29, 30): -5, (30, 34): -14, (30, 33): -13, (30, 32): 8, (30, 31): 7, (31, 33): 9, (32, 34): -3, (32, 33): 13}
test1

{}
   1 33 32 31 29 27 26 25 24 22 20 18 12 11  9  8  6  5 ... 15 energy num_oc.
0 -1 -1 +1 -1 +1 +1 +1 -1 -1 +1 -1 -1 +1 -1 -1 +1 +1 -1 ... +1 -823.0      17
1 -1 -1 +1 +1 -1 +1 +1 +1 +1 +1 -1 +1 +1 -1 -1 -1 -1 +1 ... +1 -823.0       3
2 +1 +1 -1 -1 +1 -1 -1 -1 -1 -1 +1 -1 -1 +1 +1 +1 +1 -1 ... -1 -823.0       6
3 +1 +1 -1 +1 -1 -1 -1 +1 +1 -1 +1 +1 -1 +1 +1 -1 -1 +1 ... -1 -823.0      25
4 -1 -1 -1 +1 -1 +1 +1 -1 +1 +1 -1 -1 -1 +1 -1 +1 +1 +1 ... +1 -819.0       1
['SPIN', 5 rows, 52 samples, 34 variables]
energies=[-823.0, -823.0, -823.0, -823.0, -819.0]
