Sample 0:-966
Sample 1:-966
Sample 2:-966
Sample 3:-966
Sample 4:-966
Sample 5:-966
Sample 6:-966
Sample 7:-966
Sample 8:-966
Sample 9:-966
Sample 10:-966
Sample 11:-966
Sample 12:-966
Sample 13:-966
Sample 14:-966
Sample 15:-966
Sample 16:-966
Sample 17:-966
Sample 18:-966
Sample 19:-966
Sample 20:-966
Sample 21:-966
Sample 22:-966
Sample 23:-966
Sample 24:-966
Sample 25:-966
Sample 26:-966
Sample 27:-966
Sample 28:-966
Sample 29:-966
Sample 30:-966
Sample 31:-966
Sample 32:-966
Sample 33:-966
Sample 34:-966
Sample 35:-966
Sample 36:-966
Sample 37:-966
Sample 38:-966
Sample 39:-966
Sample 40:-966
Sample 41:166
Sample 42:-966
Sample 43:-966
Sample 44:-966
Sample 45:-966
Sample 46:-966
Sample 47:-966
Sample 48:-966
Sample 49:-966
Sample 50:-966
Sample 51:-966
Sample 52:-966
Sample 53:-966
Sample 54:-966
Sample 55:-966
Sample 56:-966
Sample 57:-966
Sample 58:-966
Sample 59:-966
Sample 60:-966
Sample 61:-966
Sample 62:-966
Sample 63:-966
Sample 64:-966
Sample 65:-966
Sample 66:-966
Sample 67:-966
Sample 68:-966
Sample 69:-966
Sample 70:-966
Sample 71:-966
Sample 72:-966
Sample 73:-966
Sample 74:-966
Sample 75:-966
Sample 76:-966
Sample 77:-966
Sample 78:-966
Sample 79:-966
Sample 80:-966
Sample 81:-966
Sample 82:-966
Sample 83:-966
Sample 84:-966
Sample 85:-966
Sample 86:-966
Sample 87:-966
Sample 88:-966
Sample 89:-966
Sample 90:-966
Sample 91:-966
Sample 92:-966
Sample 93:-966
Sample 94:-966
Sample 95:-966
Sample 96:-966
Sample 97:-966
Sample 98:-966
Sample 99:-966
Best Ham: -966
Sucess Probability: 99
Ham Average: -954.68
