[[1 0 0 ... 0 0 7]
 [1 0 0 ... 0 7 0]
 [1 0 0 ... 7 0 0]
 ...
 [1 4 7 ... 0 0 0]
 [1 7 3 ... 0 0 0]
 [7 1 1 ... 1 1 1]]
3
test

{(1, 29): 11, (1, 28): 7, (1, 26): -13, (1, 25): 13, (1, 24): -11, (1, 23): -6, (1, 22): -4, (1, 21): -10, (1, 20): -3, (1, 19): -11, (1, 18): -9, (1, 17): 2, (1, 16): -14, (1, 14): 11, (1, 11): -5, (1, 10): 4, (1, 6): -2, (1, 5): 9, (1, 4): -4, (1, 3): 5, (1, 2): -7, (2, 29): -2, (2, 28): 3, (2, 24): -6, (2, 22): -1, (2, 21): -3, (2, 20): 5, (2, 19): 4, (2, 18): -7, (2, 17): -1, (2, 15): 14, (2, 13): -5, (2, 11): -8, (2, 9): -14, (2, 7): 8, (2, 6): -4, (2, 5): 3, (2, 4): 2, (2, 3): 10, (3, 28): -13, (3, 26): -3, (3, 24): -2, (3, 19): -12, (3, 17): 12, (3, 11): 8, (3, 10): 13, (3, 7): 8, (3, 6): -13, (3, 5): 7, (3, 4): 8, (4, 29): 11, (4, 27): 2, (4, 26): -14, (4, 25): 9, (4, 24): 3, (4, 22): 3, (4, 21): 7, (4, 20): 12, (4, 18): 12, (4, 17): -5, (4, 15): -4, (4, 14): 3, (4, 13): 8, (4, 10): 9, (4, 8): 8, (4, 7): -10, (5, 29): -11, (5, 28): -7, (5, 27): 11, (5, 26): -7, (5, 24): 7, (5, 23): -1, (5, 21): 2, (5, 19): 11, (5, 18): 14, (5, 17): 2, (5, 16): -6, (5, 15): 7, (5, 13): 11, (5, 12): -6, (5, 11): -3, (5, 10): -4, (5, 9): -10, (5, 8): 13, (5, 7): -11, (5, 6): 9, (6, 29): -12, (6, 28): -4, (6, 26): -1, (6, 25): -9, (6, 15): 8, (6, 14): 9, (6, 13): -6, (6, 12): -1, (6, 10): -12, (6, 7): 3, (7, 29): 1, (7, 28): -11, (7, 27): 3, (7, 26): -12, (7, 23): -10, (7, 21): -7, (7, 20): 2, (7, 15): 11, (7, 14): -12, (7, 13): 4, (7, 11): -13, (7, 10): -11, (7, 9): -6, (7, 8): 5, (8, 29): 8, (8, 28): -2, (8, 27): 8, (8, 25): 9, (8, 24): 13, (8, 21): 3, (8, 20): -12, (8, 19): 9, (8, 18): 9, (8, 15): 2, (8, 14): 9, (8, 11): 13, (8, 10): -14, (8, 9): 4, (9, 29): -7, (9, 23): 9, (9, 22): 3, (9, 21): -14, (9, 20): -13, (9, 17): 5, (9, 15): 6, (9, 12): -4, (9, 10): 4, (10, 27): -12, (10, 26): -7, (10, 25): 12, (10, 24): -5, (10, 22): -11, (10, 20): 6, (10, 19): 12, (10, 18): -1, (10, 17): -4, (10, 14): -10, (10, 13): 2, (10, 12): 7, (10, 11): 14, (11, 29): 1, (11, 27): 11, (11, 26): 3, (11, 24): -5, (11, 23): -8, (11, 22): 4, (11, 21): -13, (11, 18): 13, (11, 17): -3, (11, 15): 11, (11, 14): 13, (11, 13): -4, (11, 12): 2, (12, 29): 11, (12, 27): 12, (12, 26): -2, (12, 25): -14, (12, 22): -8, (12, 19): -5, (12, 17): 2, (12, 15): -10, (12, 14): 9, (12, 13): 5, (13, 29): 13, (13, 28): 2, (13, 27): -5, (13, 25): -2, (13, 22): 1, (13, 21): 12, (13, 17): 8, (13, 16): -8, (13, 15): 3, (14, 29): -10, (14, 28): -13, (14, 26): 12, (14, 24): 13, (14, 19): 6, (14, 18): -4, (14, 16): 3, (14, 15): -12, (15, 28): 7, (15, 27): 11, (15, 26): 4, (15, 25): -6, (15, 24): -10, (15, 22): 2, (15, 21): 9, (15, 20): -3, (15, 18): -1, (15, 17): -7, (16, 28): 1, (16, 25): 9, (16, 24): 10, (16, 21): -13, (16, 19): 9, (16, 18): -8, (16, 17): 13, (17, 29): 3, (17, 28): -7, (17, 27): -6, (17, 26): -3, (17, 25): -6, (17, 22): -4, (17, 19): 3, (18, 28): -1, (18, 27): 4, (18, 24): -7, (18, 23): 11, (18, 22): -9, (18, 21): -7, (18, 20): 9, (18, 19): -5, (19, 29): -5, (19, 26): -6, (19, 20): -1, (20, 28): 1, (20, 25): 6, (20, 24): -14, (20, 21): 4, (21, 28): -11, (21, 26): 3, (21, 24): 5, (22, 29): -3, (22, 28): 2, (22, 27): -10, (22, 23): -8, (23, 29): 14, (23, 28): 11, (23, 27): -9, (23, 25): 12, (23, 24): 14, (24, 29): 4, (25, 29): -11, (25, 26): -1, (26, 29): 9, (26, 28): -9, (27, 29): -6, (28, 29): 13}
test1

{}
   1 29 28 26 25 24 23 22 21 20 19 18 17 16 14 11 10  6 ... 12 energy num_oc.
0 -1 -1 +1 +1 -1 -1 +1 +1 -1 -1 -1 -1 +1 -1 +1 -1 +1 -1 ... -1 -647.0      16
1 -1 -1 +1 +1 -1 -1 +1 +1 -1 -1 -1 -1 +1 -1 +1 -1 +1 -1 ... -1 -647.0       6
2 +1 +1 -1 -1 +1 +1 -1 -1 +1 +1 +1 +1 -1 +1 -1 +1 -1 +1 ... +1 -647.0       2
3 +1 +1 -1 -1 +1 +1 -1 -1 +1 +1 +1 +1 -1 +1 -1 +1 -1 +1 ... +1 -647.0      26
4 -1 +1 -1 -1 +1 +1 -1 +1 -1 +1 -1 +1 +1 -1 +1 -1 +1 +1 ... -1 -633.0       2
['SPIN', 5 rows, 52 samples, 29 variables]
energies=[-647.0, -647.0, -647.0, -647.0, -633.0]
